[2025-03-09T06:57:24.072+0000] {taskinstance.py:1125} INFO - Dependencies all met for dep_context=non-requeueable deps ti=<TaskInstance: 3-Procesar_penguins_data.get_raw_data manual__2025-03-09T06:57:22.856791+00:00 [queued]>
[2025-03-09T06:57:24.078+0000] {taskinstance.py:1125} INFO - Dependencies all met for dep_context=requeueable deps ti=<TaskInstance: 3-Procesar_penguins_data.get_raw_data manual__2025-03-09T06:57:22.856791+00:00 [queued]>
[2025-03-09T06:57:24.079+0000] {taskinstance.py:1331} INFO - Starting attempt 1 of 1
[2025-03-09T06:57:24.088+0000] {taskinstance.py:1350} INFO - Executing <Task(PythonOperator): get_raw_data> on 2025-03-09 06:57:22.856791+00:00
[2025-03-09T06:57:24.093+0000] {standard_task_runner.py:57} INFO - Started process 1924 to run task
[2025-03-09T06:57:24.097+0000] {standard_task_runner.py:84} INFO - Running: ['***', 'tasks', 'run', '3-Procesar_penguins_data', 'get_raw_data', 'manual__2025-03-09T06:57:22.856791+00:00', '--job-id', '41', '--raw', '--subdir', 'DAGS_FOLDER/Procesa_data.py', '--cfg-path', '/tmp/tmpmcagt_lm']
[2025-03-09T06:57:24.100+0000] {standard_task_runner.py:85} INFO - Job 41: Subtask get_raw_data
[2025-03-09T06:57:24.142+0000] {task_command.py:410} INFO - Running <TaskInstance: 3-Procesar_penguins_data.get_raw_data manual__2025-03-09T06:57:22.856791+00:00 [running]> on host 2e759f21ee59
[2025-03-09T06:57:24.217+0000] {taskinstance.py:1570} INFO - Exporting env vars: AIRFLOW_CTX_DAG_OWNER='***' AIRFLOW_CTX_DAG_ID='3-Procesar_penguins_data' AIRFLOW_CTX_TASK_ID='get_raw_data' AIRFLOW_CTX_EXECUTION_DATE='2025-03-09T06:57:22.856791+00:00' AIRFLOW_CTX_TRY_NUMBER='1' AIRFLOW_CTX_DAG_RUN_ID='manual__2025-03-09T06:57:22.856791+00:00'
[2025-03-09T06:57:24.220+0000] {crypto.py:83} WARNING - empty cryptography key - values will not be stored encrypted.
[2025-03-09T06:57:24.220+0000] {base.py:73} INFO - Using connection ID 'mysql_default' for task execution.
[2025-03-09T06:57:24.241+0000] {logging_mixin.py:149} INFO - Datos obtenidos de la base de datos. Filas: 344
[2025-03-09T06:57:24.243+0000] {logging_mixin.py:149} INFO - Tipos de datos: 
species               object
island                object
culmen_length_mm     float64
culmen_depth_mm      float64
flipper_length_mm      int64
body_mass_g            int64
sex                   object
dtype: object
[2025-03-09T06:57:24.343+0000] {logging_mixin.py:149} INFO -     species     island  ...  body_mass_g     sex
0    Adelie  Torgersen  ...         3750    MALE
1    Adelie  Torgersen  ...         3800  FEMALE
2    Adelie  Torgersen  ...         3250  FEMALE
3    Adelie  Torgersen  ...            0    None
4    Adelie  Torgersen  ...         3450  FEMALE
..      ...        ...  ...          ...     ...
339  Gentoo     Biscoe  ...            0    None
340  Gentoo     Biscoe  ...         4850  FEMALE
341  Gentoo     Biscoe  ...         5750    MALE
342  Gentoo     Biscoe  ...         5200  FEMALE
343  Gentoo     Biscoe  ...         5400    MALE

[344 rows x 7 columns]
[2025-03-09T06:57:24.343+0000] {python.py:183} INFO - Done. Returned value was:     species     island  ...  body_mass_g     sex
0    Adelie  Torgersen  ...         3750    MALE
1    Adelie  Torgersen  ...         3800  FEMALE
2    Adelie  Torgersen  ...         3250  FEMALE
3    Adelie  Torgersen  ...            0    None
4    Adelie  Torgersen  ...         3450  FEMALE
..      ...        ...  ...          ...     ...
339  Gentoo     Biscoe  ...            0    None
340  Gentoo     Biscoe  ...         4850  FEMALE
341  Gentoo     Biscoe  ...         5750    MALE
342  Gentoo     Biscoe  ...         5200  FEMALE
343  Gentoo     Biscoe  ...         5400    MALE

[344 rows x 7 columns]
[2025-03-09T06:57:24.375+0000] {taskinstance.py:1373} INFO - Marking task as SUCCESS. dag_id=3-Procesar_penguins_data, task_id=get_raw_data, execution_date=20250309T065722, start_date=20250309T065724, end_date=20250309T065724
[2025-03-09T06:57:24.391+0000] {local_task_job_runner.py:232} INFO - Task exited with return code 0
[2025-03-09T06:57:24.408+0000] {taskinstance.py:2674} INFO - 1 downstream tasks scheduled from follow-on schedule check
