[2025-03-09T00:45:46.424+0000] {taskinstance.py:1125} INFO - Dependencies all met for dep_context=non-requeueable deps ti=<TaskInstance: load_penguins_data.load_penguins_data manual__2025-03-09T00:45:43.461047+00:00 [queued]>
[2025-03-09T00:45:46.429+0000] {taskinstance.py:1125} INFO - Dependencies all met for dep_context=requeueable deps ti=<TaskInstance: load_penguins_data.load_penguins_data manual__2025-03-09T00:45:43.461047+00:00 [queued]>
[2025-03-09T00:45:46.429+0000] {taskinstance.py:1331} INFO - Starting attempt 1 of 2
[2025-03-09T00:45:46.436+0000] {taskinstance.py:1350} INFO - Executing <Task(PythonOperator): load_penguins_data> on 2025-03-09 00:45:43.461047+00:00
[2025-03-09T00:45:46.438+0000] {standard_task_runner.py:57} INFO - Started process 1043 to run task
[2025-03-09T00:45:46.440+0000] {standard_task_runner.py:84} INFO - Running: ['***', 'tasks', 'run', 'load_penguins_data', 'load_penguins_data', 'manual__2025-03-09T00:45:43.461047+00:00', '--job-id', '54', '--raw', '--subdir', 'DAGS_FOLDER/Cargar_datos.py', '--cfg-path', '/tmp/tmpel9fscm1']
[2025-03-09T00:45:46.442+0000] {standard_task_runner.py:85} INFO - Job 54: Subtask load_penguins_data
[2025-03-09T00:45:46.469+0000] {task_command.py:410} INFO - Running <TaskInstance: load_penguins_data.load_penguins_data manual__2025-03-09T00:45:43.461047+00:00 [running]> on host de40e2ed39bc
[2025-03-09T00:45:46.521+0000] {taskinstance.py:1570} INFO - Exporting env vars: AIRFLOW_CTX_DAG_OWNER='***' AIRFLOW_CTX_DAG_ID='load_penguins_data' AIRFLOW_CTX_TASK_ID='load_penguins_data' AIRFLOW_CTX_EXECUTION_DATE='2025-03-09T00:45:43.461047+00:00' AIRFLOW_CTX_TRY_NUMBER='1' AIRFLOW_CTX_DAG_RUN_ID='manual__2025-03-09T00:45:43.461047+00:00'
[2025-03-09T00:45:46.522+0000] {logging_mixin.py:149} INFO - Cargando datos de penguins desde /opt/***/data/penguins_size.csv a la tabla penguins...
[2025-03-09T00:45:46.525+0000] {logging_mixin.py:149} INFO - CSV cargado en dataframe, filas: 344
[2025-03-09T00:45:46.526+0000] {crypto.py:83} WARNING - empty cryptography key - values will not be stored encrypted.
[2025-03-09T00:45:46.526+0000] {base.py:73} INFO - Using connection ID 'mysql_default' for task execution.
[2025-03-09T00:45:46.564+0000] {base.py:73} INFO - Using connection ID 'mysql_default' for task execution.
[2025-03-09T00:45:46.568+0000] {sql.py:375} INFO - Running statement: SELECT COUNT(*) FROM ***_db.penguins, parameters: None
[2025-03-09T00:45:46.569+0000] {sql.py:384} INFO - Rows affected: 1
[2025-03-09T00:45:46.569+0000] {logging_mixin.py:149} INFO - Carga completada. Total de registros en la tabla: 688
[2025-03-09T00:45:46.570+0000] {python.py:183} INFO - Done. Returned value was: 688
[2025-03-09T00:45:46.585+0000] {taskinstance.py:1373} INFO - Marking task as SUCCESS. dag_id=load_penguins_data, task_id=load_penguins_data, execution_date=20250309T004543, start_date=20250309T004546, end_date=20250309T004546
[2025-03-09T00:45:46.612+0000] {local_task_job_runner.py:232} INFO - Task exited with return code 0
[2025-03-09T00:45:46.622+0000] {taskinstance.py:2674} INFO - 0 downstream tasks scheduled from follow-on schedule check
