[2025-04-08T17:02:52.834+0000] {local_task_job_runner.py:123} INFO - ::group::Pre task execution logs
[2025-04-08T17:02:53.954+0000] {taskinstance.py:2614} INFO - Dependencies all met for dep_context=non-requeueable deps ti=<TaskInstance: 2-Cargar_data.decide_next_task manual__2025-04-08T17:02:42.380415+00:00 [queued]>
[2025-04-08T17:02:54.011+0000] {taskinstance.py:2614} INFO - Dependencies all met for dep_context=requeueable deps ti=<TaskInstance: 2-Cargar_data.decide_next_task manual__2025-04-08T17:02:42.380415+00:00 [queued]>
[2025-04-08T17:02:54.011+0000] {taskinstance.py:2867} INFO - Starting attempt 1 of 1
[2025-04-08T17:02:54.101+0000] {taskinstance.py:2890} INFO - Executing <Task(BranchPythonOperator): decide_next_task> on 2025-04-08 17:02:42.380415+00:00
[2025-04-08T17:02:54.162+0000] {standard_task_runner.py:72} INFO - Started process 311 to run task
[2025-04-08T17:02:54.192+0000] {standard_task_runner.py:104} INFO - Running: ['***', 'tasks', 'run', '2-Cargar_data', 'decide_next_task', 'manual__2025-04-08T17:02:42.380415+00:00', '--job-id', '33', '--raw', '--subdir', 'DAGS_FOLDER/Cargar_datos.py', '--cfg-path', '/tmp/tmpltgp_uuj']
[2025-04-08T17:02:54.311+0000] {standard_task_runner.py:105} INFO - Job 33: Subtask decide_next_task
[2025-04-08T17:02:54.649+0000] {task_command.py:467} INFO - Running <TaskInstance: 2-Cargar_data.decide_next_task manual__2025-04-08T17:02:42.380415+00:00 [running]> on host f44e17a0708c
[2025-04-08T17:02:55.385+0000] {taskinstance.py:3134} INFO - Exporting env vars: AIRFLOW_CTX_DAG_OWNER='***' AIRFLOW_CTX_DAG_ID='2-Cargar_data' AIRFLOW_CTX_TASK_ID='decide_next_task' AIRFLOW_CTX_EXECUTION_DATE='2025-04-08T17:02:42.380415+00:00' AIRFLOW_CTX_TRY_NUMBER='1' AIRFLOW_CTX_DAG_RUN_ID='manual__2025-04-08T17:02:42.380415+00:00'
[2025-04-08T17:02:55.388+0000] {taskinstance.py:732} INFO - ::endgroup::
[2025-04-08T17:02:55.490+0000] {baseoperator.py:423} WARNING - BranchPythonOperator.execute cannot be called outside TaskInstance!
[2025-04-08T17:03:00.584+0000] {python.py:240} INFO - Done. Returned value was: load_data
[2025-04-08T17:03:00.588+0000] {branch.py:38} INFO - Branch into load_data
[2025-04-08T17:03:00.592+0000] {skipmixin.py:233} INFO - Following branch ('load_data',)
[2025-04-08T17:03:00.672+0000] {skipmixin.py:281} INFO - Skipping tasks [('stop_task', -1)]
[2025-04-08T17:03:00.884+0000] {taskinstance.py:341} INFO - ::group::Post task execution logs
[2025-04-08T17:03:00.887+0000] {taskinstance.py:353} INFO - Marking task as SUCCESS. dag_id=2-Cargar_data, task_id=decide_next_task, run_id=manual__2025-04-08T17:02:42.380415+00:00, execution_date=20250408T170242, start_date=20250408T170253, end_date=20250408T170300
[2025-04-08T17:03:01.404+0000] {local_task_job_runner.py:266} INFO - Task exited with return code 0
[2025-04-08T17:03:01.597+0000] {taskinstance.py:3901} INFO - 1 downstream tasks scheduled from follow-on schedule check
[2025-04-08T17:03:01.607+0000] {local_task_job_runner.py:245} INFO - ::endgroup::
