[2025-03-09T06:54:42.481+0000] {taskinstance.py:1125} INFO - Dependencies all met for dep_context=non-requeueable deps ti=<TaskInstance: 3-Procesar_penguins_data.get_raw_data manual__2025-03-09T06:54:37.684785+00:00 [queued]>
[2025-03-09T06:54:42.492+0000] {taskinstance.py:1125} INFO - Dependencies all met for dep_context=requeueable deps ti=<TaskInstance: 3-Procesar_penguins_data.get_raw_data manual__2025-03-09T06:54:37.684785+00:00 [queued]>
[2025-03-09T06:54:42.492+0000] {taskinstance.py:1331} INFO - Starting attempt 1 of 1
[2025-03-09T06:54:42.505+0000] {taskinstance.py:1350} INFO - Executing <Task(PythonOperator): get_raw_data> on 2025-03-09 06:54:37.684785+00:00
[2025-03-09T06:54:42.510+0000] {standard_task_runner.py:57} INFO - Started process 1782 to run task
[2025-03-09T06:54:42.514+0000] {standard_task_runner.py:84} INFO - Running: ['***', 'tasks', 'run', '3-Procesar_penguins_data', 'get_raw_data', 'manual__2025-03-09T06:54:37.684785+00:00', '--job-id', '38', '--raw', '--subdir', 'DAGS_FOLDER/Procesa_data.py', '--cfg-path', '/tmp/tmpfdr9g4pj']
[2025-03-09T06:54:42.516+0000] {standard_task_runner.py:85} INFO - Job 38: Subtask get_raw_data
[2025-03-09T06:54:42.557+0000] {task_command.py:410} INFO - Running <TaskInstance: 3-Procesar_penguins_data.get_raw_data manual__2025-03-09T06:54:37.684785+00:00 [running]> on host 2e759f21ee59
[2025-03-09T06:54:42.629+0000] {taskinstance.py:1570} INFO - Exporting env vars: AIRFLOW_CTX_DAG_OWNER='***' AIRFLOW_CTX_DAG_ID='3-Procesar_penguins_data' AIRFLOW_CTX_TASK_ID='get_raw_data' AIRFLOW_CTX_EXECUTION_DATE='2025-03-09T06:54:37.684785+00:00' AIRFLOW_CTX_TRY_NUMBER='1' AIRFLOW_CTX_DAG_RUN_ID='manual__2025-03-09T06:54:37.684785+00:00'
[2025-03-09T06:54:42.630+0000] {crypto.py:83} WARNING - empty cryptography key - values will not be stored encrypted.
[2025-03-09T06:54:42.631+0000] {base.py:73} INFO - Using connection ID 'mysql_default' for task execution.
[2025-03-09T06:54:42.644+0000] {taskinstance.py:1847} ERROR - Task failed with exception
Traceback (most recent call last):
  File "/home/airflow/.local/lib/python3.7/site-packages/pandas/io/sql.py", line 2056, in execute
    cur.execute(*args, **kwargs)
  File "/home/airflow/.local/lib/python3.7/site-packages/MySQLdb/cursors.py", line 206, in execute
    res = self._query(query)
  File "/home/airflow/.local/lib/python3.7/site-packages/MySQLdb/cursors.py", line 319, in _query
    db.query(q)
  File "/home/airflow/.local/lib/python3.7/site-packages/MySQLdb/connections.py", line 254, in query
    _mysql.connection.query(self, query)
MySQLdb.ProgrammingError: (1064, 'You have an error in your SQL syntax; check the manual that corresponds to your MySQL server version for the right syntax to use near \'"NA"\' at line 9')

The above exception was the direct cause of the following exception:

Traceback (most recent call last):
  File "/home/airflow/.local/lib/python3.7/site-packages/airflow/operators/python.py", line 181, in execute
    return_value = self.execute_callable()
  File "/home/airflow/.local/lib/python3.7/site-packages/airflow/operators/python.py", line 198, in execute_callable
    return self.python_callable(*self.op_args, **self.op_kwargs)
  File "/opt/airflow/dags/Procesa_data.py", line 56, in get_data_from_db
    df = mysql_hook.get_pandas_df(query)
  File "/home/airflow/.local/lib/python3.7/site-packages/airflow/providers/common/sql/hooks/sql.py", line 201, in get_pandas_df
    return psql.read_sql(sql, con=conn, params=parameters, **kwargs)
  File "/home/airflow/.local/lib/python3.7/site-packages/pandas/io/sql.py", line 608, in read_sql
    chunksize=chunksize,
  File "/home/airflow/.local/lib/python3.7/site-packages/pandas/io/sql.py", line 2116, in read_query
    cursor = self.execute(*args)
  File "/home/airflow/.local/lib/python3.7/site-packages/pandas/io/sql.py", line 2068, in execute
    raise ex from exc
pandas.io.sql.DatabaseError: Execution failed on sql '
        SELECT 
            species,
            island,
            culmen_length_mm,
            culmen_depth_mm,
            flipper_length_mm,
            body_mass_g,
            sex
        FROM ***_db.penguins Where flipper_length_mm is not "NA"
    ': (1064, 'You have an error in your SQL syntax; check the manual that corresponds to your MySQL server version for the right syntax to use near \'"NA"\' at line 9')
[2025-03-09T06:54:42.652+0000] {taskinstance.py:1373} INFO - Marking task as FAILED. dag_id=3-Procesar_penguins_data, task_id=get_raw_data, execution_date=20250309T065437, start_date=20250309T065442, end_date=20250309T065442
[2025-03-09T06:54:42.661+0000] {standard_task_runner.py:109} ERROR - Failed to execute job 38 for task get_raw_data (Execution failed on sql '
        SELECT 
            species,
            island,
            culmen_length_mm,
            culmen_depth_mm,
            flipper_length_mm,
            body_mass_g,
            sex
        FROM ***_db.penguins Where flipper_length_mm is not "NA"
    ': (1064, 'You have an error in your SQL syntax; check the manual that corresponds to your MySQL server version for the right syntax to use near \'"NA"\' at line 9'); 1782)
[2025-03-09T06:54:42.687+0000] {local_task_job_runner.py:232} INFO - Task exited with return code 1
[2025-03-09T06:54:42.715+0000] {taskinstance.py:2674} INFO - 0 downstream tasks scheduled from follow-on schedule check
