[2025-03-09T01:16:31.365+0000] {taskinstance.py:1125} INFO - Dependencies all met for dep_context=non-requeueable deps ti=<TaskInstance: preprocess_penguins_data.get_raw_data manual__2025-03-09T01:16:29.461702+00:00 [queued]>
[2025-03-09T01:16:31.374+0000] {taskinstance.py:1125} INFO - Dependencies all met for dep_context=requeueable deps ti=<TaskInstance: preprocess_penguins_data.get_raw_data manual__2025-03-09T01:16:29.461702+00:00 [queued]>
[2025-03-09T01:16:31.375+0000] {taskinstance.py:1331} INFO - Starting attempt 1 of 1
[2025-03-09T01:16:31.386+0000] {taskinstance.py:1350} INFO - Executing <Task(PythonOperator): get_raw_data> on 2025-03-09 01:16:29.461702+00:00
[2025-03-09T01:16:31.390+0000] {standard_task_runner.py:57} INFO - Started process 1589 to run task
[2025-03-09T01:16:31.394+0000] {standard_task_runner.py:84} INFO - Running: ['***', 'tasks', 'run', 'preprocess_penguins_data', 'get_raw_data', 'manual__2025-03-09T01:16:29.461702+00:00', '--job-id', '67', '--raw', '--subdir', 'DAGS_FOLDER/Procesa_data.py', '--cfg-path', '/tmp/tmpxr8v5oyr']
[2025-03-09T01:16:31.396+0000] {standard_task_runner.py:85} INFO - Job 67: Subtask get_raw_data
[2025-03-09T01:16:31.439+0000] {task_command.py:410} INFO - Running <TaskInstance: preprocess_penguins_data.get_raw_data manual__2025-03-09T01:16:29.461702+00:00 [running]> on host de40e2ed39bc
[2025-03-09T01:16:31.493+0000] {taskinstance.py:1570} INFO - Exporting env vars: AIRFLOW_CTX_DAG_OWNER='***' AIRFLOW_CTX_DAG_ID='preprocess_penguins_data' AIRFLOW_CTX_TASK_ID='get_raw_data' AIRFLOW_CTX_EXECUTION_DATE='2025-03-09T01:16:29.461702+00:00' AIRFLOW_CTX_TRY_NUMBER='1' AIRFLOW_CTX_DAG_RUN_ID='manual__2025-03-09T01:16:29.461702+00:00'
[2025-03-09T01:16:31.495+0000] {crypto.py:83} WARNING - empty cryptography key - values will not be stored encrypted.
[2025-03-09T01:16:31.495+0000] {base.py:73} INFO - Using connection ID 'mysql_default' for task execution.
[2025-03-09T01:16:31.515+0000] {logging_mixin.py:149} INFO - Datos obtenidos de la base de datos. Filas: 688
[2025-03-09T01:16:31.515+0000] {python.py:183} INFO - Done. Returned value was:       id species     island  ...  body_mass_g     sex         fecha_carga
0      1  Adelie  Torgersen  ...       3750.0    MALE 2025-03-09 00:11:46
1      2  Adelie  Torgersen  ...       3800.0  FEMALE 2025-03-09 00:11:46
2      3  Adelie  Torgersen  ...       3250.0  FEMALE 2025-03-09 00:11:46
3      4  Adelie  Torgersen  ...          NaN    None 2025-03-09 00:11:46
4      5  Adelie  Torgersen  ...       3450.0  FEMALE 2025-03-09 00:11:46
..   ...     ...        ...  ...          ...     ...                 ...
683  684  Gentoo     Biscoe  ...          NaN    None 2025-03-09 00:45:46
684  685  Gentoo     Biscoe  ...       4850.0  FEMALE 2025-03-09 00:45:46
685  686  Gentoo     Biscoe  ...       5750.0    MALE 2025-03-09 00:45:46
686  687  Gentoo     Biscoe  ...       5200.0  FEMALE 2025-03-09 00:45:46
687  688  Gentoo     Biscoe  ...       5400.0    MALE 2025-03-09 00:45:46

[688 rows x 9 columns]
[2025-03-09T01:16:31.609+0000] {taskinstance.py:1373} INFO - Marking task as SUCCESS. dag_id=preprocess_penguins_data, task_id=get_raw_data, execution_date=20250309T011629, start_date=20250309T011631, end_date=20250309T011631
[2025-03-09T01:16:31.645+0000] {local_task_job_runner.py:232} INFO - Task exited with return code 0
[2025-03-09T01:16:31.665+0000] {taskinstance.py:2674} INFO - 1 downstream tasks scheduled from follow-on schedule check
