[2025-04-02T00:00:06.287+0000] {local_task_job_runner.py:123} INFO - ::group::Pre task execution logs
[2025-04-02T00:00:07.346+0000] {taskinstance.py:2614} INFO - Dependencies all met for dep_context=non-requeueable deps ti=<TaskInstance: 2-Cargar_data.create_table scheduled__2025-04-01T00:00:00+00:00 [queued]>
[2025-04-02T00:00:07.378+0000] {taskinstance.py:2614} INFO - Dependencies all met for dep_context=requeueable deps ti=<TaskInstance: 2-Cargar_data.create_table scheduled__2025-04-01T00:00:00+00:00 [queued]>
[2025-04-02T00:00:07.379+0000] {taskinstance.py:2867} INFO - Starting attempt 1 of 1
[2025-04-02T00:00:07.449+0000] {taskinstance.py:2890} INFO - Executing <Task(PostgresOperator): create_table> on 2025-04-01 00:00:00+00:00
[2025-04-02T00:00:07.536+0000] {standard_task_runner.py:72} INFO - Started process 7049 to run task
[2025-04-02T00:00:07.551+0000] {standard_task_runner.py:104} INFO - Running: ['***', 'tasks', 'run', '2-Cargar_data', 'create_table', 'scheduled__2025-04-01T00:00:00+00:00', '--job-id', '13', '--raw', '--subdir', 'DAGS_FOLDER/Cargar_datos.py', '--cfg-path', '/tmp/tmpgy4rtnj2']
[2025-04-02T00:00:07.566+0000] {standard_task_runner.py:105} INFO - Job 13: Subtask create_table
[2025-04-02T00:00:07.841+0000] {task_command.py:467} INFO - Running <TaskInstance: 2-Cargar_data.create_table scheduled__2025-04-01T00:00:00+00:00 [running]> on host 111d26a6d12f
[2025-04-02T00:00:08.224+0000] {taskinstance.py:3134} INFO - Exporting env vars: AIRFLOW_CTX_DAG_OWNER='***' AIRFLOW_CTX_DAG_ID='2-Cargar_data' AIRFLOW_CTX_TASK_ID='create_table' AIRFLOW_CTX_EXECUTION_DATE='2025-04-01T00:00:00+00:00' AIRFLOW_CTX_TRY_NUMBER='1' AIRFLOW_CTX_DAG_RUN_ID='scheduled__2025-04-01T00:00:00+00:00'
[2025-04-02T00:00:08.226+0000] {taskinstance.py:732} INFO - ::endgroup::
[2025-04-02T00:00:08.283+0000] {sql.py:266} INFO - Executing: 
CREATE TABLE IF NOT EXISTS covertype (
    id SERIAL PRIMARY KEY,
    Elevation INT NOT NULL, 
    Aspect INT NOT NULL, 
    Slope INT NOT NULL, 
    Horizontal_Distance_To_Hydrology INT NOT NULL,
    Vertical_Distance_To_Hydrology INT NOT NULL,
    Horizontal_Distance_To_Roadways INT NOT NULL,
    Hillshade_9am INT NOT NULL,
    Hillshade_Noon INT NOT NULL,
    Hillshade_3pm INT NOT NULL,
    Horizontal_Distance_To_Fire_Points INT NOT NULL, 
    Wilderness_Area VARCHAR(50) NOT NULL,  
    Soil_Type VARCHAR(50) NOT NULL,  
    Cover_Type INT NOT NULL
);
[2025-04-02T00:00:08.297+0000] {crypto.py:82} WARNING - empty cryptography key - values will not be stored encrypted.
[2025-04-02T00:00:08.301+0000] {base.py:84} INFO - Retrieving connection 'postgres_default'
[2025-04-02T00:00:08.309+0000] {base.py:84} INFO - Retrieving connection 'postgres_default'
[2025-04-02T00:00:08.333+0000] {sql.py:542} INFO - Running statement: 
CREATE TABLE IF NOT EXISTS covertype (
    id SERIAL PRIMARY KEY,
    Elevation INT NOT NULL, 
    Aspect INT NOT NULL, 
    Slope INT NOT NULL, 
    Horizontal_Distance_To_Hydrology INT NOT NULL,
    Vertical_Distance_To_Hydrology INT NOT NULL,
    Horizontal_Distance_To_Roadways INT NOT NULL,
    Hillshade_9am INT NOT NULL,
    Hillshade_Noon INT NOT NULL,
    Hillshade_3pm INT NOT NULL,
    Horizontal_Distance_To_Fire_Points INT NOT NULL, 
    Wilderness_Area VARCHAR(50) NOT NULL,  
    Soil_Type VARCHAR(50) NOT NULL,  
    Cover_Type INT NOT NULL
);, parameters: None
[2025-04-02T00:00:08.377+0000] {taskinstance.py:341} INFO - ::group::Post task execution logs
[2025-04-02T00:00:08.377+0000] {taskinstance.py:353} INFO - Marking task as SUCCESS. dag_id=2-Cargar_data, task_id=create_table, run_id=scheduled__2025-04-01T00:00:00+00:00, execution_date=20250401T000000, start_date=20250402T000007, end_date=20250402T000008
[2025-04-02T00:00:08.575+0000] {local_task_job_runner.py:266} INFO - Task exited with return code 0
[2025-04-02T00:00:08.671+0000] {taskinstance.py:3901} INFO - 1 downstream tasks scheduled from follow-on schedule check
[2025-04-02T00:00:08.673+0000] {local_task_job_runner.py:245} INFO - ::endgroup::
[2025-04-02T01:23:39.296+0000] {local_task_job_runner.py:123} INFO - ::group::Pre task execution logs
[2025-04-02T01:23:39.340+0000] {taskinstance.py:2614} INFO - Dependencies all met for dep_context=non-requeueable deps ti=<TaskInstance: 2-Cargar_data.create_table scheduled__2025-04-01T00:00:00+00:00 [queued]>
[2025-04-02T01:23:39.354+0000] {taskinstance.py:2614} INFO - Dependencies all met for dep_context=requeueable deps ti=<TaskInstance: 2-Cargar_data.create_table scheduled__2025-04-01T00:00:00+00:00 [queued]>
[2025-04-02T01:23:39.354+0000] {taskinstance.py:2867} INFO - Starting attempt 1 of 1
[2025-04-02T01:23:39.371+0000] {taskinstance.py:2890} INFO - Executing <Task(PostgresOperator): create_table> on 2025-04-01 00:00:00+00:00
[2025-04-02T01:23:39.388+0000] {standard_task_runner.py:72} INFO - Started process 128 to run task
[2025-04-02T01:23:39.398+0000] {standard_task_runner.py:104} INFO - Running: ['***', 'tasks', 'run', '2-Cargar_data', 'create_table', 'scheduled__2025-04-01T00:00:00+00:00', '--job-id', '3', '--raw', '--subdir', 'DAGS_FOLDER/Cargar_datos.py', '--cfg-path', '/tmp/tmpbybjh3us']
[2025-04-02T01:23:39.407+0000] {standard_task_runner.py:105} INFO - Job 3: Subtask create_table
[2025-04-02T01:23:39.549+0000] {task_command.py:467} INFO - Running <TaskInstance: 2-Cargar_data.create_table scheduled__2025-04-01T00:00:00+00:00 [running]> on host 6a700e345aa5
[2025-04-02T01:23:40.117+0000] {taskinstance.py:3134} INFO - Exporting env vars: AIRFLOW_CTX_DAG_OWNER='***' AIRFLOW_CTX_DAG_ID='2-Cargar_data' AIRFLOW_CTX_TASK_ID='create_table' AIRFLOW_CTX_EXECUTION_DATE='2025-04-01T00:00:00+00:00' AIRFLOW_CTX_TRY_NUMBER='1' AIRFLOW_CTX_DAG_RUN_ID='scheduled__2025-04-01T00:00:00+00:00'
[2025-04-02T01:23:40.118+0000] {taskinstance.py:732} INFO - ::endgroup::
[2025-04-02T01:23:40.185+0000] {sql.py:266} INFO - Executing: 
CREATE TABLE IF NOT EXISTS covertype (
    id SERIAL PRIMARY KEY,
    Elevation INT NOT NULL, 
    Aspect INT NOT NULL, 
    Slope INT NOT NULL, 
    Horizontal_Distance_To_Hydrology INT NOT NULL,
    Vertical_Distance_To_Hydrology INT NOT NULL,
    Horizontal_Distance_To_Roadways INT NOT NULL,
    Hillshade_9am INT NOT NULL,
    Hillshade_Noon INT NOT NULL,
    Hillshade_3pm INT NOT NULL,
    Horizontal_Distance_To_Fire_Points INT NOT NULL, 
    Wilderness_Area VARCHAR(50) NOT NULL,  
    Soil_Type VARCHAR(50) NOT NULL,  
    Cover_Type INT NOT NULL
);
[2025-04-02T01:23:40.186+0000] {crypto.py:82} WARNING - empty cryptography key - values will not be stored encrypted.
[2025-04-02T01:23:40.187+0000] {base.py:84} INFO - Retrieving connection 'postgres_default'
[2025-04-02T01:23:40.189+0000] {base.py:84} INFO - Retrieving connection 'postgres_default'
[2025-04-02T01:23:40.200+0000] {sql.py:542} INFO - Running statement: 
CREATE TABLE IF NOT EXISTS covertype (
    id SERIAL PRIMARY KEY,
    Elevation INT NOT NULL, 
    Aspect INT NOT NULL, 
    Slope INT NOT NULL, 
    Horizontal_Distance_To_Hydrology INT NOT NULL,
    Vertical_Distance_To_Hydrology INT NOT NULL,
    Horizontal_Distance_To_Roadways INT NOT NULL,
    Hillshade_9am INT NOT NULL,
    Hillshade_Noon INT NOT NULL,
    Hillshade_3pm INT NOT NULL,
    Horizontal_Distance_To_Fire_Points INT NOT NULL, 
    Wilderness_Area VARCHAR(50) NOT NULL,  
    Soil_Type VARCHAR(50) NOT NULL,  
    Cover_Type INT NOT NULL
);, parameters: None
[2025-04-02T01:23:40.234+0000] {taskinstance.py:341} INFO - ::group::Post task execution logs
[2025-04-02T01:23:40.235+0000] {taskinstance.py:353} INFO - Marking task as SUCCESS. dag_id=2-Cargar_data, task_id=create_table, run_id=scheduled__2025-04-01T00:00:00+00:00, execution_date=20250401T000000, start_date=20250402T012339, end_date=20250402T012340
[2025-04-02T01:23:40.339+0000] {local_task_job_runner.py:266} INFO - Task exited with return code 0
[2025-04-02T01:23:40.710+0000] {taskinstance.py:3901} INFO - 1 downstream tasks scheduled from follow-on schedule check
[2025-04-02T01:23:40.712+0000] {local_task_job_runner.py:245} INFO - ::endgroup::
[2025-04-02T01:40:57.128+0000] {local_task_job_runner.py:123} INFO - ::group::Pre task execution logs
[2025-04-02T01:40:57.161+0000] {taskinstance.py:2614} INFO - Dependencies all met for dep_context=non-requeueable deps ti=<TaskInstance: 2-Cargar_data.create_table scheduled__2025-04-01T00:00:00+00:00 [queued]>
[2025-04-02T01:40:57.174+0000] {taskinstance.py:2614} INFO - Dependencies all met for dep_context=requeueable deps ti=<TaskInstance: 2-Cargar_data.create_table scheduled__2025-04-01T00:00:00+00:00 [queued]>
[2025-04-02T01:40:57.174+0000] {taskinstance.py:2867} INFO - Starting attempt 1 of 1
[2025-04-02T01:40:57.193+0000] {taskinstance.py:2890} INFO - Executing <Task(PostgresOperator): create_table> on 2025-04-01 00:00:00+00:00
[2025-04-02T01:40:57.210+0000] {standard_task_runner.py:72} INFO - Started process 119 to run task
[2025-04-02T01:40:57.219+0000] {standard_task_runner.py:104} INFO - Running: ['***', 'tasks', 'run', '2-Cargar_data', 'create_table', 'scheduled__2025-04-01T00:00:00+00:00', '--job-id', '3', '--raw', '--subdir', 'DAGS_FOLDER/Cargar_datos.py', '--cfg-path', '/tmp/tmp9hk4y2ij']
[2025-04-02T01:40:57.226+0000] {standard_task_runner.py:105} INFO - Job 3: Subtask create_table
[2025-04-02T01:40:57.332+0000] {task_command.py:467} INFO - Running <TaskInstance: 2-Cargar_data.create_table scheduled__2025-04-01T00:00:00+00:00 [running]> on host 407915519a00
[2025-04-02T01:40:57.863+0000] {taskinstance.py:3134} INFO - Exporting env vars: AIRFLOW_CTX_DAG_OWNER='***' AIRFLOW_CTX_DAG_ID='2-Cargar_data' AIRFLOW_CTX_TASK_ID='create_table' AIRFLOW_CTX_EXECUTION_DATE='2025-04-01T00:00:00+00:00' AIRFLOW_CTX_TRY_NUMBER='1' AIRFLOW_CTX_DAG_RUN_ID='scheduled__2025-04-01T00:00:00+00:00'
[2025-04-02T01:40:57.864+0000] {taskinstance.py:732} INFO - ::endgroup::
[2025-04-02T01:40:57.936+0000] {sql.py:266} INFO - Executing: 
CREATE TABLE IF NOT EXISTS covertype (
    id SERIAL PRIMARY KEY,
    Elevation INT NOT NULL, 
    Aspect INT NOT NULL, 
    Slope INT NOT NULL, 
    Horizontal_Distance_To_Hydrology INT NOT NULL,
    Vertical_Distance_To_Hydrology INT NOT NULL,
    Horizontal_Distance_To_Roadways INT NOT NULL,
    Hillshade_9am INT NOT NULL,
    Hillshade_Noon INT NOT NULL,
    Hillshade_3pm INT NOT NULL,
    Horizontal_Distance_To_Fire_Points INT NOT NULL, 
    Wilderness_Area VARCHAR(50) NOT NULL,  
    Soil_Type VARCHAR(50) NOT NULL,  
    Cover_Type INT NOT NULL
);
[2025-04-02T01:40:57.937+0000] {crypto.py:82} WARNING - empty cryptography key - values will not be stored encrypted.
[2025-04-02T01:40:57.938+0000] {base.py:84} INFO - Retrieving connection 'postgres_default'
[2025-04-02T01:40:57.940+0000] {base.py:84} INFO - Retrieving connection 'postgres_default'
[2025-04-02T01:40:57.950+0000] {sql.py:542} INFO - Running statement: 
CREATE TABLE IF NOT EXISTS covertype (
    id SERIAL PRIMARY KEY,
    Elevation INT NOT NULL, 
    Aspect INT NOT NULL, 
    Slope INT NOT NULL, 
    Horizontal_Distance_To_Hydrology INT NOT NULL,
    Vertical_Distance_To_Hydrology INT NOT NULL,
    Horizontal_Distance_To_Roadways INT NOT NULL,
    Hillshade_9am INT NOT NULL,
    Hillshade_Noon INT NOT NULL,
    Hillshade_3pm INT NOT NULL,
    Horizontal_Distance_To_Fire_Points INT NOT NULL, 
    Wilderness_Area VARCHAR(50) NOT NULL,  
    Soil_Type VARCHAR(50) NOT NULL,  
    Cover_Type INT NOT NULL
);, parameters: None
[2025-04-02T01:40:57.981+0000] {taskinstance.py:341} INFO - ::group::Post task execution logs
[2025-04-02T01:40:57.982+0000] {taskinstance.py:353} INFO - Marking task as SUCCESS. dag_id=2-Cargar_data, task_id=create_table, run_id=scheduled__2025-04-01T00:00:00+00:00, execution_date=20250401T000000, start_date=20250402T014057, end_date=20250402T014057
[2025-04-02T01:40:58.123+0000] {local_task_job_runner.py:266} INFO - Task exited with return code 0
[2025-04-02T01:40:58.495+0000] {taskinstance.py:3901} INFO - 1 downstream tasks scheduled from follow-on schedule check
[2025-04-02T01:40:58.497+0000] {local_task_job_runner.py:245} INFO - ::endgroup::
[2025-04-02T02:35:01.592+0000] {local_task_job_runner.py:123} INFO - ::group::Pre task execution logs
[2025-04-02T02:35:01.665+0000] {taskinstance.py:2614} INFO - Dependencies all met for dep_context=non-requeueable deps ti=<TaskInstance: 2-Cargar_data.create_table scheduled__2025-04-01T00:00:00+00:00 [queued]>
[2025-04-02T02:35:01.682+0000] {taskinstance.py:2614} INFO - Dependencies all met for dep_context=requeueable deps ti=<TaskInstance: 2-Cargar_data.create_table scheduled__2025-04-01T00:00:00+00:00 [queued]>
[2025-04-02T02:35:01.683+0000] {taskinstance.py:2867} INFO - Starting attempt 1 of 1
[2025-04-02T02:35:01.713+0000] {taskinstance.py:2890} INFO - Executing <Task(PostgresOperator): create_table> on 2025-04-01 00:00:00+00:00
[2025-04-02T02:35:01.733+0000] {standard_task_runner.py:72} INFO - Started process 142 to run task
[2025-04-02T02:35:01.750+0000] {standard_task_runner.py:104} INFO - Running: ['***', 'tasks', 'run', '2-Cargar_data', 'create_table', 'scheduled__2025-04-01T00:00:00+00:00', '--job-id', '4', '--raw', '--subdir', 'DAGS_FOLDER/Cargar_datos.py', '--cfg-path', '/tmp/tmp0ytrh1ut']
[2025-04-02T02:35:01.757+0000] {standard_task_runner.py:105} INFO - Job 4: Subtask create_table
[2025-04-02T02:35:01.922+0000] {task_command.py:467} INFO - Running <TaskInstance: 2-Cargar_data.create_table scheduled__2025-04-01T00:00:00+00:00 [running]> on host 66352f2efff5
[2025-04-02T02:35:02.089+0000] {taskinstance.py:3134} INFO - Exporting env vars: AIRFLOW_CTX_DAG_OWNER='***' AIRFLOW_CTX_DAG_ID='2-Cargar_data' AIRFLOW_CTX_TASK_ID='create_table' AIRFLOW_CTX_EXECUTION_DATE='2025-04-01T00:00:00+00:00' AIRFLOW_CTX_TRY_NUMBER='1' AIRFLOW_CTX_DAG_RUN_ID='scheduled__2025-04-01T00:00:00+00:00'
[2025-04-02T02:35:02.097+0000] {taskinstance.py:732} INFO - ::endgroup::
[2025-04-02T02:35:02.125+0000] {sql.py:266} INFO - Executing: 
CREATE TABLE IF NOT EXISTS covertype (
    id SERIAL PRIMARY KEY,
    Elevation INT NOT NULL, 
    Aspect INT NOT NULL, 
    Slope INT NOT NULL, 
    Horizontal_Distance_To_Hydrology INT NOT NULL,
    Vertical_Distance_To_Hydrology INT NOT NULL,
    Horizontal_Distance_To_Roadways INT NOT NULL,
    Hillshade_9am INT NOT NULL,
    Hillshade_Noon INT NOT NULL,
    Hillshade_3pm INT NOT NULL,
    Horizontal_Distance_To_Fire_Points INT NOT NULL, 
    Wilderness_Area VARCHAR(50) NOT NULL,  
    Soil_Type VARCHAR(50) NOT NULL,  
    Cover_Type INT NOT NULL
);
[2025-04-02T02:35:02.128+0000] {crypto.py:82} WARNING - empty cryptography key - values will not be stored encrypted.
[2025-04-02T02:35:02.129+0000] {base.py:84} INFO - Retrieving connection 'postgres_default'
[2025-04-02T02:35:02.135+0000] {base.py:84} INFO - Retrieving connection 'postgres_default'
[2025-04-02T02:35:02.146+0000] {sql.py:542} INFO - Running statement: 
CREATE TABLE IF NOT EXISTS covertype (
    id SERIAL PRIMARY KEY,
    Elevation INT NOT NULL, 
    Aspect INT NOT NULL, 
    Slope INT NOT NULL, 
    Horizontal_Distance_To_Hydrology INT NOT NULL,
    Vertical_Distance_To_Hydrology INT NOT NULL,
    Horizontal_Distance_To_Roadways INT NOT NULL,
    Hillshade_9am INT NOT NULL,
    Hillshade_Noon INT NOT NULL,
    Hillshade_3pm INT NOT NULL,
    Horizontal_Distance_To_Fire_Points INT NOT NULL, 
    Wilderness_Area VARCHAR(50) NOT NULL,  
    Soil_Type VARCHAR(50) NOT NULL,  
    Cover_Type INT NOT NULL
);, parameters: None
[2025-04-02T02:35:02.197+0000] {taskinstance.py:341} INFO - ::group::Post task execution logs
[2025-04-02T02:35:02.199+0000] {taskinstance.py:353} INFO - Marking task as SUCCESS. dag_id=2-Cargar_data, task_id=create_table, run_id=scheduled__2025-04-01T00:00:00+00:00, execution_date=20250401T000000, start_date=20250402T023501, end_date=20250402T023502
[2025-04-02T02:35:02.338+0000] {local_task_job_runner.py:266} INFO - Task exited with return code 0
[2025-04-02T02:35:02.458+0000] {taskinstance.py:3901} INFO - 1 downstream tasks scheduled from follow-on schedule check
[2025-04-02T02:35:02.463+0000] {local_task_job_runner.py:245} INFO - ::endgroup::
[2025-04-02T03:55:08.634+0000] {local_task_job_runner.py:123} INFO - ::group::Pre task execution logs
[2025-04-02T03:55:08.673+0000] {taskinstance.py:2614} INFO - Dependencies all met for dep_context=non-requeueable deps ti=<TaskInstance: 2-Cargar_data.create_table scheduled__2025-04-01T00:00:00+00:00 [queued]>
[2025-04-02T03:55:08.686+0000] {taskinstance.py:2614} INFO - Dependencies all met for dep_context=requeueable deps ti=<TaskInstance: 2-Cargar_data.create_table scheduled__2025-04-01T00:00:00+00:00 [queued]>
[2025-04-02T03:55:08.688+0000] {taskinstance.py:2867} INFO - Starting attempt 1 of 1
[2025-04-02T03:55:08.706+0000] {taskinstance.py:2890} INFO - Executing <Task(PostgresOperator): create_table> on 2025-04-01 00:00:00+00:00
[2025-04-02T03:55:08.734+0000] {standard_task_runner.py:72} INFO - Started process 126 to run task
[2025-04-02T03:55:08.746+0000] {standard_task_runner.py:104} INFO - Running: ['***', 'tasks', 'run', '2-Cargar_data', 'create_table', 'scheduled__2025-04-01T00:00:00+00:00', '--job-id', '3', '--raw', '--subdir', 'DAGS_FOLDER/Cargar_datos.py', '--cfg-path', '/tmp/tmpd2zkzodc']
[2025-04-02T03:55:08.753+0000] {standard_task_runner.py:105} INFO - Job 3: Subtask create_table
[2025-04-02T03:55:08.930+0000] {task_command.py:467} INFO - Running <TaskInstance: 2-Cargar_data.create_table scheduled__2025-04-01T00:00:00+00:00 [running]> on host 8e894eabd27d
[2025-04-02T03:55:09.424+0000] {taskinstance.py:3134} INFO - Exporting env vars: AIRFLOW_CTX_DAG_OWNER='***' AIRFLOW_CTX_DAG_ID='2-Cargar_data' AIRFLOW_CTX_TASK_ID='create_table' AIRFLOW_CTX_EXECUTION_DATE='2025-04-01T00:00:00+00:00' AIRFLOW_CTX_TRY_NUMBER='1' AIRFLOW_CTX_DAG_RUN_ID='scheduled__2025-04-01T00:00:00+00:00'
[2025-04-02T03:55:09.425+0000] {taskinstance.py:732} INFO - ::endgroup::
[2025-04-02T03:55:09.480+0000] {sql.py:266} INFO - Executing: 
CREATE TABLE IF NOT EXISTS covertype (
    id SERIAL PRIMARY KEY,
    Elevation INT NOT NULL, 
    Aspect INT NOT NULL, 
    Slope INT NOT NULL, 
    Horizontal_Distance_To_Hydrology INT NOT NULL,
    Vertical_Distance_To_Hydrology INT NOT NULL,
    Horizontal_Distance_To_Roadways INT NOT NULL,
    Hillshade_9am INT NOT NULL,
    Hillshade_Noon INT NOT NULL,
    Hillshade_3pm INT NOT NULL,
    Horizontal_Distance_To_Fire_Points INT NOT NULL, 
    Wilderness_Area VARCHAR(50) NOT NULL,  
    Soil_Type VARCHAR(50) NOT NULL,  
    Cover_Type INT NOT NULL
);
[2025-04-02T03:55:09.482+0000] {crypto.py:82} WARNING - empty cryptography key - values will not be stored encrypted.
[2025-04-02T03:55:09.483+0000] {base.py:84} INFO - Retrieving connection 'postgres_default'
[2025-04-02T03:55:09.486+0000] {base.py:84} INFO - Retrieving connection 'postgres_default'
[2025-04-02T03:55:09.499+0000] {sql.py:542} INFO - Running statement: 
CREATE TABLE IF NOT EXISTS covertype (
    id SERIAL PRIMARY KEY,
    Elevation INT NOT NULL, 
    Aspect INT NOT NULL, 
    Slope INT NOT NULL, 
    Horizontal_Distance_To_Hydrology INT NOT NULL,
    Vertical_Distance_To_Hydrology INT NOT NULL,
    Horizontal_Distance_To_Roadways INT NOT NULL,
    Hillshade_9am INT NOT NULL,
    Hillshade_Noon INT NOT NULL,
    Hillshade_3pm INT NOT NULL,
    Horizontal_Distance_To_Fire_Points INT NOT NULL, 
    Wilderness_Area VARCHAR(50) NOT NULL,  
    Soil_Type VARCHAR(50) NOT NULL,  
    Cover_Type INT NOT NULL
);, parameters: None
[2025-04-02T03:55:09.533+0000] {taskinstance.py:341} INFO - ::group::Post task execution logs
[2025-04-02T03:55:09.534+0000] {taskinstance.py:353} INFO - Marking task as SUCCESS. dag_id=2-Cargar_data, task_id=create_table, run_id=scheduled__2025-04-01T00:00:00+00:00, execution_date=20250401T000000, start_date=20250402T035508, end_date=20250402T035509
[2025-04-02T03:55:09.643+0000] {local_task_job_runner.py:266} INFO - Task exited with return code 0
[2025-04-02T03:55:10.013+0000] {taskinstance.py:3901} INFO - 1 downstream tasks scheduled from follow-on schedule check
[2025-04-02T03:55:10.015+0000] {local_task_job_runner.py:245} INFO - ::endgroup::
[2025-04-02T18:00:35.342+0000] {local_task_job_runner.py:123} INFO - ::group::Pre task execution logs
[2025-04-02T18:00:35.401+0000] {taskinstance.py:2614} INFO - Dependencies all met for dep_context=non-requeueable deps ti=<TaskInstance: 2-Cargar_data.create_table scheduled__2025-04-01T00:00:00+00:00 [queued]>
[2025-04-02T18:00:35.426+0000] {taskinstance.py:2614} INFO - Dependencies all met for dep_context=requeueable deps ti=<TaskInstance: 2-Cargar_data.create_table scheduled__2025-04-01T00:00:00+00:00 [queued]>
[2025-04-02T18:00:35.428+0000] {taskinstance.py:2867} INFO - Starting attempt 1 of 1
[2025-04-02T18:00:35.463+0000] {taskinstance.py:2890} INFO - Executing <Task(PostgresOperator): create_table> on 2025-04-01 00:00:00+00:00
[2025-04-02T18:00:35.506+0000] {standard_task_runner.py:72} INFO - Started process 125 to run task
[2025-04-02T18:00:35.529+0000] {standard_task_runner.py:104} INFO - Running: ['***', 'tasks', 'run', '2-Cargar_data', 'create_table', 'scheduled__2025-04-01T00:00:00+00:00', '--job-id', '3', '--raw', '--subdir', 'DAGS_FOLDER/Cargar_datos.py', '--cfg-path', '/tmp/tmp_dnp7mw5']
[2025-04-02T18:00:35.535+0000] {standard_task_runner.py:105} INFO - Job 3: Subtask create_table
[2025-04-02T18:00:35.707+0000] {task_command.py:467} INFO - Running <TaskInstance: 2-Cargar_data.create_table scheduled__2025-04-01T00:00:00+00:00 [running]> on host 0f069c6cac7c
[2025-04-02T18:00:36.278+0000] {taskinstance.py:3134} INFO - Exporting env vars: AIRFLOW_CTX_DAG_OWNER='***' AIRFLOW_CTX_DAG_ID='2-Cargar_data' AIRFLOW_CTX_TASK_ID='create_table' AIRFLOW_CTX_EXECUTION_DATE='2025-04-01T00:00:00+00:00' AIRFLOW_CTX_TRY_NUMBER='1' AIRFLOW_CTX_DAG_RUN_ID='scheduled__2025-04-01T00:00:00+00:00'
[2025-04-02T18:00:36.280+0000] {taskinstance.py:732} INFO - ::endgroup::
[2025-04-02T18:00:36.351+0000] {sql.py:266} INFO - Executing: 
CREATE TABLE IF NOT EXISTS covertype (
    id SERIAL PRIMARY KEY,
    Elevation INT NOT NULL, 
    Aspect INT NOT NULL, 
    Slope INT NOT NULL, 
    Horizontal_Distance_To_Hydrology INT NOT NULL,
    Vertical_Distance_To_Hydrology INT NOT NULL,
    Horizontal_Distance_To_Roadways INT NOT NULL,
    Hillshade_9am INT NOT NULL,
    Hillshade_Noon INT NOT NULL,
    Hillshade_3pm INT NOT NULL,
    Horizontal_Distance_To_Fire_Points INT NOT NULL, 
    Wilderness_Area VARCHAR(50) NOT NULL,  
    Soil_Type VARCHAR(50) NOT NULL,  
    Cover_Type INT NOT NULL
);
[2025-04-02T18:00:36.353+0000] {crypto.py:82} WARNING - empty cryptography key - values will not be stored encrypted.
[2025-04-02T18:00:36.354+0000] {base.py:84} INFO - Retrieving connection 'postgres_default'
[2025-04-02T18:00:36.359+0000] {base.py:84} INFO - Retrieving connection 'postgres_default'
[2025-04-02T18:00:36.372+0000] {sql.py:542} INFO - Running statement: 
CREATE TABLE IF NOT EXISTS covertype (
    id SERIAL PRIMARY KEY,
    Elevation INT NOT NULL, 
    Aspect INT NOT NULL, 
    Slope INT NOT NULL, 
    Horizontal_Distance_To_Hydrology INT NOT NULL,
    Vertical_Distance_To_Hydrology INT NOT NULL,
    Horizontal_Distance_To_Roadways INT NOT NULL,
    Hillshade_9am INT NOT NULL,
    Hillshade_Noon INT NOT NULL,
    Hillshade_3pm INT NOT NULL,
    Horizontal_Distance_To_Fire_Points INT NOT NULL, 
    Wilderness_Area VARCHAR(50) NOT NULL,  
    Soil_Type VARCHAR(50) NOT NULL,  
    Cover_Type INT NOT NULL
);, parameters: None
[2025-04-02T18:00:36.404+0000] {taskinstance.py:341} INFO - ::group::Post task execution logs
[2025-04-02T18:00:36.404+0000] {taskinstance.py:353} INFO - Marking task as SUCCESS. dag_id=2-Cargar_data, task_id=create_table, run_id=scheduled__2025-04-01T00:00:00+00:00, execution_date=20250401T000000, start_date=20250402T180035, end_date=20250402T180036
[2025-04-02T18:00:36.550+0000] {local_task_job_runner.py:266} INFO - Task exited with return code 0
[2025-04-02T18:00:36.945+0000] {taskinstance.py:3901} INFO - 1 downstream tasks scheduled from follow-on schedule check
[2025-04-02T18:00:36.948+0000] {local_task_job_runner.py:245} INFO - ::endgroup::
[2025-04-02T18:18:04.785+0000] {local_task_job_runner.py:123} INFO - ::group::Pre task execution logs
[2025-04-02T18:18:04.847+0000] {taskinstance.py:2614} INFO - Dependencies all met for dep_context=non-requeueable deps ti=<TaskInstance: 2-Cargar_data.create_table scheduled__2025-04-01T00:00:00+00:00 [queued]>
[2025-04-02T18:18:04.878+0000] {taskinstance.py:2614} INFO - Dependencies all met for dep_context=requeueable deps ti=<TaskInstance: 2-Cargar_data.create_table scheduled__2025-04-01T00:00:00+00:00 [queued]>
[2025-04-02T18:18:04.880+0000] {taskinstance.py:2867} INFO - Starting attempt 1 of 1
[2025-04-02T18:18:04.916+0000] {taskinstance.py:2890} INFO - Executing <Task(PostgresOperator): create_table> on 2025-04-01 00:00:00+00:00
[2025-04-02T18:18:04.962+0000] {standard_task_runner.py:72} INFO - Started process 115 to run task
[2025-04-02T18:18:04.991+0000] {standard_task_runner.py:104} INFO - Running: ['***', 'tasks', 'run', '2-Cargar_data', 'create_table', 'scheduled__2025-04-01T00:00:00+00:00', '--job-id', '3', '--raw', '--subdir', 'DAGS_FOLDER/Cargar_datos.py', '--cfg-path', '/tmp/tmptk9ftm9w']
[2025-04-02T18:18:05.002+0000] {standard_task_runner.py:105} INFO - Job 3: Subtask create_table
[2025-04-02T18:18:05.197+0000] {task_command.py:467} INFO - Running <TaskInstance: 2-Cargar_data.create_table scheduled__2025-04-01T00:00:00+00:00 [running]> on host a53d15b8cf77
[2025-04-02T18:18:05.884+0000] {taskinstance.py:3134} INFO - Exporting env vars: AIRFLOW_CTX_DAG_OWNER='***' AIRFLOW_CTX_DAG_ID='2-Cargar_data' AIRFLOW_CTX_TASK_ID='create_table' AIRFLOW_CTX_EXECUTION_DATE='2025-04-01T00:00:00+00:00' AIRFLOW_CTX_TRY_NUMBER='1' AIRFLOW_CTX_DAG_RUN_ID='scheduled__2025-04-01T00:00:00+00:00'
[2025-04-02T18:18:05.889+0000] {taskinstance.py:732} INFO - ::endgroup::
[2025-04-02T18:18:05.963+0000] {sql.py:266} INFO - Executing: 
CREATE TABLE IF NOT EXISTS covertype (
    id SERIAL PRIMARY KEY,
    Elevation INT NOT NULL, 
    Aspect INT NOT NULL, 
    Slope INT NOT NULL, 
    Horizontal_Distance_To_Hydrology INT NOT NULL,
    Vertical_Distance_To_Hydrology INT NOT NULL,
    Horizontal_Distance_To_Roadways INT NOT NULL,
    Hillshade_9am INT NOT NULL,
    Hillshade_Noon INT NOT NULL,
    Hillshade_3pm INT NOT NULL,
    Horizontal_Distance_To_Fire_Points INT NOT NULL, 
    Wilderness_Area VARCHAR(50) NOT NULL,  
    Soil_Type VARCHAR(50) NOT NULL,  
    Cover_Type INT NOT NULL
);
[2025-04-02T18:18:05.965+0000] {crypto.py:82} WARNING - empty cryptography key - values will not be stored encrypted.
[2025-04-02T18:18:05.965+0000] {base.py:84} INFO - Retrieving connection 'postgres_default'
[2025-04-02T18:18:05.968+0000] {base.py:84} INFO - Retrieving connection 'postgres_default'
[2025-04-02T18:18:05.979+0000] {sql.py:542} INFO - Running statement: 
CREATE TABLE IF NOT EXISTS covertype (
    id SERIAL PRIMARY KEY,
    Elevation INT NOT NULL, 
    Aspect INT NOT NULL, 
    Slope INT NOT NULL, 
    Horizontal_Distance_To_Hydrology INT NOT NULL,
    Vertical_Distance_To_Hydrology INT NOT NULL,
    Horizontal_Distance_To_Roadways INT NOT NULL,
    Hillshade_9am INT NOT NULL,
    Hillshade_Noon INT NOT NULL,
    Hillshade_3pm INT NOT NULL,
    Horizontal_Distance_To_Fire_Points INT NOT NULL, 
    Wilderness_Area VARCHAR(50) NOT NULL,  
    Soil_Type VARCHAR(50) NOT NULL,  
    Cover_Type INT NOT NULL
);, parameters: None
[2025-04-02T18:18:06.028+0000] {taskinstance.py:341} INFO - ::group::Post task execution logs
[2025-04-02T18:18:06.029+0000] {taskinstance.py:353} INFO - Marking task as SUCCESS. dag_id=2-Cargar_data, task_id=create_table, run_id=scheduled__2025-04-01T00:00:00+00:00, execution_date=20250401T000000, start_date=20250402T181804, end_date=20250402T181806
[2025-04-02T18:18:06.181+0000] {local_task_job_runner.py:266} INFO - Task exited with return code 0
[2025-04-02T18:18:06.658+0000] {taskinstance.py:3901} INFO - 1 downstream tasks scheduled from follow-on schedule check
[2025-04-02T18:18:06.664+0000] {local_task_job_runner.py:245} INFO - ::endgroup::
[2025-04-02T23:20:01.546+0000] {local_task_job_runner.py:123} INFO - ::group::Pre task execution logs
[2025-04-02T23:20:01.579+0000] {taskinstance.py:2614} INFO - Dependencies all met for dep_context=non-requeueable deps ti=<TaskInstance: 2-Cargar_data.create_table scheduled__2025-04-01T00:00:00+00:00 [queued]>
[2025-04-02T23:20:01.590+0000] {taskinstance.py:2614} INFO - Dependencies all met for dep_context=requeueable deps ti=<TaskInstance: 2-Cargar_data.create_table scheduled__2025-04-01T00:00:00+00:00 [queued]>
[2025-04-02T23:20:01.591+0000] {taskinstance.py:2867} INFO - Starting attempt 1 of 1
[2025-04-02T23:20:01.607+0000] {taskinstance.py:2890} INFO - Executing <Task(PostgresOperator): create_table> on 2025-04-01 00:00:00+00:00
[2025-04-02T23:20:01.627+0000] {standard_task_runner.py:72} INFO - Started process 117 to run task
[2025-04-02T23:20:01.638+0000] {standard_task_runner.py:104} INFO - Running: ['***', 'tasks', 'run', '2-Cargar_data', 'create_table', 'scheduled__2025-04-01T00:00:00+00:00', '--job-id', '3', '--raw', '--subdir', 'DAGS_FOLDER/Cargar_datos.py', '--cfg-path', '/tmp/tmpsopipkgf']
[2025-04-02T23:20:01.644+0000] {standard_task_runner.py:105} INFO - Job 3: Subtask create_table
[2025-04-02T23:20:01.772+0000] {task_command.py:467} INFO - Running <TaskInstance: 2-Cargar_data.create_table scheduled__2025-04-01T00:00:00+00:00 [running]> on host 03efad00ee78
[2025-04-02T23:20:02.300+0000] {taskinstance.py:3134} INFO - Exporting env vars: AIRFLOW_CTX_DAG_OWNER='***' AIRFLOW_CTX_DAG_ID='2-Cargar_data' AIRFLOW_CTX_TASK_ID='create_table' AIRFLOW_CTX_EXECUTION_DATE='2025-04-01T00:00:00+00:00' AIRFLOW_CTX_TRY_NUMBER='1' AIRFLOW_CTX_DAG_RUN_ID='scheduled__2025-04-01T00:00:00+00:00'
[2025-04-02T23:20:02.301+0000] {taskinstance.py:732} INFO - ::endgroup::
[2025-04-02T23:20:02.417+0000] {sql.py:266} INFO - Executing: 
CREATE TABLE IF NOT EXISTS covertype (
    id SERIAL PRIMARY KEY,
    Elevation INT NOT NULL, 
    Aspect INT NOT NULL, 
    Slope INT NOT NULL, 
    Horizontal_Distance_To_Hydrology INT NOT NULL,
    Vertical_Distance_To_Hydrology INT NOT NULL,
    Horizontal_Distance_To_Roadways INT NOT NULL,
    Hillshade_9am INT NOT NULL,
    Hillshade_Noon INT NOT NULL,
    Hillshade_3pm INT NOT NULL,
    Horizontal_Distance_To_Fire_Points INT NOT NULL, 
    Wilderness_Area VARCHAR(50) NOT NULL,  
    Soil_Type VARCHAR(50) NOT NULL,  
    Cover_Type INT NOT NULL
);
[2025-04-02T23:20:02.419+0000] {crypto.py:82} WARNING - empty cryptography key - values will not be stored encrypted.
[2025-04-02T23:20:02.420+0000] {base.py:84} INFO - Retrieving connection 'postgres_default'
[2025-04-02T23:20:02.424+0000] {base.py:84} INFO - Retrieving connection 'postgres_default'
[2025-04-02T23:20:02.466+0000] {sql.py:542} INFO - Running statement: 
CREATE TABLE IF NOT EXISTS covertype (
    id SERIAL PRIMARY KEY,
    Elevation INT NOT NULL, 
    Aspect INT NOT NULL, 
    Slope INT NOT NULL, 
    Horizontal_Distance_To_Hydrology INT NOT NULL,
    Vertical_Distance_To_Hydrology INT NOT NULL,
    Horizontal_Distance_To_Roadways INT NOT NULL,
    Hillshade_9am INT NOT NULL,
    Hillshade_Noon INT NOT NULL,
    Hillshade_3pm INT NOT NULL,
    Horizontal_Distance_To_Fire_Points INT NOT NULL, 
    Wilderness_Area VARCHAR(50) NOT NULL,  
    Soil_Type VARCHAR(50) NOT NULL,  
    Cover_Type INT NOT NULL
);, parameters: None
[2025-04-02T23:20:02.542+0000] {taskinstance.py:341} INFO - ::group::Post task execution logs
[2025-04-02T23:20:02.543+0000] {taskinstance.py:353} INFO - Marking task as SUCCESS. dag_id=2-Cargar_data, task_id=create_table, run_id=scheduled__2025-04-01T00:00:00+00:00, execution_date=20250401T000000, start_date=20250402T232001, end_date=20250402T232002
[2025-04-02T23:20:02.699+0000] {local_task_job_runner.py:266} INFO - Task exited with return code 0
[2025-04-02T23:20:03.093+0000] {taskinstance.py:3901} INFO - 1 downstream tasks scheduled from follow-on schedule check
[2025-04-02T23:20:03.100+0000] {local_task_job_runner.py:245} INFO - ::endgroup::
