[2025-04-01T00:59:21.122+0000] {local_task_job_runner.py:123} INFO - ::group::Pre task execution logs
[2025-04-01T00:59:21.166+0000] {taskinstance.py:2614} INFO - Dependencies all met for dep_context=non-requeueable deps ti=<TaskInstance: 2-Cargar_data.create_table scheduled__2025-03-31T00:00:00+00:00 [queued]>
[2025-04-01T00:59:21.190+0000] {taskinstance.py:2614} INFO - Dependencies all met for dep_context=requeueable deps ti=<TaskInstance: 2-Cargar_data.create_table scheduled__2025-03-31T00:00:00+00:00 [queued]>
[2025-04-01T00:59:21.191+0000] {taskinstance.py:2867} INFO - Starting attempt 1 of 1
[2025-04-01T00:59:21.221+0000] {taskinstance.py:2890} INFO - Executing <Task(PostgresOperator): create_table> on 2025-03-31 00:00:00+00:00
[2025-04-01T00:59:21.259+0000] {standard_task_runner.py:72} INFO - Started process 249 to run task
[2025-04-01T00:59:21.278+0000] {standard_task_runner.py:104} INFO - Running: ['***', 'tasks', 'run', '2-Cargar_data', 'create_table', 'scheduled__2025-03-31T00:00:00+00:00', '--job-id', '3', '--raw', '--subdir', 'DAGS_FOLDER/Cargar_datos.py', '--cfg-path', '/tmp/tmpuqi4sxam']
[2025-04-01T00:59:21.297+0000] {standard_task_runner.py:105} INFO - Job 3: Subtask create_table
[2025-04-01T00:59:21.506+0000] {task_command.py:467} INFO - Running <TaskInstance: 2-Cargar_data.create_table scheduled__2025-03-31T00:00:00+00:00 [running]> on host 7ed3aa8fcef8
[2025-04-01T00:59:22.635+0000] {taskinstance.py:3134} INFO - Exporting env vars: AIRFLOW_CTX_DAG_OWNER='***' AIRFLOW_CTX_DAG_ID='2-Cargar_data' AIRFLOW_CTX_TASK_ID='create_table' AIRFLOW_CTX_EXECUTION_DATE='2025-03-31T00:00:00+00:00' AIRFLOW_CTX_TRY_NUMBER='1' AIRFLOW_CTX_DAG_RUN_ID='scheduled__2025-03-31T00:00:00+00:00'
[2025-04-01T00:59:22.639+0000] {taskinstance.py:732} INFO - ::endgroup::
[2025-04-01T00:59:22.784+0000] {sql.py:266} INFO - Executing: 
CREATE TABLE IF NOT EXISTS covertype (
    id SERIAL PRIMARY KEY,
    Elevation INT NOT NULL, 
    Aspect INT NOT NULL, 
    Slope INT NOT NULL, 
    Horizontal_Distance_To_Hydrology INT NOT NULL,
    Vertical_Distance_To_Hydrology INT NOT NULL,
    Horizontal_Distance_To_Roadways INT NOT NULL,
    Hillshade_9am INT NOT NULL,
    Hillshade_Noon INT NOT NULL,
    Hillshade_3pm INT NOT NULL,
    Horizontal_Distance_To_Fire_Points INT NOT NULL, 
    Wilderness_Area VARCHAR(50) NOT NULL,  
    Soil_Type VARCHAR(50) NOT NULL,  
    Cover_Type INT NOT NULL
);
[2025-04-01T00:59:22.791+0000] {crypto.py:82} WARNING - empty cryptography key - values will not be stored encrypted.
[2025-04-01T00:59:22.792+0000] {base.py:84} INFO - Retrieving connection 'postgres_default'
[2025-04-01T00:59:22.797+0000] {base.py:84} INFO - Retrieving connection 'postgres_default'
[2025-04-01T00:59:22.853+0000] {sql.py:542} INFO - Running statement: 
CREATE TABLE IF NOT EXISTS covertype (
    id SERIAL PRIMARY KEY,
    Elevation INT NOT NULL, 
    Aspect INT NOT NULL, 
    Slope INT NOT NULL, 
    Horizontal_Distance_To_Hydrology INT NOT NULL,
    Vertical_Distance_To_Hydrology INT NOT NULL,
    Horizontal_Distance_To_Roadways INT NOT NULL,
    Hillshade_9am INT NOT NULL,
    Hillshade_Noon INT NOT NULL,
    Hillshade_3pm INT NOT NULL,
    Horizontal_Distance_To_Fire_Points INT NOT NULL, 
    Wilderness_Area VARCHAR(50) NOT NULL,  
    Soil_Type VARCHAR(50) NOT NULL,  
    Cover_Type INT NOT NULL
);, parameters: None
[2025-04-01T00:59:23.030+0000] {taskinstance.py:341} INFO - ::group::Post task execution logs
[2025-04-01T00:59:23.047+0000] {taskinstance.py:353} INFO - Marking task as SUCCESS. dag_id=2-Cargar_data, task_id=create_table, run_id=scheduled__2025-03-31T00:00:00+00:00, execution_date=20250331T000000, start_date=20250401T005921, end_date=20250401T005923
[2025-04-01T00:59:23.462+0000] {local_task_job_runner.py:266} INFO - Task exited with return code 0
[2025-04-01T00:59:24.234+0000] {taskinstance.py:3901} INFO - 1 downstream tasks scheduled from follow-on schedule check
[2025-04-01T00:59:24.242+0000] {local_task_job_runner.py:245} INFO - ::endgroup::
[2025-04-01T02:29:29.015+0000] {local_task_job_runner.py:123} INFO - ::group::Pre task execution logs
[2025-04-01T02:29:29.458+0000] {taskinstance.py:2614} INFO - Dependencies all met for dep_context=non-requeueable deps ti=<TaskInstance: 2-Cargar_data.create_table scheduled__2025-03-31T00:00:00+00:00 [queued]>
[2025-04-01T02:29:29.481+0000] {taskinstance.py:2614} INFO - Dependencies all met for dep_context=requeueable deps ti=<TaskInstance: 2-Cargar_data.create_table scheduled__2025-03-31T00:00:00+00:00 [queued]>
[2025-04-01T02:29:29.481+0000] {taskinstance.py:2867} INFO - Starting attempt 1 of 1
[2025-04-01T02:29:29.511+0000] {taskinstance.py:2890} INFO - Executing <Task(PostgresOperator): create_table> on 2025-03-31 00:00:00+00:00
[2025-04-01T02:29:29.534+0000] {standard_task_runner.py:72} INFO - Started process 2161 to run task
[2025-04-01T02:29:29.559+0000] {standard_task_runner.py:104} INFO - Running: ['***', 'tasks', 'run', '2-Cargar_data', 'create_table', 'scheduled__2025-03-31T00:00:00+00:00', '--job-id', '76', '--raw', '--subdir', 'DAGS_FOLDER/Cargar_datos.py', '--cfg-path', '/tmp/tmpe9xfxeng']
[2025-04-01T02:29:29.565+0000] {standard_task_runner.py:105} INFO - Job 76: Subtask create_table
[2025-04-01T02:29:29.705+0000] {task_command.py:467} INFO - Running <TaskInstance: 2-Cargar_data.create_table scheduled__2025-03-31T00:00:00+00:00 [running]> on host 7ed3aa8fcef8
[2025-04-01T02:29:29.972+0000] {taskinstance.py:3134} INFO - Exporting env vars: AIRFLOW_CTX_DAG_OWNER='***' AIRFLOW_CTX_DAG_ID='2-Cargar_data' AIRFLOW_CTX_TASK_ID='create_table' AIRFLOW_CTX_EXECUTION_DATE='2025-03-31T00:00:00+00:00' AIRFLOW_CTX_TRY_NUMBER='1' AIRFLOW_CTX_DAG_RUN_ID='scheduled__2025-03-31T00:00:00+00:00'
[2025-04-01T02:29:29.974+0000] {taskinstance.py:732} INFO - ::endgroup::
[2025-04-01T02:29:30.016+0000] {sql.py:266} INFO - Executing: 
CREATE TABLE IF NOT EXISTS covertype (
    id SERIAL PRIMARY KEY,
    Elevation INT NOT NULL, 
    Aspect INT NOT NULL, 
    Slope INT NOT NULL, 
    Horizontal_Distance_To_Hydrology INT NOT NULL,
    Vertical_Distance_To_Hydrology INT NOT NULL,
    Horizontal_Distance_To_Roadways INT NOT NULL,
    Hillshade_9am INT NOT NULL,
    Hillshade_Noon INT NOT NULL,
    Hillshade_3pm INT NOT NULL,
    Horizontal_Distance_To_Fire_Points INT NOT NULL, 
    Wilderness_Area VARCHAR(50) NOT NULL,  
    Soil_Type VARCHAR(50) NOT NULL,  
    Cover_Type INT NOT NULL
);
[2025-04-01T02:29:30.020+0000] {crypto.py:82} WARNING - empty cryptography key - values will not be stored encrypted.
[2025-04-01T02:29:30.021+0000] {base.py:84} INFO - Retrieving connection 'postgres_default'
[2025-04-01T02:29:30.025+0000] {base.py:84} INFO - Retrieving connection 'postgres_default'
[2025-04-01T02:29:30.043+0000] {sql.py:542} INFO - Running statement: 
CREATE TABLE IF NOT EXISTS covertype (
    id SERIAL PRIMARY KEY,
    Elevation INT NOT NULL, 
    Aspect INT NOT NULL, 
    Slope INT NOT NULL, 
    Horizontal_Distance_To_Hydrology INT NOT NULL,
    Vertical_Distance_To_Hydrology INT NOT NULL,
    Horizontal_Distance_To_Roadways INT NOT NULL,
    Hillshade_9am INT NOT NULL,
    Hillshade_Noon INT NOT NULL,
    Hillshade_3pm INT NOT NULL,
    Horizontal_Distance_To_Fire_Points INT NOT NULL, 
    Wilderness_Area VARCHAR(50) NOT NULL,  
    Soil_Type VARCHAR(50) NOT NULL,  
    Cover_Type INT NOT NULL
);, parameters: None
[2025-04-01T02:29:30.084+0000] {taskinstance.py:341} INFO - ::group::Post task execution logs
[2025-04-01T02:29:30.085+0000] {taskinstance.py:353} INFO - Marking task as SUCCESS. dag_id=2-Cargar_data, task_id=create_table, run_id=scheduled__2025-03-31T00:00:00+00:00, execution_date=20250331T000000, start_date=20250401T022929, end_date=20250401T022930
[2025-04-01T02:29:30.216+0000] {local_task_job_runner.py:266} INFO - Task exited with return code 0
[2025-04-01T02:29:30.303+0000] {taskinstance.py:3901} INFO - 1 downstream tasks scheduled from follow-on schedule check
[2025-04-01T02:29:30.307+0000] {local_task_job_runner.py:245} INFO - ::endgroup::
[2025-04-01T02:37:35.535+0000] {local_task_job_runner.py:123} INFO - ::group::Pre task execution logs
[2025-04-01T02:37:35.972+0000] {taskinstance.py:2614} INFO - Dependencies all met for dep_context=non-requeueable deps ti=<TaskInstance: 2-Cargar_data.create_table scheduled__2025-03-31T00:00:00+00:00 [queued]>
[2025-04-01T02:37:35.991+0000] {taskinstance.py:2614} INFO - Dependencies all met for dep_context=requeueable deps ti=<TaskInstance: 2-Cargar_data.create_table scheduled__2025-03-31T00:00:00+00:00 [queued]>
[2025-04-01T02:37:35.992+0000] {taskinstance.py:2867} INFO - Starting attempt 1 of 1
[2025-04-01T02:37:36.028+0000] {taskinstance.py:2890} INFO - Executing <Task(PostgresOperator): create_table> on 2025-03-31 00:00:00+00:00
[2025-04-01T02:37:36.068+0000] {standard_task_runner.py:72} INFO - Started process 2352 to run task
[2025-04-01T02:37:36.103+0000] {standard_task_runner.py:104} INFO - Running: ['***', 'tasks', 'run', '2-Cargar_data', 'create_table', 'scheduled__2025-03-31T00:00:00+00:00', '--job-id', '86', '--raw', '--subdir', 'DAGS_FOLDER/Cargar_datos.py', '--cfg-path', '/tmp/tmp5b61g85e']
[2025-04-01T02:37:36.131+0000] {standard_task_runner.py:105} INFO - Job 86: Subtask create_table
[2025-04-01T02:37:36.445+0000] {task_command.py:467} INFO - Running <TaskInstance: 2-Cargar_data.create_table scheduled__2025-03-31T00:00:00+00:00 [running]> on host 7ed3aa8fcef8
[2025-04-01T02:37:36.730+0000] {taskinstance.py:3134} INFO - Exporting env vars: AIRFLOW_CTX_DAG_OWNER='***' AIRFLOW_CTX_DAG_ID='2-Cargar_data' AIRFLOW_CTX_TASK_ID='create_table' AIRFLOW_CTX_EXECUTION_DATE='2025-03-31T00:00:00+00:00' AIRFLOW_CTX_TRY_NUMBER='1' AIRFLOW_CTX_DAG_RUN_ID='scheduled__2025-03-31T00:00:00+00:00'
[2025-04-01T02:37:36.733+0000] {taskinstance.py:732} INFO - ::endgroup::
[2025-04-01T02:37:36.758+0000] {sql.py:266} INFO - Executing: 
CREATE TABLE IF NOT EXISTS covertype (
    id SERIAL PRIMARY KEY,
    Elevation INT NOT NULL, 
    Aspect INT NOT NULL, 
    Slope INT NOT NULL, 
    Horizontal_Distance_To_Hydrology INT NOT NULL,
    Vertical_Distance_To_Hydrology INT NOT NULL,
    Horizontal_Distance_To_Roadways INT NOT NULL,
    Hillshade_9am INT NOT NULL,
    Hillshade_Noon INT NOT NULL,
    Hillshade_3pm INT NOT NULL,
    Horizontal_Distance_To_Fire_Points INT NOT NULL, 
    Wilderness_Area VARCHAR(50) NOT NULL,  
    Soil_Type VARCHAR(50) NOT NULL,  
    Cover_Type INT NOT NULL
);
[2025-04-01T02:37:36.760+0000] {crypto.py:82} WARNING - empty cryptography key - values will not be stored encrypted.
[2025-04-01T02:37:36.761+0000] {base.py:84} INFO - Retrieving connection 'postgres_default'
[2025-04-01T02:37:36.767+0000] {base.py:84} INFO - Retrieving connection 'postgres_default'
[2025-04-01T02:37:36.779+0000] {sql.py:542} INFO - Running statement: 
CREATE TABLE IF NOT EXISTS covertype (
    id SERIAL PRIMARY KEY,
    Elevation INT NOT NULL, 
    Aspect INT NOT NULL, 
    Slope INT NOT NULL, 
    Horizontal_Distance_To_Hydrology INT NOT NULL,
    Vertical_Distance_To_Hydrology INT NOT NULL,
    Horizontal_Distance_To_Roadways INT NOT NULL,
    Hillshade_9am INT NOT NULL,
    Hillshade_Noon INT NOT NULL,
    Hillshade_3pm INT NOT NULL,
    Horizontal_Distance_To_Fire_Points INT NOT NULL, 
    Wilderness_Area VARCHAR(50) NOT NULL,  
    Soil_Type VARCHAR(50) NOT NULL,  
    Cover_Type INT NOT NULL
);, parameters: None
[2025-04-01T02:37:36.801+0000] {taskinstance.py:341} INFO - ::group::Post task execution logs
[2025-04-01T02:37:36.802+0000] {taskinstance.py:353} INFO - Marking task as SUCCESS. dag_id=2-Cargar_data, task_id=create_table, run_id=scheduled__2025-03-31T00:00:00+00:00, execution_date=20250331T000000, start_date=20250401T023735, end_date=20250401T023736
[2025-04-01T02:37:36.919+0000] {local_task_job_runner.py:266} INFO - Task exited with return code 0
[2025-04-01T02:37:37.019+0000] {taskinstance.py:3901} INFO - 1 downstream tasks scheduled from follow-on schedule check
[2025-04-01T02:37:37.023+0000] {local_task_job_runner.py:245} INFO - ::endgroup::
[2025-04-01T02:43:48.107+0000] {local_task_job_runner.py:123} INFO - ::group::Pre task execution logs
[2025-04-01T02:43:48.534+0000] {taskinstance.py:2614} INFO - Dependencies all met for dep_context=non-requeueable deps ti=<TaskInstance: 2-Cargar_data.create_table scheduled__2025-03-31T00:00:00+00:00 [queued]>
[2025-04-01T02:43:48.549+0000] {taskinstance.py:2614} INFO - Dependencies all met for dep_context=requeueable deps ti=<TaskInstance: 2-Cargar_data.create_table scheduled__2025-03-31T00:00:00+00:00 [queued]>
[2025-04-01T02:43:48.550+0000] {taskinstance.py:2867} INFO - Starting attempt 1 of 1
[2025-04-01T02:43:48.575+0000] {taskinstance.py:2890} INFO - Executing <Task(PostgresOperator): create_table> on 2025-03-31 00:00:00+00:00
[2025-04-01T02:43:48.605+0000] {standard_task_runner.py:72} INFO - Started process 2498 to run task
[2025-04-01T02:43:48.626+0000] {standard_task_runner.py:104} INFO - Running: ['***', 'tasks', 'run', '2-Cargar_data', 'create_table', 'scheduled__2025-03-31T00:00:00+00:00', '--job-id', '95', '--raw', '--subdir', 'DAGS_FOLDER/Cargar_datos.py', '--cfg-path', '/tmp/tmpa2dsmb6f']
[2025-04-01T02:43:48.633+0000] {standard_task_runner.py:105} INFO - Job 95: Subtask create_table
[2025-04-01T02:43:48.841+0000] {task_command.py:467} INFO - Running <TaskInstance: 2-Cargar_data.create_table scheduled__2025-03-31T00:00:00+00:00 [running]> on host 7ed3aa8fcef8
[2025-04-01T02:43:49.144+0000] {taskinstance.py:3134} INFO - Exporting env vars: AIRFLOW_CTX_DAG_OWNER='***' AIRFLOW_CTX_DAG_ID='2-Cargar_data' AIRFLOW_CTX_TASK_ID='create_table' AIRFLOW_CTX_EXECUTION_DATE='2025-03-31T00:00:00+00:00' AIRFLOW_CTX_TRY_NUMBER='1' AIRFLOW_CTX_DAG_RUN_ID='scheduled__2025-03-31T00:00:00+00:00'
[2025-04-01T02:43:49.147+0000] {taskinstance.py:732} INFO - ::endgroup::
[2025-04-01T02:43:49.186+0000] {sql.py:266} INFO - Executing: 
CREATE TABLE IF NOT EXISTS covertype (
    id SERIAL PRIMARY KEY,
    Elevation INT NOT NULL, 
    Aspect INT NOT NULL, 
    Slope INT NOT NULL, 
    Horizontal_Distance_To_Hydrology INT NOT NULL,
    Vertical_Distance_To_Hydrology INT NOT NULL,
    Horizontal_Distance_To_Roadways INT NOT NULL,
    Hillshade_9am INT NOT NULL,
    Hillshade_Noon INT NOT NULL,
    Hillshade_3pm INT NOT NULL,
    Horizontal_Distance_To_Fire_Points INT NOT NULL, 
    Wilderness_Area VARCHAR(50) NOT NULL,  
    Soil_Type VARCHAR(50) NOT NULL,  
    Cover_Type INT NOT NULL
);
[2025-04-01T02:43:49.192+0000] {crypto.py:82} WARNING - empty cryptography key - values will not be stored encrypted.
[2025-04-01T02:43:49.196+0000] {base.py:84} INFO - Retrieving connection 'postgres_default'
[2025-04-01T02:43:49.202+0000] {base.py:84} INFO - Retrieving connection 'postgres_default'
[2025-04-01T02:43:49.223+0000] {sql.py:542} INFO - Running statement: 
CREATE TABLE IF NOT EXISTS covertype (
    id SERIAL PRIMARY KEY,
    Elevation INT NOT NULL, 
    Aspect INT NOT NULL, 
    Slope INT NOT NULL, 
    Horizontal_Distance_To_Hydrology INT NOT NULL,
    Vertical_Distance_To_Hydrology INT NOT NULL,
    Horizontal_Distance_To_Roadways INT NOT NULL,
    Hillshade_9am INT NOT NULL,
    Hillshade_Noon INT NOT NULL,
    Hillshade_3pm INT NOT NULL,
    Horizontal_Distance_To_Fire_Points INT NOT NULL, 
    Wilderness_Area VARCHAR(50) NOT NULL,  
    Soil_Type VARCHAR(50) NOT NULL,  
    Cover_Type INT NOT NULL
);, parameters: None
[2025-04-01T02:43:49.260+0000] {taskinstance.py:341} INFO - ::group::Post task execution logs
[2025-04-01T02:43:49.261+0000] {taskinstance.py:353} INFO - Marking task as SUCCESS. dag_id=2-Cargar_data, task_id=create_table, run_id=scheduled__2025-03-31T00:00:00+00:00, execution_date=20250331T000000, start_date=20250401T024348, end_date=20250401T024349
[2025-04-01T02:43:49.415+0000] {local_task_job_runner.py:266} INFO - Task exited with return code 0
[2025-04-01T02:43:49.539+0000] {taskinstance.py:3901} INFO - 1 downstream tasks scheduled from follow-on schedule check
[2025-04-01T02:43:49.542+0000] {local_task_job_runner.py:245} INFO - ::endgroup::
[2025-04-01T02:55:43.356+0000] {local_task_job_runner.py:123} INFO - ::group::Pre task execution logs
[2025-04-01T02:55:44.165+0000] {taskinstance.py:2614} INFO - Dependencies all met for dep_context=non-requeueable deps ti=<TaskInstance: 2-Cargar_data.create_table scheduled__2025-03-31T00:00:00+00:00 [queued]>
[2025-04-01T02:55:44.231+0000] {taskinstance.py:2614} INFO - Dependencies all met for dep_context=requeueable deps ti=<TaskInstance: 2-Cargar_data.create_table scheduled__2025-03-31T00:00:00+00:00 [queued]>
[2025-04-01T02:55:44.232+0000] {taskinstance.py:2867} INFO - Starting attempt 1 of 1
[2025-04-01T02:55:44.295+0000] {taskinstance.py:2890} INFO - Executing <Task(PostgresOperator): create_table> on 2025-03-31 00:00:00+00:00
[2025-04-01T02:55:44.342+0000] {standard_task_runner.py:72} INFO - Started process 2752 to run task
[2025-04-01T02:55:44.383+0000] {standard_task_runner.py:104} INFO - Running: ['***', 'tasks', 'run', '2-Cargar_data', 'create_table', 'scheduled__2025-03-31T00:00:00+00:00', '--job-id', '104', '--raw', '--subdir', 'DAGS_FOLDER/Cargar_datos.py', '--cfg-path', '/tmp/tmpp7kb10m4']
[2025-04-01T02:55:44.402+0000] {standard_task_runner.py:105} INFO - Job 104: Subtask create_table
[2025-04-01T02:55:44.628+0000] {task_command.py:467} INFO - Running <TaskInstance: 2-Cargar_data.create_table scheduled__2025-03-31T00:00:00+00:00 [running]> on host 7ed3aa8fcef8
[2025-04-01T02:55:45.519+0000] {taskinstance.py:3134} INFO - Exporting env vars: AIRFLOW_CTX_DAG_OWNER='***' AIRFLOW_CTX_DAG_ID='2-Cargar_data' AIRFLOW_CTX_TASK_ID='create_table' AIRFLOW_CTX_EXECUTION_DATE='2025-03-31T00:00:00+00:00' AIRFLOW_CTX_TRY_NUMBER='1' AIRFLOW_CTX_DAG_RUN_ID='scheduled__2025-03-31T00:00:00+00:00'
[2025-04-01T02:55:45.546+0000] {taskinstance.py:732} INFO - ::endgroup::
[2025-04-01T02:55:45.626+0000] {sql.py:266} INFO - Executing: 
CREATE TABLE IF NOT EXISTS covertype (
    id SERIAL PRIMARY KEY,
    Elevation INT NOT NULL, 
    Aspect INT NOT NULL, 
    Slope INT NOT NULL, 
    Horizontal_Distance_To_Hydrology INT NOT NULL,
    Vertical_Distance_To_Hydrology INT NOT NULL,
    Horizontal_Distance_To_Roadways INT NOT NULL,
    Hillshade_9am INT NOT NULL,
    Hillshade_Noon INT NOT NULL,
    Hillshade_3pm INT NOT NULL,
    Horizontal_Distance_To_Fire_Points INT NOT NULL, 
    Wilderness_Area VARCHAR(50) NOT NULL,  
    Soil_Type VARCHAR(50) NOT NULL,  
    Cover_Type INT NOT NULL
);
[2025-04-01T02:55:45.636+0000] {crypto.py:82} WARNING - empty cryptography key - values will not be stored encrypted.
[2025-04-01T02:55:45.639+0000] {base.py:84} INFO - Retrieving connection 'postgres_default'
[2025-04-01T02:55:45.651+0000] {base.py:84} INFO - Retrieving connection 'postgres_default'
[2025-04-01T02:55:45.719+0000] {sql.py:542} INFO - Running statement: 
CREATE TABLE IF NOT EXISTS covertype (
    id SERIAL PRIMARY KEY,
    Elevation INT NOT NULL, 
    Aspect INT NOT NULL, 
    Slope INT NOT NULL, 
    Horizontal_Distance_To_Hydrology INT NOT NULL,
    Vertical_Distance_To_Hydrology INT NOT NULL,
    Horizontal_Distance_To_Roadways INT NOT NULL,
    Hillshade_9am INT NOT NULL,
    Hillshade_Noon INT NOT NULL,
    Hillshade_3pm INT NOT NULL,
    Horizontal_Distance_To_Fire_Points INT NOT NULL, 
    Wilderness_Area VARCHAR(50) NOT NULL,  
    Soil_Type VARCHAR(50) NOT NULL,  
    Cover_Type INT NOT NULL
);, parameters: None
[2025-04-01T02:55:45.817+0000] {taskinstance.py:341} INFO - ::group::Post task execution logs
[2025-04-01T02:55:45.824+0000] {taskinstance.py:353} INFO - Marking task as SUCCESS. dag_id=2-Cargar_data, task_id=create_table, run_id=scheduled__2025-03-31T00:00:00+00:00, execution_date=20250331T000000, start_date=20250401T025544, end_date=20250401T025545
[2025-04-01T02:55:46.091+0000] {local_task_job_runner.py:266} INFO - Task exited with return code 0
[2025-04-01T02:55:46.185+0000] {taskinstance.py:3901} INFO - 1 downstream tasks scheduled from follow-on schedule check
[2025-04-01T02:55:46.188+0000] {local_task_job_runner.py:245} INFO - ::endgroup::
[2025-04-01T03:19:49.358+0000] {local_task_job_runner.py:123} INFO - ::group::Pre task execution logs
[2025-04-01T03:19:49.776+0000] {taskinstance.py:2614} INFO - Dependencies all met for dep_context=non-requeueable deps ti=<TaskInstance: 2-Cargar_data.create_table scheduled__2025-03-31T00:00:00+00:00 [queued]>
[2025-04-01T03:19:49.798+0000] {taskinstance.py:2614} INFO - Dependencies all met for dep_context=requeueable deps ti=<TaskInstance: 2-Cargar_data.create_table scheduled__2025-03-31T00:00:00+00:00 [queued]>
[2025-04-01T03:19:49.799+0000] {taskinstance.py:2867} INFO - Starting attempt 1 of 1
[2025-04-01T03:19:49.830+0000] {taskinstance.py:2890} INFO - Executing <Task(PostgresOperator): create_table> on 2025-03-31 00:00:00+00:00
[2025-04-01T03:19:49.857+0000] {standard_task_runner.py:72} INFO - Started process 3250 to run task
[2025-04-01T03:19:49.874+0000] {standard_task_runner.py:104} INFO - Running: ['***', 'tasks', 'run', '2-Cargar_data', 'create_table', 'scheduled__2025-03-31T00:00:00+00:00', '--job-id', '121', '--raw', '--subdir', 'DAGS_FOLDER/Cargar_datos.py', '--cfg-path', '/tmp/tmpz5_scdsl']
[2025-04-01T03:19:49.884+0000] {standard_task_runner.py:105} INFO - Job 121: Subtask create_table
[2025-04-01T03:19:50.027+0000] {task_command.py:467} INFO - Running <TaskInstance: 2-Cargar_data.create_table scheduled__2025-03-31T00:00:00+00:00 [running]> on host 7ed3aa8fcef8
[2025-04-01T03:19:50.192+0000] {taskinstance.py:3134} INFO - Exporting env vars: AIRFLOW_CTX_DAG_OWNER='***' AIRFLOW_CTX_DAG_ID='2-Cargar_data' AIRFLOW_CTX_TASK_ID='create_table' AIRFLOW_CTX_EXECUTION_DATE='2025-03-31T00:00:00+00:00' AIRFLOW_CTX_TRY_NUMBER='1' AIRFLOW_CTX_DAG_RUN_ID='scheduled__2025-03-31T00:00:00+00:00'
[2025-04-01T03:19:50.194+0000] {taskinstance.py:732} INFO - ::endgroup::
[2025-04-01T03:19:50.219+0000] {sql.py:266} INFO - Executing: 
CREATE TABLE IF NOT EXISTS covertype (
    id SERIAL PRIMARY KEY,
    Elevation INT NOT NULL, 
    Aspect INT NOT NULL, 
    Slope INT NOT NULL, 
    Horizontal_Distance_To_Hydrology INT NOT NULL,
    Vertical_Distance_To_Hydrology INT NOT NULL,
    Horizontal_Distance_To_Roadways INT NOT NULL,
    Hillshade_9am INT NOT NULL,
    Hillshade_Noon INT NOT NULL,
    Hillshade_3pm INT NOT NULL,
    Horizontal_Distance_To_Fire_Points INT NOT NULL, 
    Wilderness_Area VARCHAR(50) NOT NULL,  
    Soil_Type VARCHAR(50) NOT NULL,  
    Cover_Type INT NOT NULL
);
[2025-04-01T03:19:50.222+0000] {crypto.py:82} WARNING - empty cryptography key - values will not be stored encrypted.
[2025-04-01T03:19:50.222+0000] {base.py:84} INFO - Retrieving connection 'postgres_default'
[2025-04-01T03:19:50.227+0000] {base.py:84} INFO - Retrieving connection 'postgres_default'
[2025-04-01T03:19:50.242+0000] {sql.py:542} INFO - Running statement: 
CREATE TABLE IF NOT EXISTS covertype (
    id SERIAL PRIMARY KEY,
    Elevation INT NOT NULL, 
    Aspect INT NOT NULL, 
    Slope INT NOT NULL, 
    Horizontal_Distance_To_Hydrology INT NOT NULL,
    Vertical_Distance_To_Hydrology INT NOT NULL,
    Horizontal_Distance_To_Roadways INT NOT NULL,
    Hillshade_9am INT NOT NULL,
    Hillshade_Noon INT NOT NULL,
    Hillshade_3pm INT NOT NULL,
    Horizontal_Distance_To_Fire_Points INT NOT NULL, 
    Wilderness_Area VARCHAR(50) NOT NULL,  
    Soil_Type VARCHAR(50) NOT NULL,  
    Cover_Type INT NOT NULL
);, parameters: None
[2025-04-01T03:19:50.289+0000] {taskinstance.py:341} INFO - ::group::Post task execution logs
[2025-04-01T03:19:50.290+0000] {taskinstance.py:353} INFO - Marking task as SUCCESS. dag_id=2-Cargar_data, task_id=create_table, run_id=scheduled__2025-03-31T00:00:00+00:00, execution_date=20250331T000000, start_date=20250401T031949, end_date=20250401T031950
[2025-04-01T03:19:50.454+0000] {local_task_job_runner.py:266} INFO - Task exited with return code 0
[2025-04-01T03:19:50.537+0000] {taskinstance.py:3901} INFO - 1 downstream tasks scheduled from follow-on schedule check
[2025-04-01T03:19:50.541+0000] {local_task_job_runner.py:245} INFO - ::endgroup::
[2025-04-01T04:40:10.347+0000] {local_task_job_runner.py:123} INFO - ::group::Pre task execution logs
[2025-04-01T04:40:10.397+0000] {taskinstance.py:2614} INFO - Dependencies all met for dep_context=non-requeueable deps ti=<TaskInstance: 2-Cargar_data.create_table scheduled__2025-03-31T00:00:00+00:00 [queued]>
[2025-04-01T04:40:10.419+0000] {taskinstance.py:2614} INFO - Dependencies all met for dep_context=requeueable deps ti=<TaskInstance: 2-Cargar_data.create_table scheduled__2025-03-31T00:00:00+00:00 [queued]>
[2025-04-01T04:40:10.419+0000] {taskinstance.py:2867} INFO - Starting attempt 1 of 1
[2025-04-01T04:40:10.456+0000] {taskinstance.py:2890} INFO - Executing <Task(PostgresOperator): create_table> on 2025-03-31 00:00:00+00:00
[2025-04-01T04:40:10.478+0000] {standard_task_runner.py:72} INFO - Started process 183 to run task
[2025-04-01T04:40:10.493+0000] {standard_task_runner.py:104} INFO - Running: ['***', 'tasks', 'run', '2-Cargar_data', 'create_table', 'scheduled__2025-03-31T00:00:00+00:00', '--job-id', '3', '--raw', '--subdir', 'DAGS_FOLDER/Cargar_datos.py', '--cfg-path', '/tmp/tmpv3014c60']
[2025-04-01T04:40:10.499+0000] {standard_task_runner.py:105} INFO - Job 3: Subtask create_table
[2025-04-01T04:40:10.638+0000] {task_command.py:467} INFO - Running <TaskInstance: 2-Cargar_data.create_table scheduled__2025-03-31T00:00:00+00:00 [running]> on host 4c32ad76034a
[2025-04-01T04:40:11.195+0000] {taskinstance.py:3134} INFO - Exporting env vars: AIRFLOW_CTX_DAG_OWNER='***' AIRFLOW_CTX_DAG_ID='2-Cargar_data' AIRFLOW_CTX_TASK_ID='create_table' AIRFLOW_CTX_EXECUTION_DATE='2025-03-31T00:00:00+00:00' AIRFLOW_CTX_TRY_NUMBER='1' AIRFLOW_CTX_DAG_RUN_ID='scheduled__2025-03-31T00:00:00+00:00'
[2025-04-01T04:40:11.196+0000] {taskinstance.py:732} INFO - ::endgroup::
[2025-04-01T04:40:11.263+0000] {sql.py:266} INFO - Executing: 
CREATE TABLE IF NOT EXISTS covertype (
    id SERIAL PRIMARY KEY,
    Elevation INT NOT NULL, 
    Aspect INT NOT NULL, 
    Slope INT NOT NULL, 
    Horizontal_Distance_To_Hydrology INT NOT NULL,
    Vertical_Distance_To_Hydrology INT NOT NULL,
    Horizontal_Distance_To_Roadways INT NOT NULL,
    Hillshade_9am INT NOT NULL,
    Hillshade_Noon INT NOT NULL,
    Hillshade_3pm INT NOT NULL,
    Horizontal_Distance_To_Fire_Points INT NOT NULL, 
    Wilderness_Area VARCHAR(50) NOT NULL,  
    Soil_Type VARCHAR(50) NOT NULL,  
    Cover_Type INT NOT NULL
);
[2025-04-01T04:40:11.265+0000] {crypto.py:82} WARNING - empty cryptography key - values will not be stored encrypted.
[2025-04-01T04:40:11.266+0000] {base.py:84} INFO - Retrieving connection 'postgres_default'
[2025-04-01T04:40:11.269+0000] {base.py:84} INFO - Retrieving connection 'postgres_default'
[2025-04-01T04:40:11.278+0000] {sql.py:542} INFO - Running statement: 
CREATE TABLE IF NOT EXISTS covertype (
    id SERIAL PRIMARY KEY,
    Elevation INT NOT NULL, 
    Aspect INT NOT NULL, 
    Slope INT NOT NULL, 
    Horizontal_Distance_To_Hydrology INT NOT NULL,
    Vertical_Distance_To_Hydrology INT NOT NULL,
    Horizontal_Distance_To_Roadways INT NOT NULL,
    Hillshade_9am INT NOT NULL,
    Hillshade_Noon INT NOT NULL,
    Hillshade_3pm INT NOT NULL,
    Horizontal_Distance_To_Fire_Points INT NOT NULL, 
    Wilderness_Area VARCHAR(50) NOT NULL,  
    Soil_Type VARCHAR(50) NOT NULL,  
    Cover_Type INT NOT NULL
);, parameters: None
[2025-04-01T04:40:11.334+0000] {taskinstance.py:341} INFO - ::group::Post task execution logs
[2025-04-01T04:40:11.334+0000] {taskinstance.py:353} INFO - Marking task as SUCCESS. dag_id=2-Cargar_data, task_id=create_table, run_id=scheduled__2025-03-31T00:00:00+00:00, execution_date=20250331T000000, start_date=20250401T044010, end_date=20250401T044011
[2025-04-01T04:40:11.480+0000] {local_task_job_runner.py:266} INFO - Task exited with return code 0
[2025-04-01T04:40:11.507+0000] {local_task_job_runner.py:245} INFO - ::endgroup::
[2025-04-01T05:21:44.073+0000] {local_task_job_runner.py:123} INFO - ::group::Pre task execution logs
[2025-04-01T05:21:44.149+0000] {taskinstance.py:2614} INFO - Dependencies all met for dep_context=non-requeueable deps ti=<TaskInstance: 2-Cargar_data.create_table scheduled__2025-03-31T00:00:00+00:00 [queued]>
[2025-04-01T05:21:44.163+0000] {taskinstance.py:2614} INFO - Dependencies all met for dep_context=requeueable deps ti=<TaskInstance: 2-Cargar_data.create_table scheduled__2025-03-31T00:00:00+00:00 [queued]>
[2025-04-01T05:21:44.163+0000] {taskinstance.py:2867} INFO - Starting attempt 1 of 1
[2025-04-01T05:21:44.193+0000] {taskinstance.py:2890} INFO - Executing <Task(PostgresOperator): create_table> on 2025-03-31 00:00:00+00:00
[2025-04-01T05:21:44.215+0000] {standard_task_runner.py:72} INFO - Started process 151 to run task
[2025-04-01T05:21:44.229+0000] {standard_task_runner.py:104} INFO - Running: ['***', 'tasks', 'run', '2-Cargar_data', 'create_table', 'scheduled__2025-03-31T00:00:00+00:00', '--job-id', '3', '--raw', '--subdir', 'DAGS_FOLDER/Cargar_datos.py', '--cfg-path', '/tmp/tmpes1dxwu0']
[2025-04-01T05:21:44.236+0000] {standard_task_runner.py:105} INFO - Job 3: Subtask create_table
[2025-04-01T05:21:44.374+0000] {task_command.py:467} INFO - Running <TaskInstance: 2-Cargar_data.create_table scheduled__2025-03-31T00:00:00+00:00 [running]> on host 090d44c3d28c
[2025-04-01T05:21:44.984+0000] {taskinstance.py:3134} INFO - Exporting env vars: AIRFLOW_CTX_DAG_OWNER='***' AIRFLOW_CTX_DAG_ID='2-Cargar_data' AIRFLOW_CTX_TASK_ID='create_table' AIRFLOW_CTX_EXECUTION_DATE='2025-03-31T00:00:00+00:00' AIRFLOW_CTX_TRY_NUMBER='1' AIRFLOW_CTX_DAG_RUN_ID='scheduled__2025-03-31T00:00:00+00:00'
[2025-04-01T05:21:44.986+0000] {taskinstance.py:732} INFO - ::endgroup::
[2025-04-01T05:21:45.070+0000] {sql.py:266} INFO - Executing: 
CREATE TABLE IF NOT EXISTS covertype (
    id SERIAL PRIMARY KEY,
    Elevation INT NOT NULL, 
    Aspect INT NOT NULL, 
    Slope INT NOT NULL, 
    Horizontal_Distance_To_Hydrology INT NOT NULL,
    Vertical_Distance_To_Hydrology INT NOT NULL,
    Horizontal_Distance_To_Roadways INT NOT NULL,
    Hillshade_9am INT NOT NULL,
    Hillshade_Noon INT NOT NULL,
    Hillshade_3pm INT NOT NULL,
    Horizontal_Distance_To_Fire_Points INT NOT NULL, 
    Wilderness_Area VARCHAR(50) NOT NULL,  
    Soil_Type VARCHAR(50) NOT NULL,  
    Cover_Type INT NOT NULL
);
[2025-04-01T05:21:45.073+0000] {crypto.py:82} WARNING - empty cryptography key - values will not be stored encrypted.
[2025-04-01T05:21:45.074+0000] {base.py:84} INFO - Retrieving connection 'postgres_default'
[2025-04-01T05:21:45.077+0000] {base.py:84} INFO - Retrieving connection 'postgres_default'
[2025-04-01T05:21:45.101+0000] {sql.py:542} INFO - Running statement: 
CREATE TABLE IF NOT EXISTS covertype (
    id SERIAL PRIMARY KEY,
    Elevation INT NOT NULL, 
    Aspect INT NOT NULL, 
    Slope INT NOT NULL, 
    Horizontal_Distance_To_Hydrology INT NOT NULL,
    Vertical_Distance_To_Hydrology INT NOT NULL,
    Horizontal_Distance_To_Roadways INT NOT NULL,
    Hillshade_9am INT NOT NULL,
    Hillshade_Noon INT NOT NULL,
    Hillshade_3pm INT NOT NULL,
    Horizontal_Distance_To_Fire_Points INT NOT NULL, 
    Wilderness_Area VARCHAR(50) NOT NULL,  
    Soil_Type VARCHAR(50) NOT NULL,  
    Cover_Type INT NOT NULL
);, parameters: None
[2025-04-01T05:21:45.184+0000] {taskinstance.py:341} INFO - ::group::Post task execution logs
[2025-04-01T05:21:45.185+0000] {taskinstance.py:353} INFO - Marking task as SUCCESS. dag_id=2-Cargar_data, task_id=create_table, run_id=scheduled__2025-03-31T00:00:00+00:00, execution_date=20250331T000000, start_date=20250401T052144, end_date=20250401T052145
[2025-04-01T05:21:45.374+0000] {local_task_job_runner.py:266} INFO - Task exited with return code 0
[2025-04-01T05:21:45.965+0000] {taskinstance.py:3901} INFO - 1 downstream tasks scheduled from follow-on schedule check
[2025-04-01T05:21:45.968+0000] {local_task_job_runner.py:245} INFO - ::endgroup::
[2025-04-01T05:51:33.516+0000] {local_task_job_runner.py:123} INFO - ::group::Pre task execution logs
[2025-04-01T05:51:33.579+0000] {taskinstance.py:2614} INFO - Dependencies all met for dep_context=non-requeueable deps ti=<TaskInstance: 2-Cargar_data.create_table scheduled__2025-03-31T00:00:00+00:00 [queued]>
[2025-04-01T05:51:33.605+0000] {taskinstance.py:2614} INFO - Dependencies all met for dep_context=requeueable deps ti=<TaskInstance: 2-Cargar_data.create_table scheduled__2025-03-31T00:00:00+00:00 [queued]>
[2025-04-01T05:51:33.606+0000] {taskinstance.py:2867} INFO - Starting attempt 1 of 1
[2025-04-01T05:51:33.625+0000] {taskinstance.py:2890} INFO - Executing <Task(PostgresOperator): create_table> on 2025-03-31 00:00:00+00:00
[2025-04-01T05:51:33.650+0000] {standard_task_runner.py:72} INFO - Started process 136 to run task
[2025-04-01T05:51:33.671+0000] {standard_task_runner.py:104} INFO - Running: ['***', 'tasks', 'run', '2-Cargar_data', 'create_table', 'scheduled__2025-03-31T00:00:00+00:00', '--job-id', '3', '--raw', '--subdir', 'DAGS_FOLDER/Cargar_datos.py', '--cfg-path', '/tmp/tmp96bchfng']
[2025-04-01T05:51:33.682+0000] {standard_task_runner.py:105} INFO - Job 3: Subtask create_table
[2025-04-01T05:51:33.843+0000] {task_command.py:467} INFO - Running <TaskInstance: 2-Cargar_data.create_table scheduled__2025-03-31T00:00:00+00:00 [running]> on host b7c6052ef868
[2025-04-01T05:51:34.703+0000] {taskinstance.py:3134} INFO - Exporting env vars: AIRFLOW_CTX_DAG_OWNER='***' AIRFLOW_CTX_DAG_ID='2-Cargar_data' AIRFLOW_CTX_TASK_ID='create_table' AIRFLOW_CTX_EXECUTION_DATE='2025-03-31T00:00:00+00:00' AIRFLOW_CTX_TRY_NUMBER='1' AIRFLOW_CTX_DAG_RUN_ID='scheduled__2025-03-31T00:00:00+00:00'
[2025-04-01T05:51:34.709+0000] {taskinstance.py:732} INFO - ::endgroup::
[2025-04-01T05:51:34.803+0000] {sql.py:266} INFO - Executing: 
CREATE TABLE IF NOT EXISTS covertype (
    id SERIAL PRIMARY KEY,
    Elevation INT NOT NULL, 
    Aspect INT NOT NULL, 
    Slope INT NOT NULL, 
    Horizontal_Distance_To_Hydrology INT NOT NULL,
    Vertical_Distance_To_Hydrology INT NOT NULL,
    Horizontal_Distance_To_Roadways INT NOT NULL,
    Hillshade_9am INT NOT NULL,
    Hillshade_Noon INT NOT NULL,
    Hillshade_3pm INT NOT NULL,
    Horizontal_Distance_To_Fire_Points INT NOT NULL, 
    Wilderness_Area VARCHAR(50) NOT NULL,  
    Soil_Type VARCHAR(50) NOT NULL,  
    Cover_Type INT NOT NULL
);
[2025-04-01T05:51:34.804+0000] {crypto.py:82} WARNING - empty cryptography key - values will not be stored encrypted.
[2025-04-01T05:51:34.805+0000] {base.py:84} INFO - Retrieving connection 'postgres_default'
[2025-04-01T05:51:34.807+0000] {base.py:84} INFO - Retrieving connection 'postgres_default'
[2025-04-01T05:51:34.836+0000] {sql.py:542} INFO - Running statement: 
CREATE TABLE IF NOT EXISTS covertype (
    id SERIAL PRIMARY KEY,
    Elevation INT NOT NULL, 
    Aspect INT NOT NULL, 
    Slope INT NOT NULL, 
    Horizontal_Distance_To_Hydrology INT NOT NULL,
    Vertical_Distance_To_Hydrology INT NOT NULL,
    Horizontal_Distance_To_Roadways INT NOT NULL,
    Hillshade_9am INT NOT NULL,
    Hillshade_Noon INT NOT NULL,
    Hillshade_3pm INT NOT NULL,
    Horizontal_Distance_To_Fire_Points INT NOT NULL, 
    Wilderness_Area VARCHAR(50) NOT NULL,  
    Soil_Type VARCHAR(50) NOT NULL,  
    Cover_Type INT NOT NULL
);, parameters: None
[2025-04-01T05:51:34.912+0000] {taskinstance.py:341} INFO - ::group::Post task execution logs
[2025-04-01T05:51:34.914+0000] {taskinstance.py:353} INFO - Marking task as SUCCESS. dag_id=2-Cargar_data, task_id=create_table, run_id=scheduled__2025-03-31T00:00:00+00:00, execution_date=20250331T000000, start_date=20250401T055133, end_date=20250401T055134
[2025-04-01T05:51:35.105+0000] {local_task_job_runner.py:266} INFO - Task exited with return code 0
[2025-04-01T05:51:35.487+0000] {taskinstance.py:3901} INFO - 1 downstream tasks scheduled from follow-on schedule check
[2025-04-01T05:51:35.492+0000] {local_task_job_runner.py:245} INFO - ::endgroup::
[2025-04-01T06:19:44.441+0000] {local_task_job_runner.py:123} INFO - ::group::Pre task execution logs
[2025-04-01T06:19:44.524+0000] {taskinstance.py:2614} INFO - Dependencies all met for dep_context=non-requeueable deps ti=<TaskInstance: 2-Cargar_data.create_table scheduled__2025-03-31T00:00:00+00:00 [queued]>
[2025-04-01T06:19:44.557+0000] {taskinstance.py:2614} INFO - Dependencies all met for dep_context=requeueable deps ti=<TaskInstance: 2-Cargar_data.create_table scheduled__2025-03-31T00:00:00+00:00 [queued]>
[2025-04-01T06:19:44.557+0000] {taskinstance.py:2867} INFO - Starting attempt 1 of 1
[2025-04-01T06:19:44.593+0000] {taskinstance.py:2890} INFO - Executing <Task(PostgresOperator): create_table> on 2025-03-31 00:00:00+00:00
[2025-04-01T06:19:44.620+0000] {standard_task_runner.py:72} INFO - Started process 225 to run task
[2025-04-01T06:19:44.633+0000] {standard_task_runner.py:104} INFO - Running: ['***', 'tasks', 'run', '2-Cargar_data', 'create_table', 'scheduled__2025-03-31T00:00:00+00:00', '--job-id', '3', '--raw', '--subdir', 'DAGS_FOLDER/Cargar_datos.py', '--cfg-path', '/tmp/tmpp7l30z_a']
[2025-04-01T06:19:44.640+0000] {standard_task_runner.py:105} INFO - Job 3: Subtask create_table
[2025-04-01T06:19:44.887+0000] {task_command.py:467} INFO - Running <TaskInstance: 2-Cargar_data.create_table scheduled__2025-03-31T00:00:00+00:00 [running]> on host ed472e138aea
[2025-04-01T06:19:45.851+0000] {taskinstance.py:3134} INFO - Exporting env vars: AIRFLOW_CTX_DAG_OWNER='***' AIRFLOW_CTX_DAG_ID='2-Cargar_data' AIRFLOW_CTX_TASK_ID='create_table' AIRFLOW_CTX_EXECUTION_DATE='2025-03-31T00:00:00+00:00' AIRFLOW_CTX_TRY_NUMBER='1' AIRFLOW_CTX_DAG_RUN_ID='scheduled__2025-03-31T00:00:00+00:00'
[2025-04-01T06:19:45.854+0000] {taskinstance.py:732} INFO - ::endgroup::
[2025-04-01T06:19:45.986+0000] {sql.py:266} INFO - Executing: 
CREATE TABLE IF NOT EXISTS covertype (
    id SERIAL PRIMARY KEY,
    Elevation INT NOT NULL, 
    Aspect INT NOT NULL, 
    Slope INT NOT NULL, 
    Horizontal_Distance_To_Hydrology INT NOT NULL,
    Vertical_Distance_To_Hydrology INT NOT NULL,
    Horizontal_Distance_To_Roadways INT NOT NULL,
    Hillshade_9am INT NOT NULL,
    Hillshade_Noon INT NOT NULL,
    Hillshade_3pm INT NOT NULL,
    Horizontal_Distance_To_Fire_Points INT NOT NULL, 
    Wilderness_Area VARCHAR(50) NOT NULL,  
    Soil_Type VARCHAR(50) NOT NULL,  
    Cover_Type INT NOT NULL
);
[2025-04-01T06:19:45.989+0000] {crypto.py:82} WARNING - empty cryptography key - values will not be stored encrypted.
[2025-04-01T06:19:45.989+0000] {base.py:84} INFO - Retrieving connection 'postgres_default'
[2025-04-01T06:19:46.006+0000] {base.py:84} INFO - Retrieving connection 'postgres_default'
[2025-04-01T06:19:46.028+0000] {sql.py:542} INFO - Running statement: 
CREATE TABLE IF NOT EXISTS covertype (
    id SERIAL PRIMARY KEY,
    Elevation INT NOT NULL, 
    Aspect INT NOT NULL, 
    Slope INT NOT NULL, 
    Horizontal_Distance_To_Hydrology INT NOT NULL,
    Vertical_Distance_To_Hydrology INT NOT NULL,
    Horizontal_Distance_To_Roadways INT NOT NULL,
    Hillshade_9am INT NOT NULL,
    Hillshade_Noon INT NOT NULL,
    Hillshade_3pm INT NOT NULL,
    Horizontal_Distance_To_Fire_Points INT NOT NULL, 
    Wilderness_Area VARCHAR(50) NOT NULL,  
    Soil_Type VARCHAR(50) NOT NULL,  
    Cover_Type INT NOT NULL
);, parameters: None
[2025-04-01T06:19:46.135+0000] {taskinstance.py:341} INFO - ::group::Post task execution logs
[2025-04-01T06:19:46.137+0000] {taskinstance.py:353} INFO - Marking task as SUCCESS. dag_id=2-Cargar_data, task_id=create_table, run_id=scheduled__2025-03-31T00:00:00+00:00, execution_date=20250331T000000, start_date=20250401T061944, end_date=20250401T061946
[2025-04-01T06:19:46.616+0000] {local_task_job_runner.py:266} INFO - Task exited with return code 0
[2025-04-01T06:19:46.693+0000] {local_task_job_runner.py:245} INFO - ::endgroup::
[2025-04-01T06:53:50.645+0000] {local_task_job_runner.py:123} INFO - ::group::Pre task execution logs
[2025-04-01T06:53:50.699+0000] {taskinstance.py:2614} INFO - Dependencies all met for dep_context=non-requeueable deps ti=<TaskInstance: 2-Cargar_data.create_table scheduled__2025-03-31T00:00:00+00:00 [queued]>
[2025-04-01T06:53:50.726+0000] {taskinstance.py:2614} INFO - Dependencies all met for dep_context=requeueable deps ti=<TaskInstance: 2-Cargar_data.create_table scheduled__2025-03-31T00:00:00+00:00 [queued]>
[2025-04-01T06:53:50.727+0000] {taskinstance.py:2867} INFO - Starting attempt 1 of 1
[2025-04-01T06:53:50.758+0000] {taskinstance.py:2890} INFO - Executing <Task(PostgresOperator): create_table> on 2025-03-31 00:00:00+00:00
[2025-04-01T06:53:50.786+0000] {standard_task_runner.py:72} INFO - Started process 118 to run task
[2025-04-01T06:53:50.801+0000] {standard_task_runner.py:104} INFO - Running: ['***', 'tasks', 'run', '2-Cargar_data', 'create_table', 'scheduled__2025-03-31T00:00:00+00:00', '--job-id', '3', '--raw', '--subdir', 'DAGS_FOLDER/Cargar_datos.py', '--cfg-path', '/tmp/tmpzij97apo']
[2025-04-01T06:53:50.810+0000] {standard_task_runner.py:105} INFO - Job 3: Subtask create_table
[2025-04-01T06:53:50.977+0000] {task_command.py:467} INFO - Running <TaskInstance: 2-Cargar_data.create_table scheduled__2025-03-31T00:00:00+00:00 [running]> on host fbd57094de13
[2025-04-01T06:53:51.644+0000] {taskinstance.py:3134} INFO - Exporting env vars: AIRFLOW_CTX_DAG_OWNER='***' AIRFLOW_CTX_DAG_ID='2-Cargar_data' AIRFLOW_CTX_TASK_ID='create_table' AIRFLOW_CTX_EXECUTION_DATE='2025-03-31T00:00:00+00:00' AIRFLOW_CTX_TRY_NUMBER='1' AIRFLOW_CTX_DAG_RUN_ID='scheduled__2025-03-31T00:00:00+00:00'
[2025-04-01T06:53:51.648+0000] {taskinstance.py:732} INFO - ::endgroup::
[2025-04-01T06:53:51.726+0000] {sql.py:266} INFO - Executing: 
CREATE TABLE IF NOT EXISTS covertype (
    id SERIAL PRIMARY KEY,
    Elevation INT NOT NULL, 
    Aspect INT NOT NULL, 
    Slope INT NOT NULL, 
    Horizontal_Distance_To_Hydrology INT NOT NULL,
    Vertical_Distance_To_Hydrology INT NOT NULL,
    Horizontal_Distance_To_Roadways INT NOT NULL,
    Hillshade_9am INT NOT NULL,
    Hillshade_Noon INT NOT NULL,
    Hillshade_3pm INT NOT NULL,
    Horizontal_Distance_To_Fire_Points INT NOT NULL, 
    Wilderness_Area VARCHAR(50) NOT NULL,  
    Soil_Type VARCHAR(50) NOT NULL,  
    Cover_Type INT NOT NULL
);
[2025-04-01T06:53:51.728+0000] {crypto.py:82} WARNING - empty cryptography key - values will not be stored encrypted.
[2025-04-01T06:53:51.729+0000] {base.py:84} INFO - Retrieving connection 'postgres_default'
[2025-04-01T06:53:51.732+0000] {base.py:84} INFO - Retrieving connection 'postgres_default'
[2025-04-01T06:53:51.745+0000] {sql.py:542} INFO - Running statement: 
CREATE TABLE IF NOT EXISTS covertype (
    id SERIAL PRIMARY KEY,
    Elevation INT NOT NULL, 
    Aspect INT NOT NULL, 
    Slope INT NOT NULL, 
    Horizontal_Distance_To_Hydrology INT NOT NULL,
    Vertical_Distance_To_Hydrology INT NOT NULL,
    Horizontal_Distance_To_Roadways INT NOT NULL,
    Hillshade_9am INT NOT NULL,
    Hillshade_Noon INT NOT NULL,
    Hillshade_3pm INT NOT NULL,
    Horizontal_Distance_To_Fire_Points INT NOT NULL, 
    Wilderness_Area VARCHAR(50) NOT NULL,  
    Soil_Type VARCHAR(50) NOT NULL,  
    Cover_Type INT NOT NULL
);, parameters: None
[2025-04-01T06:53:51.796+0000] {taskinstance.py:341} INFO - ::group::Post task execution logs
[2025-04-01T06:53:51.797+0000] {taskinstance.py:353} INFO - Marking task as SUCCESS. dag_id=2-Cargar_data, task_id=create_table, run_id=scheduled__2025-03-31T00:00:00+00:00, execution_date=20250331T000000, start_date=20250401T065350, end_date=20250401T065351
[2025-04-01T06:53:51.900+0000] {local_task_job_runner.py:266} INFO - Task exited with return code 0
[2025-04-01T06:53:52.323+0000] {taskinstance.py:3901} INFO - 1 downstream tasks scheduled from follow-on schedule check
[2025-04-01T06:53:52.330+0000] {local_task_job_runner.py:245} INFO - ::endgroup::
