[2025-04-01T03:34:36.998+0000] {local_task_job_runner.py:123} INFO - ::group::Pre task execution logs
[2025-04-01T03:34:37.057+0000] {taskinstance.py:2614} INFO - Dependencies all met for dep_context=non-requeueable deps ti=<TaskInstance: 1-clean_data_dag.delete_data_task manual__2025-04-01T03:34:34.392650+00:00 [queued]>
[2025-04-01T03:34:37.126+0000] {taskinstance.py:2614} INFO - Dependencies all met for dep_context=requeueable deps ti=<TaskInstance: 1-clean_data_dag.delete_data_task manual__2025-04-01T03:34:34.392650+00:00 [queued]>
[2025-04-01T03:34:37.126+0000] {taskinstance.py:2867} INFO - Starting attempt 1 of 1
[2025-04-01T03:34:37.219+0000] {taskinstance.py:2890} INFO - Executing <Task(PythonOperator): delete_data_task> on 2025-04-01 03:34:34.392650+00:00
[2025-04-01T03:34:37.276+0000] {standard_task_runner.py:72} INFO - Started process 3551 to run task
[2025-04-01T03:34:37.304+0000] {standard_task_runner.py:104} INFO - Running: ['***', 'tasks', 'run', '1-clean_data_dag', 'delete_data_task', 'manual__2025-04-01T03:34:34.392650+00:00', '--job-id', '130', '--raw', '--subdir', 'DAGS_FOLDER/Borrar_datos.py', '--cfg-path', '/tmp/tmpzvs65frm']
[2025-04-01T03:34:37.326+0000] {standard_task_runner.py:105} INFO - Job 130: Subtask delete_data_task
[2025-04-01T03:34:37.740+0000] {task_command.py:467} INFO - Running <TaskInstance: 1-clean_data_dag.delete_data_task manual__2025-04-01T03:34:34.392650+00:00 [running]> on host 7ed3aa8fcef8
[2025-04-01T03:34:38.187+0000] {taskinstance.py:3134} INFO - Exporting env vars: AIRFLOW_CTX_DAG_OWNER='***' AIRFLOW_CTX_DAG_ID='1-clean_data_dag' AIRFLOW_CTX_TASK_ID='delete_data_task' AIRFLOW_CTX_EXECUTION_DATE='2025-04-01T03:34:34.392650+00:00' AIRFLOW_CTX_TRY_NUMBER='1' AIRFLOW_CTX_DAG_RUN_ID='manual__2025-04-01T03:34:34.392650+00:00'
[2025-04-01T03:34:38.188+0000] {taskinstance.py:732} INFO - ::endgroup::
[2025-04-01T03:34:38.280+0000] {crypto.py:82} WARNING - empty cryptography key - values will not be stored encrypted.
[2025-04-01T03:34:38.287+0000] {base.py:84} INFO - Retrieving connection 'postgres_default'
[2025-04-01T03:34:38.306+0000] {sql.py:542} INFO - Running statement: DELETE FROM covertype, parameters: None
[2025-04-01T03:34:38.486+0000] {sql.py:551} INFO - Rows affected: 75530
[2025-04-01T03:34:38.531+0000] {logging_mixin.py:190} INFO - Todas las filas han sido eliminadas de la tabla
[2025-04-01T03:34:38.535+0000] {python.py:240} INFO - Done. Returned value was: None
[2025-04-01T03:34:38.611+0000] {taskinstance.py:341} INFO - ::group::Post task execution logs
[2025-04-01T03:34:38.614+0000] {taskinstance.py:353} INFO - Marking task as SUCCESS. dag_id=1-clean_data_dag, task_id=delete_data_task, run_id=manual__2025-04-01T03:34:34.392650+00:00, execution_date=20250401T033434, start_date=20250401T033437, end_date=20250401T033438
[2025-04-01T03:34:38.843+0000] {local_task_job_runner.py:266} INFO - Task exited with return code 0
[2025-04-01T03:34:38.932+0000] {taskinstance.py:3901} INFO - 0 downstream tasks scheduled from follow-on schedule check
[2025-04-01T03:34:38.940+0000] {local_task_job_runner.py:245} INFO - ::endgroup::
