[2025-03-10T04:26:53.718+0000] {processor.py:156} INFO - Started process (PID=184) to work on /opt/airflow/dags/Borrar_datos.py
[2025-03-10T04:26:53.719+0000] {processor.py:799} INFO - Processing file /opt/airflow/dags/Borrar_datos.py for tasks to queue
[2025-03-10T04:26:53.720+0000] {logging_mixin.py:149} INFO - [2025-03-10T04:26:53.720+0000] {dagbag.py:541} INFO - Filling up the DagBag from /opt/airflow/dags/Borrar_datos.py
[2025-03-10T04:26:53.744+0000] {processor.py:809} INFO - DAG(s) dict_keys(['1-Borrar_penguins_db']) retrieved from /opt/airflow/dags/Borrar_datos.py
[2025-03-10T04:26:53.796+0000] {logging_mixin.py:149} INFO - [2025-03-10T04:26:53.796+0000] {dag.py:2726} INFO - Sync 1 DAGs
[2025-03-10T04:26:53.818+0000] {logging_mixin.py:149} INFO - [2025-03-10T04:26:53.818+0000] {dag.py:3490} INFO - Setting next_dagrun for 1-Borrar_penguins_db to None, run_after=None
[2025-03-10T04:26:53.839+0000] {processor.py:178} INFO - Processing /opt/airflow/dags/Borrar_datos.py took 0.124 seconds
[2025-03-10T04:27:24.496+0000] {processor.py:156} INFO - Started process (PID=293) to work on /opt/airflow/dags/Borrar_datos.py
[2025-03-10T04:27:24.497+0000] {processor.py:799} INFO - Processing file /opt/airflow/dags/Borrar_datos.py for tasks to queue
[2025-03-10T04:27:24.498+0000] {logging_mixin.py:149} INFO - [2025-03-10T04:27:24.498+0000] {dagbag.py:541} INFO - Filling up the DagBag from /opt/airflow/dags/Borrar_datos.py
[2025-03-10T04:27:24.519+0000] {processor.py:809} INFO - DAG(s) dict_keys(['1-Borrar_penguins_db']) retrieved from /opt/airflow/dags/Borrar_datos.py
[2025-03-10T04:27:24.539+0000] {logging_mixin.py:149} INFO - [2025-03-10T04:27:24.539+0000] {dag.py:2726} INFO - Sync 1 DAGs
[2025-03-10T04:27:24.554+0000] {logging_mixin.py:149} INFO - [2025-03-10T04:27:24.554+0000] {dag.py:3490} INFO - Setting next_dagrun for 1-Borrar_penguins_db to None, run_after=None
[2025-03-10T04:27:24.570+0000] {processor.py:178} INFO - Processing /opt/airflow/dags/Borrar_datos.py took 0.076 seconds
[2025-03-10T04:27:55.884+0000] {processor.py:156} INFO - Started process (PID=402) to work on /opt/airflow/dags/Borrar_datos.py
[2025-03-10T04:27:55.885+0000] {processor.py:799} INFO - Processing file /opt/airflow/dags/Borrar_datos.py for tasks to queue
[2025-03-10T04:27:55.885+0000] {logging_mixin.py:149} INFO - [2025-03-10T04:27:55.885+0000] {dagbag.py:541} INFO - Filling up the DagBag from /opt/airflow/dags/Borrar_datos.py
[2025-03-10T04:27:55.899+0000] {processor.py:809} INFO - DAG(s) dict_keys(['1-Borrar_penguins_db']) retrieved from /opt/airflow/dags/Borrar_datos.py
[2025-03-10T04:27:55.916+0000] {logging_mixin.py:149} INFO - [2025-03-10T04:27:55.916+0000] {dag.py:2726} INFO - Sync 1 DAGs
[2025-03-10T04:27:55.932+0000] {logging_mixin.py:149} INFO - [2025-03-10T04:27:55.932+0000] {dag.py:3490} INFO - Setting next_dagrun for 1-Borrar_penguins_db to None, run_after=None
[2025-03-10T04:27:55.943+0000] {processor.py:178} INFO - Processing /opt/airflow/dags/Borrar_datos.py took 0.061 seconds
[2025-03-10T04:28:27.255+0000] {processor.py:156} INFO - Started process (PID=511) to work on /opt/airflow/dags/Borrar_datos.py
[2025-03-10T04:28:27.256+0000] {processor.py:799} INFO - Processing file /opt/airflow/dags/Borrar_datos.py for tasks to queue
[2025-03-10T04:28:27.257+0000] {logging_mixin.py:149} INFO - [2025-03-10T04:28:27.257+0000] {dagbag.py:541} INFO - Filling up the DagBag from /opt/airflow/dags/Borrar_datos.py
[2025-03-10T04:28:27.273+0000] {processor.py:809} INFO - DAG(s) dict_keys(['1-Borrar_penguins_db']) retrieved from /opt/airflow/dags/Borrar_datos.py
[2025-03-10T04:28:27.291+0000] {logging_mixin.py:149} INFO - [2025-03-10T04:28:27.291+0000] {dag.py:2726} INFO - Sync 1 DAGs
[2025-03-10T04:28:27.306+0000] {logging_mixin.py:149} INFO - [2025-03-10T04:28:27.306+0000] {dag.py:3490} INFO - Setting next_dagrun for 1-Borrar_penguins_db to None, run_after=None
[2025-03-10T04:28:27.319+0000] {processor.py:178} INFO - Processing /opt/airflow/dags/Borrar_datos.py took 0.067 seconds
[2025-03-10T04:28:58.894+0000] {processor.py:156} INFO - Started process (PID=620) to work on /opt/airflow/dags/Borrar_datos.py
[2025-03-10T04:28:58.895+0000] {processor.py:799} INFO - Processing file /opt/airflow/dags/Borrar_datos.py for tasks to queue
[2025-03-10T04:28:58.896+0000] {logging_mixin.py:149} INFO - [2025-03-10T04:28:58.896+0000] {dagbag.py:541} INFO - Filling up the DagBag from /opt/airflow/dags/Borrar_datos.py
[2025-03-10T04:28:58.911+0000] {processor.py:809} INFO - DAG(s) dict_keys(['1-Borrar_penguins_db']) retrieved from /opt/airflow/dags/Borrar_datos.py
[2025-03-10T04:28:58.927+0000] {logging_mixin.py:149} INFO - [2025-03-10T04:28:58.927+0000] {dag.py:2726} INFO - Sync 1 DAGs
[2025-03-10T04:28:58.941+0000] {logging_mixin.py:149} INFO - [2025-03-10T04:28:58.941+0000] {dag.py:3490} INFO - Setting next_dagrun for 1-Borrar_penguins_db to None, run_after=None
[2025-03-10T04:28:58.955+0000] {processor.py:178} INFO - Processing /opt/airflow/dags/Borrar_datos.py took 0.063 seconds
[2025-03-10T04:29:29.720+0000] {processor.py:156} INFO - Started process (PID=729) to work on /opt/airflow/dags/Borrar_datos.py
[2025-03-10T04:29:29.721+0000] {processor.py:799} INFO - Processing file /opt/airflow/dags/Borrar_datos.py for tasks to queue
[2025-03-10T04:29:29.722+0000] {logging_mixin.py:149} INFO - [2025-03-10T04:29:29.722+0000] {dagbag.py:541} INFO - Filling up the DagBag from /opt/airflow/dags/Borrar_datos.py
[2025-03-10T04:29:29.741+0000] {processor.py:809} INFO - DAG(s) dict_keys(['1-Borrar_penguins_db']) retrieved from /opt/airflow/dags/Borrar_datos.py
[2025-03-10T04:29:29.759+0000] {logging_mixin.py:149} INFO - [2025-03-10T04:29:29.759+0000] {dag.py:2726} INFO - Sync 1 DAGs
[2025-03-10T04:29:29.774+0000] {logging_mixin.py:149} INFO - [2025-03-10T04:29:29.774+0000] {dag.py:3490} INFO - Setting next_dagrun for 1-Borrar_penguins_db to None, run_after=None
[2025-03-10T04:29:29.792+0000] {processor.py:178} INFO - Processing /opt/airflow/dags/Borrar_datos.py took 0.074 seconds
[2025-03-10T04:30:01.309+0000] {processor.py:156} INFO - Started process (PID=838) to work on /opt/airflow/dags/Borrar_datos.py
[2025-03-10T04:30:01.310+0000] {processor.py:799} INFO - Processing file /opt/airflow/dags/Borrar_datos.py for tasks to queue
[2025-03-10T04:30:01.310+0000] {logging_mixin.py:149} INFO - [2025-03-10T04:30:01.310+0000] {dagbag.py:541} INFO - Filling up the DagBag from /opt/airflow/dags/Borrar_datos.py
[2025-03-10T04:30:01.325+0000] {processor.py:809} INFO - DAG(s) dict_keys(['1-Borrar_penguins_db']) retrieved from /opt/airflow/dags/Borrar_datos.py
[2025-03-10T04:30:01.344+0000] {logging_mixin.py:149} INFO - [2025-03-10T04:30:01.344+0000] {dag.py:2726} INFO - Sync 1 DAGs
[2025-03-10T04:30:01.360+0000] {logging_mixin.py:149} INFO - [2025-03-10T04:30:01.360+0000] {dag.py:3490} INFO - Setting next_dagrun for 1-Borrar_penguins_db to None, run_after=None
[2025-03-10T04:30:01.373+0000] {processor.py:178} INFO - Processing /opt/airflow/dags/Borrar_datos.py took 0.066 seconds
[2025-03-10T04:30:32.465+0000] {processor.py:156} INFO - Started process (PID=927) to work on /opt/airflow/dags/Borrar_datos.py
[2025-03-10T04:30:32.466+0000] {processor.py:799} INFO - Processing file /opt/airflow/dags/Borrar_datos.py for tasks to queue
[2025-03-10T04:30:32.467+0000] {logging_mixin.py:149} INFO - [2025-03-10T04:30:32.467+0000] {dagbag.py:541} INFO - Filling up the DagBag from /opt/airflow/dags/Borrar_datos.py
[2025-03-10T04:30:32.498+0000] {processor.py:809} INFO - DAG(s) dict_keys(['1-Borrar_penguins_db']) retrieved from /opt/airflow/dags/Borrar_datos.py
[2025-03-10T04:30:32.565+0000] {logging_mixin.py:149} INFO - [2025-03-10T04:30:32.565+0000] {dag.py:2726} INFO - Sync 1 DAGs
[2025-03-10T04:30:32.582+0000] {logging_mixin.py:149} INFO - [2025-03-10T04:30:32.581+0000] {dag.py:3490} INFO - Setting next_dagrun for 1-Borrar_penguins_db to None, run_after=None
[2025-03-10T04:30:32.598+0000] {processor.py:178} INFO - Processing /opt/airflow/dags/Borrar_datos.py took 0.135 seconds
[2025-03-10T04:31:04.078+0000] {processor.py:156} INFO - Started process (PID=1056) to work on /opt/airflow/dags/Borrar_datos.py
[2025-03-10T04:31:04.079+0000] {processor.py:799} INFO - Processing file /opt/airflow/dags/Borrar_datos.py for tasks to queue
[2025-03-10T04:31:04.080+0000] {logging_mixin.py:149} INFO - [2025-03-10T04:31:04.080+0000] {dagbag.py:541} INFO - Filling up the DagBag from /opt/airflow/dags/Borrar_datos.py
[2025-03-10T04:31:04.096+0000] {processor.py:809} INFO - DAG(s) dict_keys(['1-Borrar_penguins_db']) retrieved from /opt/airflow/dags/Borrar_datos.py
[2025-03-10T04:31:04.117+0000] {logging_mixin.py:149} INFO - [2025-03-10T04:31:04.116+0000] {dag.py:2726} INFO - Sync 1 DAGs
[2025-03-10T04:31:04.133+0000] {logging_mixin.py:149} INFO - [2025-03-10T04:31:04.133+0000] {dag.py:3490} INFO - Setting next_dagrun for 1-Borrar_penguins_db to None, run_after=None
[2025-03-10T04:31:04.147+0000] {processor.py:178} INFO - Processing /opt/airflow/dags/Borrar_datos.py took 0.072 seconds
[2025-03-10T04:31:34.841+0000] {processor.py:156} INFO - Started process (PID=1165) to work on /opt/airflow/dags/Borrar_datos.py
[2025-03-10T04:31:34.842+0000] {processor.py:799} INFO - Processing file /opt/airflow/dags/Borrar_datos.py for tasks to queue
[2025-03-10T04:31:34.843+0000] {logging_mixin.py:149} INFO - [2025-03-10T04:31:34.843+0000] {dagbag.py:541} INFO - Filling up the DagBag from /opt/airflow/dags/Borrar_datos.py
[2025-03-10T04:31:34.880+0000] {processor.py:809} INFO - DAG(s) dict_keys(['1-Borrar_penguins_db']) retrieved from /opt/airflow/dags/Borrar_datos.py
[2025-03-10T04:31:34.905+0000] {logging_mixin.py:149} INFO - [2025-03-10T04:31:34.905+0000] {dag.py:2726} INFO - Sync 1 DAGs
[2025-03-10T04:31:34.926+0000] {logging_mixin.py:149} INFO - [2025-03-10T04:31:34.926+0000] {dag.py:3490} INFO - Setting next_dagrun for 1-Borrar_penguins_db to None, run_after=None
[2025-03-10T04:31:34.942+0000] {processor.py:178} INFO - Processing /opt/airflow/dags/Borrar_datos.py took 0.103 seconds
[2025-03-10T04:32:05.810+0000] {processor.py:156} INFO - Started process (PID=1274) to work on /opt/airflow/dags/Borrar_datos.py
[2025-03-10T04:32:05.811+0000] {processor.py:799} INFO - Processing file /opt/airflow/dags/Borrar_datos.py for tasks to queue
[2025-03-10T04:32:05.812+0000] {logging_mixin.py:149} INFO - [2025-03-10T04:32:05.812+0000] {dagbag.py:541} INFO - Filling up the DagBag from /opt/airflow/dags/Borrar_datos.py
[2025-03-10T04:32:05.826+0000] {processor.py:809} INFO - DAG(s) dict_keys(['1-Borrar_penguins_db']) retrieved from /opt/airflow/dags/Borrar_datos.py
[2025-03-10T04:32:05.844+0000] {logging_mixin.py:149} INFO - [2025-03-10T04:32:05.844+0000] {dag.py:2726} INFO - Sync 1 DAGs
[2025-03-10T04:32:05.859+0000] {logging_mixin.py:149} INFO - [2025-03-10T04:32:05.859+0000] {dag.py:3490} INFO - Setting next_dagrun for 1-Borrar_penguins_db to None, run_after=None
[2025-03-10T04:32:05.870+0000] {processor.py:178} INFO - Processing /opt/airflow/dags/Borrar_datos.py took 0.062 seconds
[2025-03-10T04:32:37.207+0000] {processor.py:156} INFO - Started process (PID=1383) to work on /opt/airflow/dags/Borrar_datos.py
[2025-03-10T04:32:37.208+0000] {processor.py:799} INFO - Processing file /opt/airflow/dags/Borrar_datos.py for tasks to queue
[2025-03-10T04:32:37.208+0000] {logging_mixin.py:149} INFO - [2025-03-10T04:32:37.208+0000] {dagbag.py:541} INFO - Filling up the DagBag from /opt/airflow/dags/Borrar_datos.py
[2025-03-10T04:32:37.221+0000] {processor.py:809} INFO - DAG(s) dict_keys(['1-Borrar_penguins_db']) retrieved from /opt/airflow/dags/Borrar_datos.py
[2025-03-10T04:32:37.239+0000] {logging_mixin.py:149} INFO - [2025-03-10T04:32:37.239+0000] {dag.py:2726} INFO - Sync 1 DAGs
[2025-03-10T04:32:37.254+0000] {logging_mixin.py:149} INFO - [2025-03-10T04:32:37.254+0000] {dag.py:3490} INFO - Setting next_dagrun for 1-Borrar_penguins_db to None, run_after=None
[2025-03-10T04:32:37.266+0000] {processor.py:178} INFO - Processing /opt/airflow/dags/Borrar_datos.py took 0.062 seconds
[2025-03-10T04:33:07.827+0000] {processor.py:156} INFO - Started process (PID=1472) to work on /opt/airflow/dags/Borrar_datos.py
[2025-03-10T04:33:07.828+0000] {processor.py:799} INFO - Processing file /opt/airflow/dags/Borrar_datos.py for tasks to queue
[2025-03-10T04:33:07.829+0000] {logging_mixin.py:149} INFO - [2025-03-10T04:33:07.829+0000] {dagbag.py:541} INFO - Filling up the DagBag from /opt/airflow/dags/Borrar_datos.py
[2025-03-10T04:33:07.863+0000] {processor.py:809} INFO - DAG(s) dict_keys(['1-Borrar_penguins_db']) retrieved from /opt/airflow/dags/Borrar_datos.py
[2025-03-10T04:33:07.928+0000] {logging_mixin.py:149} INFO - [2025-03-10T04:33:07.928+0000] {dag.py:2726} INFO - Sync 1 DAGs
[2025-03-10T04:33:07.945+0000] {logging_mixin.py:149} INFO - [2025-03-10T04:33:07.945+0000] {dag.py:3490} INFO - Setting next_dagrun for 1-Borrar_penguins_db to None, run_after=None
[2025-03-10T04:33:07.961+0000] {processor.py:178} INFO - Processing /opt/airflow/dags/Borrar_datos.py took 0.136 seconds
[2025-03-10T04:33:39.604+0000] {processor.py:156} INFO - Started process (PID=1601) to work on /opt/airflow/dags/Borrar_datos.py
[2025-03-10T04:33:39.605+0000] {processor.py:799} INFO - Processing file /opt/airflow/dags/Borrar_datos.py for tasks to queue
[2025-03-10T04:33:39.605+0000] {logging_mixin.py:149} INFO - [2025-03-10T04:33:39.605+0000] {dagbag.py:541} INFO - Filling up the DagBag from /opt/airflow/dags/Borrar_datos.py
[2025-03-10T04:33:39.619+0000] {processor.py:809} INFO - DAG(s) dict_keys(['1-Borrar_penguins_db']) retrieved from /opt/airflow/dags/Borrar_datos.py
[2025-03-10T04:33:39.638+0000] {logging_mixin.py:149} INFO - [2025-03-10T04:33:39.638+0000] {dag.py:2726} INFO - Sync 1 DAGs
[2025-03-10T04:33:39.653+0000] {logging_mixin.py:149} INFO - [2025-03-10T04:33:39.653+0000] {dag.py:3490} INFO - Setting next_dagrun for 1-Borrar_penguins_db to None, run_after=None
[2025-03-10T04:33:39.666+0000] {processor.py:178} INFO - Processing /opt/airflow/dags/Borrar_datos.py took 0.065 seconds
[2025-03-10T04:34:10.782+0000] {processor.py:156} INFO - Started process (PID=1710) to work on /opt/airflow/dags/Borrar_datos.py
[2025-03-10T04:34:10.784+0000] {processor.py:799} INFO - Processing file /opt/airflow/dags/Borrar_datos.py for tasks to queue
[2025-03-10T04:34:10.785+0000] {logging_mixin.py:149} INFO - [2025-03-10T04:34:10.785+0000] {dagbag.py:541} INFO - Filling up the DagBag from /opt/airflow/dags/Borrar_datos.py
[2025-03-10T04:34:10.809+0000] {processor.py:809} INFO - DAG(s) dict_keys(['1-Borrar_penguins_db']) retrieved from /opt/airflow/dags/Borrar_datos.py
[2025-03-10T04:34:10.838+0000] {logging_mixin.py:149} INFO - [2025-03-10T04:34:10.838+0000] {dag.py:2726} INFO - Sync 1 DAGs
[2025-03-10T04:34:10.857+0000] {logging_mixin.py:149} INFO - [2025-03-10T04:34:10.856+0000] {dag.py:3490} INFO - Setting next_dagrun for 1-Borrar_penguins_db to None, run_after=None
[2025-03-10T04:34:10.874+0000] {processor.py:178} INFO - Processing /opt/airflow/dags/Borrar_datos.py took 0.096 seconds
[2025-03-10T04:34:42.654+0000] {processor.py:156} INFO - Started process (PID=1820) to work on /opt/airflow/dags/Borrar_datos.py
[2025-03-10T04:34:42.655+0000] {processor.py:799} INFO - Processing file /opt/airflow/dags/Borrar_datos.py for tasks to queue
[2025-03-10T04:34:42.656+0000] {logging_mixin.py:149} INFO - [2025-03-10T04:34:42.656+0000] {dagbag.py:541} INFO - Filling up the DagBag from /opt/airflow/dags/Borrar_datos.py
[2025-03-10T04:34:42.692+0000] {processor.py:809} INFO - DAG(s) dict_keys(['1-Borrar_penguins_db']) retrieved from /opt/airflow/dags/Borrar_datos.py
[2025-03-10T04:34:42.713+0000] {logging_mixin.py:149} INFO - [2025-03-10T04:34:42.712+0000] {dag.py:2726} INFO - Sync 1 DAGs
[2025-03-10T04:34:42.728+0000] {logging_mixin.py:149} INFO - [2025-03-10T04:34:42.728+0000] {dag.py:3490} INFO - Setting next_dagrun for 1-Borrar_penguins_db to None, run_after=None
[2025-03-10T04:34:42.744+0000] {processor.py:178} INFO - Processing /opt/airflow/dags/Borrar_datos.py took 0.092 seconds
[2025-03-10T04:35:14.353+0000] {processor.py:156} INFO - Started process (PID=1929) to work on /opt/airflow/dags/Borrar_datos.py
[2025-03-10T04:35:14.355+0000] {processor.py:799} INFO - Processing file /opt/airflow/dags/Borrar_datos.py for tasks to queue
[2025-03-10T04:35:14.355+0000] {logging_mixin.py:149} INFO - [2025-03-10T04:35:14.355+0000] {dagbag.py:541} INFO - Filling up the DagBag from /opt/airflow/dags/Borrar_datos.py
[2025-03-10T04:35:14.371+0000] {processor.py:809} INFO - DAG(s) dict_keys(['1-Borrar_penguins_db']) retrieved from /opt/airflow/dags/Borrar_datos.py
[2025-03-10T04:35:14.388+0000] {logging_mixin.py:149} INFO - [2025-03-10T04:35:14.388+0000] {dag.py:2726} INFO - Sync 1 DAGs
[2025-03-10T04:35:14.403+0000] {logging_mixin.py:149} INFO - [2025-03-10T04:35:14.403+0000] {dag.py:3490} INFO - Setting next_dagrun for 1-Borrar_penguins_db to None, run_after=None
[2025-03-10T04:35:14.415+0000] {processor.py:178} INFO - Processing /opt/airflow/dags/Borrar_datos.py took 0.064 seconds
[2025-03-10T04:35:45.446+0000] {processor.py:156} INFO - Started process (PID=2018) to work on /opt/airflow/dags/Borrar_datos.py
[2025-03-10T04:35:45.447+0000] {processor.py:799} INFO - Processing file /opt/airflow/dags/Borrar_datos.py for tasks to queue
[2025-03-10T04:35:45.448+0000] {logging_mixin.py:149} INFO - [2025-03-10T04:35:45.447+0000] {dagbag.py:541} INFO - Filling up the DagBag from /opt/airflow/dags/Borrar_datos.py
[2025-03-10T04:35:45.463+0000] {processor.py:809} INFO - DAG(s) dict_keys(['1-Borrar_penguins_db']) retrieved from /opt/airflow/dags/Borrar_datos.py
[2025-03-10T04:35:45.499+0000] {logging_mixin.py:149} INFO - [2025-03-10T04:35:45.499+0000] {dag.py:2726} INFO - Sync 1 DAGs
[2025-03-10T04:35:45.530+0000] {logging_mixin.py:149} INFO - [2025-03-10T04:35:45.530+0000] {dag.py:3490} INFO - Setting next_dagrun for 1-Borrar_penguins_db to None, run_after=None
[2025-03-10T04:35:45.553+0000] {processor.py:178} INFO - Processing /opt/airflow/dags/Borrar_datos.py took 0.110 seconds
[2025-03-10T04:36:17.175+0000] {processor.py:156} INFO - Started process (PID=2127) to work on /opt/airflow/dags/Borrar_datos.py
[2025-03-10T04:36:17.176+0000] {processor.py:799} INFO - Processing file /opt/airflow/dags/Borrar_datos.py for tasks to queue
[2025-03-10T04:36:17.179+0000] {logging_mixin.py:149} INFO - [2025-03-10T04:36:17.179+0000] {dagbag.py:541} INFO - Filling up the DagBag from /opt/airflow/dags/Borrar_datos.py
[2025-03-10T04:36:17.291+0000] {processor.py:809} INFO - DAG(s) dict_keys(['1-Borrar_penguins_db']) retrieved from /opt/airflow/dags/Borrar_datos.py
[2025-03-10T04:36:17.333+0000] {logging_mixin.py:149} INFO - [2025-03-10T04:36:17.329+0000] {dag.py:2726} INFO - Sync 1 DAGs
[2025-03-10T04:36:17.374+0000] {logging_mixin.py:149} INFO - [2025-03-10T04:36:17.374+0000] {dag.py:3490} INFO - Setting next_dagrun for 1-Borrar_penguins_db to None, run_after=None
[2025-03-10T04:36:17.401+0000] {processor.py:178} INFO - Processing /opt/airflow/dags/Borrar_datos.py took 0.229 seconds
[2025-03-10T04:36:47.927+0000] {processor.py:156} INFO - Started process (PID=2236) to work on /opt/airflow/dags/Borrar_datos.py
[2025-03-10T04:36:47.928+0000] {processor.py:799} INFO - Processing file /opt/airflow/dags/Borrar_datos.py for tasks to queue
[2025-03-10T04:36:47.928+0000] {logging_mixin.py:149} INFO - [2025-03-10T04:36:47.928+0000] {dagbag.py:541} INFO - Filling up the DagBag from /opt/airflow/dags/Borrar_datos.py
[2025-03-10T04:36:47.948+0000] {processor.py:809} INFO - DAG(s) dict_keys(['1-Borrar_penguins_db']) retrieved from /opt/airflow/dags/Borrar_datos.py
[2025-03-10T04:36:48.010+0000] {logging_mixin.py:149} INFO - [2025-03-10T04:36:48.010+0000] {dag.py:2726} INFO - Sync 1 DAGs
[2025-03-10T04:36:48.041+0000] {logging_mixin.py:149} INFO - [2025-03-10T04:36:48.041+0000] {dag.py:3490} INFO - Setting next_dagrun for 1-Borrar_penguins_db to None, run_after=None
[2025-03-10T04:36:48.061+0000] {processor.py:178} INFO - Processing /opt/airflow/dags/Borrar_datos.py took 0.136 seconds
[2025-03-10T04:37:19.182+0000] {processor.py:156} INFO - Started process (PID=2345) to work on /opt/airflow/dags/Borrar_datos.py
[2025-03-10T04:37:19.183+0000] {processor.py:799} INFO - Processing file /opt/airflow/dags/Borrar_datos.py for tasks to queue
[2025-03-10T04:37:19.183+0000] {logging_mixin.py:149} INFO - [2025-03-10T04:37:19.183+0000] {dagbag.py:541} INFO - Filling up the DagBag from /opt/airflow/dags/Borrar_datos.py
[2025-03-10T04:37:19.217+0000] {processor.py:809} INFO - DAG(s) dict_keys(['1-Borrar_penguins_db']) retrieved from /opt/airflow/dags/Borrar_datos.py
[2025-03-10T04:37:19.281+0000] {logging_mixin.py:149} INFO - [2025-03-10T04:37:19.281+0000] {dag.py:2726} INFO - Sync 1 DAGs
[2025-03-10T04:37:19.297+0000] {logging_mixin.py:149} INFO - [2025-03-10T04:37:19.297+0000] {dag.py:3490} INFO - Setting next_dagrun for 1-Borrar_penguins_db to None, run_after=None
[2025-03-10T04:37:19.316+0000] {processor.py:178} INFO - Processing /opt/airflow/dags/Borrar_datos.py took 0.136 seconds
[2025-03-10T04:37:50.834+0000] {processor.py:156} INFO - Started process (PID=2454) to work on /opt/airflow/dags/Borrar_datos.py
[2025-03-10T04:37:50.835+0000] {processor.py:799} INFO - Processing file /opt/airflow/dags/Borrar_datos.py for tasks to queue
[2025-03-10T04:37:50.835+0000] {logging_mixin.py:149} INFO - [2025-03-10T04:37:50.835+0000] {dagbag.py:541} INFO - Filling up the DagBag from /opt/airflow/dags/Borrar_datos.py
[2025-03-10T04:37:50.867+0000] {processor.py:809} INFO - DAG(s) dict_keys(['1-Borrar_penguins_db']) retrieved from /opt/airflow/dags/Borrar_datos.py
[2025-03-10T04:37:50.931+0000] {logging_mixin.py:149} INFO - [2025-03-10T04:37:50.931+0000] {dag.py:2726} INFO - Sync 1 DAGs
[2025-03-10T04:37:50.948+0000] {logging_mixin.py:149} INFO - [2025-03-10T04:37:50.948+0000] {dag.py:3490} INFO - Setting next_dagrun for 1-Borrar_penguins_db to None, run_after=None
[2025-03-10T04:37:50.961+0000] {processor.py:178} INFO - Processing /opt/airflow/dags/Borrar_datos.py took 0.129 seconds
[2025-03-10T04:38:22.183+0000] {processor.py:156} INFO - Started process (PID=2570) to work on /opt/airflow/dags/Borrar_datos.py
[2025-03-10T04:38:22.184+0000] {processor.py:799} INFO - Processing file /opt/airflow/dags/Borrar_datos.py for tasks to queue
[2025-03-10T04:38:22.185+0000] {logging_mixin.py:149} INFO - [2025-03-10T04:38:22.185+0000] {dagbag.py:541} INFO - Filling up the DagBag from /opt/airflow/dags/Borrar_datos.py
[2025-03-10T04:38:22.212+0000] {processor.py:809} INFO - DAG(s) dict_keys(['1-Borrar_penguins_db']) retrieved from /opt/airflow/dags/Borrar_datos.py
[2025-03-10T04:38:22.254+0000] {logging_mixin.py:149} INFO - [2025-03-10T04:38:22.253+0000] {dag.py:2726} INFO - Sync 1 DAGs
[2025-03-10T04:38:22.294+0000] {logging_mixin.py:149} INFO - [2025-03-10T04:38:22.294+0000] {dag.py:3490} INFO - Setting next_dagrun for 1-Borrar_penguins_db to None, run_after=None
[2025-03-10T04:38:22.309+0000] {processor.py:178} INFO - Processing /opt/airflow/dags/Borrar_datos.py took 0.128 seconds
[2025-03-10T04:38:53.456+0000] {processor.py:156} INFO - Started process (PID=2679) to work on /opt/airflow/dags/Borrar_datos.py
[2025-03-10T04:38:53.456+0000] {processor.py:799} INFO - Processing file /opt/airflow/dags/Borrar_datos.py for tasks to queue
[2025-03-10T04:38:53.457+0000] {logging_mixin.py:149} INFO - [2025-03-10T04:38:53.457+0000] {dagbag.py:541} INFO - Filling up the DagBag from /opt/airflow/dags/Borrar_datos.py
[2025-03-10T04:38:53.473+0000] {processor.py:809} INFO - DAG(s) dict_keys(['1-Borrar_penguins_db']) retrieved from /opt/airflow/dags/Borrar_datos.py
[2025-03-10T04:38:53.562+0000] {logging_mixin.py:149} INFO - [2025-03-10T04:38:53.562+0000] {dag.py:2726} INFO - Sync 1 DAGs
[2025-03-10T04:38:53.579+0000] {logging_mixin.py:149} INFO - [2025-03-10T04:38:53.579+0000] {dag.py:3490} INFO - Setting next_dagrun for 1-Borrar_penguins_db to None, run_after=None
[2025-03-10T04:38:53.596+0000] {processor.py:178} INFO - Processing /opt/airflow/dags/Borrar_datos.py took 0.142 seconds
[2025-03-10T04:39:25.452+0000] {processor.py:156} INFO - Started process (PID=2808) to work on /opt/airflow/dags/Borrar_datos.py
[2025-03-10T04:39:25.453+0000] {processor.py:799} INFO - Processing file /opt/airflow/dags/Borrar_datos.py for tasks to queue
[2025-03-10T04:39:25.453+0000] {logging_mixin.py:149} INFO - [2025-03-10T04:39:25.453+0000] {dagbag.py:541} INFO - Filling up the DagBag from /opt/airflow/dags/Borrar_datos.py
[2025-03-10T04:39:25.472+0000] {processor.py:809} INFO - DAG(s) dict_keys(['1-Borrar_penguins_db']) retrieved from /opt/airflow/dags/Borrar_datos.py
[2025-03-10T04:39:25.495+0000] {logging_mixin.py:149} INFO - [2025-03-10T04:39:25.495+0000] {dag.py:2726} INFO - Sync 1 DAGs
[2025-03-10T04:39:25.512+0000] {logging_mixin.py:149} INFO - [2025-03-10T04:39:25.512+0000] {dag.py:3490} INFO - Setting next_dagrun for 1-Borrar_penguins_db to None, run_after=None
[2025-03-10T04:39:25.534+0000] {processor.py:178} INFO - Processing /opt/airflow/dags/Borrar_datos.py took 0.084 seconds
[2025-03-10T04:39:57.213+0000] {processor.py:156} INFO - Started process (PID=2917) to work on /opt/airflow/dags/Borrar_datos.py
[2025-03-10T04:39:57.214+0000] {processor.py:799} INFO - Processing file /opt/airflow/dags/Borrar_datos.py for tasks to queue
[2025-03-10T04:39:57.214+0000] {logging_mixin.py:149} INFO - [2025-03-10T04:39:57.214+0000] {dagbag.py:541} INFO - Filling up the DagBag from /opt/airflow/dags/Borrar_datos.py
[2025-03-10T04:39:57.228+0000] {processor.py:809} INFO - DAG(s) dict_keys(['1-Borrar_penguins_db']) retrieved from /opt/airflow/dags/Borrar_datos.py
[2025-03-10T04:39:57.245+0000] {logging_mixin.py:149} INFO - [2025-03-10T04:39:57.245+0000] {dag.py:2726} INFO - Sync 1 DAGs
[2025-03-10T04:39:57.260+0000] {logging_mixin.py:149} INFO - [2025-03-10T04:39:57.260+0000] {dag.py:3490} INFO - Setting next_dagrun for 1-Borrar_penguins_db to None, run_after=None
[2025-03-10T04:39:57.275+0000] {processor.py:178} INFO - Processing /opt/airflow/dags/Borrar_datos.py took 0.065 seconds
[2025-03-10T04:40:28.560+0000] {processor.py:156} INFO - Started process (PID=3026) to work on /opt/airflow/dags/Borrar_datos.py
[2025-03-10T04:40:28.561+0000] {processor.py:799} INFO - Processing file /opt/airflow/dags/Borrar_datos.py for tasks to queue
[2025-03-10T04:40:28.562+0000] {logging_mixin.py:149} INFO - [2025-03-10T04:40:28.562+0000] {dagbag.py:541} INFO - Filling up the DagBag from /opt/airflow/dags/Borrar_datos.py
[2025-03-10T04:40:28.580+0000] {processor.py:809} INFO - DAG(s) dict_keys(['1-Borrar_penguins_db']) retrieved from /opt/airflow/dags/Borrar_datos.py
[2025-03-10T04:40:28.598+0000] {logging_mixin.py:149} INFO - [2025-03-10T04:40:28.598+0000] {dag.py:2726} INFO - Sync 1 DAGs
[2025-03-10T04:40:28.613+0000] {logging_mixin.py:149} INFO - [2025-03-10T04:40:28.613+0000] {dag.py:3490} INFO - Setting next_dagrun for 1-Borrar_penguins_db to None, run_after=None
[2025-03-10T04:40:28.654+0000] {processor.py:178} INFO - Processing /opt/airflow/dags/Borrar_datos.py took 0.096 seconds
[2025-03-10T04:40:59.622+0000] {processor.py:156} INFO - Started process (PID=3135) to work on /opt/airflow/dags/Borrar_datos.py
[2025-03-10T04:40:59.623+0000] {processor.py:799} INFO - Processing file /opt/airflow/dags/Borrar_datos.py for tasks to queue
[2025-03-10T04:40:59.624+0000] {logging_mixin.py:149} INFO - [2025-03-10T04:40:59.624+0000] {dagbag.py:541} INFO - Filling up the DagBag from /opt/airflow/dags/Borrar_datos.py
[2025-03-10T04:40:59.637+0000] {processor.py:809} INFO - DAG(s) dict_keys(['1-Borrar_penguins_db']) retrieved from /opt/airflow/dags/Borrar_datos.py
[2025-03-10T04:40:59.655+0000] {logging_mixin.py:149} INFO - [2025-03-10T04:40:59.655+0000] {dag.py:2726} INFO - Sync 1 DAGs
[2025-03-10T04:40:59.671+0000] {logging_mixin.py:149} INFO - [2025-03-10T04:40:59.671+0000] {dag.py:3490} INFO - Setting next_dagrun for 1-Borrar_penguins_db to None, run_after=None
[2025-03-10T04:40:59.688+0000] {processor.py:178} INFO - Processing /opt/airflow/dags/Borrar_datos.py took 0.068 seconds
[2025-03-10T04:41:30.331+0000] {processor.py:156} INFO - Started process (PID=3244) to work on /opt/airflow/dags/Borrar_datos.py
[2025-03-10T04:41:30.332+0000] {processor.py:799} INFO - Processing file /opt/airflow/dags/Borrar_datos.py for tasks to queue
[2025-03-10T04:41:30.333+0000] {logging_mixin.py:149} INFO - [2025-03-10T04:41:30.333+0000] {dagbag.py:541} INFO - Filling up the DagBag from /opt/airflow/dags/Borrar_datos.py
[2025-03-10T04:41:30.354+0000] {processor.py:809} INFO - DAG(s) dict_keys(['1-Borrar_penguins_db']) retrieved from /opt/airflow/dags/Borrar_datos.py
[2025-03-10T04:41:30.379+0000] {logging_mixin.py:149} INFO - [2025-03-10T04:41:30.379+0000] {dag.py:2726} INFO - Sync 1 DAGs
[2025-03-10T04:41:30.397+0000] {logging_mixin.py:149} INFO - [2025-03-10T04:41:30.397+0000] {dag.py:3490} INFO - Setting next_dagrun for 1-Borrar_penguins_db to None, run_after=None
[2025-03-10T04:41:30.413+0000] {processor.py:178} INFO - Processing /opt/airflow/dags/Borrar_datos.py took 0.085 seconds
[2025-03-10T04:42:01.539+0000] {processor.py:156} INFO - Started process (PID=3333) to work on /opt/airflow/dags/Borrar_datos.py
[2025-03-10T04:42:01.540+0000] {processor.py:799} INFO - Processing file /opt/airflow/dags/Borrar_datos.py for tasks to queue
[2025-03-10T04:42:01.541+0000] {logging_mixin.py:149} INFO - [2025-03-10T04:42:01.540+0000] {dagbag.py:541} INFO - Filling up the DagBag from /opt/airflow/dags/Borrar_datos.py
[2025-03-10T04:42:01.573+0000] {processor.py:809} INFO - DAG(s) dict_keys(['1-Borrar_penguins_db']) retrieved from /opt/airflow/dags/Borrar_datos.py
[2025-03-10T04:42:01.613+0000] {logging_mixin.py:149} INFO - [2025-03-10T04:42:01.613+0000] {dag.py:2726} INFO - Sync 1 DAGs
[2025-03-10T04:42:01.645+0000] {logging_mixin.py:149} INFO - [2025-03-10T04:42:01.645+0000] {dag.py:3490} INFO - Setting next_dagrun for 1-Borrar_penguins_db to None, run_after=None
[2025-03-10T04:42:01.660+0000] {processor.py:178} INFO - Processing /opt/airflow/dags/Borrar_datos.py took 0.123 seconds
[2025-03-10T04:42:33.476+0000] {processor.py:156} INFO - Started process (PID=3462) to work on /opt/airflow/dags/Borrar_datos.py
[2025-03-10T04:42:33.477+0000] {processor.py:799} INFO - Processing file /opt/airflow/dags/Borrar_datos.py for tasks to queue
[2025-03-10T04:42:33.478+0000] {logging_mixin.py:149} INFO - [2025-03-10T04:42:33.478+0000] {dagbag.py:541} INFO - Filling up the DagBag from /opt/airflow/dags/Borrar_datos.py
[2025-03-10T04:42:33.491+0000] {processor.py:809} INFO - DAG(s) dict_keys(['1-Borrar_penguins_db']) retrieved from /opt/airflow/dags/Borrar_datos.py
[2025-03-10T04:42:33.513+0000] {logging_mixin.py:149} INFO - [2025-03-10T04:42:33.513+0000] {dag.py:2726} INFO - Sync 1 DAGs
[2025-03-10T04:42:33.530+0000] {logging_mixin.py:149} INFO - [2025-03-10T04:42:33.530+0000] {dag.py:3490} INFO - Setting next_dagrun for 1-Borrar_penguins_db to None, run_after=None
[2025-03-10T04:42:33.545+0000] {processor.py:178} INFO - Processing /opt/airflow/dags/Borrar_datos.py took 0.071 seconds
[2025-03-10T04:43:04.949+0000] {processor.py:156} INFO - Started process (PID=3551) to work on /opt/airflow/dags/Borrar_datos.py
[2025-03-10T04:43:04.950+0000] {processor.py:799} INFO - Processing file /opt/airflow/dags/Borrar_datos.py for tasks to queue
[2025-03-10T04:43:04.951+0000] {logging_mixin.py:149} INFO - [2025-03-10T04:43:04.951+0000] {dagbag.py:541} INFO - Filling up the DagBag from /opt/airflow/dags/Borrar_datos.py
[2025-03-10T04:43:04.982+0000] {processor.py:809} INFO - DAG(s) dict_keys(['1-Borrar_penguins_db']) retrieved from /opt/airflow/dags/Borrar_datos.py
[2025-03-10T04:43:05.053+0000] {logging_mixin.py:149} INFO - [2025-03-10T04:43:05.052+0000] {dag.py:2726} INFO - Sync 1 DAGs
[2025-03-10T04:43:05.070+0000] {logging_mixin.py:149} INFO - [2025-03-10T04:43:05.070+0000] {dag.py:3490} INFO - Setting next_dagrun for 1-Borrar_penguins_db to None, run_after=None
[2025-03-10T04:43:05.089+0000] {processor.py:178} INFO - Processing /opt/airflow/dags/Borrar_datos.py took 0.143 seconds
[2025-03-10T04:43:36.458+0000] {processor.py:156} INFO - Started process (PID=3680) to work on /opt/airflow/dags/Borrar_datos.py
[2025-03-10T04:43:36.460+0000] {processor.py:799} INFO - Processing file /opt/airflow/dags/Borrar_datos.py for tasks to queue
[2025-03-10T04:43:36.460+0000] {logging_mixin.py:149} INFO - [2025-03-10T04:43:36.460+0000] {dagbag.py:541} INFO - Filling up the DagBag from /opt/airflow/dags/Borrar_datos.py
[2025-03-10T04:43:36.476+0000] {processor.py:809} INFO - DAG(s) dict_keys(['1-Borrar_penguins_db']) retrieved from /opt/airflow/dags/Borrar_datos.py
[2025-03-10T04:43:36.496+0000] {logging_mixin.py:149} INFO - [2025-03-10T04:43:36.496+0000] {dag.py:2726} INFO - Sync 1 DAGs
[2025-03-10T04:43:36.514+0000] {logging_mixin.py:149} INFO - [2025-03-10T04:43:36.514+0000] {dag.py:3490} INFO - Setting next_dagrun for 1-Borrar_penguins_db to None, run_after=None
[2025-03-10T04:43:36.527+0000] {processor.py:178} INFO - Processing /opt/airflow/dags/Borrar_datos.py took 0.070 seconds
[2025-03-10T04:44:07.592+0000] {processor.py:156} INFO - Started process (PID=3769) to work on /opt/airflow/dags/Borrar_datos.py
[2025-03-10T04:44:07.594+0000] {processor.py:799} INFO - Processing file /opt/airflow/dags/Borrar_datos.py for tasks to queue
[2025-03-10T04:44:07.594+0000] {logging_mixin.py:149} INFO - [2025-03-10T04:44:07.594+0000] {dagbag.py:541} INFO - Filling up the DagBag from /opt/airflow/dags/Borrar_datos.py
[2025-03-10T04:44:07.621+0000] {processor.py:809} INFO - DAG(s) dict_keys(['1-Borrar_penguins_db']) retrieved from /opt/airflow/dags/Borrar_datos.py
[2025-03-10T04:44:07.647+0000] {logging_mixin.py:149} INFO - [2025-03-10T04:44:07.647+0000] {dag.py:2726} INFO - Sync 1 DAGs
[2025-03-10T04:44:07.676+0000] {logging_mixin.py:149} INFO - [2025-03-10T04:44:07.676+0000] {dag.py:3490} INFO - Setting next_dagrun for 1-Borrar_penguins_db to None, run_after=None
[2025-03-10T04:44:07.691+0000] {processor.py:178} INFO - Processing /opt/airflow/dags/Borrar_datos.py took 0.102 seconds
[2025-03-10T04:44:39.302+0000] {processor.py:156} INFO - Started process (PID=3897) to work on /opt/airflow/dags/Borrar_datos.py
[2025-03-10T04:44:39.316+0000] {processor.py:799} INFO - Processing file /opt/airflow/dags/Borrar_datos.py for tasks to queue
[2025-03-10T04:44:39.317+0000] {logging_mixin.py:149} INFO - [2025-03-10T04:44:39.317+0000] {dagbag.py:541} INFO - Filling up the DagBag from /opt/airflow/dags/Borrar_datos.py
[2025-03-10T04:44:39.340+0000] {processor.py:809} INFO - DAG(s) dict_keys(['1-Borrar_penguins_db']) retrieved from /opt/airflow/dags/Borrar_datos.py
[2025-03-10T04:44:39.359+0000] {logging_mixin.py:149} INFO - [2025-03-10T04:44:39.359+0000] {dag.py:2726} INFO - Sync 1 DAGs
[2025-03-10T04:44:39.375+0000] {logging_mixin.py:149} INFO - [2025-03-10T04:44:39.374+0000] {dag.py:3490} INFO - Setting next_dagrun for 1-Borrar_penguins_db to None, run_after=None
[2025-03-10T04:44:39.388+0000] {processor.py:178} INFO - Processing /opt/airflow/dags/Borrar_datos.py took 0.091 seconds
[2025-03-10T04:45:10.340+0000] {processor.py:156} INFO - Started process (PID=4007) to work on /opt/airflow/dags/Borrar_datos.py
[2025-03-10T04:45:10.340+0000] {processor.py:799} INFO - Processing file /opt/airflow/dags/Borrar_datos.py for tasks to queue
[2025-03-10T04:45:10.341+0000] {logging_mixin.py:149} INFO - [2025-03-10T04:45:10.341+0000] {dagbag.py:541} INFO - Filling up the DagBag from /opt/airflow/dags/Borrar_datos.py
[2025-03-10T04:45:10.358+0000] {processor.py:809} INFO - DAG(s) dict_keys(['1-Borrar_penguins_db']) retrieved from /opt/airflow/dags/Borrar_datos.py
[2025-03-10T04:45:10.379+0000] {logging_mixin.py:149} INFO - [2025-03-10T04:45:10.379+0000] {dag.py:2726} INFO - Sync 1 DAGs
[2025-03-10T04:45:10.394+0000] {logging_mixin.py:149} INFO - [2025-03-10T04:45:10.394+0000] {dag.py:3490} INFO - Setting next_dagrun for 1-Borrar_penguins_db to None, run_after=None
[2025-03-10T04:45:10.409+0000] {processor.py:178} INFO - Processing /opt/airflow/dags/Borrar_datos.py took 0.072 seconds
[2025-03-10T04:45:40.571+0000] {processor.py:156} INFO - Started process (PID=4056) to work on /opt/airflow/dags/Borrar_datos.py
[2025-03-10T04:45:40.573+0000] {processor.py:799} INFO - Processing file /opt/airflow/dags/Borrar_datos.py for tasks to queue
[2025-03-10T04:45:40.573+0000] {logging_mixin.py:149} INFO - [2025-03-10T04:45:40.573+0000] {dagbag.py:541} INFO - Filling up the DagBag from /opt/airflow/dags/Borrar_datos.py
[2025-03-10T04:45:40.589+0000] {processor.py:809} INFO - DAG(s) dict_keys(['1-Borrar_penguins_db']) retrieved from /opt/airflow/dags/Borrar_datos.py
[2025-03-10T04:45:40.627+0000] {logging_mixin.py:149} INFO - [2025-03-10T04:45:40.627+0000] {dag.py:2726} INFO - Sync 1 DAGs
[2025-03-10T04:45:40.659+0000] {logging_mixin.py:149} INFO - [2025-03-10T04:45:40.659+0000] {dag.py:3490} INFO - Setting next_dagrun for 1-Borrar_penguins_db to None, run_after=None
[2025-03-10T04:45:40.681+0000] {processor.py:178} INFO - Processing /opt/airflow/dags/Borrar_datos.py took 0.112 seconds
[2025-03-10T04:46:10.760+0000] {processor.py:156} INFO - Started process (PID=4125) to work on /opt/airflow/dags/Borrar_datos.py
[2025-03-10T04:46:10.761+0000] {processor.py:799} INFO - Processing file /opt/airflow/dags/Borrar_datos.py for tasks to queue
[2025-03-10T04:46:10.762+0000] {logging_mixin.py:149} INFO - [2025-03-10T04:46:10.762+0000] {dagbag.py:541} INFO - Filling up the DagBag from /opt/airflow/dags/Borrar_datos.py
[2025-03-10T04:46:10.797+0000] {processor.py:809} INFO - DAG(s) dict_keys(['1-Borrar_penguins_db']) retrieved from /opt/airflow/dags/Borrar_datos.py
[2025-03-10T04:46:10.830+0000] {logging_mixin.py:149} INFO - [2025-03-10T04:46:10.830+0000] {dag.py:2726} INFO - Sync 1 DAGs
[2025-03-10T04:46:10.857+0000] {logging_mixin.py:149} INFO - [2025-03-10T04:46:10.857+0000] {dag.py:3490} INFO - Setting next_dagrun for 1-Borrar_penguins_db to None, run_after=None
[2025-03-10T04:46:10.896+0000] {processor.py:178} INFO - Processing /opt/airflow/dags/Borrar_datos.py took 0.138 seconds
[2025-03-10T04:46:40.959+0000] {processor.py:156} INFO - Started process (PID=4233) to work on /opt/airflow/dags/Borrar_datos.py
[2025-03-10T04:46:40.960+0000] {processor.py:799} INFO - Processing file /opt/airflow/dags/Borrar_datos.py for tasks to queue
[2025-03-10T04:46:40.960+0000] {logging_mixin.py:149} INFO - [2025-03-10T04:46:40.960+0000] {dagbag.py:541} INFO - Filling up the DagBag from /opt/airflow/dags/Borrar_datos.py
[2025-03-10T04:46:40.974+0000] {processor.py:809} INFO - DAG(s) dict_keys(['1-Borrar_penguins_db']) retrieved from /opt/airflow/dags/Borrar_datos.py
[2025-03-10T04:46:40.992+0000] {logging_mixin.py:149} INFO - [2025-03-10T04:46:40.992+0000] {dag.py:2726} INFO - Sync 1 DAGs
[2025-03-10T04:46:41.006+0000] {logging_mixin.py:149} INFO - [2025-03-10T04:46:41.006+0000] {dag.py:3490} INFO - Setting next_dagrun for 1-Borrar_penguins_db to None, run_after=None
[2025-03-10T04:46:41.020+0000] {processor.py:178} INFO - Processing /opt/airflow/dags/Borrar_datos.py took 0.064 seconds
[2025-03-10T04:47:11.053+0000] {processor.py:156} INFO - Started process (PID=4342) to work on /opt/airflow/dags/Borrar_datos.py
[2025-03-10T04:47:11.054+0000] {processor.py:799} INFO - Processing file /opt/airflow/dags/Borrar_datos.py for tasks to queue
[2025-03-10T04:47:11.055+0000] {logging_mixin.py:149} INFO - [2025-03-10T04:47:11.055+0000] {dagbag.py:541} INFO - Filling up the DagBag from /opt/airflow/dags/Borrar_datos.py
[2025-03-10T04:47:11.067+0000] {processor.py:809} INFO - DAG(s) dict_keys(['1-Borrar_penguins_db']) retrieved from /opt/airflow/dags/Borrar_datos.py
[2025-03-10T04:47:11.085+0000] {logging_mixin.py:149} INFO - [2025-03-10T04:47:11.085+0000] {dag.py:2726} INFO - Sync 1 DAGs
[2025-03-10T04:47:11.099+0000] {logging_mixin.py:149} INFO - [2025-03-10T04:47:11.099+0000] {dag.py:3490} INFO - Setting next_dagrun for 1-Borrar_penguins_db to None, run_after=None
[2025-03-10T04:47:11.114+0000] {processor.py:178} INFO - Processing /opt/airflow/dags/Borrar_datos.py took 0.062 seconds
[2025-03-10T04:47:41.508+0000] {processor.py:156} INFO - Started process (PID=4451) to work on /opt/airflow/dags/Borrar_datos.py
[2025-03-10T04:47:41.509+0000] {processor.py:799} INFO - Processing file /opt/airflow/dags/Borrar_datos.py for tasks to queue
[2025-03-10T04:47:41.510+0000] {logging_mixin.py:149} INFO - [2025-03-10T04:47:41.510+0000] {dagbag.py:541} INFO - Filling up the DagBag from /opt/airflow/dags/Borrar_datos.py
[2025-03-10T04:47:41.523+0000] {processor.py:809} INFO - DAG(s) dict_keys(['1-Borrar_penguins_db']) retrieved from /opt/airflow/dags/Borrar_datos.py
[2025-03-10T04:47:41.541+0000] {logging_mixin.py:149} INFO - [2025-03-10T04:47:41.541+0000] {dag.py:2726} INFO - Sync 1 DAGs
[2025-03-10T04:47:41.555+0000] {logging_mixin.py:149} INFO - [2025-03-10T04:47:41.555+0000] {dag.py:3490} INFO - Setting next_dagrun for 1-Borrar_penguins_db to None, run_after=None
[2025-03-10T04:47:41.569+0000] {processor.py:178} INFO - Processing /opt/airflow/dags/Borrar_datos.py took 0.063 seconds
[2025-03-10T04:48:11.923+0000] {processor.py:156} INFO - Started process (PID=4560) to work on /opt/airflow/dags/Borrar_datos.py
[2025-03-10T04:48:11.924+0000] {processor.py:799} INFO - Processing file /opt/airflow/dags/Borrar_datos.py for tasks to queue
[2025-03-10T04:48:11.924+0000] {logging_mixin.py:149} INFO - [2025-03-10T04:48:11.924+0000] {dagbag.py:541} INFO - Filling up the DagBag from /opt/airflow/dags/Borrar_datos.py
[2025-03-10T04:48:11.940+0000] {processor.py:809} INFO - DAG(s) dict_keys(['1-Borrar_penguins_db']) retrieved from /opt/airflow/dags/Borrar_datos.py
[2025-03-10T04:48:11.959+0000] {logging_mixin.py:149} INFO - [2025-03-10T04:48:11.958+0000] {dag.py:2726} INFO - Sync 1 DAGs
[2025-03-10T04:48:11.973+0000] {logging_mixin.py:149} INFO - [2025-03-10T04:48:11.973+0000] {dag.py:3490} INFO - Setting next_dagrun for 1-Borrar_penguins_db to None, run_after=None
[2025-03-10T04:48:11.988+0000] {processor.py:178} INFO - Processing /opt/airflow/dags/Borrar_datos.py took 0.067 seconds
[2025-03-10T04:48:42.115+0000] {processor.py:156} INFO - Started process (PID=4669) to work on /opt/airflow/dags/Borrar_datos.py
[2025-03-10T04:48:42.116+0000] {processor.py:799} INFO - Processing file /opt/airflow/dags/Borrar_datos.py for tasks to queue
[2025-03-10T04:48:42.117+0000] {logging_mixin.py:149} INFO - [2025-03-10T04:48:42.117+0000] {dagbag.py:541} INFO - Filling up the DagBag from /opt/airflow/dags/Borrar_datos.py
[2025-03-10T04:48:42.132+0000] {processor.py:809} INFO - DAG(s) dict_keys(['1-Borrar_penguins_db']) retrieved from /opt/airflow/dags/Borrar_datos.py
[2025-03-10T04:48:42.149+0000] {logging_mixin.py:149} INFO - [2025-03-10T04:48:42.149+0000] {dag.py:2726} INFO - Sync 1 DAGs
[2025-03-10T04:48:42.164+0000] {logging_mixin.py:149} INFO - [2025-03-10T04:48:42.164+0000] {dag.py:3490} INFO - Setting next_dagrun for 1-Borrar_penguins_db to None, run_after=None
[2025-03-10T04:48:42.178+0000] {processor.py:178} INFO - Processing /opt/airflow/dags/Borrar_datos.py took 0.065 seconds
[2025-03-10T04:49:12.501+0000] {processor.py:156} INFO - Started process (PID=4778) to work on /opt/airflow/dags/Borrar_datos.py
[2025-03-10T04:49:12.502+0000] {processor.py:799} INFO - Processing file /opt/airflow/dags/Borrar_datos.py for tasks to queue
[2025-03-10T04:49:12.503+0000] {logging_mixin.py:149} INFO - [2025-03-10T04:49:12.503+0000] {dagbag.py:541} INFO - Filling up the DagBag from /opt/airflow/dags/Borrar_datos.py
[2025-03-10T04:49:12.517+0000] {processor.py:809} INFO - DAG(s) dict_keys(['1-Borrar_penguins_db']) retrieved from /opt/airflow/dags/Borrar_datos.py
[2025-03-10T04:49:12.537+0000] {logging_mixin.py:149} INFO - [2025-03-10T04:49:12.537+0000] {dag.py:2726} INFO - Sync 1 DAGs
[2025-03-10T04:49:12.552+0000] {logging_mixin.py:149} INFO - [2025-03-10T04:49:12.552+0000] {dag.py:3490} INFO - Setting next_dagrun for 1-Borrar_penguins_db to None, run_after=None
[2025-03-10T04:49:12.566+0000] {processor.py:178} INFO - Processing /opt/airflow/dags/Borrar_datos.py took 0.067 seconds
[2025-03-10T04:49:42.867+0000] {processor.py:156} INFO - Started process (PID=4887) to work on /opt/airflow/dags/Borrar_datos.py
[2025-03-10T04:49:42.868+0000] {processor.py:799} INFO - Processing file /opt/airflow/dags/Borrar_datos.py for tasks to queue
[2025-03-10T04:49:42.868+0000] {logging_mixin.py:149} INFO - [2025-03-10T04:49:42.868+0000] {dagbag.py:541} INFO - Filling up the DagBag from /opt/airflow/dags/Borrar_datos.py
[2025-03-10T04:49:42.885+0000] {processor.py:809} INFO - DAG(s) dict_keys(['1-Borrar_penguins_db']) retrieved from /opt/airflow/dags/Borrar_datos.py
[2025-03-10T04:49:42.903+0000] {logging_mixin.py:149} INFO - [2025-03-10T04:49:42.903+0000] {dag.py:2726} INFO - Sync 1 DAGs
[2025-03-10T04:49:42.918+0000] {logging_mixin.py:149} INFO - [2025-03-10T04:49:42.917+0000] {dag.py:3490} INFO - Setting next_dagrun for 1-Borrar_penguins_db to None, run_after=None
[2025-03-10T04:49:42.930+0000] {processor.py:178} INFO - Processing /opt/airflow/dags/Borrar_datos.py took 0.065 seconds
[2025-03-10T04:50:13.264+0000] {processor.py:156} INFO - Started process (PID=4996) to work on /opt/airflow/dags/Borrar_datos.py
[2025-03-10T04:50:13.265+0000] {processor.py:799} INFO - Processing file /opt/airflow/dags/Borrar_datos.py for tasks to queue
[2025-03-10T04:50:13.265+0000] {logging_mixin.py:149} INFO - [2025-03-10T04:50:13.265+0000] {dagbag.py:541} INFO - Filling up the DagBag from /opt/airflow/dags/Borrar_datos.py
[2025-03-10T04:50:13.279+0000] {processor.py:809} INFO - DAG(s) dict_keys(['1-Borrar_penguins_db']) retrieved from /opt/airflow/dags/Borrar_datos.py
[2025-03-10T04:50:13.294+0000] {logging_mixin.py:149} INFO - [2025-03-10T04:50:13.294+0000] {dag.py:2726} INFO - Sync 1 DAGs
[2025-03-10T04:50:13.309+0000] {logging_mixin.py:149} INFO - [2025-03-10T04:50:13.308+0000] {dag.py:3490} INFO - Setting next_dagrun for 1-Borrar_penguins_db to None, run_after=None
[2025-03-10T04:50:13.323+0000] {processor.py:178} INFO - Processing /opt/airflow/dags/Borrar_datos.py took 0.061 seconds
