[2025-03-10T04:26:51.813+0000] {processor.py:156} INFO - Started process (PID=84) to work on /opt/airflow/dags/Entrenamiento_mode.py
[2025-03-10T04:26:51.814+0000] {processor.py:799} INFO - Processing file /opt/airflow/dags/Entrenamiento_mode.py for tasks to queue
[2025-03-10T04:26:51.815+0000] {logging_mixin.py:149} INFO - [2025-03-10T04:26:51.815+0000] {dagbag.py:541} INFO - Filling up the DagBag from /opt/airflow/dags/Entrenamiento_mode.py
[2025-03-10T04:26:53.157+0000] {processor.py:809} INFO - DAG(s) dict_keys(['4-Entrenamiento_model']) retrieved from /opt/airflow/dags/Entrenamiento_mode.py
[2025-03-10T04:26:53.209+0000] {logging_mixin.py:149} INFO - [2025-03-10T04:26:53.208+0000] {dag.py:2726} INFO - Sync 1 DAGs
[2025-03-10T04:26:53.223+0000] {logging_mixin.py:149} INFO - [2025-03-10T04:26:53.223+0000] {dag.py:3490} INFO - Setting next_dagrun for 4-Entrenamiento_model to None, run_after=None
[2025-03-10T04:26:53.241+0000] {processor.py:178} INFO - Processing /opt/airflow/dags/Entrenamiento_mode.py took 1.431 seconds
[2025-03-10T04:27:23.414+0000] {processor.py:156} INFO - Started process (PID=193) to work on /opt/airflow/dags/Entrenamiento_mode.py
[2025-03-10T04:27:23.415+0000] {processor.py:799} INFO - Processing file /opt/airflow/dags/Entrenamiento_mode.py for tasks to queue
[2025-03-10T04:27:23.415+0000] {logging_mixin.py:149} INFO - [2025-03-10T04:27:23.415+0000] {dagbag.py:541} INFO - Filling up the DagBag from /opt/airflow/dags/Entrenamiento_mode.py
[2025-03-10T04:27:24.165+0000] {processor.py:809} INFO - DAG(s) dict_keys(['4-Entrenamiento_model']) retrieved from /opt/airflow/dags/Entrenamiento_mode.py
[2025-03-10T04:27:24.185+0000] {logging_mixin.py:149} INFO - [2025-03-10T04:27:24.184+0000] {dag.py:2726} INFO - Sync 1 DAGs
[2025-03-10T04:27:24.202+0000] {logging_mixin.py:149} INFO - [2025-03-10T04:27:24.202+0000] {dag.py:3490} INFO - Setting next_dagrun for 4-Entrenamiento_model to None, run_after=None
[2025-03-10T04:27:24.220+0000] {processor.py:178} INFO - Processing /opt/airflow/dags/Entrenamiento_mode.py took 0.809 seconds
[2025-03-10T04:27:54.859+0000] {processor.py:156} INFO - Started process (PID=302) to work on /opt/airflow/dags/Entrenamiento_mode.py
[2025-03-10T04:27:54.860+0000] {processor.py:799} INFO - Processing file /opt/airflow/dags/Entrenamiento_mode.py for tasks to queue
[2025-03-10T04:27:54.860+0000] {logging_mixin.py:149} INFO - [2025-03-10T04:27:54.860+0000] {dagbag.py:541} INFO - Filling up the DagBag from /opt/airflow/dags/Entrenamiento_mode.py
[2025-03-10T04:27:55.512+0000] {processor.py:809} INFO - DAG(s) dict_keys(['4-Entrenamiento_model']) retrieved from /opt/airflow/dags/Entrenamiento_mode.py
[2025-03-10T04:27:55.530+0000] {logging_mixin.py:149} INFO - [2025-03-10T04:27:55.529+0000] {dag.py:2726} INFO - Sync 1 DAGs
[2025-03-10T04:27:55.544+0000] {logging_mixin.py:149} INFO - [2025-03-10T04:27:55.544+0000] {dag.py:3490} INFO - Setting next_dagrun for 4-Entrenamiento_model to None, run_after=None
[2025-03-10T04:27:55.558+0000] {processor.py:178} INFO - Processing /opt/airflow/dags/Entrenamiento_mode.py took 0.701 seconds
[2025-03-10T04:28:26.240+0000] {processor.py:156} INFO - Started process (PID=411) to work on /opt/airflow/dags/Entrenamiento_mode.py
[2025-03-10T04:28:26.241+0000] {processor.py:799} INFO - Processing file /opt/airflow/dags/Entrenamiento_mode.py for tasks to queue
[2025-03-10T04:28:26.242+0000] {logging_mixin.py:149} INFO - [2025-03-10T04:28:26.242+0000] {dagbag.py:541} INFO - Filling up the DagBag from /opt/airflow/dags/Entrenamiento_mode.py
[2025-03-10T04:28:26.917+0000] {processor.py:809} INFO - DAG(s) dict_keys(['4-Entrenamiento_model']) retrieved from /opt/airflow/dags/Entrenamiento_mode.py
[2025-03-10T04:28:26.931+0000] {logging_mixin.py:149} INFO - [2025-03-10T04:28:26.931+0000] {dag.py:2726} INFO - Sync 1 DAGs
[2025-03-10T04:28:26.945+0000] {logging_mixin.py:149} INFO - [2025-03-10T04:28:26.944+0000] {dag.py:3490} INFO - Setting next_dagrun for 4-Entrenamiento_model to None, run_after=None
[2025-03-10T04:28:26.958+0000] {processor.py:178} INFO - Processing /opt/airflow/dags/Entrenamiento_mode.py took 0.720 seconds
[2025-03-10T04:28:57.787+0000] {processor.py:156} INFO - Started process (PID=520) to work on /opt/airflow/dags/Entrenamiento_mode.py
[2025-03-10T04:28:57.788+0000] {processor.py:799} INFO - Processing file /opt/airflow/dags/Entrenamiento_mode.py for tasks to queue
[2025-03-10T04:28:57.788+0000] {logging_mixin.py:149} INFO - [2025-03-10T04:28:57.788+0000] {dagbag.py:541} INFO - Filling up the DagBag from /opt/airflow/dags/Entrenamiento_mode.py
[2025-03-10T04:28:58.469+0000] {processor.py:809} INFO - DAG(s) dict_keys(['4-Entrenamiento_model']) retrieved from /opt/airflow/dags/Entrenamiento_mode.py
[2025-03-10T04:28:58.484+0000] {logging_mixin.py:149} INFO - [2025-03-10T04:28:58.484+0000] {dag.py:2726} INFO - Sync 1 DAGs
[2025-03-10T04:28:58.499+0000] {logging_mixin.py:149} INFO - [2025-03-10T04:28:58.499+0000] {dag.py:3490} INFO - Setting next_dagrun for 4-Entrenamiento_model to None, run_after=None
[2025-03-10T04:28:58.512+0000] {processor.py:178} INFO - Processing /opt/airflow/dags/Entrenamiento_mode.py took 0.727 seconds
[2025-03-10T04:29:28.697+0000] {processor.py:156} INFO - Started process (PID=629) to work on /opt/airflow/dags/Entrenamiento_mode.py
[2025-03-10T04:29:28.698+0000] {processor.py:799} INFO - Processing file /opt/airflow/dags/Entrenamiento_mode.py for tasks to queue
[2025-03-10T04:29:28.699+0000] {logging_mixin.py:149} INFO - [2025-03-10T04:29:28.699+0000] {dagbag.py:541} INFO - Filling up the DagBag from /opt/airflow/dags/Entrenamiento_mode.py
[2025-03-10T04:29:29.382+0000] {processor.py:809} INFO - DAG(s) dict_keys(['4-Entrenamiento_model']) retrieved from /opt/airflow/dags/Entrenamiento_mode.py
[2025-03-10T04:29:29.398+0000] {logging_mixin.py:149} INFO - [2025-03-10T04:29:29.398+0000] {dag.py:2726} INFO - Sync 1 DAGs
[2025-03-10T04:29:29.413+0000] {logging_mixin.py:149} INFO - [2025-03-10T04:29:29.413+0000] {dag.py:3490} INFO - Setting next_dagrun for 4-Entrenamiento_model to None, run_after=None
[2025-03-10T04:29:29.433+0000] {processor.py:178} INFO - Processing /opt/airflow/dags/Entrenamiento_mode.py took 0.738 seconds
[2025-03-10T04:30:00.295+0000] {processor.py:156} INFO - Started process (PID=738) to work on /opt/airflow/dags/Entrenamiento_mode.py
[2025-03-10T04:30:00.296+0000] {processor.py:799} INFO - Processing file /opt/airflow/dags/Entrenamiento_mode.py for tasks to queue
[2025-03-10T04:30:00.297+0000] {logging_mixin.py:149} INFO - [2025-03-10T04:30:00.297+0000] {dagbag.py:541} INFO - Filling up the DagBag from /opt/airflow/dags/Entrenamiento_mode.py
[2025-03-10T04:30:00.961+0000] {processor.py:809} INFO - DAG(s) dict_keys(['4-Entrenamiento_model']) retrieved from /opt/airflow/dags/Entrenamiento_mode.py
[2025-03-10T04:30:00.976+0000] {logging_mixin.py:149} INFO - [2025-03-10T04:30:00.976+0000] {dag.py:2726} INFO - Sync 1 DAGs
[2025-03-10T04:30:00.989+0000] {logging_mixin.py:149} INFO - [2025-03-10T04:30:00.989+0000] {dag.py:3490} INFO - Setting next_dagrun for 4-Entrenamiento_model to None, run_after=None
[2025-03-10T04:30:01.003+0000] {processor.py:178} INFO - Processing /opt/airflow/dags/Entrenamiento_mode.py took 0.709 seconds
[2025-03-10T04:30:31.691+0000] {processor.py:156} INFO - Started process (PID=847) to work on /opt/airflow/dags/Entrenamiento_mode.py
[2025-03-10T04:30:31.692+0000] {processor.py:799} INFO - Processing file /opt/airflow/dags/Entrenamiento_mode.py for tasks to queue
[2025-03-10T04:30:31.693+0000] {logging_mixin.py:149} INFO - [2025-03-10T04:30:31.692+0000] {dagbag.py:541} INFO - Filling up the DagBag from /opt/airflow/dags/Entrenamiento_mode.py
[2025-03-10T04:30:32.366+0000] {processor.py:809} INFO - DAG(s) dict_keys(['4-Entrenamiento_model']) retrieved from /opt/airflow/dags/Entrenamiento_mode.py
[2025-03-10T04:30:32.385+0000] {logging_mixin.py:149} INFO - [2025-03-10T04:30:32.384+0000] {dag.py:2726} INFO - Sync 1 DAGs
[2025-03-10T04:30:32.400+0000] {logging_mixin.py:149} INFO - [2025-03-10T04:30:32.400+0000] {dag.py:3490} INFO - Setting next_dagrun for 4-Entrenamiento_model to None, run_after=None
[2025-03-10T04:30:32.413+0000] {processor.py:178} INFO - Processing /opt/airflow/dags/Entrenamiento_mode.py took 0.724 seconds
[2025-03-10T04:31:02.980+0000] {processor.py:156} INFO - Started process (PID=956) to work on /opt/airflow/dags/Entrenamiento_mode.py
[2025-03-10T04:31:02.981+0000] {processor.py:799} INFO - Processing file /opt/airflow/dags/Entrenamiento_mode.py for tasks to queue
[2025-03-10T04:31:02.981+0000] {logging_mixin.py:149} INFO - [2025-03-10T04:31:02.981+0000] {dagbag.py:541} INFO - Filling up the DagBag from /opt/airflow/dags/Entrenamiento_mode.py
[2025-03-10T04:31:03.634+0000] {processor.py:809} INFO - DAG(s) dict_keys(['4-Entrenamiento_model']) retrieved from /opt/airflow/dags/Entrenamiento_mode.py
[2025-03-10T04:31:03.649+0000] {logging_mixin.py:149} INFO - [2025-03-10T04:31:03.649+0000] {dag.py:2726} INFO - Sync 1 DAGs
[2025-03-10T04:31:03.663+0000] {logging_mixin.py:149} INFO - [2025-03-10T04:31:03.663+0000] {dag.py:3490} INFO - Setting next_dagrun for 4-Entrenamiento_model to None, run_after=None
[2025-03-10T04:31:03.677+0000] {processor.py:178} INFO - Processing /opt/airflow/dags/Entrenamiento_mode.py took 0.699 seconds
[2025-03-10T04:31:33.819+0000] {processor.py:156} INFO - Started process (PID=1065) to work on /opt/airflow/dags/Entrenamiento_mode.py
[2025-03-10T04:31:33.820+0000] {processor.py:799} INFO - Processing file /opt/airflow/dags/Entrenamiento_mode.py for tasks to queue
[2025-03-10T04:31:33.821+0000] {logging_mixin.py:149} INFO - [2025-03-10T04:31:33.821+0000] {dagbag.py:541} INFO - Filling up the DagBag from /opt/airflow/dags/Entrenamiento_mode.py
[2025-03-10T04:31:34.513+0000] {processor.py:809} INFO - DAG(s) dict_keys(['4-Entrenamiento_model']) retrieved from /opt/airflow/dags/Entrenamiento_mode.py
[2025-03-10T04:31:34.531+0000] {logging_mixin.py:149} INFO - [2025-03-10T04:31:34.531+0000] {dag.py:2726} INFO - Sync 1 DAGs
[2025-03-10T04:31:34.548+0000] {logging_mixin.py:149} INFO - [2025-03-10T04:31:34.548+0000] {dag.py:3490} INFO - Setting next_dagrun for 4-Entrenamiento_model to None, run_after=None
[2025-03-10T04:31:34.562+0000] {processor.py:178} INFO - Processing /opt/airflow/dags/Entrenamiento_mode.py took 0.745 seconds
[2025-03-10T04:32:04.797+0000] {processor.py:156} INFO - Started process (PID=1174) to work on /opt/airflow/dags/Entrenamiento_mode.py
[2025-03-10T04:32:04.797+0000] {processor.py:799} INFO - Processing file /opt/airflow/dags/Entrenamiento_mode.py for tasks to queue
[2025-03-10T04:32:04.798+0000] {logging_mixin.py:149} INFO - [2025-03-10T04:32:04.798+0000] {dagbag.py:541} INFO - Filling up the DagBag from /opt/airflow/dags/Entrenamiento_mode.py
[2025-03-10T04:32:05.443+0000] {processor.py:809} INFO - DAG(s) dict_keys(['4-Entrenamiento_model']) retrieved from /opt/airflow/dags/Entrenamiento_mode.py
[2025-03-10T04:32:05.460+0000] {logging_mixin.py:149} INFO - [2025-03-10T04:32:05.460+0000] {dag.py:2726} INFO - Sync 1 DAGs
[2025-03-10T04:32:05.474+0000] {logging_mixin.py:149} INFO - [2025-03-10T04:32:05.474+0000] {dag.py:3490} INFO - Setting next_dagrun for 4-Entrenamiento_model to None, run_after=None
[2025-03-10T04:32:05.489+0000] {processor.py:178} INFO - Processing /opt/airflow/dags/Entrenamiento_mode.py took 0.695 seconds
[2025-03-10T04:32:36.195+0000] {processor.py:156} INFO - Started process (PID=1283) to work on /opt/airflow/dags/Entrenamiento_mode.py
[2025-03-10T04:32:36.196+0000] {processor.py:799} INFO - Processing file /opt/airflow/dags/Entrenamiento_mode.py for tasks to queue
[2025-03-10T04:32:36.197+0000] {logging_mixin.py:149} INFO - [2025-03-10T04:32:36.197+0000] {dagbag.py:541} INFO - Filling up the DagBag from /opt/airflow/dags/Entrenamiento_mode.py
[2025-03-10T04:32:36.843+0000] {processor.py:809} INFO - DAG(s) dict_keys(['4-Entrenamiento_model']) retrieved from /opt/airflow/dags/Entrenamiento_mode.py
[2025-03-10T04:32:36.859+0000] {logging_mixin.py:149} INFO - [2025-03-10T04:32:36.858+0000] {dag.py:2726} INFO - Sync 1 DAGs
[2025-03-10T04:32:36.873+0000] {logging_mixin.py:149} INFO - [2025-03-10T04:32:36.873+0000] {dag.py:3490} INFO - Setting next_dagrun for 4-Entrenamiento_model to None, run_after=None
[2025-03-10T04:32:36.885+0000] {processor.py:178} INFO - Processing /opt/airflow/dags/Entrenamiento_mode.py took 0.691 seconds
[2025-03-10T04:33:07.046+0000] {processor.py:156} INFO - Started process (PID=1392) to work on /opt/airflow/dags/Entrenamiento_mode.py
[2025-03-10T04:33:07.048+0000] {processor.py:799} INFO - Processing file /opt/airflow/dags/Entrenamiento_mode.py for tasks to queue
[2025-03-10T04:33:07.049+0000] {logging_mixin.py:149} INFO - [2025-03-10T04:33:07.049+0000] {dagbag.py:541} INFO - Filling up the DagBag from /opt/airflow/dags/Entrenamiento_mode.py
[2025-03-10T04:33:07.706+0000] {processor.py:809} INFO - DAG(s) dict_keys(['4-Entrenamiento_model']) retrieved from /opt/airflow/dags/Entrenamiento_mode.py
[2025-03-10T04:33:07.725+0000] {logging_mixin.py:149} INFO - [2025-03-10T04:33:07.725+0000] {dag.py:2726} INFO - Sync 1 DAGs
[2025-03-10T04:33:07.740+0000] {logging_mixin.py:149} INFO - [2025-03-10T04:33:07.740+0000] {dag.py:3490} INFO - Setting next_dagrun for 4-Entrenamiento_model to None, run_after=None
[2025-03-10T04:33:07.764+0000] {processor.py:178} INFO - Processing /opt/airflow/dags/Entrenamiento_mode.py took 0.720 seconds
[2025-03-10T04:33:38.526+0000] {processor.py:156} INFO - Started process (PID=1501) to work on /opt/airflow/dags/Entrenamiento_mode.py
[2025-03-10T04:33:38.527+0000] {processor.py:799} INFO - Processing file /opt/airflow/dags/Entrenamiento_mode.py for tasks to queue
[2025-03-10T04:33:38.527+0000] {logging_mixin.py:149} INFO - [2025-03-10T04:33:38.527+0000] {dagbag.py:541} INFO - Filling up the DagBag from /opt/airflow/dags/Entrenamiento_mode.py
[2025-03-10T04:33:39.176+0000] {processor.py:809} INFO - DAG(s) dict_keys(['4-Entrenamiento_model']) retrieved from /opt/airflow/dags/Entrenamiento_mode.py
[2025-03-10T04:33:39.193+0000] {logging_mixin.py:149} INFO - [2025-03-10T04:33:39.193+0000] {dag.py:2726} INFO - Sync 1 DAGs
[2025-03-10T04:33:39.207+0000] {logging_mixin.py:149} INFO - [2025-03-10T04:33:39.207+0000] {dag.py:3490} INFO - Setting next_dagrun for 4-Entrenamiento_model to None, run_after=None
[2025-03-10T04:33:39.222+0000] {processor.py:178} INFO - Processing /opt/airflow/dags/Entrenamiento_mode.py took 0.698 seconds
[2025-03-10T04:34:09.964+0000] {processor.py:156} INFO - Started process (PID=1611) to work on /opt/airflow/dags/Entrenamiento_mode.py
[2025-03-10T04:34:09.965+0000] {processor.py:799} INFO - Processing file /opt/airflow/dags/Entrenamiento_mode.py for tasks to queue
[2025-03-10T04:34:09.965+0000] {logging_mixin.py:149} INFO - [2025-03-10T04:34:09.965+0000] {dagbag.py:541} INFO - Filling up the DagBag from /opt/airflow/dags/Entrenamiento_mode.py
[2025-03-10T04:34:10.647+0000] {processor.py:809} INFO - DAG(s) dict_keys(['4-Entrenamiento_model']) retrieved from /opt/airflow/dags/Entrenamiento_mode.py
[2025-03-10T04:34:10.665+0000] {logging_mixin.py:149} INFO - [2025-03-10T04:34:10.665+0000] {dag.py:2726} INFO - Sync 1 DAGs
[2025-03-10T04:34:10.682+0000] {logging_mixin.py:149} INFO - [2025-03-10T04:34:10.682+0000] {dag.py:3490} INFO - Setting next_dagrun for 4-Entrenamiento_model to None, run_after=None
[2025-03-10T04:34:10.696+0000] {processor.py:178} INFO - Processing /opt/airflow/dags/Entrenamiento_mode.py took 0.734 seconds
[2025-03-10T04:34:41.588+0000] {processor.py:156} INFO - Started process (PID=1720) to work on /opt/airflow/dags/Entrenamiento_mode.py
[2025-03-10T04:34:41.589+0000] {processor.py:799} INFO - Processing file /opt/airflow/dags/Entrenamiento_mode.py for tasks to queue
[2025-03-10T04:34:41.590+0000] {logging_mixin.py:149} INFO - [2025-03-10T04:34:41.590+0000] {dagbag.py:541} INFO - Filling up the DagBag from /opt/airflow/dags/Entrenamiento_mode.py
[2025-03-10T04:34:42.262+0000] {processor.py:809} INFO - DAG(s) dict_keys(['4-Entrenamiento_model']) retrieved from /opt/airflow/dags/Entrenamiento_mode.py
[2025-03-10T04:34:42.281+0000] {logging_mixin.py:149} INFO - [2025-03-10T04:34:42.281+0000] {dag.py:2726} INFO - Sync 1 DAGs
[2025-03-10T04:34:42.296+0000] {logging_mixin.py:149} INFO - [2025-03-10T04:34:42.296+0000] {dag.py:3490} INFO - Setting next_dagrun for 4-Entrenamiento_model to None, run_after=None
[2025-03-10T04:34:42.311+0000] {processor.py:178} INFO - Processing /opt/airflow/dags/Entrenamiento_mode.py took 0.725 seconds
[2025-03-10T04:35:13.339+0000] {processor.py:156} INFO - Started process (PID=1829) to work on /opt/airflow/dags/Entrenamiento_mode.py
[2025-03-10T04:35:13.340+0000] {processor.py:799} INFO - Processing file /opt/airflow/dags/Entrenamiento_mode.py for tasks to queue
[2025-03-10T04:35:13.341+0000] {logging_mixin.py:149} INFO - [2025-03-10T04:35:13.341+0000] {dagbag.py:541} INFO - Filling up the DagBag from /opt/airflow/dags/Entrenamiento_mode.py
[2025-03-10T04:35:13.989+0000] {processor.py:809} INFO - DAG(s) dict_keys(['4-Entrenamiento_model']) retrieved from /opt/airflow/dags/Entrenamiento_mode.py
[2025-03-10T04:35:14.006+0000] {logging_mixin.py:149} INFO - [2025-03-10T04:35:14.006+0000] {dag.py:2726} INFO - Sync 1 DAGs
[2025-03-10T04:35:14.020+0000] {logging_mixin.py:149} INFO - [2025-03-10T04:35:14.020+0000] {dag.py:3490} INFO - Setting next_dagrun for 4-Entrenamiento_model to None, run_after=None
[2025-03-10T04:35:14.036+0000] {processor.py:178} INFO - Processing /opt/airflow/dags/Entrenamiento_mode.py took 0.699 seconds
[2025-03-10T04:35:44.718+0000] {processor.py:156} INFO - Started process (PID=1938) to work on /opt/airflow/dags/Entrenamiento_mode.py
[2025-03-10T04:35:44.719+0000] {processor.py:799} INFO - Processing file /opt/airflow/dags/Entrenamiento_mode.py for tasks to queue
[2025-03-10T04:35:44.720+0000] {logging_mixin.py:149} INFO - [2025-03-10T04:35:44.719+0000] {dagbag.py:541} INFO - Filling up the DagBag from /opt/airflow/dags/Entrenamiento_mode.py
[2025-03-10T04:35:45.362+0000] {processor.py:809} INFO - DAG(s) dict_keys(['4-Entrenamiento_model']) retrieved from /opt/airflow/dags/Entrenamiento_mode.py
[2025-03-10T04:35:45.380+0000] {logging_mixin.py:149} INFO - [2025-03-10T04:35:45.380+0000] {dag.py:2726} INFO - Sync 1 DAGs
[2025-03-10T04:35:45.394+0000] {logging_mixin.py:149} INFO - [2025-03-10T04:35:45.394+0000] {dag.py:3490} INFO - Setting next_dagrun for 4-Entrenamiento_model to None, run_after=None
[2025-03-10T04:35:45.408+0000] {processor.py:178} INFO - Processing /opt/airflow/dags/Entrenamiento_mode.py took 0.691 seconds
[2025-03-10T04:36:16.342+0000] {processor.py:156} INFO - Started process (PID=2047) to work on /opt/airflow/dags/Entrenamiento_mode.py
[2025-03-10T04:36:16.342+0000] {processor.py:799} INFO - Processing file /opt/airflow/dags/Entrenamiento_mode.py for tasks to queue
[2025-03-10T04:36:16.343+0000] {logging_mixin.py:149} INFO - [2025-03-10T04:36:16.343+0000] {dagbag.py:541} INFO - Filling up the DagBag from /opt/airflow/dags/Entrenamiento_mode.py
[2025-03-10T04:36:17.039+0000] {processor.py:809} INFO - DAG(s) dict_keys(['4-Entrenamiento_model']) retrieved from /opt/airflow/dags/Entrenamiento_mode.py
[2025-03-10T04:36:17.060+0000] {logging_mixin.py:149} INFO - [2025-03-10T04:36:17.060+0000] {dag.py:2726} INFO - Sync 1 DAGs
[2025-03-10T04:36:17.074+0000] {logging_mixin.py:149} INFO - [2025-03-10T04:36:17.074+0000] {dag.py:3490} INFO - Setting next_dagrun for 4-Entrenamiento_model to None, run_after=None
[2025-03-10T04:36:17.092+0000] {processor.py:178} INFO - Processing /opt/airflow/dags/Entrenamiento_mode.py took 0.752 seconds
[2025-03-10T04:36:47.180+0000] {processor.py:156} INFO - Started process (PID=2156) to work on /opt/airflow/dags/Entrenamiento_mode.py
[2025-03-10T04:36:47.181+0000] {processor.py:799} INFO - Processing file /opt/airflow/dags/Entrenamiento_mode.py for tasks to queue
[2025-03-10T04:36:47.182+0000] {logging_mixin.py:149} INFO - [2025-03-10T04:36:47.181+0000] {dagbag.py:541} INFO - Filling up the DagBag from /opt/airflow/dags/Entrenamiento_mode.py
[2025-03-10T04:36:47.844+0000] {processor.py:809} INFO - DAG(s) dict_keys(['4-Entrenamiento_model']) retrieved from /opt/airflow/dags/Entrenamiento_mode.py
[2025-03-10T04:36:47.862+0000] {logging_mixin.py:149} INFO - [2025-03-10T04:36:47.862+0000] {dag.py:2726} INFO - Sync 1 DAGs
[2025-03-10T04:36:47.877+0000] {logging_mixin.py:149} INFO - [2025-03-10T04:36:47.877+0000] {dag.py:3490} INFO - Setting next_dagrun for 4-Entrenamiento_model to None, run_after=None
[2025-03-10T04:36:47.889+0000] {processor.py:178} INFO - Processing /opt/airflow/dags/Entrenamiento_mode.py took 0.711 seconds
[2025-03-10T04:37:18.451+0000] {processor.py:156} INFO - Started process (PID=2265) to work on /opt/airflow/dags/Entrenamiento_mode.py
[2025-03-10T04:37:18.452+0000] {processor.py:799} INFO - Processing file /opt/airflow/dags/Entrenamiento_mode.py for tasks to queue
[2025-03-10T04:37:18.452+0000] {logging_mixin.py:149} INFO - [2025-03-10T04:37:18.452+0000] {dagbag.py:541} INFO - Filling up the DagBag from /opt/airflow/dags/Entrenamiento_mode.py
[2025-03-10T04:37:19.111+0000] {processor.py:809} INFO - DAG(s) dict_keys(['4-Entrenamiento_model']) retrieved from /opt/airflow/dags/Entrenamiento_mode.py
[2025-03-10T04:37:19.127+0000] {logging_mixin.py:149} INFO - [2025-03-10T04:37:19.127+0000] {dag.py:2726} INFO - Sync 1 DAGs
[2025-03-10T04:37:19.142+0000] {logging_mixin.py:149} INFO - [2025-03-10T04:37:19.142+0000] {dag.py:3490} INFO - Setting next_dagrun for 4-Entrenamiento_model to None, run_after=None
[2025-03-10T04:37:19.156+0000] {processor.py:178} INFO - Processing /opt/airflow/dags/Entrenamiento_mode.py took 0.707 seconds
[2025-03-10T04:37:50.086+0000] {processor.py:156} INFO - Started process (PID=2374) to work on /opt/airflow/dags/Entrenamiento_mode.py
[2025-03-10T04:37:50.087+0000] {processor.py:799} INFO - Processing file /opt/airflow/dags/Entrenamiento_mode.py for tasks to queue
[2025-03-10T04:37:50.088+0000] {logging_mixin.py:149} INFO - [2025-03-10T04:37:50.088+0000] {dagbag.py:541} INFO - Filling up the DagBag from /opt/airflow/dags/Entrenamiento_mode.py
[2025-03-10T04:37:50.747+0000] {processor.py:809} INFO - DAG(s) dict_keys(['4-Entrenamiento_model']) retrieved from /opt/airflow/dags/Entrenamiento_mode.py
[2025-03-10T04:37:50.766+0000] {logging_mixin.py:149} INFO - [2025-03-10T04:37:50.766+0000] {dag.py:2726} INFO - Sync 1 DAGs
[2025-03-10T04:37:50.781+0000] {logging_mixin.py:149} INFO - [2025-03-10T04:37:50.781+0000] {dag.py:3490} INFO - Setting next_dagrun for 4-Entrenamiento_model to None, run_after=None
[2025-03-10T04:37:50.798+0000] {processor.py:178} INFO - Processing /opt/airflow/dags/Entrenamiento_mode.py took 0.714 seconds
[2025-03-10T04:38:21.423+0000] {processor.py:156} INFO - Started process (PID=2483) to work on /opt/airflow/dags/Entrenamiento_mode.py
[2025-03-10T04:38:21.424+0000] {processor.py:799} INFO - Processing file /opt/airflow/dags/Entrenamiento_mode.py for tasks to queue
[2025-03-10T04:38:21.425+0000] {logging_mixin.py:149} INFO - [2025-03-10T04:38:21.425+0000] {dagbag.py:541} INFO - Filling up the DagBag from /opt/airflow/dags/Entrenamiento_mode.py
[2025-03-10T04:38:22.099+0000] {processor.py:809} INFO - DAG(s) dict_keys(['4-Entrenamiento_model']) retrieved from /opt/airflow/dags/Entrenamiento_mode.py
[2025-03-10T04:38:22.116+0000] {logging_mixin.py:149} INFO - [2025-03-10T04:38:22.116+0000] {dag.py:2726} INFO - Sync 1 DAGs
[2025-03-10T04:38:22.131+0000] {logging_mixin.py:149} INFO - [2025-03-10T04:38:22.131+0000] {dag.py:3490} INFO - Setting next_dagrun for 4-Entrenamiento_model to None, run_after=None
[2025-03-10T04:38:22.143+0000] {processor.py:178} INFO - Processing /opt/airflow/dags/Entrenamiento_mode.py took 0.722 seconds
[2025-03-10T04:38:52.693+0000] {processor.py:156} INFO - Started process (PID=2599) to work on /opt/airflow/dags/Entrenamiento_mode.py
[2025-03-10T04:38:52.693+0000] {processor.py:799} INFO - Processing file /opt/airflow/dags/Entrenamiento_mode.py for tasks to queue
[2025-03-10T04:38:52.694+0000] {logging_mixin.py:149} INFO - [2025-03-10T04:38:52.694+0000] {dagbag.py:541} INFO - Filling up the DagBag from /opt/airflow/dags/Entrenamiento_mode.py
[2025-03-10T04:38:53.381+0000] {processor.py:809} INFO - DAG(s) dict_keys(['4-Entrenamiento_model']) retrieved from /opt/airflow/dags/Entrenamiento_mode.py
[2025-03-10T04:38:53.400+0000] {logging_mixin.py:149} INFO - [2025-03-10T04:38:53.400+0000] {dag.py:2726} INFO - Sync 1 DAGs
[2025-03-10T04:38:53.416+0000] {logging_mixin.py:149} INFO - [2025-03-10T04:38:53.415+0000] {dag.py:3490} INFO - Setting next_dagrun for 4-Entrenamiento_model to None, run_after=None
[2025-03-10T04:38:53.429+0000] {processor.py:178} INFO - Processing /opt/airflow/dags/Entrenamiento_mode.py took 0.738 seconds
[2025-03-10T04:39:24.408+0000] {processor.py:156} INFO - Started process (PID=2708) to work on /opt/airflow/dags/Entrenamiento_mode.py
[2025-03-10T04:39:24.409+0000] {processor.py:799} INFO - Processing file /opt/airflow/dags/Entrenamiento_mode.py for tasks to queue
[2025-03-10T04:39:24.410+0000] {logging_mixin.py:149} INFO - [2025-03-10T04:39:24.410+0000] {dagbag.py:541} INFO - Filling up the DagBag from /opt/airflow/dags/Entrenamiento_mode.py
[2025-03-10T04:39:25.165+0000] {processor.py:809} INFO - DAG(s) dict_keys(['4-Entrenamiento_model']) retrieved from /opt/airflow/dags/Entrenamiento_mode.py
[2025-03-10T04:39:25.186+0000] {logging_mixin.py:149} INFO - [2025-03-10T04:39:25.186+0000] {dag.py:2726} INFO - Sync 1 DAGs
[2025-03-10T04:39:25.203+0000] {logging_mixin.py:149} INFO - [2025-03-10T04:39:25.203+0000] {dag.py:3490} INFO - Setting next_dagrun for 4-Entrenamiento_model to None, run_after=None
[2025-03-10T04:39:25.225+0000] {processor.py:178} INFO - Processing /opt/airflow/dags/Entrenamiento_mode.py took 0.819 seconds
[2025-03-10T04:39:56.186+0000] {processor.py:156} INFO - Started process (PID=2817) to work on /opt/airflow/dags/Entrenamiento_mode.py
[2025-03-10T04:39:56.187+0000] {processor.py:799} INFO - Processing file /opt/airflow/dags/Entrenamiento_mode.py for tasks to queue
[2025-03-10T04:39:56.187+0000] {logging_mixin.py:149} INFO - [2025-03-10T04:39:56.187+0000] {dagbag.py:541} INFO - Filling up the DagBag from /opt/airflow/dags/Entrenamiento_mode.py
[2025-03-10T04:39:56.814+0000] {processor.py:809} INFO - DAG(s) dict_keys(['4-Entrenamiento_model']) retrieved from /opt/airflow/dags/Entrenamiento_mode.py
[2025-03-10T04:39:56.830+0000] {logging_mixin.py:149} INFO - [2025-03-10T04:39:56.830+0000] {dag.py:2726} INFO - Sync 1 DAGs
[2025-03-10T04:39:56.845+0000] {logging_mixin.py:149} INFO - [2025-03-10T04:39:56.845+0000] {dag.py:3490} INFO - Setting next_dagrun for 4-Entrenamiento_model to None, run_after=None
[2025-03-10T04:39:56.860+0000] {processor.py:178} INFO - Processing /opt/airflow/dags/Entrenamiento_mode.py took 0.676 seconds
[2025-03-10T04:40:27.546+0000] {processor.py:156} INFO - Started process (PID=2926) to work on /opt/airflow/dags/Entrenamiento_mode.py
[2025-03-10T04:40:27.546+0000] {processor.py:799} INFO - Processing file /opt/airflow/dags/Entrenamiento_mode.py for tasks to queue
[2025-03-10T04:40:27.547+0000] {logging_mixin.py:149} INFO - [2025-03-10T04:40:27.547+0000] {dagbag.py:541} INFO - Filling up the DagBag from /opt/airflow/dags/Entrenamiento_mode.py
[2025-03-10T04:40:28.177+0000] {processor.py:809} INFO - DAG(s) dict_keys(['4-Entrenamiento_model']) retrieved from /opt/airflow/dags/Entrenamiento_mode.py
[2025-03-10T04:40:28.194+0000] {logging_mixin.py:149} INFO - [2025-03-10T04:40:28.194+0000] {dag.py:2726} INFO - Sync 1 DAGs
[2025-03-10T04:40:28.209+0000] {logging_mixin.py:149} INFO - [2025-03-10T04:40:28.209+0000] {dag.py:3490} INFO - Setting next_dagrun for 4-Entrenamiento_model to None, run_after=None
[2025-03-10T04:40:28.223+0000] {processor.py:178} INFO - Processing /opt/airflow/dags/Entrenamiento_mode.py took 0.679 seconds
[2025-03-10T04:40:58.359+0000] {processor.py:156} INFO - Started process (PID=3035) to work on /opt/airflow/dags/Entrenamiento_mode.py
[2025-03-10T04:40:58.361+0000] {processor.py:799} INFO - Processing file /opt/airflow/dags/Entrenamiento_mode.py for tasks to queue
[2025-03-10T04:40:58.363+0000] {logging_mixin.py:149} INFO - [2025-03-10T04:40:58.363+0000] {dagbag.py:541} INFO - Filling up the DagBag from /opt/airflow/dags/Entrenamiento_mode.py
[2025-03-10T04:40:59.153+0000] {processor.py:809} INFO - DAG(s) dict_keys(['4-Entrenamiento_model']) retrieved from /opt/airflow/dags/Entrenamiento_mode.py
[2025-03-10T04:40:59.184+0000] {logging_mixin.py:149} INFO - [2025-03-10T04:40:59.183+0000] {dag.py:2726} INFO - Sync 1 DAGs
[2025-03-10T04:40:59.209+0000] {logging_mixin.py:149} INFO - [2025-03-10T04:40:59.209+0000] {dag.py:3490} INFO - Setting next_dagrun for 4-Entrenamiento_model to None, run_after=None
[2025-03-10T04:40:59.230+0000] {processor.py:178} INFO - Processing /opt/airflow/dags/Entrenamiento_mode.py took 0.873 seconds
[2025-03-10T04:41:29.306+0000] {processor.py:156} INFO - Started process (PID=3144) to work on /opt/airflow/dags/Entrenamiento_mode.py
[2025-03-10T04:41:29.307+0000] {processor.py:799} INFO - Processing file /opt/airflow/dags/Entrenamiento_mode.py for tasks to queue
[2025-03-10T04:41:29.308+0000] {logging_mixin.py:149} INFO - [2025-03-10T04:41:29.308+0000] {dagbag.py:541} INFO - Filling up the DagBag from /opt/airflow/dags/Entrenamiento_mode.py
[2025-03-10T04:41:30.007+0000] {processor.py:809} INFO - DAG(s) dict_keys(['4-Entrenamiento_model']) retrieved from /opt/airflow/dags/Entrenamiento_mode.py
[2025-03-10T04:41:30.025+0000] {logging_mixin.py:149} INFO - [2025-03-10T04:41:30.024+0000] {dag.py:2726} INFO - Sync 1 DAGs
[2025-03-10T04:41:30.044+0000] {logging_mixin.py:149} INFO - [2025-03-10T04:41:30.043+0000] {dag.py:3490} INFO - Setting next_dagrun for 4-Entrenamiento_model to None, run_after=None
[2025-03-10T04:41:30.062+0000] {processor.py:178} INFO - Processing /opt/airflow/dags/Entrenamiento_mode.py took 0.757 seconds
[2025-03-10T04:42:00.781+0000] {processor.py:156} INFO - Started process (PID=3253) to work on /opt/airflow/dags/Entrenamiento_mode.py
[2025-03-10T04:42:00.782+0000] {processor.py:799} INFO - Processing file /opt/airflow/dags/Entrenamiento_mode.py for tasks to queue
[2025-03-10T04:42:00.783+0000] {logging_mixin.py:149} INFO - [2025-03-10T04:42:00.783+0000] {dagbag.py:541} INFO - Filling up the DagBag from /opt/airflow/dags/Entrenamiento_mode.py
[2025-03-10T04:42:01.448+0000] {processor.py:809} INFO - DAG(s) dict_keys(['4-Entrenamiento_model']) retrieved from /opt/airflow/dags/Entrenamiento_mode.py
[2025-03-10T04:42:01.473+0000] {logging_mixin.py:149} INFO - [2025-03-10T04:42:01.472+0000] {dag.py:2726} INFO - Sync 1 DAGs
[2025-03-10T04:42:01.491+0000] {logging_mixin.py:149} INFO - [2025-03-10T04:42:01.491+0000] {dag.py:3490} INFO - Setting next_dagrun for 4-Entrenamiento_model to None, run_after=None
[2025-03-10T04:42:01.507+0000] {processor.py:178} INFO - Processing /opt/airflow/dags/Entrenamiento_mode.py took 0.727 seconds
[2025-03-10T04:42:32.440+0000] {processor.py:156} INFO - Started process (PID=3362) to work on /opt/airflow/dags/Entrenamiento_mode.py
[2025-03-10T04:42:32.442+0000] {processor.py:799} INFO - Processing file /opt/airflow/dags/Entrenamiento_mode.py for tasks to queue
[2025-03-10T04:42:32.443+0000] {logging_mixin.py:149} INFO - [2025-03-10T04:42:32.443+0000] {dagbag.py:541} INFO - Filling up the DagBag from /opt/airflow/dags/Entrenamiento_mode.py
[2025-03-10T04:42:33.174+0000] {processor.py:809} INFO - DAG(s) dict_keys(['4-Entrenamiento_model']) retrieved from /opt/airflow/dags/Entrenamiento_mode.py
[2025-03-10T04:42:33.194+0000] {logging_mixin.py:149} INFO - [2025-03-10T04:42:33.194+0000] {dag.py:2726} INFO - Sync 1 DAGs
[2025-03-10T04:42:33.209+0000] {logging_mixin.py:149} INFO - [2025-03-10T04:42:33.209+0000] {dag.py:3490} INFO - Setting next_dagrun for 4-Entrenamiento_model to None, run_after=None
[2025-03-10T04:42:33.225+0000] {processor.py:178} INFO - Processing /opt/airflow/dags/Entrenamiento_mode.py took 0.788 seconds
[2025-03-10T04:43:04.167+0000] {processor.py:156} INFO - Started process (PID=3471) to work on /opt/airflow/dags/Entrenamiento_mode.py
[2025-03-10T04:43:04.168+0000] {processor.py:799} INFO - Processing file /opt/airflow/dags/Entrenamiento_mode.py for tasks to queue
[2025-03-10T04:43:04.169+0000] {logging_mixin.py:149} INFO - [2025-03-10T04:43:04.169+0000] {dagbag.py:541} INFO - Filling up the DagBag from /opt/airflow/dags/Entrenamiento_mode.py
[2025-03-10T04:43:04.873+0000] {processor.py:809} INFO - DAG(s) dict_keys(['4-Entrenamiento_model']) retrieved from /opt/airflow/dags/Entrenamiento_mode.py
[2025-03-10T04:43:04.891+0000] {logging_mixin.py:149} INFO - [2025-03-10T04:43:04.890+0000] {dag.py:2726} INFO - Sync 1 DAGs
[2025-03-10T04:43:04.905+0000] {logging_mixin.py:149} INFO - [2025-03-10T04:43:04.905+0000] {dag.py:3490} INFO - Setting next_dagrun for 4-Entrenamiento_model to None, run_after=None
[2025-03-10T04:43:04.921+0000] {processor.py:178} INFO - Processing /opt/airflow/dags/Entrenamiento_mode.py took 0.755 seconds
[2025-03-10T04:43:35.414+0000] {processor.py:156} INFO - Started process (PID=3580) to work on /opt/airflow/dags/Entrenamiento_mode.py
[2025-03-10T04:43:35.415+0000] {processor.py:799} INFO - Processing file /opt/airflow/dags/Entrenamiento_mode.py for tasks to queue
[2025-03-10T04:43:35.416+0000] {logging_mixin.py:149} INFO - [2025-03-10T04:43:35.415+0000] {dagbag.py:541} INFO - Filling up the DagBag from /opt/airflow/dags/Entrenamiento_mode.py
[2025-03-10T04:43:36.058+0000] {processor.py:809} INFO - DAG(s) dict_keys(['4-Entrenamiento_model']) retrieved from /opt/airflow/dags/Entrenamiento_mode.py
[2025-03-10T04:43:36.075+0000] {logging_mixin.py:149} INFO - [2025-03-10T04:43:36.074+0000] {dag.py:2726} INFO - Sync 1 DAGs
[2025-03-10T04:43:36.088+0000] {logging_mixin.py:149} INFO - [2025-03-10T04:43:36.088+0000] {dag.py:3490} INFO - Setting next_dagrun for 4-Entrenamiento_model to None, run_after=None
[2025-03-10T04:43:36.102+0000] {processor.py:178} INFO - Processing /opt/airflow/dags/Entrenamiento_mode.py took 0.690 seconds
[2025-03-10T04:44:06.826+0000] {processor.py:156} INFO - Started process (PID=3689) to work on /opt/airflow/dags/Entrenamiento_mode.py
[2025-03-10T04:44:06.827+0000] {processor.py:799} INFO - Processing file /opt/airflow/dags/Entrenamiento_mode.py for tasks to queue
[2025-03-10T04:44:06.828+0000] {logging_mixin.py:149} INFO - [2025-03-10T04:44:06.828+0000] {dagbag.py:541} INFO - Filling up the DagBag from /opt/airflow/dags/Entrenamiento_mode.py
[2025-03-10T04:44:07.511+0000] {processor.py:809} INFO - DAG(s) dict_keys(['4-Entrenamiento_model']) retrieved from /opt/airflow/dags/Entrenamiento_mode.py
[2025-03-10T04:44:07.528+0000] {logging_mixin.py:149} INFO - [2025-03-10T04:44:07.528+0000] {dag.py:2726} INFO - Sync 1 DAGs
[2025-03-10T04:44:07.545+0000] {logging_mixin.py:149} INFO - [2025-03-10T04:44:07.545+0000] {dag.py:3490} INFO - Setting next_dagrun for 4-Entrenamiento_model to None, run_after=None
[2025-03-10T04:44:07.557+0000] {processor.py:178} INFO - Processing /opt/airflow/dags/Entrenamiento_mode.py took 0.732 seconds
[2025-03-10T04:44:38.460+0000] {processor.py:156} INFO - Started process (PID=3798) to work on /opt/airflow/dags/Entrenamiento_mode.py
[2025-03-10T04:44:38.460+0000] {processor.py:799} INFO - Processing file /opt/airflow/dags/Entrenamiento_mode.py for tasks to queue
[2025-03-10T04:44:38.461+0000] {logging_mixin.py:149} INFO - [2025-03-10T04:44:38.461+0000] {dagbag.py:541} INFO - Filling up the DagBag from /opt/airflow/dags/Entrenamiento_mode.py
[2025-03-10T04:44:39.126+0000] {processor.py:809} INFO - DAG(s) dict_keys(['4-Entrenamiento_model']) retrieved from /opt/airflow/dags/Entrenamiento_mode.py
[2025-03-10T04:44:39.144+0000] {logging_mixin.py:149} INFO - [2025-03-10T04:44:39.144+0000] {dag.py:2726} INFO - Sync 1 DAGs
[2025-03-10T04:44:39.164+0000] {logging_mixin.py:149} INFO - [2025-03-10T04:44:39.164+0000] {dag.py:3490} INFO - Setting next_dagrun for 4-Entrenamiento_model to None, run_after=None
[2025-03-10T04:44:39.181+0000] {processor.py:178} INFO - Processing /opt/airflow/dags/Entrenamiento_mode.py took 0.724 seconds
[2025-03-10T04:45:09.244+0000] {processor.py:156} INFO - Started process (PID=3906) to work on /opt/airflow/dags/Entrenamiento_mode.py
[2025-03-10T04:45:09.245+0000] {processor.py:799} INFO - Processing file /opt/airflow/dags/Entrenamiento_mode.py for tasks to queue
[2025-03-10T04:45:09.245+0000] {logging_mixin.py:149} INFO - [2025-03-10T04:45:09.245+0000] {dagbag.py:541} INFO - Filling up the DagBag from /opt/airflow/dags/Entrenamiento_mode.py
[2025-03-10T04:45:09.818+0000] {processor.py:809} INFO - DAG(s) dict_keys(['4-Entrenamiento_model']) retrieved from /opt/airflow/dags/Entrenamiento_mode.py
[2025-03-10T04:45:09.833+0000] {logging_mixin.py:149} INFO - [2025-03-10T04:45:09.833+0000] {dag.py:2726} INFO - Sync 1 DAGs
[2025-03-10T04:45:09.847+0000] {logging_mixin.py:149} INFO - [2025-03-10T04:45:09.847+0000] {dag.py:3490} INFO - Setting next_dagrun for 4-Entrenamiento_model to None, run_after=None
[2025-03-10T04:45:09.860+0000] {processor.py:178} INFO - Processing /opt/airflow/dags/Entrenamiento_mode.py took 0.618 seconds
[2025-03-10T04:45:39.891+0000] {processor.py:156} INFO - Started process (PID=4015) to work on /opt/airflow/dags/Entrenamiento_mode.py
[2025-03-10T04:45:39.892+0000] {processor.py:799} INFO - Processing file /opt/airflow/dags/Entrenamiento_mode.py for tasks to queue
[2025-03-10T04:45:39.892+0000] {logging_mixin.py:149} INFO - [2025-03-10T04:45:39.892+0000] {dagbag.py:541} INFO - Filling up the DagBag from /opt/airflow/dags/Entrenamiento_mode.py
[2025-03-10T04:45:40.479+0000] {processor.py:809} INFO - DAG(s) dict_keys(['4-Entrenamiento_model']) retrieved from /opt/airflow/dags/Entrenamiento_mode.py
[2025-03-10T04:45:40.496+0000] {logging_mixin.py:149} INFO - [2025-03-10T04:45:40.496+0000] {dag.py:2726} INFO - Sync 1 DAGs
[2025-03-10T04:45:40.510+0000] {logging_mixin.py:149} INFO - [2025-03-10T04:45:40.510+0000] {dag.py:3490} INFO - Setting next_dagrun for 4-Entrenamiento_model to None, run_after=None
[2025-03-10T04:45:40.523+0000] {processor.py:178} INFO - Processing /opt/airflow/dags/Entrenamiento_mode.py took 0.635 seconds
[2025-03-10T04:46:10.760+0000] {processor.py:156} INFO - Started process (PID=4124) to work on /opt/airflow/dags/Entrenamiento_mode.py
[2025-03-10T04:46:10.761+0000] {processor.py:799} INFO - Processing file /opt/airflow/dags/Entrenamiento_mode.py for tasks to queue
[2025-03-10T04:46:10.762+0000] {logging_mixin.py:149} INFO - [2025-03-10T04:46:10.762+0000] {dagbag.py:541} INFO - Filling up the DagBag from /opt/airflow/dags/Entrenamiento_mode.py
[2025-03-10T04:46:11.400+0000] {processor.py:809} INFO - DAG(s) dict_keys(['4-Entrenamiento_model']) retrieved from /opt/airflow/dags/Entrenamiento_mode.py
[2025-03-10T04:46:11.418+0000] {logging_mixin.py:149} INFO - [2025-03-10T04:46:11.417+0000] {dag.py:2726} INFO - Sync 1 DAGs
[2025-03-10T04:46:11.432+0000] {logging_mixin.py:149} INFO - [2025-03-10T04:46:11.431+0000] {dag.py:3490} INFO - Setting next_dagrun for 4-Entrenamiento_model to None, run_after=None
[2025-03-10T04:46:11.450+0000] {processor.py:178} INFO - Processing /opt/airflow/dags/Entrenamiento_mode.py took 0.692 seconds
[2025-03-10T04:46:41.959+0000] {processor.py:156} INFO - Started process (PID=4234) to work on /opt/airflow/dags/Entrenamiento_mode.py
[2025-03-10T04:46:41.960+0000] {processor.py:799} INFO - Processing file /opt/airflow/dags/Entrenamiento_mode.py for tasks to queue
[2025-03-10T04:46:41.961+0000] {logging_mixin.py:149} INFO - [2025-03-10T04:46:41.961+0000] {dagbag.py:541} INFO - Filling up the DagBag from /opt/airflow/dags/Entrenamiento_mode.py
[2025-03-10T04:46:42.646+0000] {processor.py:809} INFO - DAG(s) dict_keys(['4-Entrenamiento_model']) retrieved from /opt/airflow/dags/Entrenamiento_mode.py
[2025-03-10T04:46:42.664+0000] {logging_mixin.py:149} INFO - [2025-03-10T04:46:42.663+0000] {dag.py:2726} INFO - Sync 1 DAGs
[2025-03-10T04:46:42.681+0000] {logging_mixin.py:149} INFO - [2025-03-10T04:46:42.681+0000] {dag.py:3490} INFO - Setting next_dagrun for 4-Entrenamiento_model to None, run_after=None
[2025-03-10T04:46:42.695+0000] {processor.py:178} INFO - Processing /opt/airflow/dags/Entrenamiento_mode.py took 0.737 seconds
[2025-03-10T04:47:13.136+0000] {processor.py:156} INFO - Started process (PID=4343) to work on /opt/airflow/dags/Entrenamiento_mode.py
[2025-03-10T04:47:13.137+0000] {processor.py:799} INFO - Processing file /opt/airflow/dags/Entrenamiento_mode.py for tasks to queue
[2025-03-10T04:47:13.138+0000] {logging_mixin.py:149} INFO - [2025-03-10T04:47:13.138+0000] {dagbag.py:541} INFO - Filling up the DagBag from /opt/airflow/dags/Entrenamiento_mode.py
[2025-03-10T04:47:13.810+0000] {processor.py:809} INFO - DAG(s) dict_keys(['4-Entrenamiento_model']) retrieved from /opt/airflow/dags/Entrenamiento_mode.py
[2025-03-10T04:47:13.833+0000] {logging_mixin.py:149} INFO - [2025-03-10T04:47:13.832+0000] {dag.py:2726} INFO - Sync 1 DAGs
[2025-03-10T04:47:13.851+0000] {logging_mixin.py:149} INFO - [2025-03-10T04:47:13.851+0000] {dag.py:3490} INFO - Setting next_dagrun for 4-Entrenamiento_model to None, run_after=None
[2025-03-10T04:47:13.866+0000] {processor.py:178} INFO - Processing /opt/airflow/dags/Entrenamiento_mode.py took 0.732 seconds
[2025-03-10T04:47:44.264+0000] {processor.py:156} INFO - Started process (PID=4473) to work on /opt/airflow/dags/Entrenamiento_mode.py
[2025-03-10T04:47:44.265+0000] {processor.py:799} INFO - Processing file /opt/airflow/dags/Entrenamiento_mode.py for tasks to queue
[2025-03-10T04:47:44.265+0000] {logging_mixin.py:149} INFO - [2025-03-10T04:47:44.265+0000] {dagbag.py:541} INFO - Filling up the DagBag from /opt/airflow/dags/Entrenamiento_mode.py
[2025-03-10T04:47:44.901+0000] {processor.py:809} INFO - DAG(s) dict_keys(['4-Entrenamiento_model']) retrieved from /opt/airflow/dags/Entrenamiento_mode.py
[2025-03-10T04:47:44.922+0000] {logging_mixin.py:149} INFO - [2025-03-10T04:47:44.922+0000] {dag.py:2726} INFO - Sync 1 DAGs
[2025-03-10T04:47:44.936+0000] {logging_mixin.py:149} INFO - [2025-03-10T04:47:44.936+0000] {dag.py:3490} INFO - Setting next_dagrun for 4-Entrenamiento_model to None, run_after=None
[2025-03-10T04:47:44.952+0000] {processor.py:178} INFO - Processing /opt/airflow/dags/Entrenamiento_mode.py took 0.691 seconds
[2025-03-10T04:48:15.046+0000] {processor.py:156} INFO - Started process (PID=4581) to work on /opt/airflow/dags/Entrenamiento_mode.py
[2025-03-10T04:48:15.058+0000] {processor.py:799} INFO - Processing file /opt/airflow/dags/Entrenamiento_mode.py for tasks to queue
[2025-03-10T04:48:15.068+0000] {logging_mixin.py:149} INFO - [2025-03-10T04:48:15.068+0000] {dagbag.py:541} INFO - Filling up the DagBag from /opt/airflow/dags/Entrenamiento_mode.py
[2025-03-10T04:48:15.718+0000] {processor.py:809} INFO - DAG(s) dict_keys(['4-Entrenamiento_model']) retrieved from /opt/airflow/dags/Entrenamiento_mode.py
[2025-03-10T04:48:15.732+0000] {logging_mixin.py:149} INFO - [2025-03-10T04:48:15.732+0000] {dag.py:2726} INFO - Sync 1 DAGs
[2025-03-10T04:48:15.746+0000] {logging_mixin.py:149} INFO - [2025-03-10T04:48:15.746+0000] {dag.py:3490} INFO - Setting next_dagrun for 4-Entrenamiento_model to None, run_after=None
[2025-03-10T04:48:15.758+0000] {processor.py:178} INFO - Processing /opt/airflow/dags/Entrenamiento_mode.py took 0.716 seconds
[2025-03-10T04:48:46.244+0000] {processor.py:156} INFO - Started process (PID=4671) to work on /opt/airflow/dags/Entrenamiento_mode.py
[2025-03-10T04:48:46.245+0000] {processor.py:799} INFO - Processing file /opt/airflow/dags/Entrenamiento_mode.py for tasks to queue
[2025-03-10T04:48:46.245+0000] {logging_mixin.py:149} INFO - [2025-03-10T04:48:46.245+0000] {dagbag.py:541} INFO - Filling up the DagBag from /opt/airflow/dags/Entrenamiento_mode.py
[2025-03-10T04:48:46.892+0000] {processor.py:809} INFO - DAG(s) dict_keys(['4-Entrenamiento_model']) retrieved from /opt/airflow/dags/Entrenamiento_mode.py
[2025-03-10T04:48:46.912+0000] {logging_mixin.py:149} INFO - [2025-03-10T04:48:46.911+0000] {dag.py:2726} INFO - Sync 1 DAGs
[2025-03-10T04:48:46.927+0000] {logging_mixin.py:149} INFO - [2025-03-10T04:48:46.927+0000] {dag.py:3490} INFO - Setting next_dagrun for 4-Entrenamiento_model to None, run_after=None
[2025-03-10T04:48:46.944+0000] {processor.py:178} INFO - Processing /opt/airflow/dags/Entrenamiento_mode.py took 0.702 seconds
[2025-03-10T04:49:17.656+0000] {processor.py:156} INFO - Started process (PID=4780) to work on /opt/airflow/dags/Entrenamiento_mode.py
[2025-03-10T04:49:17.657+0000] {processor.py:799} INFO - Processing file /opt/airflow/dags/Entrenamiento_mode.py for tasks to queue
[2025-03-10T04:49:17.658+0000] {logging_mixin.py:149} INFO - [2025-03-10T04:49:17.658+0000] {dagbag.py:541} INFO - Filling up the DagBag from /opt/airflow/dags/Entrenamiento_mode.py
[2025-03-10T04:49:18.364+0000] {processor.py:809} INFO - DAG(s) dict_keys(['4-Entrenamiento_model']) retrieved from /opt/airflow/dags/Entrenamiento_mode.py
[2025-03-10T04:49:18.381+0000] {logging_mixin.py:149} INFO - [2025-03-10T04:49:18.381+0000] {dag.py:2726} INFO - Sync 1 DAGs
[2025-03-10T04:49:18.396+0000] {logging_mixin.py:149} INFO - [2025-03-10T04:49:18.396+0000] {dag.py:3490} INFO - Setting next_dagrun for 4-Entrenamiento_model to None, run_after=None
[2025-03-10T04:49:18.413+0000] {processor.py:178} INFO - Processing /opt/airflow/dags/Entrenamiento_mode.py took 0.759 seconds
[2025-03-10T04:49:48.956+0000] {processor.py:156} INFO - Started process (PID=4889) to work on /opt/airflow/dags/Entrenamiento_mode.py
[2025-03-10T04:49:48.957+0000] {processor.py:799} INFO - Processing file /opt/airflow/dags/Entrenamiento_mode.py for tasks to queue
[2025-03-10T04:49:48.957+0000] {logging_mixin.py:149} INFO - [2025-03-10T04:49:48.957+0000] {dagbag.py:541} INFO - Filling up the DagBag from /opt/airflow/dags/Entrenamiento_mode.py
[2025-03-10T04:49:49.618+0000] {processor.py:809} INFO - DAG(s) dict_keys(['4-Entrenamiento_model']) retrieved from /opt/airflow/dags/Entrenamiento_mode.py
[2025-03-10T04:49:49.635+0000] {logging_mixin.py:149} INFO - [2025-03-10T04:49:49.634+0000] {dag.py:2726} INFO - Sync 1 DAGs
[2025-03-10T04:49:49.651+0000] {logging_mixin.py:149} INFO - [2025-03-10T04:49:49.651+0000] {dag.py:3490} INFO - Setting next_dagrun for 4-Entrenamiento_model to None, run_after=None
[2025-03-10T04:49:49.666+0000] {processor.py:178} INFO - Processing /opt/airflow/dags/Entrenamiento_mode.py took 0.713 seconds
[2025-03-10T04:50:20.398+0000] {processor.py:156} INFO - Started process (PID=4998) to work on /opt/airflow/dags/Entrenamiento_mode.py
[2025-03-10T04:50:20.398+0000] {processor.py:799} INFO - Processing file /opt/airflow/dags/Entrenamiento_mode.py for tasks to queue
[2025-03-10T04:50:20.399+0000] {logging_mixin.py:149} INFO - [2025-03-10T04:50:20.399+0000] {dagbag.py:541} INFO - Filling up the DagBag from /opt/airflow/dags/Entrenamiento_mode.py
[2025-03-10T04:50:21.098+0000] {processor.py:809} INFO - DAG(s) dict_keys(['4-Entrenamiento_model']) retrieved from /opt/airflow/dags/Entrenamiento_mode.py
[2025-03-10T04:50:21.118+0000] {logging_mixin.py:149} INFO - [2025-03-10T04:50:21.118+0000] {dag.py:2726} INFO - Sync 1 DAGs
[2025-03-10T04:50:21.135+0000] {logging_mixin.py:149} INFO - [2025-03-10T04:50:21.135+0000] {dag.py:3490} INFO - Setting next_dagrun for 4-Entrenamiento_model to None, run_after=None
[2025-03-10T04:50:21.152+0000] {processor.py:178} INFO - Processing /opt/airflow/dags/Entrenamiento_mode.py took 0.756 seconds
