[2025-03-08T23:44:52.822+0000] {taskinstance.py:1125} INFO - Dependencies all met for dep_context=non-requeueable deps ti=<TaskInstance: delete_penguins_db.drop_penguins_table manual__2025-03-08T23:44:52.233638+00:00 [queued]>
[2025-03-08T23:44:52.828+0000] {taskinstance.py:1125} INFO - Dependencies all met for dep_context=requeueable deps ti=<TaskInstance: delete_penguins_db.drop_penguins_table manual__2025-03-08T23:44:52.233638+00:00 [queued]>
[2025-03-08T23:44:52.828+0000] {taskinstance.py:1331} INFO - Starting attempt 1 of 2
[2025-03-08T23:44:52.835+0000] {taskinstance.py:1350} INFO - Executing <Task(MySqlOperator): drop_penguins_table> on 2025-03-08 23:44:52.233638+00:00
[2025-03-08T23:44:52.837+0000] {standard_task_runner.py:57} INFO - Started process 122 to run task
[2025-03-08T23:44:52.839+0000] {standard_task_runner.py:84} INFO - Running: ['***', 'tasks', 'run', 'delete_penguins_db', 'drop_penguins_table', 'manual__2025-03-08T23:44:52.233638+00:00', '--job-id', '57', '--raw', '--subdir', 'DAGS_FOLDER/Borrar_datos.py', '--cfg-path', '/tmp/tmpkc0ojwbj']
[2025-03-08T23:44:52.839+0000] {standard_task_runner.py:85} INFO - Job 57: Subtask drop_penguins_table
[2025-03-08T23:44:52.867+0000] {task_command.py:410} INFO - Running <TaskInstance: delete_penguins_db.drop_penguins_table manual__2025-03-08T23:44:52.233638+00:00 [running]> on host ea801cbc8e46
[2025-03-08T23:44:52.912+0000] {taskinstance.py:1570} INFO - Exporting env vars: AIRFLOW_CTX_DAG_OWNER='***' AIRFLOW_CTX_DAG_ID='delete_penguins_db' AIRFLOW_CTX_TASK_ID='drop_penguins_table' AIRFLOW_CTX_EXECUTION_DATE='2025-03-08T23:44:52.233638+00:00' AIRFLOW_CTX_TRY_NUMBER='1' AIRFLOW_CTX_DAG_RUN_ID='manual__2025-03-08T23:44:52.233638+00:00'
[2025-03-08T23:44:52.913+0000] {sql.py:262} INFO - Executing: 
USE ***_db;
DROP TABLE IF EXISTS penguins;
[2025-03-08T23:44:52.913+0000] {crypto.py:83} WARNING - empty cryptography key - values will not be stored encrypted.
[2025-03-08T23:44:52.913+0000] {base.py:73} INFO - Using connection ID 'mysql_default' for task execution.
[2025-03-08T23:44:52.953+0000] {base.py:73} INFO - Using connection ID 'mysql_default' for task execution.
[2025-03-08T23:44:52.984+0000] {taskinstance.py:1847} ERROR - Task failed with exception
Traceback (most recent call last):
  File "/home/airflow/.local/lib/python3.7/site-packages/airflow/providers/common/sql/operators/sql.py", line 274, in execute
    **extra_kwargs,
  File "/home/airflow/.local/lib/python3.7/site-packages/airflow/providers/common/sql/hooks/sql.py", line 342, in run
    with closing(self.get_conn()) as conn:
  File "/home/airflow/.local/lib/python3.7/site-packages/airflow/providers/mysql/hooks/mysql.py", line 188, in get_conn
    return MySQLdb.connect(**conn_config)
  File "/home/airflow/.local/lib/python3.7/site-packages/MySQLdb/__init__.py", line 123, in Connect
    return Connection(*args, **kwargs)
  File "/home/airflow/.local/lib/python3.7/site-packages/MySQLdb/connections.py", line 185, in __init__
    super().__init__(*args, **kwargs2)
MySQLdb.OperationalError: (1044, "Access denied for user '***'@'%' to database '***_db'")
[2025-03-08T23:44:52.990+0000] {taskinstance.py:1373} INFO - Marking task as UP_FOR_RETRY. dag_id=delete_penguins_db, task_id=drop_penguins_table, execution_date=20250308T234452, start_date=20250308T234452, end_date=20250308T234452
[2025-03-08T23:44:52.997+0000] {standard_task_runner.py:109} ERROR - Failed to execute job 57 for task drop_penguins_table ((1044, "Access denied for user '***'@'%' to database '***_db'"); 122)
[2025-03-08T23:44:53.011+0000] {local_task_job_runner.py:232} INFO - Task exited with return code 1
[2025-03-08T23:44:53.025+0000] {taskinstance.py:2674} INFO - 0 downstream tasks scheduled from follow-on schedule check
