[2025-03-09T17:01:35.522+0000] {taskinstance.py:1125} INFO - Dependencies all met for dep_context=non-requeueable deps ti=<TaskInstance: 3-Procesar_penguins_data.preprocess_data manual__2025-03-09T17:01:33.440396+00:00 [queued]>
[2025-03-09T17:01:35.527+0000] {taskinstance.py:1125} INFO - Dependencies all met for dep_context=requeueable deps ti=<TaskInstance: 3-Procesar_penguins_data.preprocess_data manual__2025-03-09T17:01:33.440396+00:00 [queued]>
[2025-03-09T17:01:35.527+0000] {taskinstance.py:1331} INFO - Starting attempt 1 of 1
[2025-03-09T17:01:35.535+0000] {taskinstance.py:1350} INFO - Executing <Task(PythonOperator): preprocess_data> on 2025-03-09 17:01:33.440396+00:00
[2025-03-09T17:01:35.539+0000] {standard_task_runner.py:57} INFO - Started process 380 to run task
[2025-03-09T17:01:35.542+0000] {standard_task_runner.py:84} INFO - Running: ['***', 'tasks', 'run', '3-Procesar_penguins_data', 'preprocess_data', 'manual__2025-03-09T17:01:33.440396+00:00', '--job-id', '59', '--raw', '--subdir', 'DAGS_FOLDER/Procesa_data.py', '--cfg-path', '/tmp/tmp37tlrxe2']
[2025-03-09T17:01:35.543+0000] {standard_task_runner.py:85} INFO - Job 59: Subtask preprocess_data
[2025-03-09T17:01:35.585+0000] {task_command.py:410} INFO - Running <TaskInstance: 3-Procesar_penguins_data.preprocess_data manual__2025-03-09T17:01:33.440396+00:00 [running]> on host 2e759f21ee59
[2025-03-09T17:01:35.654+0000] {taskinstance.py:1570} INFO - Exporting env vars: AIRFLOW_CTX_DAG_OWNER='***' AIRFLOW_CTX_DAG_ID='3-Procesar_penguins_data' AIRFLOW_CTX_TASK_ID='preprocess_data' AIRFLOW_CTX_EXECUTION_DATE='2025-03-09T17:01:33.440396+00:00' AIRFLOW_CTX_TRY_NUMBER='1' AIRFLOW_CTX_DAG_RUN_ID='manual__2025-03-09T17:01:33.440396+00:00'
[2025-03-09T17:01:35.733+0000] {logging_mixin.py:149} INFO - Orden de columnas guardado: ['island', 'culmen_length_mm', 'culmen_depth_mm', 'flipper_length_mm', 'body_mass_g', 'sex']
[2025-03-09T17:01:35.751+0000] {logging_mixin.py:149} INFO - Archivos CSV de datos de entrenamiento y prueba guardados.
[2025-03-09T17:01:35.753+0000] {logging_mixin.py:149} INFO - Preprocesador guardado en /opt/***/data/processed_data/preprocessor.pkl
[2025-03-09T17:01:35.760+0000] {logging_mixin.py:149} INFO - Muestra de entrada para prueba: 
   island  culmen_length_mm  ...  body_mass_g   sex
49  Dream              42.3  ...         4150  MALE

[1 rows x 6 columns]
[2025-03-09T17:01:35.763+0000] {logging_mixin.py:149} INFO - Muestra procesada (primeros valores): [-0.34485915  2.03183612 -0.39024725 -0.02996397  0.        ]
[2025-03-09T17:01:35.764+0000] {python.py:183} INFO - Done. Returned value was: /opt/***/data/processed_data/preprocessor.pkl
[2025-03-09T17:01:35.778+0000] {taskinstance.py:1373} INFO - Marking task as SUCCESS. dag_id=3-Procesar_penguins_data, task_id=preprocess_data, execution_date=20250309T170133, start_date=20250309T170135, end_date=20250309T170135
[2025-03-09T17:01:35.794+0000] {local_task_job_runner.py:232} INFO - Task exited with return code 0
[2025-03-09T17:01:35.804+0000] {taskinstance.py:2674} INFO - 0 downstream tasks scheduled from follow-on schedule check
