[2025-03-09T03:37:23.135+0000] {taskinstance.py:1125} INFO - Dependencies all met for dep_context=non-requeueable deps ti=<TaskInstance: 1-Borrar_penguins_db.drop_penguins_table scheduled__2025-03-09T03:33:00+00:00 [queued]>
[2025-03-09T03:37:23.143+0000] {taskinstance.py:1125} INFO - Dependencies all met for dep_context=requeueable deps ti=<TaskInstance: 1-Borrar_penguins_db.drop_penguins_table scheduled__2025-03-09T03:33:00+00:00 [queued]>
[2025-03-09T03:37:23.144+0000] {taskinstance.py:1331} INFO - Starting attempt 1 of 2
[2025-03-09T03:37:23.155+0000] {taskinstance.py:1350} INFO - Executing <Task(MySqlOperator): drop_penguins_table> on 2025-03-09 03:33:00+00:00
[2025-03-09T03:37:23.159+0000] {standard_task_runner.py:57} INFO - Started process 768 to run task
[2025-03-09T03:37:23.162+0000] {standard_task_runner.py:84} INFO - Running: ['***', 'tasks', 'run', '1-Borrar_penguins_db', 'drop_penguins_table', 'scheduled__2025-03-09T03:33:00+00:00', '--job-id', '48', '--raw', '--subdir', 'DAGS_FOLDER/Borrar_datos.py', '--cfg-path', '/tmp/tmp97fuedpe']
[2025-03-09T03:37:23.163+0000] {standard_task_runner.py:85} INFO - Job 48: Subtask drop_penguins_table
[2025-03-09T03:37:23.206+0000] {task_command.py:410} INFO - Running <TaskInstance: 1-Borrar_penguins_db.drop_penguins_table scheduled__2025-03-09T03:33:00+00:00 [running]> on host d79f96be65f0
[2025-03-09T03:37:23.276+0000] {taskinstance.py:1570} INFO - Exporting env vars: AIRFLOW_CTX_DAG_OWNER='***' AIRFLOW_CTX_DAG_ID='1-Borrar_penguins_db' AIRFLOW_CTX_TASK_ID='drop_penguins_table' AIRFLOW_CTX_EXECUTION_DATE='2025-03-09T03:33:00+00:00' AIRFLOW_CTX_TRY_NUMBER='1' AIRFLOW_CTX_DAG_RUN_ID='scheduled__2025-03-09T03:33:00+00:00'
[2025-03-09T03:37:23.276+0000] {sql.py:262} INFO - Executing: 
USE ***_db;
DROP TABLE IF EXISTS penguins;
[2025-03-09T03:37:23.277+0000] {crypto.py:83} WARNING - empty cryptography key - values will not be stored encrypted.
[2025-03-09T03:37:23.277+0000] {base.py:73} INFO - Using connection ID 'mysql_default' for task execution.
[2025-03-09T03:37:23.318+0000] {base.py:73} INFO - Using connection ID 'mysql_default' for task execution.
[2025-03-09T03:37:23.327+0000] {sql.py:375} INFO - Running statement: 
USE ***_db;
DROP TABLE IF EXISTS penguins;, parameters: None
[2025-03-09T03:37:23.328+0000] {sql.py:384} INFO - Rows affected: 0
[2025-03-09T03:37:23.355+0000] {taskinstance.py:1373} INFO - Marking task as SUCCESS. dag_id=1-Borrar_penguins_db, task_id=drop_penguins_table, execution_date=20250309T033300, start_date=20250309T033723, end_date=20250309T033723
[2025-03-09T03:37:23.375+0000] {local_task_job_runner.py:232} INFO - Task exited with return code 0
[2025-03-09T03:37:23.395+0000] {taskinstance.py:2674} INFO - 1 downstream tasks scheduled from follow-on schedule check
