[2025-03-09T07:00:23.572+0000] {taskinstance.py:1125} INFO - Dependencies all met for dep_context=non-requeueable deps ti=<TaskInstance: 3-Procesar_penguins_data.preprocess_data manual__2025-03-09T07:00:20.223453+00:00 [queued]>
[2025-03-09T07:00:23.582+0000] {taskinstance.py:1125} INFO - Dependencies all met for dep_context=requeueable deps ti=<TaskInstance: 3-Procesar_penguins_data.preprocess_data manual__2025-03-09T07:00:20.223453+00:00 [queued]>
[2025-03-09T07:00:23.583+0000] {taskinstance.py:1331} INFO - Starting attempt 1 of 1
[2025-03-09T07:00:23.596+0000] {taskinstance.py:1350} INFO - Executing <Task(PythonOperator): preprocess_data> on 2025-03-09 07:00:20.223453+00:00
[2025-03-09T07:00:23.602+0000] {standard_task_runner.py:57} INFO - Started process 2237 to run task
[2025-03-09T07:00:23.606+0000] {standard_task_runner.py:84} INFO - Running: ['***', 'tasks', 'run', '3-Procesar_penguins_data', 'preprocess_data', 'manual__2025-03-09T07:00:20.223453+00:00', '--job-id', '50', '--raw', '--subdir', 'DAGS_FOLDER/Procesa_data.py', '--cfg-path', '/tmp/tmpzn2b2pr3']
[2025-03-09T07:00:23.609+0000] {standard_task_runner.py:85} INFO - Job 50: Subtask preprocess_data
[2025-03-09T07:00:23.679+0000] {task_command.py:410} INFO - Running <TaskInstance: 3-Procesar_penguins_data.preprocess_data manual__2025-03-09T07:00:20.223453+00:00 [running]> on host 2e759f21ee59
[2025-03-09T07:00:23.770+0000] {taskinstance.py:1570} INFO - Exporting env vars: AIRFLOW_CTX_DAG_OWNER='***' AIRFLOW_CTX_DAG_ID='3-Procesar_penguins_data' AIRFLOW_CTX_TASK_ID='preprocess_data' AIRFLOW_CTX_EXECUTION_DATE='2025-03-09T07:00:20.223453+00:00' AIRFLOW_CTX_TRY_NUMBER='1' AIRFLOW_CTX_DAG_RUN_ID='manual__2025-03-09T07:00:20.223453+00:00'
[2025-03-09T07:00:23.862+0000] {logging_mixin.py:149} INFO - ColumnTransformer(transformers=[('num',
                                 Pipeline(steps=[('imputer', SimpleImputer()),
                                                 ('scaler', StandardScaler())]),
                                 Index(['culmen_length_mm', 'culmen_depth_mm', 'flipper_length_mm',
       'body_mass_g'],
      dtype='object')),
                                ('cat',
                                 Pipeline(steps=[('imputer',
                                                  SimpleImputer(strategy='most_frequent')),
                                                 ('onehot',
                                                  OneHotEncoder(handle_unknown='ignore'))]),
                                 Index(['island', 'sex'], dtype='object'))])
[2025-03-09T07:00:23.890+0000] {logging_mixin.py:149} INFO - Archivos CSV de datos de entrenamiento y prueba guardados.
[2025-03-09T07:00:23.891+0000] {logging_mixin.py:149} INFO - Preprocesador guardado en /opt/***/data/processed_data/preprocessor.pkl
[2025-03-09T07:00:23.891+0000] {python.py:183} INFO - Done. Returned value was: /opt/***/data/processed_data/preprocessor.pkl
[2025-03-09T07:00:23.911+0000] {taskinstance.py:1373} INFO - Marking task as SUCCESS. dag_id=3-Procesar_penguins_data, task_id=preprocess_data, execution_date=20250309T070020, start_date=20250309T070023, end_date=20250309T070023
[2025-03-09T07:00:23.940+0000] {local_task_job_runner.py:232} INFO - Task exited with return code 0
[2025-03-09T07:00:23.956+0000] {taskinstance.py:2674} INFO - 0 downstream tasks scheduled from follow-on schedule check
