[2025-03-10T04:28:32.380+0000] {logging_mixin.py:149} INFO - Changing /opt/***/logs/dag_id=1-Borrar_penguins_db/run_id=manual__2025-03-10T04:28:31.160938+00:00/task_id=log_completion permission to 509
[2025-03-10T04:28:32.398+0000] {logging_mixin.py:149} INFO - Changing /opt/***/logs/dag_id=1-Borrar_penguins_db/run_id=manual__2025-03-10T04:28:31.160938+00:00/task_id=log_completion permission to 509
[2025-03-10T04:28:32.416+0000] {taskinstance.py:1125} INFO - Dependencies all met for dep_context=non-requeueable deps ti=<TaskInstance: 1-Borrar_penguins_db.log_completion manual__2025-03-10T04:28:31.160938+00:00 [queued]>
[2025-03-10T04:28:32.421+0000] {taskinstance.py:1125} INFO - Dependencies all met for dep_context=requeueable deps ti=<TaskInstance: 1-Borrar_penguins_db.log_completion manual__2025-03-10T04:28:31.160938+00:00 [queued]>
[2025-03-10T04:28:32.422+0000] {taskinstance.py:1331} INFO - Starting attempt 1 of 2
[2025-03-10T04:28:32.429+0000] {taskinstance.py:1350} INFO - Executing <Task(MySqlOperator): log_completion> on 2025-03-10 04:28:31.160938+00:00
[2025-03-10T04:28:32.432+0000] {standard_task_runner.py:57} INFO - Started process 143 to run task
[2025-03-10T04:28:32.434+0000] {standard_task_runner.py:84} INFO - Running: ['***', 'tasks', 'run', '1-Borrar_penguins_db', 'log_completion', 'manual__2025-03-10T04:28:31.160938+00:00', '--job-id', '6', '--raw', '--subdir', 'DAGS_FOLDER/Borrar_datos.py', '--cfg-path', '/tmp/tmpppktbm8x']
[2025-03-10T04:28:32.435+0000] {standard_task_runner.py:85} INFO - Job 6: Subtask log_completion
[2025-03-10T04:28:32.468+0000] {logging_mixin.py:149} INFO - Changing /opt/***/logs/dag_id=1-Borrar_penguins_db/run_id=manual__2025-03-10T04:28:31.160938+00:00/task_id=log_completion permission to 509
[2025-03-10T04:28:32.471+0000] {task_command.py:410} INFO - Running <TaskInstance: 1-Borrar_penguins_db.log_completion manual__2025-03-10T04:28:31.160938+00:00 [running]> on host 755ba3c50750
[2025-03-10T04:28:32.516+0000] {taskinstance.py:1570} INFO - Exporting env vars: AIRFLOW_CTX_DAG_OWNER='***' AIRFLOW_CTX_DAG_ID='1-Borrar_penguins_db' AIRFLOW_CTX_TASK_ID='log_completion' AIRFLOW_CTX_EXECUTION_DATE='2025-03-10T04:28:31.160938+00:00' AIRFLOW_CTX_TRY_NUMBER='1' AIRFLOW_CTX_DAG_RUN_ID='manual__2025-03-10T04:28:31.160938+00:00'
[2025-03-10T04:28:32.517+0000] {sql.py:262} INFO - Executing: SELECT 'Base de datos de penguins borrada exitosamente' as log_message
[2025-03-10T04:28:32.519+0000] {crypto.py:83} WARNING - empty cryptography key - values will not be stored encrypted.
[2025-03-10T04:28:32.521+0000] {base.py:73} INFO - Using connection ID 'mysql_default' for task execution.
[2025-03-10T04:28:32.553+0000] {base.py:73} INFO - Using connection ID 'mysql_default' for task execution.
[2025-03-10T04:28:32.563+0000] {sql.py:375} INFO - Running statement: SELECT 'Base de datos de penguins borrada exitosamente' as log_message, parameters: None
[2025-03-10T04:28:32.565+0000] {sql.py:384} INFO - Rows affected: 1
[2025-03-10T04:28:32.585+0000] {taskinstance.py:1373} INFO - Marking task as SUCCESS. dag_id=1-Borrar_penguins_db, task_id=log_completion, execution_date=20250310T042831, start_date=20250310T042832, end_date=20250310T042832
[2025-03-10T04:28:32.607+0000] {local_task_job_runner.py:232} INFO - Task exited with return code 0
[2025-03-10T04:28:32.618+0000] {taskinstance.py:2674} INFO - 0 downstream tasks scheduled from follow-on schedule check
