[2025-04-02T02:06:14.328+0000] {local_task_job_runner.py:123} INFO - ::group::Pre task execution logs
[2025-04-02T02:06:14.364+0000] {taskinstance.py:2614} INFO - Dependencies all met for dep_context=non-requeueable deps ti=<TaskInstance: 4-Entrenamiento_model.entrenar_modelo scheduled__2025-04-01T00:02:00+00:00 [queued]>
[2025-04-02T02:06:14.380+0000] {taskinstance.py:2614} INFO - Dependencies all met for dep_context=requeueable deps ti=<TaskInstance: 4-Entrenamiento_model.entrenar_modelo scheduled__2025-04-01T00:02:00+00:00 [queued]>
[2025-04-02T02:06:14.380+0000] {taskinstance.py:2867} INFO - Starting attempt 1 of 2
[2025-04-02T02:06:14.402+0000] {taskinstance.py:2890} INFO - Executing <Task(PythonOperator): entrenar_modelo> on 2025-04-01 00:02:00+00:00
[2025-04-02T02:06:14.425+0000] {standard_task_runner.py:72} INFO - Started process 748 to run task
[2025-04-02T02:06:14.439+0000] {standard_task_runner.py:104} INFO - Running: ['***', 'tasks', 'run', '4-Entrenamiento_model', 'entrenar_modelo', 'scheduled__2025-04-01T00:02:00+00:00', '--job-id', '8', '--raw', '--subdir', 'DAGS_FOLDER/Entrenamiento_mode.py', '--cfg-path', '/tmp/tmpmwm4epv9']
[2025-04-02T02:06:14.446+0000] {standard_task_runner.py:105} INFO - Job 8: Subtask entrenar_modelo
[2025-04-02T02:06:14.610+0000] {task_command.py:467} INFO - Running <TaskInstance: 4-Entrenamiento_model.entrenar_modelo scheduled__2025-04-01T00:02:00+00:00 [running]> on host 407915519a00
[2025-04-02T02:06:14.812+0000] {taskinstance.py:3134} INFO - Exporting env vars: AIRFLOW_CTX_DAG_OWNER='***' AIRFLOW_CTX_DAG_ID='4-Entrenamiento_model' AIRFLOW_CTX_TASK_ID='entrenar_modelo' AIRFLOW_CTX_EXECUTION_DATE='2025-04-01T00:02:00+00:00' AIRFLOW_CTX_TRY_NUMBER='1' AIRFLOW_CTX_DAG_RUN_ID='scheduled__2025-04-01T00:02:00+00:00'
[2025-04-02T02:06:14.814+0000] {taskinstance.py:732} INFO - ::endgroup::
[2025-04-02T02:06:14.866+0000] {warnings.py:109} WARNING - /opt/***/dags/Entrenamiento_mode.py:64: UserWarning: pandas only supports SQLAlchemy connectable (engine/connection) or database string URI or sqlite3 DBAPI2 connection. Other DBAPI2 objects are not tested. Please consider using SQLAlchemy.
  df = pd.read_sql(query, conn)

[2025-04-02T02:06:16.487+0000] {logging_mixin.py:190} WARNING - 2025/04/02 02:06:16 WARNING mlflow.utils.git_utils: Failed to import Git (the Git executable is probably not on your PATH), so Git SHA is not available. Error: Failed to initialize: Bad git executable.
The git executable must be specified in one of the following ways:
    - be included in your $PATH
    - be set via $GIT_PYTHON_GIT_EXECUTABLE
    - explicitly set via git.refresh(<full-path-to-git-executable>)

All git commands will error until this is rectified.

This initial message can be silenced or aggravated in the future by setting the
$GIT_PYTHON_REFRESH environment variable. Use one of the following values:
    - quiet|q|silence|s|silent|none|n|0: for no message or exception
    - warn|w|warning|log|l|1: for a warning message (logging level CRITICAL, displayed by default)
    - error|e|exception|raise|r|2: for a raised exception

Example:
    export GIT_PYTHON_REFRESH=quiet
[2025-04-02T02:06:16.600+0000] {logging_mixin.py:190} WARNING - 2025/04/02 02:06:16 WARNING mlflow.utils: Truncated the value of the key `estimator`. Truncated value: `Pipeline(steps=[('column_trans',
                 ColumnTransformer(remainder='passthrough',
                                   transformers=[('onehotencoder',
                                                  OneHotEncoder(handle_unknown='ignore'),
                                                  ['Wilderness_Area',
                                                   'Soil_Type'])])),
                ('scaler', StandardScaler(with_mean=False)),
                ('RandomForestClassifier', Rand...`
[2025-04-02T02:06:16.626+0000] {logging_and_warnings.py:72} WARNING - /home/***/.local/lib/python3.8/site-packages/joblib/parallel.py:1359: UserWarning: Loky-backed parallel loops cannot be called in a multiprocessing, setting n_jobs=1
  n_jobs = self._backend.configure(n_jobs=self.n_jobs, parallel=self,

[2025-04-02T02:06:23.006+0000] {credentials.py:1147} INFO - Found credentials in environment variables.
[2025-04-02T02:06:24.374+0000] {logging_mixin.py:190} WARNING - 2025/04/02 02:06:24 WARNING mlflow.utils.autologging_utils: MLflow autologging encountered a warning: "/home/***/.local/lib/python3.8/site-packages/mlflow/models/signature.py:137: UserWarning: Hint: Inferred schema contains integer column(s). Integer columns in Python cannot represent missing values. If your input data contains missing values at inference time, it will be encoded as floats and will cause a schema enforcement error. The best way to avoid this problem is to infer the model schema based on a realistic data sample (training dataset) that includes missing values. Alternatively, you can declare integer columns as doubles (float64) whenever these columns may have missing values. See `Handling Integers With Missing Values <https://www.mlflow.org/docs/latest/models.html#handling-integers-with-missing-values>`_ for more details."
[2025-04-02T02:06:34.050+0000] {logging_mixin.py:190} WARNING - Registered model 'modelo1' already exists. Creating a new version of this model...
[2025-04-02T02:06:34.112+0000] {logging_mixin.py:190} WARNING - 2025/04/02 02:06:34 INFO mlflow.tracking._model_registry.client: Waiting up to 300 seconds for model version to finish creation. Model name: modelo1, version 3
[2025-04-02T02:06:34.113+0000] {logging_mixin.py:190} WARNING - Created version '3' of model 'modelo1'.
[2025-04-02T02:06:37.882+0000] {logging_mixin.py:190} WARNING - 2025/04/02 02:06:37 INFO mlflow.sklearn.utils: Logging the 5 best runs, 3 runs will be omitted.
[2025-04-02T02:06:38.274+0000] {python.py:240} INFO - Done. Returned value was: 0
[2025-04-02T02:06:38.329+0000] {taskinstance.py:341} INFO - ::group::Post task execution logs
[2025-04-02T02:06:38.330+0000] {taskinstance.py:353} INFO - Marking task as SUCCESS. dag_id=4-Entrenamiento_model, task_id=entrenar_modelo, run_id=scheduled__2025-04-01T00:02:00+00:00, execution_date=20250401T000200, start_date=20250402T020614, end_date=20250402T020638
[2025-04-02T02:06:38.500+0000] {local_task_job_runner.py:266} INFO - Task exited with return code 0
[2025-04-02T02:06:38.536+0000] {taskinstance.py:3901} INFO - 0 downstream tasks scheduled from follow-on schedule check
[2025-04-02T02:06:38.538+0000] {local_task_job_runner.py:245} INFO - ::endgroup::
[2025-04-02T02:35:04.397+0000] {local_task_job_runner.py:123} INFO - ::group::Pre task execution logs
[2025-04-02T02:35:04.488+0000] {taskinstance.py:2614} INFO - Dependencies all met for dep_context=non-requeueable deps ti=<TaskInstance: 4-Entrenamiento_model.entrenar_modelo scheduled__2025-04-01T00:02:00+00:00 [queued]>
[2025-04-02T02:35:04.527+0000] {taskinstance.py:2614} INFO - Dependencies all met for dep_context=requeueable deps ti=<TaskInstance: 4-Entrenamiento_model.entrenar_modelo scheduled__2025-04-01T00:02:00+00:00 [queued]>
[2025-04-02T02:35:04.527+0000] {taskinstance.py:2867} INFO - Starting attempt 1 of 2
[2025-04-02T02:35:04.607+0000] {taskinstance.py:2890} INFO - Executing <Task(PythonOperator): entrenar_modelo> on 2025-04-01 00:02:00+00:00
[2025-04-02T02:35:04.669+0000] {standard_task_runner.py:72} INFO - Started process 155 to run task
[2025-04-02T02:35:04.695+0000] {standard_task_runner.py:104} INFO - Running: ['***', 'tasks', 'run', '4-Entrenamiento_model', 'entrenar_modelo', 'scheduled__2025-04-01T00:02:00+00:00', '--job-id', '6', '--raw', '--subdir', 'DAGS_FOLDER/Entrenamiento_mode.py', '--cfg-path', '/tmp/tmpbg4rg5xg']
[2025-04-02T02:35:04.706+0000] {standard_task_runner.py:105} INFO - Job 6: Subtask entrenar_modelo
[2025-04-02T02:35:04.891+0000] {task_command.py:467} INFO - Running <TaskInstance: 4-Entrenamiento_model.entrenar_modelo scheduled__2025-04-01T00:02:00+00:00 [running]> on host 66352f2efff5
[2025-04-02T02:35:05.082+0000] {taskinstance.py:3134} INFO - Exporting env vars: AIRFLOW_CTX_DAG_OWNER='***' AIRFLOW_CTX_DAG_ID='4-Entrenamiento_model' AIRFLOW_CTX_TASK_ID='entrenar_modelo' AIRFLOW_CTX_EXECUTION_DATE='2025-04-01T00:02:00+00:00' AIRFLOW_CTX_TRY_NUMBER='1' AIRFLOW_CTX_DAG_RUN_ID='scheduled__2025-04-01T00:02:00+00:00'
[2025-04-02T02:35:05.089+0000] {taskinstance.py:732} INFO - ::endgroup::
[2025-04-02T02:35:05.147+0000] {warnings.py:109} WARNING - /opt/***/dags/Entrenamiento_mode.py:64: UserWarning: pandas only supports SQLAlchemy connectable (engine/connection) or database string URI or sqlite3 DBAPI2 connection. Other DBAPI2 objects are not tested. Please consider using SQLAlchemy.
  df = pd.read_sql(query, conn)

[2025-04-02T02:35:05.181+0000] {taskinstance.py:3313} ERROR - Task failed with exception
Traceback (most recent call last):
  File "/home/airflow/.local/lib/python3.8/site-packages/airflow/models/taskinstance.py", line 768, in _execute_task
    result = _execute_callable(context=context, **execute_callable_kwargs)
  File "/home/airflow/.local/lib/python3.8/site-packages/airflow/models/taskinstance.py", line 734, in _execute_callable
    return ExecutionCallableRunner(
  File "/home/airflow/.local/lib/python3.8/site-packages/airflow/utils/operator_helpers.py", line 252, in run
    return self.func(*args, **kwargs)
  File "/home/airflow/.local/lib/python3.8/site-packages/airflow/models/baseoperator.py", line 424, in wrapper
    return func(self, *args, **kwargs)
  File "/home/airflow/.local/lib/python3.8/site-packages/airflow/operators/python.py", line 238, in execute
    return_value = self.execute_callable()
  File "/home/airflow/.local/lib/python3.8/site-packages/airflow/operators/python.py", line 256, in execute_callable
    return runner.run(*self.op_args, **self.op_kwargs)
  File "/home/airflow/.local/lib/python3.8/site-packages/airflow/utils/operator_helpers.py", line 252, in run
    return self.func(*args, **kwargs)
  File "/opt/airflow/dags/Entrenamiento_mode.py", line 80, in entrenar_modelo
    X = df_covertype.drop(columns=['Cover_Type'])  # Features
  File "/home/airflow/.local/lib/python3.8/site-packages/pandas/core/frame.py", line 5258, in drop
    return super().drop(
  File "/home/airflow/.local/lib/python3.8/site-packages/pandas/core/generic.py", line 4549, in drop
    obj = obj._drop_axis(labels, axis, level=level, errors=errors)
  File "/home/airflow/.local/lib/python3.8/site-packages/pandas/core/generic.py", line 4591, in _drop_axis
    new_axis = axis.drop(labels, errors=errors)
  File "/home/airflow/.local/lib/python3.8/site-packages/pandas/core/indexes/base.py", line 6699, in drop
    raise KeyError(f"{list(labels[mask])} not found in axis")
KeyError: "['Cover_Type'] not found in axis"
[2025-04-02T02:35:05.237+0000] {taskinstance.py:1226} INFO - Marking task as UP_FOR_RETRY. dag_id=4-Entrenamiento_model, task_id=entrenar_modelo, run_id=scheduled__2025-04-01T00:02:00+00:00, execution_date=20250401T000200, start_date=20250402T023504, end_date=20250402T023505
[2025-04-02T02:35:05.334+0000] {taskinstance.py:341} INFO - ::group::Post task execution logs
[2025-04-02T02:35:05.334+0000] {standard_task_runner.py:124} ERROR - Failed to execute job 6 for task entrenar_modelo ("['Cover_Type'] not found in axis"; 155)
Traceback (most recent call last):
  File "/home/airflow/.local/lib/python3.8/site-packages/airflow/task/task_runner/standard_task_runner.py", line 117, in _start_by_fork
    ret = args.func(args, dag=self.dag)
  File "/home/airflow/.local/lib/python3.8/site-packages/airflow/cli/cli_config.py", line 49, in command
    return func(*args, **kwargs)
  File "/home/airflow/.local/lib/python3.8/site-packages/airflow/utils/cli.py", line 116, in wrapper
    return f(*args, **kwargs)
  File "/home/airflow/.local/lib/python3.8/site-packages/airflow/cli/commands/task_command.py", line 483, in task_run
    task_return_code = _run_task_by_selected_method(args, _dag, ti)
  File "/home/airflow/.local/lib/python3.8/site-packages/airflow/cli/commands/task_command.py", line 256, in _run_task_by_selected_method
    return _run_raw_task(args, ti)
  File "/home/airflow/.local/lib/python3.8/site-packages/airflow/cli/commands/task_command.py", line 341, in _run_raw_task
    return ti._run_raw_task(
  File "/home/airflow/.local/lib/python3.8/site-packages/airflow/utils/session.py", line 97, in wrapper
    return func(*args, session=session, **kwargs)
  File "/home/airflow/.local/lib/python3.8/site-packages/airflow/models/taskinstance.py", line 3006, in _run_raw_task
    return _run_raw_task(
  File "/home/airflow/.local/lib/python3.8/site-packages/airflow/models/taskinstance.py", line 274, in _run_raw_task
    TaskInstance._execute_task_with_callbacks(
  File "/home/airflow/.local/lib/python3.8/site-packages/airflow/models/taskinstance.py", line 3161, in _execute_task_with_callbacks
    result = self._execute_task(context, task_orig)
  File "/home/airflow/.local/lib/python3.8/site-packages/airflow/models/taskinstance.py", line 3185, in _execute_task
    return _execute_task(self, context, task_orig)
  File "/home/airflow/.local/lib/python3.8/site-packages/airflow/models/taskinstance.py", line 768, in _execute_task
    result = _execute_callable(context=context, **execute_callable_kwargs)
  File "/home/airflow/.local/lib/python3.8/site-packages/airflow/models/taskinstance.py", line 734, in _execute_callable
    return ExecutionCallableRunner(
  File "/home/airflow/.local/lib/python3.8/site-packages/airflow/utils/operator_helpers.py", line 252, in run
    return self.func(*args, **kwargs)
  File "/home/airflow/.local/lib/python3.8/site-packages/airflow/models/baseoperator.py", line 424, in wrapper
    return func(self, *args, **kwargs)
  File "/home/airflow/.local/lib/python3.8/site-packages/airflow/operators/python.py", line 238, in execute
    return_value = self.execute_callable()
  File "/home/airflow/.local/lib/python3.8/site-packages/airflow/operators/python.py", line 256, in execute_callable
    return runner.run(*self.op_args, **self.op_kwargs)
  File "/home/airflow/.local/lib/python3.8/site-packages/airflow/utils/operator_helpers.py", line 252, in run
    return self.func(*args, **kwargs)
  File "/opt/airflow/dags/Entrenamiento_mode.py", line 80, in entrenar_modelo
    X = df_covertype.drop(columns=['Cover_Type'])  # Features
  File "/home/airflow/.local/lib/python3.8/site-packages/pandas/core/frame.py", line 5258, in drop
    return super().drop(
  File "/home/airflow/.local/lib/python3.8/site-packages/pandas/core/generic.py", line 4549, in drop
    obj = obj._drop_axis(labels, axis, level=level, errors=errors)
  File "/home/airflow/.local/lib/python3.8/site-packages/pandas/core/generic.py", line 4591, in _drop_axis
    new_axis = axis.drop(labels, errors=errors)
  File "/home/airflow/.local/lib/python3.8/site-packages/pandas/core/indexes/base.py", line 6699, in drop
    raise KeyError(f"{list(labels[mask])} not found in axis")
KeyError: "['Cover_Type'] not found in axis"
[2025-04-02T02:35:05.396+0000] {local_task_job_runner.py:266} INFO - Task exited with return code 1
[2025-04-02T02:35:05.454+0000] {taskinstance.py:3901} INFO - 0 downstream tasks scheduled from follow-on schedule check
[2025-04-02T02:35:05.456+0000] {local_task_job_runner.py:245} INFO - ::endgroup::
[2025-04-02T03:56:25.650+0000] {local_task_job_runner.py:123} INFO - ::group::Pre task execution logs
[2025-04-02T03:56:25.708+0000] {taskinstance.py:2614} INFO - Dependencies all met for dep_context=non-requeueable deps ti=<TaskInstance: 4-Entrenamiento_model.entrenar_modelo scheduled__2025-04-01T00:02:00+00:00 [queued]>
[2025-04-02T03:56:25.734+0000] {taskinstance.py:2614} INFO - Dependencies all met for dep_context=requeueable deps ti=<TaskInstance: 4-Entrenamiento_model.entrenar_modelo scheduled__2025-04-01T00:02:00+00:00 [queued]>
[2025-04-02T03:56:25.735+0000] {taskinstance.py:2867} INFO - Starting attempt 1 of 2
[2025-04-02T03:56:25.776+0000] {taskinstance.py:2890} INFO - Executing <Task(PythonOperator): entrenar_modelo> on 2025-04-01 00:02:00+00:00
[2025-04-02T03:56:25.817+0000] {standard_task_runner.py:72} INFO - Started process 162 to run task
[2025-04-02T03:56:25.846+0000] {standard_task_runner.py:104} INFO - Running: ['***', 'tasks', 'run', '4-Entrenamiento_model', 'entrenar_modelo', 'scheduled__2025-04-01T00:02:00+00:00', '--job-id', '6', '--raw', '--subdir', 'DAGS_FOLDER/Entrenamiento_mode.py', '--cfg-path', '/tmp/tmpbgvk65vh']
[2025-04-02T03:56:25.863+0000] {standard_task_runner.py:105} INFO - Job 6: Subtask entrenar_modelo
[2025-04-02T03:56:26.012+0000] {task_command.py:467} INFO - Running <TaskInstance: 4-Entrenamiento_model.entrenar_modelo scheduled__2025-04-01T00:02:00+00:00 [running]> on host 8e894eabd27d
[2025-04-02T03:56:26.213+0000] {taskinstance.py:3134} INFO - Exporting env vars: AIRFLOW_CTX_DAG_OWNER='***' AIRFLOW_CTX_DAG_ID='4-Entrenamiento_model' AIRFLOW_CTX_TASK_ID='entrenar_modelo' AIRFLOW_CTX_EXECUTION_DATE='2025-04-01T00:02:00+00:00' AIRFLOW_CTX_TRY_NUMBER='1' AIRFLOW_CTX_DAG_RUN_ID='scheduled__2025-04-01T00:02:00+00:00'
[2025-04-02T03:56:26.219+0000] {taskinstance.py:732} INFO - ::endgroup::
[2025-04-02T03:56:26.283+0000] {warnings.py:109} WARNING - /opt/***/dags/Entrenamiento_mode.py:64: UserWarning: pandas only supports SQLAlchemy connectable (engine/connection) or database string URI or sqlite3 DBAPI2 connection. Other DBAPI2 objects are not tested. Please consider using SQLAlchemy.
  df = pd.read_sql(query, conn)

[2025-04-02T03:56:28.698+0000] {logging_mixin.py:190} WARNING - 2025/04/02 03:56:28 INFO mlflow.tracking.fluent: Experiment with name 'mlflow_tracking_examples' does not exist. Creating a new experiment.
[2025-04-02T03:56:30.637+0000] {logging_mixin.py:190} WARNING - 2025/04/02 03:56:30 WARNING mlflow.utils.git_utils: Failed to import Git (the Git executable is probably not on your PATH), so Git SHA is not available. Error: Failed to initialize: Bad git executable.
The git executable must be specified in one of the following ways:
    - be included in your $PATH
    - be set via $GIT_PYTHON_GIT_EXECUTABLE
    - explicitly set via git.refresh(<full-path-to-git-executable>)

All git commands will error until this is rectified.

This initial message can be silenced or aggravated in the future by setting the
$GIT_PYTHON_REFRESH environment variable. Use one of the following values:
    - quiet|q|silence|s|silent|none|n|0: for no message or exception
    - warn|w|warning|log|l|1: for a warning message (logging level CRITICAL, displayed by default)
    - error|e|exception|raise|r|2: for a raised exception

Example:
    export GIT_PYTHON_REFRESH=quiet
[2025-04-02T03:56:31.346+0000] {logging_mixin.py:190} WARNING - 2025/04/02 03:56:31 WARNING mlflow.utils: Truncated the value of the key `estimator`. Truncated value: `Pipeline(steps=[('column_trans',
                 ColumnTransformer(remainder='passthrough',
                                   transformers=[('onehotencoder',
                                                  OneHotEncoder(handle_unknown='ignore'),
                                                  ['Wilderness_Area',
                                                   'Soil_Type'])])),
                ('scaler', StandardScaler(with_mean=False)),
                ('RandomForestClassifier', Rand...`
[2025-04-02T03:56:31.360+0000] {logging_and_warnings.py:72} WARNING - /home/***/.local/lib/python3.8/site-packages/joblib/parallel.py:1359: UserWarning: Loky-backed parallel loops cannot be called in a multiprocessing, setting n_jobs=1
  n_jobs = self._backend.configure(n_jobs=self.n_jobs, parallel=self,

[2025-04-02T03:56:35.201+0000] {font_manager.py:1547} INFO - generated new fontManager
[2025-04-02T03:56:38.062+0000] {credentials.py:1147} INFO - Found credentials in environment variables.
[2025-04-02T03:56:39.055+0000] {logging_mixin.py:190} WARNING - 2025/04/02 03:56:39 WARNING mlflow.utils.autologging_utils: MLflow autologging encountered a warning: "/home/***/.local/lib/python3.8/site-packages/mlflow/models/signature.py:137: UserWarning: Hint: Inferred schema contains integer column(s). Integer columns in Python cannot represent missing values. If your input data contains missing values at inference time, it will be encoded as floats and will cause a schema enforcement error. The best way to avoid this problem is to infer the model schema based on a realistic data sample (training dataset) that includes missing values. Alternatively, you can declare integer columns as doubles (float64) whenever these columns may have missing values. See `Handling Integers With Missing Values <https://www.mlflow.org/docs/latest/models.html#handling-integers-with-missing-values>`_ for more details."
[2025-04-02T03:56:48.872+0000] {logging_mixin.py:190} WARNING - Successfully registered model 'modelo1'.
[2025-04-02T03:56:49.018+0000] {logging_mixin.py:190} WARNING - 2025/04/02 03:56:49 INFO mlflow.tracking._model_registry.client: Waiting up to 300 seconds for model version to finish creation. Model name: modelo1, version 1
[2025-04-02T03:56:49.019+0000] {logging_mixin.py:190} WARNING - Created version '1' of model 'modelo1'.
[2025-04-02T03:56:57.164+0000] {logging_mixin.py:190} WARNING - 2025/04/02 03:56:57 INFO mlflow.sklearn.utils: Logging the 5 best runs, 3 runs will be omitted.
[2025-04-02T03:56:58.111+0000] {python.py:240} INFO - Done. Returned value was: 0
[2025-04-02T03:56:58.228+0000] {taskinstance.py:341} INFO - ::group::Post task execution logs
[2025-04-02T03:56:58.232+0000] {taskinstance.py:353} INFO - Marking task as SUCCESS. dag_id=4-Entrenamiento_model, task_id=entrenar_modelo, run_id=scheduled__2025-04-01T00:02:00+00:00, execution_date=20250401T000200, start_date=20250402T035625, end_date=20250402T035658
[2025-04-02T03:56:58.425+0000] {local_task_job_runner.py:266} INFO - Task exited with return code 0
[2025-04-02T03:56:58.471+0000] {taskinstance.py:3901} INFO - 0 downstream tasks scheduled from follow-on schedule check
[2025-04-02T03:56:58.484+0000] {local_task_job_runner.py:245} INFO - ::endgroup::
[2025-04-02T18:02:01.582+0000] {local_task_job_runner.py:123} INFO - ::group::Pre task execution logs
[2025-04-02T18:02:01.739+0000] {taskinstance.py:2614} INFO - Dependencies all met for dep_context=non-requeueable deps ti=<TaskInstance: 4-Entrenamiento_model.entrenar_modelo scheduled__2025-04-01T00:02:00+00:00 [queued]>
[2025-04-02T18:02:01.799+0000] {taskinstance.py:2614} INFO - Dependencies all met for dep_context=requeueable deps ti=<TaskInstance: 4-Entrenamiento_model.entrenar_modelo scheduled__2025-04-01T00:02:00+00:00 [queued]>
[2025-04-02T18:02:01.800+0000] {taskinstance.py:2867} INFO - Starting attempt 1 of 2
[2025-04-02T18:02:01.867+0000] {taskinstance.py:2890} INFO - Executing <Task(PythonOperator): entrenar_modelo> on 2025-04-01 00:02:00+00:00
[2025-04-02T18:02:01.939+0000] {standard_task_runner.py:72} INFO - Started process 167 to run task
[2025-04-02T18:02:01.958+0000] {standard_task_runner.py:104} INFO - Running: ['***', 'tasks', 'run', '4-Entrenamiento_model', 'entrenar_modelo', 'scheduled__2025-04-01T00:02:00+00:00', '--job-id', '6', '--raw', '--subdir', 'DAGS_FOLDER/Entrenamiento_mode.py', '--cfg-path', '/tmp/tmp8ckwe3aq']
[2025-04-02T18:02:01.970+0000] {standard_task_runner.py:105} INFO - Job 6: Subtask entrenar_modelo
[2025-04-02T18:02:02.227+0000] {task_command.py:467} INFO - Running <TaskInstance: 4-Entrenamiento_model.entrenar_modelo scheduled__2025-04-01T00:02:00+00:00 [running]> on host 0f069c6cac7c
[2025-04-02T18:02:02.622+0000] {taskinstance.py:3134} INFO - Exporting env vars: AIRFLOW_CTX_DAG_OWNER='***' AIRFLOW_CTX_DAG_ID='4-Entrenamiento_model' AIRFLOW_CTX_TASK_ID='entrenar_modelo' AIRFLOW_CTX_EXECUTION_DATE='2025-04-01T00:02:00+00:00' AIRFLOW_CTX_TRY_NUMBER='1' AIRFLOW_CTX_DAG_RUN_ID='scheduled__2025-04-01T00:02:00+00:00'
[2025-04-02T18:02:02.629+0000] {taskinstance.py:732} INFO - ::endgroup::
[2025-04-02T18:02:02.726+0000] {warnings.py:109} WARNING - /opt/***/dags/Entrenamiento_mode.py:64: UserWarning: pandas only supports SQLAlchemy connectable (engine/connection) or database string URI or sqlite3 DBAPI2 connection. Other DBAPI2 objects are not tested. Please consider using SQLAlchemy.
  df = pd.read_sql(query, conn)

[2025-04-02T18:02:03.802+0000] {logging_mixin.py:190} WARNING - 2025/04/02 18:02:03 INFO mlflow.tracking.fluent: Experiment with name 'mlflow_tracking_examples' does not exist. Creating a new experiment.
[2025-04-02T18:02:06.618+0000] {logging_mixin.py:190} WARNING - 2025/04/02 18:02:06 WARNING mlflow.utils.git_utils: Failed to import Git (the Git executable is probably not on your PATH), so Git SHA is not available. Error: Failed to initialize: Bad git executable.
The git executable must be specified in one of the following ways:
    - be included in your $PATH
    - be set via $GIT_PYTHON_GIT_EXECUTABLE
    - explicitly set via git.refresh(<full-path-to-git-executable>)

All git commands will error until this is rectified.

This initial message can be silenced or aggravated in the future by setting the
$GIT_PYTHON_REFRESH environment variable. Use one of the following values:
    - quiet|q|silence|s|silent|none|n|0: for no message or exception
    - warn|w|warning|log|l|1: for a warning message (logging level CRITICAL, displayed by default)
    - error|e|exception|raise|r|2: for a raised exception

Example:
    export GIT_PYTHON_REFRESH=quiet
[2025-04-02T18:02:06.720+0000] {logging_mixin.py:190} WARNING - 2025/04/02 18:02:06 WARNING mlflow.utils: Truncated the value of the key `estimator`. Truncated value: `Pipeline(steps=[('column_trans',
                 ColumnTransformer(remainder='passthrough',
                                   transformers=[('onehotencoder',
                                                  OneHotEncoder(handle_unknown='ignore'),
                                                  ['Wilderness_Area',
                                                   'Soil_Type'])])),
                ('scaler', StandardScaler(with_mean=False)),
                ('RandomForestClassifier', Rand...`
[2025-04-02T18:02:06.740+0000] {logging_and_warnings.py:72} WARNING - /home/***/.local/lib/python3.8/site-packages/joblib/parallel.py:1359: UserWarning: Loky-backed parallel loops cannot be called in a multiprocessing, setting n_jobs=1
  n_jobs = self._backend.configure(n_jobs=self.n_jobs, parallel=self,

[2025-04-02T18:02:06.776+0000] {logging_and_warnings.py:72} WARNING - /home/***/.local/lib/python3.8/site-packages/sklearn/model_selection/_split.py:676: UserWarning: The least populated class in y has only 3 members, which is less than n_splits=5.
  warnings.warn(

[2025-04-02T18:02:10.849+0000] {font_manager.py:1547} INFO - generated new fontManager
[2025-04-02T18:02:16.598+0000] {credentials.py:1147} INFO - Found credentials in environment variables.
[2025-04-02T18:02:19.802+0000] {logging_mixin.py:190} WARNING - 2025/04/02 18:02:19 WARNING mlflow.utils.autologging_utils: MLflow autologging encountered a warning: "/home/***/.local/lib/python3.8/site-packages/mlflow/models/signature.py:137: UserWarning: Hint: Inferred schema contains integer column(s). Integer columns in Python cannot represent missing values. If your input data contains missing values at inference time, it will be encoded as floats and will cause a schema enforcement error. The best way to avoid this problem is to infer the model schema based on a realistic data sample (training dataset) that includes missing values. Alternatively, you can declare integer columns as doubles (float64) whenever these columns may have missing values. See `Handling Integers With Missing Values <https://www.mlflow.org/docs/latest/models.html#handling-integers-with-missing-values>`_ for more details."
[2025-04-02T18:02:42.829+0000] {logging_mixin.py:190} WARNING - Successfully registered model 'modelo1'.
[2025-04-02T18:02:42.930+0000] {logging_mixin.py:190} WARNING - 2025/04/02 18:02:42 INFO mlflow.tracking._model_registry.client: Waiting up to 300 seconds for model version to finish creation. Model name: modelo1, version 1
[2025-04-02T18:02:42.936+0000] {logging_mixin.py:190} WARNING - Created version '1' of model 'modelo1'.
[2025-04-02T18:02:51.822+0000] {logging_mixin.py:190} WARNING - 2025/04/02 18:02:51 INFO mlflow.sklearn.utils: Logging the 5 best runs, 3 runs will be omitted.
[2025-04-02T18:02:53.643+0000] {python.py:240} INFO - Done. Returned value was: 0
[2025-04-02T18:02:53.849+0000] {taskinstance.py:341} INFO - ::group::Post task execution logs
[2025-04-02T18:02:53.862+0000] {taskinstance.py:353} INFO - Marking task as SUCCESS. dag_id=4-Entrenamiento_model, task_id=entrenar_modelo, run_id=scheduled__2025-04-01T00:02:00+00:00, execution_date=20250401T000200, start_date=20250402T180201, end_date=20250402T180253
[2025-04-02T18:02:54.463+0000] {local_task_job_runner.py:266} INFO - Task exited with return code 0
[2025-04-02T18:02:54.586+0000] {taskinstance.py:3901} INFO - 0 downstream tasks scheduled from follow-on schedule check
[2025-04-02T18:02:54.589+0000] {local_task_job_runner.py:245} INFO - ::endgroup::
[2025-04-02T18:19:41.552+0000] {local_task_job_runner.py:123} INFO - ::group::Pre task execution logs
[2025-04-02T18:19:41.597+0000] {taskinstance.py:2614} INFO - Dependencies all met for dep_context=non-requeueable deps ti=<TaskInstance: 4-Entrenamiento_model.entrenar_modelo scheduled__2025-04-01T00:02:00+00:00 [queued]>
[2025-04-02T18:19:41.610+0000] {taskinstance.py:2614} INFO - Dependencies all met for dep_context=requeueable deps ti=<TaskInstance: 4-Entrenamiento_model.entrenar_modelo scheduled__2025-04-01T00:02:00+00:00 [queued]>
[2025-04-02T18:19:41.611+0000] {taskinstance.py:2867} INFO - Starting attempt 1 of 2
[2025-04-02T18:19:41.630+0000] {taskinstance.py:2890} INFO - Executing <Task(PythonOperator): entrenar_modelo> on 2025-04-01 00:02:00+00:00
[2025-04-02T18:19:41.658+0000] {standard_task_runner.py:72} INFO - Started process 152 to run task
[2025-04-02T18:19:41.692+0000] {standard_task_runner.py:104} INFO - Running: ['***', 'tasks', 'run', '4-Entrenamiento_model', 'entrenar_modelo', 'scheduled__2025-04-01T00:02:00+00:00', '--job-id', '6', '--raw', '--subdir', 'DAGS_FOLDER/Entrenamiento_mode.py', '--cfg-path', '/tmp/tmpn5n9mpvc']
[2025-04-02T18:19:41.699+0000] {standard_task_runner.py:105} INFO - Job 6: Subtask entrenar_modelo
[2025-04-02T18:19:41.891+0000] {task_command.py:467} INFO - Running <TaskInstance: 4-Entrenamiento_model.entrenar_modelo scheduled__2025-04-01T00:02:00+00:00 [running]> on host a53d15b8cf77
[2025-04-02T18:19:42.113+0000] {taskinstance.py:3134} INFO - Exporting env vars: AIRFLOW_CTX_DAG_OWNER='***' AIRFLOW_CTX_DAG_ID='4-Entrenamiento_model' AIRFLOW_CTX_TASK_ID='entrenar_modelo' AIRFLOW_CTX_EXECUTION_DATE='2025-04-01T00:02:00+00:00' AIRFLOW_CTX_TRY_NUMBER='1' AIRFLOW_CTX_DAG_RUN_ID='scheduled__2025-04-01T00:02:00+00:00'
[2025-04-02T18:19:42.115+0000] {taskinstance.py:732} INFO - ::endgroup::
[2025-04-02T18:19:42.203+0000] {warnings.py:109} WARNING - /opt/***/dags/Entrenamiento_mode.py:64: UserWarning: pandas only supports SQLAlchemy connectable (engine/connection) or database string URI or sqlite3 DBAPI2 connection. Other DBAPI2 objects are not tested. Please consider using SQLAlchemy.
  df = pd.read_sql(query, conn)

[2025-04-02T18:19:44.620+0000] {logging_mixin.py:190} WARNING - 2025/04/02 18:19:44 INFO mlflow.tracking.fluent: Experiment with name 'mlflow_tracking_examples' does not exist. Creating a new experiment.
[2025-04-02T18:19:47.004+0000] {logging_mixin.py:190} WARNING - 2025/04/02 18:19:47 WARNING mlflow.utils.git_utils: Failed to import Git (the Git executable is probably not on your PATH), so Git SHA is not available. Error: Failed to initialize: Bad git executable.
The git executable must be specified in one of the following ways:
    - be included in your $PATH
    - be set via $GIT_PYTHON_GIT_EXECUTABLE
    - explicitly set via git.refresh(<full-path-to-git-executable>)

All git commands will error until this is rectified.

This initial message can be silenced or aggravated in the future by setting the
$GIT_PYTHON_REFRESH environment variable. Use one of the following values:
    - quiet|q|silence|s|silent|none|n|0: for no message or exception
    - warn|w|warning|log|l|1: for a warning message (logging level CRITICAL, displayed by default)
    - error|e|exception|raise|r|2: for a raised exception

Example:
    export GIT_PYTHON_REFRESH=quiet
[2025-04-02T18:19:47.297+0000] {logging_mixin.py:190} WARNING - 2025/04/02 18:19:47 WARNING mlflow.utils: Truncated the value of the key `estimator`. Truncated value: `Pipeline(steps=[('column_trans',
                 ColumnTransformer(remainder='passthrough',
                                   transformers=[('onehotencoder',
                                                  OneHotEncoder(handle_unknown='ignore'),
                                                  ['Wilderness_Area',
                                                   'Soil_Type'])])),
                ('scaler', StandardScaler(with_mean=False)),
                ('RandomForestClassifier', Rand...`
[2025-04-02T18:19:47.334+0000] {logging_and_warnings.py:72} WARNING - /home/***/.local/lib/python3.8/site-packages/joblib/parallel.py:1359: UserWarning: Loky-backed parallel loops cannot be called in a multiprocessing, setting n_jobs=1
  n_jobs = self._backend.configure(n_jobs=self.n_jobs, parallel=self,

[2025-04-02T18:19:47.363+0000] {logging_and_warnings.py:72} WARNING - /home/***/.local/lib/python3.8/site-packages/sklearn/model_selection/_split.py:676: UserWarning: The least populated class in y has only 4 members, which is less than n_splits=5.
  warnings.warn(

[2025-04-02T18:19:55.356+0000] {font_manager.py:1547} INFO - generated new fontManager
[2025-04-02T18:19:58.261+0000] {credentials.py:1147} INFO - Found credentials in environment variables.
[2025-04-02T18:19:59.198+0000] {logging_mixin.py:190} WARNING - 2025/04/02 18:19:59 WARNING mlflow.utils.autologging_utils: MLflow autologging encountered a warning: "/home/***/.local/lib/python3.8/site-packages/mlflow/models/signature.py:137: UserWarning: Hint: Inferred schema contains integer column(s). Integer columns in Python cannot represent missing values. If your input data contains missing values at inference time, it will be encoded as floats and will cause a schema enforcement error. The best way to avoid this problem is to infer the model schema based on a realistic data sample (training dataset) that includes missing values. Alternatively, you can declare integer columns as doubles (float64) whenever these columns may have missing values. See `Handling Integers With Missing Values <https://www.mlflow.org/docs/latest/models.html#handling-integers-with-missing-values>`_ for more details."
[2025-04-02T18:20:09.824+0000] {logging_mixin.py:190} WARNING - Successfully registered model 'modelo1'.
[2025-04-02T18:20:09.937+0000] {logging_mixin.py:190} WARNING - 2025/04/02 18:20:09 INFO mlflow.tracking._model_registry.client: Waiting up to 300 seconds for model version to finish creation. Model name: modelo1, version 1
[2025-04-02T18:20:09.939+0000] {logging_mixin.py:190} WARNING - Created version '1' of model 'modelo1'.
[2025-04-02T18:20:15.257+0000] {logging_mixin.py:190} WARNING - 2025/04/02 18:20:15 INFO mlflow.sklearn.utils: Logging the 5 best runs, 3 runs will be omitted.
[2025-04-02T18:20:15.816+0000] {python.py:240} INFO - Done. Returned value was: 0
[2025-04-02T18:20:15.869+0000] {taskinstance.py:341} INFO - ::group::Post task execution logs
[2025-04-02T18:20:15.871+0000] {taskinstance.py:353} INFO - Marking task as SUCCESS. dag_id=4-Entrenamiento_model, task_id=entrenar_modelo, run_id=scheduled__2025-04-01T00:02:00+00:00, execution_date=20250401T000200, start_date=20250402T181941, end_date=20250402T182015
[2025-04-02T18:20:16.027+0000] {local_task_job_runner.py:266} INFO - Task exited with return code 0
[2025-04-02T18:20:16.068+0000] {taskinstance.py:3901} INFO - 0 downstream tasks scheduled from follow-on schedule check
[2025-04-02T18:20:16.071+0000] {local_task_job_runner.py:245} INFO - ::endgroup::
[2025-04-02T23:34:57.359+0000] {local_task_job_runner.py:123} INFO - ::group::Pre task execution logs
[2025-04-02T23:34:57.408+0000] {taskinstance.py:2614} INFO - Dependencies all met for dep_context=non-requeueable deps ti=<TaskInstance: 4-Entrenamiento_model.entrenar_modelo scheduled__2025-04-01T00:02:00+00:00 [queued]>
[2025-04-02T23:34:57.424+0000] {taskinstance.py:2614} INFO - Dependencies all met for dep_context=requeueable deps ti=<TaskInstance: 4-Entrenamiento_model.entrenar_modelo scheduled__2025-04-01T00:02:00+00:00 [queued]>
[2025-04-02T23:34:57.424+0000] {taskinstance.py:2867} INFO - Starting attempt 1 of 2
[2025-04-02T23:34:57.444+0000] {taskinstance.py:2890} INFO - Executing <Task(PythonOperator): entrenar_modelo> on 2025-04-01 00:02:00+00:00
[2025-04-02T23:34:57.468+0000] {standard_task_runner.py:72} INFO - Started process 408 to run task
[2025-04-02T23:34:57.484+0000] {standard_task_runner.py:104} INFO - Running: ['***', 'tasks', 'run', '4-Entrenamiento_model', 'entrenar_modelo', 'scheduled__2025-04-01T00:02:00+00:00', '--job-id', '6', '--raw', '--subdir', 'DAGS_FOLDER/Entrenamiento_mode.py', '--cfg-path', '/tmp/tmp2adwqsl1']
[2025-04-02T23:34:57.491+0000] {standard_task_runner.py:105} INFO - Job 6: Subtask entrenar_modelo
[2025-04-02T23:34:57.607+0000] {task_command.py:467} INFO - Running <TaskInstance: 4-Entrenamiento_model.entrenar_modelo scheduled__2025-04-01T00:02:00+00:00 [running]> on host 03efad00ee78
[2025-04-02T23:34:57.786+0000] {taskinstance.py:3134} INFO - Exporting env vars: AIRFLOW_CTX_DAG_OWNER='***' AIRFLOW_CTX_DAG_ID='4-Entrenamiento_model' AIRFLOW_CTX_TASK_ID='entrenar_modelo' AIRFLOW_CTX_EXECUTION_DATE='2025-04-01T00:02:00+00:00' AIRFLOW_CTX_TRY_NUMBER='1' AIRFLOW_CTX_DAG_RUN_ID='scheduled__2025-04-01T00:02:00+00:00'
[2025-04-02T23:34:57.790+0000] {taskinstance.py:732} INFO - ::endgroup::
[2025-04-02T23:34:57.922+0000] {warnings.py:109} WARNING - /opt/***/dags/Entrenamiento_mode.py:64: UserWarning: pandas only supports SQLAlchemy connectable (engine/connection) or database string URI or sqlite3 DBAPI2 connection. Other DBAPI2 objects are not tested. Please consider using SQLAlchemy.
  df = pd.read_sql(query, conn)

[2025-04-02T23:34:58.109+0000] {logging_mixin.py:190} WARNING - 2025/04/02 23:34:58 INFO mlflow.tracking.fluent: Experiment with name 'mlflow_tracking_examples' does not exist. Creating a new experiment.
[2025-04-02T23:35:01.584+0000] {logging_mixin.py:190} WARNING - 2025/04/02 23:35:01 WARNING mlflow.utils.git_utils: Failed to import Git (the Git executable is probably not on your PATH), so Git SHA is not available. Error: Failed to initialize: Bad git executable.
The git executable must be specified in one of the following ways:
    - be included in your $PATH
    - be set via $GIT_PYTHON_GIT_EXECUTABLE
    - explicitly set via git.refresh(<full-path-to-git-executable>)

All git commands will error until this is rectified.

This initial message can be silenced or aggravated in the future by setting the
$GIT_PYTHON_REFRESH environment variable. Use one of the following values:
    - quiet|q|silence|s|silent|none|n|0: for no message or exception
    - warn|w|warning|log|l|1: for a warning message (logging level CRITICAL, displayed by default)
    - error|e|exception|raise|r|2: for a raised exception

Example:
    export GIT_PYTHON_REFRESH=quiet
[2025-04-02T23:35:01.768+0000] {logging_mixin.py:190} WARNING - 2025/04/02 23:35:01 WARNING mlflow.utils: Truncated the value of the key `estimator`. Truncated value: `Pipeline(steps=[('column_trans',
                 ColumnTransformer(remainder='passthrough',
                                   transformers=[('onehotencoder',
                                                  OneHotEncoder(handle_unknown='ignore'),
                                                  ['Wilderness_Area',
                                                   'Soil_Type'])])),
                ('scaler', StandardScaler(with_mean=False)),
                ('RandomForestClassifier', Rand...`
[2025-04-02T23:35:01.786+0000] {logging_and_warnings.py:72} WARNING - /home/***/.local/lib/python3.8/site-packages/joblib/parallel.py:1359: UserWarning: Loky-backed parallel loops cannot be called in a multiprocessing, setting n_jobs=1
  n_jobs = self._backend.configure(n_jobs=self.n_jobs, parallel=self,

[2025-04-02T23:35:05.482+0000] {font_manager.py:1547} INFO - generated new fontManager
[2025-04-02T23:35:07.944+0000] {credentials.py:1147} INFO - Found credentials in environment variables.
[2025-04-02T23:35:09.392+0000] {logging_mixin.py:190} WARNING - 2025/04/02 23:35:09 WARNING mlflow.utils.autologging_utils: MLflow autologging encountered a warning: "/home/***/.local/lib/python3.8/site-packages/mlflow/models/signature.py:137: UserWarning: Hint: Inferred schema contains integer column(s). Integer columns in Python cannot represent missing values. If your input data contains missing values at inference time, it will be encoded as floats and will cause a schema enforcement error. The best way to avoid this problem is to infer the model schema based on a realistic data sample (training dataset) that includes missing values. Alternatively, you can declare integer columns as doubles (float64) whenever these columns may have missing values. See `Handling Integers With Missing Values <https://www.mlflow.org/docs/latest/models.html#handling-integers-with-missing-values>`_ for more details."
[2025-04-02T23:35:22.851+0000] {logging_mixin.py:190} WARNING - Successfully registered model 'modelo1'.
[2025-04-02T23:35:23.129+0000] {logging_mixin.py:190} WARNING - 2025/04/02 23:35:23 INFO mlflow.tracking._model_registry.client: Waiting up to 300 seconds for model version to finish creation. Model name: modelo1, version 1
[2025-04-02T23:35:23.130+0000] {logging_mixin.py:190} WARNING - Created version '1' of model 'modelo1'.
[2025-04-02T23:35:27.714+0000] {logging_mixin.py:190} WARNING - 2025/04/02 23:35:27 INFO mlflow.sklearn.utils: Logging the 5 best runs, 3 runs will be omitted.
[2025-04-02T23:35:28.353+0000] {python.py:240} INFO - Done. Returned value was: 0
[2025-04-02T23:35:28.503+0000] {taskinstance.py:341} INFO - ::group::Post task execution logs
[2025-04-02T23:35:28.506+0000] {taskinstance.py:353} INFO - Marking task as SUCCESS. dag_id=4-Entrenamiento_model, task_id=entrenar_modelo, run_id=scheduled__2025-04-01T00:02:00+00:00, execution_date=20250401T000200, start_date=20250402T233457, end_date=20250402T233528
[2025-04-02T23:35:28.863+0000] {local_task_job_runner.py:266} INFO - Task exited with return code 0
[2025-04-02T23:35:28.894+0000] {taskinstance.py:3901} INFO - 0 downstream tasks scheduled from follow-on schedule check
[2025-04-02T23:35:28.896+0000] {local_task_job_runner.py:245} INFO - ::endgroup::
