[2025-03-09T03:03:58.505+0000] {taskinstance.py:1125} INFO - Dependencies all met for dep_context=non-requeueable deps ti=<TaskInstance: load_penguins_data.load_penguins_data manual__2025-03-09T03:03:55.268364+00:00 [queued]>
[2025-03-09T03:03:58.513+0000] {taskinstance.py:1125} INFO - Dependencies all met for dep_context=requeueable deps ti=<TaskInstance: load_penguins_data.load_penguins_data manual__2025-03-09T03:03:55.268364+00:00 [queued]>
[2025-03-09T03:03:58.513+0000] {taskinstance.py:1331} INFO - Starting attempt 1 of 1
[2025-03-09T03:03:58.527+0000] {taskinstance.py:1350} INFO - Executing <Task(PythonOperator): load_penguins_data> on 2025-03-09 03:03:55.268364+00:00
[2025-03-09T03:03:58.531+0000] {standard_task_runner.py:57} INFO - Started process 172 to run task
[2025-03-09T03:03:58.534+0000] {standard_task_runner.py:84} INFO - Running: ['***', 'tasks', 'run', 'load_penguins_data', 'load_penguins_data', 'manual__2025-03-09T03:03:55.268364+00:00', '--job-id', '8', '--raw', '--subdir', 'DAGS_FOLDER/Cargar_datos.py', '--cfg-path', '/tmp/tmphzlz0haa']
[2025-03-09T03:03:58.536+0000] {standard_task_runner.py:85} INFO - Job 8: Subtask load_penguins_data
[2025-03-09T03:03:58.577+0000] {task_command.py:410} INFO - Running <TaskInstance: load_penguins_data.load_penguins_data manual__2025-03-09T03:03:55.268364+00:00 [running]> on host f5e4b6cd6855
[2025-03-09T03:03:58.640+0000] {taskinstance.py:1570} INFO - Exporting env vars: AIRFLOW_CTX_DAG_OWNER='***' AIRFLOW_CTX_DAG_ID='load_penguins_data' AIRFLOW_CTX_TASK_ID='load_penguins_data' AIRFLOW_CTX_EXECUTION_DATE='2025-03-09T03:03:55.268364+00:00' AIRFLOW_CTX_TRY_NUMBER='1' AIRFLOW_CTX_DAG_RUN_ID='manual__2025-03-09T03:03:55.268364+00:00'
[2025-03-09T03:03:58.641+0000] {logging_mixin.py:149} INFO - Cargando datos de penguins desde /opt/***/data/penguins_size.csv a la tabla penguins...
[2025-03-09T03:03:58.645+0000] {logging_mixin.py:149} INFO - CSV cargado en dataframe, filas: 344
[2025-03-09T03:03:58.646+0000] {crypto.py:83} WARNING - empty cryptography key - values will not be stored encrypted.
[2025-03-09T03:03:58.646+0000] {base.py:73} INFO - Using connection ID 'mysql_default' for task execution.
[2025-03-09T03:03:58.694+0000] {base.py:73} INFO - Using connection ID 'mysql_default' for task execution.
[2025-03-09T03:03:58.699+0000] {sql.py:375} INFO - Running statement: SELECT COUNT(*) FROM ***_db.penguins, parameters: None
[2025-03-09T03:03:58.701+0000] {sql.py:384} INFO - Rows affected: 1
[2025-03-09T03:03:58.702+0000] {logging_mixin.py:149} INFO - Carga completada. Total de registros en la tabla: 344
[2025-03-09T03:03:58.702+0000] {python.py:183} INFO - Done. Returned value was: 344
[2025-03-09T03:03:58.722+0000] {taskinstance.py:1373} INFO - Marking task as SUCCESS. dag_id=load_penguins_data, task_id=load_penguins_data, execution_date=20250309T030355, start_date=20250309T030358, end_date=20250309T030358
[2025-03-09T03:03:58.746+0000] {local_task_job_runner.py:232} INFO - Task exited with return code 0
[2025-03-09T03:03:58.761+0000] {taskinstance.py:2674} INFO - 0 downstream tasks scheduled from follow-on schedule check
