[2025-03-09T06:58:24.215+0000] {taskinstance.py:1125} INFO - Dependencies all met for dep_context=non-requeueable deps ti=<TaskInstance: 3-Procesar_penguins_data.preprocess_data manual__2025-03-09T06:58:21.637460+00:00 [queued]>
[2025-03-09T06:58:24.223+0000] {taskinstance.py:1125} INFO - Dependencies all met for dep_context=requeueable deps ti=<TaskInstance: 3-Procesar_penguins_data.preprocess_data manual__2025-03-09T06:58:21.637460+00:00 [queued]>
[2025-03-09T06:58:24.223+0000] {taskinstance.py:1331} INFO - Starting attempt 1 of 1
[2025-03-09T06:58:24.234+0000] {taskinstance.py:1350} INFO - Executing <Task(PythonOperator): preprocess_data> on 2025-03-09 06:58:21.637460+00:00
[2025-03-09T06:58:24.239+0000] {standard_task_runner.py:57} INFO - Started process 2039 to run task
[2025-03-09T06:58:24.243+0000] {standard_task_runner.py:84} INFO - Running: ['***', 'tasks', 'run', '3-Procesar_penguins_data', 'preprocess_data', 'manual__2025-03-09T06:58:21.637460+00:00', '--job-id', '44', '--raw', '--subdir', 'DAGS_FOLDER/Procesa_data.py', '--cfg-path', '/tmp/tmp_yobfucl']
[2025-03-09T06:58:24.245+0000] {standard_task_runner.py:85} INFO - Job 44: Subtask preprocess_data
[2025-03-09T06:58:24.288+0000] {task_command.py:410} INFO - Running <TaskInstance: 3-Procesar_penguins_data.preprocess_data manual__2025-03-09T06:58:21.637460+00:00 [running]> on host 2e759f21ee59
[2025-03-09T06:58:24.356+0000] {taskinstance.py:1570} INFO - Exporting env vars: AIRFLOW_CTX_DAG_OWNER='***' AIRFLOW_CTX_DAG_ID='3-Procesar_penguins_data' AIRFLOW_CTX_TASK_ID='preprocess_data' AIRFLOW_CTX_EXECUTION_DATE='2025-03-09T06:58:21.637460+00:00' AIRFLOW_CTX_TRY_NUMBER='1' AIRFLOW_CTX_DAG_RUN_ID='manual__2025-03-09T06:58:21.637460+00:00'
[2025-03-09T06:58:24.455+0000] {logging_mixin.py:149} INFO -     species     island  ...  body_mass_g     sex
0    Adelie  Torgersen  ...         3750    MALE
1    Adelie  Torgersen  ...         3800  FEMALE
2    Adelie  Torgersen  ...         3250  FEMALE
3    Adelie  Torgersen  ...            0    None
4    Adelie  Torgersen  ...         3450  FEMALE
..      ...        ...  ...          ...     ...
339  Gentoo     Biscoe  ...            0    None
340  Gentoo     Biscoe  ...         4850  FEMALE
341  Gentoo     Biscoe  ...         5750    MALE
342  Gentoo     Biscoe  ...         5200  FEMALE
343  Gentoo     Biscoe  ...         5400    MALE

[344 rows x 7 columns]
[2025-03-09T06:58:24.477+0000] {logging_mixin.py:149} INFO - Archivos CSV de datos de entrenamiento y prueba guardados.
[2025-03-09T06:58:24.478+0000] {logging_mixin.py:149} INFO - Preprocesador guardado en /opt/***/data/processed_data/preprocessor.pkl
[2025-03-09T06:58:24.478+0000] {python.py:183} INFO - Done. Returned value was: /opt/***/data/processed_data/preprocessor.pkl
[2025-03-09T06:58:24.498+0000] {taskinstance.py:1373} INFO - Marking task as SUCCESS. dag_id=3-Procesar_penguins_data, task_id=preprocess_data, execution_date=20250309T065821, start_date=20250309T065824, end_date=20250309T065824
[2025-03-09T06:58:24.535+0000] {local_task_job_runner.py:232} INFO - Task exited with return code 0
[2025-03-09T06:58:24.556+0000] {taskinstance.py:2674} INFO - 0 downstream tasks scheduled from follow-on schedule check
