[2025-03-09T02:15:31.707+0000] {taskinstance.py:1125} INFO - Dependencies all met for dep_context=non-requeueable deps ti=<TaskInstance: preprocess_penguins_data.preprocess_data manual__2025-03-09T02:15:29.474651+00:00 [queued]>
[2025-03-09T02:15:31.711+0000] {taskinstance.py:1125} INFO - Dependencies all met for dep_context=requeueable deps ti=<TaskInstance: preprocess_penguins_data.preprocess_data manual__2025-03-09T02:15:29.474651+00:00 [queued]>
[2025-03-09T02:15:31.711+0000] {taskinstance.py:1331} INFO - Starting attempt 1 of 2
[2025-03-09T02:15:31.718+0000] {taskinstance.py:1350} INFO - Executing <Task(PythonOperator): preprocess_data> on 2025-03-09 02:15:29.474651+00:00
[2025-03-09T02:15:31.721+0000] {standard_task_runner.py:57} INFO - Started process 258 to run task
[2025-03-09T02:15:31.724+0000] {standard_task_runner.py:84} INFO - Running: ['***', 'tasks', 'run', 'preprocess_penguins_data', 'preprocess_data', 'manual__2025-03-09T02:15:29.474651+00:00', '--job-id', '13', '--raw', '--subdir', 'DAGS_FOLDER/Procesa_data.py', '--cfg-path', '/tmp/tmpf2wrkxce']
[2025-03-09T02:15:31.725+0000] {standard_task_runner.py:85} INFO - Job 13: Subtask preprocess_data
[2025-03-09T02:15:31.758+0000] {task_command.py:410} INFO - Running <TaskInstance: preprocess_penguins_data.preprocess_data manual__2025-03-09T02:15:29.474651+00:00 [running]> on host 13f4df1d56c9
[2025-03-09T02:15:31.803+0000] {taskinstance.py:1570} INFO - Exporting env vars: AIRFLOW_CTX_DAG_OWNER='***' AIRFLOW_CTX_DAG_ID='preprocess_penguins_data' AIRFLOW_CTX_TASK_ID='preprocess_data' AIRFLOW_CTX_EXECUTION_DATE='2025-03-09T02:15:29.474651+00:00' AIRFLOW_CTX_TRY_NUMBER='1' AIRFLOW_CTX_DAG_RUN_ID='manual__2025-03-09T02:15:29.474651+00:00'
[2025-03-09T02:15:31.883+0000] {taskinstance.py:1847} ERROR - Task failed with exception
Traceback (most recent call last):
  File "/home/airflow/.local/lib/python3.7/site-packages/airflow/operators/python.py", line 181, in execute
    return_value = self.execute_callable()
  File "/home/airflow/.local/lib/python3.7/site-packages/airflow/operators/python.py", line 198, in execute_callable
    return self.python_callable(*self.op_args, **self.op_kwargs)
  File "/opt/airflow/dags/Procesa_data.py", line 95, in preprocess_data
    pd.DataFrame(X_train).to_csv(os.path.join(processed_dir, 'X_train.csv'), index=False)
  File "/home/airflow/.local/lib/python3.7/site-packages/pandas/core/generic.py", line 3482, in to_csv
    storage_options=storage_options,
  File "/home/airflow/.local/lib/python3.7/site-packages/pandas/io/formats/format.py", line 1105, in to_csv
    csv_formatter.save()
  File "/home/airflow/.local/lib/python3.7/site-packages/pandas/io/formats/csvs.py", line 243, in save
    storage_options=self.storage_options,
  File "/home/airflow/.local/lib/python3.7/site-packages/pandas/io/common.py", line 707, in get_handle
    newline="",
PermissionError: [Errno 13] Permission denied: '/opt/airflow/data/data_procesada/X_train.csv'
[2025-03-09T02:15:31.889+0000] {taskinstance.py:1373} INFO - Marking task as FAILED. dag_id=preprocess_penguins_data, task_id=preprocess_data, execution_date=20250309T021529, start_date=20250309T021531, end_date=20250309T021531
[2025-03-09T02:15:31.896+0000] {standard_task_runner.py:109} ERROR - Failed to execute job 13 for task preprocess_data ([Errno 13] Permission denied: '/opt/airflow/data/data_procesada/X_train.csv'; 258)
[2025-03-09T02:15:31.935+0000] {local_task_job_runner.py:232} INFO - Task exited with return code 1
[2025-03-09T02:15:31.949+0000] {taskinstance.py:2674} INFO - 0 downstream tasks scheduled from follow-on schedule check
