[2025-03-10T04:28:36.921+0000] {logging_mixin.py:149} INFO - Changing /opt/***/logs/dag_id=2-Cargar_data/run_id=manual__2025-03-10T04:28:35.167760+00:00/task_id=create_penguins_table permission to 509
[2025-03-10T04:28:36.940+0000] {logging_mixin.py:149} INFO - Changing /opt/***/logs/dag_id=2-Cargar_data/run_id=manual__2025-03-10T04:28:35.167760+00:00/task_id=create_penguins_table permission to 509
[2025-03-10T04:28:36.957+0000] {taskinstance.py:1125} INFO - Dependencies all met for dep_context=non-requeueable deps ti=<TaskInstance: 2-Cargar_data.create_penguins_table manual__2025-03-10T04:28:35.167760+00:00 [queued]>
[2025-03-10T04:28:36.963+0000] {taskinstance.py:1125} INFO - Dependencies all met for dep_context=requeueable deps ti=<TaskInstance: 2-Cargar_data.create_penguins_table manual__2025-03-10T04:28:35.167760+00:00 [queued]>
[2025-03-10T04:28:36.963+0000] {taskinstance.py:1331} INFO - Starting attempt 1 of 2
[2025-03-10T04:28:36.971+0000] {taskinstance.py:1350} INFO - Executing <Task(MySqlOperator): create_penguins_table> on 2025-03-10 04:28:35.167760+00:00
[2025-03-10T04:28:36.974+0000] {standard_task_runner.py:57} INFO - Started process 149 to run task
[2025-03-10T04:28:36.977+0000] {standard_task_runner.py:84} INFO - Running: ['***', 'tasks', 'run', '2-Cargar_data', 'create_penguins_table', 'manual__2025-03-10T04:28:35.167760+00:00', '--job-id', '8', '--raw', '--subdir', 'DAGS_FOLDER/Cargar_datos.py', '--cfg-path', '/tmp/tmp5oxxjx5w']
[2025-03-10T04:28:36.978+0000] {standard_task_runner.py:85} INFO - Job 8: Subtask create_penguins_table
[2025-03-10T04:28:37.010+0000] {logging_mixin.py:149} INFO - Changing /opt/***/logs/dag_id=2-Cargar_data/run_id=manual__2025-03-10T04:28:35.167760+00:00/task_id=create_penguins_table permission to 509
[2025-03-10T04:28:37.017+0000] {task_command.py:410} INFO - Running <TaskInstance: 2-Cargar_data.create_penguins_table manual__2025-03-10T04:28:35.167760+00:00 [running]> on host 755ba3c50750
[2025-03-10T04:28:37.184+0000] {taskinstance.py:1570} INFO - Exporting env vars: AIRFLOW_CTX_DAG_OWNER='***' AIRFLOW_CTX_DAG_ID='2-Cargar_data' AIRFLOW_CTX_TASK_ID='create_penguins_table' AIRFLOW_CTX_EXECUTION_DATE='2025-03-10T04:28:35.167760+00:00' AIRFLOW_CTX_TRY_NUMBER='1' AIRFLOW_CTX_DAG_RUN_ID='manual__2025-03-10T04:28:35.167760+00:00'
[2025-03-10T04:28:37.185+0000] {sql.py:262} INFO - Executing: 
USE ***_db;
CREATE TABLE IF NOT EXISTS penguins (
    id INT AUTO_INCREMENT PRIMARY KEY,
    species VARCHAR(50),
    island VARCHAR(50),
    culmen_length_mm FLOAT,
    culmen_depth_mm FLOAT,
    flipper_length_mm INT,
    body_mass_g INT,
    sex VARCHAR(10),
    fecha_carga TIMESTAMP DEFAULT CURRENT_TIMESTAMP
);
[2025-03-10T04:28:37.186+0000] {crypto.py:83} WARNING - empty cryptography key - values will not be stored encrypted.
[2025-03-10T04:28:37.186+0000] {base.py:73} INFO - Using connection ID 'mysql_default' for task execution.
[2025-03-10T04:28:37.214+0000] {base.py:73} INFO - Using connection ID 'mysql_default' for task execution.
[2025-03-10T04:28:37.221+0000] {sql.py:375} INFO - Running statement: 
USE ***_db;
CREATE TABLE IF NOT EXISTS penguins (
    id INT AUTO_INCREMENT PRIMARY KEY,
    species VARCHAR(50),
    island VARCHAR(50),
    culmen_length_mm FLOAT,
    culmen_depth_mm FLOAT,
    flipper_length_mm INT,
    body_mass_g INT,
    sex VARCHAR(10),
    fecha_carga TIMESTAMP DEFAULT CURRENT_TIMESTAMP
);, parameters: None
[2025-03-10T04:28:37.222+0000] {sql.py:384} INFO - Rows affected: 0
[2025-03-10T04:28:37.247+0000] {taskinstance.py:1373} INFO - Marking task as SUCCESS. dag_id=2-Cargar_data, task_id=create_penguins_table, execution_date=20250310T042835, start_date=20250310T042836, end_date=20250310T042837
[2025-03-10T04:28:37.270+0000] {local_task_job_runner.py:232} INFO - Task exited with return code 0
[2025-03-10T04:28:37.284+0000] {taskinstance.py:2674} INFO - 0 downstream tasks scheduled from follow-on schedule check
