[2025-04-01T03:44:24.112+0000] {local_task_job_runner.py:123} INFO - ::group::Pre task execution logs
[2025-04-01T03:44:24.182+0000] {taskinstance.py:2614} INFO - Dependencies all met for dep_context=non-requeueable deps ti=<TaskInstance: 4-Entrenamiento_model.entrenar_modelo manual__2025-04-01T03:43:11.063027+00:00 [queued]>
[2025-04-01T03:44:24.208+0000] {taskinstance.py:2614} INFO - Dependencies all met for dep_context=requeueable deps ti=<TaskInstance: 4-Entrenamiento_model.entrenar_modelo manual__2025-04-01T03:43:11.063027+00:00 [queued]>
[2025-04-01T03:44:24.209+0000] {taskinstance.py:2867} INFO - Starting attempt 2 of 2
[2025-04-01T03:44:24.240+0000] {taskinstance.py:2890} INFO - Executing <Task(PythonOperator): entrenar_modelo> on 2025-04-01 03:43:11.063027+00:00
[2025-04-01T03:44:24.290+0000] {standard_task_runner.py:72} INFO - Started process 3754 to run task
[2025-04-01T03:44:24.308+0000] {standard_task_runner.py:104} INFO - Running: ['***', 'tasks', 'run', '4-Entrenamiento_model', 'entrenar_modelo', 'manual__2025-04-01T03:43:11.063027+00:00', '--job-id', '138', '--raw', '--subdir', 'DAGS_FOLDER/Entrenamiento_mode.py', '--cfg-path', '/tmp/tmpkskq9wxt']
[2025-04-01T03:44:24.314+0000] {standard_task_runner.py:105} INFO - Job 138: Subtask entrenar_modelo
[2025-04-01T03:44:24.542+0000] {task_command.py:467} INFO - Running <TaskInstance: 4-Entrenamiento_model.entrenar_modelo manual__2025-04-01T03:43:11.063027+00:00 [running]> on host 7ed3aa8fcef8
[2025-04-01T03:44:24.819+0000] {taskinstance.py:3134} INFO - Exporting env vars: AIRFLOW_CTX_DAG_OWNER='***' AIRFLOW_CTX_DAG_ID='4-Entrenamiento_model' AIRFLOW_CTX_TASK_ID='entrenar_modelo' AIRFLOW_CTX_EXECUTION_DATE='2025-04-01T03:43:11.063027+00:00' AIRFLOW_CTX_TRY_NUMBER='2' AIRFLOW_CTX_DAG_RUN_ID='manual__2025-04-01T03:43:11.063027+00:00'
[2025-04-01T03:44:24.824+0000] {taskinstance.py:732} INFO - ::endgroup::
[2025-04-01T03:44:24.891+0000] {warnings.py:109} WARNING - /opt/***/dags/Entrenamiento_mode.py:64: UserWarning: pandas only supports SQLAlchemy connectable (engine/connection) or database string URI or sqlite3 DBAPI2 connection. Other DBAPI2 objects are not tested. Please consider using SQLAlchemy.
  df = pd.read_sql(query, conn)

[2025-04-01T03:44:25.763+0000] {taskinstance.py:3313} ERROR - Task failed with exception
Traceback (most recent call last):
  File "/home/airflow/.local/lib/python3.8/site-packages/airflow/models/taskinstance.py", line 768, in _execute_task
    result = _execute_callable(context=context, **execute_callable_kwargs)
  File "/home/airflow/.local/lib/python3.8/site-packages/airflow/models/taskinstance.py", line 734, in _execute_callable
    return ExecutionCallableRunner(
  File "/home/airflow/.local/lib/python3.8/site-packages/airflow/utils/operator_helpers.py", line 252, in run
    return self.func(*args, **kwargs)
  File "/home/airflow/.local/lib/python3.8/site-packages/airflow/models/baseoperator.py", line 424, in wrapper
    return func(self, *args, **kwargs)
  File "/home/airflow/.local/lib/python3.8/site-packages/airflow/operators/python.py", line 238, in execute
    return_value = self.execute_callable()
  File "/home/airflow/.local/lib/python3.8/site-packages/airflow/operators/python.py", line 256, in execute_callable
    return runner.run(*self.op_args, **self.op_kwargs)
  File "/home/airflow/.local/lib/python3.8/site-packages/airflow/utils/operator_helpers.py", line 252, in run
    return self.func(*args, **kwargs)
  File "/opt/airflow/dags/Entrenamiento_mode.py", line 80, in entrenar_modelo
    X = df_covertype.drop(columns=['cover_type'])  # Features
  File "/home/airflow/.local/lib/python3.8/site-packages/pandas/core/frame.py", line 5258, in drop
    return super().drop(
  File "/home/airflow/.local/lib/python3.8/site-packages/pandas/core/generic.py", line 4549, in drop
    obj = obj._drop_axis(labels, axis, level=level, errors=errors)
  File "/home/airflow/.local/lib/python3.8/site-packages/pandas/core/generic.py", line 4591, in _drop_axis
    new_axis = axis.drop(labels, errors=errors)
  File "/home/airflow/.local/lib/python3.8/site-packages/pandas/core/indexes/base.py", line 6699, in drop
    raise KeyError(f"{list(labels[mask])} not found in axis")
KeyError: "['cover_type'] not found in axis"
[2025-04-01T03:44:25.795+0000] {taskinstance.py:1226} INFO - Marking task as FAILED. dag_id=4-Entrenamiento_model, task_id=entrenar_modelo, run_id=manual__2025-04-01T03:43:11.063027+00:00, execution_date=20250401T034311, start_date=20250401T034424, end_date=20250401T034425
[2025-04-01T03:44:25.863+0000] {taskinstance.py:341} INFO - ::group::Post task execution logs
[2025-04-01T03:44:25.864+0000] {standard_task_runner.py:124} ERROR - Failed to execute job 138 for task entrenar_modelo ("['cover_type'] not found in axis"; 3754)
Traceback (most recent call last):
  File "/home/airflow/.local/lib/python3.8/site-packages/airflow/task/task_runner/standard_task_runner.py", line 117, in _start_by_fork
    ret = args.func(args, dag=self.dag)
  File "/home/airflow/.local/lib/python3.8/site-packages/airflow/cli/cli_config.py", line 49, in command
    return func(*args, **kwargs)
  File "/home/airflow/.local/lib/python3.8/site-packages/airflow/utils/cli.py", line 116, in wrapper
    return f(*args, **kwargs)
  File "/home/airflow/.local/lib/python3.8/site-packages/airflow/cli/commands/task_command.py", line 483, in task_run
    task_return_code = _run_task_by_selected_method(args, _dag, ti)
  File "/home/airflow/.local/lib/python3.8/site-packages/airflow/cli/commands/task_command.py", line 256, in _run_task_by_selected_method
    return _run_raw_task(args, ti)
  File "/home/airflow/.local/lib/python3.8/site-packages/airflow/cli/commands/task_command.py", line 341, in _run_raw_task
    return ti._run_raw_task(
  File "/home/airflow/.local/lib/python3.8/site-packages/airflow/utils/session.py", line 97, in wrapper
    return func(*args, session=session, **kwargs)
  File "/home/airflow/.local/lib/python3.8/site-packages/airflow/models/taskinstance.py", line 3006, in _run_raw_task
    return _run_raw_task(
  File "/home/airflow/.local/lib/python3.8/site-packages/airflow/models/taskinstance.py", line 274, in _run_raw_task
    TaskInstance._execute_task_with_callbacks(
  File "/home/airflow/.local/lib/python3.8/site-packages/airflow/models/taskinstance.py", line 3161, in _execute_task_with_callbacks
    result = self._execute_task(context, task_orig)
  File "/home/airflow/.local/lib/python3.8/site-packages/airflow/models/taskinstance.py", line 3185, in _execute_task
    return _execute_task(self, context, task_orig)
  File "/home/airflow/.local/lib/python3.8/site-packages/airflow/models/taskinstance.py", line 768, in _execute_task
    result = _execute_callable(context=context, **execute_callable_kwargs)
  File "/home/airflow/.local/lib/python3.8/site-packages/airflow/models/taskinstance.py", line 734, in _execute_callable
    return ExecutionCallableRunner(
  File "/home/airflow/.local/lib/python3.8/site-packages/airflow/utils/operator_helpers.py", line 252, in run
    return self.func(*args, **kwargs)
  File "/home/airflow/.local/lib/python3.8/site-packages/airflow/models/baseoperator.py", line 424, in wrapper
    return func(self, *args, **kwargs)
  File "/home/airflow/.local/lib/python3.8/site-packages/airflow/operators/python.py", line 238, in execute
    return_value = self.execute_callable()
  File "/home/airflow/.local/lib/python3.8/site-packages/airflow/operators/python.py", line 256, in execute_callable
    return runner.run(*self.op_args, **self.op_kwargs)
  File "/home/airflow/.local/lib/python3.8/site-packages/airflow/utils/operator_helpers.py", line 252, in run
    return self.func(*args, **kwargs)
  File "/opt/airflow/dags/Entrenamiento_mode.py", line 80, in entrenar_modelo
    X = df_covertype.drop(columns=['cover_type'])  # Features
  File "/home/airflow/.local/lib/python3.8/site-packages/pandas/core/frame.py", line 5258, in drop
    return super().drop(
  File "/home/airflow/.local/lib/python3.8/site-packages/pandas/core/generic.py", line 4549, in drop
    obj = obj._drop_axis(labels, axis, level=level, errors=errors)
  File "/home/airflow/.local/lib/python3.8/site-packages/pandas/core/generic.py", line 4591, in _drop_axis
    new_axis = axis.drop(labels, errors=errors)
  File "/home/airflow/.local/lib/python3.8/site-packages/pandas/core/indexes/base.py", line 6699, in drop
    raise KeyError(f"{list(labels[mask])} not found in axis")
KeyError: "['cover_type'] not found in axis"
[2025-04-01T03:44:25.980+0000] {local_task_job_runner.py:266} INFO - Task exited with return code 1
[2025-04-01T03:44:26.048+0000] {taskinstance.py:3901} INFO - 0 downstream tasks scheduled from follow-on schedule check
[2025-04-01T03:44:26.050+0000] {local_task_job_runner.py:245} INFO - ::endgroup::
