[2025-03-10T04:28:31.772+0000] {logging_mixin.py:149} INFO - Changing /opt/***/logs/dag_id=1-Borrar_penguins_db/run_id=manual__2025-03-10T04:28:31.160938+00:00/task_id=drop_penguins_table permission to 509
[2025-03-10T04:28:31.799+0000] {logging_mixin.py:149} INFO - Changing /opt/***/logs/dag_id=1-Borrar_penguins_db/run_id=manual__2025-03-10T04:28:31.160938+00:00/task_id=drop_penguins_table permission to 509
[2025-03-10T04:28:31.826+0000] {taskinstance.py:1125} INFO - Dependencies all met for dep_context=non-requeueable deps ti=<TaskInstance: 1-Borrar_penguins_db.drop_penguins_table manual__2025-03-10T04:28:31.160938+00:00 [queued]>
[2025-03-10T04:28:31.833+0000] {taskinstance.py:1125} INFO - Dependencies all met for dep_context=requeueable deps ti=<TaskInstance: 1-Borrar_penguins_db.drop_penguins_table manual__2025-03-10T04:28:31.160938+00:00 [queued]>
[2025-03-10T04:28:31.833+0000] {taskinstance.py:1331} INFO - Starting attempt 1 of 2
[2025-03-10T04:28:31.841+0000] {taskinstance.py:1350} INFO - Executing <Task(MySqlOperator): drop_penguins_table> on 2025-03-10 04:28:31.160938+00:00
[2025-03-10T04:28:31.845+0000] {standard_task_runner.py:57} INFO - Started process 141 to run task
[2025-03-10T04:28:31.847+0000] {standard_task_runner.py:84} INFO - Running: ['***', 'tasks', 'run', '1-Borrar_penguins_db', 'drop_penguins_table', 'manual__2025-03-10T04:28:31.160938+00:00', '--job-id', '5', '--raw', '--subdir', 'DAGS_FOLDER/Borrar_datos.py', '--cfg-path', '/tmp/tmpnd0ibi24']
[2025-03-10T04:28:31.848+0000] {standard_task_runner.py:85} INFO - Job 5: Subtask drop_penguins_table
[2025-03-10T04:28:31.888+0000] {logging_mixin.py:149} INFO - Changing /opt/***/logs/dag_id=1-Borrar_penguins_db/run_id=manual__2025-03-10T04:28:31.160938+00:00/task_id=drop_penguins_table permission to 509
[2025-03-10T04:28:31.890+0000] {task_command.py:410} INFO - Running <TaskInstance: 1-Borrar_penguins_db.drop_penguins_table manual__2025-03-10T04:28:31.160938+00:00 [running]> on host 755ba3c50750
[2025-03-10T04:28:31.947+0000] {taskinstance.py:1570} INFO - Exporting env vars: AIRFLOW_CTX_DAG_OWNER='***' AIRFLOW_CTX_DAG_ID='1-Borrar_penguins_db' AIRFLOW_CTX_TASK_ID='drop_penguins_table' AIRFLOW_CTX_EXECUTION_DATE='2025-03-10T04:28:31.160938+00:00' AIRFLOW_CTX_TRY_NUMBER='1' AIRFLOW_CTX_DAG_RUN_ID='manual__2025-03-10T04:28:31.160938+00:00'
[2025-03-10T04:28:31.948+0000] {sql.py:262} INFO - Executing: 
USE ***_db;
DROP TABLE IF EXISTS penguins;
[2025-03-10T04:28:31.949+0000] {crypto.py:83} WARNING - empty cryptography key - values will not be stored encrypted.
[2025-03-10T04:28:31.949+0000] {base.py:73} INFO - Using connection ID 'mysql_default' for task execution.
[2025-03-10T04:28:31.994+0000] {base.py:73} INFO - Using connection ID 'mysql_default' for task execution.
[2025-03-10T04:28:32.029+0000] {sql.py:375} INFO - Running statement: 
USE ***_db;
DROP TABLE IF EXISTS penguins;, parameters: None
[2025-03-10T04:28:32.030+0000] {sql.py:384} INFO - Rows affected: 0
[2025-03-10T04:28:32.041+0000] {taskinstance.py:1373} INFO - Marking task as SUCCESS. dag_id=1-Borrar_penguins_db, task_id=drop_penguins_table, execution_date=20250310T042831, start_date=20250310T042831, end_date=20250310T042832
[2025-03-10T04:28:32.061+0000] {local_task_job_runner.py:232} INFO - Task exited with return code 0
[2025-03-10T04:28:32.077+0000] {taskinstance.py:2674} INFO - 1 downstream tasks scheduled from follow-on schedule check
