[2025-03-09T00:56:39.345+0000] {taskinstance.py:1125} INFO - Dependencies all met for dep_context=non-requeueable deps ti=<TaskInstance: inspect_penguins_data.inspect_data manual__2025-03-09T00:56:37.866409+00:00 [queued]>
[2025-03-09T00:56:39.354+0000] {taskinstance.py:1125} INFO - Dependencies all met for dep_context=requeueable deps ti=<TaskInstance: inspect_penguins_data.inspect_data manual__2025-03-09T00:56:37.866409+00:00 [queued]>
[2025-03-09T00:56:39.354+0000] {taskinstance.py:1331} INFO - Starting attempt 1 of 1
[2025-03-09T00:56:39.367+0000] {taskinstance.py:1350} INFO - Executing <Task(PythonOperator): inspect_data> on 2025-03-09 00:56:37.866409+00:00
[2025-03-09T00:56:39.371+0000] {standard_task_runner.py:57} INFO - Started process 1260 to run task
[2025-03-09T00:56:39.374+0000] {standard_task_runner.py:84} INFO - Running: ['***', 'tasks', 'run', 'inspect_penguins_data', 'inspect_data', 'manual__2025-03-09T00:56:37.866409+00:00', '--job-id', '65', '--raw', '--subdir', 'DAGS_FOLDER/Procesa_data.py', '--cfg-path', '/tmp/tmpjwyasr00']
[2025-03-09T00:56:39.377+0000] {standard_task_runner.py:85} INFO - Job 65: Subtask inspect_data
[2025-03-09T00:56:39.428+0000] {task_command.py:410} INFO - Running <TaskInstance: inspect_penguins_data.inspect_data manual__2025-03-09T00:56:37.866409+00:00 [running]> on host de40e2ed39bc
[2025-03-09T00:56:39.680+0000] {taskinstance.py:1570} INFO - Exporting env vars: AIRFLOW_CTX_DAG_OWNER='***' AIRFLOW_CTX_DAG_ID='inspect_penguins_data' AIRFLOW_CTX_TASK_ID='inspect_data' AIRFLOW_CTX_EXECUTION_DATE='2025-03-09T00:56:37.866409+00:00' AIRFLOW_CTX_TRY_NUMBER='1' AIRFLOW_CTX_DAG_RUN_ID='manual__2025-03-09T00:56:37.866409+00:00'
[2025-03-09T00:56:39.681+0000] {logging_mixin.py:149} INFO - === ESTRUCTURA DE LA TABLA ===
[2025-03-09T00:56:39.682+0000] {crypto.py:83} WARNING - empty cryptography key - values will not be stored encrypted.
[2025-03-09T00:56:39.682+0000] {base.py:73} INFO - Using connection ID 'mysql_default' for task execution.
[2025-03-09T00:56:39.705+0000] {logging_mixin.py:149} INFO -                Field         Type  ...            Default              Extra
0                 id          int  ...               None     auto_increment
1            species  varchar(50)  ...               None                   
2             island  varchar(50)  ...               None                   
3   culmen_length_mm        float  ...               None                   
4    culmen_depth_mm        float  ...               None                   
5  flipper_length_mm          int  ...               None                   
6        body_mass_g          int  ...               None                   
7                sex  varchar(10)  ...               None                   
8        fecha_carga    timestamp  ...  CURRENT_TIMESTAMP  DEFAULT_GENERATED

[9 rows x 6 columns]
[2025-03-09T00:56:39.705+0000] {logging_mixin.py:149} INFO - 
=== PRIMERAS 10 FILAS DE DATOS ===
[2025-03-09T00:56:39.705+0000] {base.py:73} INFO - Using connection ID 'mysql_default' for task execution.
[2025-03-09T00:56:39.721+0000] {logging_mixin.py:149} INFO -    id species     island  ...  body_mass_g     sex         fecha_carga
0   1  Adelie  Torgersen  ...       3750.0    MALE 2025-03-09 00:11:46
1   2  Adelie  Torgersen  ...       3800.0  FEMALE 2025-03-09 00:11:46
2   3  Adelie  Torgersen  ...       3250.0  FEMALE 2025-03-09 00:11:46
3   4  Adelie  Torgersen  ...          NaN    None 2025-03-09 00:11:46
4   5  Adelie  Torgersen  ...       3450.0  FEMALE 2025-03-09 00:11:46
5   6  Adelie  Torgersen  ...       3650.0    MALE 2025-03-09 00:11:46
6   7  Adelie  Torgersen  ...       3625.0  FEMALE 2025-03-09 00:11:46
7   8  Adelie  Torgersen  ...       4675.0    MALE 2025-03-09 00:11:46
8   9  Adelie  Torgersen  ...       3475.0    None 2025-03-09 00:11:46
9  10  Adelie  Torgersen  ...       4250.0    None 2025-03-09 00:11:46

[10 rows x 9 columns]
[2025-03-09T00:56:39.721+0000] {python.py:183} INFO - Done. Returned value was: Inspección completada
[2025-03-09T00:56:39.742+0000] {taskinstance.py:1373} INFO - Marking task as SUCCESS. dag_id=inspect_penguins_data, task_id=inspect_data, execution_date=20250309T005637, start_date=20250309T005639, end_date=20250309T005639
[2025-03-09T00:56:39.787+0000] {local_task_job_runner.py:232} INFO - Task exited with return code 0
[2025-03-09T00:56:39.810+0000] {taskinstance.py:2674} INFO - 0 downstream tasks scheduled from follow-on schedule check
