[2025-03-08T23:30:46.571+0000] {taskinstance.py:1125} INFO - Dependencies all met for dep_context=non-requeueable deps ti=<TaskInstance: load_penguins_data.create_penguins_table manual__2025-03-08T23:25:44.116848+00:00 [queued]>
[2025-03-08T23:30:46.577+0000] {taskinstance.py:1125} INFO - Dependencies all met for dep_context=requeueable deps ti=<TaskInstance: load_penguins_data.create_penguins_table manual__2025-03-08T23:25:44.116848+00:00 [queued]>
[2025-03-08T23:30:46.578+0000] {taskinstance.py:1331} INFO - Starting attempt 2 of 2
[2025-03-08T23:30:46.586+0000] {taskinstance.py:1350} INFO - Executing <Task(MySqlOperator): create_penguins_table> on 2025-03-08 23:25:44.116848+00:00
[2025-03-08T23:30:46.589+0000] {standard_task_runner.py:57} INFO - Started process 296 to run task
[2025-03-08T23:30:46.591+0000] {standard_task_runner.py:84} INFO - Running: ['***', 'tasks', 'run', 'load_penguins_data', 'create_penguins_table', 'manual__2025-03-08T23:25:44.116848+00:00', '--job-id', '47', '--raw', '--subdir', 'DAGS_FOLDER/Cargar_datos.py', '--cfg-path', '/tmp/tmpe715191s']
[2025-03-08T23:30:46.593+0000] {standard_task_runner.py:85} INFO - Job 47: Subtask create_penguins_table
[2025-03-08T23:30:46.627+0000] {task_command.py:410} INFO - Running <TaskInstance: load_penguins_data.create_penguins_table manual__2025-03-08T23:25:44.116848+00:00 [running]> on host e3800a9f5d0b
[2025-03-08T23:30:46.673+0000] {taskinstance.py:1570} INFO - Exporting env vars: AIRFLOW_CTX_DAG_OWNER='***' AIRFLOW_CTX_DAG_ID='load_penguins_data' AIRFLOW_CTX_TASK_ID='create_penguins_table' AIRFLOW_CTX_EXECUTION_DATE='2025-03-08T23:25:44.116848+00:00' AIRFLOW_CTX_TRY_NUMBER='2' AIRFLOW_CTX_DAG_RUN_ID='manual__2025-03-08T23:25:44.116848+00:00'
[2025-03-08T23:30:46.673+0000] {sql.py:262} INFO - Executing: 
USE ***_db;
CREATE TABLE IF NOT EXISTS penguins (
    id INT AUTO_INCREMENT PRIMARY KEY,
    species VARCHAR(50),
    island VARCHAR(50),
    culmen_length_mm FLOAT,
    culmen_depth_mm FLOAT,
    flipper_length_mm INT,
    body_mass_g INT,
    sex VARCHAR(10),
    fecha_carga TIMESTAMP DEFAULT CURRENT_TIMESTAMP
);
[2025-03-08T23:30:46.683+0000] {taskinstance.py:1847} ERROR - Task failed with exception
Traceback (most recent call last):
  File "/home/airflow/.local/lib/python3.7/site-packages/airflow/providers/common/sql/operators/sql.py", line 263, in execute
    hook = self.get_db_hook()
  File "/home/airflow/.local/lib/python3.7/site-packages/airflow/providers/common/sql/operators/sql.py", line 181, in get_db_hook
    return self._hook
  File "/home/airflow/.local/lib/python3.7/site-packages/cached_property.py", line 36, in __get__
    value = obj.__dict__[self.func.__name__] = self.func(obj)
  File "/home/airflow/.local/lib/python3.7/site-packages/airflow/providers/common/sql/operators/sql.py", line 143, in _hook
    conn = BaseHook.get_connection(self.conn_id)
  File "/home/airflow/.local/lib/python3.7/site-packages/airflow/hooks/base.py", line 72, in get_connection
    conn = Connection.get_connection_from_secrets(conn_id)
  File "/home/airflow/.local/lib/python3.7/site-packages/airflow/models/connection.py", line 434, in get_connection_from_secrets
    raise AirflowNotFoundException(f"The conn_id `{conn_id}` isn't defined")
airflow.exceptions.AirflowNotFoundException: The conn_id `mysql_default` isn't defined
[2025-03-08T23:30:46.686+0000] {taskinstance.py:1373} INFO - Marking task as FAILED. dag_id=load_penguins_data, task_id=create_penguins_table, execution_date=20250308T232544, start_date=20250308T233046, end_date=20250308T233046
[2025-03-08T23:30:46.693+0000] {standard_task_runner.py:109} ERROR - Failed to execute job 47 for task create_penguins_table (The conn_id `mysql_default` isn't defined; 296)
[2025-03-08T23:30:46.724+0000] {local_task_job_runner.py:232} INFO - Task exited with return code 1
[2025-03-08T23:30:46.738+0000] {taskinstance.py:2674} INFO - 0 downstream tasks scheduled from follow-on schedule check
