[2025-03-09T02:24:16.668+0000] {taskinstance.py:1125} INFO - Dependencies all met for dep_context=non-requeueable deps ti=<TaskInstance: load_penguins_data.create_penguins_table manual__2025-03-09T02:24:14.425432+00:00 [queued]>
[2025-03-09T02:24:16.674+0000] {taskinstance.py:1125} INFO - Dependencies all met for dep_context=requeueable deps ti=<TaskInstance: load_penguins_data.create_penguins_table manual__2025-03-09T02:24:14.425432+00:00 [queued]>
[2025-03-09T02:24:16.674+0000] {taskinstance.py:1331} INFO - Starting attempt 1 of 2
[2025-03-09T02:24:16.681+0000] {taskinstance.py:1350} INFO - Executing <Task(MySqlOperator): create_penguins_table> on 2025-03-09 02:24:14.425432+00:00
[2025-03-09T02:24:16.683+0000] {standard_task_runner.py:57} INFO - Started process 122 to run task
[2025-03-09T02:24:16.686+0000] {standard_task_runner.py:84} INFO - Running: ['***', 'tasks', 'run', 'load_penguins_data', 'create_penguins_table', 'manual__2025-03-09T02:24:14.425432+00:00', '--job-id', '6', '--raw', '--subdir', 'DAGS_FOLDER/Cargar_datos.py', '--cfg-path', '/tmp/tmpub0lmixl']
[2025-03-09T02:24:16.687+0000] {standard_task_runner.py:85} INFO - Job 6: Subtask create_penguins_table
[2025-03-09T02:24:16.714+0000] {task_command.py:410} INFO - Running <TaskInstance: load_penguins_data.create_penguins_table manual__2025-03-09T02:24:14.425432+00:00 [running]> on host ff47eccb62dd
[2025-03-09T02:24:16.851+0000] {taskinstance.py:1570} INFO - Exporting env vars: AIRFLOW_CTX_DAG_OWNER='***' AIRFLOW_CTX_DAG_ID='load_penguins_data' AIRFLOW_CTX_TASK_ID='create_penguins_table' AIRFLOW_CTX_EXECUTION_DATE='2025-03-09T02:24:14.425432+00:00' AIRFLOW_CTX_TRY_NUMBER='1' AIRFLOW_CTX_DAG_RUN_ID='manual__2025-03-09T02:24:14.425432+00:00'
[2025-03-09T02:24:16.851+0000] {sql.py:262} INFO - Executing: 
USE ***_db;
CREATE TABLE IF NOT EXISTS penguins (
    id INT AUTO_INCREMENT PRIMARY KEY,
    species VARCHAR(50),
    island VARCHAR(50),
    culmen_length_mm FLOAT,
    culmen_depth_mm FLOAT,
    flipper_length_mm INT,
    body_mass_g INT,
    sex VARCHAR(10),
    fecha_carga TIMESTAMP DEFAULT CURRENT_TIMESTAMP
);
[2025-03-09T02:24:16.852+0000] {crypto.py:83} WARNING - empty cryptography key - values will not be stored encrypted.
[2025-03-09T02:24:16.852+0000] {base.py:73} INFO - Using connection ID 'mysql_default' for task execution.
[2025-03-09T02:24:16.882+0000] {base.py:73} INFO - Using connection ID 'mysql_default' for task execution.
[2025-03-09T02:24:16.888+0000] {sql.py:375} INFO - Running statement: 
USE ***_db;
CREATE TABLE IF NOT EXISTS penguins (
    id INT AUTO_INCREMENT PRIMARY KEY,
    species VARCHAR(50),
    island VARCHAR(50),
    culmen_length_mm FLOAT,
    culmen_depth_mm FLOAT,
    flipper_length_mm INT,
    body_mass_g INT,
    sex VARCHAR(10),
    fecha_carga TIMESTAMP DEFAULT CURRENT_TIMESTAMP
);, parameters: None
[2025-03-09T02:24:16.888+0000] {sql.py:384} INFO - Rows affected: 0
[2025-03-09T02:24:16.931+0000] {taskinstance.py:1373} INFO - Marking task as SUCCESS. dag_id=load_penguins_data, task_id=create_penguins_table, execution_date=20250309T022414, start_date=20250309T022416, end_date=20250309T022416
[2025-03-09T02:24:16.977+0000] {local_task_job_runner.py:232} INFO - Task exited with return code 0
[2025-03-09T02:24:16.989+0000] {taskinstance.py:2674} INFO - 1 downstream tasks scheduled from follow-on schedule check
