[2025-03-09T00:11:46.738+0000] {taskinstance.py:1125} INFO - Dependencies all met for dep_context=non-requeueable deps ti=<TaskInstance: load_penguins_data.load_penguins_data manual__2025-03-09T00:11:44.080352+00:00 [queued]>
[2025-03-09T00:11:46.744+0000] {taskinstance.py:1125} INFO - Dependencies all met for dep_context=requeueable deps ti=<TaskInstance: load_penguins_data.load_penguins_data manual__2025-03-09T00:11:44.080352+00:00 [queued]>
[2025-03-09T00:11:46.744+0000] {taskinstance.py:1331} INFO - Starting attempt 1 of 2
[2025-03-09T00:11:46.751+0000] {taskinstance.py:1350} INFO - Executing <Task(PythonOperator): load_penguins_data> on 2025-03-09 00:11:44.080352+00:00
[2025-03-09T00:11:46.754+0000] {standard_task_runner.py:57} INFO - Started process 151 to run task
[2025-03-09T00:11:46.757+0000] {standard_task_runner.py:84} INFO - Running: ['***', 'tasks', 'run', 'load_penguins_data', 'load_penguins_data', 'manual__2025-03-09T00:11:44.080352+00:00', '--job-id', '7', '--raw', '--subdir', 'DAGS_FOLDER/Cargar_datos.py', '--cfg-path', '/tmp/tmpu01q2mjb']
[2025-03-09T00:11:46.758+0000] {standard_task_runner.py:85} INFO - Job 7: Subtask load_penguins_data
[2025-03-09T00:11:46.791+0000] {task_command.py:410} INFO - Running <TaskInstance: load_penguins_data.load_penguins_data manual__2025-03-09T00:11:44.080352+00:00 [running]> on host de40e2ed39bc
[2025-03-09T00:11:46.837+0000] {taskinstance.py:1570} INFO - Exporting env vars: AIRFLOW_CTX_DAG_OWNER='***' AIRFLOW_CTX_DAG_ID='load_penguins_data' AIRFLOW_CTX_TASK_ID='load_penguins_data' AIRFLOW_CTX_EXECUTION_DATE='2025-03-09T00:11:44.080352+00:00' AIRFLOW_CTX_TRY_NUMBER='1' AIRFLOW_CTX_DAG_RUN_ID='manual__2025-03-09T00:11:44.080352+00:00'
[2025-03-09T00:11:46.838+0000] {logging_mixin.py:149} INFO - Cargando datos de penguins desde /opt/***/data/penguins_size.csv a la tabla penguins...
[2025-03-09T00:11:46.844+0000] {logging_mixin.py:149} INFO - CSV cargado en dataframe, filas: 344
[2025-03-09T00:11:46.844+0000] {crypto.py:83} WARNING - empty cryptography key - values will not be stored encrypted.
[2025-03-09T00:11:46.844+0000] {base.py:73} INFO - Using connection ID 'mysql_default' for task execution.
[2025-03-09T00:11:46.883+0000] {base.py:73} INFO - Using connection ID 'mysql_default' for task execution.
[2025-03-09T00:11:46.887+0000] {sql.py:375} INFO - Running statement: SELECT COUNT(*) FROM ***_db.penguins, parameters: None
[2025-03-09T00:11:46.888+0000] {sql.py:384} INFO - Rows affected: 1
[2025-03-09T00:11:46.888+0000] {logging_mixin.py:149} INFO - Carga completada. Total de registros en la tabla: 344
[2025-03-09T00:11:46.889+0000] {python.py:183} INFO - Done. Returned value was: 344
[2025-03-09T00:11:46.903+0000] {taskinstance.py:1373} INFO - Marking task as SUCCESS. dag_id=load_penguins_data, task_id=load_penguins_data, execution_date=20250309T001144, start_date=20250309T001146, end_date=20250309T001146
[2025-03-09T00:11:46.927+0000] {local_task_job_runner.py:232} INFO - Task exited with return code 0
[2025-03-09T00:11:46.938+0000] {taskinstance.py:2674} INFO - 0 downstream tasks scheduled from follow-on schedule check
