[2025-04-01T17:37:06.562+0000] {local_task_job_runner.py:123} INFO - ::group::Pre task execution logs
[2025-04-01T17:37:07.836+0000] {taskinstance.py:2614} INFO - Dependencies all met for dep_context=non-requeueable deps ti=<TaskInstance: 2-Cargar_data.decide_next_task manual__2025-04-01T17:37:00.418723+00:00 [queued]>
[2025-04-01T17:37:07.926+0000] {taskinstance.py:2614} INFO - Dependencies all met for dep_context=requeueable deps ti=<TaskInstance: 2-Cargar_data.decide_next_task manual__2025-04-01T17:37:00.418723+00:00 [queued]>
[2025-04-01T17:37:07.927+0000] {taskinstance.py:2867} INFO - Starting attempt 1 of 1
[2025-04-01T17:37:08.043+0000] {taskinstance.py:2890} INFO - Executing <Task(BranchPythonOperator): decide_next_task> on 2025-04-01 17:37:00.418723+00:00
[2025-04-01T17:37:08.087+0000] {standard_task_runner.py:72} INFO - Started process 1060 to run task
[2025-04-01T17:37:08.174+0000] {standard_task_runner.py:104} INFO - Running: ['***', 'tasks', 'run', '2-Cargar_data', 'decide_next_task', 'manual__2025-04-01T17:37:00.418723+00:00', '--job-id', '21', '--raw', '--subdir', 'DAGS_FOLDER/Cargar_datos.py', '--cfg-path', '/tmp/tmp7aqrpb08']
[2025-04-01T17:37:08.210+0000] {standard_task_runner.py:105} INFO - Job 21: Subtask decide_next_task
[2025-04-01T17:37:08.584+0000] {task_command.py:467} INFO - Running <TaskInstance: 2-Cargar_data.decide_next_task manual__2025-04-01T17:37:00.418723+00:00 [running]> on host 56b31014e3cf
[2025-04-01T17:37:09.081+0000] {taskinstance.py:3134} INFO - Exporting env vars: AIRFLOW_CTX_DAG_OWNER='***' AIRFLOW_CTX_DAG_ID='2-Cargar_data' AIRFLOW_CTX_TASK_ID='decide_next_task' AIRFLOW_CTX_EXECUTION_DATE='2025-04-01T17:37:00.418723+00:00' AIRFLOW_CTX_TRY_NUMBER='1' AIRFLOW_CTX_DAG_RUN_ID='manual__2025-04-01T17:37:00.418723+00:00'
[2025-04-01T17:37:09.096+0000] {taskinstance.py:732} INFO - ::endgroup::
[2025-04-01T17:37:09.146+0000] {baseoperator.py:423} WARNING - BranchPythonOperator.execute cannot be called outside TaskInstance!
[2025-04-01T17:37:14.174+0000] {python.py:240} INFO - Done. Returned value was: load_data
[2025-04-01T17:37:14.175+0000] {branch.py:38} INFO - Branch into load_data
[2025-04-01T17:37:14.176+0000] {skipmixin.py:233} INFO - Following branch ('load_data',)
[2025-04-01T17:37:14.275+0000] {skipmixin.py:281} INFO - Skipping tasks [('stop_task', -1)]
[2025-04-01T17:37:14.560+0000] {taskinstance.py:341} INFO - ::group::Post task execution logs
[2025-04-01T17:37:14.561+0000] {taskinstance.py:353} INFO - Marking task as SUCCESS. dag_id=2-Cargar_data, task_id=decide_next_task, run_id=manual__2025-04-01T17:37:00.418723+00:00, execution_date=20250401T173700, start_date=20250401T173707, end_date=20250401T173714
[2025-04-01T17:37:14.882+0000] {local_task_job_runner.py:266} INFO - Task exited with return code 0
[2025-04-01T17:37:15.038+0000] {taskinstance.py:3901} INFO - 1 downstream tasks scheduled from follow-on schedule check
[2025-04-01T17:37:15.043+0000] {local_task_job_runner.py:245} INFO - ::endgroup::
