[2025-04-07T18:55:33.180+0000] {local_task_job_runner.py:123} INFO - ::group::Pre task execution logs
[2025-04-07T18:55:33.581+0000] {taskinstance.py:2614} INFO - Dependencies all met for dep_context=non-requeueable deps ti=<TaskInstance: 2-Cargar_data.decide_next_task scheduled__2025-04-06T00:00:00+00:00 [queued]>
[2025-04-07T18:55:33.598+0000] {taskinstance.py:2614} INFO - Dependencies all met for dep_context=requeueable deps ti=<TaskInstance: 2-Cargar_data.decide_next_task scheduled__2025-04-06T00:00:00+00:00 [queued]>
[2025-04-07T18:55:33.599+0000] {taskinstance.py:2867} INFO - Starting attempt 1 of 1
[2025-04-07T18:55:33.618+0000] {taskinstance.py:2890} INFO - Executing <Task(BranchPythonOperator): decide_next_task> on 2025-04-06 00:00:00+00:00
[2025-04-07T18:55:33.635+0000] {standard_task_runner.py:72} INFO - Started process 872 to run task
[2025-04-07T18:55:33.649+0000] {standard_task_runner.py:104} INFO - Running: ['***', 'tasks', 'run', '2-Cargar_data', 'decide_next_task', 'scheduled__2025-04-06T00:00:00+00:00', '--job-id', '5', '--raw', '--subdir', 'DAGS_FOLDER/Cargar_datos.py', '--cfg-path', '/tmp/tmpc5ubfc02']
[2025-04-07T18:55:33.661+0000] {standard_task_runner.py:105} INFO - Job 5: Subtask decide_next_task
[2025-04-07T18:55:33.783+0000] {task_command.py:467} INFO - Running <TaskInstance: 2-Cargar_data.decide_next_task scheduled__2025-04-06T00:00:00+00:00 [running]> on host 7919b389bc8a
[2025-04-07T18:55:33.983+0000] {taskinstance.py:3134} INFO - Exporting env vars: AIRFLOW_CTX_DAG_OWNER='***' AIRFLOW_CTX_DAG_ID='2-Cargar_data' AIRFLOW_CTX_TASK_ID='decide_next_task' AIRFLOW_CTX_EXECUTION_DATE='2025-04-06T00:00:00+00:00' AIRFLOW_CTX_TRY_NUMBER='1' AIRFLOW_CTX_DAG_RUN_ID='scheduled__2025-04-06T00:00:00+00:00'
[2025-04-07T18:55:33.985+0000] {taskinstance.py:732} INFO - ::endgroup::
[2025-04-07T18:55:34.005+0000] {baseoperator.py:423} WARNING - BranchPythonOperator.execute cannot be called outside TaskInstance!
[2025-04-07T18:55:39.029+0000] {python.py:240} INFO - Done. Returned value was: load_data
[2025-04-07T18:55:39.030+0000] {branch.py:38} INFO - Branch into load_data
[2025-04-07T18:55:39.031+0000] {skipmixin.py:233} INFO - Following branch ('load_data',)
[2025-04-07T18:55:39.057+0000] {skipmixin.py:281} INFO - Skipping tasks [('stop_task', -1)]
[2025-04-07T18:55:39.141+0000] {taskinstance.py:341} INFO - ::group::Post task execution logs
[2025-04-07T18:55:39.142+0000] {taskinstance.py:353} INFO - Marking task as SUCCESS. dag_id=2-Cargar_data, task_id=decide_next_task, run_id=scheduled__2025-04-06T00:00:00+00:00, execution_date=20250406T000000, start_date=20250407T185533, end_date=20250407T185539
[2025-04-07T18:55:39.248+0000] {local_task_job_runner.py:266} INFO - Task exited with return code 0
[2025-04-07T18:55:39.291+0000] {taskinstance.py:3901} INFO - 1 downstream tasks scheduled from follow-on schedule check
[2025-04-07T18:55:39.293+0000] {local_task_job_runner.py:245} INFO - ::endgroup::
