[2025-03-09T00:42:08.989+0000] {taskinstance.py:1125} INFO - Dependencies all met for dep_context=non-requeueable deps ti=<TaskInstance: preprocess_penguins_data.create_processed_table manual__2025-03-09T00:42:07.600101+00:00 [queued]>
[2025-03-09T00:42:08.994+0000] {taskinstance.py:1125} INFO - Dependencies all met for dep_context=requeueable deps ti=<TaskInstance: preprocess_penguins_data.create_processed_table manual__2025-03-09T00:42:07.600101+00:00 [queued]>
[2025-03-09T00:42:08.994+0000] {taskinstance.py:1331} INFO - Starting attempt 1 of 2
[2025-03-09T00:42:09.002+0000] {taskinstance.py:1350} INFO - Executing <Task(MySqlOperator): create_processed_table> on 2025-03-09 00:42:07.600101+00:00
[2025-03-09T00:42:09.005+0000] {standard_task_runner.py:57} INFO - Started process 957 to run task
[2025-03-09T00:42:09.007+0000] {standard_task_runner.py:84} INFO - Running: ['***', 'tasks', 'run', 'preprocess_penguins_data', 'create_processed_table', 'manual__2025-03-09T00:42:07.600101+00:00', '--job-id', '44', '--raw', '--subdir', 'DAGS_FOLDER/Procesa_data.py', '--cfg-path', '/tmp/tmpxecd65n8']
[2025-03-09T00:42:09.009+0000] {standard_task_runner.py:85} INFO - Job 44: Subtask create_processed_table
[2025-03-09T00:42:09.041+0000] {task_command.py:410} INFO - Running <TaskInstance: preprocess_penguins_data.create_processed_table manual__2025-03-09T00:42:07.600101+00:00 [running]> on host de40e2ed39bc
[2025-03-09T00:42:09.084+0000] {taskinstance.py:1570} INFO - Exporting env vars: AIRFLOW_CTX_DAG_OWNER='***' AIRFLOW_CTX_DAG_ID='preprocess_penguins_data' AIRFLOW_CTX_TASK_ID='create_processed_table' AIRFLOW_CTX_EXECUTION_DATE='2025-03-09T00:42:07.600101+00:00' AIRFLOW_CTX_TRY_NUMBER='1' AIRFLOW_CTX_DAG_RUN_ID='manual__2025-03-09T00:42:07.600101+00:00'
[2025-03-09T00:42:09.084+0000] {sql.py:262} INFO - Executing: 
USE ***_db;
CREATE TABLE IF NOT EXISTS penguins_processed (
    id INT AUTO_INCREMENT PRIMARY KEY,
    species VARCHAR(50),
    island VARCHAR(50),
    culmen_length_mm FLOAT,
    culmen_depth_mm FLOAT,
    flipper_length_mm INT,
    body_mass_g INT,
    sex VARCHAR(10)
);
[2025-03-09T00:42:09.085+0000] {crypto.py:83} WARNING - empty cryptography key - values will not be stored encrypted.
[2025-03-09T00:42:09.085+0000] {base.py:73} INFO - Using connection ID 'mysql_default' for task execution.
[2025-03-09T00:42:09.115+0000] {base.py:73} INFO - Using connection ID 'mysql_default' for task execution.
[2025-03-09T00:42:09.123+0000] {sql.py:375} INFO - Running statement: 
USE ***_db;
CREATE TABLE IF NOT EXISTS penguins_processed (
    id INT AUTO_INCREMENT PRIMARY KEY,
    species VARCHAR(50),
    island VARCHAR(50),
    culmen_length_mm FLOAT,
    culmen_depth_mm FLOAT,
    flipper_length_mm INT,
    body_mass_g INT,
    sex VARCHAR(10)
);, parameters: None
[2025-03-09T00:42:09.123+0000] {sql.py:384} INFO - Rows affected: 0
[2025-03-09T00:42:09.147+0000] {taskinstance.py:1373} INFO - Marking task as SUCCESS. dag_id=preprocess_penguins_data, task_id=create_processed_table, execution_date=20250309T004207, start_date=20250309T004208, end_date=20250309T004209
[2025-03-09T00:42:09.179+0000] {local_task_job_runner.py:232} INFO - Task exited with return code 0
[2025-03-09T00:42:09.196+0000] {taskinstance.py:2674} INFO - 1 downstream tasks scheduled from follow-on schedule check
