[2025-03-31T23:36:30.457+0000] {local_task_job_runner.py:123} INFO - ::group::Pre task execution logs
[2025-03-31T23:36:30.794+0000] {taskinstance.py:2614} INFO - Dependencies all met for dep_context=non-requeueable deps ti=<TaskInstance: 2-Cargar_data.decide_next_task scheduled__2025-03-31T23:36:20+00:00 [queued]>
[2025-03-31T23:36:30.814+0000] {taskinstance.py:2614} INFO - Dependencies all met for dep_context=requeueable deps ti=<TaskInstance: 2-Cargar_data.decide_next_task scheduled__2025-03-31T23:36:20+00:00 [queued]>
[2025-03-31T23:36:30.815+0000] {taskinstance.py:2867} INFO - Starting attempt 1 of 1
[2025-03-31T23:36:30.836+0000] {taskinstance.py:2890} INFO - Executing <Task(BranchPythonOperator): decide_next_task> on 2025-03-31 23:36:20+00:00
[2025-03-31T23:36:30.867+0000] {standard_task_runner.py:72} INFO - Started process 531 to run task
[2025-03-31T23:36:30.878+0000] {standard_task_runner.py:104} INFO - Running: ['***', 'tasks', 'run', '2-Cargar_data', 'decide_next_task', 'scheduled__2025-03-31T23:36:20+00:00', '--job-id', '20', '--raw', '--subdir', 'DAGS_FOLDER/Cargar_datos.py', '--cfg-path', '/tmp/tmpmgynpvcw']
[2025-03-31T23:36:30.885+0000] {standard_task_runner.py:105} INFO - Job 20: Subtask decide_next_task
[2025-03-31T23:36:31.006+0000] {task_command.py:467} INFO - Running <TaskInstance: 2-Cargar_data.decide_next_task scheduled__2025-03-31T23:36:20+00:00 [running]> on host 45ab05f75c83
[2025-03-31T23:36:31.206+0000] {taskinstance.py:3134} INFO - Exporting env vars: AIRFLOW_CTX_DAG_OWNER='***' AIRFLOW_CTX_DAG_ID='2-Cargar_data' AIRFLOW_CTX_TASK_ID='decide_next_task' AIRFLOW_CTX_EXECUTION_DATE='2025-03-31T23:36:20+00:00' AIRFLOW_CTX_TRY_NUMBER='1' AIRFLOW_CTX_DAG_RUN_ID='scheduled__2025-03-31T23:36:20+00:00'
[2025-03-31T23:36:31.208+0000] {taskinstance.py:732} INFO - ::endgroup::
[2025-03-31T23:36:31.249+0000] {baseoperator.py:423} WARNING - BranchPythonOperator.execute cannot be called outside TaskInstance!
[2025-03-31T23:36:36.278+0000] {python.py:240} INFO - Done. Returned value was: load_data
[2025-03-31T23:36:36.280+0000] {branch.py:38} INFO - Branch into load_data
[2025-03-31T23:36:36.284+0000] {skipmixin.py:233} INFO - Following branch ('load_data',)
[2025-03-31T23:36:36.328+0000] {skipmixin.py:281} INFO - Skipping tasks [('stop_task', -1)]
[2025-03-31T23:36:36.440+0000] {taskinstance.py:341} INFO - ::group::Post task execution logs
[2025-03-31T23:36:36.441+0000] {taskinstance.py:353} INFO - Marking task as SUCCESS. dag_id=2-Cargar_data, task_id=decide_next_task, run_id=scheduled__2025-03-31T23:36:20+00:00, execution_date=20250331T233620, start_date=20250331T233630, end_date=20250331T233636
[2025-03-31T23:36:36.605+0000] {local_task_job_runner.py:266} INFO - Task exited with return code 0
[2025-03-31T23:36:36.676+0000] {taskinstance.py:3901} INFO - 1 downstream tasks scheduled from follow-on schedule check
[2025-03-31T23:36:36.680+0000] {local_task_job_runner.py:245} INFO - ::endgroup::
