[2025-04-01T17:07:37.222+0000] {local_task_job_runner.py:123} INFO - ::group::Pre task execution logs
[2025-04-01T17:07:37.389+0000] {taskinstance.py:2614} INFO - Dependencies all met for dep_context=non-requeueable deps ti=<TaskInstance: 4-Entrenamiento_model.entrenar_modelo manual__2025-04-01T17:07:29.965107+00:00 [queued]>
[2025-04-01T17:07:37.444+0000] {taskinstance.py:2614} INFO - Dependencies all met for dep_context=requeueable deps ti=<TaskInstance: 4-Entrenamiento_model.entrenar_modelo manual__2025-04-01T17:07:29.965107+00:00 [queued]>
[2025-04-01T17:07:37.445+0000] {taskinstance.py:2867} INFO - Starting attempt 1 of 2
[2025-04-01T17:07:37.524+0000] {taskinstance.py:2890} INFO - Executing <Task(PythonOperator): entrenar_modelo> on 2025-04-01 17:07:29.965107+00:00
[2025-04-01T17:07:37.598+0000] {standard_task_runner.py:72} INFO - Started process 449 to run task
[2025-04-01T17:07:37.653+0000] {standard_task_runner.py:104} INFO - Running: ['***', 'tasks', 'run', '4-Entrenamiento_model', 'entrenar_modelo', 'manual__2025-04-01T17:07:29.965107+00:00', '--job-id', '11', '--raw', '--subdir', 'DAGS_FOLDER/Entrenamiento_mode.py', '--cfg-path', '/tmp/tmpisw3chj7']
[2025-04-01T17:07:37.672+0000] {standard_task_runner.py:105} INFO - Job 11: Subtask entrenar_modelo
[2025-04-01T17:07:38.162+0000] {task_command.py:467} INFO - Running <TaskInstance: 4-Entrenamiento_model.entrenar_modelo manual__2025-04-01T17:07:29.965107+00:00 [running]> on host 56b31014e3cf
[2025-04-01T17:07:38.706+0000] {taskinstance.py:3134} INFO - Exporting env vars: AIRFLOW_CTX_DAG_OWNER='***' AIRFLOW_CTX_DAG_ID='4-Entrenamiento_model' AIRFLOW_CTX_TASK_ID='entrenar_modelo' AIRFLOW_CTX_EXECUTION_DATE='2025-04-01T17:07:29.965107+00:00' AIRFLOW_CTX_TRY_NUMBER='1' AIRFLOW_CTX_DAG_RUN_ID='manual__2025-04-01T17:07:29.965107+00:00'
[2025-04-01T17:07:38.712+0000] {taskinstance.py:732} INFO - ::endgroup::
[2025-04-01T17:07:38.832+0000] {warnings.py:109} WARNING - /opt/***/dags/Entrenamiento_mode.py:64: UserWarning: pandas only supports SQLAlchemy connectable (engine/connection) or database string URI or sqlite3 DBAPI2 connection. Other DBAPI2 objects are not tested. Please consider using SQLAlchemy.
  df = pd.read_sql(query, conn)

[2025-04-01T17:07:40.941+0000] {logging_mixin.py:190} WARNING - 2025/04/01 17:07:40 WARNING mlflow.utils.git_utils: Failed to import Git (the Git executable is probably not on your PATH), so Git SHA is not available. Error: Failed to initialize: Bad git executable.
The git executable must be specified in one of the following ways:
    - be included in your $PATH
    - be set via $GIT_PYTHON_GIT_EXECUTABLE
    - explicitly set via git.refresh(<full-path-to-git-executable>)

All git commands will error until this is rectified.

This initial message can be silenced or aggravated in the future by setting the
$GIT_PYTHON_REFRESH environment variable. Use one of the following values:
    - quiet|q|silence|s|silent|none|n|0: for no message or exception
    - warn|w|warning|log|l|1: for a warning message (logging level CRITICAL, displayed by default)
    - error|e|exception|raise|r|2: for a raised exception

Example:
    export GIT_PYTHON_REFRESH=quiet
[2025-04-01T17:07:41.030+0000] {logging_mixin.py:190} WARNING - 2025/04/01 17:07:41 WARNING mlflow.utils: Truncated the value of the key `estimator`. Truncated value: `Pipeline(steps=[('column_trans',
                 ColumnTransformer(remainder='passthrough',
                                   transformers=[('onehotencoder',
                                                  OneHotEncoder(handle_unknown='ignore'),
                                                  ['Wilderness_Area',
                                                   'Soil_Type'])])),
                ('scaler', StandardScaler(with_mean=False)),
                ('RandomForestClassifier', Rand...`
[2025-04-01T17:07:41.040+0000] {logging_and_warnings.py:72} WARNING - /home/***/.local/lib/python3.8/site-packages/joblib/parallel.py:1359: UserWarning: Loky-backed parallel loops cannot be called in a multiprocessing, setting n_jobs=1
  n_jobs = self._backend.configure(n_jobs=self.n_jobs, parallel=self,

[2025-04-01T17:07:46.228+0000] {credentials.py:1147} INFO - Found credentials in environment variables.
[2025-04-01T17:07:46.800+0000] {logging_mixin.py:190} WARNING - 2025/04/01 17:07:46 WARNING mlflow.utils.autologging_utils: Encountered unexpected error during sklearn autologging: Failed to upload /tmp/tmp_maxpv5u/training_confusion_matrix.png to mlflows3/artifacts/1/1eb29a9943fd4d51826b387b972622f4/artifacts/training_confusion_matrix.png: An error occurred (NoSuchBucket) when calling the PutObject operation: The specified bucket does not exist
[2025-04-01T17:07:46.880+0000] {python.py:240} INFO - Done. Returned value was: 0
[2025-04-01T17:07:47.009+0000] {taskinstance.py:341} INFO - ::group::Post task execution logs
[2025-04-01T17:07:47.010+0000] {taskinstance.py:353} INFO - Marking task as SUCCESS. dag_id=4-Entrenamiento_model, task_id=entrenar_modelo, run_id=manual__2025-04-01T17:07:29.965107+00:00, execution_date=20250401T170729, start_date=20250401T170737, end_date=20250401T170747
[2025-04-01T17:07:47.258+0000] {local_task_job_runner.py:266} INFO - Task exited with return code 0
[2025-04-01T17:07:47.307+0000] {taskinstance.py:3901} INFO - 0 downstream tasks scheduled from follow-on schedule check
[2025-04-01T17:07:47.311+0000] {local_task_job_runner.py:245} INFO - ::endgroup::
