[2025-03-31T23:39:23.970+0000] {local_task_job_runner.py:123} INFO - ::group::Pre task execution logs
[2025-03-31T23:39:24.983+0000] {taskinstance.py:2614} INFO - Dependencies all met for dep_context=non-requeueable deps ti=<TaskInstance: 2-Cargar_data.decide_next_task scheduled__2025-03-31T23:39:05+00:00 [queued]>
[2025-03-31T23:39:25.054+0000] {taskinstance.py:2614} INFO - Dependencies all met for dep_context=requeueable deps ti=<TaskInstance: 2-Cargar_data.decide_next_task scheduled__2025-03-31T23:39:05+00:00 [queued]>
[2025-03-31T23:39:25.055+0000] {taskinstance.py:2867} INFO - Starting attempt 1 of 1
[2025-03-31T23:39:25.161+0000] {taskinstance.py:2890} INFO - Executing <Task(BranchPythonOperator): decide_next_task> on 2025-03-31 23:39:05+00:00
[2025-03-31T23:39:25.205+0000] {standard_task_runner.py:72} INFO - Started process 677 to run task
[2025-03-31T23:39:25.254+0000] {standard_task_runner.py:104} INFO - Running: ['***', 'tasks', 'run', '2-Cargar_data', 'decide_next_task', 'scheduled__2025-03-31T23:39:05+00:00', '--job-id', '44', '--raw', '--subdir', 'DAGS_FOLDER/Cargar_datos.py', '--cfg-path', '/tmp/tmpd0dd6qo5']
[2025-03-31T23:39:25.285+0000] {standard_task_runner.py:105} INFO - Job 44: Subtask decide_next_task
[2025-03-31T23:39:25.840+0000] {task_command.py:467} INFO - Running <TaskInstance: 2-Cargar_data.decide_next_task scheduled__2025-03-31T23:39:05+00:00 [running]> on host 45ab05f75c83
[2025-03-31T23:39:26.514+0000] {taskinstance.py:3134} INFO - Exporting env vars: AIRFLOW_CTX_DAG_OWNER='***' AIRFLOW_CTX_DAG_ID='2-Cargar_data' AIRFLOW_CTX_TASK_ID='decide_next_task' AIRFLOW_CTX_EXECUTION_DATE='2025-03-31T23:39:05+00:00' AIRFLOW_CTX_TRY_NUMBER='1' AIRFLOW_CTX_DAG_RUN_ID='scheduled__2025-03-31T23:39:05+00:00'
[2025-03-31T23:39:26.526+0000] {taskinstance.py:732} INFO - ::endgroup::
[2025-03-31T23:39:26.601+0000] {baseoperator.py:423} WARNING - BranchPythonOperator.execute cannot be called outside TaskInstance!
[2025-03-31T23:39:31.668+0000] {python.py:240} INFO - Done. Returned value was: load_data
[2025-03-31T23:39:31.671+0000] {branch.py:38} INFO - Branch into load_data
[2025-03-31T23:39:31.675+0000] {skipmixin.py:233} INFO - Following branch ('load_data',)
[2025-03-31T23:39:31.730+0000] {skipmixin.py:281} INFO - Skipping tasks [('stop_task', -1)]
[2025-03-31T23:39:31.912+0000] {taskinstance.py:341} INFO - ::group::Post task execution logs
[2025-03-31T23:39:31.916+0000] {taskinstance.py:353} INFO - Marking task as SUCCESS. dag_id=2-Cargar_data, task_id=decide_next_task, run_id=scheduled__2025-03-31T23:39:05+00:00, execution_date=20250331T233905, start_date=20250331T233924, end_date=20250331T233931
[2025-03-31T23:39:32.109+0000] {local_task_job_runner.py:266} INFO - Task exited with return code 0
[2025-03-31T23:39:32.201+0000] {taskinstance.py:3901} INFO - 1 downstream tasks scheduled from follow-on schedule check
[2025-03-31T23:39:32.205+0000] {local_task_job_runner.py:245} INFO - ::endgroup::
