[2025-03-09T06:44:38.673+0000] {taskinstance.py:1125} INFO - Dependencies all met for dep_context=non-requeueable deps ti=<TaskInstance: 3-Procesar_penguins_data.get_raw_data manual__2025-03-09T06:44:36.725417+00:00 [queued]>
[2025-03-09T06:44:38.683+0000] {taskinstance.py:1125} INFO - Dependencies all met for dep_context=requeueable deps ti=<TaskInstance: 3-Procesar_penguins_data.get_raw_data manual__2025-03-09T06:44:36.725417+00:00 [queued]>
[2025-03-09T06:44:38.683+0000] {taskinstance.py:1331} INFO - Starting attempt 1 of 1
[2025-03-09T06:44:38.696+0000] {taskinstance.py:1350} INFO - Executing <Task(PythonOperator): get_raw_data> on 2025-03-09 06:44:36.725417+00:00
[2025-03-09T06:44:38.703+0000] {standard_task_runner.py:57} INFO - Started process 1372 to run task
[2025-03-09T06:44:38.707+0000] {standard_task_runner.py:84} INFO - Running: ['***', 'tasks', 'run', '3-Procesar_penguins_data', 'get_raw_data', 'manual__2025-03-09T06:44:36.725417+00:00', '--job-id', '28', '--raw', '--subdir', 'DAGS_FOLDER/Procesa_data.py', '--cfg-path', '/tmp/tmpciz79cs7']
[2025-03-09T06:44:38.709+0000] {standard_task_runner.py:85} INFO - Job 28: Subtask get_raw_data
[2025-03-09T06:44:38.750+0000] {task_command.py:410} INFO - Running <TaskInstance: 3-Procesar_penguins_data.get_raw_data manual__2025-03-09T06:44:36.725417+00:00 [running]> on host 2e759f21ee59
[2025-03-09T06:44:38.838+0000] {taskinstance.py:1570} INFO - Exporting env vars: AIRFLOW_CTX_DAG_OWNER='***' AIRFLOW_CTX_DAG_ID='3-Procesar_penguins_data' AIRFLOW_CTX_TASK_ID='get_raw_data' AIRFLOW_CTX_EXECUTION_DATE='2025-03-09T06:44:36.725417+00:00' AIRFLOW_CTX_TRY_NUMBER='1' AIRFLOW_CTX_DAG_RUN_ID='manual__2025-03-09T06:44:36.725417+00:00'
[2025-03-09T06:44:38.840+0000] {taskinstance.py:1847} ERROR - Task failed with exception
Traceback (most recent call last):
  File "/home/airflow/.local/lib/python3.7/site-packages/airflow/operators/python.py", line 181, in execute
    return_value = self.execute_callable()
  File "/home/airflow/.local/lib/python3.7/site-packages/airflow/operators/python.py", line 198, in execute_callable
    return self.python_callable(*self.op_args, **self.op_kwargs)
  File "/opt/airflow/dags/Procesa_data.py", line 59, in get_data_from_db
    df = df.replace(['NA', '.'], pd.NA)
UnboundLocalError: local variable 'df' referenced before assignment
[2025-03-09T06:44:38.851+0000] {taskinstance.py:1373} INFO - Marking task as FAILED. dag_id=3-Procesar_penguins_data, task_id=get_raw_data, execution_date=20250309T064436, start_date=20250309T064438, end_date=20250309T064438
[2025-03-09T06:44:38.864+0000] {standard_task_runner.py:109} ERROR - Failed to execute job 28 for task get_raw_data (local variable 'df' referenced before assignment; 1372)
[2025-03-09T06:44:38.879+0000] {local_task_job_runner.py:232} INFO - Task exited with return code 1
[2025-03-09T06:44:38.900+0000] {taskinstance.py:2674} INFO - 0 downstream tasks scheduled from follow-on schedule check
