[2025-04-01T02:31:43.100+0000] {local_task_job_runner.py:123} INFO - ::group::Pre task execution logs
[2025-04-01T02:31:43.477+0000] {taskinstance.py:2614} INFO - Dependencies all met for dep_context=non-requeueable deps ti=<TaskInstance: 2-Cargar_data.decide_next_task manual__2025-04-01T02:31:37.027714+00:00 [queued]>
[2025-04-01T02:31:43.497+0000] {taskinstance.py:2614} INFO - Dependencies all met for dep_context=requeueable deps ti=<TaskInstance: 2-Cargar_data.decide_next_task manual__2025-04-01T02:31:37.027714+00:00 [queued]>
[2025-04-01T02:31:43.498+0000] {taskinstance.py:2867} INFO - Starting attempt 1 of 1
[2025-04-01T02:31:43.519+0000] {taskinstance.py:2890} INFO - Executing <Task(BranchPythonOperator): decide_next_task> on 2025-04-01 02:31:37.027714+00:00
[2025-04-01T02:31:43.538+0000] {standard_task_runner.py:72} INFO - Started process 2221 to run task
[2025-04-01T02:31:43.557+0000] {standard_task_runner.py:104} INFO - Running: ['***', 'tasks', 'run', '2-Cargar_data', 'decide_next_task', 'manual__2025-04-01T02:31:37.027714+00:00', '--job-id', '80', '--raw', '--subdir', 'DAGS_FOLDER/Cargar_datos.py', '--cfg-path', '/tmp/tmp3s0v_j1k']
[2025-04-01T02:31:43.565+0000] {standard_task_runner.py:105} INFO - Job 80: Subtask decide_next_task
[2025-04-01T02:31:43.691+0000] {task_command.py:467} INFO - Running <TaskInstance: 2-Cargar_data.decide_next_task manual__2025-04-01T02:31:37.027714+00:00 [running]> on host 7ed3aa8fcef8
[2025-04-01T02:31:43.857+0000] {taskinstance.py:3134} INFO - Exporting env vars: AIRFLOW_CTX_DAG_OWNER='***' AIRFLOW_CTX_DAG_ID='2-Cargar_data' AIRFLOW_CTX_TASK_ID='decide_next_task' AIRFLOW_CTX_EXECUTION_DATE='2025-04-01T02:31:37.027714+00:00' AIRFLOW_CTX_TRY_NUMBER='1' AIRFLOW_CTX_DAG_RUN_ID='manual__2025-04-01T02:31:37.027714+00:00'
[2025-04-01T02:31:43.859+0000] {taskinstance.py:732} INFO - ::endgroup::
[2025-04-01T02:31:43.885+0000] {baseoperator.py:423} WARNING - BranchPythonOperator.execute cannot be called outside TaskInstance!
[2025-04-01T02:31:48.910+0000] {python.py:240} INFO - Done. Returned value was: load_data
[2025-04-01T02:31:48.911+0000] {branch.py:38} INFO - Branch into load_data
[2025-04-01T02:31:48.911+0000] {skipmixin.py:233} INFO - Following branch ('load_data',)
[2025-04-01T02:31:48.971+0000] {skipmixin.py:281} INFO - Skipping tasks [('stop_task', -1)]
[2025-04-01T02:31:49.084+0000] {taskinstance.py:341} INFO - ::group::Post task execution logs
[2025-04-01T02:31:49.085+0000] {taskinstance.py:353} INFO - Marking task as SUCCESS. dag_id=2-Cargar_data, task_id=decide_next_task, run_id=manual__2025-04-01T02:31:37.027714+00:00, execution_date=20250401T023137, start_date=20250401T023143, end_date=20250401T023149
[2025-04-01T02:31:49.233+0000] {local_task_job_runner.py:266} INFO - Task exited with return code 0
[2025-04-01T02:31:49.292+0000] {taskinstance.py:3901} INFO - 1 downstream tasks scheduled from follow-on schedule check
[2025-04-01T02:31:49.294+0000] {local_task_job_runner.py:245} INFO - ::endgroup::
