[2025-03-31T23:48:25.766+0000] {local_task_job_runner.py:123} INFO - ::group::Pre task execution logs
[2025-03-31T23:48:26.312+0000] {taskinstance.py:2614} INFO - Dependencies all met for dep_context=non-requeueable deps ti=<TaskInstance: 2-Cargar_data.create_table scheduled__2025-03-31T23:48:15+00:00 [queued]>
[2025-03-31T23:48:26.348+0000] {taskinstance.py:2614} INFO - Dependencies all met for dep_context=requeueable deps ti=<TaskInstance: 2-Cargar_data.create_table scheduled__2025-03-31T23:48:15+00:00 [queued]>
[2025-03-31T23:48:26.349+0000] {taskinstance.py:2867} INFO - Starting attempt 1 of 1
[2025-03-31T23:48:26.411+0000] {taskinstance.py:2890} INFO - Executing <Task(PostgresOperator): create_table> on 2025-03-31 23:48:15+00:00
[2025-03-31T23:48:26.452+0000] {standard_task_runner.py:72} INFO - Started process 1103 to run task
[2025-03-31T23:48:26.469+0000] {standard_task_runner.py:104} INFO - Running: ['***', 'tasks', 'run', '2-Cargar_data', 'create_table', 'scheduled__2025-03-31T23:48:15+00:00', '--job-id', '115', '--raw', '--subdir', 'DAGS_FOLDER/Cargar_datos.py', '--cfg-path', '/tmp/tmp0hqr8huf']
[2025-03-31T23:48:26.480+0000] {standard_task_runner.py:105} INFO - Job 115: Subtask create_table
[2025-03-31T23:48:26.708+0000] {task_command.py:467} INFO - Running <TaskInstance: 2-Cargar_data.create_table scheduled__2025-03-31T23:48:15+00:00 [running]> on host 45ab05f75c83
[2025-03-31T23:48:26.990+0000] {taskinstance.py:3134} INFO - Exporting env vars: AIRFLOW_CTX_DAG_OWNER='***' AIRFLOW_CTX_DAG_ID='2-Cargar_data' AIRFLOW_CTX_TASK_ID='create_table' AIRFLOW_CTX_EXECUTION_DATE='2025-03-31T23:48:15+00:00' AIRFLOW_CTX_TRY_NUMBER='1' AIRFLOW_CTX_DAG_RUN_ID='scheduled__2025-03-31T23:48:15+00:00'
[2025-03-31T23:48:26.993+0000] {taskinstance.py:732} INFO - ::endgroup::
[2025-03-31T23:48:27.028+0000] {sql.py:266} INFO - Executing: 
CREATE TABLE IF NOT EXISTS covertype (
    id SERIAL PRIMARY KEY,
    Elevation INT NOT NULL, 
    Aspect INT NOT NULL, 
    Slope INT NOT NULL, 
    Horizontal_Distance_To_Hydrology INT NOT NULL,
    Vertical_Distance_To_Hydrology INT NOT NULL,
    Horizontal_Distance_To_Roadways INT NOT NULL,
    Hillshade_9am INT NOT NULL,
    Hillshade_Noon INT NOT NULL,
    Hillshade_3pm INT NOT NULL,
    Horizontal_Distance_To_Fire_Points INT NOT NULL, 
    Wilderness_Area VARCHAR(50) NOT NULL,  
    Soil_Type VARCHAR(50) NOT NULL,  
    Cover_Type INT NOT NULL
);
[2025-03-31T23:48:27.030+0000] {crypto.py:82} WARNING - empty cryptography key - values will not be stored encrypted.
[2025-03-31T23:48:27.031+0000] {base.py:84} INFO - Retrieving connection 'postgres_default'
[2025-03-31T23:48:27.037+0000] {base.py:84} INFO - Retrieving connection 'postgres_default'
[2025-03-31T23:48:27.050+0000] {sql.py:542} INFO - Running statement: 
CREATE TABLE IF NOT EXISTS covertype (
    id SERIAL PRIMARY KEY,
    Elevation INT NOT NULL, 
    Aspect INT NOT NULL, 
    Slope INT NOT NULL, 
    Horizontal_Distance_To_Hydrology INT NOT NULL,
    Vertical_Distance_To_Hydrology INT NOT NULL,
    Horizontal_Distance_To_Roadways INT NOT NULL,
    Hillshade_9am INT NOT NULL,
    Hillshade_Noon INT NOT NULL,
    Hillshade_3pm INT NOT NULL,
    Horizontal_Distance_To_Fire_Points INT NOT NULL, 
    Wilderness_Area VARCHAR(50) NOT NULL,  
    Soil_Type VARCHAR(50) NOT NULL,  
    Cover_Type INT NOT NULL
);, parameters: None
[2025-03-31T23:48:27.085+0000] {taskinstance.py:341} INFO - ::group::Post task execution logs
[2025-03-31T23:48:27.086+0000] {taskinstance.py:353} INFO - Marking task as SUCCESS. dag_id=2-Cargar_data, task_id=create_table, run_id=scheduled__2025-03-31T23:48:15+00:00, execution_date=20250331T234815, start_date=20250331T234826, end_date=20250331T234827
[2025-03-31T23:48:27.212+0000] {local_task_job_runner.py:266} INFO - Task exited with return code 0
[2025-03-31T23:48:27.311+0000] {taskinstance.py:3901} INFO - 1 downstream tasks scheduled from follow-on schedule check
[2025-03-31T23:48:27.314+0000] {local_task_job_runner.py:245} INFO - ::endgroup::
