[2025-03-08T22:32:43.581+0000] {taskinstance.py:1125} INFO - Dependencies all met for dep_context=non-requeueable deps ti=<TaskInstance: delete_penguins_db.drop_penguins_table manual__2025-03-08T22:24:20.626052+00:00 [queued]>
[2025-03-08T22:32:43.588+0000] {taskinstance.py:1125} INFO - Dependencies all met for dep_context=requeueable deps ti=<TaskInstance: delete_penguins_db.drop_penguins_table manual__2025-03-08T22:24:20.626052+00:00 [queued]>
[2025-03-08T22:32:43.588+0000] {taskinstance.py:1331} INFO - Starting attempt 2 of 2
[2025-03-08T22:32:43.596+0000] {taskinstance.py:1350} INFO - Executing <Task(MySqlOperator): drop_penguins_table> on 2025-03-08 22:24:20.626052+00:00
[2025-03-08T22:32:43.599+0000] {standard_task_runner.py:57} INFO - Started process 107 to run task
[2025-03-08T22:32:43.601+0000] {standard_task_runner.py:84} INFO - Running: ['***', 'tasks', 'run', 'delete_penguins_db', 'drop_penguins_table', 'manual__2025-03-08T22:24:20.626052+00:00', '--job-id', '17', '--raw', '--subdir', 'DAGS_FOLDER/Borrar_datos.py', '--cfg-path', '/tmp/tmpio65_kqa']
[2025-03-08T22:32:43.601+0000] {standard_task_runner.py:85} INFO - Job 17: Subtask drop_penguins_table
[2025-03-08T22:32:43.633+0000] {task_command.py:410} INFO - Running <TaskInstance: delete_penguins_db.drop_penguins_table manual__2025-03-08T22:24:20.626052+00:00 [running]> on host 7b1140bfdde3
[2025-03-08T22:32:43.680+0000] {taskinstance.py:1570} INFO - Exporting env vars: AIRFLOW_CTX_DAG_OWNER='***' AIRFLOW_CTX_DAG_ID='delete_penguins_db' AIRFLOW_CTX_TASK_ID='drop_penguins_table' AIRFLOW_CTX_EXECUTION_DATE='2025-03-08T22:24:20.626052+00:00' AIRFLOW_CTX_TRY_NUMBER='2' AIRFLOW_CTX_DAG_RUN_ID='manual__2025-03-08T22:24:20.626052+00:00'
[2025-03-08T22:32:43.681+0000] {sql.py:262} INFO - Executing: 
USE ***_db;
DROP TABLE IF EXISTS penguins;
[2025-03-08T22:32:43.693+0000] {taskinstance.py:1847} ERROR - Task failed with exception
Traceback (most recent call last):
  File "/home/airflow/.local/lib/python3.7/site-packages/airflow/providers/common/sql/operators/sql.py", line 263, in execute
    hook = self.get_db_hook()
  File "/home/airflow/.local/lib/python3.7/site-packages/airflow/providers/common/sql/operators/sql.py", line 181, in get_db_hook
    return self._hook
  File "/home/airflow/.local/lib/python3.7/site-packages/cached_property.py", line 36, in __get__
    value = obj.__dict__[self.func.__name__] = self.func(obj)
  File "/home/airflow/.local/lib/python3.7/site-packages/airflow/providers/common/sql/operators/sql.py", line 143, in _hook
    conn = BaseHook.get_connection(self.conn_id)
  File "/home/airflow/.local/lib/python3.7/site-packages/airflow/hooks/base.py", line 72, in get_connection
    conn = Connection.get_connection_from_secrets(conn_id)
  File "/home/airflow/.local/lib/python3.7/site-packages/airflow/models/connection.py", line 434, in get_connection_from_secrets
    raise AirflowNotFoundException(f"The conn_id `{conn_id}` isn't defined")
airflow.exceptions.AirflowNotFoundException: The conn_id `mysql_default` isn't defined
[2025-03-08T22:32:43.695+0000] {taskinstance.py:1373} INFO - Marking task as FAILED. dag_id=delete_penguins_db, task_id=drop_penguins_table, execution_date=20250308T222420, start_date=20250308T223243, end_date=20250308T223243
[2025-03-08T22:32:43.704+0000] {standard_task_runner.py:109} ERROR - Failed to execute job 17 for task drop_penguins_table (The conn_id `mysql_default` isn't defined; 107)
[2025-03-08T22:32:43.732+0000] {local_task_job_runner.py:232} INFO - Task exited with return code 1
[2025-03-08T22:32:43.748+0000] {taskinstance.py:2674} INFO - 0 downstream tasks scheduled from follow-on schedule check
