[2025-03-09T05:57:25.144+0000] {taskinstance.py:1125} INFO - Dependencies all met for dep_context=non-requeueable deps ti=<TaskInstance: 3-Procesar_penguins_data.get_raw_data manual__2025-03-09T05:57:23.907261+00:00 [queued]>
[2025-03-09T05:57:25.149+0000] {taskinstance.py:1125} INFO - Dependencies all met for dep_context=requeueable deps ti=<TaskInstance: 3-Procesar_penguins_data.get_raw_data manual__2025-03-09T05:57:23.907261+00:00 [queued]>
[2025-03-09T05:57:25.150+0000] {taskinstance.py:1331} INFO - Starting attempt 1 of 2
[2025-03-09T05:57:25.157+0000] {taskinstance.py:1350} INFO - Executing <Task(PythonOperator): get_raw_data> on 2025-03-09 05:57:23.907261+00:00
[2025-03-09T05:57:25.160+0000] {standard_task_runner.py:57} INFO - Started process 147 to run task
[2025-03-09T05:57:25.162+0000] {standard_task_runner.py:84} INFO - Running: ['***', 'tasks', 'run', '3-Procesar_penguins_data', 'get_raw_data', 'manual__2025-03-09T05:57:23.907261+00:00', '--job-id', '8', '--raw', '--subdir', 'DAGS_FOLDER/Procesa_data.py', '--cfg-path', '/tmp/tmp2thra0zl']
[2025-03-09T05:57:25.164+0000] {standard_task_runner.py:85} INFO - Job 8: Subtask get_raw_data
[2025-03-09T05:57:25.197+0000] {task_command.py:410} INFO - Running <TaskInstance: 3-Procesar_penguins_data.get_raw_data manual__2025-03-09T05:57:23.907261+00:00 [running]> on host 2e759f21ee59
[2025-03-09T05:57:25.243+0000] {taskinstance.py:1570} INFO - Exporting env vars: AIRFLOW_CTX_DAG_OWNER='***' AIRFLOW_CTX_DAG_ID='3-Procesar_penguins_data' AIRFLOW_CTX_TASK_ID='get_raw_data' AIRFLOW_CTX_EXECUTION_DATE='2025-03-09T05:57:23.907261+00:00' AIRFLOW_CTX_TRY_NUMBER='1' AIRFLOW_CTX_DAG_RUN_ID='manual__2025-03-09T05:57:23.907261+00:00'
[2025-03-09T05:57:25.244+0000] {crypto.py:83} WARNING - empty cryptography key - values will not be stored encrypted.
[2025-03-09T05:57:25.244+0000] {base.py:73} INFO - Using connection ID 'mysql_default' for task execution.
[2025-03-09T05:57:25.257+0000] {logging_mixin.py:149} INFO - Datos obtenidos de la base de datos. Filas: 344
[2025-03-09T05:57:25.312+0000] {python.py:183} INFO - Done. Returned value was:       id species     island  ...  body_mass_g     sex         fecha_carga
0      1  Adelie  Torgersen  ...       3750.0    MALE 2025-03-09 05:57:20
1      2  Adelie  Torgersen  ...       3800.0  FEMALE 2025-03-09 05:57:20
2      3  Adelie  Torgersen  ...       3250.0  FEMALE 2025-03-09 05:57:20
3      4  Adelie  Torgersen  ...          NaN    None 2025-03-09 05:57:20
4      5  Adelie  Torgersen  ...       3450.0  FEMALE 2025-03-09 05:57:20
..   ...     ...        ...  ...          ...     ...                 ...
339  340  Gentoo     Biscoe  ...          NaN    None 2025-03-09 05:57:20
340  341  Gentoo     Biscoe  ...       4850.0  FEMALE 2025-03-09 05:57:20
341  342  Gentoo     Biscoe  ...       5750.0    MALE 2025-03-09 05:57:20
342  343  Gentoo     Biscoe  ...       5200.0  FEMALE 2025-03-09 05:57:20
343  344  Gentoo     Biscoe  ...       5400.0    MALE 2025-03-09 05:57:20

[344 rows x 9 columns]
[2025-03-09T05:57:25.340+0000] {taskinstance.py:1373} INFO - Marking task as SUCCESS. dag_id=3-Procesar_penguins_data, task_id=get_raw_data, execution_date=20250309T055723, start_date=20250309T055725, end_date=20250309T055725
[2025-03-09T05:57:25.374+0000] {local_task_job_runner.py:232} INFO - Task exited with return code 0
[2025-03-09T05:57:25.386+0000] {taskinstance.py:2674} INFO - 1 downstream tasks scheduled from follow-on schedule check
