[2025-03-27T00:00:19.669+0000] {processor.py:156} INFO - Started process (PID=407) to work on /opt/airflow/dags/Borrar_datos.py
[2025-03-27T00:00:19.671+0000] {processor.py:799} INFO - Processing file /opt/airflow/dags/Borrar_datos.py for tasks to queue
[2025-03-27T00:00:19.672+0000] {logging_mixin.py:149} INFO - [2025-03-27T00:00:19.672+0000] {dagbag.py:541} INFO - Filling up the DagBag from /opt/airflow/dags/Borrar_datos.py
[2025-03-27T00:00:19.692+0000] {processor.py:809} INFO - DAG(s) dict_keys(['1-Borrar_penguins_db']) retrieved from /opt/airflow/dags/Borrar_datos.py
[2025-03-27T00:00:19.753+0000] {logging_mixin.py:149} INFO - [2025-03-27T00:00:19.753+0000] {dag.py:2726} INFO - Sync 1 DAGs
[2025-03-27T00:00:19.821+0000] {logging_mixin.py:149} INFO - [2025-03-27T00:00:19.819+0000] {dag.py:3490} INFO - Setting next_dagrun for 1-Borrar_penguins_db to None, run_after=None
[2025-03-27T00:00:19.889+0000] {processor.py:178} INFO - Processing /opt/airflow/dags/Borrar_datos.py took 0.228 seconds
[2025-03-27T00:00:51.849+0000] {processor.py:156} INFO - Started process (PID=436) to work on /opt/airflow/dags/Borrar_datos.py
[2025-03-27T00:00:51.851+0000] {processor.py:799} INFO - Processing file /opt/airflow/dags/Borrar_datos.py for tasks to queue
[2025-03-27T00:00:51.852+0000] {logging_mixin.py:149} INFO - [2025-03-27T00:00:51.852+0000] {dagbag.py:541} INFO - Filling up the DagBag from /opt/airflow/dags/Borrar_datos.py
[2025-03-27T00:00:51.870+0000] {processor.py:809} INFO - DAG(s) dict_keys(['1-Borrar_penguins_db']) retrieved from /opt/airflow/dags/Borrar_datos.py
[2025-03-27T00:00:51.937+0000] {logging_mixin.py:149} INFO - [2025-03-27T00:00:51.937+0000] {dag.py:2726} INFO - Sync 1 DAGs
[2025-03-27T00:00:52.024+0000] {logging_mixin.py:149} INFO - [2025-03-27T00:00:52.023+0000] {dag.py:3490} INFO - Setting next_dagrun for 1-Borrar_penguins_db to None, run_after=None
[2025-03-27T00:00:52.078+0000] {processor.py:178} INFO - Processing /opt/airflow/dags/Borrar_datos.py took 0.238 seconds
[2025-03-27T00:01:22.189+0000] {processor.py:156} INFO - Started process (PID=450) to work on /opt/airflow/dags/Borrar_datos.py
[2025-03-27T00:01:22.198+0000] {processor.py:799} INFO - Processing file /opt/airflow/dags/Borrar_datos.py for tasks to queue
[2025-03-27T00:01:22.206+0000] {logging_mixin.py:149} INFO - [2025-03-27T00:01:22.206+0000] {dagbag.py:541} INFO - Filling up the DagBag from /opt/airflow/dags/Borrar_datos.py
[2025-03-27T00:01:22.309+0000] {processor.py:809} INFO - DAG(s) dict_keys(['1-Borrar_penguins_db']) retrieved from /opt/airflow/dags/Borrar_datos.py
[2025-03-27T00:01:22.520+0000] {logging_mixin.py:149} INFO - [2025-03-27T00:01:22.519+0000] {dag.py:2726} INFO - Sync 1 DAGs
[2025-03-27T00:01:22.662+0000] {logging_mixin.py:149} INFO - [2025-03-27T00:01:22.662+0000] {dag.py:3490} INFO - Setting next_dagrun for 1-Borrar_penguins_db to None, run_after=None
[2025-03-27T00:01:22.762+0000] {processor.py:178} INFO - Processing /opt/airflow/dags/Borrar_datos.py took 0.590 seconds
[2025-03-27T00:01:53.122+0000] {processor.py:156} INFO - Started process (PID=478) to work on /opt/airflow/dags/Borrar_datos.py
[2025-03-27T00:01:53.124+0000] {processor.py:799} INFO - Processing file /opt/airflow/dags/Borrar_datos.py for tasks to queue
[2025-03-27T00:01:53.125+0000] {logging_mixin.py:149} INFO - [2025-03-27T00:01:53.125+0000] {dagbag.py:541} INFO - Filling up the DagBag from /opt/airflow/dags/Borrar_datos.py
[2025-03-27T00:01:53.143+0000] {processor.py:809} INFO - DAG(s) dict_keys(['1-Borrar_penguins_db']) retrieved from /opt/airflow/dags/Borrar_datos.py
[2025-03-27T00:01:53.215+0000] {logging_mixin.py:149} INFO - [2025-03-27T00:01:53.215+0000] {dag.py:2726} INFO - Sync 1 DAGs
[2025-03-27T00:01:53.260+0000] {logging_mixin.py:149} INFO - [2025-03-27T00:01:53.260+0000] {dag.py:3490} INFO - Setting next_dagrun for 1-Borrar_penguins_db to None, run_after=None
[2025-03-27T00:01:53.294+0000] {processor.py:178} INFO - Processing /opt/airflow/dags/Borrar_datos.py took 0.179 seconds
[2025-03-27T02:09:52.167+0000] {processor.py:156} INFO - Started process (PID=97) to work on /opt/airflow/dags/Borrar_datos.py
[2025-03-27T02:09:52.171+0000] {processor.py:799} INFO - Processing file /opt/airflow/dags/Borrar_datos.py for tasks to queue
[2025-03-27T02:09:52.173+0000] {logging_mixin.py:149} INFO - [2025-03-27T02:09:52.173+0000] {dagbag.py:541} INFO - Filling up the DagBag from /opt/airflow/dags/Borrar_datos.py
[2025-03-27T02:09:52.231+0000] {processor.py:809} INFO - DAG(s) dict_keys(['1-Borrar_penguins_db']) retrieved from /opt/airflow/dags/Borrar_datos.py
[2025-03-27T02:09:52.403+0000] {logging_mixin.py:149} INFO - [2025-03-27T02:09:52.403+0000] {dag.py:2726} INFO - Sync 1 DAGs
[2025-03-27T02:09:52.444+0000] {logging_mixin.py:149} INFO - [2025-03-27T02:09:52.444+0000] {dag.py:3490} INFO - Setting next_dagrun for 1-Borrar_penguins_db to None, run_after=None
[2025-03-27T02:09:52.484+0000] {processor.py:178} INFO - Processing /opt/airflow/dags/Borrar_datos.py took 0.326 seconds
[2025-03-27T02:10:22.635+0000] {processor.py:156} INFO - Started process (PID=114) to work on /opt/airflow/dags/Borrar_datos.py
[2025-03-27T02:10:22.637+0000] {processor.py:799} INFO - Processing file /opt/airflow/dags/Borrar_datos.py for tasks to queue
[2025-03-27T02:10:22.638+0000] {logging_mixin.py:149} INFO - [2025-03-27T02:10:22.638+0000] {dagbag.py:541} INFO - Filling up the DagBag from /opt/airflow/dags/Borrar_datos.py
[2025-03-27T02:10:22.689+0000] {processor.py:809} INFO - DAG(s) dict_keys(['1-Borrar_penguins_db']) retrieved from /opt/airflow/dags/Borrar_datos.py
[2025-03-27T02:10:22.770+0000] {logging_mixin.py:149} INFO - [2025-03-27T02:10:22.769+0000] {dag.py:2726} INFO - Sync 1 DAGs
[2025-03-27T02:10:22.819+0000] {logging_mixin.py:149} INFO - [2025-03-27T02:10:22.819+0000] {dag.py:3490} INFO - Setting next_dagrun for 1-Borrar_penguins_db to None, run_after=None
[2025-03-27T02:10:22.848+0000] {processor.py:178} INFO - Processing /opt/airflow/dags/Borrar_datos.py took 0.219 seconds
[2025-03-27T02:10:53.106+0000] {processor.py:156} INFO - Started process (PID=139) to work on /opt/airflow/dags/Borrar_datos.py
[2025-03-27T02:10:53.108+0000] {processor.py:799} INFO - Processing file /opt/airflow/dags/Borrar_datos.py for tasks to queue
[2025-03-27T02:10:53.110+0000] {logging_mixin.py:149} INFO - [2025-03-27T02:10:53.109+0000] {dagbag.py:541} INFO - Filling up the DagBag from /opt/airflow/dags/Borrar_datos.py
[2025-03-27T02:10:53.126+0000] {processor.py:809} INFO - DAG(s) dict_keys(['1-Borrar_penguins_db']) retrieved from /opt/airflow/dags/Borrar_datos.py
[2025-03-27T02:10:53.173+0000] {logging_mixin.py:149} INFO - [2025-03-27T02:10:53.173+0000] {dag.py:2726} INFO - Sync 1 DAGs
[2025-03-27T02:10:53.212+0000] {logging_mixin.py:149} INFO - [2025-03-27T02:10:53.212+0000] {dag.py:3490} INFO - Setting next_dagrun for 1-Borrar_penguins_db to None, run_after=None
[2025-03-27T02:10:53.244+0000] {processor.py:178} INFO - Processing /opt/airflow/dags/Borrar_datos.py took 0.145 seconds
[2025-03-27T02:11:23.591+0000] {processor.py:156} INFO - Started process (PID=164) to work on /opt/airflow/dags/Borrar_datos.py
[2025-03-27T02:11:23.594+0000] {processor.py:799} INFO - Processing file /opt/airflow/dags/Borrar_datos.py for tasks to queue
[2025-03-27T02:11:23.597+0000] {logging_mixin.py:149} INFO - [2025-03-27T02:11:23.597+0000] {dagbag.py:541} INFO - Filling up the DagBag from /opt/airflow/dags/Borrar_datos.py
[2025-03-27T02:11:23.704+0000] {processor.py:809} INFO - DAG(s) dict_keys(['1-Borrar_penguins_db']) retrieved from /opt/airflow/dags/Borrar_datos.py
[2025-03-27T02:11:23.804+0000] {logging_mixin.py:149} INFO - [2025-03-27T02:11:23.803+0000] {dag.py:2726} INFO - Sync 1 DAGs
[2025-03-27T02:11:23.873+0000] {logging_mixin.py:149} INFO - [2025-03-27T02:11:23.872+0000] {dag.py:3490} INFO - Setting next_dagrun for 1-Borrar_penguins_db to None, run_after=None
[2025-03-27T02:11:23.908+0000] {processor.py:178} INFO - Processing /opt/airflow/dags/Borrar_datos.py took 0.326 seconds
[2025-03-27T02:17:24.116+0000] {processor.py:156} INFO - Started process (PID=113) to work on /opt/airflow/dags/Borrar_datos.py
[2025-03-27T02:17:24.121+0000] {processor.py:799} INFO - Processing file /opt/airflow/dags/Borrar_datos.py for tasks to queue
[2025-03-27T02:17:24.125+0000] {logging_mixin.py:149} INFO - [2025-03-27T02:17:24.125+0000] {dagbag.py:541} INFO - Filling up the DagBag from /opt/airflow/dags/Borrar_datos.py
[2025-03-27T02:17:24.288+0000] {processor.py:809} INFO - DAG(s) dict_keys(['1-Borrar_penguins_db']) retrieved from /opt/airflow/dags/Borrar_datos.py
[2025-03-27T02:17:24.798+0000] {logging_mixin.py:149} INFO - [2025-03-27T02:17:24.798+0000] {dag.py:2726} INFO - Sync 1 DAGs
[2025-03-27T02:17:24.910+0000] {logging_mixin.py:149} INFO - [2025-03-27T02:17:24.907+0000] {dag.py:3490} INFO - Setting next_dagrun for 1-Borrar_penguins_db to None, run_after=None
[2025-03-27T02:17:25.015+0000] {processor.py:178} INFO - Processing /opt/airflow/dags/Borrar_datos.py took 0.925 seconds
[2025-03-27T02:17:55.361+0000] {processor.py:156} INFO - Started process (PID=137) to work on /opt/airflow/dags/Borrar_datos.py
[2025-03-27T02:17:55.365+0000] {processor.py:799} INFO - Processing file /opt/airflow/dags/Borrar_datos.py for tasks to queue
[2025-03-27T02:17:55.366+0000] {logging_mixin.py:149} INFO - [2025-03-27T02:17:55.366+0000] {dagbag.py:541} INFO - Filling up the DagBag from /opt/airflow/dags/Borrar_datos.py
[2025-03-27T02:17:55.451+0000] {processor.py:809} INFO - DAG(s) dict_keys(['1-Borrar_penguins_db']) retrieved from /opt/airflow/dags/Borrar_datos.py
[2025-03-27T02:17:55.549+0000] {logging_mixin.py:149} INFO - [2025-03-27T02:17:55.549+0000] {dag.py:2726} INFO - Sync 1 DAGs
[2025-03-27T02:17:55.606+0000] {logging_mixin.py:149} INFO - [2025-03-27T02:17:55.605+0000] {dag.py:3490} INFO - Setting next_dagrun for 1-Borrar_penguins_db to None, run_after=None
[2025-03-27T02:17:55.637+0000] {processor.py:178} INFO - Processing /opt/airflow/dags/Borrar_datos.py took 0.290 seconds
[2025-03-27T02:18:26.041+0000] {processor.py:156} INFO - Started process (PID=157) to work on /opt/airflow/dags/Borrar_datos.py
[2025-03-27T02:18:26.043+0000] {processor.py:799} INFO - Processing file /opt/airflow/dags/Borrar_datos.py for tasks to queue
[2025-03-27T02:18:26.044+0000] {logging_mixin.py:149} INFO - [2025-03-27T02:18:26.044+0000] {dagbag.py:541} INFO - Filling up the DagBag from /opt/airflow/dags/Borrar_datos.py
[2025-03-27T02:18:26.074+0000] {processor.py:809} INFO - DAG(s) dict_keys(['1-Borrar_penguins_db']) retrieved from /opt/airflow/dags/Borrar_datos.py
[2025-03-27T02:18:26.173+0000] {logging_mixin.py:149} INFO - [2025-03-27T02:18:26.172+0000] {dag.py:2726} INFO - Sync 1 DAGs
[2025-03-27T02:18:26.237+0000] {logging_mixin.py:149} INFO - [2025-03-27T02:18:26.237+0000] {dag.py:3490} INFO - Setting next_dagrun for 1-Borrar_penguins_db to None, run_after=None
[2025-03-27T02:18:26.273+0000] {processor.py:178} INFO - Processing /opt/airflow/dags/Borrar_datos.py took 0.237 seconds
[2025-03-27T02:18:56.900+0000] {processor.py:156} INFO - Started process (PID=186) to work on /opt/airflow/dags/Borrar_datos.py
[2025-03-27T02:18:56.905+0000] {processor.py:799} INFO - Processing file /opt/airflow/dags/Borrar_datos.py for tasks to queue
[2025-03-27T02:18:56.906+0000] {logging_mixin.py:149} INFO - [2025-03-27T02:18:56.906+0000] {dagbag.py:541} INFO - Filling up the DagBag from /opt/airflow/dags/Borrar_datos.py
[2025-03-27T02:18:56.930+0000] {processor.py:809} INFO - DAG(s) dict_keys(['1-Borrar_penguins_db']) retrieved from /opt/airflow/dags/Borrar_datos.py
[2025-03-27T02:18:56.992+0000] {logging_mixin.py:149} INFO - [2025-03-27T02:18:56.991+0000] {dag.py:2726} INFO - Sync 1 DAGs
[2025-03-27T02:18:57.036+0000] {logging_mixin.py:149} INFO - [2025-03-27T02:18:57.035+0000] {dag.py:3490} INFO - Setting next_dagrun for 1-Borrar_penguins_db to None, run_after=None
[2025-03-27T02:18:57.068+0000] {processor.py:178} INFO - Processing /opt/airflow/dags/Borrar_datos.py took 0.177 seconds
[2025-03-27T02:19:28.039+0000] {processor.py:156} INFO - Started process (PID=215) to work on /opt/airflow/dags/Borrar_datos.py
[2025-03-27T02:19:28.043+0000] {processor.py:799} INFO - Processing file /opt/airflow/dags/Borrar_datos.py for tasks to queue
[2025-03-27T02:19:28.046+0000] {logging_mixin.py:149} INFO - [2025-03-27T02:19:28.046+0000] {dagbag.py:541} INFO - Filling up the DagBag from /opt/airflow/dags/Borrar_datos.py
[2025-03-27T02:19:28.069+0000] {processor.py:809} INFO - DAG(s) dict_keys(['1-Borrar_penguins_db']) retrieved from /opt/airflow/dags/Borrar_datos.py
[2025-03-27T02:19:28.133+0000] {logging_mixin.py:149} INFO - [2025-03-27T02:19:28.133+0000] {dag.py:2726} INFO - Sync 1 DAGs
[2025-03-27T02:19:28.176+0000] {logging_mixin.py:149} INFO - [2025-03-27T02:19:28.175+0000] {dag.py:3490} INFO - Setting next_dagrun for 1-Borrar_penguins_db to None, run_after=None
[2025-03-27T02:19:28.214+0000] {processor.py:178} INFO - Processing /opt/airflow/dags/Borrar_datos.py took 0.184 seconds
[2025-03-27T02:19:58.416+0000] {processor.py:156} INFO - Started process (PID=244) to work on /opt/airflow/dags/Borrar_datos.py
[2025-03-27T02:19:58.418+0000] {processor.py:799} INFO - Processing file /opt/airflow/dags/Borrar_datos.py for tasks to queue
[2025-03-27T02:19:58.420+0000] {logging_mixin.py:149} INFO - [2025-03-27T02:19:58.419+0000] {dagbag.py:541} INFO - Filling up the DagBag from /opt/airflow/dags/Borrar_datos.py
[2025-03-27T02:19:58.440+0000] {processor.py:809} INFO - DAG(s) dict_keys(['1-Borrar_penguins_db']) retrieved from /opt/airflow/dags/Borrar_datos.py
[2025-03-27T02:19:58.494+0000] {logging_mixin.py:149} INFO - [2025-03-27T02:19:58.494+0000] {dag.py:2726} INFO - Sync 1 DAGs
[2025-03-27T02:19:58.540+0000] {logging_mixin.py:149} INFO - [2025-03-27T02:19:58.539+0000] {dag.py:3490} INFO - Setting next_dagrun for 1-Borrar_penguins_db to None, run_after=None
[2025-03-27T02:19:58.568+0000] {processor.py:178} INFO - Processing /opt/airflow/dags/Borrar_datos.py took 0.159 seconds
[2025-03-27T02:20:28.813+0000] {processor.py:156} INFO - Started process (PID=273) to work on /opt/airflow/dags/Borrar_datos.py
[2025-03-27T02:20:28.815+0000] {processor.py:799} INFO - Processing file /opt/airflow/dags/Borrar_datos.py for tasks to queue
[2025-03-27T02:20:28.817+0000] {logging_mixin.py:149} INFO - [2025-03-27T02:20:28.816+0000] {dagbag.py:541} INFO - Filling up the DagBag from /opt/airflow/dags/Borrar_datos.py
[2025-03-27T02:20:28.838+0000] {processor.py:809} INFO - DAG(s) dict_keys(['1-Borrar_penguins_db']) retrieved from /opt/airflow/dags/Borrar_datos.py
[2025-03-27T02:20:28.910+0000] {logging_mixin.py:149} INFO - [2025-03-27T02:20:28.910+0000] {dag.py:2726} INFO - Sync 1 DAGs
[2025-03-27T02:20:28.966+0000] {logging_mixin.py:149} INFO - [2025-03-27T02:20:28.965+0000] {dag.py:3490} INFO - Setting next_dagrun for 1-Borrar_penguins_db to None, run_after=None
[2025-03-27T02:20:29.008+0000] {processor.py:178} INFO - Processing /opt/airflow/dags/Borrar_datos.py took 0.202 seconds
[2025-03-27T02:20:59.681+0000] {processor.py:156} INFO - Started process (PID=302) to work on /opt/airflow/dags/Borrar_datos.py
[2025-03-27T02:20:59.683+0000] {processor.py:799} INFO - Processing file /opt/airflow/dags/Borrar_datos.py for tasks to queue
[2025-03-27T02:20:59.684+0000] {logging_mixin.py:149} INFO - [2025-03-27T02:20:59.684+0000] {dagbag.py:541} INFO - Filling up the DagBag from /opt/airflow/dags/Borrar_datos.py
[2025-03-27T02:20:59.703+0000] {processor.py:809} INFO - DAG(s) dict_keys(['1-Borrar_penguins_db']) retrieved from /opt/airflow/dags/Borrar_datos.py
[2025-03-27T02:20:59.758+0000] {logging_mixin.py:149} INFO - [2025-03-27T02:20:59.758+0000] {dag.py:2726} INFO - Sync 1 DAGs
[2025-03-27T02:20:59.806+0000] {logging_mixin.py:149} INFO - [2025-03-27T02:20:59.805+0000] {dag.py:3490} INFO - Setting next_dagrun for 1-Borrar_penguins_db to None, run_after=None
[2025-03-27T02:20:59.851+0000] {processor.py:178} INFO - Processing /opt/airflow/dags/Borrar_datos.py took 0.176 seconds
[2025-03-27T02:21:29.947+0000] {processor.py:156} INFO - Started process (PID=331) to work on /opt/airflow/dags/Borrar_datos.py
[2025-03-27T02:21:29.949+0000] {processor.py:799} INFO - Processing file /opt/airflow/dags/Borrar_datos.py for tasks to queue
[2025-03-27T02:21:29.950+0000] {logging_mixin.py:149} INFO - [2025-03-27T02:21:29.950+0000] {dagbag.py:541} INFO - Filling up the DagBag from /opt/airflow/dags/Borrar_datos.py
[2025-03-27T02:21:29.970+0000] {processor.py:809} INFO - DAG(s) dict_keys(['1-Borrar_penguins_db']) retrieved from /opt/airflow/dags/Borrar_datos.py
[2025-03-27T02:21:30.019+0000] {logging_mixin.py:149} INFO - [2025-03-27T02:21:30.019+0000] {dag.py:2726} INFO - Sync 1 DAGs
[2025-03-27T02:21:30.062+0000] {logging_mixin.py:149} INFO - [2025-03-27T02:21:30.062+0000] {dag.py:3490} INFO - Setting next_dagrun for 1-Borrar_penguins_db to None, run_after=None
[2025-03-27T02:21:30.096+0000] {processor.py:178} INFO - Processing /opt/airflow/dags/Borrar_datos.py took 0.155 seconds
[2025-03-27T02:22:00.658+0000] {processor.py:156} INFO - Started process (PID=360) to work on /opt/airflow/dags/Borrar_datos.py
[2025-03-27T02:22:00.660+0000] {processor.py:799} INFO - Processing file /opt/airflow/dags/Borrar_datos.py for tasks to queue
[2025-03-27T02:22:00.662+0000] {logging_mixin.py:149} INFO - [2025-03-27T02:22:00.661+0000] {dagbag.py:541} INFO - Filling up the DagBag from /opt/airflow/dags/Borrar_datos.py
[2025-03-27T02:22:00.681+0000] {processor.py:809} INFO - DAG(s) dict_keys(['1-Borrar_penguins_db']) retrieved from /opt/airflow/dags/Borrar_datos.py
[2025-03-27T02:22:00.728+0000] {logging_mixin.py:149} INFO - [2025-03-27T02:22:00.728+0000] {dag.py:2726} INFO - Sync 1 DAGs
[2025-03-27T02:22:00.770+0000] {logging_mixin.py:149} INFO - [2025-03-27T02:22:00.769+0000] {dag.py:3490} INFO - Setting next_dagrun for 1-Borrar_penguins_db to None, run_after=None
[2025-03-27T02:22:00.800+0000] {processor.py:178} INFO - Processing /opt/airflow/dags/Borrar_datos.py took 0.148 seconds
[2025-03-27T02:22:30.922+0000] {processor.py:156} INFO - Started process (PID=385) to work on /opt/airflow/dags/Borrar_datos.py
[2025-03-27T02:22:30.924+0000] {processor.py:799} INFO - Processing file /opt/airflow/dags/Borrar_datos.py for tasks to queue
[2025-03-27T02:22:30.925+0000] {logging_mixin.py:149} INFO - [2025-03-27T02:22:30.925+0000] {dagbag.py:541} INFO - Filling up the DagBag from /opt/airflow/dags/Borrar_datos.py
[2025-03-27T02:22:30.952+0000] {processor.py:809} INFO - DAG(s) dict_keys(['1-Borrar_penguins_db']) retrieved from /opt/airflow/dags/Borrar_datos.py
[2025-03-27T02:22:31.067+0000] {logging_mixin.py:149} INFO - [2025-03-27T02:22:31.066+0000] {dag.py:2726} INFO - Sync 1 DAGs
[2025-03-27T02:22:31.118+0000] {logging_mixin.py:149} INFO - [2025-03-27T02:22:31.118+0000] {dag.py:3490} INFO - Setting next_dagrun for 1-Borrar_penguins_db to None, run_after=None
[2025-03-27T02:22:31.163+0000] {processor.py:178} INFO - Processing /opt/airflow/dags/Borrar_datos.py took 0.249 seconds
[2025-03-27T02:23:01.414+0000] {processor.py:156} INFO - Started process (PID=413) to work on /opt/airflow/dags/Borrar_datos.py
[2025-03-27T02:23:01.416+0000] {processor.py:799} INFO - Processing file /opt/airflow/dags/Borrar_datos.py for tasks to queue
[2025-03-27T02:23:01.417+0000] {logging_mixin.py:149} INFO - [2025-03-27T02:23:01.417+0000] {dagbag.py:541} INFO - Filling up the DagBag from /opt/airflow/dags/Borrar_datos.py
[2025-03-27T02:23:01.437+0000] {processor.py:809} INFO - DAG(s) dict_keys(['1-Borrar_penguins_db']) retrieved from /opt/airflow/dags/Borrar_datos.py
[2025-03-27T02:23:01.494+0000] {logging_mixin.py:149} INFO - [2025-03-27T02:23:01.494+0000] {dag.py:2726} INFO - Sync 1 DAGs
[2025-03-27T02:23:01.539+0000] {logging_mixin.py:149} INFO - [2025-03-27T02:23:01.539+0000] {dag.py:3490} INFO - Setting next_dagrun for 1-Borrar_penguins_db to None, run_after=None
[2025-03-27T02:23:01.575+0000] {processor.py:178} INFO - Processing /opt/airflow/dags/Borrar_datos.py took 0.168 seconds
[2025-03-27T02:25:13.890+0000] {processor.py:156} INFO - Started process (PID=94) to work on /opt/airflow/dags/Borrar_datos.py
[2025-03-27T02:25:13.899+0000] {processor.py:799} INFO - Processing file /opt/airflow/dags/Borrar_datos.py for tasks to queue
[2025-03-27T02:25:13.902+0000] {logging_mixin.py:149} INFO - [2025-03-27T02:25:13.901+0000] {dagbag.py:541} INFO - Filling up the DagBag from /opt/airflow/dags/Borrar_datos.py
[2025-03-27T02:25:14.029+0000] {processor.py:809} INFO - DAG(s) dict_keys(['1-Borrar_penguins_db']) retrieved from /opt/airflow/dags/Borrar_datos.py
[2025-03-27T02:25:14.549+0000] {logging_mixin.py:149} INFO - [2025-03-27T02:25:14.549+0000] {dag.py:2726} INFO - Sync 1 DAGs
[2025-03-27T02:25:14.658+0000] {logging_mixin.py:149} INFO - [2025-03-27T02:25:14.657+0000] {dag.py:3490} INFO - Setting next_dagrun for 1-Borrar_penguins_db to None, run_after=None
[2025-03-27T02:25:14.761+0000] {processor.py:178} INFO - Processing /opt/airflow/dags/Borrar_datos.py took 0.926 seconds
[2025-03-27T02:25:44.903+0000] {processor.py:156} INFO - Started process (PID=117) to work on /opt/airflow/dags/Borrar_datos.py
[2025-03-27T02:25:44.905+0000] {processor.py:799} INFO - Processing file /opt/airflow/dags/Borrar_datos.py for tasks to queue
[2025-03-27T02:25:44.907+0000] {logging_mixin.py:149} INFO - [2025-03-27T02:25:44.906+0000] {dagbag.py:541} INFO - Filling up the DagBag from /opt/airflow/dags/Borrar_datos.py
[2025-03-27T02:25:44.924+0000] {processor.py:809} INFO - DAG(s) dict_keys(['1-Borrar_penguins_db']) retrieved from /opt/airflow/dags/Borrar_datos.py
[2025-03-27T02:25:45.000+0000] {logging_mixin.py:149} INFO - [2025-03-27T02:25:45.000+0000] {dag.py:2726} INFO - Sync 1 DAGs
[2025-03-27T02:25:45.057+0000] {logging_mixin.py:149} INFO - [2025-03-27T02:25:45.057+0000] {dag.py:3490} INFO - Setting next_dagrun for 1-Borrar_penguins_db to None, run_after=None
[2025-03-27T02:25:45.087+0000] {processor.py:178} INFO - Processing /opt/airflow/dags/Borrar_datos.py took 0.190 seconds
[2025-03-27T02:26:15.636+0000] {processor.py:156} INFO - Started process (PID=139) to work on /opt/airflow/dags/Borrar_datos.py
[2025-03-27T02:26:15.641+0000] {processor.py:799} INFO - Processing file /opt/airflow/dags/Borrar_datos.py for tasks to queue
[2025-03-27T02:26:15.643+0000] {logging_mixin.py:149} INFO - [2025-03-27T02:26:15.642+0000] {dagbag.py:541} INFO - Filling up the DagBag from /opt/airflow/dags/Borrar_datos.py
[2025-03-27T02:26:15.671+0000] {processor.py:809} INFO - DAG(s) dict_keys(['1-Borrar_penguins_db']) retrieved from /opt/airflow/dags/Borrar_datos.py
[2025-03-27T02:26:15.778+0000] {logging_mixin.py:149} INFO - [2025-03-27T02:26:15.777+0000] {dag.py:2726} INFO - Sync 1 DAGs
[2025-03-27T02:26:15.816+0000] {logging_mixin.py:149} INFO - [2025-03-27T02:26:15.816+0000] {dag.py:3490} INFO - Setting next_dagrun for 1-Borrar_penguins_db to None, run_after=None
[2025-03-27T02:26:15.844+0000] {processor.py:178} INFO - Processing /opt/airflow/dags/Borrar_datos.py took 0.225 seconds
[2025-03-27T02:26:46.193+0000] {processor.py:156} INFO - Started process (PID=167) to work on /opt/airflow/dags/Borrar_datos.py
[2025-03-27T02:26:46.195+0000] {processor.py:799} INFO - Processing file /opt/airflow/dags/Borrar_datos.py for tasks to queue
[2025-03-27T02:26:46.196+0000] {logging_mixin.py:149} INFO - [2025-03-27T02:26:46.195+0000] {dagbag.py:541} INFO - Filling up the DagBag from /opt/airflow/dags/Borrar_datos.py
[2025-03-27T02:26:46.211+0000] {processor.py:809} INFO - DAG(s) dict_keys(['1-Borrar_penguins_db']) retrieved from /opt/airflow/dags/Borrar_datos.py
[2025-03-27T02:26:46.265+0000] {logging_mixin.py:149} INFO - [2025-03-27T02:26:46.264+0000] {dag.py:2726} INFO - Sync 1 DAGs
[2025-03-27T02:26:46.309+0000] {logging_mixin.py:149} INFO - [2025-03-27T02:26:46.309+0000] {dag.py:3490} INFO - Setting next_dagrun for 1-Borrar_penguins_db to None, run_after=None
[2025-03-27T02:26:46.343+0000] {processor.py:178} INFO - Processing /opt/airflow/dags/Borrar_datos.py took 0.157 seconds
[2025-03-27T02:27:16.607+0000] {processor.py:156} INFO - Started process (PID=192) to work on /opt/airflow/dags/Borrar_datos.py
[2025-03-27T02:27:16.610+0000] {processor.py:799} INFO - Processing file /opt/airflow/dags/Borrar_datos.py for tasks to queue
[2025-03-27T02:27:16.611+0000] {logging_mixin.py:149} INFO - [2025-03-27T02:27:16.611+0000] {dagbag.py:541} INFO - Filling up the DagBag from /opt/airflow/dags/Borrar_datos.py
[2025-03-27T02:27:16.663+0000] {processor.py:809} INFO - DAG(s) dict_keys(['1-Borrar_penguins_db']) retrieved from /opt/airflow/dags/Borrar_datos.py
[2025-03-27T02:27:16.751+0000] {logging_mixin.py:149} INFO - [2025-03-27T02:27:16.751+0000] {dag.py:2726} INFO - Sync 1 DAGs
[2025-03-27T02:27:17.010+0000] {logging_mixin.py:149} INFO - [2025-03-27T02:27:17.010+0000] {dag.py:3490} INFO - Setting next_dagrun for 1-Borrar_penguins_db to None, run_after=None
[2025-03-27T02:27:17.037+0000] {processor.py:178} INFO - Processing /opt/airflow/dags/Borrar_datos.py took 0.440 seconds
[2025-03-27T02:27:47.251+0000] {processor.py:156} INFO - Started process (PID=220) to work on /opt/airflow/dags/Borrar_datos.py
[2025-03-27T02:27:47.253+0000] {processor.py:799} INFO - Processing file /opt/airflow/dags/Borrar_datos.py for tasks to queue
[2025-03-27T02:27:47.254+0000] {logging_mixin.py:149} INFO - [2025-03-27T02:27:47.254+0000] {dagbag.py:541} INFO - Filling up the DagBag from /opt/airflow/dags/Borrar_datos.py
[2025-03-27T02:27:47.271+0000] {processor.py:809} INFO - DAG(s) dict_keys(['1-Borrar_penguins_db']) retrieved from /opt/airflow/dags/Borrar_datos.py
[2025-03-27T02:27:47.523+0000] {logging_mixin.py:149} INFO - [2025-03-27T02:27:47.522+0000] {dag.py:2726} INFO - Sync 1 DAGs
[2025-03-27T02:27:47.560+0000] {logging_mixin.py:149} INFO - [2025-03-27T02:27:47.560+0000] {dag.py:3490} INFO - Setting next_dagrun for 1-Borrar_penguins_db to None, run_after=None
[2025-03-27T02:27:47.590+0000] {processor.py:178} INFO - Processing /opt/airflow/dags/Borrar_datos.py took 0.344 seconds
[2025-03-27T02:28:18.040+0000] {processor.py:156} INFO - Started process (PID=249) to work on /opt/airflow/dags/Borrar_datos.py
[2025-03-27T02:28:18.043+0000] {processor.py:799} INFO - Processing file /opt/airflow/dags/Borrar_datos.py for tasks to queue
[2025-03-27T02:28:18.045+0000] {logging_mixin.py:149} INFO - [2025-03-27T02:28:18.045+0000] {dagbag.py:541} INFO - Filling up the DagBag from /opt/airflow/dags/Borrar_datos.py
[2025-03-27T02:28:18.082+0000] {processor.py:809} INFO - DAG(s) dict_keys(['1-Borrar_penguins_db']) retrieved from /opt/airflow/dags/Borrar_datos.py
[2025-03-27T02:28:18.146+0000] {logging_mixin.py:149} INFO - [2025-03-27T02:28:18.145+0000] {dag.py:2726} INFO - Sync 1 DAGs
[2025-03-27T02:28:18.196+0000] {logging_mixin.py:149} INFO - [2025-03-27T02:28:18.195+0000] {dag.py:3490} INFO - Setting next_dagrun for 1-Borrar_penguins_db to None, run_after=None
[2025-03-27T02:28:18.223+0000] {processor.py:178} INFO - Processing /opt/airflow/dags/Borrar_datos.py took 0.191 seconds
[2025-03-27T02:34:40.143+0000] {processor.py:156} INFO - Started process (PID=98) to work on /opt/airflow/dags/Borrar_datos.py
[2025-03-27T02:34:40.153+0000] {processor.py:799} INFO - Processing file /opt/airflow/dags/Borrar_datos.py for tasks to queue
[2025-03-27T02:34:40.158+0000] {logging_mixin.py:149} INFO - [2025-03-27T02:34:40.158+0000] {dagbag.py:541} INFO - Filling up the DagBag from /opt/airflow/dags/Borrar_datos.py
[2025-03-27T02:34:40.237+0000] {processor.py:809} INFO - DAG(s) dict_keys(['1-Borrar_penguins_db']) retrieved from /opt/airflow/dags/Borrar_datos.py
[2025-03-27T02:34:40.616+0000] {logging_mixin.py:149} INFO - [2025-03-27T02:34:40.616+0000] {dag.py:2726} INFO - Sync 1 DAGs
[2025-03-27T02:34:40.727+0000] {logging_mixin.py:149} INFO - [2025-03-27T02:34:40.725+0000] {dag.py:3490} INFO - Setting next_dagrun for 1-Borrar_penguins_db to None, run_after=None
[2025-03-27T02:34:40.851+0000] {processor.py:178} INFO - Processing /opt/airflow/dags/Borrar_datos.py took 0.740 seconds
[2025-03-27T02:35:11.016+0000] {processor.py:156} INFO - Started process (PID=115) to work on /opt/airflow/dags/Borrar_datos.py
[2025-03-27T02:35:11.018+0000] {processor.py:799} INFO - Processing file /opt/airflow/dags/Borrar_datos.py for tasks to queue
[2025-03-27T02:35:11.019+0000] {logging_mixin.py:149} INFO - [2025-03-27T02:35:11.019+0000] {dagbag.py:541} INFO - Filling up the DagBag from /opt/airflow/dags/Borrar_datos.py
[2025-03-27T02:35:11.043+0000] {processor.py:809} INFO - DAG(s) dict_keys(['1-Borrar_penguins_db']) retrieved from /opt/airflow/dags/Borrar_datos.py
[2025-03-27T02:35:11.120+0000] {logging_mixin.py:149} INFO - [2025-03-27T02:35:11.120+0000] {dag.py:2726} INFO - Sync 1 DAGs
[2025-03-27T02:35:11.169+0000] {logging_mixin.py:149} INFO - [2025-03-27T02:35:11.169+0000] {dag.py:3490} INFO - Setting next_dagrun for 1-Borrar_penguins_db to None, run_after=None
[2025-03-27T02:35:11.211+0000] {processor.py:178} INFO - Processing /opt/airflow/dags/Borrar_datos.py took 0.202 seconds
[2025-03-27T02:35:41.480+0000] {processor.py:156} INFO - Started process (PID=140) to work on /opt/airflow/dags/Borrar_datos.py
[2025-03-27T02:35:41.484+0000] {processor.py:799} INFO - Processing file /opt/airflow/dags/Borrar_datos.py for tasks to queue
[2025-03-27T02:35:41.487+0000] {logging_mixin.py:149} INFO - [2025-03-27T02:35:41.486+0000] {dagbag.py:541} INFO - Filling up the DagBag from /opt/airflow/dags/Borrar_datos.py
[2025-03-27T02:35:41.507+0000] {processor.py:809} INFO - DAG(s) dict_keys(['1-Borrar_penguins_db']) retrieved from /opt/airflow/dags/Borrar_datos.py
[2025-03-27T02:35:41.566+0000] {logging_mixin.py:149} INFO - [2025-03-27T02:35:41.566+0000] {dag.py:2726} INFO - Sync 1 DAGs
[2025-03-27T02:35:41.606+0000] {logging_mixin.py:149} INFO - [2025-03-27T02:35:41.605+0000] {dag.py:3490} INFO - Setting next_dagrun for 1-Borrar_penguins_db to None, run_after=None
[2025-03-27T02:35:41.636+0000] {processor.py:178} INFO - Processing /opt/airflow/dags/Borrar_datos.py took 0.163 seconds
[2025-03-27T02:36:11.713+0000] {processor.py:156} INFO - Started process (PID=169) to work on /opt/airflow/dags/Borrar_datos.py
[2025-03-27T02:36:11.715+0000] {processor.py:799} INFO - Processing file /opt/airflow/dags/Borrar_datos.py for tasks to queue
[2025-03-27T02:36:11.717+0000] {logging_mixin.py:149} INFO - [2025-03-27T02:36:11.717+0000] {dagbag.py:541} INFO - Filling up the DagBag from /opt/airflow/dags/Borrar_datos.py
[2025-03-27T02:36:11.735+0000] {processor.py:809} INFO - DAG(s) dict_keys(['1-Borrar_penguins_db']) retrieved from /opt/airflow/dags/Borrar_datos.py
[2025-03-27T02:36:11.800+0000] {logging_mixin.py:149} INFO - [2025-03-27T02:36:11.800+0000] {dag.py:2726} INFO - Sync 1 DAGs
[2025-03-27T02:36:11.839+0000] {logging_mixin.py:149} INFO - [2025-03-27T02:36:11.839+0000] {dag.py:3490} INFO - Setting next_dagrun for 1-Borrar_penguins_db to None, run_after=None
[2025-03-27T02:36:11.874+0000] {processor.py:178} INFO - Processing /opt/airflow/dags/Borrar_datos.py took 0.167 seconds
[2025-03-27T02:36:42.187+0000] {processor.py:156} INFO - Started process (PID=197) to work on /opt/airflow/dags/Borrar_datos.py
[2025-03-27T02:36:42.190+0000] {processor.py:799} INFO - Processing file /opt/airflow/dags/Borrar_datos.py for tasks to queue
[2025-03-27T02:36:42.192+0000] {logging_mixin.py:149} INFO - [2025-03-27T02:36:42.191+0000] {dagbag.py:541} INFO - Filling up the DagBag from /opt/airflow/dags/Borrar_datos.py
[2025-03-27T02:36:42.209+0000] {processor.py:809} INFO - DAG(s) dict_keys(['1-Borrar_penguins_db']) retrieved from /opt/airflow/dags/Borrar_datos.py
[2025-03-27T02:36:42.276+0000] {logging_mixin.py:149} INFO - [2025-03-27T02:36:42.275+0000] {dag.py:2726} INFO - Sync 1 DAGs
[2025-03-27T02:36:42.518+0000] {logging_mixin.py:149} INFO - [2025-03-27T02:36:42.518+0000] {dag.py:3490} INFO - Setting next_dagrun for 1-Borrar_penguins_db to None, run_after=None
[2025-03-27T02:36:42.551+0000] {processor.py:178} INFO - Processing /opt/airflow/dags/Borrar_datos.py took 0.370 seconds
[2025-03-27T02:37:13.165+0000] {processor.py:156} INFO - Started process (PID=226) to work on /opt/airflow/dags/Borrar_datos.py
[2025-03-27T02:37:13.167+0000] {processor.py:799} INFO - Processing file /opt/airflow/dags/Borrar_datos.py for tasks to queue
[2025-03-27T02:37:13.169+0000] {logging_mixin.py:149} INFO - [2025-03-27T02:37:13.168+0000] {dagbag.py:541} INFO - Filling up the DagBag from /opt/airflow/dags/Borrar_datos.py
[2025-03-27T02:37:13.189+0000] {processor.py:809} INFO - DAG(s) dict_keys(['1-Borrar_penguins_db']) retrieved from /opt/airflow/dags/Borrar_datos.py
[2025-03-27T02:37:13.421+0000] {logging_mixin.py:149} INFO - [2025-03-27T02:37:13.421+0000] {dag.py:2726} INFO - Sync 1 DAGs
[2025-03-27T02:37:13.457+0000] {logging_mixin.py:149} INFO - [2025-03-27T02:37:13.456+0000] {dag.py:3490} INFO - Setting next_dagrun for 1-Borrar_penguins_db to None, run_after=None
[2025-03-27T02:37:13.486+0000] {processor.py:178} INFO - Processing /opt/airflow/dags/Borrar_datos.py took 0.328 seconds
[2025-03-27T02:37:43.682+0000] {processor.py:156} INFO - Started process (PID=255) to work on /opt/airflow/dags/Borrar_datos.py
[2025-03-27T02:37:43.684+0000] {processor.py:799} INFO - Processing file /opt/airflow/dags/Borrar_datos.py for tasks to queue
[2025-03-27T02:37:43.685+0000] {logging_mixin.py:149} INFO - [2025-03-27T02:37:43.685+0000] {dagbag.py:541} INFO - Filling up the DagBag from /opt/airflow/dags/Borrar_datos.py
[2025-03-27T02:37:43.702+0000] {processor.py:809} INFO - DAG(s) dict_keys(['1-Borrar_penguins_db']) retrieved from /opt/airflow/dags/Borrar_datos.py
[2025-03-27T02:37:43.757+0000] {logging_mixin.py:149} INFO - [2025-03-27T02:37:43.757+0000] {dag.py:2726} INFO - Sync 1 DAGs
[2025-03-27T02:37:43.804+0000] {logging_mixin.py:149} INFO - [2025-03-27T02:37:43.803+0000] {dag.py:3490} INFO - Setting next_dagrun for 1-Borrar_penguins_db to None, run_after=None
[2025-03-27T02:37:43.851+0000] {processor.py:178} INFO - Processing /opt/airflow/dags/Borrar_datos.py took 0.177 seconds
[2025-03-27T02:47:30.420+0000] {processor.py:156} INFO - Started process (PID=118) to work on /opt/airflow/dags/Borrar_datos.py
[2025-03-27T02:47:30.424+0000] {processor.py:799} INFO - Processing file /opt/airflow/dags/Borrar_datos.py for tasks to queue
[2025-03-27T02:47:30.430+0000] {logging_mixin.py:149} INFO - [2025-03-27T02:47:30.430+0000] {dagbag.py:541} INFO - Filling up the DagBag from /opt/airflow/dags/Borrar_datos.py
[2025-03-27T02:47:30.502+0000] {processor.py:809} INFO - DAG(s) dict_keys(['1-Borrar_penguins_db']) retrieved from /opt/airflow/dags/Borrar_datos.py
[2025-03-27T02:47:30.881+0000] {logging_mixin.py:149} INFO - [2025-03-27T02:47:30.881+0000] {dag.py:2726} INFO - Sync 1 DAGs
[2025-03-27T02:47:30.959+0000] {logging_mixin.py:149} INFO - [2025-03-27T02:47:30.959+0000] {dag.py:3490} INFO - Setting next_dagrun for 1-Borrar_penguins_db to None, run_after=None
[2025-03-27T02:47:31.034+0000] {processor.py:178} INFO - Processing /opt/airflow/dags/Borrar_datos.py took 0.636 seconds
[2025-03-27T02:48:01.093+0000] {processor.py:156} INFO - Started process (PID=139) to work on /opt/airflow/dags/Borrar_datos.py
[2025-03-27T02:48:01.096+0000] {processor.py:799} INFO - Processing file /opt/airflow/dags/Borrar_datos.py for tasks to queue
[2025-03-27T02:48:01.100+0000] {logging_mixin.py:149} INFO - [2025-03-27T02:48:01.099+0000] {dagbag.py:541} INFO - Filling up the DagBag from /opt/airflow/dags/Borrar_datos.py
[2025-03-27T02:48:01.119+0000] {processor.py:809} INFO - DAG(s) dict_keys(['1-Borrar_penguins_db']) retrieved from /opt/airflow/dags/Borrar_datos.py
[2025-03-27T02:48:01.212+0000] {logging_mixin.py:149} INFO - [2025-03-27T02:48:01.212+0000] {dag.py:2726} INFO - Sync 1 DAGs
[2025-03-27T02:48:01.254+0000] {logging_mixin.py:149} INFO - [2025-03-27T02:48:01.253+0000] {dag.py:3490} INFO - Setting next_dagrun for 1-Borrar_penguins_db to None, run_after=None
[2025-03-27T02:48:01.290+0000] {processor.py:178} INFO - Processing /opt/airflow/dags/Borrar_datos.py took 0.203 seconds
[2025-03-27T02:48:31.534+0000] {processor.py:156} INFO - Started process (PID=160) to work on /opt/airflow/dags/Borrar_datos.py
[2025-03-27T02:48:31.537+0000] {processor.py:799} INFO - Processing file /opt/airflow/dags/Borrar_datos.py for tasks to queue
[2025-03-27T02:48:31.539+0000] {logging_mixin.py:149} INFO - [2025-03-27T02:48:31.538+0000] {dagbag.py:541} INFO - Filling up the DagBag from /opt/airflow/dags/Borrar_datos.py
[2025-03-27T02:48:31.559+0000] {processor.py:809} INFO - DAG(s) dict_keys(['1-Borrar_penguins_db']) retrieved from /opt/airflow/dags/Borrar_datos.py
[2025-03-27T02:48:31.613+0000] {logging_mixin.py:149} INFO - [2025-03-27T02:48:31.612+0000] {dag.py:2726} INFO - Sync 1 DAGs
[2025-03-27T02:48:31.664+0000] {logging_mixin.py:149} INFO - [2025-03-27T02:48:31.664+0000] {dag.py:3490} INFO - Setting next_dagrun for 1-Borrar_penguins_db to None, run_after=None
[2025-03-27T02:48:31.696+0000] {processor.py:178} INFO - Processing /opt/airflow/dags/Borrar_datos.py took 0.169 seconds
[2025-03-27T02:49:02.579+0000] {processor.py:156} INFO - Started process (PID=193) to work on /opt/airflow/dags/Borrar_datos.py
[2025-03-27T02:49:02.582+0000] {processor.py:799} INFO - Processing file /opt/airflow/dags/Borrar_datos.py for tasks to queue
[2025-03-27T02:49:02.583+0000] {logging_mixin.py:149} INFO - [2025-03-27T02:49:02.583+0000] {dagbag.py:541} INFO - Filling up the DagBag from /opt/airflow/dags/Borrar_datos.py
[2025-03-27T02:49:02.603+0000] {processor.py:809} INFO - DAG(s) dict_keys(['1-Borrar_penguins_db']) retrieved from /opt/airflow/dags/Borrar_datos.py
[2025-03-27T02:49:02.674+0000] {logging_mixin.py:149} INFO - [2025-03-27T02:49:02.674+0000] {dag.py:2726} INFO - Sync 1 DAGs
[2025-03-27T02:49:02.714+0000] {logging_mixin.py:149} INFO - [2025-03-27T02:49:02.714+0000] {dag.py:3490} INFO - Setting next_dagrun for 1-Borrar_penguins_db to None, run_after=None
[2025-03-27T02:49:02.754+0000] {processor.py:178} INFO - Processing /opt/airflow/dags/Borrar_datos.py took 0.183 seconds
[2025-03-27T02:49:32.845+0000] {processor.py:156} INFO - Started process (PID=222) to work on /opt/airflow/dags/Borrar_datos.py
[2025-03-27T02:49:32.850+0000] {processor.py:799} INFO - Processing file /opt/airflow/dags/Borrar_datos.py for tasks to queue
[2025-03-27T02:49:32.855+0000] {logging_mixin.py:149} INFO - [2025-03-27T02:49:32.855+0000] {dagbag.py:541} INFO - Filling up the DagBag from /opt/airflow/dags/Borrar_datos.py
[2025-03-27T02:49:32.920+0000] {processor.py:809} INFO - DAG(s) dict_keys(['1-Borrar_penguins_db']) retrieved from /opt/airflow/dags/Borrar_datos.py
[2025-03-27T02:49:33.033+0000] {logging_mixin.py:149} INFO - [2025-03-27T02:49:33.033+0000] {dag.py:2726} INFO - Sync 1 DAGs
[2025-03-27T02:49:33.113+0000] {logging_mixin.py:149} INFO - [2025-03-27T02:49:33.113+0000] {dag.py:3490} INFO - Setting next_dagrun for 1-Borrar_penguins_db to None, run_after=None
[2025-03-27T02:49:33.180+0000] {processor.py:178} INFO - Processing /opt/airflow/dags/Borrar_datos.py took 0.352 seconds
[2025-03-27T02:50:03.309+0000] {processor.py:156} INFO - Started process (PID=256) to work on /opt/airflow/dags/Borrar_datos.py
[2025-03-27T02:50:03.319+0000] {processor.py:799} INFO - Processing file /opt/airflow/dags/Borrar_datos.py for tasks to queue
[2025-03-27T02:50:03.331+0000] {logging_mixin.py:149} INFO - [2025-03-27T02:50:03.326+0000] {dagbag.py:541} INFO - Filling up the DagBag from /opt/airflow/dags/Borrar_datos.py
[2025-03-27T02:50:03.434+0000] {processor.py:809} INFO - DAG(s) dict_keys(['1-Borrar_penguins_db']) retrieved from /opt/airflow/dags/Borrar_datos.py
[2025-03-27T02:50:03.705+0000] {logging_mixin.py:149} INFO - [2025-03-27T02:50:03.705+0000] {dag.py:2726} INFO - Sync 1 DAGs
[2025-03-27T02:50:03.893+0000] {logging_mixin.py:149} INFO - [2025-03-27T02:50:03.893+0000] {dag.py:3490} INFO - Setting next_dagrun for 1-Borrar_penguins_db to None, run_after=None
[2025-03-27T02:50:03.993+0000] {processor.py:178} INFO - Processing /opt/airflow/dags/Borrar_datos.py took 0.715 seconds
[2025-03-27T02:50:34.322+0000] {processor.py:156} INFO - Started process (PID=287) to work on /opt/airflow/dags/Borrar_datos.py
[2025-03-27T02:50:34.326+0000] {processor.py:799} INFO - Processing file /opt/airflow/dags/Borrar_datos.py for tasks to queue
[2025-03-27T02:50:34.330+0000] {logging_mixin.py:149} INFO - [2025-03-27T02:50:34.330+0000] {dagbag.py:541} INFO - Filling up the DagBag from /opt/airflow/dags/Borrar_datos.py
[2025-03-27T02:50:34.397+0000] {processor.py:809} INFO - DAG(s) dict_keys(['1-Borrar_penguins_db']) retrieved from /opt/airflow/dags/Borrar_datos.py
[2025-03-27T02:50:34.645+0000] {logging_mixin.py:149} INFO - [2025-03-27T02:50:34.643+0000] {dag.py:2726} INFO - Sync 1 DAGs
[2025-03-27T02:50:34.774+0000] {logging_mixin.py:149} INFO - [2025-03-27T02:50:34.774+0000] {dag.py:3490} INFO - Setting next_dagrun for 1-Borrar_penguins_db to None, run_after=None
[2025-03-27T02:50:34.893+0000] {processor.py:178} INFO - Processing /opt/airflow/dags/Borrar_datos.py took 0.589 seconds
[2025-03-27T02:51:05.166+0000] {processor.py:156} INFO - Started process (PID=324) to work on /opt/airflow/dags/Borrar_datos.py
[2025-03-27T02:51:05.177+0000] {processor.py:799} INFO - Processing file /opt/airflow/dags/Borrar_datos.py for tasks to queue
[2025-03-27T02:51:05.180+0000] {logging_mixin.py:149} INFO - [2025-03-27T02:51:05.180+0000] {dagbag.py:541} INFO - Filling up the DagBag from /opt/airflow/dags/Borrar_datos.py
[2025-03-27T02:51:05.224+0000] {processor.py:809} INFO - DAG(s) dict_keys(['1-Borrar_penguins_db']) retrieved from /opt/airflow/dags/Borrar_datos.py
[2025-03-27T02:51:05.365+0000] {logging_mixin.py:149} INFO - [2025-03-27T02:51:05.364+0000] {dag.py:2726} INFO - Sync 1 DAGs
[2025-03-27T02:51:05.496+0000] {logging_mixin.py:149} INFO - [2025-03-27T02:51:05.492+0000] {dag.py:3490} INFO - Setting next_dagrun for 1-Borrar_penguins_db to None, run_after=None
[2025-03-27T02:51:05.602+0000] {processor.py:178} INFO - Processing /opt/airflow/dags/Borrar_datos.py took 0.456 seconds
[2025-03-27T02:51:38.151+0000] {processor.py:156} INFO - Started process (PID=357) to work on /opt/airflow/dags/Borrar_datos.py
[2025-03-27T02:51:38.175+0000] {processor.py:799} INFO - Processing file /opt/airflow/dags/Borrar_datos.py for tasks to queue
[2025-03-27T02:51:38.190+0000] {logging_mixin.py:149} INFO - [2025-03-27T02:51:38.190+0000] {dagbag.py:541} INFO - Filling up the DagBag from /opt/airflow/dags/Borrar_datos.py
[2025-03-27T02:51:38.400+0000] {processor.py:809} INFO - DAG(s) dict_keys(['1-Borrar_penguins_db']) retrieved from /opt/airflow/dags/Borrar_datos.py
[2025-03-27T02:51:38.757+0000] {logging_mixin.py:149} INFO - [2025-03-27T02:51:38.752+0000] {dag.py:2726} INFO - Sync 1 DAGs
[2025-03-27T02:51:39.179+0000] {logging_mixin.py:149} INFO - [2025-03-27T02:51:39.179+0000] {dag.py:3490} INFO - Setting next_dagrun for 1-Borrar_penguins_db to None, run_after=None
[2025-03-27T02:51:39.557+0000] {processor.py:178} INFO - Processing /opt/airflow/dags/Borrar_datos.py took 1.487 seconds
[2025-03-27T02:52:20.004+0000] {processor.py:156} INFO - Started process (PID=408) to work on /opt/airflow/dags/Borrar_datos.py
[2025-03-27T02:52:20.012+0000] {processor.py:799} INFO - Processing file /opt/airflow/dags/Borrar_datos.py for tasks to queue
[2025-03-27T02:52:20.014+0000] {logging_mixin.py:149} INFO - [2025-03-27T02:52:20.013+0000] {dagbag.py:541} INFO - Filling up the DagBag from /opt/airflow/dags/Borrar_datos.py
[2025-03-27T02:52:20.214+0000] {processor.py:809} INFO - DAG(s) dict_keys(['1-Borrar_penguins_db']) retrieved from /opt/airflow/dags/Borrar_datos.py
[2025-03-27T02:52:20.645+0000] {logging_mixin.py:149} INFO - [2025-03-27T02:52:20.644+0000] {dag.py:2726} INFO - Sync 1 DAGs
[2025-03-27T02:52:20.995+0000] {logging_mixin.py:149} INFO - [2025-03-27T02:52:20.991+0000] {dag.py:3490} INFO - Setting next_dagrun for 1-Borrar_penguins_db to None, run_after=None
[2025-03-27T02:52:21.342+0000] {processor.py:178} INFO - Processing /opt/airflow/dags/Borrar_datos.py took 1.376 seconds
[2025-03-27T02:52:57.505+0000] {processor.py:156} INFO - Started process (PID=438) to work on /opt/airflow/dags/Borrar_datos.py
[2025-03-27T02:52:57.514+0000] {processor.py:799} INFO - Processing file /opt/airflow/dags/Borrar_datos.py for tasks to queue
[2025-03-27T02:52:57.515+0000] {logging_mixin.py:149} INFO - [2025-03-27T02:52:57.515+0000] {dagbag.py:541} INFO - Filling up the DagBag from /opt/airflow/dags/Borrar_datos.py
[2025-03-27T02:52:57.606+0000] {processor.py:809} INFO - DAG(s) dict_keys(['1-Borrar_penguins_db']) retrieved from /opt/airflow/dags/Borrar_datos.py
[2025-03-27T02:52:57.724+0000] {logging_mixin.py:149} INFO - [2025-03-27T02:52:57.723+0000] {dag.py:2726} INFO - Sync 1 DAGs
[2025-03-27T02:52:57.799+0000] {logging_mixin.py:149} INFO - [2025-03-27T02:52:57.799+0000] {dag.py:3490} INFO - Setting next_dagrun for 1-Borrar_penguins_db to None, run_after=None
[2025-03-27T02:52:57.833+0000] {processor.py:178} INFO - Processing /opt/airflow/dags/Borrar_datos.py took 0.361 seconds
[2025-03-27T02:53:29.373+0000] {processor.py:156} INFO - Started process (PID=467) to work on /opt/airflow/dags/Borrar_datos.py
[2025-03-27T02:53:29.377+0000] {processor.py:799} INFO - Processing file /opt/airflow/dags/Borrar_datos.py for tasks to queue
[2025-03-27T02:53:29.379+0000] {logging_mixin.py:149} INFO - [2025-03-27T02:53:29.378+0000] {dagbag.py:541} INFO - Filling up the DagBag from /opt/airflow/dags/Borrar_datos.py
[2025-03-27T02:53:29.401+0000] {processor.py:809} INFO - DAG(s) dict_keys(['1-Borrar_penguins_db']) retrieved from /opt/airflow/dags/Borrar_datos.py
[2025-03-27T02:53:29.524+0000] {logging_mixin.py:149} INFO - [2025-03-27T02:53:29.524+0000] {dag.py:2726} INFO - Sync 1 DAGs
[2025-03-27T02:53:29.623+0000] {logging_mixin.py:149} INFO - [2025-03-27T02:53:29.623+0000] {dag.py:3490} INFO - Setting next_dagrun for 1-Borrar_penguins_db to None, run_after=None
[2025-03-27T02:53:29.660+0000] {processor.py:178} INFO - Processing /opt/airflow/dags/Borrar_datos.py took 0.293 seconds
[2025-03-27T02:53:59.806+0000] {processor.py:156} INFO - Started process (PID=484) to work on /opt/airflow/dags/Borrar_datos.py
[2025-03-27T02:53:59.809+0000] {processor.py:799} INFO - Processing file /opt/airflow/dags/Borrar_datos.py for tasks to queue
[2025-03-27T02:53:59.812+0000] {logging_mixin.py:149} INFO - [2025-03-27T02:53:59.812+0000] {dagbag.py:541} INFO - Filling up the DagBag from /opt/airflow/dags/Borrar_datos.py
[2025-03-27T02:53:59.851+0000] {processor.py:809} INFO - DAG(s) dict_keys(['1-Borrar_penguins_db']) retrieved from /opt/airflow/dags/Borrar_datos.py
[2025-03-27T02:54:00.008+0000] {logging_mixin.py:149} INFO - [2025-03-27T02:54:00.008+0000] {dag.py:2726} INFO - Sync 1 DAGs
[2025-03-27T02:54:00.194+0000] {logging_mixin.py:149} INFO - [2025-03-27T02:54:00.194+0000] {dag.py:3490} INFO - Setting next_dagrun for 1-Borrar_penguins_db to None, run_after=None
[2025-03-27T02:54:00.401+0000] {processor.py:178} INFO - Processing /opt/airflow/dags/Borrar_datos.py took 0.615 seconds
[2025-03-27T02:54:30.590+0000] {processor.py:156} INFO - Started process (PID=509) to work on /opt/airflow/dags/Borrar_datos.py
[2025-03-27T02:54:30.592+0000] {processor.py:799} INFO - Processing file /opt/airflow/dags/Borrar_datos.py for tasks to queue
[2025-03-27T02:54:30.594+0000] {logging_mixin.py:149} INFO - [2025-03-27T02:54:30.593+0000] {dagbag.py:541} INFO - Filling up the DagBag from /opt/airflow/dags/Borrar_datos.py
[2025-03-27T02:54:30.611+0000] {processor.py:809} INFO - DAG(s) dict_keys(['1-Borrar_penguins_db']) retrieved from /opt/airflow/dags/Borrar_datos.py
[2025-03-27T02:54:30.665+0000] {logging_mixin.py:149} INFO - [2025-03-27T02:54:30.665+0000] {dag.py:2726} INFO - Sync 1 DAGs
[2025-03-27T02:54:30.714+0000] {logging_mixin.py:149} INFO - [2025-03-27T02:54:30.714+0000] {dag.py:3490} INFO - Setting next_dagrun for 1-Borrar_penguins_db to None, run_after=None
[2025-03-27T02:54:30.750+0000] {processor.py:178} INFO - Processing /opt/airflow/dags/Borrar_datos.py took 0.166 seconds
[2025-03-27T02:55:00.920+0000] {processor.py:156} INFO - Started process (PID=537) to work on /opt/airflow/dags/Borrar_datos.py
[2025-03-27T02:55:00.922+0000] {processor.py:799} INFO - Processing file /opt/airflow/dags/Borrar_datos.py for tasks to queue
[2025-03-27T02:55:00.923+0000] {logging_mixin.py:149} INFO - [2025-03-27T02:55:00.923+0000] {dagbag.py:541} INFO - Filling up the DagBag from /opt/airflow/dags/Borrar_datos.py
[2025-03-27T02:55:00.944+0000] {processor.py:809} INFO - DAG(s) dict_keys(['1-Borrar_penguins_db']) retrieved from /opt/airflow/dags/Borrar_datos.py
[2025-03-27T02:55:00.998+0000] {logging_mixin.py:149} INFO - [2025-03-27T02:55:00.998+0000] {dag.py:2726} INFO - Sync 1 DAGs
[2025-03-27T02:55:01.039+0000] {logging_mixin.py:149} INFO - [2025-03-27T02:55:01.039+0000] {dag.py:3490} INFO - Setting next_dagrun for 1-Borrar_penguins_db to None, run_after=None
[2025-03-27T02:55:01.072+0000] {processor.py:178} INFO - Processing /opt/airflow/dags/Borrar_datos.py took 0.158 seconds
[2025-03-27T02:55:31.132+0000] {processor.py:156} INFO - Started process (PID=566) to work on /opt/airflow/dags/Borrar_datos.py
[2025-03-27T02:55:31.134+0000] {processor.py:799} INFO - Processing file /opt/airflow/dags/Borrar_datos.py for tasks to queue
[2025-03-27T02:55:31.135+0000] {logging_mixin.py:149} INFO - [2025-03-27T02:55:31.134+0000] {dagbag.py:541} INFO - Filling up the DagBag from /opt/airflow/dags/Borrar_datos.py
[2025-03-27T02:55:31.152+0000] {processor.py:809} INFO - DAG(s) dict_keys(['1-Borrar_penguins_db']) retrieved from /opt/airflow/dags/Borrar_datos.py
[2025-03-27T02:55:31.204+0000] {logging_mixin.py:149} INFO - [2025-03-27T02:55:31.204+0000] {dag.py:2726} INFO - Sync 1 DAGs
[2025-03-27T02:55:31.243+0000] {logging_mixin.py:149} INFO - [2025-03-27T02:55:31.242+0000] {dag.py:3490} INFO - Setting next_dagrun for 1-Borrar_penguins_db to None, run_after=None
[2025-03-27T02:55:31.274+0000] {processor.py:178} INFO - Processing /opt/airflow/dags/Borrar_datos.py took 0.147 seconds
[2025-03-27T02:56:01.527+0000] {processor.py:156} INFO - Started process (PID=595) to work on /opt/airflow/dags/Borrar_datos.py
[2025-03-27T02:56:01.530+0000] {processor.py:799} INFO - Processing file /opt/airflow/dags/Borrar_datos.py for tasks to queue
[2025-03-27T02:56:01.532+0000] {logging_mixin.py:149} INFO - [2025-03-27T02:56:01.531+0000] {dagbag.py:541} INFO - Filling up the DagBag from /opt/airflow/dags/Borrar_datos.py
[2025-03-27T02:56:01.551+0000] {processor.py:809} INFO - DAG(s) dict_keys(['1-Borrar_penguins_db']) retrieved from /opt/airflow/dags/Borrar_datos.py
[2025-03-27T02:56:01.611+0000] {logging_mixin.py:149} INFO - [2025-03-27T02:56:01.611+0000] {dag.py:2726} INFO - Sync 1 DAGs
[2025-03-27T02:56:01.655+0000] {logging_mixin.py:149} INFO - [2025-03-27T02:56:01.655+0000] {dag.py:3490} INFO - Setting next_dagrun for 1-Borrar_penguins_db to None, run_after=None
[2025-03-27T02:56:01.690+0000] {processor.py:178} INFO - Processing /opt/airflow/dags/Borrar_datos.py took 0.172 seconds
[2025-03-27T02:56:32.062+0000] {processor.py:156} INFO - Started process (PID=624) to work on /opt/airflow/dags/Borrar_datos.py
[2025-03-27T02:56:32.064+0000] {processor.py:799} INFO - Processing file /opt/airflow/dags/Borrar_datos.py for tasks to queue
[2025-03-27T02:56:32.065+0000] {logging_mixin.py:149} INFO - [2025-03-27T02:56:32.065+0000] {dagbag.py:541} INFO - Filling up the DagBag from /opt/airflow/dags/Borrar_datos.py
[2025-03-27T02:56:32.093+0000] {processor.py:809} INFO - DAG(s) dict_keys(['1-Borrar_penguins_db']) retrieved from /opt/airflow/dags/Borrar_datos.py
[2025-03-27T02:56:32.153+0000] {logging_mixin.py:149} INFO - [2025-03-27T02:56:32.153+0000] {dag.py:2726} INFO - Sync 1 DAGs
[2025-03-27T02:56:32.195+0000] {logging_mixin.py:149} INFO - [2025-03-27T02:56:32.195+0000] {dag.py:3490} INFO - Setting next_dagrun for 1-Borrar_penguins_db to None, run_after=None
[2025-03-27T02:56:32.224+0000] {processor.py:178} INFO - Processing /opt/airflow/dags/Borrar_datos.py took 0.169 seconds
[2025-03-27T02:57:02.854+0000] {processor.py:156} INFO - Started process (PID=653) to work on /opt/airflow/dags/Borrar_datos.py
[2025-03-27T02:57:02.856+0000] {processor.py:799} INFO - Processing file /opt/airflow/dags/Borrar_datos.py for tasks to queue
[2025-03-27T02:57:02.857+0000] {logging_mixin.py:149} INFO - [2025-03-27T02:57:02.857+0000] {dagbag.py:541} INFO - Filling up the DagBag from /opt/airflow/dags/Borrar_datos.py
[2025-03-27T02:57:02.875+0000] {processor.py:809} INFO - DAG(s) dict_keys(['1-Borrar_penguins_db']) retrieved from /opt/airflow/dags/Borrar_datos.py
[2025-03-27T02:57:02.924+0000] {logging_mixin.py:149} INFO - [2025-03-27T02:57:02.924+0000] {dag.py:2726} INFO - Sync 1 DAGs
[2025-03-27T02:57:02.964+0000] {logging_mixin.py:149} INFO - [2025-03-27T02:57:02.964+0000] {dag.py:3490} INFO - Setting next_dagrun for 1-Borrar_penguins_db to None, run_after=None
[2025-03-27T02:57:02.999+0000] {processor.py:178} INFO - Processing /opt/airflow/dags/Borrar_datos.py took 0.153 seconds
[2025-03-27T02:57:33.342+0000] {processor.py:156} INFO - Started process (PID=682) to work on /opt/airflow/dags/Borrar_datos.py
[2025-03-27T02:57:33.345+0000] {processor.py:799} INFO - Processing file /opt/airflow/dags/Borrar_datos.py for tasks to queue
[2025-03-27T02:57:33.346+0000] {logging_mixin.py:149} INFO - [2025-03-27T02:57:33.346+0000] {dagbag.py:541} INFO - Filling up the DagBag from /opt/airflow/dags/Borrar_datos.py
[2025-03-27T02:57:33.366+0000] {processor.py:809} INFO - DAG(s) dict_keys(['1-Borrar_penguins_db']) retrieved from /opt/airflow/dags/Borrar_datos.py
[2025-03-27T02:57:33.426+0000] {logging_mixin.py:149} INFO - [2025-03-27T02:57:33.426+0000] {dag.py:2726} INFO - Sync 1 DAGs
[2025-03-27T02:57:33.489+0000] {logging_mixin.py:149} INFO - [2025-03-27T02:57:33.489+0000] {dag.py:3490} INFO - Setting next_dagrun for 1-Borrar_penguins_db to None, run_after=None
[2025-03-27T02:57:33.522+0000] {processor.py:178} INFO - Processing /opt/airflow/dags/Borrar_datos.py took 0.186 seconds
[2025-03-27T02:58:04.274+0000] {processor.py:156} INFO - Started process (PID=716) to work on /opt/airflow/dags/Borrar_datos.py
[2025-03-27T02:58:04.276+0000] {processor.py:799} INFO - Processing file /opt/airflow/dags/Borrar_datos.py for tasks to queue
[2025-03-27T02:58:04.277+0000] {logging_mixin.py:149} INFO - [2025-03-27T02:58:04.277+0000] {dagbag.py:541} INFO - Filling up the DagBag from /opt/airflow/dags/Borrar_datos.py
[2025-03-27T02:58:04.305+0000] {processor.py:809} INFO - DAG(s) dict_keys(['1-Borrar_penguins_db']) retrieved from /opt/airflow/dags/Borrar_datos.py
[2025-03-27T02:58:04.359+0000] {logging_mixin.py:149} INFO - [2025-03-27T02:58:04.358+0000] {dag.py:2726} INFO - Sync 1 DAGs
[2025-03-27T02:58:04.397+0000] {logging_mixin.py:149} INFO - [2025-03-27T02:58:04.397+0000] {dag.py:3490} INFO - Setting next_dagrun for 1-Borrar_penguins_db to None, run_after=None
[2025-03-27T02:58:04.427+0000] {processor.py:178} INFO - Processing /opt/airflow/dags/Borrar_datos.py took 0.160 seconds
[2025-03-27T02:58:34.755+0000] {processor.py:156} INFO - Started process (PID=745) to work on /opt/airflow/dags/Borrar_datos.py
[2025-03-27T02:58:34.757+0000] {processor.py:799} INFO - Processing file /opt/airflow/dags/Borrar_datos.py for tasks to queue
[2025-03-27T02:58:34.759+0000] {logging_mixin.py:149} INFO - [2025-03-27T02:58:34.758+0000] {dagbag.py:541} INFO - Filling up the DagBag from /opt/airflow/dags/Borrar_datos.py
[2025-03-27T02:58:34.780+0000] {processor.py:809} INFO - DAG(s) dict_keys(['1-Borrar_penguins_db']) retrieved from /opt/airflow/dags/Borrar_datos.py
[2025-03-27T02:58:34.842+0000] {logging_mixin.py:149} INFO - [2025-03-27T02:58:34.842+0000] {dag.py:2726} INFO - Sync 1 DAGs
[2025-03-27T02:58:34.884+0000] {logging_mixin.py:149} INFO - [2025-03-27T02:58:34.884+0000] {dag.py:3490} INFO - Setting next_dagrun for 1-Borrar_penguins_db to None, run_after=None
[2025-03-27T02:58:34.916+0000] {processor.py:178} INFO - Processing /opt/airflow/dags/Borrar_datos.py took 0.168 seconds
[2025-03-27T02:59:05.685+0000] {processor.py:156} INFO - Started process (PID=774) to work on /opt/airflow/dags/Borrar_datos.py
[2025-03-27T02:59:05.688+0000] {processor.py:799} INFO - Processing file /opt/airflow/dags/Borrar_datos.py for tasks to queue
[2025-03-27T02:59:05.689+0000] {logging_mixin.py:149} INFO - [2025-03-27T02:59:05.689+0000] {dagbag.py:541} INFO - Filling up the DagBag from /opt/airflow/dags/Borrar_datos.py
[2025-03-27T02:59:05.711+0000] {processor.py:809} INFO - DAG(s) dict_keys(['1-Borrar_penguins_db']) retrieved from /opt/airflow/dags/Borrar_datos.py
[2025-03-27T02:59:05.776+0000] {logging_mixin.py:149} INFO - [2025-03-27T02:59:05.775+0000] {dag.py:2726} INFO - Sync 1 DAGs
[2025-03-27T02:59:05.830+0000] {logging_mixin.py:149} INFO - [2025-03-27T02:59:05.829+0000] {dag.py:3490} INFO - Setting next_dagrun for 1-Borrar_penguins_db to None, run_after=None
[2025-03-27T02:59:05.895+0000] {processor.py:178} INFO - Processing /opt/airflow/dags/Borrar_datos.py took 0.218 seconds
[2025-03-27T02:59:36.236+0000] {processor.py:156} INFO - Started process (PID=807) to work on /opt/airflow/dags/Borrar_datos.py
[2025-03-27T02:59:36.242+0000] {processor.py:799} INFO - Processing file /opt/airflow/dags/Borrar_datos.py for tasks to queue
[2025-03-27T02:59:36.246+0000] {logging_mixin.py:149} INFO - [2025-03-27T02:59:36.246+0000] {dagbag.py:541} INFO - Filling up the DagBag from /opt/airflow/dags/Borrar_datos.py
[2025-03-27T02:59:36.296+0000] {processor.py:809} INFO - DAG(s) dict_keys(['1-Borrar_penguins_db']) retrieved from /opt/airflow/dags/Borrar_datos.py
[2025-03-27T02:59:36.476+0000] {logging_mixin.py:149} INFO - [2025-03-27T02:59:36.476+0000] {dag.py:2726} INFO - Sync 1 DAGs
[2025-03-27T02:59:36.563+0000] {logging_mixin.py:149} INFO - [2025-03-27T02:59:36.563+0000] {dag.py:3490} INFO - Setting next_dagrun for 1-Borrar_penguins_db to None, run_after=None
[2025-03-27T02:59:36.672+0000] {processor.py:178} INFO - Processing /opt/airflow/dags/Borrar_datos.py took 0.450 seconds
