[2025-03-27T00:00:19.939+0000] {processor.py:156} INFO - Started process (PID=408) to work on /opt/airflow/dags/Cargar_datos.py
[2025-03-27T00:00:19.942+0000] {processor.py:799} INFO - Processing file /opt/airflow/dags/Cargar_datos.py for tasks to queue
[2025-03-27T00:00:19.943+0000] {logging_mixin.py:149} INFO - [2025-03-27T00:00:19.943+0000] {dagbag.py:541} INFO - Filling up the DagBag from /opt/airflow/dags/Cargar_datos.py
[2025-03-27T00:00:20.513+0000] {processor.py:809} INFO - DAG(s) dict_keys(['2-Cargar_data']) retrieved from /opt/airflow/dags/Cargar_datos.py
[2025-03-27T00:00:20.559+0000] {logging_mixin.py:149} INFO - [2025-03-27T00:00:20.558+0000] {dag.py:2726} INFO - Sync 1 DAGs
[2025-03-27T00:00:20.599+0000] {logging_mixin.py:149} INFO - [2025-03-27T00:00:20.599+0000] {dag.py:3490} INFO - Setting next_dagrun for 2-Cargar_data to None, run_after=None
[2025-03-27T00:00:20.629+0000] {processor.py:178} INFO - Processing /opt/airflow/dags/Cargar_datos.py took 0.697 seconds
[2025-03-27T00:00:52.138+0000] {processor.py:156} INFO - Started process (PID=437) to work on /opt/airflow/dags/Cargar_datos.py
[2025-03-27T00:00:52.140+0000] {processor.py:799} INFO - Processing file /opt/airflow/dags/Cargar_datos.py for tasks to queue
[2025-03-27T00:00:52.141+0000] {logging_mixin.py:149} INFO - [2025-03-27T00:00:52.141+0000] {dagbag.py:541} INFO - Filling up the DagBag from /opt/airflow/dags/Cargar_datos.py
[2025-03-27T00:00:52.734+0000] {processor.py:809} INFO - DAG(s) dict_keys(['2-Cargar_data']) retrieved from /opt/airflow/dags/Cargar_datos.py
[2025-03-27T00:00:52.783+0000] {logging_mixin.py:149} INFO - [2025-03-27T00:00:52.782+0000] {dag.py:2726} INFO - Sync 1 DAGs
[2025-03-27T00:00:52.823+0000] {logging_mixin.py:149} INFO - [2025-03-27T00:00:52.823+0000] {dag.py:3490} INFO - Setting next_dagrun for 2-Cargar_data to None, run_after=None
[2025-03-27T00:00:52.853+0000] {processor.py:178} INFO - Processing /opt/airflow/dags/Cargar_datos.py took 0.721 seconds
[2025-03-27T00:01:24.667+0000] {processor.py:156} INFO - Started process (PID=466) to work on /opt/airflow/dags/Cargar_datos.py
[2025-03-27T00:01:24.669+0000] {processor.py:799} INFO - Processing file /opt/airflow/dags/Cargar_datos.py for tasks to queue
[2025-03-27T00:01:24.670+0000] {logging_mixin.py:149} INFO - [2025-03-27T00:01:24.670+0000] {dagbag.py:541} INFO - Filling up the DagBag from /opt/airflow/dags/Cargar_datos.py
[2025-03-27T00:01:25.306+0000] {processor.py:809} INFO - DAG(s) dict_keys(['2-Cargar_data']) retrieved from /opt/airflow/dags/Cargar_datos.py
[2025-03-27T00:01:25.349+0000] {logging_mixin.py:149} INFO - [2025-03-27T00:01:25.349+0000] {dag.py:2726} INFO - Sync 1 DAGs
[2025-03-27T00:01:25.396+0000] {logging_mixin.py:149} INFO - [2025-03-27T00:01:25.396+0000] {dag.py:3490} INFO - Setting next_dagrun for 2-Cargar_data to None, run_after=None
[2025-03-27T00:01:25.430+0000] {processor.py:178} INFO - Processing /opt/airflow/dags/Cargar_datos.py took 0.769 seconds
[2025-03-27T00:01:57.101+0000] {processor.py:156} INFO - Started process (PID=495) to work on /opt/airflow/dags/Cargar_datos.py
[2025-03-27T00:01:57.103+0000] {processor.py:799} INFO - Processing file /opt/airflow/dags/Cargar_datos.py for tasks to queue
[2025-03-27T00:01:57.106+0000] {logging_mixin.py:149} INFO - [2025-03-27T00:01:57.105+0000] {dagbag.py:541} INFO - Filling up the DagBag from /opt/airflow/dags/Cargar_datos.py
[2025-03-27T00:01:57.739+0000] {processor.py:809} INFO - DAG(s) dict_keys(['2-Cargar_data']) retrieved from /opt/airflow/dags/Cargar_datos.py
[2025-03-27T00:01:57.785+0000] {logging_mixin.py:149} INFO - [2025-03-27T00:01:57.784+0000] {dag.py:2726} INFO - Sync 1 DAGs
[2025-03-27T00:01:57.826+0000] {logging_mixin.py:149} INFO - [2025-03-27T00:01:57.826+0000] {dag.py:3490} INFO - Setting next_dagrun for 2-Cargar_data to None, run_after=None
[2025-03-27T00:01:57.855+0000] {processor.py:178} INFO - Processing /opt/airflow/dags/Cargar_datos.py took 0.761 seconds
[2025-03-27T02:09:47.145+0000] {processor.py:156} INFO - Started process (PID=76) to work on /opt/airflow/dags/Cargar_datos.py
[2025-03-27T02:09:47.155+0000] {processor.py:799} INFO - Processing file /opt/airflow/dags/Cargar_datos.py for tasks to queue
[2025-03-27T02:09:47.161+0000] {logging_mixin.py:149} INFO - [2025-03-27T02:09:47.161+0000] {dagbag.py:541} INFO - Filling up the DagBag from /opt/airflow/dags/Cargar_datos.py
[2025-03-27T02:09:49.466+0000] {logging_mixin.py:149} INFO - [2025-03-27T02:09:49.462+0000] {dagbag.py:350} ERROR - Failed to import: /opt/airflow/dags/Cargar_datos.py
Traceback (most recent call last):
  File "/home/airflow/.local/lib/python3.7/site-packages/airflow/models/dagbag.py", line 346, in parse
    loader.exec_module(new_module)
  File "<frozen importlib._bootstrap_external>", line 728, in exec_module
  File "<frozen importlib._bootstrap>", line 219, in _call_with_frames_removed
  File "/opt/airflow/dags/Cargar_datos.py", line 38, in <module>
    task.loop([f"run_{i}" for i in range(10)])
AttributeError: 'PythonOperator' object has no attribute 'loop'
[2025-03-27T02:09:49.467+0000] {processor.py:811} WARNING - No viable dags retrieved from /opt/airflow/dags/Cargar_datos.py
[2025-03-27T02:09:49.523+0000] {processor.py:178} INFO - Processing /opt/airflow/dags/Cargar_datos.py took 2.425 seconds
[2025-03-27T02:10:20.400+0000] {processor.py:156} INFO - Started process (PID=105) to work on /opt/airflow/dags/Cargar_datos.py
[2025-03-27T02:10:20.402+0000] {processor.py:799} INFO - Processing file /opt/airflow/dags/Cargar_datos.py for tasks to queue
[2025-03-27T02:10:20.404+0000] {logging_mixin.py:149} INFO - [2025-03-27T02:10:20.404+0000] {dagbag.py:541} INFO - Filling up the DagBag from /opt/airflow/dags/Cargar_datos.py
[2025-03-27T02:10:22.134+0000] {logging_mixin.py:149} INFO - [2025-03-27T02:10:22.131+0000] {dagbag.py:350} ERROR - Failed to import: /opt/airflow/dags/Cargar_datos.py
Traceback (most recent call last):
  File "/home/airflow/.local/lib/python3.7/site-packages/airflow/models/dagbag.py", line 346, in parse
    loader.exec_module(new_module)
  File "<frozen importlib._bootstrap_external>", line 728, in exec_module
  File "<frozen importlib._bootstrap>", line 219, in _call_with_frames_removed
  File "/opt/airflow/dags/Cargar_datos.py", line 38, in <module>
    task.loop([f"run_{i}" for i in range(10)])
AttributeError: 'PythonOperator' object has no attribute 'loop'
[2025-03-27T02:10:22.135+0000] {processor.py:811} WARNING - No viable dags retrieved from /opt/airflow/dags/Cargar_datos.py
[2025-03-27T02:10:22.161+0000] {processor.py:178} INFO - Processing /opt/airflow/dags/Cargar_datos.py took 1.768 seconds
[2025-03-27T02:10:52.264+0000] {processor.py:156} INFO - Started process (PID=134) to work on /opt/airflow/dags/Cargar_datos.py
[2025-03-27T02:10:52.266+0000] {processor.py:799} INFO - Processing file /opt/airflow/dags/Cargar_datos.py for tasks to queue
[2025-03-27T02:10:52.267+0000] {logging_mixin.py:149} INFO - [2025-03-27T02:10:52.267+0000] {dagbag.py:541} INFO - Filling up the DagBag from /opt/airflow/dags/Cargar_datos.py
[2025-03-27T02:10:53.026+0000] {logging_mixin.py:149} INFO - [2025-03-27T02:10:53.025+0000] {dagbag.py:350} ERROR - Failed to import: /opt/airflow/dags/Cargar_datos.py
Traceback (most recent call last):
  File "/home/airflow/.local/lib/python3.7/site-packages/airflow/models/dagbag.py", line 346, in parse
    loader.exec_module(new_module)
  File "<frozen importlib._bootstrap_external>", line 728, in exec_module
  File "<frozen importlib._bootstrap>", line 219, in _call_with_frames_removed
  File "/opt/airflow/dags/Cargar_datos.py", line 38, in <module>
    task.loop([f"run_{i}" for i in range(10)])
AttributeError: 'PythonOperator' object has no attribute 'loop'
[2025-03-27T02:10:53.027+0000] {processor.py:811} WARNING - No viable dags retrieved from /opt/airflow/dags/Cargar_datos.py
[2025-03-27T02:10:53.059+0000] {processor.py:178} INFO - Processing /opt/airflow/dags/Cargar_datos.py took 0.802 seconds
[2025-03-27T02:11:23.563+0000] {processor.py:156} INFO - Started process (PID=163) to work on /opt/airflow/dags/Cargar_datos.py
[2025-03-27T02:11:23.567+0000] {processor.py:799} INFO - Processing file /opt/airflow/dags/Cargar_datos.py for tasks to queue
[2025-03-27T02:11:23.569+0000] {logging_mixin.py:149} INFO - [2025-03-27T02:11:23.569+0000] {dagbag.py:541} INFO - Filling up the DagBag from /opt/airflow/dags/Cargar_datos.py
[2025-03-27T02:11:24.372+0000] {logging_mixin.py:149} INFO - [2025-03-27T02:11:24.370+0000] {dagbag.py:350} ERROR - Failed to import: /opt/airflow/dags/Cargar_datos.py
Traceback (most recent call last):
  File "/home/airflow/.local/lib/python3.7/site-packages/airflow/models/dagbag.py", line 346, in parse
    loader.exec_module(new_module)
  File "<frozen importlib._bootstrap_external>", line 728, in exec_module
  File "<frozen importlib._bootstrap>", line 219, in _call_with_frames_removed
  File "/opt/airflow/dags/Cargar_datos.py", line 38, in <module>
    task.loop([f"run_{i}" for i in range(10)])
AttributeError: 'PythonOperator' object has no attribute 'loop'
[2025-03-27T02:11:24.372+0000] {processor.py:811} WARNING - No viable dags retrieved from /opt/airflow/dags/Cargar_datos.py
[2025-03-27T02:11:24.405+0000] {processor.py:178} INFO - Processing /opt/airflow/dags/Cargar_datos.py took 0.850 seconds
[2025-03-27T02:11:34.074+0000] {processor.py:156} INFO - Started process (PID=192) to work on /opt/airflow/dags/Cargar_datos.py
[2025-03-27T02:11:34.076+0000] {processor.py:799} INFO - Processing file /opt/airflow/dags/Cargar_datos.py for tasks to queue
[2025-03-27T02:11:34.077+0000] {logging_mixin.py:149} INFO - [2025-03-27T02:11:34.077+0000] {dagbag.py:541} INFO - Filling up the DagBag from /opt/airflow/dags/Cargar_datos.py
[2025-03-27T02:11:35.545+0000] {logging_mixin.py:149} INFO - [2025-03-27T02:11:35.536+0000] {dagbag.py:350} ERROR - Failed to import: /opt/airflow/dags/Cargar_datos.py
Traceback (most recent call last):
  File "/home/airflow/.local/lib/python3.7/site-packages/airflow/models/dagbag.py", line 346, in parse
    loader.exec_module(new_module)
  File "<frozen importlib._bootstrap_external>", line 728, in exec_module
  File "<frozen importlib._bootstrap>", line 219, in _call_with_frames_removed
  File "/opt/airflow/dags/Cargar_datos.py", line 38, in <module>
    task.loop([f"run_{i}" for i in range(10)])
AttributeError: 'PythonOperator' object has no attribute 'loop'
[2025-03-27T02:11:35.549+0000] {processor.py:811} WARNING - No viable dags retrieved from /opt/airflow/dags/Cargar_datos.py
[2025-03-27T02:11:35.667+0000] {processor.py:178} INFO - Processing /opt/airflow/dags/Cargar_datos.py took 1.600 seconds
[2025-03-27T02:17:15.247+0000] {processor.py:156} INFO - Started process (PID=95) to work on /opt/airflow/dags/Cargar_datos.py
[2025-03-27T02:17:15.257+0000] {processor.py:799} INFO - Processing file /opt/airflow/dags/Cargar_datos.py for tasks to queue
[2025-03-27T02:17:15.261+0000] {logging_mixin.py:149} INFO - [2025-03-27T02:17:15.260+0000] {dagbag.py:541} INFO - Filling up the DagBag from /opt/airflow/dags/Cargar_datos.py
[2025-03-27T02:17:21.998+0000] {logging_mixin.py:149} INFO - [2025-03-27T02:17:21.995+0000] {dagbag.py:350} ERROR - Failed to import: /opt/airflow/dags/Cargar_datos.py
Traceback (most recent call last):
  File "/home/airflow/.local/lib/python3.7/site-packages/airflow/models/dagbag.py", line 346, in parse
    loader.exec_module(new_module)
  File "<frozen importlib._bootstrap_external>", line 728, in exec_module
  File "<frozen importlib._bootstrap>", line 219, in _call_with_frames_removed
  File "/opt/airflow/dags/Cargar_datos.py", line 38, in <module>
    task.loop([f"run_{i}" for i in range(10)])
AttributeError: 'PythonOperator' object has no attribute 'loop'
[2025-03-27T02:17:22.001+0000] {processor.py:811} WARNING - No viable dags retrieved from /opt/airflow/dags/Cargar_datos.py
[2025-03-27T02:17:22.079+0000] {processor.py:178} INFO - Processing /opt/airflow/dags/Cargar_datos.py took 6.848 seconds
[2025-03-27T02:17:52.398+0000] {processor.py:156} INFO - Started process (PID=124) to work on /opt/airflow/dags/Cargar_datos.py
[2025-03-27T02:17:52.400+0000] {processor.py:799} INFO - Processing file /opt/airflow/dags/Cargar_datos.py for tasks to queue
[2025-03-27T02:17:52.402+0000] {logging_mixin.py:149} INFO - [2025-03-27T02:17:52.402+0000] {dagbag.py:541} INFO - Filling up the DagBag from /opt/airflow/dags/Cargar_datos.py
[2025-03-27T02:17:53.227+0000] {logging_mixin.py:149} INFO - [2025-03-27T02:17:53.223+0000] {dagbag.py:350} ERROR - Failed to import: /opt/airflow/dags/Cargar_datos.py
Traceback (most recent call last):
  File "/home/airflow/.local/lib/python3.7/site-packages/airflow/models/dagbag.py", line 346, in parse
    loader.exec_module(new_module)
  File "<frozen importlib._bootstrap_external>", line 728, in exec_module
  File "<frozen importlib._bootstrap>", line 219, in _call_with_frames_removed
  File "/opt/airflow/dags/Cargar_datos.py", line 38, in <module>
    task.loop([f"run_{i}" for i in range(10)])
AttributeError: 'PythonOperator' object has no attribute 'loop'
[2025-03-27T02:17:53.228+0000] {processor.py:811} WARNING - No viable dags retrieved from /opt/airflow/dags/Cargar_datos.py
[2025-03-27T02:17:53.258+0000] {processor.py:178} INFO - Processing /opt/airflow/dags/Cargar_datos.py took 0.866 seconds
[2025-03-27T02:18:23.372+0000] {processor.py:156} INFO - Started process (PID=152) to work on /opt/airflow/dags/Cargar_datos.py
[2025-03-27T02:18:23.374+0000] {processor.py:799} INFO - Processing file /opt/airflow/dags/Cargar_datos.py for tasks to queue
[2025-03-27T02:18:23.375+0000] {logging_mixin.py:149} INFO - [2025-03-27T02:18:23.375+0000] {dagbag.py:541} INFO - Filling up the DagBag from /opt/airflow/dags/Cargar_datos.py
[2025-03-27T02:18:23.932+0000] {logging_mixin.py:149} INFO - [2025-03-27T02:18:23.930+0000] {dagbag.py:350} ERROR - Failed to import: /opt/airflow/dags/Cargar_datos.py
Traceback (most recent call last):
  File "/home/airflow/.local/lib/python3.7/site-packages/airflow/models/dagbag.py", line 346, in parse
    loader.exec_module(new_module)
  File "<frozen importlib._bootstrap_external>", line 728, in exec_module
  File "<frozen importlib._bootstrap>", line 219, in _call_with_frames_removed
  File "/opt/airflow/dags/Cargar_datos.py", line 38, in <module>
    task.loop([f"run_{i}" for i in range(10)])
AttributeError: 'PythonOperator' object has no attribute 'loop'
[2025-03-27T02:18:23.932+0000] {processor.py:811} WARNING - No viable dags retrieved from /opt/airflow/dags/Cargar_datos.py
[2025-03-27T02:18:23.974+0000] {processor.py:178} INFO - Processing /opt/airflow/dags/Cargar_datos.py took 0.608 seconds
[2025-03-27T02:18:54.463+0000] {processor.py:156} INFO - Started process (PID=181) to work on /opt/airflow/dags/Cargar_datos.py
[2025-03-27T02:18:54.465+0000] {processor.py:799} INFO - Processing file /opt/airflow/dags/Cargar_datos.py for tasks to queue
[2025-03-27T02:18:54.466+0000] {logging_mixin.py:149} INFO - [2025-03-27T02:18:54.466+0000] {dagbag.py:541} INFO - Filling up the DagBag from /opt/airflow/dags/Cargar_datos.py
[2025-03-27T02:18:55.175+0000] {logging_mixin.py:149} INFO - [2025-03-27T02:18:55.172+0000] {dagbag.py:350} ERROR - Failed to import: /opt/airflow/dags/Cargar_datos.py
Traceback (most recent call last):
  File "/home/airflow/.local/lib/python3.7/site-packages/airflow/models/dagbag.py", line 346, in parse
    loader.exec_module(new_module)
  File "<frozen importlib._bootstrap_external>", line 728, in exec_module
  File "<frozen importlib._bootstrap>", line 219, in _call_with_frames_removed
  File "/opt/airflow/dags/Cargar_datos.py", line 38, in <module>
    task.loop([f"run_{i}" for i in range(10)])
AttributeError: 'PythonOperator' object has no attribute 'loop'
[2025-03-27T02:18:55.176+0000] {processor.py:811} WARNING - No viable dags retrieved from /opt/airflow/dags/Cargar_datos.py
[2025-03-27T02:18:55.226+0000] {processor.py:178} INFO - Processing /opt/airflow/dags/Cargar_datos.py took 0.770 seconds
[2025-03-27T02:19:25.410+0000] {processor.py:156} INFO - Started process (PID=210) to work on /opt/airflow/dags/Cargar_datos.py
[2025-03-27T02:19:25.413+0000] {processor.py:799} INFO - Processing file /opt/airflow/dags/Cargar_datos.py for tasks to queue
[2025-03-27T02:19:25.415+0000] {logging_mixin.py:149} INFO - [2025-03-27T02:19:25.414+0000] {dagbag.py:541} INFO - Filling up the DagBag from /opt/airflow/dags/Cargar_datos.py
[2025-03-27T02:19:26.012+0000] {logging_mixin.py:149} INFO - [2025-03-27T02:19:26.010+0000] {dagbag.py:350} ERROR - Failed to import: /opt/airflow/dags/Cargar_datos.py
Traceback (most recent call last):
  File "/home/airflow/.local/lib/python3.7/site-packages/airflow/models/dagbag.py", line 346, in parse
    loader.exec_module(new_module)
  File "<frozen importlib._bootstrap_external>", line 728, in exec_module
  File "<frozen importlib._bootstrap>", line 219, in _call_with_frames_removed
  File "/opt/airflow/dags/Cargar_datos.py", line 38, in <module>
    task.loop([f"run_{i}" for i in range(10)])
AttributeError: 'PythonOperator' object has no attribute 'loop'
[2025-03-27T02:19:26.012+0000] {processor.py:811} WARNING - No viable dags retrieved from /opt/airflow/dags/Cargar_datos.py
[2025-03-27T02:19:26.044+0000] {processor.py:178} INFO - Processing /opt/airflow/dags/Cargar_datos.py took 0.646 seconds
[2025-03-27T02:19:56.803+0000] {processor.py:156} INFO - Started process (PID=239) to work on /opt/airflow/dags/Cargar_datos.py
[2025-03-27T02:19:56.805+0000] {processor.py:799} INFO - Processing file /opt/airflow/dags/Cargar_datos.py for tasks to queue
[2025-03-27T02:19:56.806+0000] {logging_mixin.py:149} INFO - [2025-03-27T02:19:56.806+0000] {dagbag.py:541} INFO - Filling up the DagBag from /opt/airflow/dags/Cargar_datos.py
[2025-03-27T02:19:57.330+0000] {logging_mixin.py:149} INFO - [2025-03-27T02:19:57.328+0000] {dagbag.py:350} ERROR - Failed to import: /opt/airflow/dags/Cargar_datos.py
Traceback (most recent call last):
  File "/home/airflow/.local/lib/python3.7/site-packages/airflow/models/dagbag.py", line 346, in parse
    loader.exec_module(new_module)
  File "<frozen importlib._bootstrap_external>", line 728, in exec_module
  File "<frozen importlib._bootstrap>", line 219, in _call_with_frames_removed
  File "/opt/airflow/dags/Cargar_datos.py", line 38, in <module>
    task.loop([f"run_{i}" for i in range(10)])
AttributeError: 'PythonOperator' object has no attribute 'loop'
[2025-03-27T02:19:57.330+0000] {processor.py:811} WARNING - No viable dags retrieved from /opt/airflow/dags/Cargar_datos.py
[2025-03-27T02:19:57.364+0000] {processor.py:178} INFO - Processing /opt/airflow/dags/Cargar_datos.py took 0.568 seconds
[2025-03-27T02:20:27.430+0000] {processor.py:156} INFO - Started process (PID=268) to work on /opt/airflow/dags/Cargar_datos.py
[2025-03-27T02:20:27.433+0000] {processor.py:799} INFO - Processing file /opt/airflow/dags/Cargar_datos.py for tasks to queue
[2025-03-27T02:20:27.434+0000] {logging_mixin.py:149} INFO - [2025-03-27T02:20:27.434+0000] {dagbag.py:541} INFO - Filling up the DagBag from /opt/airflow/dags/Cargar_datos.py
[2025-03-27T02:20:28.037+0000] {logging_mixin.py:149} INFO - [2025-03-27T02:20:28.035+0000] {dagbag.py:350} ERROR - Failed to import: /opt/airflow/dags/Cargar_datos.py
Traceback (most recent call last):
  File "/home/airflow/.local/lib/python3.7/site-packages/airflow/models/dagbag.py", line 346, in parse
    loader.exec_module(new_module)
  File "<frozen importlib._bootstrap_external>", line 728, in exec_module
  File "<frozen importlib._bootstrap>", line 219, in _call_with_frames_removed
  File "/opt/airflow/dags/Cargar_datos.py", line 38, in <module>
    task.loop([f"run_{i}" for i in range(10)])
AttributeError: 'PythonOperator' object has no attribute 'loop'
[2025-03-27T02:20:28.037+0000] {processor.py:811} WARNING - No viable dags retrieved from /opt/airflow/dags/Cargar_datos.py
[2025-03-27T02:20:28.079+0000] {processor.py:178} INFO - Processing /opt/airflow/dags/Cargar_datos.py took 0.658 seconds
[2025-03-27T02:20:58.264+0000] {processor.py:156} INFO - Started process (PID=297) to work on /opt/airflow/dags/Cargar_datos.py
[2025-03-27T02:20:58.269+0000] {processor.py:799} INFO - Processing file /opt/airflow/dags/Cargar_datos.py for tasks to queue
[2025-03-27T02:20:58.270+0000] {logging_mixin.py:149} INFO - [2025-03-27T02:20:58.270+0000] {dagbag.py:541} INFO - Filling up the DagBag from /opt/airflow/dags/Cargar_datos.py
[2025-03-27T02:20:58.846+0000] {logging_mixin.py:149} INFO - [2025-03-27T02:20:58.845+0000] {dagbag.py:350} ERROR - Failed to import: /opt/airflow/dags/Cargar_datos.py
Traceback (most recent call last):
  File "/home/airflow/.local/lib/python3.7/site-packages/airflow/models/dagbag.py", line 346, in parse
    loader.exec_module(new_module)
  File "<frozen importlib._bootstrap_external>", line 728, in exec_module
  File "<frozen importlib._bootstrap>", line 219, in _call_with_frames_removed
  File "/opt/airflow/dags/Cargar_datos.py", line 38, in <module>
    task.loop([f"run_{i}" for i in range(10)])
AttributeError: 'PythonOperator' object has no attribute 'loop'
[2025-03-27T02:20:58.847+0000] {processor.py:811} WARNING - No viable dags retrieved from /opt/airflow/dags/Cargar_datos.py
[2025-03-27T02:20:58.886+0000] {processor.py:178} INFO - Processing /opt/airflow/dags/Cargar_datos.py took 0.628 seconds
[2025-03-27T02:21:29.288+0000] {processor.py:156} INFO - Started process (PID=326) to work on /opt/airflow/dags/Cargar_datos.py
[2025-03-27T02:21:29.290+0000] {processor.py:799} INFO - Processing file /opt/airflow/dags/Cargar_datos.py for tasks to queue
[2025-03-27T02:21:29.292+0000] {logging_mixin.py:149} INFO - [2025-03-27T02:21:29.292+0000] {dagbag.py:541} INFO - Filling up the DagBag from /opt/airflow/dags/Cargar_datos.py
[2025-03-27T02:21:29.859+0000] {logging_mixin.py:149} INFO - [2025-03-27T02:21:29.857+0000] {dagbag.py:350} ERROR - Failed to import: /opt/airflow/dags/Cargar_datos.py
Traceback (most recent call last):
  File "/home/airflow/.local/lib/python3.7/site-packages/airflow/models/dagbag.py", line 346, in parse
    loader.exec_module(new_module)
  File "<frozen importlib._bootstrap_external>", line 728, in exec_module
  File "<frozen importlib._bootstrap>", line 219, in _call_with_frames_removed
  File "/opt/airflow/dags/Cargar_datos.py", line 38, in <module>
    task.loop([f"run_{i}" for i in range(10)])
AttributeError: 'PythonOperator' object has no attribute 'loop'
[2025-03-27T02:21:29.860+0000] {processor.py:811} WARNING - No viable dags retrieved from /opt/airflow/dags/Cargar_datos.py
[2025-03-27T02:21:29.900+0000] {processor.py:178} INFO - Processing /opt/airflow/dags/Cargar_datos.py took 0.619 seconds
[2025-03-27T02:22:00.084+0000] {processor.py:156} INFO - Started process (PID=355) to work on /opt/airflow/dags/Cargar_datos.py
[2025-03-27T02:22:00.086+0000] {processor.py:799} INFO - Processing file /opt/airflow/dags/Cargar_datos.py for tasks to queue
[2025-03-27T02:22:00.087+0000] {logging_mixin.py:149} INFO - [2025-03-27T02:22:00.086+0000] {dagbag.py:541} INFO - Filling up the DagBag from /opt/airflow/dags/Cargar_datos.py
[2025-03-27T02:22:00.584+0000] {logging_mixin.py:149} INFO - [2025-03-27T02:22:00.582+0000] {dagbag.py:350} ERROR - Failed to import: /opt/airflow/dags/Cargar_datos.py
Traceback (most recent call last):
  File "/home/airflow/.local/lib/python3.7/site-packages/airflow/models/dagbag.py", line 346, in parse
    loader.exec_module(new_module)
  File "<frozen importlib._bootstrap_external>", line 728, in exec_module
  File "<frozen importlib._bootstrap>", line 219, in _call_with_frames_removed
  File "/opt/airflow/dags/Cargar_datos.py", line 38, in <module>
    task.loop([f"run_{i}" for i in range(10)])
AttributeError: 'PythonOperator' object has no attribute 'loop'
[2025-03-27T02:22:00.585+0000] {processor.py:811} WARNING - No viable dags retrieved from /opt/airflow/dags/Cargar_datos.py
[2025-03-27T02:22:00.613+0000] {processor.py:178} INFO - Processing /opt/airflow/dags/Cargar_datos.py took 0.536 seconds
[2025-03-27T02:22:30.914+0000] {processor.py:156} INFO - Started process (PID=384) to work on /opt/airflow/dags/Cargar_datos.py
[2025-03-27T02:22:30.917+0000] {processor.py:799} INFO - Processing file /opt/airflow/dags/Cargar_datos.py for tasks to queue
[2025-03-27T02:22:30.919+0000] {logging_mixin.py:149} INFO - [2025-03-27T02:22:30.918+0000] {dagbag.py:541} INFO - Filling up the DagBag from /opt/airflow/dags/Cargar_datos.py
[2025-03-27T02:22:31.507+0000] {logging_mixin.py:149} INFO - [2025-03-27T02:22:31.505+0000] {dagbag.py:350} ERROR - Failed to import: /opt/airflow/dags/Cargar_datos.py
Traceback (most recent call last):
  File "/home/airflow/.local/lib/python3.7/site-packages/airflow/models/dagbag.py", line 346, in parse
    loader.exec_module(new_module)
  File "<frozen importlib._bootstrap_external>", line 728, in exec_module
  File "<frozen importlib._bootstrap>", line 219, in _call_with_frames_removed
  File "/opt/airflow/dags/Cargar_datos.py", line 38, in <module>
    task.loop([f"run_{i}" for i in range(10)])
AttributeError: 'PythonOperator' object has no attribute 'loop'
[2025-03-27T02:22:31.508+0000] {processor.py:811} WARNING - No viable dags retrieved from /opt/airflow/dags/Cargar_datos.py
[2025-03-27T02:22:31.548+0000] {processor.py:178} INFO - Processing /opt/airflow/dags/Cargar_datos.py took 0.644 seconds
[2025-03-27T02:23:01.621+0000] {processor.py:156} INFO - Started process (PID=414) to work on /opt/airflow/dags/Cargar_datos.py
[2025-03-27T02:23:01.624+0000] {processor.py:799} INFO - Processing file /opt/airflow/dags/Cargar_datos.py for tasks to queue
[2025-03-27T02:23:01.625+0000] {logging_mixin.py:149} INFO - [2025-03-27T02:23:01.625+0000] {dagbag.py:541} INFO - Filling up the DagBag from /opt/airflow/dags/Cargar_datos.py
[2025-03-27T02:23:02.308+0000] {logging_mixin.py:149} INFO - [2025-03-27T02:23:02.306+0000] {dagbag.py:350} ERROR - Failed to import: /opt/airflow/dags/Cargar_datos.py
Traceback (most recent call last):
  File "/home/airflow/.local/lib/python3.7/site-packages/airflow/models/dagbag.py", line 346, in parse
    loader.exec_module(new_module)
  File "<frozen importlib._bootstrap_external>", line 728, in exec_module
  File "<frozen importlib._bootstrap>", line 219, in _call_with_frames_removed
  File "/opt/airflow/dags/Cargar_datos.py", line 38, in <module>
    task.loop([f"run_{i}" for i in range(10)])
AttributeError: 'PythonOperator' object has no attribute 'loop'
[2025-03-27T02:23:02.309+0000] {processor.py:811} WARNING - No viable dags retrieved from /opt/airflow/dags/Cargar_datos.py
[2025-03-27T02:23:02.354+0000] {processor.py:178} INFO - Processing /opt/airflow/dags/Cargar_datos.py took 0.741 seconds
[2025-03-27T02:23:25.672+0000] {processor.py:156} INFO - Started process (PID=442) to work on /opt/airflow/dags/Cargar_datos.py
[2025-03-27T02:23:25.675+0000] {processor.py:799} INFO - Processing file /opt/airflow/dags/Cargar_datos.py for tasks to queue
[2025-03-27T02:23:25.677+0000] {logging_mixin.py:149} INFO - [2025-03-27T02:23:25.676+0000] {dagbag.py:541} INFO - Filling up the DagBag from /opt/airflow/dags/Cargar_datos.py
[2025-03-27T02:23:26.345+0000] {logging_mixin.py:149} INFO - [2025-03-27T02:23:26.341+0000] {dagbag.py:350} ERROR - Failed to import: /opt/airflow/dags/Cargar_datos.py
Traceback (most recent call last):
  File "/home/airflow/.local/lib/python3.7/site-packages/airflow/models/dagbag.py", line 346, in parse
    loader.exec_module(new_module)
  File "<frozen importlib._bootstrap_external>", line 728, in exec_module
  File "<frozen importlib._bootstrap>", line 219, in _call_with_frames_removed
  File "/opt/airflow/dags/Cargar_datos.py", line 36, in <module>
    ).expand(run_id=[f"run_{i}" for i in range(10)])
  File "/home/airflow/.local/lib/python3.7/site-packages/airflow/models/mappedoperator.py", line 168, in expand
    validate_mapping_kwargs(self.operator_class, "expand", mapped_kwargs)
  File "/home/airflow/.local/lib/python3.7/site-packages/airflow/models/mappedoperator.py", line 111, in validate_mapping_kwargs
    raise TypeError(f"{op.__name__}.{func}() got {error}")
TypeError: PythonOperator.expand() got an unexpected keyword argument 'run_id'
[2025-03-27T02:23:26.359+0000] {logging_mixin.py:149} WARNING - /home/airflow/.local/lib/python3.7/site-packages/airflow/models/mappedoperator.py:163 UserWarning: Task 'loop_task' was never mapped!
[2025-03-27T02:23:26.359+0000] {processor.py:811} WARNING - No viable dags retrieved from /opt/airflow/dags/Cargar_datos.py
[2025-03-27T02:23:26.406+0000] {processor.py:178} INFO - Processing /opt/airflow/dags/Cargar_datos.py took 0.740 seconds
[2025-03-27T02:25:11.389+0000] {processor.py:156} INFO - Started process (PID=76) to work on /opt/airflow/dags/Cargar_datos.py
[2025-03-27T02:25:11.391+0000] {processor.py:799} INFO - Processing file /opt/airflow/dags/Cargar_datos.py for tasks to queue
[2025-03-27T02:25:11.393+0000] {logging_mixin.py:149} INFO - [2025-03-27T02:25:11.393+0000] {dagbag.py:541} INFO - Filling up the DagBag from /opt/airflow/dags/Cargar_datos.py
[2025-03-27T02:25:12.409+0000] {logging_mixin.py:149} INFO - [2025-03-27T02:25:12.406+0000] {dagbag.py:350} ERROR - Failed to import: /opt/airflow/dags/Cargar_datos.py
Traceback (most recent call last):
  File "/home/airflow/.local/lib/python3.7/site-packages/airflow/models/dagbag.py", line 346, in parse
    loader.exec_module(new_module)
  File "<frozen importlib._bootstrap_external>", line 728, in exec_module
  File "<frozen importlib._bootstrap>", line 219, in _call_with_frames_removed
  File "/opt/airflow/dags/Cargar_datos.py", line 36, in <module>
    ).expand(run_id=[f"run_{i}" for i in range(10)])
  File "/home/airflow/.local/lib/python3.7/site-packages/airflow/models/mappedoperator.py", line 168, in expand
    validate_mapping_kwargs(self.operator_class, "expand", mapped_kwargs)
  File "/home/airflow/.local/lib/python3.7/site-packages/airflow/models/mappedoperator.py", line 111, in validate_mapping_kwargs
    raise TypeError(f"{op.__name__}.{func}() got {error}")
TypeError: PythonOperator.expand() got an unexpected keyword argument 'run_id'
[2025-03-27T02:25:12.417+0000] {logging_mixin.py:149} WARNING - /home/airflow/.local/lib/python3.7/site-packages/airflow/models/mappedoperator.py:163 UserWarning: Task 'loop_task' was never mapped!
[2025-03-27T02:25:12.419+0000] {processor.py:811} WARNING - No viable dags retrieved from /opt/airflow/dags/Cargar_datos.py
[2025-03-27T02:25:12.530+0000] {processor.py:178} INFO - Processing /opt/airflow/dags/Cargar_datos.py took 1.160 seconds
[2025-03-27T02:25:43.055+0000] {processor.py:156} INFO - Started process (PID=104) to work on /opt/airflow/dags/Cargar_datos.py
[2025-03-27T02:25:43.057+0000] {processor.py:799} INFO - Processing file /opt/airflow/dags/Cargar_datos.py for tasks to queue
[2025-03-27T02:25:43.059+0000] {logging_mixin.py:149} INFO - [2025-03-27T02:25:43.058+0000] {dagbag.py:541} INFO - Filling up the DagBag from /opt/airflow/dags/Cargar_datos.py
[2025-03-27T02:25:43.795+0000] {logging_mixin.py:149} INFO - [2025-03-27T02:25:43.791+0000] {dagbag.py:350} ERROR - Failed to import: /opt/airflow/dags/Cargar_datos.py
Traceback (most recent call last):
  File "/home/airflow/.local/lib/python3.7/site-packages/airflow/models/dagbag.py", line 346, in parse
    loader.exec_module(new_module)
  File "<frozen importlib._bootstrap_external>", line 728, in exec_module
  File "<frozen importlib._bootstrap>", line 219, in _call_with_frames_removed
  File "/opt/airflow/dags/Cargar_datos.py", line 36, in <module>
    ).expand(run_id=[f"run_{i}" for i in range(10)])
  File "/home/airflow/.local/lib/python3.7/site-packages/airflow/models/mappedoperator.py", line 168, in expand
    validate_mapping_kwargs(self.operator_class, "expand", mapped_kwargs)
  File "/home/airflow/.local/lib/python3.7/site-packages/airflow/models/mappedoperator.py", line 111, in validate_mapping_kwargs
    raise TypeError(f"{op.__name__}.{func}() got {error}")
TypeError: PythonOperator.expand() got an unexpected keyword argument 'run_id'
[2025-03-27T02:25:43.801+0000] {logging_mixin.py:149} WARNING - /home/airflow/.local/lib/python3.7/site-packages/airflow/models/mappedoperator.py:163 UserWarning: Task 'loop_task' was never mapped!
[2025-03-27T02:25:43.802+0000] {processor.py:811} WARNING - No viable dags retrieved from /opt/airflow/dags/Cargar_datos.py
[2025-03-27T02:25:43.831+0000] {processor.py:178} INFO - Processing /opt/airflow/dags/Cargar_datos.py took 0.781 seconds
[2025-03-27T02:26:14.121+0000] {processor.py:156} INFO - Started process (PID=133) to work on /opt/airflow/dags/Cargar_datos.py
[2025-03-27T02:26:14.123+0000] {processor.py:799} INFO - Processing file /opt/airflow/dags/Cargar_datos.py for tasks to queue
[2025-03-27T02:26:14.124+0000] {logging_mixin.py:149} INFO - [2025-03-27T02:26:14.124+0000] {dagbag.py:541} INFO - Filling up the DagBag from /opt/airflow/dags/Cargar_datos.py
[2025-03-27T02:26:14.998+0000] {logging_mixin.py:149} INFO - [2025-03-27T02:26:14.995+0000] {dagbag.py:350} ERROR - Failed to import: /opt/airflow/dags/Cargar_datos.py
Traceback (most recent call last):
  File "/home/airflow/.local/lib/python3.7/site-packages/airflow/models/dagbag.py", line 346, in parse
    loader.exec_module(new_module)
  File "<frozen importlib._bootstrap_external>", line 728, in exec_module
  File "<frozen importlib._bootstrap>", line 219, in _call_with_frames_removed
  File "/opt/airflow/dags/Cargar_datos.py", line 36, in <module>
    ).expand(run_id=[f"run_{i}" for i in range(10)])
  File "/home/airflow/.local/lib/python3.7/site-packages/airflow/models/mappedoperator.py", line 168, in expand
    validate_mapping_kwargs(self.operator_class, "expand", mapped_kwargs)
  File "/home/airflow/.local/lib/python3.7/site-packages/airflow/models/mappedoperator.py", line 111, in validate_mapping_kwargs
    raise TypeError(f"{op.__name__}.{func}() got {error}")
TypeError: PythonOperator.expand() got an unexpected keyword argument 'run_id'
[2025-03-27T02:26:15.004+0000] {logging_mixin.py:149} WARNING - /home/airflow/.local/lib/python3.7/site-packages/airflow/models/mappedoperator.py:163 UserWarning: Task 'loop_task' was never mapped!
[2025-03-27T02:26:15.004+0000] {processor.py:811} WARNING - No viable dags retrieved from /opt/airflow/dags/Cargar_datos.py
[2025-03-27T02:26:15.031+0000] {processor.py:178} INFO - Processing /opt/airflow/dags/Cargar_datos.py took 0.918 seconds
[2025-03-27T02:26:45.396+0000] {processor.py:156} INFO - Started process (PID=162) to work on /opt/airflow/dags/Cargar_datos.py
[2025-03-27T02:26:45.399+0000] {processor.py:799} INFO - Processing file /opt/airflow/dags/Cargar_datos.py for tasks to queue
[2025-03-27T02:26:45.400+0000] {logging_mixin.py:149} INFO - [2025-03-27T02:26:45.400+0000] {dagbag.py:541} INFO - Filling up the DagBag from /opt/airflow/dags/Cargar_datos.py
[2025-03-27T02:26:46.116+0000] {logging_mixin.py:149} INFO - [2025-03-27T02:26:46.114+0000] {dagbag.py:350} ERROR - Failed to import: /opt/airflow/dags/Cargar_datos.py
Traceback (most recent call last):
  File "/home/airflow/.local/lib/python3.7/site-packages/airflow/models/dagbag.py", line 346, in parse
    loader.exec_module(new_module)
  File "<frozen importlib._bootstrap_external>", line 728, in exec_module
  File "<frozen importlib._bootstrap>", line 219, in _call_with_frames_removed
  File "/opt/airflow/dags/Cargar_datos.py", line 36, in <module>
    ).expand(run_id=[f"run_{i}" for i in range(10)])
  File "/home/airflow/.local/lib/python3.7/site-packages/airflow/models/mappedoperator.py", line 168, in expand
    validate_mapping_kwargs(self.operator_class, "expand", mapped_kwargs)
  File "/home/airflow/.local/lib/python3.7/site-packages/airflow/models/mappedoperator.py", line 111, in validate_mapping_kwargs
    raise TypeError(f"{op.__name__}.{func}() got {error}")
TypeError: PythonOperator.expand() got an unexpected keyword argument 'run_id'
[2025-03-27T02:26:46.122+0000] {logging_mixin.py:149} WARNING - /home/airflow/.local/lib/python3.7/site-packages/airflow/models/mappedoperator.py:163 UserWarning: Task 'loop_task' was never mapped!
[2025-03-27T02:26:46.122+0000] {processor.py:811} WARNING - No viable dags retrieved from /opt/airflow/dags/Cargar_datos.py
[2025-03-27T02:26:46.146+0000] {processor.py:178} INFO - Processing /opt/airflow/dags/Cargar_datos.py took 0.757 seconds
[2025-03-27T02:27:16.592+0000] {processor.py:156} INFO - Started process (PID=191) to work on /opt/airflow/dags/Cargar_datos.py
[2025-03-27T02:27:16.594+0000] {processor.py:799} INFO - Processing file /opt/airflow/dags/Cargar_datos.py for tasks to queue
[2025-03-27T02:27:16.595+0000] {logging_mixin.py:149} INFO - [2025-03-27T02:27:16.594+0000] {dagbag.py:541} INFO - Filling up the DagBag from /opt/airflow/dags/Cargar_datos.py
[2025-03-27T02:27:17.381+0000] {logging_mixin.py:149} INFO - [2025-03-27T02:27:17.379+0000] {dagbag.py:350} ERROR - Failed to import: /opt/airflow/dags/Cargar_datos.py
Traceback (most recent call last):
  File "/home/airflow/.local/lib/python3.7/site-packages/airflow/models/dagbag.py", line 346, in parse
    loader.exec_module(new_module)
  File "<frozen importlib._bootstrap_external>", line 728, in exec_module
  File "<frozen importlib._bootstrap>", line 219, in _call_with_frames_removed
  File "/opt/airflow/dags/Cargar_datos.py", line 36, in <module>
    ).expand(run_id=[f"run_{i}" for i in range(10)])
  File "/home/airflow/.local/lib/python3.7/site-packages/airflow/models/mappedoperator.py", line 168, in expand
    validate_mapping_kwargs(self.operator_class, "expand", mapped_kwargs)
  File "/home/airflow/.local/lib/python3.7/site-packages/airflow/models/mappedoperator.py", line 111, in validate_mapping_kwargs
    raise TypeError(f"{op.__name__}.{func}() got {error}")
TypeError: PythonOperator.expand() got an unexpected keyword argument 'run_id'
[2025-03-27T02:27:17.387+0000] {logging_mixin.py:149} WARNING - /home/airflow/.local/lib/python3.7/site-packages/airflow/models/mappedoperator.py:163 UserWarning: Task 'loop_task' was never mapped!
[2025-03-27T02:27:17.387+0000] {processor.py:811} WARNING - No viable dags retrieved from /opt/airflow/dags/Cargar_datos.py
[2025-03-27T02:27:17.412+0000] {processor.py:178} INFO - Processing /opt/airflow/dags/Cargar_datos.py took 0.826 seconds
[2025-03-27T02:27:47.631+0000] {processor.py:156} INFO - Started process (PID=221) to work on /opt/airflow/dags/Cargar_datos.py
[2025-03-27T02:27:47.636+0000] {processor.py:799} INFO - Processing file /opt/airflow/dags/Cargar_datos.py for tasks to queue
[2025-03-27T02:27:47.637+0000] {logging_mixin.py:149} INFO - [2025-03-27T02:27:47.637+0000] {dagbag.py:541} INFO - Filling up the DagBag from /opt/airflow/dags/Cargar_datos.py
[2025-03-27T02:27:48.478+0000] {logging_mixin.py:149} INFO - [2025-03-27T02:27:48.475+0000] {dagbag.py:350} ERROR - Failed to import: /opt/airflow/dags/Cargar_datos.py
Traceback (most recent call last):
  File "/home/airflow/.local/lib/python3.7/site-packages/airflow/models/dagbag.py", line 346, in parse
    loader.exec_module(new_module)
  File "<frozen importlib._bootstrap_external>", line 728, in exec_module
  File "<frozen importlib._bootstrap>", line 219, in _call_with_frames_removed
  File "/opt/airflow/dags/Cargar_datos.py", line 36, in <module>
    ).expand(run_id=[f"run_{i}" for i in range(10)])
  File "/home/airflow/.local/lib/python3.7/site-packages/airflow/models/mappedoperator.py", line 168, in expand
    validate_mapping_kwargs(self.operator_class, "expand", mapped_kwargs)
  File "/home/airflow/.local/lib/python3.7/site-packages/airflow/models/mappedoperator.py", line 111, in validate_mapping_kwargs
    raise TypeError(f"{op.__name__}.{func}() got {error}")
TypeError: PythonOperator.expand() got an unexpected keyword argument 'run_id'
[2025-03-27T02:27:48.484+0000] {logging_mixin.py:149} WARNING - /home/airflow/.local/lib/python3.7/site-packages/airflow/models/mappedoperator.py:163 UserWarning: Task 'loop_task' was never mapped!
[2025-03-27T02:27:48.485+0000] {processor.py:811} WARNING - No viable dags retrieved from /opt/airflow/dags/Cargar_datos.py
[2025-03-27T02:27:48.512+0000] {processor.py:178} INFO - Processing /opt/airflow/dags/Cargar_datos.py took 0.888 seconds
[2025-03-27T02:28:19.060+0000] {processor.py:156} INFO - Started process (PID=257) to work on /opt/airflow/dags/Cargar_datos.py
[2025-03-27T02:28:19.062+0000] {processor.py:799} INFO - Processing file /opt/airflow/dags/Cargar_datos.py for tasks to queue
[2025-03-27T02:28:19.063+0000] {logging_mixin.py:149} INFO - [2025-03-27T02:28:19.063+0000] {dagbag.py:541} INFO - Filling up the DagBag from /opt/airflow/dags/Cargar_datos.py
[2025-03-27T02:28:19.672+0000] {logging_mixin.py:149} INFO - [2025-03-27T02:28:19.670+0000] {dagbag.py:350} ERROR - Failed to import: /opt/airflow/dags/Cargar_datos.py
Traceback (most recent call last):
  File "/home/airflow/.local/lib/python3.7/site-packages/airflow/models/dagbag.py", line 346, in parse
    loader.exec_module(new_module)
  File "<frozen importlib._bootstrap_external>", line 728, in exec_module
  File "<frozen importlib._bootstrap>", line 219, in _call_with_frames_removed
  File "/opt/airflow/dags/Cargar_datos.py", line 36, in <module>
    ).expand(run_id=[f"run_{i}" for i in range(10)])
  File "/home/airflow/.local/lib/python3.7/site-packages/airflow/models/mappedoperator.py", line 168, in expand
    validate_mapping_kwargs(self.operator_class, "expand", mapped_kwargs)
  File "/home/airflow/.local/lib/python3.7/site-packages/airflow/models/mappedoperator.py", line 111, in validate_mapping_kwargs
    raise TypeError(f"{op.__name__}.{func}() got {error}")
TypeError: PythonOperator.expand() got an unexpected keyword argument 'run_id'
[2025-03-27T02:28:19.678+0000] {logging_mixin.py:149} WARNING - /home/airflow/.local/lib/python3.7/site-packages/airflow/models/mappedoperator.py:163 UserWarning: Task 'loop_task' was never mapped!
[2025-03-27T02:28:19.679+0000] {processor.py:811} WARNING - No viable dags retrieved from /opt/airflow/dags/Cargar_datos.py
[2025-03-27T02:28:19.712+0000] {processor.py:178} INFO - Processing /opt/airflow/dags/Cargar_datos.py took 0.660 seconds
[2025-03-27T02:34:35.052+0000] {processor.py:156} INFO - Started process (PID=77) to work on /opt/airflow/dags/Cargar_datos.py
[2025-03-27T02:34:35.066+0000] {processor.py:799} INFO - Processing file /opt/airflow/dags/Cargar_datos.py for tasks to queue
[2025-03-27T02:34:35.069+0000] {logging_mixin.py:149} INFO - [2025-03-27T02:34:35.069+0000] {dagbag.py:541} INFO - Filling up the DagBag from /opt/airflow/dags/Cargar_datos.py
[2025-03-27T02:34:36.711+0000] {logging_mixin.py:149} INFO - [2025-03-27T02:34:36.709+0000] {dagbag.py:350} ERROR - Failed to import: /opt/airflow/dags/Cargar_datos.py
Traceback (most recent call last):
  File "/home/airflow/.local/lib/python3.7/site-packages/airflow/models/dagbag.py", line 346, in parse
    loader.exec_module(new_module)
  File "<frozen importlib._bootstrap_external>", line 728, in exec_module
  File "<frozen importlib._bootstrap>", line 219, in _call_with_frames_removed
  File "/opt/airflow/dags/Cargar_datos.py", line 125, in <module>
    python_callable=check_file_exists,
NameError: name 'check_file_exists' is not defined
[2025-03-27T02:34:36.711+0000] {processor.py:811} WARNING - No viable dags retrieved from /opt/airflow/dags/Cargar_datos.py
[2025-03-27T02:34:36.774+0000] {processor.py:178} INFO - Processing /opt/airflow/dags/Cargar_datos.py took 1.747 seconds
[2025-03-27T02:35:07.385+0000] {processor.py:156} INFO - Started process (PID=106) to work on /opt/airflow/dags/Cargar_datos.py
[2025-03-27T02:35:07.388+0000] {processor.py:799} INFO - Processing file /opt/airflow/dags/Cargar_datos.py for tasks to queue
[2025-03-27T02:35:07.389+0000] {logging_mixin.py:149} INFO - [2025-03-27T02:35:07.389+0000] {dagbag.py:541} INFO - Filling up the DagBag from /opt/airflow/dags/Cargar_datos.py
[2025-03-27T02:35:08.896+0000] {logging_mixin.py:149} INFO - [2025-03-27T02:35:08.893+0000] {dagbag.py:350} ERROR - Failed to import: /opt/airflow/dags/Cargar_datos.py
Traceback (most recent call last):
  File "/home/airflow/.local/lib/python3.7/site-packages/airflow/models/dagbag.py", line 346, in parse
    loader.exec_module(new_module)
  File "<frozen importlib._bootstrap_external>", line 728, in exec_module
  File "<frozen importlib._bootstrap>", line 219, in _call_with_frames_removed
  File "/opt/airflow/dags/Cargar_datos.py", line 125, in <module>
    python_callable=check_file_exists,
NameError: name 'check_file_exists' is not defined
[2025-03-27T02:35:08.897+0000] {processor.py:811} WARNING - No viable dags retrieved from /opt/airflow/dags/Cargar_datos.py
[2025-03-27T02:35:08.930+0000] {processor.py:178} INFO - Processing /opt/airflow/dags/Cargar_datos.py took 1.552 seconds
[2025-03-27T02:35:39.351+0000] {processor.py:156} INFO - Started process (PID=135) to work on /opt/airflow/dags/Cargar_datos.py
[2025-03-27T02:35:39.353+0000] {processor.py:799} INFO - Processing file /opt/airflow/dags/Cargar_datos.py for tasks to queue
[2025-03-27T02:35:39.355+0000] {logging_mixin.py:149} INFO - [2025-03-27T02:35:39.354+0000] {dagbag.py:541} INFO - Filling up the DagBag from /opt/airflow/dags/Cargar_datos.py
[2025-03-27T02:35:40.081+0000] {logging_mixin.py:149} INFO - [2025-03-27T02:35:40.080+0000] {dagbag.py:350} ERROR - Failed to import: /opt/airflow/dags/Cargar_datos.py
Traceback (most recent call last):
  File "/home/airflow/.local/lib/python3.7/site-packages/airflow/models/dagbag.py", line 346, in parse
    loader.exec_module(new_module)
  File "<frozen importlib._bootstrap_external>", line 728, in exec_module
  File "<frozen importlib._bootstrap>", line 219, in _call_with_frames_removed
  File "/opt/airflow/dags/Cargar_datos.py", line 125, in <module>
    python_callable=check_file_exists,
NameError: name 'check_file_exists' is not defined
[2025-03-27T02:35:40.082+0000] {processor.py:811} WARNING - No viable dags retrieved from /opt/airflow/dags/Cargar_datos.py
[2025-03-27T02:35:40.111+0000] {processor.py:178} INFO - Processing /opt/airflow/dags/Cargar_datos.py took 0.768 seconds
[2025-03-27T02:36:10.861+0000] {processor.py:156} INFO - Started process (PID=164) to work on /opt/airflow/dags/Cargar_datos.py
[2025-03-27T02:36:10.864+0000] {processor.py:799} INFO - Processing file /opt/airflow/dags/Cargar_datos.py for tasks to queue
[2025-03-27T02:36:10.865+0000] {logging_mixin.py:149} INFO - [2025-03-27T02:36:10.865+0000] {dagbag.py:541} INFO - Filling up the DagBag from /opt/airflow/dags/Cargar_datos.py
[2025-03-27T02:36:11.638+0000] {logging_mixin.py:149} INFO - [2025-03-27T02:36:11.637+0000] {dagbag.py:350} ERROR - Failed to import: /opt/airflow/dags/Cargar_datos.py
Traceback (most recent call last):
  File "/home/airflow/.local/lib/python3.7/site-packages/airflow/models/dagbag.py", line 346, in parse
    loader.exec_module(new_module)
  File "<frozen importlib._bootstrap_external>", line 728, in exec_module
  File "<frozen importlib._bootstrap>", line 219, in _call_with_frames_removed
  File "/opt/airflow/dags/Cargar_datos.py", line 125, in <module>
    python_callable=check_file_exists,
NameError: name 'check_file_exists' is not defined
[2025-03-27T02:36:11.639+0000] {processor.py:811} WARNING - No viable dags retrieved from /opt/airflow/dags/Cargar_datos.py
[2025-03-27T02:36:11.665+0000] {processor.py:178} INFO - Processing /opt/airflow/dags/Cargar_datos.py took 0.812 seconds
[2025-03-27T02:36:20.642+0000] {processor.py:156} INFO - Started process (PID=192) to work on /opt/airflow/dags/Cargar_datos.py
[2025-03-27T02:36:20.644+0000] {processor.py:799} INFO - Processing file /opt/airflow/dags/Cargar_datos.py for tasks to queue
[2025-03-27T02:36:20.645+0000] {logging_mixin.py:149} INFO - [2025-03-27T02:36:20.645+0000] {dagbag.py:541} INFO - Filling up the DagBag from /opt/airflow/dags/Cargar_datos.py
[2025-03-27T02:36:21.540+0000] {processor.py:809} INFO - DAG(s) dict_keys(['Cargar_data']) retrieved from /opt/airflow/dags/Cargar_datos.py
[2025-03-27T02:36:21.889+0000] {logging_mixin.py:149} INFO - [2025-03-27T02:36:21.888+0000] {manager.py:504} INFO - Created Permission View: can delete on DAG:Cargar_data
[2025-03-27T02:36:21.902+0000] {logging_mixin.py:149} INFO - [2025-03-27T02:36:21.902+0000] {manager.py:504} INFO - Created Permission View: can read on DAG:Cargar_data
[2025-03-27T02:36:21.914+0000] {logging_mixin.py:149} INFO - [2025-03-27T02:36:21.914+0000] {manager.py:504} INFO - Created Permission View: can edit on DAG:Cargar_data
[2025-03-27T02:36:21.915+0000] {logging_mixin.py:149} INFO - [2025-03-27T02:36:21.914+0000] {dag.py:2726} INFO - Sync 1 DAGs
[2025-03-27T02:36:21.934+0000] {logging_mixin.py:149} INFO - [2025-03-27T02:36:21.934+0000] {dag.py:2747} INFO - Creating ORM DAG for Cargar_data
[2025-03-27T02:36:21.954+0000] {logging_mixin.py:149} INFO - [2025-03-27T02:36:21.953+0000] {dag.py:3490} INFO - Setting next_dagrun for Cargar_data to 2025-03-27T02:36:16.953624+00:00, run_after=2025-03-27T02:36:21.953624+00:00
[2025-03-27T02:36:21.980+0000] {processor.py:178} INFO - Processing /opt/airflow/dags/Cargar_datos.py took 1.348 seconds
[2025-03-27T02:36:52.323+0000] {processor.py:156} INFO - Started process (PID=221) to work on /opt/airflow/dags/Cargar_datos.py
[2025-03-27T02:36:52.325+0000] {processor.py:799} INFO - Processing file /opt/airflow/dags/Cargar_datos.py for tasks to queue
[2025-03-27T02:36:52.327+0000] {logging_mixin.py:149} INFO - [2025-03-27T02:36:52.327+0000] {dagbag.py:541} INFO - Filling up the DagBag from /opt/airflow/dags/Cargar_datos.py
[2025-03-27T02:36:53.117+0000] {processor.py:809} INFO - DAG(s) dict_keys(['Cargar_data']) retrieved from /opt/airflow/dags/Cargar_datos.py
[2025-03-27T02:36:53.160+0000] {logging_mixin.py:149} INFO - [2025-03-27T02:36:53.160+0000] {dag.py:2726} INFO - Sync 1 DAGs
[2025-03-27T02:36:53.196+0000] {logging_mixin.py:149} INFO - [2025-03-27T02:36:53.196+0000] {dag.py:3490} INFO - Setting next_dagrun for Cargar_data to 2025-03-27T02:36:48.196073+00:00, run_after=2025-03-27T02:36:53.196073+00:00
[2025-03-27T02:36:53.222+0000] {processor.py:178} INFO - Processing /opt/airflow/dags/Cargar_datos.py took 0.906 seconds
[2025-03-27T02:37:23.751+0000] {processor.py:156} INFO - Started process (PID=250) to work on /opt/airflow/dags/Cargar_datos.py
[2025-03-27T02:37:23.755+0000] {processor.py:799} INFO - Processing file /opt/airflow/dags/Cargar_datos.py for tasks to queue
[2025-03-27T02:37:23.756+0000] {logging_mixin.py:149} INFO - [2025-03-27T02:37:23.756+0000] {dagbag.py:541} INFO - Filling up the DagBag from /opt/airflow/dags/Cargar_datos.py
[2025-03-27T02:37:24.372+0000] {processor.py:809} INFO - DAG(s) dict_keys(['Cargar_data']) retrieved from /opt/airflow/dags/Cargar_datos.py
[2025-03-27T02:37:24.416+0000] {logging_mixin.py:149} INFO - [2025-03-27T02:37:24.416+0000] {dag.py:2726} INFO - Sync 1 DAGs
[2025-03-27T02:37:24.453+0000] {logging_mixin.py:149} INFO - [2025-03-27T02:37:24.453+0000] {dag.py:3490} INFO - Setting next_dagrun for Cargar_data to 2025-03-27T02:37:19.453244+00:00, run_after=2025-03-27T02:37:24.453244+00:00
[2025-03-27T02:37:24.483+0000] {processor.py:178} INFO - Processing /opt/airflow/dags/Cargar_datos.py took 0.739 seconds
[2025-03-27T02:37:54.806+0000] {processor.py:156} INFO - Started process (PID=271) to work on /opt/airflow/dags/Cargar_datos.py
[2025-03-27T02:37:54.808+0000] {processor.py:799} INFO - Processing file /opt/airflow/dags/Cargar_datos.py for tasks to queue
[2025-03-27T02:37:54.809+0000] {logging_mixin.py:149} INFO - [2025-03-27T02:37:54.809+0000] {dagbag.py:541} INFO - Filling up the DagBag from /opt/airflow/dags/Cargar_datos.py
[2025-03-27T02:37:55.485+0000] {processor.py:809} INFO - DAG(s) dict_keys(['Cargar_data']) retrieved from /opt/airflow/dags/Cargar_datos.py
[2025-03-27T02:37:55.577+0000] {logging_mixin.py:149} INFO - [2025-03-27T02:37:55.576+0000] {dag.py:2726} INFO - Sync 1 DAGs
[2025-03-27T02:37:55.669+0000] {logging_mixin.py:149} INFO - [2025-03-27T02:37:55.668+0000] {dag.py:3490} INFO - Setting next_dagrun for Cargar_data to 2025-03-27T02:37:50.667819+00:00, run_after=2025-03-27T02:37:55.667819+00:00
[2025-03-27T02:37:55.722+0000] {processor.py:178} INFO - Processing /opt/airflow/dags/Cargar_datos.py took 0.922 seconds
[2025-03-27T02:47:19.779+0000] {processor.py:156} INFO - Started process (PID=101) to work on /opt/airflow/dags/Cargar_datos.py
[2025-03-27T02:47:19.789+0000] {processor.py:799} INFO - Processing file /opt/airflow/dags/Cargar_datos.py for tasks to queue
[2025-03-27T02:47:19.802+0000] {logging_mixin.py:149} INFO - [2025-03-27T02:47:19.802+0000] {dagbag.py:541} INFO - Filling up the DagBag from /opt/airflow/dags/Cargar_datos.py
[2025-03-27T02:47:25.650+0000] {processor.py:809} INFO - DAG(s) dict_keys(['Cargar_data']) retrieved from /opt/airflow/dags/Cargar_datos.py
[2025-03-27T02:47:26.444+0000] {logging_mixin.py:149} INFO - [2025-03-27T02:47:26.443+0000] {dag.py:2726} INFO - Sync 1 DAGs
[2025-03-27T02:47:26.598+0000] {logging_mixin.py:149} INFO - [2025-03-27T02:47:26.598+0000] {dag.py:3490} INFO - Setting next_dagrun for Cargar_data to 2025-03-27T02:47:21.596745+00:00, run_after=2025-03-27T02:47:26.596745+00:00
[2025-03-27T02:47:26.738+0000] {processor.py:178} INFO - Processing /opt/airflow/dags/Cargar_datos.py took 6.998 seconds
[2025-03-27T02:47:57.294+0000] {processor.py:156} INFO - Started process (PID=126) to work on /opt/airflow/dags/Cargar_datos.py
[2025-03-27T02:47:57.296+0000] {processor.py:799} INFO - Processing file /opt/airflow/dags/Cargar_datos.py for tasks to queue
[2025-03-27T02:47:57.297+0000] {logging_mixin.py:149} INFO - [2025-03-27T02:47:57.297+0000] {dagbag.py:541} INFO - Filling up the DagBag from /opt/airflow/dags/Cargar_datos.py
[2025-03-27T02:47:57.863+0000] {processor.py:809} INFO - DAG(s) dict_keys(['Cargar_data']) retrieved from /opt/airflow/dags/Cargar_datos.py
[2025-03-27T02:47:57.924+0000] {logging_mixin.py:149} INFO - [2025-03-27T02:47:57.923+0000] {dag.py:2726} INFO - Sync 1 DAGs
[2025-03-27T02:47:57.971+0000] {logging_mixin.py:149} INFO - [2025-03-27T02:47:57.971+0000] {dag.py:3490} INFO - Setting next_dagrun for Cargar_data to 2025-03-27T02:47:52.970685+00:00, run_after=2025-03-27T02:47:57.970685+00:00
[2025-03-27T02:47:58.001+0000] {processor.py:178} INFO - Processing /opt/airflow/dags/Cargar_datos.py took 0.714 seconds
[2025-03-27T02:48:28.595+0000] {processor.py:156} INFO - Started process (PID=155) to work on /opt/airflow/dags/Cargar_datos.py
[2025-03-27T02:48:28.597+0000] {processor.py:799} INFO - Processing file /opt/airflow/dags/Cargar_datos.py for tasks to queue
[2025-03-27T02:48:28.598+0000] {logging_mixin.py:149} INFO - [2025-03-27T02:48:28.598+0000] {dagbag.py:541} INFO - Filling up the DagBag from /opt/airflow/dags/Cargar_datos.py
[2025-03-27T02:48:29.347+0000] {processor.py:809} INFO - DAG(s) dict_keys(['Cargar_data']) retrieved from /opt/airflow/dags/Cargar_datos.py
[2025-03-27T02:48:29.397+0000] {logging_mixin.py:149} INFO - [2025-03-27T02:48:29.396+0000] {dag.py:2726} INFO - Sync 1 DAGs
[2025-03-27T02:48:29.437+0000] {logging_mixin.py:149} INFO - [2025-03-27T02:48:29.437+0000] {dag.py:3490} INFO - Setting next_dagrun for Cargar_data to 2025-03-27T02:48:24.437169+00:00, run_after=2025-03-27T02:48:29.437169+00:00
[2025-03-27T02:48:29.470+0000] {processor.py:178} INFO - Processing /opt/airflow/dags/Cargar_datos.py took 0.882 seconds
[2025-03-27T02:48:59.537+0000] {processor.py:156} INFO - Started process (PID=188) to work on /opt/airflow/dags/Cargar_datos.py
[2025-03-27T02:48:59.540+0000] {processor.py:799} INFO - Processing file /opt/airflow/dags/Cargar_datos.py for tasks to queue
[2025-03-27T02:48:59.543+0000] {logging_mixin.py:149} INFO - [2025-03-27T02:48:59.541+0000] {dagbag.py:541} INFO - Filling up the DagBag from /opt/airflow/dags/Cargar_datos.py
[2025-03-27T02:49:00.188+0000] {processor.py:809} INFO - DAG(s) dict_keys(['Cargar_data']) retrieved from /opt/airflow/dags/Cargar_datos.py
[2025-03-27T02:49:00.286+0000] {logging_mixin.py:149} INFO - [2025-03-27T02:49:00.285+0000] {dag.py:2726} INFO - Sync 1 DAGs
[2025-03-27T02:49:00.442+0000] {logging_mixin.py:149} INFO - [2025-03-27T02:49:00.441+0000] {dag.py:3490} INFO - Setting next_dagrun for Cargar_data to 2025-03-27T02:48:57.179374+00:00, run_after=2025-03-27T02:49:02.179374+00:00
[2025-03-27T02:49:00.570+0000] {processor.py:178} INFO - Processing /opt/airflow/dags/Cargar_datos.py took 1.042 seconds
[2025-03-27T02:49:30.948+0000] {processor.py:156} INFO - Started process (PID=217) to work on /opt/airflow/dags/Cargar_datos.py
[2025-03-27T02:49:30.950+0000] {processor.py:799} INFO - Processing file /opt/airflow/dags/Cargar_datos.py for tasks to queue
[2025-03-27T02:49:30.951+0000] {logging_mixin.py:149} INFO - [2025-03-27T02:49:30.951+0000] {dagbag.py:541} INFO - Filling up the DagBag from /opt/airflow/dags/Cargar_datos.py
[2025-03-27T02:49:31.617+0000] {processor.py:809} INFO - DAG(s) dict_keys(['Cargar_data']) retrieved from /opt/airflow/dags/Cargar_datos.py
[2025-03-27T02:49:31.681+0000] {logging_mixin.py:149} INFO - [2025-03-27T02:49:31.680+0000] {dag.py:2726} INFO - Sync 1 DAGs
[2025-03-27T02:49:31.721+0000] {logging_mixin.py:149} INFO - [2025-03-27T02:49:31.721+0000] {dag.py:3490} INFO - Setting next_dagrun for Cargar_data to 2025-03-27T02:49:27.179374+00:00, run_after=2025-03-27T02:49:32.179374+00:00
[2025-03-27T02:49:31.754+0000] {processor.py:178} INFO - Processing /opt/airflow/dags/Cargar_datos.py took 0.814 seconds
[2025-03-27T02:50:02.205+0000] {processor.py:156} INFO - Started process (PID=251) to work on /opt/airflow/dags/Cargar_datos.py
[2025-03-27T02:50:02.213+0000] {processor.py:799} INFO - Processing file /opt/airflow/dags/Cargar_datos.py for tasks to queue
[2025-03-27T02:50:02.214+0000] {logging_mixin.py:149} INFO - [2025-03-27T02:50:02.214+0000] {dagbag.py:541} INFO - Filling up the DagBag from /opt/airflow/dags/Cargar_datos.py
[2025-03-27T02:50:04.521+0000] {processor.py:809} INFO - DAG(s) dict_keys(['Cargar_data']) retrieved from /opt/airflow/dags/Cargar_datos.py
[2025-03-27T02:50:04.637+0000] {logging_mixin.py:149} INFO - [2025-03-27T02:50:04.629+0000] {dag.py:2726} INFO - Sync 1 DAGs
[2025-03-27T02:50:04.949+0000] {processor.py:178} INFO - Processing /opt/airflow/dags/Cargar_datos.py took 2.783 seconds
[2025-03-27T02:50:35.404+0000] {processor.py:156} INFO - Started process (PID=288) to work on /opt/airflow/dags/Cargar_datos.py
[2025-03-27T02:50:35.416+0000] {processor.py:799} INFO - Processing file /opt/airflow/dags/Cargar_datos.py for tasks to queue
[2025-03-27T02:50:35.422+0000] {logging_mixin.py:149} INFO - [2025-03-27T02:50:35.421+0000] {dagbag.py:541} INFO - Filling up the DagBag from /opt/airflow/dags/Cargar_datos.py
[2025-03-27T02:50:37.720+0000] {processor.py:809} INFO - DAG(s) dict_keys(['Cargar_data']) retrieved from /opt/airflow/dags/Cargar_datos.py
[2025-03-27T02:50:37.870+0000] {logging_mixin.py:149} INFO - [2025-03-27T02:50:37.864+0000] {dag.py:2726} INFO - Sync 1 DAGs
[2025-03-27T02:50:38.345+0000] {processor.py:178} INFO - Processing /opt/airflow/dags/Cargar_datos.py took 2.958 seconds
[2025-03-27T02:51:08.755+0000] {processor.py:156} INFO - Started process (PID=325) to work on /opt/airflow/dags/Cargar_datos.py
[2025-03-27T02:51:08.760+0000] {processor.py:799} INFO - Processing file /opt/airflow/dags/Cargar_datos.py for tasks to queue
[2025-03-27T02:51:08.764+0000] {logging_mixin.py:149} INFO - [2025-03-27T02:51:08.763+0000] {dagbag.py:541} INFO - Filling up the DagBag from /opt/airflow/dags/Cargar_datos.py
[2025-03-27T02:51:10.473+0000] {processor.py:809} INFO - DAG(s) dict_keys(['Cargar_data']) retrieved from /opt/airflow/dags/Cargar_datos.py
[2025-03-27T02:51:10.589+0000] {logging_mixin.py:149} INFO - [2025-03-27T02:51:10.587+0000] {dag.py:2726} INFO - Sync 1 DAGs
[2025-03-27T02:51:10.876+0000] {processor.py:178} INFO - Processing /opt/airflow/dags/Cargar_datos.py took 2.137 seconds
[2025-03-27T02:51:41.310+0000] {processor.py:156} INFO - Started process (PID=358) to work on /opt/airflow/dags/Cargar_datos.py
[2025-03-27T02:51:41.323+0000] {processor.py:799} INFO - Processing file /opt/airflow/dags/Cargar_datos.py for tasks to queue
[2025-03-27T02:51:41.325+0000] {logging_mixin.py:149} INFO - [2025-03-27T02:51:41.325+0000] {dagbag.py:541} INFO - Filling up the DagBag from /opt/airflow/dags/Cargar_datos.py
[2025-03-27T02:51:44.274+0000] {processor.py:809} INFO - DAG(s) dict_keys(['Cargar_data']) retrieved from /opt/airflow/dags/Cargar_datos.py
[2025-03-27T02:51:44.642+0000] {logging_mixin.py:149} INFO - [2025-03-27T02:51:44.635+0000] {dag.py:2726} INFO - Sync 1 DAGs
[2025-03-27T02:51:45.156+0000] {processor.py:178} INFO - Processing /opt/airflow/dags/Cargar_datos.py took 3.875 seconds
[2025-03-27T02:52:21.648+0000] {processor.py:156} INFO - Started process (PID=409) to work on /opt/airflow/dags/Cargar_datos.py
[2025-03-27T02:52:21.663+0000] {processor.py:799} INFO - Processing file /opt/airflow/dags/Cargar_datos.py for tasks to queue
[2025-03-27T02:52:21.672+0000] {logging_mixin.py:149} INFO - [2025-03-27T02:52:21.671+0000] {dagbag.py:541} INFO - Filling up the DagBag from /opt/airflow/dags/Cargar_datos.py
[2025-03-27T02:52:24.245+0000] {processor.py:809} INFO - DAG(s) dict_keys(['Cargar_data']) retrieved from /opt/airflow/dags/Cargar_datos.py
[2025-03-27T02:52:24.470+0000] {logging_mixin.py:149} INFO - [2025-03-27T02:52:24.468+0000] {dag.py:2726} INFO - Sync 1 DAGs
[2025-03-27T02:52:24.855+0000] {processor.py:178} INFO - Processing /opt/airflow/dags/Cargar_datos.py took 3.260 seconds
[2025-03-27T02:52:57.843+0000] {processor.py:156} INFO - Started process (PID=439) to work on /opt/airflow/dags/Cargar_datos.py
[2025-03-27T02:52:57.848+0000] {processor.py:799} INFO - Processing file /opt/airflow/dags/Cargar_datos.py for tasks to queue
[2025-03-27T02:52:57.851+0000] {logging_mixin.py:149} INFO - [2025-03-27T02:52:57.850+0000] {dagbag.py:541} INFO - Filling up the DagBag from /opt/airflow/dags/Cargar_datos.py
[2025-03-27T02:52:58.967+0000] {processor.py:809} INFO - DAG(s) dict_keys(['Cargar_data']) retrieved from /opt/airflow/dags/Cargar_datos.py
[2025-03-27T02:52:59.037+0000] {logging_mixin.py:149} INFO - [2025-03-27T02:52:59.036+0000] {dag.py:2726} INFO - Sync 1 DAGs
[2025-03-27T02:52:59.262+0000] {processor.py:178} INFO - Processing /opt/airflow/dags/Cargar_datos.py took 1.425 seconds
[2025-03-27T02:53:29.724+0000] {processor.py:156} INFO - Started process (PID=468) to work on /opt/airflow/dags/Cargar_datos.py
[2025-03-27T02:53:29.726+0000] {processor.py:799} INFO - Processing file /opt/airflow/dags/Cargar_datos.py for tasks to queue
[2025-03-27T02:53:29.728+0000] {logging_mixin.py:149} INFO - [2025-03-27T02:53:29.727+0000] {dagbag.py:541} INFO - Filling up the DagBag from /opt/airflow/dags/Cargar_datos.py
[2025-03-27T02:53:31.328+0000] {processor.py:809} INFO - DAG(s) dict_keys(['Cargar_data']) retrieved from /opt/airflow/dags/Cargar_datos.py
[2025-03-27T02:53:31.402+0000] {logging_mixin.py:149} INFO - [2025-03-27T02:53:31.401+0000] {dag.py:2726} INFO - Sync 1 DAGs
[2025-03-27T02:53:31.460+0000] {logging_mixin.py:149} INFO - [2025-03-27T02:53:31.459+0000] {dag.py:3490} INFO - Setting next_dagrun for Cargar_data to 2025-03-27T02:53:26.457529+00:00, run_after=2025-03-27T02:53:31.457529+00:00
[2025-03-27T02:53:31.500+0000] {processor.py:178} INFO - Processing /opt/airflow/dags/Cargar_datos.py took 1.784 seconds
[2025-03-27T02:54:02.073+0000] {processor.py:156} INFO - Started process (PID=494) to work on /opt/airflow/dags/Cargar_datos.py
[2025-03-27T02:54:02.076+0000] {processor.py:799} INFO - Processing file /opt/airflow/dags/Cargar_datos.py for tasks to queue
[2025-03-27T02:54:02.077+0000] {logging_mixin.py:149} INFO - [2025-03-27T02:54:02.077+0000] {dagbag.py:541} INFO - Filling up the DagBag from /opt/airflow/dags/Cargar_datos.py
[2025-03-27T02:54:02.765+0000] {processor.py:809} INFO - DAG(s) dict_keys(['Cargar_data']) retrieved from /opt/airflow/dags/Cargar_datos.py
[2025-03-27T02:54:02.826+0000] {logging_mixin.py:149} INFO - [2025-03-27T02:54:02.823+0000] {dag.py:2726} INFO - Sync 1 DAGs
[2025-03-27T02:54:02.873+0000] {logging_mixin.py:149} INFO - [2025-03-27T02:54:02.872+0000] {dag.py:3490} INFO - Setting next_dagrun for Cargar_data to 2025-03-27T02:53:57.872524+00:00, run_after=2025-03-27T02:54:02.872524+00:00
[2025-03-27T02:54:02.910+0000] {processor.py:178} INFO - Processing /opt/airflow/dags/Cargar_datos.py took 0.842 seconds
[2025-03-27T02:54:33.641+0000] {processor.py:156} INFO - Started process (PID=518) to work on /opt/airflow/dags/Cargar_datos.py
[2025-03-27T02:54:33.646+0000] {processor.py:799} INFO - Processing file /opt/airflow/dags/Cargar_datos.py for tasks to queue
[2025-03-27T02:54:33.648+0000] {logging_mixin.py:149} INFO - [2025-03-27T02:54:33.647+0000] {dagbag.py:541} INFO - Filling up the DagBag from /opt/airflow/dags/Cargar_datos.py
[2025-03-27T02:54:34.297+0000] {processor.py:809} INFO - DAG(s) dict_keys(['Cargar_data']) retrieved from /opt/airflow/dags/Cargar_datos.py
[2025-03-27T02:54:34.338+0000] {logging_mixin.py:149} INFO - [2025-03-27T02:54:34.337+0000] {dag.py:2726} INFO - Sync 1 DAGs
[2025-03-27T02:54:34.376+0000] {logging_mixin.py:149} INFO - [2025-03-27T02:54:34.376+0000] {dag.py:3490} INFO - Setting next_dagrun for Cargar_data to 2025-03-27T02:54:29.375837+00:00, run_after=2025-03-27T02:54:34.375837+00:00
[2025-03-27T02:54:34.404+0000] {processor.py:178} INFO - Processing /opt/airflow/dags/Cargar_datos.py took 0.770 seconds
[2025-03-27T02:55:04.991+0000] {processor.py:156} INFO - Started process (PID=546) to work on /opt/airflow/dags/Cargar_datos.py
[2025-03-27T02:55:04.997+0000] {processor.py:799} INFO - Processing file /opt/airflow/dags/Cargar_datos.py for tasks to queue
[2025-03-27T02:55:05.005+0000] {logging_mixin.py:149} INFO - [2025-03-27T02:55:05.004+0000] {dagbag.py:541} INFO - Filling up the DagBag from /opt/airflow/dags/Cargar_datos.py
[2025-03-27T02:55:05.760+0000] {processor.py:809} INFO - DAG(s) dict_keys(['Cargar_data']) retrieved from /opt/airflow/dags/Cargar_datos.py
[2025-03-27T02:55:05.805+0000] {logging_mixin.py:149} INFO - [2025-03-27T02:55:05.805+0000] {dag.py:2726} INFO - Sync 1 DAGs
[2025-03-27T02:55:05.848+0000] {logging_mixin.py:149} INFO - [2025-03-27T02:55:05.848+0000] {dag.py:3490} INFO - Setting next_dagrun for Cargar_data to 2025-03-27T02:55:00.847818+00:00, run_after=2025-03-27T02:55:05.847818+00:00
[2025-03-27T02:55:05.876+0000] {processor.py:178} INFO - Processing /opt/airflow/dags/Cargar_datos.py took 0.897 seconds
[2025-03-27T02:55:36.205+0000] {processor.py:156} INFO - Started process (PID=568) to work on /opt/airflow/dags/Cargar_datos.py
[2025-03-27T02:55:36.207+0000] {processor.py:799} INFO - Processing file /opt/airflow/dags/Cargar_datos.py for tasks to queue
[2025-03-27T02:55:36.208+0000] {logging_mixin.py:149} INFO - [2025-03-27T02:55:36.208+0000] {dagbag.py:541} INFO - Filling up the DagBag from /opt/airflow/dags/Cargar_datos.py
[2025-03-27T02:55:37.116+0000] {processor.py:809} INFO - DAG(s) dict_keys(['Cargar_data']) retrieved from /opt/airflow/dags/Cargar_datos.py
[2025-03-27T02:55:37.170+0000] {logging_mixin.py:149} INFO - [2025-03-27T02:55:37.169+0000] {dag.py:2726} INFO - Sync 1 DAGs
[2025-03-27T02:55:37.216+0000] {logging_mixin.py:149} INFO - [2025-03-27T02:55:37.216+0000] {dag.py:3490} INFO - Setting next_dagrun for Cargar_data to 2025-03-27T02:55:32.215912+00:00, run_after=2025-03-27T02:55:37.215912+00:00
[2025-03-27T02:55:37.247+0000] {processor.py:178} INFO - Processing /opt/airflow/dags/Cargar_datos.py took 1.049 seconds
[2025-03-27T02:56:07.588+0000] {processor.py:156} INFO - Started process (PID=596) to work on /opt/airflow/dags/Cargar_datos.py
[2025-03-27T02:56:07.590+0000] {processor.py:799} INFO - Processing file /opt/airflow/dags/Cargar_datos.py for tasks to queue
[2025-03-27T02:56:07.591+0000] {logging_mixin.py:149} INFO - [2025-03-27T02:56:07.591+0000] {dagbag.py:541} INFO - Filling up the DagBag from /opt/airflow/dags/Cargar_datos.py
[2025-03-27T02:56:08.151+0000] {processor.py:809} INFO - DAG(s) dict_keys(['Cargar_data']) retrieved from /opt/airflow/dags/Cargar_datos.py
[2025-03-27T02:56:08.208+0000] {logging_mixin.py:149} INFO - [2025-03-27T02:56:08.208+0000] {dag.py:2726} INFO - Sync 1 DAGs
[2025-03-27T02:56:08.250+0000] {logging_mixin.py:149} INFO - [2025-03-27T02:56:08.250+0000] {dag.py:3490} INFO - Setting next_dagrun for Cargar_data to 2025-03-27T02:56:03.250170+00:00, run_after=2025-03-27T02:56:08.250170+00:00
[2025-03-27T02:56:08.279+0000] {processor.py:178} INFO - Processing /opt/airflow/dags/Cargar_datos.py took 0.697 seconds
[2025-03-27T02:56:38.345+0000] {processor.py:156} INFO - Started process (PID=625) to work on /opt/airflow/dags/Cargar_datos.py
[2025-03-27T02:56:38.347+0000] {processor.py:799} INFO - Processing file /opt/airflow/dags/Cargar_datos.py for tasks to queue
[2025-03-27T02:56:38.348+0000] {logging_mixin.py:149} INFO - [2025-03-27T02:56:38.348+0000] {dagbag.py:541} INFO - Filling up the DagBag from /opt/airflow/dags/Cargar_datos.py
[2025-03-27T02:56:38.925+0000] {processor.py:809} INFO - DAG(s) dict_keys(['Cargar_data']) retrieved from /opt/airflow/dags/Cargar_datos.py
[2025-03-27T02:56:38.970+0000] {logging_mixin.py:149} INFO - [2025-03-27T02:56:38.970+0000] {dag.py:2726} INFO - Sync 1 DAGs
[2025-03-27T02:56:39.022+0000] {logging_mixin.py:149} INFO - [2025-03-27T02:56:39.022+0000] {dag.py:3490} INFO - Setting next_dagrun for Cargar_data to 2025-03-27T02:56:34.021639+00:00, run_after=2025-03-27T02:56:39.021639+00:00
[2025-03-27T02:56:39.051+0000] {processor.py:178} INFO - Processing /opt/airflow/dags/Cargar_datos.py took 0.715 seconds
[2025-03-27T02:57:09.920+0000] {processor.py:156} INFO - Started process (PID=654) to work on /opt/airflow/dags/Cargar_datos.py
[2025-03-27T02:57:09.924+0000] {processor.py:799} INFO - Processing file /opt/airflow/dags/Cargar_datos.py for tasks to queue
[2025-03-27T02:57:09.926+0000] {logging_mixin.py:149} INFO - [2025-03-27T02:57:09.926+0000] {dagbag.py:541} INFO - Filling up the DagBag from /opt/airflow/dags/Cargar_datos.py
[2025-03-27T02:57:10.500+0000] {processor.py:809} INFO - DAG(s) dict_keys(['Cargar_data']) retrieved from /opt/airflow/dags/Cargar_datos.py
[2025-03-27T02:57:10.581+0000] {logging_mixin.py:149} INFO - [2025-03-27T02:57:10.579+0000] {dag.py:2726} INFO - Sync 1 DAGs
[2025-03-27T02:57:10.628+0000] {logging_mixin.py:149} INFO - [2025-03-27T02:57:10.627+0000] {dag.py:3490} INFO - Setting next_dagrun for Cargar_data to 2025-03-27T02:57:05.627412+00:00, run_after=2025-03-27T02:57:10.627412+00:00
[2025-03-27T02:57:10.658+0000] {processor.py:178} INFO - Processing /opt/airflow/dags/Cargar_datos.py took 0.744 seconds
[2025-03-27T02:57:41.407+0000] {processor.py:156} INFO - Started process (PID=683) to work on /opt/airflow/dags/Cargar_datos.py
[2025-03-27T02:57:41.409+0000] {processor.py:799} INFO - Processing file /opt/airflow/dags/Cargar_datos.py for tasks to queue
[2025-03-27T02:57:41.410+0000] {logging_mixin.py:149} INFO - [2025-03-27T02:57:41.410+0000] {dagbag.py:541} INFO - Filling up the DagBag from /opt/airflow/dags/Cargar_datos.py
[2025-03-27T02:57:41.950+0000] {processor.py:809} INFO - DAG(s) dict_keys(['Cargar_data']) retrieved from /opt/airflow/dags/Cargar_datos.py
[2025-03-27T02:57:41.992+0000] {logging_mixin.py:149} INFO - [2025-03-27T02:57:41.991+0000] {dag.py:2726} INFO - Sync 1 DAGs
[2025-03-27T02:57:42.035+0000] {logging_mixin.py:149} INFO - [2025-03-27T02:57:42.035+0000] {dag.py:3490} INFO - Setting next_dagrun for Cargar_data to 2025-03-27T02:57:37.033344+00:00, run_after=2025-03-27T02:57:42.033344+00:00
[2025-03-27T02:57:42.063+0000] {processor.py:178} INFO - Processing /opt/airflow/dags/Cargar_datos.py took 0.663 seconds
[2025-03-27T02:58:02.325+0000] {processor.py:156} INFO - Started process (PID=711) to work on /opt/airflow/dags/Cargar_datos.py
[2025-03-27T02:58:02.327+0000] {processor.py:799} INFO - Processing file /opt/airflow/dags/Cargar_datos.py for tasks to queue
[2025-03-27T02:58:02.328+0000] {logging_mixin.py:149} INFO - [2025-03-27T02:58:02.328+0000] {dagbag.py:541} INFO - Filling up the DagBag from /opt/airflow/dags/Cargar_datos.py
[2025-03-27T02:58:02.926+0000] {processor.py:809} INFO - DAG(s) dict_keys(['Cargar_data']) retrieved from /opt/airflow/dags/Cargar_datos.py
[2025-03-27T02:58:03.042+0000] {logging_mixin.py:149} INFO - [2025-03-27T02:58:03.041+0000] {dag.py:2726} INFO - Sync 1 DAGs
[2025-03-27T02:58:03.109+0000] {logging_mixin.py:149} INFO - [2025-03-27T02:58:03.109+0000] {dag.py:3490} INFO - Setting next_dagrun for Cargar_data to 2025-03-27T02:57:58.109160+00:00, run_after=2025-03-27T02:58:03.109160+00:00
[2025-03-27T02:58:03.178+0000] {processor.py:178} INFO - Processing /opt/airflow/dags/Cargar_datos.py took 0.859 seconds
[2025-03-27T02:58:33.375+0000] {processor.py:156} INFO - Started process (PID=740) to work on /opt/airflow/dags/Cargar_datos.py
[2025-03-27T02:58:33.378+0000] {processor.py:799} INFO - Processing file /opt/airflow/dags/Cargar_datos.py for tasks to queue
[2025-03-27T02:58:33.379+0000] {logging_mixin.py:149} INFO - [2025-03-27T02:58:33.378+0000] {dagbag.py:541} INFO - Filling up the DagBag from /opt/airflow/dags/Cargar_datos.py
[2025-03-27T02:58:33.893+0000] {processor.py:809} INFO - DAG(s) dict_keys(['Cargar_data']) retrieved from /opt/airflow/dags/Cargar_datos.py
[2025-03-27T02:58:33.936+0000] {logging_mixin.py:149} INFO - [2025-03-27T02:58:33.936+0000] {dag.py:2726} INFO - Sync 1 DAGs
[2025-03-27T02:58:33.980+0000] {logging_mixin.py:149} INFO - [2025-03-27T02:58:33.979+0000] {dag.py:3490} INFO - Setting next_dagrun for Cargar_data to 2025-03-27T02:58:28.979471+00:00, run_after=2025-03-27T02:58:33.979471+00:00
[2025-03-27T02:58:34.011+0000] {processor.py:178} INFO - Processing /opt/airflow/dags/Cargar_datos.py took 0.642 seconds
[2025-03-27T02:59:04.194+0000] {processor.py:156} INFO - Started process (PID=769) to work on /opt/airflow/dags/Cargar_datos.py
[2025-03-27T02:59:04.197+0000] {processor.py:799} INFO - Processing file /opt/airflow/dags/Cargar_datos.py for tasks to queue
[2025-03-27T02:59:04.198+0000] {logging_mixin.py:149} INFO - [2025-03-27T02:59:04.198+0000] {dagbag.py:541} INFO - Filling up the DagBag from /opt/airflow/dags/Cargar_datos.py
[2025-03-27T02:59:04.716+0000] {processor.py:809} INFO - DAG(s) dict_keys(['Cargar_data']) retrieved from /opt/airflow/dags/Cargar_datos.py
[2025-03-27T02:59:04.764+0000] {logging_mixin.py:149} INFO - [2025-03-27T02:59:04.764+0000] {dag.py:2726} INFO - Sync 1 DAGs
[2025-03-27T02:59:04.809+0000] {logging_mixin.py:149} INFO - [2025-03-27T02:59:04.809+0000] {dag.py:3490} INFO - Setting next_dagrun for Cargar_data to 2025-03-27T02:58:59.808779+00:00, run_after=2025-03-27T02:59:04.808779+00:00
[2025-03-27T02:59:04.841+0000] {processor.py:178} INFO - Processing /opt/airflow/dags/Cargar_datos.py took 0.653 seconds
[2025-03-27T02:59:19.037+0000] {processor.py:156} INFO - Started process (PID=781) to work on /opt/airflow/dags/Cargar_datos.py
[2025-03-27T02:59:19.041+0000] {processor.py:799} INFO - Processing file /opt/airflow/dags/Cargar_datos.py for tasks to queue
[2025-03-27T02:59:19.043+0000] {logging_mixin.py:149} INFO - [2025-03-27T02:59:19.043+0000] {dagbag.py:541} INFO - Filling up the DagBag from /opt/airflow/dags/Cargar_datos.py
[2025-03-27T02:59:19.732+0000] {processor.py:809} INFO - DAG(s) dict_keys(['Cargar_data']) retrieved from /opt/airflow/dags/Cargar_datos.py
[2025-03-27T02:59:19.851+0000] {logging_mixin.py:149} INFO - [2025-03-27T02:59:19.850+0000] {dag.py:2726} INFO - Sync 1 DAGs
[2025-03-27T02:59:19.888+0000] {logging_mixin.py:149} INFO - [2025-03-27T02:59:19.887+0000] {dag.py:3490} INFO - Setting next_dagrun for Cargar_data to 2025-03-27T02:59:14.887692+00:00, run_after=2025-03-27T02:59:19.887692+00:00
[2025-03-27T02:59:19.925+0000] {processor.py:178} INFO - Processing /opt/airflow/dags/Cargar_datos.py took 0.898 seconds
