[2025-03-27T00:00:18.418+0000] {processor.py:156} INFO - Started process (PID=396) to work on /opt/airflow/dags/Entrenamiento_mode.py
[2025-03-27T00:00:18.421+0000] {processor.py:799} INFO - Processing file /opt/airflow/dags/Entrenamiento_mode.py for tasks to queue
[2025-03-27T00:00:18.423+0000] {logging_mixin.py:149} INFO - [2025-03-27T00:00:18.423+0000] {dagbag.py:541} INFO - Filling up the DagBag from /opt/airflow/dags/Entrenamiento_mode.py
[2025-03-27T00:00:19.782+0000] {processor.py:809} INFO - DAG(s) dict_keys(['4-Entrenamiento_model']) retrieved from /opt/airflow/dags/Entrenamiento_mode.py
[2025-03-27T00:00:19.835+0000] {logging_mixin.py:149} INFO - [2025-03-27T00:00:19.834+0000] {dag.py:2726} INFO - Sync 1 DAGs
[2025-03-27T00:00:19.877+0000] {logging_mixin.py:149} INFO - [2025-03-27T00:00:19.877+0000] {dag.py:3490} INFO - Setting next_dagrun for 4-Entrenamiento_model to None, run_after=None
[2025-03-27T00:00:19.923+0000] {processor.py:178} INFO - Processing /opt/airflow/dags/Entrenamiento_mode.py took 1.512 seconds
[2025-03-27T00:00:50.211+0000] {processor.py:156} INFO - Started process (PID=424) to work on /opt/airflow/dags/Entrenamiento_mode.py
[2025-03-27T00:00:50.214+0000] {processor.py:799} INFO - Processing file /opt/airflow/dags/Entrenamiento_mode.py for tasks to queue
[2025-03-27T00:00:50.215+0000] {logging_mixin.py:149} INFO - [2025-03-27T00:00:50.215+0000] {dagbag.py:541} INFO - Filling up the DagBag from /opt/airflow/dags/Entrenamiento_mode.py
[2025-03-27T00:00:51.959+0000] {processor.py:809} INFO - DAG(s) dict_keys(['4-Entrenamiento_model']) retrieved from /opt/airflow/dags/Entrenamiento_mode.py
[2025-03-27T00:00:52.067+0000] {logging_mixin.py:149} INFO - [2025-03-27T00:00:52.066+0000] {dag.py:2726} INFO - Sync 1 DAGs
[2025-03-27T00:00:52.139+0000] {logging_mixin.py:149} INFO - [2025-03-27T00:00:52.139+0000] {dag.py:3490} INFO - Setting next_dagrun for 4-Entrenamiento_model to None, run_after=None
[2025-03-27T00:00:52.168+0000] {processor.py:178} INFO - Processing /opt/airflow/dags/Entrenamiento_mode.py took 1.972 seconds
[2025-03-27T00:01:22.862+0000] {processor.py:156} INFO - Started process (PID=455) to work on /opt/airflow/dags/Entrenamiento_mode.py
[2025-03-27T00:01:22.866+0000] {processor.py:799} INFO - Processing file /opt/airflow/dags/Entrenamiento_mode.py for tasks to queue
[2025-03-27T00:01:22.869+0000] {logging_mixin.py:149} INFO - [2025-03-27T00:01:22.869+0000] {dagbag.py:541} INFO - Filling up the DagBag from /opt/airflow/dags/Entrenamiento_mode.py
[2025-03-27T00:01:24.647+0000] {processor.py:809} INFO - DAG(s) dict_keys(['4-Entrenamiento_model']) retrieved from /opt/airflow/dags/Entrenamiento_mode.py
[2025-03-27T00:01:24.744+0000] {logging_mixin.py:149} INFO - [2025-03-27T00:01:24.743+0000] {dag.py:2726} INFO - Sync 1 DAGs
[2025-03-27T00:01:24.804+0000] {logging_mixin.py:149} INFO - [2025-03-27T00:01:24.804+0000] {dag.py:3490} INFO - Setting next_dagrun for 4-Entrenamiento_model to None, run_after=None
[2025-03-27T00:01:24.838+0000] {processor.py:178} INFO - Processing /opt/airflow/dags/Entrenamiento_mode.py took 1.996 seconds
[2025-03-27T00:01:55.185+0000] {processor.py:156} INFO - Started process (PID=480) to work on /opt/airflow/dags/Entrenamiento_mode.py
[2025-03-27T00:01:55.190+0000] {processor.py:799} INFO - Processing file /opt/airflow/dags/Entrenamiento_mode.py for tasks to queue
[2025-03-27T00:01:55.193+0000] {logging_mixin.py:149} INFO - [2025-03-27T00:01:55.192+0000] {dagbag.py:541} INFO - Filling up the DagBag from /opt/airflow/dags/Entrenamiento_mode.py
[2025-03-27T00:01:57.095+0000] {processor.py:809} INFO - DAG(s) dict_keys(['4-Entrenamiento_model']) retrieved from /opt/airflow/dags/Entrenamiento_mode.py
[2025-03-27T00:01:57.132+0000] {logging_mixin.py:149} INFO - [2025-03-27T00:01:57.131+0000] {dag.py:2726} INFO - Sync 1 DAGs
[2025-03-27T00:01:57.178+0000] {logging_mixin.py:149} INFO - [2025-03-27T00:01:57.178+0000] {dag.py:3490} INFO - Setting next_dagrun for 4-Entrenamiento_model to None, run_after=None
[2025-03-27T00:01:57.204+0000] {processor.py:178} INFO - Processing /opt/airflow/dags/Entrenamiento_mode.py took 2.033 seconds
[2025-03-27T02:09:49.727+0000] {processor.py:156} INFO - Started process (PID=86) to work on /opt/airflow/dags/Entrenamiento_mode.py
[2025-03-27T02:09:49.735+0000] {processor.py:799} INFO - Processing file /opt/airflow/dags/Entrenamiento_mode.py for tasks to queue
[2025-03-27T02:09:49.736+0000] {logging_mixin.py:149} INFO - [2025-03-27T02:09:49.736+0000] {dagbag.py:541} INFO - Filling up the DagBag from /opt/airflow/dags/Entrenamiento_mode.py
[2025-03-27T02:09:53.129+0000] {processor.py:809} INFO - DAG(s) dict_keys(['4-Entrenamiento_model']) retrieved from /opt/airflow/dags/Entrenamiento_mode.py
[2025-03-27T02:09:53.253+0000] {logging_mixin.py:149} INFO - [2025-03-27T02:09:53.252+0000] {dag.py:2726} INFO - Sync 1 DAGs
[2025-03-27T02:09:53.299+0000] {logging_mixin.py:149} INFO - [2025-03-27T02:09:53.299+0000] {dag.py:3490} INFO - Setting next_dagrun for 4-Entrenamiento_model to None, run_after=None
[2025-03-27T02:09:53.346+0000] {processor.py:178} INFO - Processing /opt/airflow/dags/Entrenamiento_mode.py took 3.654 seconds
[2025-03-27T02:10:23.681+0000] {processor.py:156} INFO - Started process (PID=119) to work on /opt/airflow/dags/Entrenamiento_mode.py
[2025-03-27T02:10:23.686+0000] {processor.py:799} INFO - Processing file /opt/airflow/dags/Entrenamiento_mode.py for tasks to queue
[2025-03-27T02:10:23.688+0000] {logging_mixin.py:149} INFO - [2025-03-27T02:10:23.687+0000] {dagbag.py:541} INFO - Filling up the DagBag from /opt/airflow/dags/Entrenamiento_mode.py
[2025-03-27T02:10:27.230+0000] {processor.py:809} INFO - DAG(s) dict_keys(['4-Entrenamiento_model']) retrieved from /opt/airflow/dags/Entrenamiento_mode.py
[2025-03-27T02:10:27.341+0000] {logging_mixin.py:149} INFO - [2025-03-27T02:10:27.338+0000] {dag.py:2726} INFO - Sync 1 DAGs
[2025-03-27T02:10:27.412+0000] {logging_mixin.py:149} INFO - [2025-03-27T02:10:27.412+0000] {dag.py:3490} INFO - Setting next_dagrun for 4-Entrenamiento_model to None, run_after=None
[2025-03-27T02:10:27.489+0000] {processor.py:178} INFO - Processing /opt/airflow/dags/Entrenamiento_mode.py took 3.820 seconds
[2025-03-27T02:10:58.193+0000] {processor.py:156} INFO - Started process (PID=148) to work on /opt/airflow/dags/Entrenamiento_mode.py
[2025-03-27T02:10:58.200+0000] {processor.py:799} INFO - Processing file /opt/airflow/dags/Entrenamiento_mode.py for tasks to queue
[2025-03-27T02:10:58.201+0000] {logging_mixin.py:149} INFO - [2025-03-27T02:10:58.200+0000] {dagbag.py:541} INFO - Filling up the DagBag from /opt/airflow/dags/Entrenamiento_mode.py
[2025-03-27T02:10:59.614+0000] {processor.py:809} INFO - DAG(s) dict_keys(['4-Entrenamiento_model']) retrieved from /opt/airflow/dags/Entrenamiento_mode.py
[2025-03-27T02:10:59.653+0000] {logging_mixin.py:149} INFO - [2025-03-27T02:10:59.652+0000] {dag.py:2726} INFO - Sync 1 DAGs
[2025-03-27T02:10:59.688+0000] {logging_mixin.py:149} INFO - [2025-03-27T02:10:59.688+0000] {dag.py:3490} INFO - Setting next_dagrun for 4-Entrenamiento_model to None, run_after=None
[2025-03-27T02:10:59.722+0000] {processor.py:178} INFO - Processing /opt/airflow/dags/Entrenamiento_mode.py took 1.540 seconds
[2025-03-27T02:11:30.024+0000] {processor.py:156} INFO - Started process (PID=177) to work on /opt/airflow/dags/Entrenamiento_mode.py
[2025-03-27T02:11:30.027+0000] {processor.py:799} INFO - Processing file /opt/airflow/dags/Entrenamiento_mode.py for tasks to queue
[2025-03-27T02:11:30.030+0000] {logging_mixin.py:149} INFO - [2025-03-27T02:11:30.029+0000] {dagbag.py:541} INFO - Filling up the DagBag from /opt/airflow/dags/Entrenamiento_mode.py
[2025-03-27T02:11:31.936+0000] {processor.py:809} INFO - DAG(s) dict_keys(['4-Entrenamiento_model']) retrieved from /opt/airflow/dags/Entrenamiento_mode.py
[2025-03-27T02:11:31.994+0000] {logging_mixin.py:149} INFO - [2025-03-27T02:11:31.993+0000] {dag.py:2726} INFO - Sync 1 DAGs
[2025-03-27T02:11:32.060+0000] {logging_mixin.py:149} INFO - [2025-03-27T02:11:32.059+0000] {dag.py:3490} INFO - Setting next_dagrun for 4-Entrenamiento_model to None, run_after=None
[2025-03-27T02:11:32.136+0000] {processor.py:178} INFO - Processing /opt/airflow/dags/Entrenamiento_mode.py took 2.122 seconds
[2025-03-27T02:17:22.316+0000] {processor.py:156} INFO - Started process (PID=108) to work on /opt/airflow/dags/Entrenamiento_mode.py
[2025-03-27T02:17:22.326+0000] {processor.py:799} INFO - Processing file /opt/airflow/dags/Entrenamiento_mode.py for tasks to queue
[2025-03-27T02:17:22.327+0000] {logging_mixin.py:149} INFO - [2025-03-27T02:17:22.327+0000] {dagbag.py:541} INFO - Filling up the DagBag from /opt/airflow/dags/Entrenamiento_mode.py
[2025-03-27T02:17:25.871+0000] {processor.py:809} INFO - DAG(s) dict_keys(['4-Entrenamiento_model']) retrieved from /opt/airflow/dags/Entrenamiento_mode.py
[2025-03-27T02:17:26.113+0000] {logging_mixin.py:149} INFO - [2025-03-27T02:17:26.111+0000] {dag.py:2726} INFO - Sync 1 DAGs
[2025-03-27T02:17:26.180+0000] {logging_mixin.py:149} INFO - [2025-03-27T02:17:26.179+0000] {dag.py:3490} INFO - Setting next_dagrun for 4-Entrenamiento_model to None, run_after=None
[2025-03-27T02:17:26.265+0000] {processor.py:178} INFO - Processing /opt/airflow/dags/Entrenamiento_mode.py took 4.019 seconds
[2025-03-27T02:17:56.700+0000] {processor.py:156} INFO - Started process (PID=138) to work on /opt/airflow/dags/Entrenamiento_mode.py
[2025-03-27T02:17:56.703+0000] {processor.py:799} INFO - Processing file /opt/airflow/dags/Entrenamiento_mode.py for tasks to queue
[2025-03-27T02:17:56.704+0000] {logging_mixin.py:149} INFO - [2025-03-27T02:17:56.704+0000] {dagbag.py:541} INFO - Filling up the DagBag from /opt/airflow/dags/Entrenamiento_mode.py
[2025-03-27T02:17:58.042+0000] {processor.py:809} INFO - DAG(s) dict_keys(['4-Entrenamiento_model']) retrieved from /opt/airflow/dags/Entrenamiento_mode.py
[2025-03-27T02:17:58.085+0000] {logging_mixin.py:149} INFO - [2025-03-27T02:17:58.084+0000] {dag.py:2726} INFO - Sync 1 DAGs
[2025-03-27T02:17:58.120+0000] {logging_mixin.py:149} INFO - [2025-03-27T02:17:58.120+0000] {dag.py:3490} INFO - Setting next_dagrun for 4-Entrenamiento_model to None, run_after=None
[2025-03-27T02:17:58.155+0000] {processor.py:178} INFO - Processing /opt/airflow/dags/Entrenamiento_mode.py took 1.469 seconds
[2025-03-27T02:18:28.377+0000] {processor.py:156} INFO - Started process (PID=166) to work on /opt/airflow/dags/Entrenamiento_mode.py
[2025-03-27T02:18:28.380+0000] {processor.py:799} INFO - Processing file /opt/airflow/dags/Entrenamiento_mode.py for tasks to queue
[2025-03-27T02:18:28.383+0000] {logging_mixin.py:149} INFO - [2025-03-27T02:18:28.382+0000] {dagbag.py:541} INFO - Filling up the DagBag from /opt/airflow/dags/Entrenamiento_mode.py
[2025-03-27T02:18:30.098+0000] {processor.py:809} INFO - DAG(s) dict_keys(['4-Entrenamiento_model']) retrieved from /opt/airflow/dags/Entrenamiento_mode.py
[2025-03-27T02:18:30.146+0000] {logging_mixin.py:149} INFO - [2025-03-27T02:18:30.145+0000] {dag.py:2726} INFO - Sync 1 DAGs
[2025-03-27T02:18:30.182+0000] {logging_mixin.py:149} INFO - [2025-03-27T02:18:30.182+0000] {dag.py:3490} INFO - Setting next_dagrun for 4-Entrenamiento_model to None, run_after=None
[2025-03-27T02:18:30.212+0000] {processor.py:178} INFO - Processing /opt/airflow/dags/Entrenamiento_mode.py took 1.841 seconds
[2025-03-27T02:19:00.971+0000] {processor.py:156} INFO - Started process (PID=195) to work on /opt/airflow/dags/Entrenamiento_mode.py
[2025-03-27T02:19:00.975+0000] {processor.py:799} INFO - Processing file /opt/airflow/dags/Entrenamiento_mode.py for tasks to queue
[2025-03-27T02:19:00.976+0000] {logging_mixin.py:149} INFO - [2025-03-27T02:19:00.976+0000] {dagbag.py:541} INFO - Filling up the DagBag from /opt/airflow/dags/Entrenamiento_mode.py
[2025-03-27T02:19:04.495+0000] {processor.py:809} INFO - DAG(s) dict_keys(['4-Entrenamiento_model']) retrieved from /opt/airflow/dags/Entrenamiento_mode.py
[2025-03-27T02:19:04.610+0000] {logging_mixin.py:149} INFO - [2025-03-27T02:19:04.609+0000] {dag.py:2726} INFO - Sync 1 DAGs
[2025-03-27T02:19:04.692+0000] {logging_mixin.py:149} INFO - [2025-03-27T02:19:04.691+0000] {dag.py:3490} INFO - Setting next_dagrun for 4-Entrenamiento_model to None, run_after=None
[2025-03-27T02:19:04.750+0000] {processor.py:178} INFO - Processing /opt/airflow/dags/Entrenamiento_mode.py took 3.785 seconds
[2025-03-27T02:19:35.356+0000] {processor.py:156} INFO - Started process (PID=224) to work on /opt/airflow/dags/Entrenamiento_mode.py
[2025-03-27T02:19:35.359+0000] {processor.py:799} INFO - Processing file /opt/airflow/dags/Entrenamiento_mode.py for tasks to queue
[2025-03-27T02:19:35.360+0000] {logging_mixin.py:149} INFO - [2025-03-27T02:19:35.360+0000] {dagbag.py:541} INFO - Filling up the DagBag from /opt/airflow/dags/Entrenamiento_mode.py
[2025-03-27T02:19:36.727+0000] {processor.py:809} INFO - DAG(s) dict_keys(['4-Entrenamiento_model']) retrieved from /opt/airflow/dags/Entrenamiento_mode.py
[2025-03-27T02:19:36.780+0000] {logging_mixin.py:149} INFO - [2025-03-27T02:19:36.779+0000] {dag.py:2726} INFO - Sync 1 DAGs
[2025-03-27T02:19:36.818+0000] {logging_mixin.py:149} INFO - [2025-03-27T02:19:36.818+0000] {dag.py:3490} INFO - Setting next_dagrun for 4-Entrenamiento_model to None, run_after=None
[2025-03-27T02:19:36.844+0000] {processor.py:178} INFO - Processing /opt/airflow/dags/Entrenamiento_mode.py took 1.497 seconds
[2025-03-27T02:20:07.277+0000] {processor.py:156} INFO - Started process (PID=260) to work on /opt/airflow/dags/Entrenamiento_mode.py
[2025-03-27T02:20:07.279+0000] {processor.py:799} INFO - Processing file /opt/airflow/dags/Entrenamiento_mode.py for tasks to queue
[2025-03-27T02:20:07.280+0000] {logging_mixin.py:149} INFO - [2025-03-27T02:20:07.280+0000] {dagbag.py:541} INFO - Filling up the DagBag from /opt/airflow/dags/Entrenamiento_mode.py
[2025-03-27T02:20:08.484+0000] {processor.py:809} INFO - DAG(s) dict_keys(['4-Entrenamiento_model']) retrieved from /opt/airflow/dags/Entrenamiento_mode.py
[2025-03-27T02:20:08.524+0000] {logging_mixin.py:149} INFO - [2025-03-27T02:20:08.523+0000] {dag.py:2726} INFO - Sync 1 DAGs
[2025-03-27T02:20:08.568+0000] {logging_mixin.py:149} INFO - [2025-03-27T02:20:08.567+0000] {dag.py:3490} INFO - Setting next_dagrun for 4-Entrenamiento_model to None, run_after=None
[2025-03-27T02:20:08.594+0000] {processor.py:178} INFO - Processing /opt/airflow/dags/Entrenamiento_mode.py took 1.324 seconds
[2025-03-27T02:20:39.139+0000] {processor.py:156} INFO - Started process (PID=289) to work on /opt/airflow/dags/Entrenamiento_mode.py
[2025-03-27T02:20:39.141+0000] {processor.py:799} INFO - Processing file /opt/airflow/dags/Entrenamiento_mode.py for tasks to queue
[2025-03-27T02:20:39.142+0000] {logging_mixin.py:149} INFO - [2025-03-27T02:20:39.142+0000] {dagbag.py:541} INFO - Filling up the DagBag from /opt/airflow/dags/Entrenamiento_mode.py
[2025-03-27T02:20:40.340+0000] {processor.py:809} INFO - DAG(s) dict_keys(['4-Entrenamiento_model']) retrieved from /opt/airflow/dags/Entrenamiento_mode.py
[2025-03-27T02:20:40.381+0000] {logging_mixin.py:149} INFO - [2025-03-27T02:20:40.380+0000] {dag.py:2726} INFO - Sync 1 DAGs
[2025-03-27T02:20:40.418+0000] {logging_mixin.py:149} INFO - [2025-03-27T02:20:40.418+0000] {dag.py:3490} INFO - Setting next_dagrun for 4-Entrenamiento_model to None, run_after=None
[2025-03-27T02:20:40.452+0000] {processor.py:178} INFO - Processing /opt/airflow/dags/Entrenamiento_mode.py took 1.320 seconds
[2025-03-27T02:21:10.981+0000] {processor.py:156} INFO - Started process (PID=318) to work on /opt/airflow/dags/Entrenamiento_mode.py
[2025-03-27T02:21:10.983+0000] {processor.py:799} INFO - Processing file /opt/airflow/dags/Entrenamiento_mode.py for tasks to queue
[2025-03-27T02:21:10.985+0000] {logging_mixin.py:149} INFO - [2025-03-27T02:21:10.985+0000] {dagbag.py:541} INFO - Filling up the DagBag from /opt/airflow/dags/Entrenamiento_mode.py
[2025-03-27T02:21:12.298+0000] {processor.py:809} INFO - DAG(s) dict_keys(['4-Entrenamiento_model']) retrieved from /opt/airflow/dags/Entrenamiento_mode.py
[2025-03-27T02:21:12.343+0000] {logging_mixin.py:149} INFO - [2025-03-27T02:21:12.342+0000] {dag.py:2726} INFO - Sync 1 DAGs
[2025-03-27T02:21:12.379+0000] {logging_mixin.py:149} INFO - [2025-03-27T02:21:12.378+0000] {dag.py:3490} INFO - Setting next_dagrun for 4-Entrenamiento_model to None, run_after=None
[2025-03-27T02:21:12.408+0000] {processor.py:178} INFO - Processing /opt/airflow/dags/Entrenamiento_mode.py took 1.435 seconds
[2025-03-27T02:21:42.620+0000] {processor.py:156} INFO - Started process (PID=347) to work on /opt/airflow/dags/Entrenamiento_mode.py
[2025-03-27T02:21:42.622+0000] {processor.py:799} INFO - Processing file /opt/airflow/dags/Entrenamiento_mode.py for tasks to queue
[2025-03-27T02:21:42.624+0000] {logging_mixin.py:149} INFO - [2025-03-27T02:21:42.624+0000] {dagbag.py:541} INFO - Filling up the DagBag from /opt/airflow/dags/Entrenamiento_mode.py
[2025-03-27T02:21:43.823+0000] {processor.py:809} INFO - DAG(s) dict_keys(['4-Entrenamiento_model']) retrieved from /opt/airflow/dags/Entrenamiento_mode.py
[2025-03-27T02:21:43.863+0000] {logging_mixin.py:149} INFO - [2025-03-27T02:21:43.862+0000] {dag.py:2726} INFO - Sync 1 DAGs
[2025-03-27T02:21:43.897+0000] {logging_mixin.py:149} INFO - [2025-03-27T02:21:43.897+0000] {dag.py:3490} INFO - Setting next_dagrun for 4-Entrenamiento_model to None, run_after=None
[2025-03-27T02:21:43.924+0000] {processor.py:178} INFO - Processing /opt/airflow/dags/Entrenamiento_mode.py took 1.314 seconds
[2025-03-27T02:22:14.118+0000] {processor.py:156} INFO - Started process (PID=376) to work on /opt/airflow/dags/Entrenamiento_mode.py
[2025-03-27T02:22:14.120+0000] {processor.py:799} INFO - Processing file /opt/airflow/dags/Entrenamiento_mode.py for tasks to queue
[2025-03-27T02:22:14.121+0000] {logging_mixin.py:149} INFO - [2025-03-27T02:22:14.121+0000] {dagbag.py:541} INFO - Filling up the DagBag from /opt/airflow/dags/Entrenamiento_mode.py
[2025-03-27T02:22:15.618+0000] {processor.py:809} INFO - DAG(s) dict_keys(['4-Entrenamiento_model']) retrieved from /opt/airflow/dags/Entrenamiento_mode.py
[2025-03-27T02:22:15.666+0000] {logging_mixin.py:149} INFO - [2025-03-27T02:22:15.663+0000] {dag.py:2726} INFO - Sync 1 DAGs
[2025-03-27T02:22:15.706+0000] {logging_mixin.py:149} INFO - [2025-03-27T02:22:15.705+0000] {dag.py:3490} INFO - Setting next_dagrun for 4-Entrenamiento_model to None, run_after=None
[2025-03-27T02:22:15.734+0000] {processor.py:178} INFO - Processing /opt/airflow/dags/Entrenamiento_mode.py took 1.625 seconds
[2025-03-27T02:22:46.702+0000] {processor.py:156} INFO - Started process (PID=405) to work on /opt/airflow/dags/Entrenamiento_mode.py
[2025-03-27T02:22:46.705+0000] {processor.py:799} INFO - Processing file /opt/airflow/dags/Entrenamiento_mode.py for tasks to queue
[2025-03-27T02:22:46.706+0000] {logging_mixin.py:149} INFO - [2025-03-27T02:22:46.706+0000] {dagbag.py:541} INFO - Filling up the DagBag from /opt/airflow/dags/Entrenamiento_mode.py
[2025-03-27T02:22:48.139+0000] {processor.py:809} INFO - DAG(s) dict_keys(['4-Entrenamiento_model']) retrieved from /opt/airflow/dags/Entrenamiento_mode.py
[2025-03-27T02:22:48.193+0000] {logging_mixin.py:149} INFO - [2025-03-27T02:22:48.192+0000] {dag.py:2726} INFO - Sync 1 DAGs
[2025-03-27T02:22:48.230+0000] {logging_mixin.py:149} INFO - [2025-03-27T02:22:48.229+0000] {dag.py:3490} INFO - Setting next_dagrun for 4-Entrenamiento_model to None, run_after=None
[2025-03-27T02:22:48.269+0000] {processor.py:178} INFO - Processing /opt/airflow/dags/Entrenamiento_mode.py took 1.577 seconds
[2025-03-27T02:23:18.764+0000] {processor.py:156} INFO - Started process (PID=434) to work on /opt/airflow/dags/Entrenamiento_mode.py
[2025-03-27T02:23:18.766+0000] {processor.py:799} INFO - Processing file /opt/airflow/dags/Entrenamiento_mode.py for tasks to queue
[2025-03-27T02:23:18.768+0000] {logging_mixin.py:149} INFO - [2025-03-27T02:23:18.768+0000] {dagbag.py:541} INFO - Filling up the DagBag from /opt/airflow/dags/Entrenamiento_mode.py
[2025-03-27T02:23:20.407+0000] {processor.py:809} INFO - DAG(s) dict_keys(['4-Entrenamiento_model']) retrieved from /opt/airflow/dags/Entrenamiento_mode.py
[2025-03-27T02:23:20.481+0000] {logging_mixin.py:149} INFO - [2025-03-27T02:23:20.480+0000] {dag.py:2726} INFO - Sync 1 DAGs
[2025-03-27T02:23:20.538+0000] {logging_mixin.py:149} INFO - [2025-03-27T02:23:20.537+0000] {dag.py:3490} INFO - Setting next_dagrun for 4-Entrenamiento_model to None, run_after=None
[2025-03-27T02:23:20.573+0000] {processor.py:178} INFO - Processing /opt/airflow/dags/Entrenamiento_mode.py took 1.815 seconds
[2025-03-27T02:25:12.683+0000] {processor.py:156} INFO - Started process (PID=86) to work on /opt/airflow/dags/Entrenamiento_mode.py
[2025-03-27T02:25:12.702+0000] {processor.py:799} INFO - Processing file /opt/airflow/dags/Entrenamiento_mode.py for tasks to queue
[2025-03-27T02:25:12.716+0000] {logging_mixin.py:149} INFO - [2025-03-27T02:25:12.711+0000] {dagbag.py:541} INFO - Filling up the DagBag from /opt/airflow/dags/Entrenamiento_mode.py
[2025-03-27T02:25:14.976+0000] {processor.py:809} INFO - DAG(s) dict_keys(['4-Entrenamiento_model']) retrieved from /opt/airflow/dags/Entrenamiento_mode.py
[2025-03-27T02:25:15.077+0000] {logging_mixin.py:149} INFO - [2025-03-27T02:25:15.077+0000] {dag.py:2726} INFO - Sync 1 DAGs
[2025-03-27T02:25:15.112+0000] {logging_mixin.py:149} INFO - [2025-03-27T02:25:15.112+0000] {dag.py:3490} INFO - Setting next_dagrun for 4-Entrenamiento_model to None, run_after=None
[2025-03-27T02:25:15.149+0000] {processor.py:178} INFO - Processing /opt/airflow/dags/Entrenamiento_mode.py took 2.504 seconds
[2025-03-27T02:25:45.319+0000] {processor.py:156} INFO - Started process (PID=118) to work on /opt/airflow/dags/Entrenamiento_mode.py
[2025-03-27T02:25:45.321+0000] {processor.py:799} INFO - Processing file /opt/airflow/dags/Entrenamiento_mode.py for tasks to queue
[2025-03-27T02:25:45.322+0000] {logging_mixin.py:149} INFO - [2025-03-27T02:25:45.322+0000] {dagbag.py:541} INFO - Filling up the DagBag from /opt/airflow/dags/Entrenamiento_mode.py
[2025-03-27T02:25:46.664+0000] {processor.py:809} INFO - DAG(s) dict_keys(['4-Entrenamiento_model']) retrieved from /opt/airflow/dags/Entrenamiento_mode.py
[2025-03-27T02:25:46.708+0000] {logging_mixin.py:149} INFO - [2025-03-27T02:25:46.708+0000] {dag.py:2726} INFO - Sync 1 DAGs
[2025-03-27T02:25:46.762+0000] {logging_mixin.py:149} INFO - [2025-03-27T02:25:46.762+0000] {dag.py:3490} INFO - Setting next_dagrun for 4-Entrenamiento_model to None, run_after=None
[2025-03-27T02:25:46.812+0000] {processor.py:178} INFO - Processing /opt/airflow/dags/Entrenamiento_mode.py took 1.501 seconds
[2025-03-27T02:26:16.903+0000] {processor.py:156} INFO - Started process (PID=147) to work on /opt/airflow/dags/Entrenamiento_mode.py
[2025-03-27T02:26:16.906+0000] {processor.py:799} INFO - Processing file /opt/airflow/dags/Entrenamiento_mode.py for tasks to queue
[2025-03-27T02:26:16.907+0000] {logging_mixin.py:149} INFO - [2025-03-27T02:26:16.907+0000] {dagbag.py:541} INFO - Filling up the DagBag from /opt/airflow/dags/Entrenamiento_mode.py
[2025-03-27T02:26:18.383+0000] {processor.py:809} INFO - DAG(s) dict_keys(['4-Entrenamiento_model']) retrieved from /opt/airflow/dags/Entrenamiento_mode.py
[2025-03-27T02:26:18.431+0000] {logging_mixin.py:149} INFO - [2025-03-27T02:26:18.430+0000] {dag.py:2726} INFO - Sync 1 DAGs
[2025-03-27T02:26:18.468+0000] {logging_mixin.py:149} INFO - [2025-03-27T02:26:18.468+0000] {dag.py:3490} INFO - Setting next_dagrun for 4-Entrenamiento_model to None, run_after=None
[2025-03-27T02:26:18.495+0000] {processor.py:178} INFO - Processing /opt/airflow/dags/Entrenamiento_mode.py took 1.598 seconds
[2025-03-27T02:26:48.921+0000] {processor.py:156} INFO - Started process (PID=183) to work on /opt/airflow/dags/Entrenamiento_mode.py
[2025-03-27T02:26:48.923+0000] {processor.py:799} INFO - Processing file /opt/airflow/dags/Entrenamiento_mode.py for tasks to queue
[2025-03-27T02:26:48.925+0000] {logging_mixin.py:149} INFO - [2025-03-27T02:26:48.924+0000] {dagbag.py:541} INFO - Filling up the DagBag from /opt/airflow/dags/Entrenamiento_mode.py
[2025-03-27T02:26:50.257+0000] {processor.py:809} INFO - DAG(s) dict_keys(['4-Entrenamiento_model']) retrieved from /opt/airflow/dags/Entrenamiento_mode.py
[2025-03-27T02:26:50.298+0000] {logging_mixin.py:149} INFO - [2025-03-27T02:26:50.298+0000] {dag.py:2726} INFO - Sync 1 DAGs
[2025-03-27T02:26:50.333+0000] {logging_mixin.py:149} INFO - [2025-03-27T02:26:50.333+0000] {dag.py:3490} INFO - Setting next_dagrun for 4-Entrenamiento_model to None, run_after=None
[2025-03-27T02:26:50.361+0000] {processor.py:178} INFO - Processing /opt/airflow/dags/Entrenamiento_mode.py took 1.446 seconds
[2025-03-27T02:27:20.501+0000] {processor.py:156} INFO - Started process (PID=212) to work on /opt/airflow/dags/Entrenamiento_mode.py
[2025-03-27T02:27:20.503+0000] {processor.py:799} INFO - Processing file /opt/airflow/dags/Entrenamiento_mode.py for tasks to queue
[2025-03-27T02:27:20.504+0000] {logging_mixin.py:149} INFO - [2025-03-27T02:27:20.504+0000] {dagbag.py:541} INFO - Filling up the DagBag from /opt/airflow/dags/Entrenamiento_mode.py
[2025-03-27T02:27:21.905+0000] {processor.py:809} INFO - DAG(s) dict_keys(['4-Entrenamiento_model']) retrieved from /opt/airflow/dags/Entrenamiento_mode.py
[2025-03-27T02:27:21.959+0000] {logging_mixin.py:149} INFO - [2025-03-27T02:27:21.956+0000] {dag.py:2726} INFO - Sync 1 DAGs
[2025-03-27T02:27:21.996+0000] {logging_mixin.py:149} INFO - [2025-03-27T02:27:21.996+0000] {dag.py:3490} INFO - Setting next_dagrun for 4-Entrenamiento_model to None, run_after=None
[2025-03-27T02:27:22.024+0000] {processor.py:178} INFO - Processing /opt/airflow/dags/Entrenamiento_mode.py took 1.530 seconds
[2025-03-27T02:27:52.581+0000] {processor.py:156} INFO - Started process (PID=241) to work on /opt/airflow/dags/Entrenamiento_mode.py
[2025-03-27T02:27:52.584+0000] {processor.py:799} INFO - Processing file /opt/airflow/dags/Entrenamiento_mode.py for tasks to queue
[2025-03-27T02:27:52.586+0000] {logging_mixin.py:149} INFO - [2025-03-27T02:27:52.586+0000] {dagbag.py:541} INFO - Filling up the DagBag from /opt/airflow/dags/Entrenamiento_mode.py
[2025-03-27T02:27:53.917+0000] {processor.py:809} INFO - DAG(s) dict_keys(['4-Entrenamiento_model']) retrieved from /opt/airflow/dags/Entrenamiento_mode.py
[2025-03-27T02:27:53.963+0000] {logging_mixin.py:149} INFO - [2025-03-27T02:27:53.962+0000] {dag.py:2726} INFO - Sync 1 DAGs
[2025-03-27T02:27:54.005+0000] {logging_mixin.py:149} INFO - [2025-03-27T02:27:54.005+0000] {dag.py:3490} INFO - Setting next_dagrun for 4-Entrenamiento_model to None, run_after=None
[2025-03-27T02:27:54.040+0000] {processor.py:178} INFO - Processing /opt/airflow/dags/Entrenamiento_mode.py took 1.467 seconds
[2025-03-27T02:28:24.358+0000] {processor.py:156} INFO - Started process (PID=270) to work on /opt/airflow/dags/Entrenamiento_mode.py
[2025-03-27T02:28:24.361+0000] {processor.py:799} INFO - Processing file /opt/airflow/dags/Entrenamiento_mode.py for tasks to queue
[2025-03-27T02:28:24.364+0000] {logging_mixin.py:149} INFO - [2025-03-27T02:28:24.363+0000] {dagbag.py:541} INFO - Filling up the DagBag from /opt/airflow/dags/Entrenamiento_mode.py
[2025-03-27T02:28:30.087+0000] {logging_mixin.py:149} INFO - [2025-03-27T02:28:30.087+0000] {process_utils.py:258} INFO - Waiting up to 5 seconds for processes to exit...
[2025-03-27T02:28:30.091+0000] {logging_mixin.py:149} WARNING - Exception ignored in: <function _collection_gced at 0x783b518505f0>
[2025-03-27T02:28:30.091+0000] {logging_mixin.py:149} WARNING - Traceback (most recent call last):
[2025-03-27T02:28:30.091+0000] {logging_mixin.py:149} WARNING -   File "/home/airflow/.local/lib/python3.7/site-packages/sqlalchemy/event/registry.py", line 53, in _collection_gced
[2025-03-27T02:28:30.092+0000] {logging_mixin.py:149} WARNING -     def _collection_gced(ref):
[2025-03-27T02:28:30.092+0000] {logging_mixin.py:149} WARNING -   File "/home/airflow/.local/lib/python3.7/site-packages/airflow/dag_processing/manager.py", line 471, in _exit_gracefully
[2025-03-27T02:28:30.092+0000] {logging_mixin.py:149} WARNING -     self.log.debug("Current Stacktrace is: %s", "\n".join(map(str, inspect.stack())))
[2025-03-27T02:28:30.093+0000] {logging_mixin.py:149} WARNING -   File "/usr/local/lib/python3.7/inspect.py", line 1513, in stack
[2025-03-27T02:28:30.096+0000] {logging_mixin.py:149} WARNING -     return getouterframes(sys._getframe(1), context)
[2025-03-27T02:28:30.096+0000] {logging_mixin.py:149} WARNING -   File "/usr/local/lib/python3.7/inspect.py", line 1490, in getouterframes
[2025-03-27T02:28:30.097+0000] {logging_mixin.py:149} WARNING -     frameinfo = (frame,) + getframeinfo(frame, context)
[2025-03-27T02:28:30.097+0000] {logging_mixin.py:149} WARNING -   File "/usr/local/lib/python3.7/inspect.py", line 1464, in getframeinfo
[2025-03-27T02:28:30.098+0000] {logging_mixin.py:149} WARNING -     lines, lnum = findsource(frame)
[2025-03-27T02:28:30.099+0000] {logging_mixin.py:149} WARNING -   File "/usr/local/lib/python3.7/inspect.py", line 780, in findsource
[2025-03-27T02:28:30.100+0000] {logging_mixin.py:149} WARNING -     module = getmodule(object, file)
[2025-03-27T02:28:30.100+0000] {logging_mixin.py:149} WARNING -   File "/usr/local/lib/python3.7/inspect.py", line 742, in getmodule
[2025-03-27T02:28:30.101+0000] {logging_mixin.py:149} WARNING -     os.path.realpath(f)] = module.__name__
[2025-03-27T02:28:30.101+0000] {logging_mixin.py:149} WARNING -   File "/usr/local/lib/python3.7/posixpath.py", line 395, in realpath
[2025-03-27T02:28:30.102+0000] {logging_mixin.py:149} WARNING -     path, ok = _joinrealpath(filename[:0], filename, {})
[2025-03-27T02:28:30.102+0000] {logging_mixin.py:149} WARNING -   File "/usr/local/lib/python3.7/posixpath.py", line 429, in _joinrealpath
[2025-03-27T02:28:30.102+0000] {logging_mixin.py:149} WARNING -     if not islink(newpath):
[2025-03-27T02:28:30.103+0000] {logging_mixin.py:149} WARNING -   File "/usr/local/lib/python3.7/posixpath.py", line 171, in islink
[2025-03-27T02:28:30.103+0000] {logging_mixin.py:149} WARNING -     st = os.lstat(path)
[2025-03-27T02:28:30.103+0000] {logging_mixin.py:149} WARNING -   File "/home/airflow/.local/lib/python3.7/site-packages/airflow/dag_processing/manager.py", line 475, in _exit_gracefully
[2025-03-27T02:28:30.103+0000] {logging_mixin.py:149} WARNING -     sys.exit(os.EX_OK)
[2025-03-27T02:28:30.103+0000] {logging_mixin.py:149} WARNING - SystemExit: 0
[2025-03-27T02:28:30.348+0000] {processor.py:809} INFO - DAG(s) dict_keys(['4-Entrenamiento_model']) retrieved from /opt/airflow/dags/Entrenamiento_mode.py
[2025-03-27T02:28:30.395+0000] {logging_mixin.py:149} INFO - [2025-03-27T02:28:30.395+0000] {dag.py:2726} INFO - Sync 1 DAGs
[2025-03-27T02:28:30.438+0000] {logging_mixin.py:149} INFO - [2025-03-27T02:28:30.438+0000] {dag.py:3490} INFO - Setting next_dagrun for 4-Entrenamiento_model to None, run_after=None
[2025-03-27T02:28:30.471+0000] {processor.py:178} INFO - Processing /opt/airflow/dags/Entrenamiento_mode.py took 6.126 seconds
[2025-03-27T02:34:36.926+0000] {processor.py:156} INFO - Started process (PID=87) to work on /opt/airflow/dags/Entrenamiento_mode.py
[2025-03-27T02:34:36.934+0000] {processor.py:799} INFO - Processing file /opt/airflow/dags/Entrenamiento_mode.py for tasks to queue
[2025-03-27T02:34:36.940+0000] {logging_mixin.py:149} INFO - [2025-03-27T02:34:36.940+0000] {dagbag.py:541} INFO - Filling up the DagBag from /opt/airflow/dags/Entrenamiento_mode.py
[2025-03-27T02:34:40.873+0000] {processor.py:809} INFO - DAG(s) dict_keys(['4-Entrenamiento_model']) retrieved from /opt/airflow/dags/Entrenamiento_mode.py
[2025-03-27T02:34:41.052+0000] {logging_mixin.py:149} INFO - [2025-03-27T02:34:41.051+0000] {dag.py:2726} INFO - Sync 1 DAGs
[2025-03-27T02:34:41.131+0000] {logging_mixin.py:149} INFO - [2025-03-27T02:34:41.130+0000] {dag.py:3490} INFO - Setting next_dagrun for 4-Entrenamiento_model to None, run_after=None
[2025-03-27T02:34:41.175+0000] {processor.py:178} INFO - Processing /opt/airflow/dags/Entrenamiento_mode.py took 4.292 seconds
[2025-03-27T02:35:11.272+0000] {processor.py:156} INFO - Started process (PID=117) to work on /opt/airflow/dags/Entrenamiento_mode.py
[2025-03-27T02:35:11.282+0000] {processor.py:799} INFO - Processing file /opt/airflow/dags/Entrenamiento_mode.py for tasks to queue
[2025-03-27T02:35:11.286+0000] {logging_mixin.py:149} INFO - [2025-03-27T02:35:11.286+0000] {dagbag.py:541} INFO - Filling up the DagBag from /opt/airflow/dags/Entrenamiento_mode.py
[2025-03-27T02:35:14.040+0000] {processor.py:809} INFO - DAG(s) dict_keys(['4-Entrenamiento_model']) retrieved from /opt/airflow/dags/Entrenamiento_mode.py
[2025-03-27T02:35:14.111+0000] {logging_mixin.py:149} INFO - [2025-03-27T02:35:14.109+0000] {dag.py:2726} INFO - Sync 1 DAGs
[2025-03-27T02:35:14.148+0000] {logging_mixin.py:149} INFO - [2025-03-27T02:35:14.148+0000] {dag.py:3490} INFO - Setting next_dagrun for 4-Entrenamiento_model to None, run_after=None
[2025-03-27T02:35:14.183+0000] {processor.py:178} INFO - Processing /opt/airflow/dags/Entrenamiento_mode.py took 2.925 seconds
[2025-03-27T02:35:44.539+0000] {processor.py:156} INFO - Started process (PID=142) to work on /opt/airflow/dags/Entrenamiento_mode.py
[2025-03-27T02:35:44.541+0000] {processor.py:799} INFO - Processing file /opt/airflow/dags/Entrenamiento_mode.py for tasks to queue
[2025-03-27T02:35:44.542+0000] {logging_mixin.py:149} INFO - [2025-03-27T02:35:44.542+0000] {dagbag.py:541} INFO - Filling up the DagBag from /opt/airflow/dags/Entrenamiento_mode.py
[2025-03-27T02:35:46.494+0000] {processor.py:809} INFO - DAG(s) dict_keys(['4-Entrenamiento_model']) retrieved from /opt/airflow/dags/Entrenamiento_mode.py
[2025-03-27T02:35:46.534+0000] {logging_mixin.py:149} INFO - [2025-03-27T02:35:46.533+0000] {dag.py:2726} INFO - Sync 1 DAGs
[2025-03-27T02:35:46.568+0000] {logging_mixin.py:149} INFO - [2025-03-27T02:35:46.568+0000] {dag.py:3490} INFO - Setting next_dagrun for 4-Entrenamiento_model to None, run_after=None
[2025-03-27T02:35:46.597+0000] {processor.py:178} INFO - Processing /opt/airflow/dags/Entrenamiento_mode.py took 2.065 seconds
[2025-03-27T02:36:16.974+0000] {processor.py:156} INFO - Started process (PID=171) to work on /opt/airflow/dags/Entrenamiento_mode.py
[2025-03-27T02:36:16.976+0000] {processor.py:799} INFO - Processing file /opt/airflow/dags/Entrenamiento_mode.py for tasks to queue
[2025-03-27T02:36:16.977+0000] {logging_mixin.py:149} INFO - [2025-03-27T02:36:16.977+0000] {dagbag.py:541} INFO - Filling up the DagBag from /opt/airflow/dags/Entrenamiento_mode.py
[2025-03-27T02:36:19.386+0000] {processor.py:809} INFO - DAG(s) dict_keys(['4-Entrenamiento_model']) retrieved from /opt/airflow/dags/Entrenamiento_mode.py
[2025-03-27T02:36:19.500+0000] {logging_mixin.py:149} INFO - [2025-03-27T02:36:19.498+0000] {dag.py:2726} INFO - Sync 1 DAGs
[2025-03-27T02:36:19.562+0000] {logging_mixin.py:149} INFO - [2025-03-27T02:36:19.562+0000] {dag.py:3490} INFO - Setting next_dagrun for 4-Entrenamiento_model to None, run_after=None
[2025-03-27T02:36:19.591+0000] {processor.py:178} INFO - Processing /opt/airflow/dags/Entrenamiento_mode.py took 2.628 seconds
[2025-03-27T02:36:50.281+0000] {processor.py:156} INFO - Started process (PID=210) to work on /opt/airflow/dags/Entrenamiento_mode.py
[2025-03-27T02:36:50.284+0000] {processor.py:799} INFO - Processing file /opt/airflow/dags/Entrenamiento_mode.py for tasks to queue
[2025-03-27T02:36:50.285+0000] {logging_mixin.py:149} INFO - [2025-03-27T02:36:50.284+0000] {dagbag.py:541} INFO - Filling up the DagBag from /opt/airflow/dags/Entrenamiento_mode.py
[2025-03-27T02:36:51.840+0000] {processor.py:809} INFO - DAG(s) dict_keys(['4-Entrenamiento_model']) retrieved from /opt/airflow/dags/Entrenamiento_mode.py
[2025-03-27T02:36:51.879+0000] {logging_mixin.py:149} INFO - [2025-03-27T02:36:51.879+0000] {dag.py:2726} INFO - Sync 1 DAGs
[2025-03-27T02:36:51.916+0000] {logging_mixin.py:149} INFO - [2025-03-27T02:36:51.915+0000] {dag.py:3490} INFO - Setting next_dagrun for 4-Entrenamiento_model to None, run_after=None
[2025-03-27T02:36:51.955+0000] {processor.py:178} INFO - Processing /opt/airflow/dags/Entrenamiento_mode.py took 1.687 seconds
[2025-03-27T02:37:22.730+0000] {processor.py:156} INFO - Started process (PID=242) to work on /opt/airflow/dags/Entrenamiento_mode.py
[2025-03-27T02:37:22.734+0000] {processor.py:799} INFO - Processing file /opt/airflow/dags/Entrenamiento_mode.py for tasks to queue
[2025-03-27T02:37:22.737+0000] {logging_mixin.py:149} INFO - [2025-03-27T02:37:22.736+0000] {dagbag.py:541} INFO - Filling up the DagBag from /opt/airflow/dags/Entrenamiento_mode.py
[2025-03-27T02:37:24.040+0000] {processor.py:809} INFO - DAG(s) dict_keys(['4-Entrenamiento_model']) retrieved from /opt/airflow/dags/Entrenamiento_mode.py
[2025-03-27T02:37:24.097+0000] {logging_mixin.py:149} INFO - [2025-03-27T02:37:24.096+0000] {dag.py:2726} INFO - Sync 1 DAGs
[2025-03-27T02:37:24.134+0000] {logging_mixin.py:149} INFO - [2025-03-27T02:37:24.133+0000] {dag.py:3490} INFO - Setting next_dagrun for 4-Entrenamiento_model to None, run_after=None
[2025-03-27T02:37:24.176+0000] {processor.py:178} INFO - Processing /opt/airflow/dags/Entrenamiento_mode.py took 1.459 seconds
[2025-03-27T02:37:55.467+0000] {processor.py:156} INFO - Started process (PID=276) to work on /opt/airflow/dags/Entrenamiento_mode.py
[2025-03-27T02:37:55.469+0000] {processor.py:799} INFO - Processing file /opt/airflow/dags/Entrenamiento_mode.py for tasks to queue
[2025-03-27T02:37:55.471+0000] {logging_mixin.py:149} INFO - [2025-03-27T02:37:55.470+0000] {dagbag.py:541} INFO - Filling up the DagBag from /opt/airflow/dags/Entrenamiento_mode.py
[2025-03-27T02:37:59.533+0000] {logging_mixin.py:149} INFO - [2025-03-27T02:37:59.533+0000] {process_utils.py:258} INFO - Waiting up to 5 seconds for processes to exit...
[2025-03-27T02:47:26.936+0000] {processor.py:156} INFO - Started process (PID=110) to work on /opt/airflow/dags/Entrenamiento_mode.py
[2025-03-27T02:47:26.942+0000] {processor.py:799} INFO - Processing file /opt/airflow/dags/Entrenamiento_mode.py for tasks to queue
[2025-03-27T02:47:26.946+0000] {logging_mixin.py:149} INFO - [2025-03-27T02:47:26.946+0000] {dagbag.py:541} INFO - Filling up the DagBag from /opt/airflow/dags/Entrenamiento_mode.py
[2025-03-27T02:47:30.774+0000] {processor.py:809} INFO - DAG(s) dict_keys(['4-Entrenamiento_model']) retrieved from /opt/airflow/dags/Entrenamiento_mode.py
[2025-03-27T02:47:31.009+0000] {logging_mixin.py:149} INFO - [2025-03-27T02:47:31.009+0000] {dag.py:2726} INFO - Sync 1 DAGs
[2025-03-27T02:47:31.082+0000] {logging_mixin.py:149} INFO - [2025-03-27T02:47:31.081+0000] {dag.py:3490} INFO - Setting next_dagrun for 4-Entrenamiento_model to None, run_after=None
[2025-03-27T02:47:31.123+0000] {processor.py:178} INFO - Processing /opt/airflow/dags/Entrenamiento_mode.py took 4.211 seconds
[2025-03-27T02:48:01.367+0000] {processor.py:156} INFO - Started process (PID=140) to work on /opt/airflow/dags/Entrenamiento_mode.py
[2025-03-27T02:48:01.369+0000] {processor.py:799} INFO - Processing file /opt/airflow/dags/Entrenamiento_mode.py for tasks to queue
[2025-03-27T02:48:01.371+0000] {logging_mixin.py:149} INFO - [2025-03-27T02:48:01.371+0000] {dagbag.py:541} INFO - Filling up the DagBag from /opt/airflow/dags/Entrenamiento_mode.py
[2025-03-27T02:48:03.223+0000] {processor.py:809} INFO - DAG(s) dict_keys(['4-Entrenamiento_model']) retrieved from /opt/airflow/dags/Entrenamiento_mode.py
[2025-03-27T02:48:03.270+0000] {logging_mixin.py:149} INFO - [2025-03-27T02:48:03.269+0000] {dag.py:2726} INFO - Sync 1 DAGs
[2025-03-27T02:48:03.306+0000] {logging_mixin.py:149} INFO - [2025-03-27T02:48:03.306+0000] {dag.py:3490} INFO - Setting next_dagrun for 4-Entrenamiento_model to None, run_after=None
[2025-03-27T02:48:03.346+0000] {processor.py:178} INFO - Processing /opt/airflow/dags/Entrenamiento_mode.py took 1.999 seconds
[2025-03-27T02:48:33.694+0000] {processor.py:156} INFO - Started process (PID=162) to work on /opt/airflow/dags/Entrenamiento_mode.py
[2025-03-27T02:48:33.699+0000] {processor.py:799} INFO - Processing file /opt/airflow/dags/Entrenamiento_mode.py for tasks to queue
[2025-03-27T02:48:33.700+0000] {logging_mixin.py:149} INFO - [2025-03-27T02:48:33.699+0000] {dagbag.py:541} INFO - Filling up the DagBag from /opt/airflow/dags/Entrenamiento_mode.py
[2025-03-27T02:48:37.047+0000] {processor.py:809} INFO - DAG(s) dict_keys(['4-Entrenamiento_model']) retrieved from /opt/airflow/dags/Entrenamiento_mode.py
[2025-03-27T02:48:37.131+0000] {logging_mixin.py:149} INFO - [2025-03-27T02:48:37.129+0000] {dag.py:2726} INFO - Sync 1 DAGs
[2025-03-27T02:48:37.192+0000] {logging_mixin.py:149} INFO - [2025-03-27T02:48:37.191+0000] {dag.py:3490} INFO - Setting next_dagrun for 4-Entrenamiento_model to None, run_after=None
[2025-03-27T02:48:37.236+0000] {processor.py:178} INFO - Processing /opt/airflow/dags/Entrenamiento_mode.py took 3.557 seconds
[2025-03-27T02:49:07.792+0000] {processor.py:156} INFO - Started process (PID=195) to work on /opt/airflow/dags/Entrenamiento_mode.py
[2025-03-27T02:49:07.795+0000] {processor.py:799} INFO - Processing file /opt/airflow/dags/Entrenamiento_mode.py for tasks to queue
[2025-03-27T02:49:07.797+0000] {logging_mixin.py:149} INFO - [2025-03-27T02:49:07.796+0000] {dagbag.py:541} INFO - Filling up the DagBag from /opt/airflow/dags/Entrenamiento_mode.py
[2025-03-27T02:49:10.848+0000] {processor.py:809} INFO - DAG(s) dict_keys(['4-Entrenamiento_model']) retrieved from /opt/airflow/dags/Entrenamiento_mode.py
[2025-03-27T02:49:11.013+0000] {logging_mixin.py:149} INFO - [2025-03-27T02:49:11.012+0000] {dag.py:2726} INFO - Sync 1 DAGs
[2025-03-27T02:49:11.247+0000] {logging_mixin.py:149} INFO - [2025-03-27T02:49:11.247+0000] {dag.py:3490} INFO - Setting next_dagrun for 4-Entrenamiento_model to None, run_after=None
[2025-03-27T02:49:11.449+0000] {processor.py:178} INFO - Processing /opt/airflow/dags/Entrenamiento_mode.py took 3.664 seconds
[2025-03-27T02:49:42.173+0000] {processor.py:156} INFO - Started process (PID=224) to work on /opt/airflow/dags/Entrenamiento_mode.py
[2025-03-27T02:49:42.176+0000] {processor.py:799} INFO - Processing file /opt/airflow/dags/Entrenamiento_mode.py for tasks to queue
[2025-03-27T02:49:42.178+0000] {logging_mixin.py:149} INFO - [2025-03-27T02:49:42.178+0000] {dagbag.py:541} INFO - Filling up the DagBag from /opt/airflow/dags/Entrenamiento_mode.py
[2025-03-27T02:49:45.525+0000] {processor.py:809} INFO - DAG(s) dict_keys(['4-Entrenamiento_model']) retrieved from /opt/airflow/dags/Entrenamiento_mode.py
[2025-03-27T02:49:45.619+0000] {logging_mixin.py:149} INFO - [2025-03-27T02:49:45.617+0000] {dag.py:2726} INFO - Sync 1 DAGs
[2025-03-27T02:49:45.736+0000] {logging_mixin.py:149} INFO - [2025-03-27T02:49:45.735+0000] {dag.py:3490} INFO - Setting next_dagrun for 4-Entrenamiento_model to None, run_after=None
[2025-03-27T02:49:45.784+0000] {processor.py:178} INFO - Processing /opt/airflow/dags/Entrenamiento_mode.py took 3.618 seconds
[2025-03-27T02:50:16.333+0000] {processor.py:156} INFO - Started process (PID=268) to work on /opt/airflow/dags/Entrenamiento_mode.py
[2025-03-27T02:50:16.340+0000] {processor.py:799} INFO - Processing file /opt/airflow/dags/Entrenamiento_mode.py for tasks to queue
[2025-03-27T02:50:16.343+0000] {logging_mixin.py:149} INFO - [2025-03-27T02:50:16.342+0000] {dagbag.py:541} INFO - Filling up the DagBag from /opt/airflow/dags/Entrenamiento_mode.py
[2025-03-27T02:50:22.115+0000] {processor.py:809} INFO - DAG(s) dict_keys(['4-Entrenamiento_model']) retrieved from /opt/airflow/dags/Entrenamiento_mode.py
[2025-03-27T02:50:22.425+0000] {logging_mixin.py:149} INFO - [2025-03-27T02:50:22.419+0000] {dag.py:2726} INFO - Sync 1 DAGs
[2025-03-27T02:50:22.722+0000] {logging_mixin.py:149} INFO - [2025-03-27T02:50:22.720+0000] {dag.py:3490} INFO - Setting next_dagrun for 4-Entrenamiento_model to None, run_after=None
[2025-03-27T02:50:22.952+0000] {processor.py:178} INFO - Processing /opt/airflow/dags/Entrenamiento_mode.py took 6.654 seconds
[2025-03-27T02:50:53.450+0000] {processor.py:156} INFO - Started process (PID=304) to work on /opt/airflow/dags/Entrenamiento_mode.py
[2025-03-27T02:50:53.455+0000] {processor.py:799} INFO - Processing file /opt/airflow/dags/Entrenamiento_mode.py for tasks to queue
[2025-03-27T02:50:53.456+0000] {logging_mixin.py:149} INFO - [2025-03-27T02:50:53.456+0000] {dagbag.py:541} INFO - Filling up the DagBag from /opt/airflow/dags/Entrenamiento_mode.py
[2025-03-27T02:50:57.951+0000] {processor.py:809} INFO - DAG(s) dict_keys(['4-Entrenamiento_model']) retrieved from /opt/airflow/dags/Entrenamiento_mode.py
[2025-03-27T02:50:58.087+0000] {logging_mixin.py:149} INFO - [2025-03-27T02:50:58.083+0000] {dag.py:2726} INFO - Sync 1 DAGs
[2025-03-27T02:50:58.225+0000] {logging_mixin.py:149} INFO - [2025-03-27T02:50:58.224+0000] {dag.py:3490} INFO - Setting next_dagrun for 4-Entrenamiento_model to None, run_after=None
[2025-03-27T02:50:58.346+0000] {processor.py:178} INFO - Processing /opt/airflow/dags/Entrenamiento_mode.py took 4.914 seconds
[2025-03-27T02:51:29.238+0000] {processor.py:156} INFO - Started process (PID=341) to work on /opt/airflow/dags/Entrenamiento_mode.py
[2025-03-27T02:51:29.245+0000] {processor.py:799} INFO - Processing file /opt/airflow/dags/Entrenamiento_mode.py for tasks to queue
[2025-03-27T02:51:29.256+0000] {logging_mixin.py:149} INFO - [2025-03-27T02:51:29.256+0000] {dagbag.py:541} INFO - Filling up the DagBag from /opt/airflow/dags/Entrenamiento_mode.py
[2025-03-27T02:51:38.386+0000] {processor.py:809} INFO - DAG(s) dict_keys(['4-Entrenamiento_model']) retrieved from /opt/airflow/dags/Entrenamiento_mode.py
[2025-03-27T02:51:38.719+0000] {logging_mixin.py:149} INFO - [2025-03-27T02:51:38.715+0000] {dag.py:2726} INFO - Sync 1 DAGs
[2025-03-27T02:51:39.114+0000] {logging_mixin.py:149} INFO - [2025-03-27T02:51:39.114+0000] {dag.py:3490} INFO - Setting next_dagrun for 4-Entrenamiento_model to None, run_after=None
[2025-03-27T02:51:39.347+0000] {processor.py:178} INFO - Processing /opt/airflow/dags/Entrenamiento_mode.py took 10.132 seconds
[2025-03-27T02:52:10.314+0000] {processor.py:156} INFO - Started process (PID=382) to work on /opt/airflow/dags/Entrenamiento_mode.py
[2025-03-27T02:52:10.326+0000] {processor.py:799} INFO - Processing file /opt/airflow/dags/Entrenamiento_mode.py for tasks to queue
[2025-03-27T02:52:10.333+0000] {logging_mixin.py:149} INFO - [2025-03-27T02:52:10.330+0000] {dagbag.py:541} INFO - Filling up the DagBag from /opt/airflow/dags/Entrenamiento_mode.py
[2025-03-27T02:52:20.523+0000] {processor.py:809} INFO - DAG(s) dict_keys(['4-Entrenamiento_model']) retrieved from /opt/airflow/dags/Entrenamiento_mode.py
[2025-03-27T02:52:20.848+0000] {logging_mixin.py:149} INFO - [2025-03-27T02:52:20.841+0000] {dag.py:2726} INFO - Sync 1 DAGs
[2025-03-27T02:52:21.162+0000] {logging_mixin.py:149} INFO - [2025-03-27T02:52:21.161+0000] {dag.py:3490} INFO - Setting next_dagrun for 4-Entrenamiento_model to None, run_after=None
[2025-03-27T02:52:21.364+0000] {processor.py:178} INFO - Processing /opt/airflow/dags/Entrenamiento_mode.py took 11.089 seconds
[2025-03-27T02:52:51.656+0000] {processor.py:156} INFO - Started process (PID=427) to work on /opt/airflow/dags/Entrenamiento_mode.py
[2025-03-27T02:52:51.662+0000] {processor.py:799} INFO - Processing file /opt/airflow/dags/Entrenamiento_mode.py for tasks to queue
[2025-03-27T02:52:51.667+0000] {logging_mixin.py:149} INFO - [2025-03-27T02:52:51.666+0000] {dagbag.py:541} INFO - Filling up the DagBag from /opt/airflow/dags/Entrenamiento_mode.py
[2025-03-27T02:52:57.409+0000] {processor.py:809} INFO - DAG(s) dict_keys(['4-Entrenamiento_model']) retrieved from /opt/airflow/dags/Entrenamiento_mode.py
[2025-03-27T02:52:57.616+0000] {logging_mixin.py:149} INFO - [2025-03-27T02:52:57.613+0000] {dag.py:2726} INFO - Sync 1 DAGs
[2025-03-27T02:52:57.716+0000] {logging_mixin.py:149} INFO - [2025-03-27T02:52:57.716+0000] {dag.py:3490} INFO - Setting next_dagrun for 4-Entrenamiento_model to None, run_after=None
[2025-03-27T02:52:57.754+0000] {processor.py:178} INFO - Processing /opt/airflow/dags/Entrenamiento_mode.py took 6.120 seconds
[2025-03-27T02:53:28.234+0000] {processor.py:156} INFO - Started process (PID=456) to work on /opt/airflow/dags/Entrenamiento_mode.py
[2025-03-27T02:53:28.238+0000] {processor.py:799} INFO - Processing file /opt/airflow/dags/Entrenamiento_mode.py for tasks to queue
[2025-03-27T02:53:28.239+0000] {logging_mixin.py:149} INFO - [2025-03-27T02:53:28.239+0000] {dagbag.py:541} INFO - Filling up the DagBag from /opt/airflow/dags/Entrenamiento_mode.py
[2025-03-27T02:53:30.374+0000] {processor.py:809} INFO - DAG(s) dict_keys(['4-Entrenamiento_model']) retrieved from /opt/airflow/dags/Entrenamiento_mode.py
[2025-03-27T02:53:30.607+0000] {logging_mixin.py:149} INFO - [2025-03-27T02:53:30.603+0000] {dag.py:2726} INFO - Sync 1 DAGs
[2025-03-27T02:53:30.828+0000] {logging_mixin.py:149} INFO - [2025-03-27T02:53:30.828+0000] {dag.py:3490} INFO - Setting next_dagrun for 4-Entrenamiento_model to None, run_after=None
[2025-03-27T02:53:30.968+0000] {processor.py:178} INFO - Processing /opt/airflow/dags/Entrenamiento_mode.py took 2.741 seconds
[2025-03-27T02:54:01.491+0000] {processor.py:156} INFO - Started process (PID=489) to work on /opt/airflow/dags/Entrenamiento_mode.py
[2025-03-27T02:54:01.495+0000] {processor.py:799} INFO - Processing file /opt/airflow/dags/Entrenamiento_mode.py for tasks to queue
[2025-03-27T02:54:01.498+0000] {logging_mixin.py:149} INFO - [2025-03-27T02:54:01.498+0000] {dagbag.py:541} INFO - Filling up the DagBag from /opt/airflow/dags/Entrenamiento_mode.py
[2025-03-27T02:54:03.219+0000] {processor.py:809} INFO - DAG(s) dict_keys(['4-Entrenamiento_model']) retrieved from /opt/airflow/dags/Entrenamiento_mode.py
[2025-03-27T02:54:03.263+0000] {logging_mixin.py:149} INFO - [2025-03-27T02:54:03.263+0000] {dag.py:2726} INFO - Sync 1 DAGs
[2025-03-27T02:54:03.297+0000] {logging_mixin.py:149} INFO - [2025-03-27T02:54:03.297+0000] {dag.py:3490} INFO - Setting next_dagrun for 4-Entrenamiento_model to None, run_after=None
[2025-03-27T02:54:03.336+0000] {processor.py:178} INFO - Processing /opt/airflow/dags/Entrenamiento_mode.py took 1.854 seconds
[2025-03-27T02:54:34.047+0000] {processor.py:156} INFO - Started process (PID=523) to work on /opt/airflow/dags/Entrenamiento_mode.py
[2025-03-27T02:54:34.049+0000] {processor.py:799} INFO - Processing file /opt/airflow/dags/Entrenamiento_mode.py for tasks to queue
[2025-03-27T02:54:34.050+0000] {logging_mixin.py:149} INFO - [2025-03-27T02:54:34.050+0000] {dagbag.py:541} INFO - Filling up the DagBag from /opt/airflow/dags/Entrenamiento_mode.py
[2025-03-27T02:54:35.307+0000] {processor.py:809} INFO - DAG(s) dict_keys(['4-Entrenamiento_model']) retrieved from /opt/airflow/dags/Entrenamiento_mode.py
[2025-03-27T02:54:35.431+0000] {logging_mixin.py:149} INFO - [2025-03-27T02:54:35.430+0000] {dag.py:2726} INFO - Sync 1 DAGs
[2025-03-27T02:54:35.535+0000] {logging_mixin.py:149} INFO - [2025-03-27T02:54:35.534+0000] {dag.py:3490} INFO - Setting next_dagrun for 4-Entrenamiento_model to None, run_after=None
[2025-03-27T02:54:35.623+0000] {processor.py:178} INFO - Processing /opt/airflow/dags/Entrenamiento_mode.py took 1.582 seconds
[2025-03-27T02:55:05.925+0000] {processor.py:156} INFO - Started process (PID=551) to work on /opt/airflow/dags/Entrenamiento_mode.py
[2025-03-27T02:55:05.927+0000] {processor.py:799} INFO - Processing file /opt/airflow/dags/Entrenamiento_mode.py for tasks to queue
[2025-03-27T02:55:05.929+0000] {logging_mixin.py:149} INFO - [2025-03-27T02:55:05.928+0000] {dagbag.py:541} INFO - Filling up the DagBag from /opt/airflow/dags/Entrenamiento_mode.py
[2025-03-27T02:55:07.355+0000] {processor.py:809} INFO - DAG(s) dict_keys(['4-Entrenamiento_model']) retrieved from /opt/airflow/dags/Entrenamiento_mode.py
[2025-03-27T02:55:07.400+0000] {logging_mixin.py:149} INFO - [2025-03-27T02:55:07.397+0000] {dag.py:2726} INFO - Sync 1 DAGs
[2025-03-27T02:55:07.439+0000] {logging_mixin.py:149} INFO - [2025-03-27T02:55:07.438+0000] {dag.py:3490} INFO - Setting next_dagrun for 4-Entrenamiento_model to None, run_after=None
[2025-03-27T02:55:07.466+0000] {processor.py:178} INFO - Processing /opt/airflow/dags/Entrenamiento_mode.py took 1.549 seconds
[2025-03-27T02:55:37.951+0000] {processor.py:156} INFO - Started process (PID=580) to work on /opt/airflow/dags/Entrenamiento_mode.py
[2025-03-27T02:55:37.954+0000] {processor.py:799} INFO - Processing file /opt/airflow/dags/Entrenamiento_mode.py for tasks to queue
[2025-03-27T02:55:37.955+0000] {logging_mixin.py:149} INFO - [2025-03-27T02:55:37.955+0000] {dagbag.py:541} INFO - Filling up the DagBag from /opt/airflow/dags/Entrenamiento_mode.py
[2025-03-27T02:55:39.398+0000] {processor.py:809} INFO - DAG(s) dict_keys(['4-Entrenamiento_model']) retrieved from /opt/airflow/dags/Entrenamiento_mode.py
[2025-03-27T02:55:39.446+0000] {logging_mixin.py:149} INFO - [2025-03-27T02:55:39.446+0000] {dag.py:2726} INFO - Sync 1 DAGs
[2025-03-27T02:55:39.484+0000] {logging_mixin.py:149} INFO - [2025-03-27T02:55:39.484+0000] {dag.py:3490} INFO - Setting next_dagrun for 4-Entrenamiento_model to None, run_after=None
[2025-03-27T02:55:39.519+0000] {processor.py:178} INFO - Processing /opt/airflow/dags/Entrenamiento_mode.py took 1.577 seconds
[2025-03-27T02:56:09.821+0000] {processor.py:156} INFO - Started process (PID=609) to work on /opt/airflow/dags/Entrenamiento_mode.py
[2025-03-27T02:56:09.823+0000] {processor.py:799} INFO - Processing file /opt/airflow/dags/Entrenamiento_mode.py for tasks to queue
[2025-03-27T02:56:09.825+0000] {logging_mixin.py:149} INFO - [2025-03-27T02:56:09.825+0000] {dagbag.py:541} INFO - Filling up the DagBag from /opt/airflow/dags/Entrenamiento_mode.py
[2025-03-27T02:56:11.160+0000] {processor.py:809} INFO - DAG(s) dict_keys(['4-Entrenamiento_model']) retrieved from /opt/airflow/dags/Entrenamiento_mode.py
[2025-03-27T02:56:11.207+0000] {logging_mixin.py:149} INFO - [2025-03-27T02:56:11.205+0000] {dag.py:2726} INFO - Sync 1 DAGs
[2025-03-27T02:56:11.244+0000] {logging_mixin.py:149} INFO - [2025-03-27T02:56:11.243+0000] {dag.py:3490} INFO - Setting next_dagrun for 4-Entrenamiento_model to None, run_after=None
[2025-03-27T02:56:11.277+0000] {processor.py:178} INFO - Processing /opt/airflow/dags/Entrenamiento_mode.py took 1.462 seconds
[2025-03-27T02:56:41.475+0000] {processor.py:156} INFO - Started process (PID=638) to work on /opt/airflow/dags/Entrenamiento_mode.py
[2025-03-27T02:56:41.480+0000] {processor.py:799} INFO - Processing file /opt/airflow/dags/Entrenamiento_mode.py for tasks to queue
[2025-03-27T02:56:41.484+0000] {logging_mixin.py:149} INFO - [2025-03-27T02:56:41.484+0000] {dagbag.py:541} INFO - Filling up the DagBag from /opt/airflow/dags/Entrenamiento_mode.py
[2025-03-27T02:56:42.907+0000] {processor.py:809} INFO - DAG(s) dict_keys(['4-Entrenamiento_model']) retrieved from /opt/airflow/dags/Entrenamiento_mode.py
[2025-03-27T02:56:42.949+0000] {logging_mixin.py:149} INFO - [2025-03-27T02:56:42.948+0000] {dag.py:2726} INFO - Sync 1 DAGs
[2025-03-27T02:56:42.988+0000] {logging_mixin.py:149} INFO - [2025-03-27T02:56:42.988+0000] {dag.py:3490} INFO - Setting next_dagrun for 4-Entrenamiento_model to None, run_after=None
[2025-03-27T02:56:43.019+0000] {processor.py:178} INFO - Processing /opt/airflow/dags/Entrenamiento_mode.py took 1.553 seconds
[2025-03-27T02:57:13.153+0000] {processor.py:156} INFO - Started process (PID=667) to work on /opt/airflow/dags/Entrenamiento_mode.py
[2025-03-27T02:57:13.155+0000] {processor.py:799} INFO - Processing file /opt/airflow/dags/Entrenamiento_mode.py for tasks to queue
[2025-03-27T02:57:13.157+0000] {logging_mixin.py:149} INFO - [2025-03-27T02:57:13.157+0000] {dagbag.py:541} INFO - Filling up the DagBag from /opt/airflow/dags/Entrenamiento_mode.py
[2025-03-27T02:57:14.494+0000] {processor.py:809} INFO - DAG(s) dict_keys(['4-Entrenamiento_model']) retrieved from /opt/airflow/dags/Entrenamiento_mode.py
[2025-03-27T02:57:14.538+0000] {logging_mixin.py:149} INFO - [2025-03-27T02:57:14.537+0000] {dag.py:2726} INFO - Sync 1 DAGs
[2025-03-27T02:57:14.579+0000] {logging_mixin.py:149} INFO - [2025-03-27T02:57:14.579+0000] {dag.py:3490} INFO - Setting next_dagrun for 4-Entrenamiento_model to None, run_after=None
[2025-03-27T02:57:14.616+0000] {processor.py:178} INFO - Processing /opt/airflow/dags/Entrenamiento_mode.py took 1.471 seconds
[2025-03-27T02:57:44.701+0000] {processor.py:156} INFO - Started process (PID=696) to work on /opt/airflow/dags/Entrenamiento_mode.py
[2025-03-27T02:57:44.706+0000] {processor.py:799} INFO - Processing file /opt/airflow/dags/Entrenamiento_mode.py for tasks to queue
[2025-03-27T02:57:44.707+0000] {logging_mixin.py:149} INFO - [2025-03-27T02:57:44.707+0000] {dagbag.py:541} INFO - Filling up the DagBag from /opt/airflow/dags/Entrenamiento_mode.py
[2025-03-27T02:57:46.055+0000] {processor.py:809} INFO - DAG(s) dict_keys(['4-Entrenamiento_model']) retrieved from /opt/airflow/dags/Entrenamiento_mode.py
[2025-03-27T02:57:46.099+0000] {logging_mixin.py:149} INFO - [2025-03-27T02:57:46.095+0000] {dag.py:2726} INFO - Sync 1 DAGs
[2025-03-27T02:57:46.136+0000] {logging_mixin.py:149} INFO - [2025-03-27T02:57:46.136+0000] {dag.py:3490} INFO - Setting next_dagrun for 4-Entrenamiento_model to None, run_after=None
[2025-03-27T02:57:46.168+0000] {processor.py:178} INFO - Processing /opt/airflow/dags/Entrenamiento_mode.py took 1.481 seconds
[2025-03-27T02:58:16.507+0000] {processor.py:156} INFO - Started process (PID=725) to work on /opt/airflow/dags/Entrenamiento_mode.py
[2025-03-27T02:58:16.510+0000] {processor.py:799} INFO - Processing file /opt/airflow/dags/Entrenamiento_mode.py for tasks to queue
[2025-03-27T02:58:16.512+0000] {logging_mixin.py:149} INFO - [2025-03-27T02:58:16.511+0000] {dagbag.py:541} INFO - Filling up the DagBag from /opt/airflow/dags/Entrenamiento_mode.py
[2025-03-27T02:58:18.064+0000] {processor.py:809} INFO - DAG(s) dict_keys(['4-Entrenamiento_model']) retrieved from /opt/airflow/dags/Entrenamiento_mode.py
[2025-03-27T02:58:18.111+0000] {logging_mixin.py:149} INFO - [2025-03-27T02:58:18.110+0000] {dag.py:2726} INFO - Sync 1 DAGs
[2025-03-27T02:58:18.149+0000] {logging_mixin.py:149} INFO - [2025-03-27T02:58:18.149+0000] {dag.py:3490} INFO - Setting next_dagrun for 4-Entrenamiento_model to None, run_after=None
[2025-03-27T02:58:18.188+0000] {processor.py:178} INFO - Processing /opt/airflow/dags/Entrenamiento_mode.py took 1.690 seconds
[2025-03-27T02:58:48.899+0000] {processor.py:156} INFO - Started process (PID=761) to work on /opt/airflow/dags/Entrenamiento_mode.py
[2025-03-27T02:58:48.903+0000] {processor.py:799} INFO - Processing file /opt/airflow/dags/Entrenamiento_mode.py for tasks to queue
[2025-03-27T02:58:48.904+0000] {logging_mixin.py:149} INFO - [2025-03-27T02:58:48.904+0000] {dagbag.py:541} INFO - Filling up the DagBag from /opt/airflow/dags/Entrenamiento_mode.py
[2025-03-27T02:58:50.383+0000] {processor.py:809} INFO - DAG(s) dict_keys(['4-Entrenamiento_model']) retrieved from /opt/airflow/dags/Entrenamiento_mode.py
[2025-03-27T02:58:50.456+0000] {logging_mixin.py:149} INFO - [2025-03-27T02:58:50.455+0000] {dag.py:2726} INFO - Sync 1 DAGs
[2025-03-27T02:58:50.500+0000] {logging_mixin.py:149} INFO - [2025-03-27T02:58:50.500+0000] {dag.py:3490} INFO - Setting next_dagrun for 4-Entrenamiento_model to None, run_after=None
[2025-03-27T02:58:50.527+0000] {processor.py:178} INFO - Processing /opt/airflow/dags/Entrenamiento_mode.py took 1.638 seconds
[2025-03-27T02:59:21.005+0000] {processor.py:156} INFO - Started process (PID=794) to work on /opt/airflow/dags/Entrenamiento_mode.py
[2025-03-27T02:59:21.008+0000] {processor.py:799} INFO - Processing file /opt/airflow/dags/Entrenamiento_mode.py for tasks to queue
[2025-03-27T02:59:21.009+0000] {logging_mixin.py:149} INFO - [2025-03-27T02:59:21.009+0000] {dagbag.py:541} INFO - Filling up the DagBag from /opt/airflow/dags/Entrenamiento_mode.py
[2025-03-27T02:59:22.633+0000] {processor.py:809} INFO - DAG(s) dict_keys(['4-Entrenamiento_model']) retrieved from /opt/airflow/dags/Entrenamiento_mode.py
[2025-03-27T02:59:22.741+0000] {logging_mixin.py:149} INFO - [2025-03-27T02:59:22.740+0000] {dag.py:2726} INFO - Sync 1 DAGs
[2025-03-27T02:59:22.829+0000] {logging_mixin.py:149} INFO - [2025-03-27T02:59:22.828+0000] {dag.py:3490} INFO - Setting next_dagrun for 4-Entrenamiento_model to None, run_after=None
[2025-03-27T02:59:22.879+0000] {processor.py:178} INFO - Processing /opt/airflow/dags/Entrenamiento_mode.py took 1.880 seconds
