[2025-03-27T00:00:17.944+0000] {processor.py:156} INFO - Started process (PID=391) to work on /opt/airflow/dags/Procesa_data.py
[2025-03-27T00:00:17.946+0000] {processor.py:799} INFO - Processing file /opt/airflow/dags/Procesa_data.py for tasks to queue
[2025-03-27T00:00:17.947+0000] {logging_mixin.py:149} INFO - [2025-03-27T00:00:17.947+0000] {dagbag.py:541} INFO - Filling up the DagBag from /opt/airflow/dags/Procesa_data.py
[2025-03-27T00:00:19.567+0000] {logging_mixin.py:149} INFO - [2025-03-27T00:00:19.565+0000] {dagbag.py:350} ERROR - Failed to import: /opt/airflow/dags/Procesa_data.py
Traceback (most recent call last):
  File "/home/airflow/.local/lib/python3.7/site-packages/airflow/models/dagbag.py", line 346, in parse
    loader.exec_module(new_module)
  File "<frozen importlib._bootstrap_external>", line 728, in exec_module
  File "<frozen importlib._bootstrap>", line 219, in _call_with_frames_removed
  File "/opt/airflow/dags/Procesa_data.py", line 38, in <module>
    os.makedirs(processed_dir, exist_ok=True)
  File "/usr/local/lib/python3.7/os.py", line 223, in makedirs
    mkdir(name, mode)
PermissionError: [Errno 13] Permission denied: '/opt/airflow/data/processed_data'
[2025-03-27T00:00:19.568+0000] {processor.py:811} WARNING - No viable dags retrieved from /opt/airflow/dags/Procesa_data.py
[2025-03-27T00:00:19.602+0000] {processor.py:178} INFO - Processing /opt/airflow/dags/Procesa_data.py took 1.667 seconds
[2025-03-27T00:00:49.926+0000] {processor.py:156} INFO - Started process (PID=420) to work on /opt/airflow/dags/Procesa_data.py
[2025-03-27T00:00:49.928+0000] {processor.py:799} INFO - Processing file /opt/airflow/dags/Procesa_data.py for tasks to queue
[2025-03-27T00:00:49.930+0000] {logging_mixin.py:149} INFO - [2025-03-27T00:00:49.930+0000] {dagbag.py:541} INFO - Filling up the DagBag from /opt/airflow/dags/Procesa_data.py
[2025-03-27T00:00:51.736+0000] {logging_mixin.py:149} INFO - [2025-03-27T00:00:51.734+0000] {dagbag.py:350} ERROR - Failed to import: /opt/airflow/dags/Procesa_data.py
Traceback (most recent call last):
  File "/home/airflow/.local/lib/python3.7/site-packages/airflow/models/dagbag.py", line 346, in parse
    loader.exec_module(new_module)
  File "<frozen importlib._bootstrap_external>", line 728, in exec_module
  File "<frozen importlib._bootstrap>", line 219, in _call_with_frames_removed
  File "/opt/airflow/dags/Procesa_data.py", line 38, in <module>
    os.makedirs(processed_dir, exist_ok=True)
  File "/usr/local/lib/python3.7/os.py", line 223, in makedirs
    mkdir(name, mode)
PermissionError: [Errno 13] Permission denied: '/opt/airflow/data/processed_data'
[2025-03-27T00:00:51.736+0000] {processor.py:811} WARNING - No viable dags retrieved from /opt/airflow/dags/Procesa_data.py
[2025-03-27T00:00:51.780+0000] {processor.py:178} INFO - Processing /opt/airflow/dags/Procesa_data.py took 1.861 seconds
[2025-03-27T00:01:22.149+0000] {processor.py:156} INFO - Started process (PID=449) to work on /opt/airflow/dags/Procesa_data.py
[2025-03-27T00:01:22.152+0000] {processor.py:799} INFO - Processing file /opt/airflow/dags/Procesa_data.py for tasks to queue
[2025-03-27T00:01:22.156+0000] {logging_mixin.py:149} INFO - [2025-03-27T00:01:22.155+0000] {dagbag.py:541} INFO - Filling up the DagBag from /opt/airflow/dags/Procesa_data.py
[2025-03-27T00:01:24.530+0000] {logging_mixin.py:149} INFO - [2025-03-27T00:01:24.528+0000] {dagbag.py:350} ERROR - Failed to import: /opt/airflow/dags/Procesa_data.py
Traceback (most recent call last):
  File "/home/airflow/.local/lib/python3.7/site-packages/airflow/models/dagbag.py", line 346, in parse
    loader.exec_module(new_module)
  File "<frozen importlib._bootstrap_external>", line 728, in exec_module
  File "<frozen importlib._bootstrap>", line 219, in _call_with_frames_removed
  File "/opt/airflow/dags/Procesa_data.py", line 38, in <module>
    os.makedirs(processed_dir, exist_ok=True)
  File "/usr/local/lib/python3.7/os.py", line 223, in makedirs
    mkdir(name, mode)
PermissionError: [Errno 13] Permission denied: '/opt/airflow/data/processed_data'
[2025-03-27T00:01:24.531+0000] {processor.py:811} WARNING - No viable dags retrieved from /opt/airflow/dags/Procesa_data.py
[2025-03-27T00:01:24.580+0000] {processor.py:178} INFO - Processing /opt/airflow/dags/Procesa_data.py took 2.440 seconds
[2025-03-27T00:01:55.162+0000] {processor.py:156} INFO - Started process (PID=479) to work on /opt/airflow/dags/Procesa_data.py
[2025-03-27T00:01:55.167+0000] {processor.py:799} INFO - Processing file /opt/airflow/dags/Procesa_data.py for tasks to queue
[2025-03-27T00:01:55.172+0000] {logging_mixin.py:149} INFO - [2025-03-27T00:01:55.172+0000] {dagbag.py:541} INFO - Filling up the DagBag from /opt/airflow/dags/Procesa_data.py
[2025-03-27T00:01:56.982+0000] {logging_mixin.py:149} INFO - [2025-03-27T00:01:56.978+0000] {dagbag.py:350} ERROR - Failed to import: /opt/airflow/dags/Procesa_data.py
Traceback (most recent call last):
  File "/home/airflow/.local/lib/python3.7/site-packages/airflow/models/dagbag.py", line 346, in parse
    loader.exec_module(new_module)
  File "<frozen importlib._bootstrap_external>", line 728, in exec_module
  File "<frozen importlib._bootstrap>", line 219, in _call_with_frames_removed
  File "/opt/airflow/dags/Procesa_data.py", line 38, in <module>
    os.makedirs(processed_dir, exist_ok=True)
  File "/usr/local/lib/python3.7/os.py", line 223, in makedirs
    mkdir(name, mode)
PermissionError: [Errno 13] Permission denied: '/opt/airflow/data/processed_data'
[2025-03-27T00:01:56.983+0000] {processor.py:811} WARNING - No viable dags retrieved from /opt/airflow/dags/Procesa_data.py
[2025-03-27T00:01:57.028+0000] {processor.py:178} INFO - Processing /opt/airflow/dags/Procesa_data.py took 1.877 seconds
[2025-03-27T02:09:47.151+0000] {processor.py:156} INFO - Started process (PID=77) to work on /opt/airflow/dags/Procesa_data.py
[2025-03-27T02:09:47.161+0000] {processor.py:799} INFO - Processing file /opt/airflow/dags/Procesa_data.py for tasks to queue
[2025-03-27T02:09:47.165+0000] {logging_mixin.py:149} INFO - [2025-03-27T02:09:47.164+0000] {dagbag.py:541} INFO - Filling up the DagBag from /opt/airflow/dags/Procesa_data.py
[2025-03-27T02:09:51.974+0000] {logging_mixin.py:149} INFO - [2025-03-27T02:09:51.972+0000] {dagbag.py:350} ERROR - Failed to import: /opt/airflow/dags/Procesa_data.py
Traceback (most recent call last):
  File "/home/airflow/.local/lib/python3.7/site-packages/airflow/models/dagbag.py", line 346, in parse
    loader.exec_module(new_module)
  File "<frozen importlib._bootstrap_external>", line 728, in exec_module
  File "<frozen importlib._bootstrap>", line 219, in _call_with_frames_removed
  File "/opt/airflow/dags/Procesa_data.py", line 38, in <module>
    os.makedirs(processed_dir, exist_ok=True)
  File "/usr/local/lib/python3.7/os.py", line 223, in makedirs
    mkdir(name, mode)
PermissionError: [Errno 13] Permission denied: '/opt/airflow/data/processed_data'
[2025-03-27T02:09:51.975+0000] {processor.py:811} WARNING - No viable dags retrieved from /opt/airflow/dags/Procesa_data.py
[2025-03-27T02:09:52.040+0000] {processor.py:178} INFO - Processing /opt/airflow/dags/Procesa_data.py took 4.923 seconds
[2025-03-27T02:10:22.208+0000] {processor.py:156} INFO - Started process (PID=110) to work on /opt/airflow/dags/Procesa_data.py
[2025-03-27T02:10:22.212+0000] {processor.py:799} INFO - Processing file /opt/airflow/dags/Procesa_data.py for tasks to queue
[2025-03-27T02:10:22.213+0000] {logging_mixin.py:149} INFO - [2025-03-27T02:10:22.213+0000] {dagbag.py:541} INFO - Filling up the DagBag from /opt/airflow/dags/Procesa_data.py
[2025-03-27T02:10:26.336+0000] {logging_mixin.py:149} INFO - [2025-03-27T02:10:26.326+0000] {dagbag.py:350} ERROR - Failed to import: /opt/airflow/dags/Procesa_data.py
Traceback (most recent call last):
  File "/home/airflow/.local/lib/python3.7/site-packages/airflow/models/dagbag.py", line 346, in parse
    loader.exec_module(new_module)
  File "<frozen importlib._bootstrap_external>", line 728, in exec_module
  File "<frozen importlib._bootstrap>", line 219, in _call_with_frames_removed
  File "/opt/airflow/dags/Procesa_data.py", line 38, in <module>
    os.makedirs(processed_dir, exist_ok=True)
  File "/usr/local/lib/python3.7/os.py", line 223, in makedirs
    mkdir(name, mode)
PermissionError: [Errno 13] Permission denied: '/opt/airflow/data/processed_data'
[2025-03-27T02:10:26.338+0000] {processor.py:811} WARNING - No viable dags retrieved from /opt/airflow/dags/Procesa_data.py
[2025-03-27T02:10:26.444+0000] {processor.py:178} INFO - Processing /opt/airflow/dags/Procesa_data.py took 4.240 seconds
[2025-03-27T02:10:57.163+0000] {processor.py:156} INFO - Started process (PID=140) to work on /opt/airflow/dags/Procesa_data.py
[2025-03-27T02:10:57.164+0000] {processor.py:799} INFO - Processing file /opt/airflow/dags/Procesa_data.py for tasks to queue
[2025-03-27T02:10:57.166+0000] {logging_mixin.py:149} INFO - [2025-03-27T02:10:57.165+0000] {dagbag.py:541} INFO - Filling up the DagBag from /opt/airflow/dags/Procesa_data.py
[2025-03-27T02:10:58.688+0000] {logging_mixin.py:149} INFO - [2025-03-27T02:10:58.686+0000] {dagbag.py:350} ERROR - Failed to import: /opt/airflow/dags/Procesa_data.py
Traceback (most recent call last):
  File "/home/airflow/.local/lib/python3.7/site-packages/airflow/models/dagbag.py", line 346, in parse
    loader.exec_module(new_module)
  File "<frozen importlib._bootstrap_external>", line 728, in exec_module
  File "<frozen importlib._bootstrap>", line 219, in _call_with_frames_removed
  File "/opt/airflow/dags/Procesa_data.py", line 38, in <module>
    os.makedirs(processed_dir, exist_ok=True)
  File "/usr/local/lib/python3.7/os.py", line 223, in makedirs
    mkdir(name, mode)
PermissionError: [Errno 13] Permission denied: '/opt/airflow/data/processed_data'
[2025-03-27T02:10:58.688+0000] {processor.py:811} WARNING - No viable dags retrieved from /opt/airflow/dags/Procesa_data.py
[2025-03-27T02:10:58.719+0000] {processor.py:178} INFO - Processing /opt/airflow/dags/Procesa_data.py took 1.565 seconds
[2025-03-27T02:11:29.007+0000] {processor.py:156} INFO - Started process (PID=169) to work on /opt/airflow/dags/Procesa_data.py
[2025-03-27T02:11:29.009+0000] {processor.py:799} INFO - Processing file /opt/airflow/dags/Procesa_data.py for tasks to queue
[2025-03-27T02:11:29.010+0000] {logging_mixin.py:149} INFO - [2025-03-27T02:11:29.010+0000] {dagbag.py:541} INFO - Filling up the DagBag from /opt/airflow/dags/Procesa_data.py
[2025-03-27T02:11:30.365+0000] {logging_mixin.py:149} INFO - [2025-03-27T02:11:30.363+0000] {dagbag.py:350} ERROR - Failed to import: /opt/airflow/dags/Procesa_data.py
Traceback (most recent call last):
  File "/home/airflow/.local/lib/python3.7/site-packages/airflow/models/dagbag.py", line 346, in parse
    loader.exec_module(new_module)
  File "<frozen importlib._bootstrap_external>", line 728, in exec_module
  File "<frozen importlib._bootstrap>", line 219, in _call_with_frames_removed
  File "/opt/airflow/dags/Procesa_data.py", line 38, in <module>
    os.makedirs(processed_dir, exist_ok=True)
  File "/usr/local/lib/python3.7/os.py", line 223, in makedirs
    mkdir(name, mode)
PermissionError: [Errno 13] Permission denied: '/opt/airflow/data/processed_data'
[2025-03-27T02:11:30.365+0000] {processor.py:811} WARNING - No viable dags retrieved from /opt/airflow/dags/Procesa_data.py
[2025-03-27T02:11:30.409+0000] {processor.py:178} INFO - Processing /opt/airflow/dags/Procesa_data.py took 1.410 seconds
[2025-03-27T02:17:15.353+0000] {processor.py:156} INFO - Started process (PID=96) to work on /opt/airflow/dags/Procesa_data.py
[2025-03-27T02:17:15.365+0000] {processor.py:799} INFO - Processing file /opt/airflow/dags/Procesa_data.py for tasks to queue
[2025-03-27T02:17:15.377+0000] {logging_mixin.py:149} INFO - [2025-03-27T02:17:15.377+0000] {dagbag.py:541} INFO - Filling up the DagBag from /opt/airflow/dags/Procesa_data.py
[2025-03-27T02:17:23.832+0000] {logging_mixin.py:149} INFO - [2025-03-27T02:17:23.827+0000] {dagbag.py:350} ERROR - Failed to import: /opt/airflow/dags/Procesa_data.py
Traceback (most recent call last):
  File "/home/airflow/.local/lib/python3.7/site-packages/airflow/models/dagbag.py", line 346, in parse
    loader.exec_module(new_module)
  File "<frozen importlib._bootstrap_external>", line 728, in exec_module
  File "<frozen importlib._bootstrap>", line 219, in _call_with_frames_removed
  File "/opt/airflow/dags/Procesa_data.py", line 38, in <module>
    os.makedirs(processed_dir, exist_ok=True)
  File "/usr/local/lib/python3.7/os.py", line 223, in makedirs
    mkdir(name, mode)
PermissionError: [Errno 13] Permission denied: '/opt/airflow/data/processed_data'
[2025-03-27T02:17:23.834+0000] {processor.py:811} WARNING - No viable dags retrieved from /opt/airflow/dags/Procesa_data.py
[2025-03-27T02:17:23.915+0000] {processor.py:178} INFO - Processing /opt/airflow/dags/Procesa_data.py took 8.602 seconds
[2025-03-27T02:17:54.336+0000] {processor.py:156} INFO - Started process (PID=129) to work on /opt/airflow/dags/Procesa_data.py
[2025-03-27T02:17:54.338+0000] {processor.py:799} INFO - Processing file /opt/airflow/dags/Procesa_data.py for tasks to queue
[2025-03-27T02:17:54.339+0000] {logging_mixin.py:149} INFO - [2025-03-27T02:17:54.339+0000] {dagbag.py:541} INFO - Filling up the DagBag from /opt/airflow/dags/Procesa_data.py
[2025-03-27T02:17:56.809+0000] {logging_mixin.py:149} INFO - [2025-03-27T02:17:56.803+0000] {dagbag.py:350} ERROR - Failed to import: /opt/airflow/dags/Procesa_data.py
Traceback (most recent call last):
  File "/home/airflow/.local/lib/python3.7/site-packages/airflow/models/dagbag.py", line 346, in parse
    loader.exec_module(new_module)
  File "<frozen importlib._bootstrap_external>", line 728, in exec_module
  File "<frozen importlib._bootstrap>", line 219, in _call_with_frames_removed
  File "/opt/airflow/dags/Procesa_data.py", line 38, in <module>
    os.makedirs(processed_dir, exist_ok=True)
  File "/usr/local/lib/python3.7/os.py", line 223, in makedirs
    mkdir(name, mode)
PermissionError: [Errno 13] Permission denied: '/opt/airflow/data/processed_data'
[2025-03-27T02:17:56.810+0000] {processor.py:811} WARNING - No viable dags retrieved from /opt/airflow/dags/Procesa_data.py
[2025-03-27T02:17:56.868+0000] {processor.py:178} INFO - Processing /opt/airflow/dags/Procesa_data.py took 2.542 seconds
[2025-03-27T02:18:27.056+0000] {processor.py:156} INFO - Started process (PID=158) to work on /opt/airflow/dags/Procesa_data.py
[2025-03-27T02:18:27.058+0000] {processor.py:799} INFO - Processing file /opt/airflow/dags/Procesa_data.py for tasks to queue
[2025-03-27T02:18:27.059+0000] {logging_mixin.py:149} INFO - [2025-03-27T02:18:27.059+0000] {dagbag.py:541} INFO - Filling up the DagBag from /opt/airflow/dags/Procesa_data.py
[2025-03-27T02:18:28.538+0000] {logging_mixin.py:149} INFO - [2025-03-27T02:18:28.532+0000] {dagbag.py:350} ERROR - Failed to import: /opt/airflow/dags/Procesa_data.py
Traceback (most recent call last):
  File "/home/airflow/.local/lib/python3.7/site-packages/airflow/models/dagbag.py", line 346, in parse
    loader.exec_module(new_module)
  File "<frozen importlib._bootstrap_external>", line 728, in exec_module
  File "<frozen importlib._bootstrap>", line 219, in _call_with_frames_removed
  File "/opt/airflow/dags/Procesa_data.py", line 38, in <module>
    os.makedirs(processed_dir, exist_ok=True)
  File "/usr/local/lib/python3.7/os.py", line 223, in makedirs
    mkdir(name, mode)
PermissionError: [Errno 13] Permission denied: '/opt/airflow/data/processed_data'
[2025-03-27T02:18:28.542+0000] {processor.py:811} WARNING - No viable dags retrieved from /opt/airflow/dags/Procesa_data.py
[2025-03-27T02:18:28.576+0000] {processor.py:178} INFO - Processing /opt/airflow/dags/Procesa_data.py took 1.526 seconds
[2025-03-27T02:18:58.933+0000] {processor.py:156} INFO - Started process (PID=187) to work on /opt/airflow/dags/Procesa_data.py
[2025-03-27T02:18:58.941+0000] {processor.py:799} INFO - Processing file /opt/airflow/dags/Procesa_data.py for tasks to queue
[2025-03-27T02:18:58.946+0000] {logging_mixin.py:149} INFO - [2025-03-27T02:18:58.945+0000] {dagbag.py:541} INFO - Filling up the DagBag from /opt/airflow/dags/Procesa_data.py
[2025-03-27T02:19:00.909+0000] {logging_mixin.py:149} INFO - [2025-03-27T02:19:00.907+0000] {dagbag.py:350} ERROR - Failed to import: /opt/airflow/dags/Procesa_data.py
Traceback (most recent call last):
  File "/home/airflow/.local/lib/python3.7/site-packages/airflow/models/dagbag.py", line 346, in parse
    loader.exec_module(new_module)
  File "<frozen importlib._bootstrap_external>", line 728, in exec_module
  File "<frozen importlib._bootstrap>", line 219, in _call_with_frames_removed
  File "/opt/airflow/dags/Procesa_data.py", line 38, in <module>
    os.makedirs(processed_dir, exist_ok=True)
  File "/usr/local/lib/python3.7/os.py", line 223, in makedirs
    mkdir(name, mode)
PermissionError: [Errno 13] Permission denied: '/opt/airflow/data/processed_data'
[2025-03-27T02:19:00.910+0000] {processor.py:811} WARNING - No viable dags retrieved from /opt/airflow/dags/Procesa_data.py
[2025-03-27T02:19:00.936+0000] {processor.py:178} INFO - Processing /opt/airflow/dags/Procesa_data.py took 2.019 seconds
[2025-03-27T02:19:31.131+0000] {processor.py:156} INFO - Started process (PID=216) to work on /opt/airflow/dags/Procesa_data.py
[2025-03-27T02:19:31.134+0000] {processor.py:799} INFO - Processing file /opt/airflow/dags/Procesa_data.py for tasks to queue
[2025-03-27T02:19:31.136+0000] {logging_mixin.py:149} INFO - [2025-03-27T02:19:31.135+0000] {dagbag.py:541} INFO - Filling up the DagBag from /opt/airflow/dags/Procesa_data.py
[2025-03-27T02:19:32.530+0000] {logging_mixin.py:149} INFO - [2025-03-27T02:19:32.528+0000] {dagbag.py:350} ERROR - Failed to import: /opt/airflow/dags/Procesa_data.py
Traceback (most recent call last):
  File "/home/airflow/.local/lib/python3.7/site-packages/airflow/models/dagbag.py", line 346, in parse
    loader.exec_module(new_module)
  File "<frozen importlib._bootstrap_external>", line 728, in exec_module
  File "<frozen importlib._bootstrap>", line 219, in _call_with_frames_removed
  File "/opt/airflow/dags/Procesa_data.py", line 38, in <module>
    os.makedirs(processed_dir, exist_ok=True)
  File "/usr/local/lib/python3.7/os.py", line 223, in makedirs
    mkdir(name, mode)
PermissionError: [Errno 13] Permission denied: '/opt/airflow/data/processed_data'
[2025-03-27T02:19:32.531+0000] {processor.py:811} WARNING - No viable dags retrieved from /opt/airflow/dags/Procesa_data.py
[2025-03-27T02:19:32.570+0000] {processor.py:178} INFO - Processing /opt/airflow/dags/Procesa_data.py took 1.445 seconds
[2025-03-27T02:20:02.650+0000] {processor.py:156} INFO - Started process (PID=245) to work on /opt/airflow/dags/Procesa_data.py
[2025-03-27T02:20:02.652+0000] {processor.py:799} INFO - Processing file /opt/airflow/dags/Procesa_data.py for tasks to queue
[2025-03-27T02:20:02.654+0000] {logging_mixin.py:149} INFO - [2025-03-27T02:20:02.653+0000] {dagbag.py:541} INFO - Filling up the DagBag from /opt/airflow/dags/Procesa_data.py
[2025-03-27T02:20:04.147+0000] {logging_mixin.py:149} INFO - [2025-03-27T02:20:04.145+0000] {dagbag.py:350} ERROR - Failed to import: /opt/airflow/dags/Procesa_data.py
Traceback (most recent call last):
  File "/home/airflow/.local/lib/python3.7/site-packages/airflow/models/dagbag.py", line 346, in parse
    loader.exec_module(new_module)
  File "<frozen importlib._bootstrap_external>", line 728, in exec_module
  File "<frozen importlib._bootstrap>", line 219, in _call_with_frames_removed
  File "/opt/airflow/dags/Procesa_data.py", line 38, in <module>
    os.makedirs(processed_dir, exist_ok=True)
  File "/usr/local/lib/python3.7/os.py", line 223, in makedirs
    mkdir(name, mode)
PermissionError: [Errno 13] Permission denied: '/opt/airflow/data/processed_data'
[2025-03-27T02:20:04.147+0000] {processor.py:811} WARNING - No viable dags retrieved from /opt/airflow/dags/Procesa_data.py
[2025-03-27T02:20:04.175+0000] {processor.py:178} INFO - Processing /opt/airflow/dags/Procesa_data.py took 1.531 seconds
[2025-03-27T02:20:34.873+0000] {processor.py:156} INFO - Started process (PID=274) to work on /opt/airflow/dags/Procesa_data.py
[2025-03-27T02:20:34.875+0000] {processor.py:799} INFO - Processing file /opt/airflow/dags/Procesa_data.py for tasks to queue
[2025-03-27T02:20:34.876+0000] {logging_mixin.py:149} INFO - [2025-03-27T02:20:34.876+0000] {dagbag.py:541} INFO - Filling up the DagBag from /opt/airflow/dags/Procesa_data.py
[2025-03-27T02:20:36.455+0000] {logging_mixin.py:149} INFO - [2025-03-27T02:20:36.452+0000] {dagbag.py:350} ERROR - Failed to import: /opt/airflow/dags/Procesa_data.py
Traceback (most recent call last):
  File "/home/airflow/.local/lib/python3.7/site-packages/airflow/models/dagbag.py", line 346, in parse
    loader.exec_module(new_module)
  File "<frozen importlib._bootstrap_external>", line 728, in exec_module
  File "<frozen importlib._bootstrap>", line 219, in _call_with_frames_removed
  File "/opt/airflow/dags/Procesa_data.py", line 38, in <module>
    os.makedirs(processed_dir, exist_ok=True)
  File "/usr/local/lib/python3.7/os.py", line 223, in makedirs
    mkdir(name, mode)
PermissionError: [Errno 13] Permission denied: '/opt/airflow/data/processed_data'
[2025-03-27T02:20:36.456+0000] {processor.py:811} WARNING - No viable dags retrieved from /opt/airflow/dags/Procesa_data.py
[2025-03-27T02:20:36.482+0000] {processor.py:178} INFO - Processing /opt/airflow/dags/Procesa_data.py took 1.619 seconds
[2025-03-27T02:21:06.738+0000] {processor.py:156} INFO - Started process (PID=310) to work on /opt/airflow/dags/Procesa_data.py
[2025-03-27T02:21:06.740+0000] {processor.py:799} INFO - Processing file /opt/airflow/dags/Procesa_data.py for tasks to queue
[2025-03-27T02:21:06.742+0000] {logging_mixin.py:149} INFO - [2025-03-27T02:21:06.742+0000] {dagbag.py:541} INFO - Filling up the DagBag from /opt/airflow/dags/Procesa_data.py
[2025-03-27T02:21:08.035+0000] {logging_mixin.py:149} INFO - [2025-03-27T02:21:08.033+0000] {dagbag.py:350} ERROR - Failed to import: /opt/airflow/dags/Procesa_data.py
Traceback (most recent call last):
  File "/home/airflow/.local/lib/python3.7/site-packages/airflow/models/dagbag.py", line 346, in parse
    loader.exec_module(new_module)
  File "<frozen importlib._bootstrap_external>", line 728, in exec_module
  File "<frozen importlib._bootstrap>", line 219, in _call_with_frames_removed
  File "/opt/airflow/dags/Procesa_data.py", line 38, in <module>
    os.makedirs(processed_dir, exist_ok=True)
  File "/usr/local/lib/python3.7/os.py", line 223, in makedirs
    mkdir(name, mode)
PermissionError: [Errno 13] Permission denied: '/opt/airflow/data/processed_data'
[2025-03-27T02:21:08.036+0000] {processor.py:811} WARNING - No viable dags retrieved from /opt/airflow/dags/Procesa_data.py
[2025-03-27T02:21:08.074+0000] {processor.py:178} INFO - Processing /opt/airflow/dags/Procesa_data.py took 1.342 seconds
[2025-03-27T02:21:38.194+0000] {processor.py:156} INFO - Started process (PID=339) to work on /opt/airflow/dags/Procesa_data.py
[2025-03-27T02:21:38.196+0000] {processor.py:799} INFO - Processing file /opt/airflow/dags/Procesa_data.py for tasks to queue
[2025-03-27T02:21:38.198+0000] {logging_mixin.py:149} INFO - [2025-03-27T02:21:38.197+0000] {dagbag.py:541} INFO - Filling up the DagBag from /opt/airflow/dags/Procesa_data.py
[2025-03-27T02:21:39.498+0000] {logging_mixin.py:149} INFO - [2025-03-27T02:21:39.496+0000] {dagbag.py:350} ERROR - Failed to import: /opt/airflow/dags/Procesa_data.py
Traceback (most recent call last):
  File "/home/airflow/.local/lib/python3.7/site-packages/airflow/models/dagbag.py", line 346, in parse
    loader.exec_module(new_module)
  File "<frozen importlib._bootstrap_external>", line 728, in exec_module
  File "<frozen importlib._bootstrap>", line 219, in _call_with_frames_removed
  File "/opt/airflow/dags/Procesa_data.py", line 38, in <module>
    os.makedirs(processed_dir, exist_ok=True)
  File "/usr/local/lib/python3.7/os.py", line 223, in makedirs
    mkdir(name, mode)
PermissionError: [Errno 13] Permission denied: '/opt/airflow/data/processed_data'
[2025-03-27T02:21:39.498+0000] {processor.py:811} WARNING - No viable dags retrieved from /opt/airflow/dags/Procesa_data.py
[2025-03-27T02:21:39.533+0000] {processor.py:178} INFO - Processing /opt/airflow/dags/Procesa_data.py took 1.346 seconds
[2025-03-27T02:22:09.747+0000] {processor.py:156} INFO - Started process (PID=368) to work on /opt/airflow/dags/Procesa_data.py
[2025-03-27T02:22:09.749+0000] {processor.py:799} INFO - Processing file /opt/airflow/dags/Procesa_data.py for tasks to queue
[2025-03-27T02:22:09.751+0000] {logging_mixin.py:149} INFO - [2025-03-27T02:22:09.750+0000] {dagbag.py:541} INFO - Filling up the DagBag from /opt/airflow/dags/Procesa_data.py
[2025-03-27T02:22:11.012+0000] {logging_mixin.py:149} INFO - [2025-03-27T02:22:11.010+0000] {dagbag.py:350} ERROR - Failed to import: /opt/airflow/dags/Procesa_data.py
Traceback (most recent call last):
  File "/home/airflow/.local/lib/python3.7/site-packages/airflow/models/dagbag.py", line 346, in parse
    loader.exec_module(new_module)
  File "<frozen importlib._bootstrap_external>", line 728, in exec_module
  File "<frozen importlib._bootstrap>", line 219, in _call_with_frames_removed
  File "/opt/airflow/dags/Procesa_data.py", line 38, in <module>
    os.makedirs(processed_dir, exist_ok=True)
  File "/usr/local/lib/python3.7/os.py", line 223, in makedirs
    mkdir(name, mode)
PermissionError: [Errno 13] Permission denied: '/opt/airflow/data/processed_data'
[2025-03-27T02:22:11.012+0000] {processor.py:811} WARNING - No viable dags retrieved from /opt/airflow/dags/Procesa_data.py
[2025-03-27T02:22:11.038+0000] {processor.py:178} INFO - Processing /opt/airflow/dags/Procesa_data.py took 1.297 seconds
[2025-03-27T02:22:41.277+0000] {processor.py:156} INFO - Started process (PID=397) to work on /opt/airflow/dags/Procesa_data.py
[2025-03-27T02:22:41.280+0000] {processor.py:799} INFO - Processing file /opt/airflow/dags/Procesa_data.py for tasks to queue
[2025-03-27T02:22:41.281+0000] {logging_mixin.py:149} INFO - [2025-03-27T02:22:41.281+0000] {dagbag.py:541} INFO - Filling up the DagBag from /opt/airflow/dags/Procesa_data.py
[2025-03-27T02:22:42.611+0000] {logging_mixin.py:149} INFO - [2025-03-27T02:22:42.609+0000] {dagbag.py:350} ERROR - Failed to import: /opt/airflow/dags/Procesa_data.py
Traceback (most recent call last):
  File "/home/airflow/.local/lib/python3.7/site-packages/airflow/models/dagbag.py", line 346, in parse
    loader.exec_module(new_module)
  File "<frozen importlib._bootstrap_external>", line 728, in exec_module
  File "<frozen importlib._bootstrap>", line 219, in _call_with_frames_removed
  File "/opt/airflow/dags/Procesa_data.py", line 38, in <module>
    os.makedirs(processed_dir, exist_ok=True)
  File "/usr/local/lib/python3.7/os.py", line 223, in makedirs
    mkdir(name, mode)
PermissionError: [Errno 13] Permission denied: '/opt/airflow/data/processed_data'
[2025-03-27T02:22:42.611+0000] {processor.py:811} WARNING - No viable dags retrieved from /opt/airflow/dags/Procesa_data.py
[2025-03-27T02:22:42.636+0000] {processor.py:178} INFO - Processing /opt/airflow/dags/Procesa_data.py took 1.365 seconds
[2025-03-27T02:23:12.698+0000] {processor.py:156} INFO - Started process (PID=426) to work on /opt/airflow/dags/Procesa_data.py
[2025-03-27T02:23:12.699+0000] {processor.py:799} INFO - Processing file /opt/airflow/dags/Procesa_data.py for tasks to queue
[2025-03-27T02:23:12.701+0000] {logging_mixin.py:149} INFO - [2025-03-27T02:23:12.700+0000] {dagbag.py:541} INFO - Filling up the DagBag from /opt/airflow/dags/Procesa_data.py
[2025-03-27T02:23:13.993+0000] {logging_mixin.py:149} INFO - [2025-03-27T02:23:13.991+0000] {dagbag.py:350} ERROR - Failed to import: /opt/airflow/dags/Procesa_data.py
Traceback (most recent call last):
  File "/home/airflow/.local/lib/python3.7/site-packages/airflow/models/dagbag.py", line 346, in parse
    loader.exec_module(new_module)
  File "<frozen importlib._bootstrap_external>", line 728, in exec_module
  File "<frozen importlib._bootstrap>", line 219, in _call_with_frames_removed
  File "/opt/airflow/dags/Procesa_data.py", line 38, in <module>
    os.makedirs(processed_dir, exist_ok=True)
  File "/usr/local/lib/python3.7/os.py", line 223, in makedirs
    mkdir(name, mode)
PermissionError: [Errno 13] Permission denied: '/opt/airflow/data/processed_data'
[2025-03-27T02:23:13.993+0000] {processor.py:811} WARNING - No viable dags retrieved from /opt/airflow/dags/Procesa_data.py
[2025-03-27T02:23:14.020+0000] {processor.py:178} INFO - Processing /opt/airflow/dags/Procesa_data.py took 1.329 seconds
[2025-03-27T02:25:11.398+0000] {processor.py:156} INFO - Started process (PID=77) to work on /opt/airflow/dags/Procesa_data.py
[2025-03-27T02:25:11.403+0000] {processor.py:799} INFO - Processing file /opt/airflow/dags/Procesa_data.py for tasks to queue
[2025-03-27T02:25:11.405+0000] {logging_mixin.py:149} INFO - [2025-03-27T02:25:11.405+0000] {dagbag.py:541} INFO - Filling up the DagBag from /opt/airflow/dags/Procesa_data.py
[2025-03-27T02:25:13.593+0000] {logging_mixin.py:149} INFO - [2025-03-27T02:25:13.591+0000] {dagbag.py:350} ERROR - Failed to import: /opt/airflow/dags/Procesa_data.py
Traceback (most recent call last):
  File "/home/airflow/.local/lib/python3.7/site-packages/airflow/models/dagbag.py", line 346, in parse
    loader.exec_module(new_module)
  File "<frozen importlib._bootstrap_external>", line 728, in exec_module
  File "<frozen importlib._bootstrap>", line 219, in _call_with_frames_removed
  File "/opt/airflow/dags/Procesa_data.py", line 38, in <module>
    os.makedirs(processed_dir, exist_ok=True)
  File "/usr/local/lib/python3.7/os.py", line 223, in makedirs
    mkdir(name, mode)
PermissionError: [Errno 13] Permission denied: '/opt/airflow/data/processed_data'
[2025-03-27T02:25:13.594+0000] {processor.py:811} WARNING - No viable dags retrieved from /opt/airflow/dags/Procesa_data.py
[2025-03-27T02:25:13.672+0000] {processor.py:178} INFO - Processing /opt/airflow/dags/Procesa_data.py took 2.286 seconds
[2025-03-27T02:25:43.875+0000] {processor.py:156} INFO - Started process (PID=109) to work on /opt/airflow/dags/Procesa_data.py
[2025-03-27T02:25:43.877+0000] {processor.py:799} INFO - Processing file /opt/airflow/dags/Procesa_data.py for tasks to queue
[2025-03-27T02:25:43.879+0000] {logging_mixin.py:149} INFO - [2025-03-27T02:25:43.878+0000] {dagbag.py:541} INFO - Filling up the DagBag from /opt/airflow/dags/Procesa_data.py
[2025-03-27T02:25:45.225+0000] {logging_mixin.py:149} INFO - [2025-03-27T02:25:45.224+0000] {dagbag.py:350} ERROR - Failed to import: /opt/airflow/dags/Procesa_data.py
Traceback (most recent call last):
  File "/home/airflow/.local/lib/python3.7/site-packages/airflow/models/dagbag.py", line 346, in parse
    loader.exec_module(new_module)
  File "<frozen importlib._bootstrap_external>", line 728, in exec_module
  File "<frozen importlib._bootstrap>", line 219, in _call_with_frames_removed
  File "/opt/airflow/dags/Procesa_data.py", line 38, in <module>
    os.makedirs(processed_dir, exist_ok=True)
  File "/usr/local/lib/python3.7/os.py", line 223, in makedirs
    mkdir(name, mode)
PermissionError: [Errno 13] Permission denied: '/opt/airflow/data/processed_data'
[2025-03-27T02:25:45.226+0000] {processor.py:811} WARNING - No viable dags retrieved from /opt/airflow/dags/Procesa_data.py
[2025-03-27T02:25:45.256+0000] {processor.py:178} INFO - Processing /opt/airflow/dags/Procesa_data.py took 1.388 seconds
[2025-03-27T02:26:15.612+0000] {processor.py:156} INFO - Started process (PID=138) to work on /opt/airflow/dags/Procesa_data.py
[2025-03-27T02:26:15.614+0000] {processor.py:799} INFO - Processing file /opt/airflow/dags/Procesa_data.py for tasks to queue
[2025-03-27T02:26:15.615+0000] {logging_mixin.py:149} INFO - [2025-03-27T02:26:15.615+0000] {dagbag.py:541} INFO - Filling up the DagBag from /opt/airflow/dags/Procesa_data.py
[2025-03-27T02:26:17.091+0000] {logging_mixin.py:149} INFO - [2025-03-27T02:26:17.090+0000] {dagbag.py:350} ERROR - Failed to import: /opt/airflow/dags/Procesa_data.py
Traceback (most recent call last):
  File "/home/airflow/.local/lib/python3.7/site-packages/airflow/models/dagbag.py", line 346, in parse
    loader.exec_module(new_module)
  File "<frozen importlib._bootstrap_external>", line 728, in exec_module
  File "<frozen importlib._bootstrap>", line 219, in _call_with_frames_removed
  File "/opt/airflow/dags/Procesa_data.py", line 38, in <module>
    os.makedirs(processed_dir, exist_ok=True)
  File "/usr/local/lib/python3.7/os.py", line 223, in makedirs
    mkdir(name, mode)
PermissionError: [Errno 13] Permission denied: '/opt/airflow/data/processed_data'
[2025-03-27T02:26:17.092+0000] {processor.py:811} WARNING - No viable dags retrieved from /opt/airflow/dags/Procesa_data.py
[2025-03-27T02:26:17.118+0000] {processor.py:178} INFO - Processing /opt/airflow/dags/Procesa_data.py took 1.512 seconds
[2025-03-27T02:26:47.212+0000] {processor.py:156} INFO - Started process (PID=168) to work on /opt/airflow/dags/Procesa_data.py
[2025-03-27T02:26:47.214+0000] {processor.py:799} INFO - Processing file /opt/airflow/dags/Procesa_data.py for tasks to queue
[2025-03-27T02:26:47.216+0000] {logging_mixin.py:149} INFO - [2025-03-27T02:26:47.216+0000] {dagbag.py:541} INFO - Filling up the DagBag from /opt/airflow/dags/Procesa_data.py
[2025-03-27T02:26:48.840+0000] {logging_mixin.py:149} INFO - [2025-03-27T02:26:48.839+0000] {dagbag.py:350} ERROR - Failed to import: /opt/airflow/dags/Procesa_data.py
Traceback (most recent call last):
  File "/home/airflow/.local/lib/python3.7/site-packages/airflow/models/dagbag.py", line 346, in parse
    loader.exec_module(new_module)
  File "<frozen importlib._bootstrap_external>", line 728, in exec_module
  File "<frozen importlib._bootstrap>", line 219, in _call_with_frames_removed
  File "/opt/airflow/dags/Procesa_data.py", line 38, in <module>
    os.makedirs(processed_dir, exist_ok=True)
  File "/usr/local/lib/python3.7/os.py", line 223, in makedirs
    mkdir(name, mode)
PermissionError: [Errno 13] Permission denied: '/opt/airflow/data/processed_data'
[2025-03-27T02:26:48.841+0000] {processor.py:811} WARNING - No viable dags retrieved from /opt/airflow/dags/Procesa_data.py
[2025-03-27T02:26:48.870+0000] {processor.py:178} INFO - Processing /opt/airflow/dags/Procesa_data.py took 1.664 seconds
[2025-03-27T02:27:19.111+0000] {processor.py:156} INFO - Started process (PID=204) to work on /opt/airflow/dags/Procesa_data.py
[2025-03-27T02:27:19.113+0000] {processor.py:799} INFO - Processing file /opt/airflow/dags/Procesa_data.py for tasks to queue
[2025-03-27T02:27:19.114+0000] {logging_mixin.py:149} INFO - [2025-03-27T02:27:19.114+0000] {dagbag.py:541} INFO - Filling up the DagBag from /opt/airflow/dags/Procesa_data.py
[2025-03-27T02:27:20.531+0000] {logging_mixin.py:149} INFO - [2025-03-27T02:27:20.529+0000] {dagbag.py:350} ERROR - Failed to import: /opt/airflow/dags/Procesa_data.py
Traceback (most recent call last):
  File "/home/airflow/.local/lib/python3.7/site-packages/airflow/models/dagbag.py", line 346, in parse
    loader.exec_module(new_module)
  File "<frozen importlib._bootstrap_external>", line 728, in exec_module
  File "<frozen importlib._bootstrap>", line 219, in _call_with_frames_removed
  File "/opt/airflow/dags/Procesa_data.py", line 38, in <module>
    os.makedirs(processed_dir, exist_ok=True)
  File "/usr/local/lib/python3.7/os.py", line 223, in makedirs
    mkdir(name, mode)
PermissionError: [Errno 13] Permission denied: '/opt/airflow/data/processed_data'
[2025-03-27T02:27:20.532+0000] {processor.py:811} WARNING - No viable dags retrieved from /opt/airflow/dags/Procesa_data.py
[2025-03-27T02:27:20.556+0000] {processor.py:178} INFO - Processing /opt/airflow/dags/Procesa_data.py took 1.452 seconds
[2025-03-27T02:27:51.298+0000] {processor.py:156} INFO - Started process (PID=233) to work on /opt/airflow/dags/Procesa_data.py
[2025-03-27T02:27:51.301+0000] {processor.py:799} INFO - Processing file /opt/airflow/dags/Procesa_data.py for tasks to queue
[2025-03-27T02:27:51.302+0000] {logging_mixin.py:149} INFO - [2025-03-27T02:27:51.302+0000] {dagbag.py:541} INFO - Filling up the DagBag from /opt/airflow/dags/Procesa_data.py
[2025-03-27T02:27:52.729+0000] {logging_mixin.py:149} INFO - [2025-03-27T02:27:52.726+0000] {dagbag.py:350} ERROR - Failed to import: /opt/airflow/dags/Procesa_data.py
Traceback (most recent call last):
  File "/home/airflow/.local/lib/python3.7/site-packages/airflow/models/dagbag.py", line 346, in parse
    loader.exec_module(new_module)
  File "<frozen importlib._bootstrap_external>", line 728, in exec_module
  File "<frozen importlib._bootstrap>", line 219, in _call_with_frames_removed
  File "/opt/airflow/dags/Procesa_data.py", line 38, in <module>
    os.makedirs(processed_dir, exist_ok=True)
  File "/usr/local/lib/python3.7/os.py", line 223, in makedirs
    mkdir(name, mode)
PermissionError: [Errno 13] Permission denied: '/opt/airflow/data/processed_data'
[2025-03-27T02:27:52.730+0000] {processor.py:811} WARNING - No viable dags retrieved from /opt/airflow/dags/Procesa_data.py
[2025-03-27T02:27:52.781+0000] {processor.py:178} INFO - Processing /opt/airflow/dags/Procesa_data.py took 1.490 seconds
[2025-03-27T02:28:23.318+0000] {processor.py:156} INFO - Started process (PID=262) to work on /opt/airflow/dags/Procesa_data.py
[2025-03-27T02:28:23.320+0000] {processor.py:799} INFO - Processing file /opt/airflow/dags/Procesa_data.py for tasks to queue
[2025-03-27T02:28:23.322+0000] {logging_mixin.py:149} INFO - [2025-03-27T02:28:23.321+0000] {dagbag.py:541} INFO - Filling up the DagBag from /opt/airflow/dags/Procesa_data.py
[2025-03-27T02:28:24.841+0000] {logging_mixin.py:149} INFO - [2025-03-27T02:28:24.839+0000] {dagbag.py:350} ERROR - Failed to import: /opt/airflow/dags/Procesa_data.py
Traceback (most recent call last):
  File "/home/airflow/.local/lib/python3.7/site-packages/airflow/models/dagbag.py", line 346, in parse
    loader.exec_module(new_module)
  File "<frozen importlib._bootstrap_external>", line 728, in exec_module
  File "<frozen importlib._bootstrap>", line 219, in _call_with_frames_removed
  File "/opt/airflow/dags/Procesa_data.py", line 38, in <module>
    os.makedirs(processed_dir, exist_ok=True)
  File "/usr/local/lib/python3.7/os.py", line 223, in makedirs
    mkdir(name, mode)
PermissionError: [Errno 13] Permission denied: '/opt/airflow/data/processed_data'
[2025-03-27T02:28:24.842+0000] {processor.py:811} WARNING - No viable dags retrieved from /opt/airflow/dags/Procesa_data.py
[2025-03-27T02:28:24.871+0000] {processor.py:178} INFO - Processing /opt/airflow/dags/Procesa_data.py took 1.559 seconds
[2025-03-27T02:34:35.097+0000] {processor.py:156} INFO - Started process (PID=78) to work on /opt/airflow/dags/Procesa_data.py
[2025-03-27T02:34:35.103+0000] {processor.py:799} INFO - Processing file /opt/airflow/dags/Procesa_data.py for tasks to queue
[2025-03-27T02:34:35.106+0000] {logging_mixin.py:149} INFO - [2025-03-27T02:34:35.105+0000] {dagbag.py:541} INFO - Filling up the DagBag from /opt/airflow/dags/Procesa_data.py
[2025-03-27T02:34:39.728+0000] {logging_mixin.py:149} INFO - [2025-03-27T02:34:39.716+0000] {dagbag.py:350} ERROR - Failed to import: /opt/airflow/dags/Procesa_data.py
Traceback (most recent call last):
  File "/home/airflow/.local/lib/python3.7/site-packages/airflow/models/dagbag.py", line 346, in parse
    loader.exec_module(new_module)
  File "<frozen importlib._bootstrap_external>", line 728, in exec_module
  File "<frozen importlib._bootstrap>", line 219, in _call_with_frames_removed
  File "/opt/airflow/dags/Procesa_data.py", line 38, in <module>
    os.makedirs(processed_dir, exist_ok=True)
  File "/usr/local/lib/python3.7/os.py", line 223, in makedirs
    mkdir(name, mode)
PermissionError: [Errno 13] Permission denied: '/opt/airflow/data/processed_data'
[2025-03-27T02:34:39.730+0000] {processor.py:811} WARNING - No viable dags retrieved from /opt/airflow/dags/Procesa_data.py
[2025-03-27T02:34:39.831+0000] {processor.py:178} INFO - Processing /opt/airflow/dags/Procesa_data.py took 4.750 seconds
[2025-03-27T02:35:10.599+0000] {processor.py:156} INFO - Started process (PID=111) to work on /opt/airflow/dags/Procesa_data.py
[2025-03-27T02:35:10.601+0000] {processor.py:799} INFO - Processing file /opt/airflow/dags/Procesa_data.py for tasks to queue
[2025-03-27T02:35:10.602+0000] {logging_mixin.py:149} INFO - [2025-03-27T02:35:10.602+0000] {dagbag.py:541} INFO - Filling up the DagBag from /opt/airflow/dags/Procesa_data.py
[2025-03-27T02:35:14.029+0000] {logging_mixin.py:149} INFO - [2025-03-27T02:35:14.026+0000] {dagbag.py:350} ERROR - Failed to import: /opt/airflow/dags/Procesa_data.py
Traceback (most recent call last):
  File "/home/airflow/.local/lib/python3.7/site-packages/airflow/models/dagbag.py", line 346, in parse
    loader.exec_module(new_module)
  File "<frozen importlib._bootstrap_external>", line 728, in exec_module
  File "<frozen importlib._bootstrap>", line 219, in _call_with_frames_removed
  File "/opt/airflow/dags/Procesa_data.py", line 38, in <module>
    os.makedirs(processed_dir, exist_ok=True)
  File "/usr/local/lib/python3.7/os.py", line 223, in makedirs
    mkdir(name, mode)
PermissionError: [Errno 13] Permission denied: '/opt/airflow/data/processed_data'
[2025-03-27T02:35:14.030+0000] {processor.py:811} WARNING - No viable dags retrieved from /opt/airflow/dags/Procesa_data.py
[2025-03-27T02:35:14.070+0000] {processor.py:178} INFO - Processing /opt/airflow/dags/Procesa_data.py took 3.481 seconds
[2025-03-27T02:35:44.519+0000] {processor.py:156} INFO - Started process (PID=141) to work on /opt/airflow/dags/Procesa_data.py
[2025-03-27T02:35:44.522+0000] {processor.py:799} INFO - Processing file /opt/airflow/dags/Procesa_data.py for tasks to queue
[2025-03-27T02:35:44.525+0000] {logging_mixin.py:149} INFO - [2025-03-27T02:35:44.525+0000] {dagbag.py:541} INFO - Filling up the DagBag from /opt/airflow/dags/Procesa_data.py
[2025-03-27T02:35:46.612+0000] {logging_mixin.py:149} INFO - [2025-03-27T02:35:46.610+0000] {dagbag.py:350} ERROR - Failed to import: /opt/airflow/dags/Procesa_data.py
Traceback (most recent call last):
  File "/home/airflow/.local/lib/python3.7/site-packages/airflow/models/dagbag.py", line 346, in parse
    loader.exec_module(new_module)
  File "<frozen importlib._bootstrap_external>", line 728, in exec_module
  File "<frozen importlib._bootstrap>", line 219, in _call_with_frames_removed
  File "/opt/airflow/dags/Procesa_data.py", line 38, in <module>
    os.makedirs(processed_dir, exist_ok=True)
  File "/usr/local/lib/python3.7/os.py", line 223, in makedirs
    mkdir(name, mode)
PermissionError: [Errno 13] Permission denied: '/opt/airflow/data/processed_data'
[2025-03-27T02:35:46.613+0000] {processor.py:811} WARNING - No viable dags retrieved from /opt/airflow/dags/Procesa_data.py
[2025-03-27T02:35:46.643+0000] {processor.py:178} INFO - Processing /opt/airflow/dags/Procesa_data.py took 2.130 seconds
[2025-03-27T02:36:16.944+0000] {processor.py:156} INFO - Started process (PID=170) to work on /opt/airflow/dags/Procesa_data.py
[2025-03-27T02:36:16.946+0000] {processor.py:799} INFO - Processing file /opt/airflow/dags/Procesa_data.py for tasks to queue
[2025-03-27T02:36:16.947+0000] {logging_mixin.py:149} INFO - [2025-03-27T02:36:16.947+0000] {dagbag.py:541} INFO - Filling up the DagBag from /opt/airflow/dags/Procesa_data.py
[2025-03-27T02:36:19.518+0000] {logging_mixin.py:149} INFO - [2025-03-27T02:36:19.516+0000] {dagbag.py:350} ERROR - Failed to import: /opt/airflow/dags/Procesa_data.py
Traceback (most recent call last):
  File "/home/airflow/.local/lib/python3.7/site-packages/airflow/models/dagbag.py", line 346, in parse
    loader.exec_module(new_module)
  File "<frozen importlib._bootstrap_external>", line 728, in exec_module
  File "<frozen importlib._bootstrap>", line 219, in _call_with_frames_removed
  File "/opt/airflow/dags/Procesa_data.py", line 38, in <module>
    os.makedirs(processed_dir, exist_ok=True)
  File "/usr/local/lib/python3.7/os.py", line 223, in makedirs
    mkdir(name, mode)
PermissionError: [Errno 13] Permission denied: '/opt/airflow/data/processed_data'
[2025-03-27T02:36:19.519+0000] {processor.py:811} WARNING - No viable dags retrieved from /opt/airflow/dags/Procesa_data.py
[2025-03-27T02:36:19.555+0000] {processor.py:178} INFO - Processing /opt/airflow/dags/Procesa_data.py took 2.616 seconds
[2025-03-27T02:36:49.649+0000] {processor.py:156} INFO - Started process (PID=205) to work on /opt/airflow/dags/Procesa_data.py
[2025-03-27T02:36:49.652+0000] {processor.py:799} INFO - Processing file /opt/airflow/dags/Procesa_data.py for tasks to queue
[2025-03-27T02:36:49.653+0000] {logging_mixin.py:149} INFO - [2025-03-27T02:36:49.653+0000] {dagbag.py:541} INFO - Filling up the DagBag from /opt/airflow/dags/Procesa_data.py
[2025-03-27T02:36:51.228+0000] {logging_mixin.py:149} INFO - [2025-03-27T02:36:51.226+0000] {dagbag.py:350} ERROR - Failed to import: /opt/airflow/dags/Procesa_data.py
Traceback (most recent call last):
  File "/home/airflow/.local/lib/python3.7/site-packages/airflow/models/dagbag.py", line 346, in parse
    loader.exec_module(new_module)
  File "<frozen importlib._bootstrap_external>", line 728, in exec_module
  File "<frozen importlib._bootstrap>", line 219, in _call_with_frames_removed
  File "/opt/airflow/dags/Procesa_data.py", line 38, in <module>
    os.makedirs(processed_dir, exist_ok=True)
  File "/usr/local/lib/python3.7/os.py", line 223, in makedirs
    mkdir(name, mode)
PermissionError: [Errno 13] Permission denied: '/opt/airflow/data/processed_data'
[2025-03-27T02:36:51.229+0000] {processor.py:811} WARNING - No viable dags retrieved from /opt/airflow/dags/Procesa_data.py
[2025-03-27T02:36:51.254+0000] {processor.py:178} INFO - Processing /opt/airflow/dags/Procesa_data.py took 1.612 seconds
[2025-03-27T02:37:21.496+0000] {processor.py:156} INFO - Started process (PID=234) to work on /opt/airflow/dags/Procesa_data.py
[2025-03-27T02:37:21.498+0000] {processor.py:799} INFO - Processing file /opt/airflow/dags/Procesa_data.py for tasks to queue
[2025-03-27T02:37:21.499+0000] {logging_mixin.py:149} INFO - [2025-03-27T02:37:21.499+0000] {dagbag.py:541} INFO - Filling up the DagBag from /opt/airflow/dags/Procesa_data.py
[2025-03-27T02:37:22.946+0000] {logging_mixin.py:149} INFO - [2025-03-27T02:37:22.942+0000] {dagbag.py:350} ERROR - Failed to import: /opt/airflow/dags/Procesa_data.py
Traceback (most recent call last):
  File "/home/airflow/.local/lib/python3.7/site-packages/airflow/models/dagbag.py", line 346, in parse
    loader.exec_module(new_module)
  File "<frozen importlib._bootstrap_external>", line 728, in exec_module
  File "<frozen importlib._bootstrap>", line 219, in _call_with_frames_removed
  File "/opt/airflow/dags/Procesa_data.py", line 38, in <module>
    os.makedirs(processed_dir, exist_ok=True)
  File "/usr/local/lib/python3.7/os.py", line 223, in makedirs
    mkdir(name, mode)
PermissionError: [Errno 13] Permission denied: '/opt/airflow/data/processed_data'
[2025-03-27T02:37:22.947+0000] {processor.py:811} WARNING - No viable dags retrieved from /opt/airflow/dags/Procesa_data.py
[2025-03-27T02:37:22.981+0000] {processor.py:178} INFO - Processing /opt/airflow/dags/Procesa_data.py took 1.490 seconds
[2025-03-27T02:37:53.788+0000] {processor.py:156} INFO - Started process (PID=263) to work on /opt/airflow/dags/Procesa_data.py
[2025-03-27T02:37:53.790+0000] {processor.py:799} INFO - Processing file /opt/airflow/dags/Procesa_data.py for tasks to queue
[2025-03-27T02:37:53.791+0000] {logging_mixin.py:149} INFO - [2025-03-27T02:37:53.791+0000] {dagbag.py:541} INFO - Filling up the DagBag from /opt/airflow/dags/Procesa_data.py
[2025-03-27T02:37:55.377+0000] {logging_mixin.py:149} INFO - [2025-03-27T02:37:55.375+0000] {dagbag.py:350} ERROR - Failed to import: /opt/airflow/dags/Procesa_data.py
Traceback (most recent call last):
  File "/home/airflow/.local/lib/python3.7/site-packages/airflow/models/dagbag.py", line 346, in parse
    loader.exec_module(new_module)
  File "<frozen importlib._bootstrap_external>", line 728, in exec_module
  File "<frozen importlib._bootstrap>", line 219, in _call_with_frames_removed
  File "/opt/airflow/dags/Procesa_data.py", line 38, in <module>
    os.makedirs(processed_dir, exist_ok=True)
  File "/usr/local/lib/python3.7/os.py", line 223, in makedirs
    mkdir(name, mode)
PermissionError: [Errno 13] Permission denied: '/opt/airflow/data/processed_data'
[2025-03-27T02:37:55.378+0000] {processor.py:811} WARNING - No viable dags retrieved from /opt/airflow/dags/Procesa_data.py
[2025-03-27T02:37:55.409+0000] {processor.py:178} INFO - Processing /opt/airflow/dags/Procesa_data.py took 1.631 seconds
[2025-03-27T02:47:18.524+0000] {processor.py:156} INFO - Started process (PID=97) to work on /opt/airflow/dags/Procesa_data.py
[2025-03-27T02:47:18.527+0000] {processor.py:799} INFO - Processing file /opt/airflow/dags/Procesa_data.py for tasks to queue
[2025-03-27T02:47:18.532+0000] {logging_mixin.py:149} INFO - [2025-03-27T02:47:18.532+0000] {dagbag.py:541} INFO - Filling up the DagBag from /opt/airflow/dags/Procesa_data.py
[2025-03-27T02:47:28.224+0000] {processor.py:809} INFO - DAG(s) dict_keys(['3-Procesar_penguins_data']) retrieved from /opt/airflow/dags/Procesa_data.py
[2025-03-27T02:47:29.358+0000] {logging_mixin.py:149} INFO - [2025-03-27T02:47:29.355+0000] {manager.py:504} INFO - Created Permission View: can edit on DAG:3-Procesar_penguins_data
[2025-03-27T02:47:29.435+0000] {logging_mixin.py:149} INFO - [2025-03-27T02:47:29.435+0000] {manager.py:504} INFO - Created Permission View: can delete on DAG:3-Procesar_penguins_data
[2025-03-27T02:47:29.534+0000] {logging_mixin.py:149} INFO - [2025-03-27T02:47:29.528+0000] {manager.py:504} INFO - Created Permission View: can read on DAG:3-Procesar_penguins_data
[2025-03-27T02:47:29.550+0000] {logging_mixin.py:149} INFO - [2025-03-27T02:47:29.539+0000] {dag.py:2726} INFO - Sync 1 DAGs
[2025-03-27T02:47:29.699+0000] {logging_mixin.py:149} INFO - [2025-03-27T02:47:29.693+0000] {dag.py:2747} INFO - Creating ORM DAG for 3-Procesar_penguins_data
[2025-03-27T02:47:29.748+0000] {logging_mixin.py:149} INFO - [2025-03-27T02:47:29.748+0000] {dag.py:3490} INFO - Setting next_dagrun for 3-Procesar_penguins_data to None, run_after=None
[2025-03-27T02:47:29.860+0000] {processor.py:178} INFO - Processing /opt/airflow/dags/Procesa_data.py took 11.372 seconds
[2025-03-27T02:48:00.064+0000] {processor.py:156} INFO - Started process (PID=131) to work on /opt/airflow/dags/Procesa_data.py
[2025-03-27T02:48:00.067+0000] {processor.py:799} INFO - Processing file /opt/airflow/dags/Procesa_data.py for tasks to queue
[2025-03-27T02:48:00.069+0000] {logging_mixin.py:149} INFO - [2025-03-27T02:48:00.068+0000] {dagbag.py:541} INFO - Filling up the DagBag from /opt/airflow/dags/Procesa_data.py
[2025-03-27T02:48:02.740+0000] {processor.py:809} INFO - DAG(s) dict_keys(['3-Procesar_penguins_data']) retrieved from /opt/airflow/dags/Procesa_data.py
[2025-03-27T02:48:02.863+0000] {logging_mixin.py:149} INFO - [2025-03-27T02:48:02.861+0000] {dag.py:2726} INFO - Sync 1 DAGs
[2025-03-27T02:48:02.933+0000] {logging_mixin.py:149} INFO - [2025-03-27T02:48:02.932+0000] {dag.py:3490} INFO - Setting next_dagrun for 3-Procesar_penguins_data to None, run_after=None
[2025-03-27T02:48:02.992+0000] {processor.py:178} INFO - Processing /opt/airflow/dags/Procesa_data.py took 2.933 seconds
[2025-03-27T02:48:33.657+0000] {processor.py:156} INFO - Started process (PID=161) to work on /opt/airflow/dags/Procesa_data.py
[2025-03-27T02:48:33.659+0000] {processor.py:799} INFO - Processing file /opt/airflow/dags/Procesa_data.py for tasks to queue
[2025-03-27T02:48:33.661+0000] {logging_mixin.py:149} INFO - [2025-03-27T02:48:33.661+0000] {dagbag.py:541} INFO - Filling up the DagBag from /opt/airflow/dags/Procesa_data.py
[2025-03-27T02:48:37.184+0000] {processor.py:809} INFO - DAG(s) dict_keys(['3-Procesar_penguins_data']) retrieved from /opt/airflow/dags/Procesa_data.py
[2025-03-27T02:48:37.305+0000] {logging_mixin.py:149} INFO - [2025-03-27T02:48:37.304+0000] {dag.py:2726} INFO - Sync 1 DAGs
[2025-03-27T02:48:37.361+0000] {logging_mixin.py:149} INFO - [2025-03-27T02:48:37.361+0000] {dag.py:3490} INFO - Setting next_dagrun for 3-Procesar_penguins_data to None, run_after=None
[2025-03-27T02:48:37.411+0000] {processor.py:178} INFO - Processing /opt/airflow/dags/Procesa_data.py took 3.764 seconds
[2025-03-27T02:49:07.769+0000] {processor.py:156} INFO - Started process (PID=194) to work on /opt/airflow/dags/Procesa_data.py
[2025-03-27T02:49:07.772+0000] {processor.py:799} INFO - Processing file /opt/airflow/dags/Procesa_data.py for tasks to queue
[2025-03-27T02:49:07.774+0000] {logging_mixin.py:149} INFO - [2025-03-27T02:49:07.773+0000] {dagbag.py:541} INFO - Filling up the DagBag from /opt/airflow/dags/Procesa_data.py
[2025-03-27T02:49:11.045+0000] {processor.py:809} INFO - DAG(s) dict_keys(['3-Procesar_penguins_data']) retrieved from /opt/airflow/dags/Procesa_data.py
[2025-03-27T02:49:11.202+0000] {logging_mixin.py:149} INFO - [2025-03-27T02:49:11.201+0000] {dag.py:2726} INFO - Sync 1 DAGs
[2025-03-27T02:49:11.432+0000] {logging_mixin.py:149} INFO - [2025-03-27T02:49:11.432+0000] {dag.py:3490} INFO - Setting next_dagrun for 3-Procesar_penguins_data to None, run_after=None
[2025-03-27T02:49:11.634+0000] {processor.py:178} INFO - Processing /opt/airflow/dags/Procesa_data.py took 3.871 seconds
[2025-03-27T02:49:42.147+0000] {processor.py:156} INFO - Started process (PID=223) to work on /opt/airflow/dags/Procesa_data.py
[2025-03-27T02:49:42.149+0000] {processor.py:799} INFO - Processing file /opt/airflow/dags/Procesa_data.py for tasks to queue
[2025-03-27T02:49:42.150+0000] {logging_mixin.py:149} INFO - [2025-03-27T02:49:42.150+0000] {dagbag.py:541} INFO - Filling up the DagBag from /opt/airflow/dags/Procesa_data.py
[2025-03-27T02:49:45.422+0000] {processor.py:809} INFO - DAG(s) dict_keys(['3-Procesar_penguins_data']) retrieved from /opt/airflow/dags/Procesa_data.py
[2025-03-27T02:49:45.550+0000] {logging_mixin.py:149} INFO - [2025-03-27T02:49:45.550+0000] {dag.py:2726} INFO - Sync 1 DAGs
[2025-03-27T02:49:45.706+0000] {logging_mixin.py:149} INFO - [2025-03-27T02:49:45.705+0000] {dag.py:3490} INFO - Setting next_dagrun for 3-Procesar_penguins_data to None, run_after=None
[2025-03-27T02:49:45.810+0000] {processor.py:178} INFO - Processing /opt/airflow/dags/Procesa_data.py took 3.669 seconds
[2025-03-27T02:50:16.246+0000] {processor.py:156} INFO - Started process (PID=267) to work on /opt/airflow/dags/Procesa_data.py
[2025-03-27T02:50:16.250+0000] {processor.py:799} INFO - Processing file /opt/airflow/dags/Procesa_data.py for tasks to queue
[2025-03-27T02:50:16.260+0000] {logging_mixin.py:149} INFO - [2025-03-27T02:50:16.259+0000] {dagbag.py:541} INFO - Filling up the DagBag from /opt/airflow/dags/Procesa_data.py
[2025-03-27T02:50:23.023+0000] {processor.py:809} INFO - DAG(s) dict_keys(['3-Procesar_penguins_data']) retrieved from /opt/airflow/dags/Procesa_data.py
[2025-03-27T02:50:23.290+0000] {logging_mixin.py:149} INFO - [2025-03-27T02:50:23.289+0000] {dag.py:2726} INFO - Sync 1 DAGs
[2025-03-27T02:50:23.456+0000] {logging_mixin.py:149} INFO - [2025-03-27T02:50:23.455+0000] {dag.py:3490} INFO - Setting next_dagrun for 3-Procesar_penguins_data to None, run_after=None
[2025-03-27T02:50:23.580+0000] {processor.py:178} INFO - Processing /opt/airflow/dags/Procesa_data.py took 7.355 seconds
[2025-03-27T02:50:54.549+0000] {processor.py:156} INFO - Started process (PID=309) to work on /opt/airflow/dags/Procesa_data.py
[2025-03-27T02:50:54.554+0000] {processor.py:799} INFO - Processing file /opt/airflow/dags/Procesa_data.py for tasks to queue
[2025-03-27T02:50:54.557+0000] {logging_mixin.py:149} INFO - [2025-03-27T02:50:54.557+0000] {dagbag.py:541} INFO - Filling up the DagBag from /opt/airflow/dags/Procesa_data.py
[2025-03-27T02:50:58.485+0000] {processor.py:809} INFO - DAG(s) dict_keys(['3-Procesar_penguins_data']) retrieved from /opt/airflow/dags/Procesa_data.py
[2025-03-27T02:50:58.652+0000] {logging_mixin.py:149} INFO - [2025-03-27T02:50:58.649+0000] {dag.py:2726} INFO - Sync 1 DAGs
[2025-03-27T02:50:58.833+0000] {logging_mixin.py:149} INFO - [2025-03-27T02:50:58.833+0000] {dag.py:3490} INFO - Setting next_dagrun for 3-Procesar_penguins_data to None, run_after=None
[2025-03-27T02:50:59.038+0000] {processor.py:178} INFO - Processing /opt/airflow/dags/Procesa_data.py took 4.503 seconds
[2025-03-27T02:51:29.456+0000] {processor.py:156} INFO - Started process (PID=342) to work on /opt/airflow/dags/Procesa_data.py
[2025-03-27T02:51:29.481+0000] {processor.py:799} INFO - Processing file /opt/airflow/dags/Procesa_data.py for tasks to queue
[2025-03-27T02:51:29.498+0000] {logging_mixin.py:149} INFO - [2025-03-27T02:51:29.498+0000] {dagbag.py:541} INFO - Filling up the DagBag from /opt/airflow/dags/Procesa_data.py
[2025-03-27T02:51:37.088+0000] {processor.py:809} INFO - DAG(s) dict_keys(['3-Procesar_penguins_data']) retrieved from /opt/airflow/dags/Procesa_data.py
[2025-03-27T02:51:37.384+0000] {logging_mixin.py:149} INFO - [2025-03-27T02:51:37.380+0000] {dag.py:2726} INFO - Sync 1 DAGs
[2025-03-27T02:51:37.670+0000] {logging_mixin.py:149} INFO - [2025-03-27T02:51:37.670+0000] {dag.py:3490} INFO - Setting next_dagrun for 3-Procesar_penguins_data to None, run_after=None
[2025-03-27T02:51:37.794+0000] {processor.py:178} INFO - Processing /opt/airflow/dags/Procesa_data.py took 8.386 seconds
[2025-03-27T02:52:08.070+0000] {processor.py:156} INFO - Started process (PID=373) to work on /opt/airflow/dags/Procesa_data.py
[2025-03-27T02:52:08.092+0000] {processor.py:799} INFO - Processing file /opt/airflow/dags/Procesa_data.py for tasks to queue
[2025-03-27T02:52:08.105+0000] {logging_mixin.py:149} INFO - [2025-03-27T02:52:08.099+0000] {dagbag.py:541} INFO - Filling up the DagBag from /opt/airflow/dags/Procesa_data.py
[2025-03-27T02:52:18.074+0000] {processor.py:809} INFO - DAG(s) dict_keys(['3-Procesar_penguins_data']) retrieved from /opt/airflow/dags/Procesa_data.py
[2025-03-27T02:52:18.388+0000] {logging_mixin.py:149} INFO - [2025-03-27T02:52:18.381+0000] {dag.py:2726} INFO - Sync 1 DAGs
[2025-03-27T02:52:18.587+0000] {logging_mixin.py:149} INFO - [2025-03-27T02:52:18.586+0000] {dag.py:3490} INFO - Setting next_dagrun for 3-Procesar_penguins_data to None, run_after=None
[2025-03-27T02:52:18.884+0000] {processor.py:178} INFO - Processing /opt/airflow/dags/Procesa_data.py took 10.855 seconds
[2025-03-27T02:52:49.254+0000] {processor.py:156} INFO - Started process (PID=422) to work on /opt/airflow/dags/Procesa_data.py
[2025-03-27T02:52:49.256+0000] {processor.py:799} INFO - Processing file /opt/airflow/dags/Procesa_data.py for tasks to queue
[2025-03-27T02:52:49.259+0000] {logging_mixin.py:149} INFO - [2025-03-27T02:52:49.258+0000] {dagbag.py:541} INFO - Filling up the DagBag from /opt/airflow/dags/Procesa_data.py
[2025-03-27T02:52:56.549+0000] {processor.py:809} INFO - DAG(s) dict_keys(['3-Procesar_penguins_data']) retrieved from /opt/airflow/dags/Procesa_data.py
[2025-03-27T02:52:56.839+0000] {logging_mixin.py:149} INFO - [2025-03-27T02:52:56.836+0000] {dag.py:2726} INFO - Sync 1 DAGs
[2025-03-27T02:52:56.968+0000] {logging_mixin.py:149} INFO - [2025-03-27T02:52:56.967+0000] {dag.py:3490} INFO - Setting next_dagrun for 3-Procesar_penguins_data to None, run_after=None
[2025-03-27T02:52:57.156+0000] {processor.py:178} INFO - Processing /opt/airflow/dags/Procesa_data.py took 7.911 seconds
[2025-03-27T02:53:27.620+0000] {processor.py:156} INFO - Started process (PID=451) to work on /opt/airflow/dags/Procesa_data.py
[2025-03-27T02:53:27.621+0000] {processor.py:799} INFO - Processing file /opt/airflow/dags/Procesa_data.py for tasks to queue
[2025-03-27T02:53:27.622+0000] {logging_mixin.py:149} INFO - [2025-03-27T02:53:27.622+0000] {dagbag.py:541} INFO - Filling up the DagBag from /opt/airflow/dags/Procesa_data.py
[2025-03-27T02:53:29.140+0000] {processor.py:809} INFO - DAG(s) dict_keys(['3-Procesar_penguins_data']) retrieved from /opt/airflow/dags/Procesa_data.py
[2025-03-27T02:53:29.195+0000] {logging_mixin.py:149} INFO - [2025-03-27T02:53:29.194+0000] {dag.py:2726} INFO - Sync 1 DAGs
[2025-03-27T02:53:29.247+0000] {logging_mixin.py:149} INFO - [2025-03-27T02:53:29.246+0000] {dag.py:3490} INFO - Setting next_dagrun for 3-Procesar_penguins_data to None, run_after=None
[2025-03-27T02:53:29.289+0000] {processor.py:178} INFO - Processing /opt/airflow/dags/Procesa_data.py took 1.676 seconds
[2025-03-27T02:53:59.385+0000] {processor.py:156} INFO - Started process (PID=480) to work on /opt/airflow/dags/Procesa_data.py
[2025-03-27T02:53:59.387+0000] {processor.py:799} INFO - Processing file /opt/airflow/dags/Procesa_data.py for tasks to queue
[2025-03-27T02:53:59.390+0000] {logging_mixin.py:149} INFO - [2025-03-27T02:53:59.390+0000] {dagbag.py:541} INFO - Filling up the DagBag from /opt/airflow/dags/Procesa_data.py
[2025-03-27T02:54:01.862+0000] {processor.py:809} INFO - DAG(s) dict_keys(['3-Procesar_penguins_data']) retrieved from /opt/airflow/dags/Procesa_data.py
[2025-03-27T02:54:01.921+0000] {logging_mixin.py:149} INFO - [2025-03-27T02:54:01.918+0000] {dag.py:2726} INFO - Sync 1 DAGs
[2025-03-27T02:54:01.961+0000] {logging_mixin.py:149} INFO - [2025-03-27T02:54:01.961+0000] {dag.py:3490} INFO - Setting next_dagrun for 3-Procesar_penguins_data to None, run_after=None
[2025-03-27T02:54:01.992+0000] {processor.py:178} INFO - Processing /opt/airflow/dags/Procesa_data.py took 2.617 seconds
[2025-03-27T02:54:32.614+0000] {processor.py:156} INFO - Started process (PID=510) to work on /opt/airflow/dags/Procesa_data.py
[2025-03-27T02:54:32.617+0000] {processor.py:799} INFO - Processing file /opt/airflow/dags/Procesa_data.py for tasks to queue
[2025-03-27T02:54:32.619+0000] {logging_mixin.py:149} INFO - [2025-03-27T02:54:32.618+0000] {dagbag.py:541} INFO - Filling up the DagBag from /opt/airflow/dags/Procesa_data.py
[2025-03-27T02:54:33.892+0000] {processor.py:809} INFO - DAG(s) dict_keys(['3-Procesar_penguins_data']) retrieved from /opt/airflow/dags/Procesa_data.py
[2025-03-27T02:54:33.927+0000] {logging_mixin.py:149} INFO - [2025-03-27T02:54:33.926+0000] {dag.py:2726} INFO - Sync 1 DAGs
[2025-03-27T02:54:33.961+0000] {logging_mixin.py:149} INFO - [2025-03-27T02:54:33.961+0000] {dag.py:3490} INFO - Setting next_dagrun for 3-Procesar_penguins_data to None, run_after=None
[2025-03-27T02:54:33.989+0000] {processor.py:178} INFO - Processing /opt/airflow/dags/Procesa_data.py took 1.381 seconds
[2025-03-27T02:55:04.139+0000] {processor.py:156} INFO - Started process (PID=538) to work on /opt/airflow/dags/Procesa_data.py
[2025-03-27T02:55:04.141+0000] {processor.py:799} INFO - Processing file /opt/airflow/dags/Procesa_data.py for tasks to queue
[2025-03-27T02:55:04.143+0000] {logging_mixin.py:149} INFO - [2025-03-27T02:55:04.143+0000] {dagbag.py:541} INFO - Filling up the DagBag from /opt/airflow/dags/Procesa_data.py
[2025-03-27T02:55:05.506+0000] {processor.py:809} INFO - DAG(s) dict_keys(['3-Procesar_penguins_data']) retrieved from /opt/airflow/dags/Procesa_data.py
[2025-03-27T02:55:05.550+0000] {logging_mixin.py:149} INFO - [2025-03-27T02:55:05.549+0000] {dag.py:2726} INFO - Sync 1 DAGs
[2025-03-27T02:55:05.598+0000] {logging_mixin.py:149} INFO - [2025-03-27T02:55:05.597+0000] {dag.py:3490} INFO - Setting next_dagrun for 3-Procesar_penguins_data to None, run_after=None
[2025-03-27T02:55:05.633+0000] {processor.py:178} INFO - Processing /opt/airflow/dags/Procesa_data.py took 1.499 seconds
[2025-03-27T02:55:36.193+0000] {processor.py:156} INFO - Started process (PID=567) to work on /opt/airflow/dags/Procesa_data.py
[2025-03-27T02:55:36.196+0000] {processor.py:799} INFO - Processing file /opt/airflow/dags/Procesa_data.py for tasks to queue
[2025-03-27T02:55:36.197+0000] {logging_mixin.py:149} INFO - [2025-03-27T02:55:36.197+0000] {dagbag.py:541} INFO - Filling up the DagBag from /opt/airflow/dags/Procesa_data.py
[2025-03-27T02:55:37.767+0000] {processor.py:809} INFO - DAG(s) dict_keys(['3-Procesar_penguins_data']) retrieved from /opt/airflow/dags/Procesa_data.py
[2025-03-27T02:55:37.810+0000] {logging_mixin.py:149} INFO - [2025-03-27T02:55:37.809+0000] {dag.py:2726} INFO - Sync 1 DAGs
[2025-03-27T02:55:37.855+0000] {logging_mixin.py:149} INFO - [2025-03-27T02:55:37.855+0000] {dag.py:3490} INFO - Setting next_dagrun for 3-Procesar_penguins_data to None, run_after=None
[2025-03-27T02:55:37.882+0000] {processor.py:178} INFO - Processing /opt/airflow/dags/Procesa_data.py took 1.695 seconds
[2025-03-27T02:56:08.326+0000] {processor.py:156} INFO - Started process (PID=601) to work on /opt/airflow/dags/Procesa_data.py
[2025-03-27T02:56:08.329+0000] {processor.py:799} INFO - Processing file /opt/airflow/dags/Procesa_data.py for tasks to queue
[2025-03-27T02:56:08.330+0000] {logging_mixin.py:149} INFO - [2025-03-27T02:56:08.330+0000] {dagbag.py:541} INFO - Filling up the DagBag from /opt/airflow/dags/Procesa_data.py
[2025-03-27T02:56:09.621+0000] {processor.py:809} INFO - DAG(s) dict_keys(['3-Procesar_penguins_data']) retrieved from /opt/airflow/dags/Procesa_data.py
[2025-03-27T02:56:09.660+0000] {logging_mixin.py:149} INFO - [2025-03-27T02:56:09.659+0000] {dag.py:2726} INFO - Sync 1 DAGs
[2025-03-27T02:56:09.693+0000] {logging_mixin.py:149} INFO - [2025-03-27T02:56:09.693+0000] {dag.py:3490} INFO - Setting next_dagrun for 3-Procesar_penguins_data to None, run_after=None
[2025-03-27T02:56:09.753+0000] {processor.py:178} INFO - Processing /opt/airflow/dags/Procesa_data.py took 1.433 seconds
[2025-03-27T02:56:40.119+0000] {processor.py:156} INFO - Started process (PID=630) to work on /opt/airflow/dags/Procesa_data.py
[2025-03-27T02:56:40.121+0000] {processor.py:799} INFO - Processing file /opt/airflow/dags/Procesa_data.py for tasks to queue
[2025-03-27T02:56:40.123+0000] {logging_mixin.py:149} INFO - [2025-03-27T02:56:40.122+0000] {dagbag.py:541} INFO - Filling up the DagBag from /opt/airflow/dags/Procesa_data.py
[2025-03-27T02:56:41.526+0000] {processor.py:809} INFO - DAG(s) dict_keys(['3-Procesar_penguins_data']) retrieved from /opt/airflow/dags/Procesa_data.py
[2025-03-27T02:56:41.579+0000] {logging_mixin.py:149} INFO - [2025-03-27T02:56:41.576+0000] {dag.py:2726} INFO - Sync 1 DAGs
[2025-03-27T02:56:41.618+0000] {logging_mixin.py:149} INFO - [2025-03-27T02:56:41.617+0000] {dag.py:3490} INFO - Setting next_dagrun for 3-Procesar_penguins_data to None, run_after=None
[2025-03-27T02:56:41.645+0000] {processor.py:178} INFO - Processing /opt/airflow/dags/Procesa_data.py took 1.533 seconds
[2025-03-27T02:57:11.727+0000] {processor.py:156} INFO - Started process (PID=659) to work on /opt/airflow/dags/Procesa_data.py
[2025-03-27T02:57:11.730+0000] {processor.py:799} INFO - Processing file /opt/airflow/dags/Procesa_data.py for tasks to queue
[2025-03-27T02:57:11.731+0000] {logging_mixin.py:149} INFO - [2025-03-27T02:57:11.731+0000] {dagbag.py:541} INFO - Filling up the DagBag from /opt/airflow/dags/Procesa_data.py
[2025-03-27T02:57:12.973+0000] {processor.py:809} INFO - DAG(s) dict_keys(['3-Procesar_penguins_data']) retrieved from /opt/airflow/dags/Procesa_data.py
[2025-03-27T02:57:13.017+0000] {logging_mixin.py:149} INFO - [2025-03-27T02:57:13.016+0000] {dag.py:2726} INFO - Sync 1 DAGs
[2025-03-27T02:57:13.058+0000] {logging_mixin.py:149} INFO - [2025-03-27T02:57:13.058+0000] {dag.py:3490} INFO - Setting next_dagrun for 3-Procesar_penguins_data to None, run_after=None
[2025-03-27T02:57:13.103+0000] {processor.py:178} INFO - Processing /opt/airflow/dags/Procesa_data.py took 1.382 seconds
[2025-03-27T02:57:43.669+0000] {processor.py:156} INFO - Started process (PID=688) to work on /opt/airflow/dags/Procesa_data.py
[2025-03-27T02:57:43.671+0000] {processor.py:799} INFO - Processing file /opt/airflow/dags/Procesa_data.py for tasks to queue
[2025-03-27T02:57:43.672+0000] {logging_mixin.py:149} INFO - [2025-03-27T02:57:43.672+0000] {dagbag.py:541} INFO - Filling up the DagBag from /opt/airflow/dags/Procesa_data.py
[2025-03-27T02:57:45.008+0000] {processor.py:809} INFO - DAG(s) dict_keys(['3-Procesar_penguins_data']) retrieved from /opt/airflow/dags/Procesa_data.py
[2025-03-27T02:57:45.050+0000] {logging_mixin.py:149} INFO - [2025-03-27T02:57:45.050+0000] {dag.py:2726} INFO - Sync 1 DAGs
[2025-03-27T02:57:45.089+0000] {logging_mixin.py:149} INFO - [2025-03-27T02:57:45.089+0000] {dag.py:3490} INFO - Setting next_dagrun for 3-Procesar_penguins_data to None, run_after=None
[2025-03-27T02:57:45.117+0000] {processor.py:178} INFO - Processing /opt/airflow/dags/Procesa_data.py took 1.455 seconds
[2025-03-27T02:58:15.473+0000] {processor.py:156} INFO - Started process (PID=717) to work on /opt/airflow/dags/Procesa_data.py
[2025-03-27T02:58:15.475+0000] {processor.py:799} INFO - Processing file /opt/airflow/dags/Procesa_data.py for tasks to queue
[2025-03-27T02:58:15.477+0000] {logging_mixin.py:149} INFO - [2025-03-27T02:58:15.476+0000] {dagbag.py:541} INFO - Filling up the DagBag from /opt/airflow/dags/Procesa_data.py
[2025-03-27T02:58:17.140+0000] {processor.py:809} INFO - DAG(s) dict_keys(['3-Procesar_penguins_data']) retrieved from /opt/airflow/dags/Procesa_data.py
[2025-03-27T02:58:17.194+0000] {logging_mixin.py:149} INFO - [2025-03-27T02:58:17.193+0000] {dag.py:2726} INFO - Sync 1 DAGs
[2025-03-27T02:58:17.234+0000] {logging_mixin.py:149} INFO - [2025-03-27T02:58:17.233+0000] {dag.py:3490} INFO - Setting next_dagrun for 3-Procesar_penguins_data to None, run_after=None
[2025-03-27T02:58:17.269+0000] {processor.py:178} INFO - Processing /opt/airflow/dags/Procesa_data.py took 1.802 seconds
[2025-03-27T02:58:47.878+0000] {processor.py:156} INFO - Started process (PID=746) to work on /opt/airflow/dags/Procesa_data.py
[2025-03-27T02:58:47.882+0000] {processor.py:799} INFO - Processing file /opt/airflow/dags/Procesa_data.py for tasks to queue
[2025-03-27T02:58:47.883+0000] {logging_mixin.py:149} INFO - [2025-03-27T02:58:47.883+0000] {dagbag.py:541} INFO - Filling up the DagBag from /opt/airflow/dags/Procesa_data.py
[2025-03-27T02:58:49.551+0000] {processor.py:809} INFO - DAG(s) dict_keys(['3-Procesar_penguins_data']) retrieved from /opt/airflow/dags/Procesa_data.py
[2025-03-27T02:58:49.596+0000] {logging_mixin.py:149} INFO - [2025-03-27T02:58:49.596+0000] {dag.py:2726} INFO - Sync 1 DAGs
[2025-03-27T02:58:49.633+0000] {logging_mixin.py:149} INFO - [2025-03-27T02:58:49.633+0000] {dag.py:3490} INFO - Setting next_dagrun for 3-Procesar_penguins_data to None, run_after=None
[2025-03-27T02:58:49.679+0000] {processor.py:178} INFO - Processing /opt/airflow/dags/Procesa_data.py took 1.813 seconds
[2025-03-27T02:59:19.972+0000] {processor.py:156} INFO - Started process (PID=786) to work on /opt/airflow/dags/Procesa_data.py
[2025-03-27T02:59:19.975+0000] {processor.py:799} INFO - Processing file /opt/airflow/dags/Procesa_data.py for tasks to queue
[2025-03-27T02:59:19.976+0000] {logging_mixin.py:149} INFO - [2025-03-27T02:59:19.975+0000] {dagbag.py:541} INFO - Filling up the DagBag from /opt/airflow/dags/Procesa_data.py
[2025-03-27T02:59:21.171+0000] {processor.py:809} INFO - DAG(s) dict_keys(['3-Procesar_penguins_data']) retrieved from /opt/airflow/dags/Procesa_data.py
[2025-03-27T02:59:21.214+0000] {logging_mixin.py:149} INFO - [2025-03-27T02:59:21.213+0000] {dag.py:2726} INFO - Sync 1 DAGs
[2025-03-27T02:59:21.257+0000] {logging_mixin.py:149} INFO - [2025-03-27T02:59:21.257+0000] {dag.py:3490} INFO - Setting next_dagrun for 3-Procesar_penguins_data to None, run_after=None
[2025-03-27T02:59:21.301+0000] {processor.py:178} INFO - Processing /opt/airflow/dags/Procesa_data.py took 1.334 seconds
