[2025-03-09T02:13:14.951+0000] {taskinstance.py:1125} INFO - Dependencies all met for dep_context=non-requeueable deps ti=<TaskInstance: preprocess_penguins_data.preprocess_data manual__2025-03-09T02:13:12.819977+00:00 [queued]>
[2025-03-09T02:13:14.956+0000] {taskinstance.py:1125} INFO - Dependencies all met for dep_context=requeueable deps ti=<TaskInstance: preprocess_penguins_data.preprocess_data manual__2025-03-09T02:13:12.819977+00:00 [queued]>
[2025-03-09T02:13:14.956+0000] {taskinstance.py:1331} INFO - Starting attempt 1 of 1
[2025-03-09T02:13:14.962+0000] {taskinstance.py:1350} INFO - Executing <Task(PythonOperator): preprocess_data> on 2025-03-09 02:13:12.819977+00:00
[2025-03-09T02:13:14.965+0000] {standard_task_runner.py:57} INFO - Started process 167 to run task
[2025-03-09T02:13:14.967+0000] {standard_task_runner.py:84} INFO - Running: ['***', 'tasks', 'run', 'preprocess_penguins_data', 'preprocess_data', 'manual__2025-03-09T02:13:12.819977+00:00', '--job-id', '9', '--raw', '--subdir', 'DAGS_FOLDER/Procesa_data.py', '--cfg-path', '/tmp/tmpfvodrltt']
[2025-03-09T02:13:14.968+0000] {standard_task_runner.py:85} INFO - Job 9: Subtask preprocess_data
[2025-03-09T02:13:14.997+0000] {task_command.py:410} INFO - Running <TaskInstance: preprocess_penguins_data.preprocess_data manual__2025-03-09T02:13:12.819977+00:00 [running]> on host 13f4df1d56c9
[2025-03-09T02:13:15.040+0000] {taskinstance.py:1570} INFO - Exporting env vars: AIRFLOW_CTX_DAG_OWNER='***' AIRFLOW_CTX_DAG_ID='preprocess_penguins_data' AIRFLOW_CTX_TASK_ID='preprocess_data' AIRFLOW_CTX_EXECUTION_DATE='2025-03-09T02:13:12.819977+00:00' AIRFLOW_CTX_TRY_NUMBER='1' AIRFLOW_CTX_DAG_RUN_ID='manual__2025-03-09T02:13:12.819977+00:00'
[2025-03-09T02:13:15.040+0000] {taskinstance.py:1847} ERROR - Task failed with exception
Traceback (most recent call last):
  File "/home/airflow/.local/lib/python3.7/site-packages/airflow/operators/python.py", line 181, in execute
    return_value = self.execute_callable()
  File "/home/airflow/.local/lib/python3.7/site-packages/airflow/operators/python.py", line 198, in execute_callable
    return self.python_callable(*self.op_args, **self.op_kwargs)
TypeError: preprocess_data() missing 1 required positional argument: 'df'
[2025-03-09T02:13:15.044+0000] {taskinstance.py:1373} INFO - Marking task as FAILED. dag_id=preprocess_penguins_data, task_id=preprocess_data, execution_date=20250309T021312, start_date=20250309T021314, end_date=20250309T021315
[2025-03-09T02:13:15.050+0000] {standard_task_runner.py:109} ERROR - Failed to execute job 9 for task preprocess_data (preprocess_data() missing 1 required positional argument: 'df'; 167)
[2025-03-09T02:13:15.059+0000] {local_task_job_runner.py:232} INFO - Task exited with return code 1
[2025-03-09T02:13:15.071+0000] {taskinstance.py:2674} INFO - 0 downstream tasks scheduled from follow-on schedule check
