[2025-03-08T22:58:37.503+0000] {taskinstance.py:1125} INFO - Dependencies all met for dep_context=non-requeueable deps ti=<TaskInstance: load_penguins_data.check_csv_exists manual__2025-03-08T22:52:30.194920+00:00 [queued]>
[2025-03-08T22:58:37.510+0000] {taskinstance.py:1125} INFO - Dependencies all met for dep_context=requeueable deps ti=<TaskInstance: load_penguins_data.check_csv_exists manual__2025-03-08T22:52:30.194920+00:00 [queued]>
[2025-03-08T22:58:37.510+0000] {taskinstance.py:1331} INFO - Starting attempt 2 of 2
[2025-03-08T22:58:37.523+0000] {taskinstance.py:1350} INFO - Executing <Task(PythonOperator): check_csv_exists> on 2025-03-08 22:52:30.194920+00:00
[2025-03-08T22:58:37.527+0000] {standard_task_runner.py:57} INFO - Started process 114 to run task
[2025-03-08T22:58:37.530+0000] {standard_task_runner.py:84} INFO - Running: ['***', 'tasks', 'run', 'load_penguins_data', 'check_csv_exists', 'manual__2025-03-08T22:52:30.194920+00:00', '--job-id', '30', '--raw', '--subdir', 'DAGS_FOLDER/Cargar_datos.py', '--cfg-path', '/tmp/tmp975m2sdo']
[2025-03-08T22:58:37.531+0000] {standard_task_runner.py:85} INFO - Job 30: Subtask check_csv_exists
[2025-03-08T22:58:37.568+0000] {task_command.py:410} INFO - Running <TaskInstance: load_penguins_data.check_csv_exists manual__2025-03-08T22:52:30.194920+00:00 [running]> on host 35d6ef7d8b81
[2025-03-08T22:58:37.621+0000] {taskinstance.py:1570} INFO - Exporting env vars: AIRFLOW_CTX_DAG_OWNER='***' AIRFLOW_CTX_DAG_ID='load_penguins_data' AIRFLOW_CTX_TASK_ID='check_csv_exists' AIRFLOW_CTX_EXECUTION_DATE='2025-03-08T22:52:30.194920+00:00' AIRFLOW_CTX_TRY_NUMBER='2' AIRFLOW_CTX_DAG_RUN_ID='manual__2025-03-08T22:52:30.194920+00:00'
[2025-03-08T22:58:37.622+0000] {taskinstance.py:1847} ERROR - Task failed with exception
Traceback (most recent call last):
  File "/home/airflow/.local/lib/python3.7/site-packages/airflow/operators/python.py", line 181, in execute
    return_value = self.execute_callable()
  File "/home/airflow/.local/lib/python3.7/site-packages/airflow/operators/python.py", line 198, in execute_callable
    return self.python_callable(*self.op_args, **self.op_kwargs)
  File "/opt/airflow/dags/Cargar_datos.py", line 39, in check_file_exists
    raise FileNotFoundError(f"El archivo CSV no existe en la ruta: {csv_file_path}")
FileNotFoundError: El archivo CSV no existe en la ruta: ../data/penguins_size.csv
[2025-03-08T22:58:37.628+0000] {taskinstance.py:1373} INFO - Marking task as FAILED. dag_id=load_penguins_data, task_id=check_csv_exists, execution_date=20250308T225230, start_date=20250308T225837, end_date=20250308T225837
[2025-03-08T22:58:37.636+0000] {standard_task_runner.py:109} ERROR - Failed to execute job 30 for task check_csv_exists (El archivo CSV no existe en la ruta: ../data/penguins_size.csv; 114)
[2025-03-08T22:58:37.661+0000] {local_task_job_runner.py:232} INFO - Task exited with return code 1
[2025-03-08T22:58:37.678+0000] {taskinstance.py:2674} INFO - 0 downstream tasks scheduled from follow-on schedule check
