[2025-03-08T23:17:47.113+0000] {taskinstance.py:1125} INFO - Dependencies all met for dep_context=non-requeueable deps ti=<TaskInstance: load_penguins_data.check_csv_exists manual__2025-03-08T23:17:45.540122+00:00 [queued]>
[2025-03-08T23:17:47.117+0000] {taskinstance.py:1125} INFO - Dependencies all met for dep_context=requeueable deps ti=<TaskInstance: load_penguins_data.check_csv_exists manual__2025-03-08T23:17:45.540122+00:00 [queued]>
[2025-03-08T23:17:47.117+0000] {taskinstance.py:1331} INFO - Starting attempt 1 of 2
[2025-03-08T23:17:47.125+0000] {taskinstance.py:1350} INFO - Executing <Task(PythonOperator): check_csv_exists> on 2025-03-08 23:17:45.540122+00:00
[2025-03-08T23:17:47.128+0000] {standard_task_runner.py:57} INFO - Started process 130 to run task
[2025-03-08T23:17:47.130+0000] {standard_task_runner.py:84} INFO - Running: ['***', 'tasks', 'run', 'load_penguins_data', 'check_csv_exists', 'manual__2025-03-08T23:17:45.540122+00:00', '--job-id', '40', '--raw', '--subdir', 'DAGS_FOLDER/Cargar_datos.py', '--cfg-path', '/tmp/tmpuvlhr5u6']
[2025-03-08T23:17:47.132+0000] {standard_task_runner.py:85} INFO - Job 40: Subtask check_csv_exists
[2025-03-08T23:17:47.163+0000] {task_command.py:410} INFO - Running <TaskInstance: load_penguins_data.check_csv_exists manual__2025-03-08T23:17:45.540122+00:00 [running]> on host ef6511152826
[2025-03-08T23:17:47.205+0000] {taskinstance.py:1570} INFO - Exporting env vars: AIRFLOW_CTX_DAG_OWNER='***' AIRFLOW_CTX_DAG_ID='load_penguins_data' AIRFLOW_CTX_TASK_ID='check_csv_exists' AIRFLOW_CTX_EXECUTION_DATE='2025-03-08T23:17:45.540122+00:00' AIRFLOW_CTX_TRY_NUMBER='1' AIRFLOW_CTX_DAG_RUN_ID='manual__2025-03-08T23:17:45.540122+00:00'
[2025-03-08T23:17:47.206+0000] {taskinstance.py:1847} ERROR - Task failed with exception
Traceback (most recent call last):
  File "/home/airflow/.local/lib/python3.7/site-packages/airflow/operators/python.py", line 181, in execute
    return_value = self.execute_callable()
  File "/home/airflow/.local/lib/python3.7/site-packages/airflow/operators/python.py", line 198, in execute_callable
    return self.python_callable(*self.op_args, **self.op_kwargs)
  File "/opt/airflow/dags/Cargar_datos.py", line 39, in check_file_exists
    raise FileNotFoundError(f"El archivo CSV no existe en la ruta: {csv_file_path}")
FileNotFoundError: El archivo CSV no existe en la ruta: ../data/penguins_size.csv
[2025-03-08T23:17:47.211+0000] {taskinstance.py:1373} INFO - Marking task as UP_FOR_RETRY. dag_id=load_penguins_data, task_id=check_csv_exists, execution_date=20250308T231745, start_date=20250308T231747, end_date=20250308T231747
[2025-03-08T23:17:47.217+0000] {standard_task_runner.py:109} ERROR - Failed to execute job 40 for task check_csv_exists (El archivo CSV no existe en la ruta: ../data/penguins_size.csv; 130)
[2025-03-08T23:17:47.221+0000] {local_task_job_runner.py:232} INFO - Task exited with return code 1
[2025-03-08T23:17:47.234+0000] {taskinstance.py:2674} INFO - 0 downstream tasks scheduled from follow-on schedule check
