[2025-03-26T23:54:57.529+0000] {processor.py:156} INFO - Started process (PID=112) to work on /opt/airflow/dags/Cargar_datos.py
[2025-03-26T23:54:57.540+0000] {processor.py:799} INFO - Processing file /opt/airflow/dags/Cargar_datos.py for tasks to queue
[2025-03-26T23:54:57.553+0000] {logging_mixin.py:149} INFO - [2025-03-26T23:54:57.552+0000] {dagbag.py:541} INFO - Filling up the DagBag from /opt/airflow/dags/Cargar_datos.py
[2025-03-26T23:54:59.810+0000] {processor.py:809} INFO - DAG(s) dict_keys(['2-Cargar_data']) retrieved from /opt/airflow/dags/Cargar_datos.py
[2025-03-26T23:55:00.672+0000] {logging_mixin.py:149} INFO - [2025-03-26T23:55:00.672+0000] {manager.py:504} INFO - Created Permission View: can edit on DAG:2-Cargar_data
[2025-03-26T23:55:00.712+0000] {logging_mixin.py:149} INFO - [2025-03-26T23:55:00.712+0000] {manager.py:504} INFO - Created Permission View: can read on DAG:2-Cargar_data
[2025-03-26T23:55:00.750+0000] {logging_mixin.py:149} INFO - [2025-03-26T23:55:00.749+0000] {manager.py:504} INFO - Created Permission View: can delete on DAG:2-Cargar_data
[2025-03-26T23:55:00.751+0000] {logging_mixin.py:149} INFO - [2025-03-26T23:55:00.750+0000] {dag.py:2726} INFO - Sync 1 DAGs
[2025-03-26T23:55:00.806+0000] {logging_mixin.py:149} INFO - [2025-03-26T23:55:00.805+0000] {dag.py:2747} INFO - Creating ORM DAG for 2-Cargar_data
[2025-03-26T23:55:00.841+0000] {logging_mixin.py:149} INFO - [2025-03-26T23:55:00.841+0000] {dag.py:3490} INFO - Setting next_dagrun for 2-Cargar_data to None, run_after=None
[2025-03-26T23:55:00.999+0000] {processor.py:178} INFO - Processing /opt/airflow/dags/Cargar_datos.py took 3.498 seconds
[2025-03-26T23:55:31.849+0000] {processor.py:156} INFO - Started process (PID=141) to work on /opt/airflow/dags/Cargar_datos.py
[2025-03-26T23:55:31.853+0000] {processor.py:799} INFO - Processing file /opt/airflow/dags/Cargar_datos.py for tasks to queue
[2025-03-26T23:55:31.854+0000] {logging_mixin.py:149} INFO - [2025-03-26T23:55:31.854+0000] {dagbag.py:541} INFO - Filling up the DagBag from /opt/airflow/dags/Cargar_datos.py
[2025-03-26T23:55:32.455+0000] {processor.py:809} INFO - DAG(s) dict_keys(['2-Cargar_data']) retrieved from /opt/airflow/dags/Cargar_datos.py
[2025-03-26T23:55:32.499+0000] {logging_mixin.py:149} INFO - [2025-03-26T23:55:32.499+0000] {dag.py:2726} INFO - Sync 1 DAGs
[2025-03-26T23:55:32.538+0000] {logging_mixin.py:149} INFO - [2025-03-26T23:55:32.538+0000] {dag.py:3490} INFO - Setting next_dagrun for 2-Cargar_data to None, run_after=None
[2025-03-26T23:55:32.568+0000] {processor.py:178} INFO - Processing /opt/airflow/dags/Cargar_datos.py took 0.725 seconds
[2025-03-26T23:56:03.208+0000] {processor.py:156} INFO - Started process (PID=170) to work on /opt/airflow/dags/Cargar_datos.py
[2025-03-26T23:56:03.210+0000] {processor.py:799} INFO - Processing file /opt/airflow/dags/Cargar_datos.py for tasks to queue
[2025-03-26T23:56:03.211+0000] {logging_mixin.py:149} INFO - [2025-03-26T23:56:03.211+0000] {dagbag.py:541} INFO - Filling up the DagBag from /opt/airflow/dags/Cargar_datos.py
[2025-03-26T23:56:03.792+0000] {processor.py:809} INFO - DAG(s) dict_keys(['2-Cargar_data']) retrieved from /opt/airflow/dags/Cargar_datos.py
[2025-03-26T23:56:03.844+0000] {logging_mixin.py:149} INFO - [2025-03-26T23:56:03.843+0000] {dag.py:2726} INFO - Sync 1 DAGs
[2025-03-26T23:56:03.884+0000] {logging_mixin.py:149} INFO - [2025-03-26T23:56:03.884+0000] {dag.py:3490} INFO - Setting next_dagrun for 2-Cargar_data to None, run_after=None
[2025-03-26T23:56:03.915+0000] {processor.py:178} INFO - Processing /opt/airflow/dags/Cargar_datos.py took 0.714 seconds
[2025-03-26T23:56:36.089+0000] {processor.py:156} INFO - Started process (PID=198) to work on /opt/airflow/dags/Cargar_datos.py
[2025-03-26T23:56:36.092+0000] {processor.py:799} INFO - Processing file /opt/airflow/dags/Cargar_datos.py for tasks to queue
[2025-03-26T23:56:36.093+0000] {logging_mixin.py:149} INFO - [2025-03-26T23:56:36.093+0000] {dagbag.py:541} INFO - Filling up the DagBag from /opt/airflow/dags/Cargar_datos.py
[2025-03-26T23:56:36.812+0000] {processor.py:809} INFO - DAG(s) dict_keys(['2-Cargar_data']) retrieved from /opt/airflow/dags/Cargar_datos.py
[2025-03-26T23:56:36.860+0000] {logging_mixin.py:149} INFO - [2025-03-26T23:56:36.859+0000] {dag.py:2726} INFO - Sync 1 DAGs
[2025-03-26T23:56:36.906+0000] {logging_mixin.py:149} INFO - [2025-03-26T23:56:36.906+0000] {dag.py:3490} INFO - Setting next_dagrun for 2-Cargar_data to None, run_after=None
[2025-03-26T23:56:36.938+0000] {processor.py:178} INFO - Processing /opt/airflow/dags/Cargar_datos.py took 0.874 seconds
[2025-03-26T23:57:08.172+0000] {processor.py:156} INFO - Started process (PID=227) to work on /opt/airflow/dags/Cargar_datos.py
[2025-03-26T23:57:08.175+0000] {processor.py:799} INFO - Processing file /opt/airflow/dags/Cargar_datos.py for tasks to queue
[2025-03-26T23:57:08.178+0000] {logging_mixin.py:149} INFO - [2025-03-26T23:57:08.177+0000] {dagbag.py:541} INFO - Filling up the DagBag from /opt/airflow/dags/Cargar_datos.py
[2025-03-26T23:57:09.100+0000] {processor.py:809} INFO - DAG(s) dict_keys(['2-Cargar_data']) retrieved from /opt/airflow/dags/Cargar_datos.py
[2025-03-26T23:57:09.170+0000] {logging_mixin.py:149} INFO - [2025-03-26T23:57:09.170+0000] {dag.py:2726} INFO - Sync 1 DAGs
[2025-03-26T23:57:09.232+0000] {logging_mixin.py:149} INFO - [2025-03-26T23:57:09.232+0000] {dag.py:3490} INFO - Setting next_dagrun for 2-Cargar_data to None, run_after=None
[2025-03-26T23:57:09.277+0000] {processor.py:178} INFO - Processing /opt/airflow/dags/Cargar_datos.py took 1.114 seconds
[2025-03-26T23:57:40.375+0000] {processor.py:156} INFO - Started process (PID=263) to work on /opt/airflow/dags/Cargar_datos.py
[2025-03-26T23:57:40.378+0000] {processor.py:799} INFO - Processing file /opt/airflow/dags/Cargar_datos.py for tasks to queue
[2025-03-26T23:57:40.380+0000] {logging_mixin.py:149} INFO - [2025-03-26T23:57:40.379+0000] {dagbag.py:541} INFO - Filling up the DagBag from /opt/airflow/dags/Cargar_datos.py
[2025-03-26T23:57:40.978+0000] {processor.py:809} INFO - DAG(s) dict_keys(['2-Cargar_data']) retrieved from /opt/airflow/dags/Cargar_datos.py
[2025-03-26T23:57:41.025+0000] {logging_mixin.py:149} INFO - [2025-03-26T23:57:41.024+0000] {dag.py:2726} INFO - Sync 1 DAGs
[2025-03-26T23:57:41.065+0000] {logging_mixin.py:149} INFO - [2025-03-26T23:57:41.064+0000] {dag.py:3490} INFO - Setting next_dagrun for 2-Cargar_data to None, run_after=None
[2025-03-26T23:57:41.102+0000] {processor.py:178} INFO - Processing /opt/airflow/dags/Cargar_datos.py took 0.733 seconds
[2025-03-26T23:58:12.267+0000] {processor.py:156} INFO - Started process (PID=292) to work on /opt/airflow/dags/Cargar_datos.py
[2025-03-26T23:58:12.269+0000] {processor.py:799} INFO - Processing file /opt/airflow/dags/Cargar_datos.py for tasks to queue
[2025-03-26T23:58:12.270+0000] {logging_mixin.py:149} INFO - [2025-03-26T23:58:12.270+0000] {dagbag.py:541} INFO - Filling up the DagBag from /opt/airflow/dags/Cargar_datos.py
[2025-03-26T23:58:12.849+0000] {processor.py:809} INFO - DAG(s) dict_keys(['2-Cargar_data']) retrieved from /opt/airflow/dags/Cargar_datos.py
[2025-03-26T23:58:12.892+0000] {logging_mixin.py:149} INFO - [2025-03-26T23:58:12.891+0000] {dag.py:2726} INFO - Sync 1 DAGs
[2025-03-26T23:58:12.927+0000] {logging_mixin.py:149} INFO - [2025-03-26T23:58:12.927+0000] {dag.py:3490} INFO - Setting next_dagrun for 2-Cargar_data to None, run_after=None
[2025-03-26T23:58:12.957+0000] {processor.py:178} INFO - Processing /opt/airflow/dags/Cargar_datos.py took 0.697 seconds
[2025-03-26T23:58:44.016+0000] {processor.py:156} INFO - Started process (PID=321) to work on /opt/airflow/dags/Cargar_datos.py
[2025-03-26T23:58:44.018+0000] {processor.py:799} INFO - Processing file /opt/airflow/dags/Cargar_datos.py for tasks to queue
[2025-03-26T23:58:44.019+0000] {logging_mixin.py:149} INFO - [2025-03-26T23:58:44.019+0000] {dagbag.py:541} INFO - Filling up the DagBag from /opt/airflow/dags/Cargar_datos.py
[2025-03-26T23:58:44.614+0000] {processor.py:809} INFO - DAG(s) dict_keys(['2-Cargar_data']) retrieved from /opt/airflow/dags/Cargar_datos.py
[2025-03-26T23:58:44.658+0000] {logging_mixin.py:149} INFO - [2025-03-26T23:58:44.658+0000] {dag.py:2726} INFO - Sync 1 DAGs
[2025-03-26T23:58:44.699+0000] {logging_mixin.py:149} INFO - [2025-03-26T23:58:44.698+0000] {dag.py:3490} INFO - Setting next_dagrun for 2-Cargar_data to None, run_after=None
[2025-03-26T23:58:44.724+0000] {processor.py:178} INFO - Processing /opt/airflow/dags/Cargar_datos.py took 0.714 seconds
[2025-03-26T23:59:16.089+0000] {processor.py:156} INFO - Started process (PID=350) to work on /opt/airflow/dags/Cargar_datos.py
[2025-03-26T23:59:16.090+0000] {processor.py:799} INFO - Processing file /opt/airflow/dags/Cargar_datos.py for tasks to queue
[2025-03-26T23:59:16.092+0000] {logging_mixin.py:149} INFO - [2025-03-26T23:59:16.091+0000] {dagbag.py:541} INFO - Filling up the DagBag from /opt/airflow/dags/Cargar_datos.py
[2025-03-26T23:59:16.626+0000] {processor.py:809} INFO - DAG(s) dict_keys(['2-Cargar_data']) retrieved from /opt/airflow/dags/Cargar_datos.py
[2025-03-26T23:59:16.683+0000] {logging_mixin.py:149} INFO - [2025-03-26T23:59:16.682+0000] {dag.py:2726} INFO - Sync 1 DAGs
[2025-03-26T23:59:16.725+0000] {logging_mixin.py:149} INFO - [2025-03-26T23:59:16.724+0000] {dag.py:3490} INFO - Setting next_dagrun for 2-Cargar_data to None, run_after=None
[2025-03-26T23:59:16.763+0000] {processor.py:178} INFO - Processing /opt/airflow/dags/Cargar_datos.py took 0.680 seconds
[2025-03-26T23:59:47.983+0000] {processor.py:156} INFO - Started process (PID=379) to work on /opt/airflow/dags/Cargar_datos.py
[2025-03-26T23:59:47.985+0000] {processor.py:799} INFO - Processing file /opt/airflow/dags/Cargar_datos.py for tasks to queue
[2025-03-26T23:59:47.987+0000] {logging_mixin.py:149} INFO - [2025-03-26T23:59:47.986+0000] {dagbag.py:541} INFO - Filling up the DagBag from /opt/airflow/dags/Cargar_datos.py
[2025-03-26T23:59:48.585+0000] {processor.py:809} INFO - DAG(s) dict_keys(['2-Cargar_data']) retrieved from /opt/airflow/dags/Cargar_datos.py
[2025-03-26T23:59:48.629+0000] {logging_mixin.py:149} INFO - [2025-03-26T23:59:48.628+0000] {dag.py:2726} INFO - Sync 1 DAGs
[2025-03-26T23:59:48.675+0000] {logging_mixin.py:149} INFO - [2025-03-26T23:59:48.675+0000] {dag.py:3490} INFO - Setting next_dagrun for 2-Cargar_data to None, run_after=None
[2025-03-26T23:59:48.715+0000] {processor.py:178} INFO - Processing /opt/airflow/dags/Cargar_datos.py took 0.739 seconds
