[2025-03-26T23:54:42.197+0000] {processor.py:156} INFO - Started process (PID=97) to work on /opt/airflow/dags/Entrenamiento_mode.py
[2025-03-26T23:54:42.199+0000] {processor.py:799} INFO - Processing file /opt/airflow/dags/Entrenamiento_mode.py for tasks to queue
[2025-03-26T23:54:42.208+0000] {logging_mixin.py:149} INFO - [2025-03-26T23:54:42.200+0000] {dagbag.py:541} INFO - Filling up the DagBag from /opt/airflow/dags/Entrenamiento_mode.py
[2025-03-26T23:54:57.211+0000] {processor.py:809} INFO - DAG(s) dict_keys(['4-Entrenamiento_model']) retrieved from /opt/airflow/dags/Entrenamiento_mode.py
[2025-03-26T23:54:58.552+0000] {logging_mixin.py:149} INFO - [2025-03-26T23:54:58.552+0000] {manager.py:504} INFO - Created Permission View: can edit on DAG:4-Entrenamiento_model
[2025-03-26T23:54:58.623+0000] {logging_mixin.py:149} INFO - [2025-03-26T23:54:58.623+0000] {manager.py:504} INFO - Created Permission View: can read on DAG:4-Entrenamiento_model
[2025-03-26T23:54:58.680+0000] {logging_mixin.py:149} INFO - [2025-03-26T23:54:58.680+0000] {manager.py:504} INFO - Created Permission View: can delete on DAG:4-Entrenamiento_model
[2025-03-26T23:54:58.684+0000] {logging_mixin.py:149} INFO - [2025-03-26T23:54:58.681+0000] {dag.py:2726} INFO - Sync 1 DAGs
[2025-03-26T23:54:58.811+0000] {logging_mixin.py:149} INFO - [2025-03-26T23:54:58.810+0000] {dag.py:2747} INFO - Creating ORM DAG for 4-Entrenamiento_model
[2025-03-26T23:54:58.948+0000] {logging_mixin.py:149} INFO - [2025-03-26T23:54:58.946+0000] {dag.py:3490} INFO - Setting next_dagrun for 4-Entrenamiento_model to None, run_after=None
[2025-03-26T23:54:59.124+0000] {processor.py:178} INFO - Processing /opt/airflow/dags/Entrenamiento_mode.py took 16.938 seconds
[2025-03-26T23:55:29.384+0000] {processor.py:156} INFO - Started process (PID=133) to work on /opt/airflow/dags/Entrenamiento_mode.py
[2025-03-26T23:55:29.387+0000] {processor.py:799} INFO - Processing file /opt/airflow/dags/Entrenamiento_mode.py for tasks to queue
[2025-03-26T23:55:29.388+0000] {logging_mixin.py:149} INFO - [2025-03-26T23:55:29.388+0000] {dagbag.py:541} INFO - Filling up the DagBag from /opt/airflow/dags/Entrenamiento_mode.py
[2025-03-26T23:55:30.808+0000] {processor.py:809} INFO - DAG(s) dict_keys(['4-Entrenamiento_model']) retrieved from /opt/airflow/dags/Entrenamiento_mode.py
[2025-03-26T23:55:30.849+0000] {logging_mixin.py:149} INFO - [2025-03-26T23:55:30.848+0000] {dag.py:2726} INFO - Sync 1 DAGs
[2025-03-26T23:55:30.887+0000] {logging_mixin.py:149} INFO - [2025-03-26T23:55:30.887+0000] {dag.py:3490} INFO - Setting next_dagrun for 4-Entrenamiento_model to None, run_after=None
[2025-03-26T23:55:30.918+0000] {processor.py:178} INFO - Processing /opt/airflow/dags/Entrenamiento_mode.py took 1.542 seconds
[2025-03-26T23:56:01.312+0000] {processor.py:156} INFO - Started process (PID=154) to work on /opt/airflow/dags/Entrenamiento_mode.py
[2025-03-26T23:56:01.314+0000] {processor.py:799} INFO - Processing file /opt/airflow/dags/Entrenamiento_mode.py for tasks to queue
[2025-03-26T23:56:01.316+0000] {logging_mixin.py:149} INFO - [2025-03-26T23:56:01.316+0000] {dagbag.py:541} INFO - Filling up the DagBag from /opt/airflow/dags/Entrenamiento_mode.py
[2025-03-26T23:56:03.022+0000] {processor.py:809} INFO - DAG(s) dict_keys(['4-Entrenamiento_model']) retrieved from /opt/airflow/dags/Entrenamiento_mode.py
[2025-03-26T23:56:03.077+0000] {logging_mixin.py:149} INFO - [2025-03-26T23:56:03.076+0000] {dag.py:2726} INFO - Sync 1 DAGs
[2025-03-26T23:56:03.115+0000] {logging_mixin.py:149} INFO - [2025-03-26T23:56:03.115+0000] {dag.py:3490} INFO - Setting next_dagrun for 4-Entrenamiento_model to None, run_after=None
[2025-03-26T23:56:03.142+0000] {processor.py:178} INFO - Processing /opt/airflow/dags/Entrenamiento_mode.py took 1.837 seconds
[2025-03-26T23:56:33.538+0000] {processor.py:156} INFO - Started process (PID=186) to work on /opt/airflow/dags/Entrenamiento_mode.py
[2025-03-26T23:56:33.540+0000] {processor.py:799} INFO - Processing file /opt/airflow/dags/Entrenamiento_mode.py for tasks to queue
[2025-03-26T23:56:33.541+0000] {logging_mixin.py:149} INFO - [2025-03-26T23:56:33.541+0000] {dagbag.py:541} INFO - Filling up the DagBag from /opt/airflow/dags/Entrenamiento_mode.py
[2025-03-26T23:56:35.735+0000] {processor.py:809} INFO - DAG(s) dict_keys(['4-Entrenamiento_model']) retrieved from /opt/airflow/dags/Entrenamiento_mode.py
[2025-03-26T23:56:35.789+0000] {logging_mixin.py:149} INFO - [2025-03-26T23:56:35.788+0000] {dag.py:2726} INFO - Sync 1 DAGs
[2025-03-26T23:56:35.842+0000] {logging_mixin.py:149} INFO - [2025-03-26T23:56:35.841+0000] {dag.py:3490} INFO - Setting next_dagrun for 4-Entrenamiento_model to None, run_after=None
[2025-03-26T23:56:35.909+0000] {processor.py:178} INFO - Processing /opt/airflow/dags/Entrenamiento_mode.py took 2.380 seconds
[2025-03-26T23:57:06.222+0000] {processor.py:156} INFO - Started process (PID=211) to work on /opt/airflow/dags/Entrenamiento_mode.py
[2025-03-26T23:57:06.224+0000] {processor.py:799} INFO - Processing file /opt/airflow/dags/Entrenamiento_mode.py for tasks to queue
[2025-03-26T23:57:06.226+0000] {logging_mixin.py:149} INFO - [2025-03-26T23:57:06.225+0000] {dagbag.py:541} INFO - Filling up the DagBag from /opt/airflow/dags/Entrenamiento_mode.py
[2025-03-26T23:57:07.918+0000] {processor.py:809} INFO - DAG(s) dict_keys(['4-Entrenamiento_model']) retrieved from /opt/airflow/dags/Entrenamiento_mode.py
[2025-03-26T23:57:07.990+0000] {logging_mixin.py:149} INFO - [2025-03-26T23:57:07.989+0000] {dag.py:2726} INFO - Sync 1 DAGs
[2025-03-26T23:57:08.034+0000] {logging_mixin.py:149} INFO - [2025-03-26T23:57:08.034+0000] {dag.py:3490} INFO - Setting next_dagrun for 4-Entrenamiento_model to None, run_after=None
[2025-03-26T23:57:08.061+0000] {processor.py:178} INFO - Processing /opt/airflow/dags/Entrenamiento_mode.py took 1.846 seconds
[2025-03-26T23:57:38.364+0000] {processor.py:156} INFO - Started process (PID=240) to work on /opt/airflow/dags/Entrenamiento_mode.py
[2025-03-26T23:57:38.367+0000] {processor.py:799} INFO - Processing file /opt/airflow/dags/Entrenamiento_mode.py for tasks to queue
[2025-03-26T23:57:38.368+0000] {logging_mixin.py:149} INFO - [2025-03-26T23:57:38.367+0000] {dagbag.py:541} INFO - Filling up the DagBag from /opt/airflow/dags/Entrenamiento_mode.py
[2025-03-26T23:57:40.212+0000] {processor.py:809} INFO - DAG(s) dict_keys(['4-Entrenamiento_model']) retrieved from /opt/airflow/dags/Entrenamiento_mode.py
[2025-03-26T23:57:40.258+0000] {logging_mixin.py:149} INFO - [2025-03-26T23:57:40.257+0000] {dag.py:2726} INFO - Sync 1 DAGs
[2025-03-26T23:57:40.295+0000] {logging_mixin.py:149} INFO - [2025-03-26T23:57:40.295+0000] {dag.py:3490} INFO - Setting next_dagrun for 4-Entrenamiento_model to None, run_after=None
[2025-03-26T23:57:40.322+0000] {processor.py:178} INFO - Processing /opt/airflow/dags/Entrenamiento_mode.py took 1.964 seconds
[2025-03-26T23:58:10.423+0000] {processor.py:156} INFO - Started process (PID=276) to work on /opt/airflow/dags/Entrenamiento_mode.py
[2025-03-26T23:58:10.431+0000] {processor.py:799} INFO - Processing file /opt/airflow/dags/Entrenamiento_mode.py for tasks to queue
[2025-03-26T23:58:10.436+0000] {logging_mixin.py:149} INFO - [2025-03-26T23:58:10.435+0000] {dagbag.py:541} INFO - Filling up the DagBag from /opt/airflow/dags/Entrenamiento_mode.py
[2025-03-26T23:58:12.036+0000] {processor.py:809} INFO - DAG(s) dict_keys(['4-Entrenamiento_model']) retrieved from /opt/airflow/dags/Entrenamiento_mode.py
[2025-03-26T23:58:12.082+0000] {logging_mixin.py:149} INFO - [2025-03-26T23:58:12.081+0000] {dag.py:2726} INFO - Sync 1 DAGs
[2025-03-26T23:58:12.121+0000] {logging_mixin.py:149} INFO - [2025-03-26T23:58:12.120+0000] {dag.py:3490} INFO - Setting next_dagrun for 4-Entrenamiento_model to None, run_after=None
[2025-03-26T23:58:12.170+0000] {processor.py:178} INFO - Processing /opt/airflow/dags/Entrenamiento_mode.py took 1.758 seconds
[2025-03-26T23:58:42.527+0000] {processor.py:156} INFO - Started process (PID=309) to work on /opt/airflow/dags/Entrenamiento_mode.py
[2025-03-26T23:58:42.530+0000] {processor.py:799} INFO - Processing file /opt/airflow/dags/Entrenamiento_mode.py for tasks to queue
[2025-03-26T23:58:42.531+0000] {logging_mixin.py:149} INFO - [2025-03-26T23:58:42.531+0000] {dagbag.py:541} INFO - Filling up the DagBag from /opt/airflow/dags/Entrenamiento_mode.py
[2025-03-26T23:58:43.945+0000] {processor.py:809} INFO - DAG(s) dict_keys(['4-Entrenamiento_model']) retrieved from /opt/airflow/dags/Entrenamiento_mode.py
[2025-03-26T23:58:43.987+0000] {logging_mixin.py:149} INFO - [2025-03-26T23:58:43.986+0000] {dag.py:2726} INFO - Sync 1 DAGs
[2025-03-26T23:58:44.022+0000] {logging_mixin.py:149} INFO - [2025-03-26T23:58:44.022+0000] {dag.py:3490} INFO - Setting next_dagrun for 4-Entrenamiento_model to None, run_after=None
[2025-03-26T23:58:44.051+0000] {processor.py:178} INFO - Processing /opt/airflow/dags/Entrenamiento_mode.py took 1.531 seconds
[2025-03-26T23:59:14.325+0000] {processor.py:156} INFO - Started process (PID=338) to work on /opt/airflow/dags/Entrenamiento_mode.py
[2025-03-26T23:59:14.327+0000] {processor.py:799} INFO - Processing file /opt/airflow/dags/Entrenamiento_mode.py for tasks to queue
[2025-03-26T23:59:14.329+0000] {logging_mixin.py:149} INFO - [2025-03-26T23:59:14.328+0000] {dagbag.py:541} INFO - Filling up the DagBag from /opt/airflow/dags/Entrenamiento_mode.py
[2025-03-26T23:59:15.909+0000] {processor.py:809} INFO - DAG(s) dict_keys(['4-Entrenamiento_model']) retrieved from /opt/airflow/dags/Entrenamiento_mode.py
[2025-03-26T23:59:15.960+0000] {logging_mixin.py:149} INFO - [2025-03-26T23:59:15.959+0000] {dag.py:2726} INFO - Sync 1 DAGs
[2025-03-26T23:59:16.001+0000] {logging_mixin.py:149} INFO - [2025-03-26T23:59:16.001+0000] {dag.py:3490} INFO - Setting next_dagrun for 4-Entrenamiento_model to None, run_after=None
[2025-03-26T23:59:16.041+0000] {processor.py:178} INFO - Processing /opt/airflow/dags/Entrenamiento_mode.py took 1.723 seconds
[2025-03-26T23:59:46.320+0000] {processor.py:156} INFO - Started process (PID=367) to work on /opt/airflow/dags/Entrenamiento_mode.py
[2025-03-26T23:59:46.326+0000] {processor.py:799} INFO - Processing file /opt/airflow/dags/Entrenamiento_mode.py for tasks to queue
[2025-03-26T23:59:46.327+0000] {logging_mixin.py:149} INFO - [2025-03-26T23:59:46.327+0000] {dagbag.py:541} INFO - Filling up the DagBag from /opt/airflow/dags/Entrenamiento_mode.py
[2025-03-26T23:59:47.967+0000] {processor.py:809} INFO - DAG(s) dict_keys(['4-Entrenamiento_model']) retrieved from /opt/airflow/dags/Entrenamiento_mode.py
[2025-03-26T23:59:48.016+0000] {logging_mixin.py:149} INFO - [2025-03-26T23:59:48.014+0000] {dag.py:2726} INFO - Sync 1 DAGs
[2025-03-26T23:59:48.059+0000] {logging_mixin.py:149} INFO - [2025-03-26T23:59:48.059+0000] {dag.py:3490} INFO - Setting next_dagrun for 4-Entrenamiento_model to None, run_after=None
[2025-03-26T23:59:48.135+0000] {processor.py:178} INFO - Processing /opt/airflow/dags/Entrenamiento_mode.py took 1.822 seconds
