[2025-03-26T23:54:41.093+0000] {processor.py:156} INFO - Started process (PID=96) to work on /opt/airflow/dags/Procesa_data.py
[2025-03-26T23:54:41.104+0000] {processor.py:799} INFO - Processing file /opt/airflow/dags/Procesa_data.py for tasks to queue
[2025-03-26T23:54:41.112+0000] {logging_mixin.py:149} INFO - [2025-03-26T23:54:41.111+0000] {dagbag.py:541} INFO - Filling up the DagBag from /opt/airflow/dags/Procesa_data.py
[2025-03-26T23:54:57.110+0000] {logging_mixin.py:149} INFO - [2025-03-26T23:54:57.103+0000] {dagbag.py:350} ERROR - Failed to import: /opt/airflow/dags/Procesa_data.py
Traceback (most recent call last):
  File "/home/airflow/.local/lib/python3.7/site-packages/airflow/models/dagbag.py", line 346, in parse
    loader.exec_module(new_module)
  File "<frozen importlib._bootstrap_external>", line 728, in exec_module
  File "<frozen importlib._bootstrap>", line 219, in _call_with_frames_removed
  File "/opt/airflow/dags/Procesa_data.py", line 38, in <module>
    os.makedirs(processed_dir, exist_ok=True)
  File "/usr/local/lib/python3.7/os.py", line 223, in makedirs
    mkdir(name, mode)
PermissionError: [Errno 13] Permission denied: '/opt/airflow/data/processed_data'
[2025-03-26T23:54:57.112+0000] {processor.py:811} WARNING - No viable dags retrieved from /opt/airflow/dags/Procesa_data.py
[2025-03-26T23:54:57.215+0000] {processor.py:178} INFO - Processing /opt/airflow/dags/Procesa_data.py took 16.156 seconds
[2025-03-26T23:55:28.256+0000] {processor.py:156} INFO - Started process (PID=125) to work on /opt/airflow/dags/Procesa_data.py
[2025-03-26T23:55:28.258+0000] {processor.py:799} INFO - Processing file /opt/airflow/dags/Procesa_data.py for tasks to queue
[2025-03-26T23:55:28.260+0000] {logging_mixin.py:149} INFO - [2025-03-26T23:55:28.260+0000] {dagbag.py:541} INFO - Filling up the DagBag from /opt/airflow/dags/Procesa_data.py
[2025-03-26T23:55:30.746+0000] {logging_mixin.py:149} INFO - [2025-03-26T23:55:30.743+0000] {dagbag.py:350} ERROR - Failed to import: /opt/airflow/dags/Procesa_data.py
Traceback (most recent call last):
  File "/home/airflow/.local/lib/python3.7/site-packages/airflow/models/dagbag.py", line 346, in parse
    loader.exec_module(new_module)
  File "<frozen importlib._bootstrap_external>", line 728, in exec_module
  File "<frozen importlib._bootstrap>", line 219, in _call_with_frames_removed
  File "/opt/airflow/dags/Procesa_data.py", line 38, in <module>
    os.makedirs(processed_dir, exist_ok=True)
  File "/usr/local/lib/python3.7/os.py", line 223, in makedirs
    mkdir(name, mode)
PermissionError: [Errno 13] Permission denied: '/opt/airflow/data/processed_data'
[2025-03-26T23:55:30.747+0000] {processor.py:811} WARNING - No viable dags retrieved from /opt/airflow/dags/Procesa_data.py
[2025-03-26T23:55:30.775+0000] {processor.py:178} INFO - Processing /opt/airflow/dags/Procesa_data.py took 2.525 seconds
[2025-03-26T23:56:01.285+0000] {processor.py:156} INFO - Started process (PID=153) to work on /opt/airflow/dags/Procesa_data.py
[2025-03-26T23:56:01.287+0000] {processor.py:799} INFO - Processing file /opt/airflow/dags/Procesa_data.py for tasks to queue
[2025-03-26T23:56:01.289+0000] {logging_mixin.py:149} INFO - [2025-03-26T23:56:01.288+0000] {dagbag.py:541} INFO - Filling up the DagBag from /opt/airflow/dags/Procesa_data.py
[2025-03-26T23:56:03.007+0000] {logging_mixin.py:149} INFO - [2025-03-26T23:56:03.005+0000] {dagbag.py:350} ERROR - Failed to import: /opt/airflow/dags/Procesa_data.py
Traceback (most recent call last):
  File "/home/airflow/.local/lib/python3.7/site-packages/airflow/models/dagbag.py", line 346, in parse
    loader.exec_module(new_module)
  File "<frozen importlib._bootstrap_external>", line 728, in exec_module
  File "<frozen importlib._bootstrap>", line 219, in _call_with_frames_removed
  File "/opt/airflow/dags/Procesa_data.py", line 38, in <module>
    os.makedirs(processed_dir, exist_ok=True)
  File "/usr/local/lib/python3.7/os.py", line 223, in makedirs
    mkdir(name, mode)
PermissionError: [Errno 13] Permission denied: '/opt/airflow/data/processed_data'
[2025-03-26T23:56:03.008+0000] {processor.py:811} WARNING - No viable dags retrieved from /opt/airflow/dags/Procesa_data.py
[2025-03-26T23:56:03.053+0000] {processor.py:178} INFO - Processing /opt/airflow/dags/Procesa_data.py took 1.776 seconds
[2025-03-26T23:56:33.162+0000] {processor.py:156} INFO - Started process (PID=181) to work on /opt/airflow/dags/Procesa_data.py
[2025-03-26T23:56:33.164+0000] {processor.py:799} INFO - Processing file /opt/airflow/dags/Procesa_data.py for tasks to queue
[2025-03-26T23:56:33.165+0000] {logging_mixin.py:149} INFO - [2025-03-26T23:56:33.165+0000] {dagbag.py:541} INFO - Filling up the DagBag from /opt/airflow/dags/Procesa_data.py
[2025-03-26T23:56:35.450+0000] {logging_mixin.py:149} INFO - [2025-03-26T23:56:35.443+0000] {dagbag.py:350} ERROR - Failed to import: /opt/airflow/dags/Procesa_data.py
Traceback (most recent call last):
  File "/home/airflow/.local/lib/python3.7/site-packages/airflow/models/dagbag.py", line 346, in parse
    loader.exec_module(new_module)
  File "<frozen importlib._bootstrap_external>", line 728, in exec_module
  File "<frozen importlib._bootstrap>", line 219, in _call_with_frames_removed
  File "/opt/airflow/dags/Procesa_data.py", line 38, in <module>
    os.makedirs(processed_dir, exist_ok=True)
  File "/usr/local/lib/python3.7/os.py", line 223, in makedirs
    mkdir(name, mode)
PermissionError: [Errno 13] Permission denied: '/opt/airflow/data/processed_data'
[2025-03-26T23:56:35.451+0000] {processor.py:811} WARNING - No viable dags retrieved from /opt/airflow/dags/Procesa_data.py
[2025-03-26T23:56:35.514+0000] {processor.py:178} INFO - Processing /opt/airflow/dags/Procesa_data.py took 2.362 seconds
[2025-03-26T23:57:06.210+0000] {processor.py:156} INFO - Started process (PID=210) to work on /opt/airflow/dags/Procesa_data.py
[2025-03-26T23:57:06.214+0000] {processor.py:799} INFO - Processing file /opt/airflow/dags/Procesa_data.py for tasks to queue
[2025-03-26T23:57:06.215+0000] {logging_mixin.py:149} INFO - [2025-03-26T23:57:06.215+0000] {dagbag.py:541} INFO - Filling up the DagBag from /opt/airflow/dags/Procesa_data.py
[2025-03-26T23:57:07.925+0000] {logging_mixin.py:149} INFO - [2025-03-26T23:57:07.923+0000] {dagbag.py:350} ERROR - Failed to import: /opt/airflow/dags/Procesa_data.py
Traceback (most recent call last):
  File "/home/airflow/.local/lib/python3.7/site-packages/airflow/models/dagbag.py", line 346, in parse
    loader.exec_module(new_module)
  File "<frozen importlib._bootstrap_external>", line 728, in exec_module
  File "<frozen importlib._bootstrap>", line 219, in _call_with_frames_removed
  File "/opt/airflow/dags/Procesa_data.py", line 38, in <module>
    os.makedirs(processed_dir, exist_ok=True)
  File "/usr/local/lib/python3.7/os.py", line 223, in makedirs
    mkdir(name, mode)
PermissionError: [Errno 13] Permission denied: '/opt/airflow/data/processed_data'
[2025-03-26T23:57:07.926+0000] {processor.py:811} WARNING - No viable dags retrieved from /opt/airflow/dags/Procesa_data.py
[2025-03-26T23:57:07.974+0000] {processor.py:178} INFO - Processing /opt/airflow/dags/Procesa_data.py took 1.775 seconds
[2025-03-26T23:57:38.348+0000] {processor.py:156} INFO - Started process (PID=239) to work on /opt/airflow/dags/Procesa_data.py
[2025-03-26T23:57:38.350+0000] {processor.py:799} INFO - Processing file /opt/airflow/dags/Procesa_data.py for tasks to queue
[2025-03-26T23:57:38.351+0000] {logging_mixin.py:149} INFO - [2025-03-26T23:57:38.351+0000] {dagbag.py:541} INFO - Filling up the DagBag from /opt/airflow/dags/Procesa_data.py
[2025-03-26T23:57:40.006+0000] {logging_mixin.py:149} INFO - [2025-03-26T23:57:40.004+0000] {dagbag.py:350} ERROR - Failed to import: /opt/airflow/dags/Procesa_data.py
Traceback (most recent call last):
  File "/home/airflow/.local/lib/python3.7/site-packages/airflow/models/dagbag.py", line 346, in parse
    loader.exec_module(new_module)
  File "<frozen importlib._bootstrap_external>", line 728, in exec_module
  File "<frozen importlib._bootstrap>", line 219, in _call_with_frames_removed
  File "/opt/airflow/dags/Procesa_data.py", line 38, in <module>
    os.makedirs(processed_dir, exist_ok=True)
  File "/usr/local/lib/python3.7/os.py", line 223, in makedirs
    mkdir(name, mode)
PermissionError: [Errno 13] Permission denied: '/opt/airflow/data/processed_data'
[2025-03-26T23:57:40.010+0000] {processor.py:811} WARNING - No viable dags retrieved from /opt/airflow/dags/Procesa_data.py
[2025-03-26T23:57:40.052+0000] {processor.py:178} INFO - Processing /opt/airflow/dags/Procesa_data.py took 1.710 seconds
[2025-03-26T23:58:10.398+0000] {processor.py:156} INFO - Started process (PID=275) to work on /opt/airflow/dags/Procesa_data.py
[2025-03-26T23:58:10.400+0000] {processor.py:799} INFO - Processing file /opt/airflow/dags/Procesa_data.py for tasks to queue
[2025-03-26T23:58:10.402+0000] {logging_mixin.py:149} INFO - [2025-03-26T23:58:10.401+0000] {dagbag.py:541} INFO - Filling up the DagBag from /opt/airflow/dags/Procesa_data.py
[2025-03-26T23:58:11.988+0000] {logging_mixin.py:149} INFO - [2025-03-26T23:58:11.986+0000] {dagbag.py:350} ERROR - Failed to import: /opt/airflow/dags/Procesa_data.py
Traceback (most recent call last):
  File "/home/airflow/.local/lib/python3.7/site-packages/airflow/models/dagbag.py", line 346, in parse
    loader.exec_module(new_module)
  File "<frozen importlib._bootstrap_external>", line 728, in exec_module
  File "<frozen importlib._bootstrap>", line 219, in _call_with_frames_removed
  File "/opt/airflow/dags/Procesa_data.py", line 38, in <module>
    os.makedirs(processed_dir, exist_ok=True)
  File "/usr/local/lib/python3.7/os.py", line 223, in makedirs
    mkdir(name, mode)
PermissionError: [Errno 13] Permission denied: '/opt/airflow/data/processed_data'
[2025-03-26T23:58:11.988+0000] {processor.py:811} WARNING - No viable dags retrieved from /opt/airflow/dags/Procesa_data.py
[2025-03-26T23:58:12.013+0000] {processor.py:178} INFO - Processing /opt/airflow/dags/Procesa_data.py took 1.622 seconds
[2025-03-26T23:58:42.225+0000] {processor.py:156} INFO - Started process (PID=304) to work on /opt/airflow/dags/Procesa_data.py
[2025-03-26T23:58:42.228+0000] {processor.py:799} INFO - Processing file /opt/airflow/dags/Procesa_data.py for tasks to queue
[2025-03-26T23:58:42.230+0000] {logging_mixin.py:149} INFO - [2025-03-26T23:58:42.229+0000] {dagbag.py:541} INFO - Filling up the DagBag from /opt/airflow/dags/Procesa_data.py
[2025-03-26T23:58:43.705+0000] {logging_mixin.py:149} INFO - [2025-03-26T23:58:43.703+0000] {dagbag.py:350} ERROR - Failed to import: /opt/airflow/dags/Procesa_data.py
Traceback (most recent call last):
  File "/home/airflow/.local/lib/python3.7/site-packages/airflow/models/dagbag.py", line 346, in parse
    loader.exec_module(new_module)
  File "<frozen importlib._bootstrap_external>", line 728, in exec_module
  File "<frozen importlib._bootstrap>", line 219, in _call_with_frames_removed
  File "/opt/airflow/dags/Procesa_data.py", line 38, in <module>
    os.makedirs(processed_dir, exist_ok=True)
  File "/usr/local/lib/python3.7/os.py", line 223, in makedirs
    mkdir(name, mode)
PermissionError: [Errno 13] Permission denied: '/opt/airflow/data/processed_data'
[2025-03-26T23:58:43.705+0000] {processor.py:811} WARNING - No viable dags retrieved from /opt/airflow/dags/Procesa_data.py
[2025-03-26T23:58:43.733+0000] {processor.py:178} INFO - Processing /opt/airflow/dags/Procesa_data.py took 1.521 seconds
[2025-03-26T23:59:13.961+0000] {processor.py:156} INFO - Started process (PID=333) to work on /opt/airflow/dags/Procesa_data.py
[2025-03-26T23:59:13.963+0000] {processor.py:799} INFO - Processing file /opt/airflow/dags/Procesa_data.py for tasks to queue
[2025-03-26T23:59:13.964+0000] {logging_mixin.py:149} INFO - [2025-03-26T23:59:13.964+0000] {dagbag.py:541} INFO - Filling up the DagBag from /opt/airflow/dags/Procesa_data.py
[2025-03-26T23:59:15.743+0000] {logging_mixin.py:149} INFO - [2025-03-26T23:59:15.741+0000] {dagbag.py:350} ERROR - Failed to import: /opt/airflow/dags/Procesa_data.py
Traceback (most recent call last):
  File "/home/airflow/.local/lib/python3.7/site-packages/airflow/models/dagbag.py", line 346, in parse
    loader.exec_module(new_module)
  File "<frozen importlib._bootstrap_external>", line 728, in exec_module
  File "<frozen importlib._bootstrap>", line 219, in _call_with_frames_removed
  File "/opt/airflow/dags/Procesa_data.py", line 38, in <module>
    os.makedirs(processed_dir, exist_ok=True)
  File "/usr/local/lib/python3.7/os.py", line 223, in makedirs
    mkdir(name, mode)
PermissionError: [Errno 13] Permission denied: '/opt/airflow/data/processed_data'
[2025-03-26T23:59:15.743+0000] {processor.py:811} WARNING - No viable dags retrieved from /opt/airflow/dags/Procesa_data.py
[2025-03-26T23:59:15.773+0000] {processor.py:178} INFO - Processing /opt/airflow/dags/Procesa_data.py took 1.819 seconds
[2025-03-26T23:59:46.023+0000] {processor.py:156} INFO - Started process (PID=362) to work on /opt/airflow/dags/Procesa_data.py
[2025-03-26T23:59:46.024+0000] {processor.py:799} INFO - Processing file /opt/airflow/dags/Procesa_data.py for tasks to queue
[2025-03-26T23:59:46.027+0000] {logging_mixin.py:149} INFO - [2025-03-26T23:59:46.027+0000] {dagbag.py:541} INFO - Filling up the DagBag from /opt/airflow/dags/Procesa_data.py
[2025-03-26T23:59:47.669+0000] {logging_mixin.py:149} INFO - [2025-03-26T23:59:47.667+0000] {dagbag.py:350} ERROR - Failed to import: /opt/airflow/dags/Procesa_data.py
Traceback (most recent call last):
  File "/home/airflow/.local/lib/python3.7/site-packages/airflow/models/dagbag.py", line 346, in parse
    loader.exec_module(new_module)
  File "<frozen importlib._bootstrap_external>", line 728, in exec_module
  File "<frozen importlib._bootstrap>", line 219, in _call_with_frames_removed
  File "/opt/airflow/dags/Procesa_data.py", line 38, in <module>
    os.makedirs(processed_dir, exist_ok=True)
  File "/usr/local/lib/python3.7/os.py", line 223, in makedirs
    mkdir(name, mode)
PermissionError: [Errno 13] Permission denied: '/opt/airflow/data/processed_data'
[2025-03-26T23:59:47.669+0000] {processor.py:811} WARNING - No viable dags retrieved from /opt/airflow/dags/Procesa_data.py
[2025-03-26T23:59:47.707+0000] {processor.py:178} INFO - Processing /opt/airflow/dags/Procesa_data.py took 1.694 seconds
