[2025-03-09T00:45:54.253+0000] {taskinstance.py:1125} INFO - Dependencies all met for dep_context=non-requeueable deps ti=<TaskInstance: preprocess_penguins_data.create_processed_table manual__2025-03-09T00:45:51.990237+00:00 [queued]>
[2025-03-09T00:45:54.257+0000] {taskinstance.py:1125} INFO - Dependencies all met for dep_context=requeueable deps ti=<TaskInstance: preprocess_penguins_data.create_processed_table manual__2025-03-09T00:45:51.990237+00:00 [queued]>
[2025-03-09T00:45:54.258+0000] {taskinstance.py:1331} INFO - Starting attempt 1 of 1
[2025-03-09T00:45:54.264+0000] {taskinstance.py:1350} INFO - Executing <Task(MySqlOperator): create_processed_table> on 2025-03-09 00:45:51.990237+00:00
[2025-03-09T00:45:54.267+0000] {standard_task_runner.py:57} INFO - Started process 1051 to run task
[2025-03-09T00:45:54.269+0000] {standard_task_runner.py:84} INFO - Running: ['***', 'tasks', 'run', 'preprocess_penguins_data', 'create_processed_table', 'manual__2025-03-09T00:45:51.990237+00:00', '--job-id', '56', '--raw', '--subdir', 'DAGS_FOLDER/Procesa_data.py', '--cfg-path', '/tmp/tmp8ynoqsf_']
[2025-03-09T00:45:54.271+0000] {standard_task_runner.py:85} INFO - Job 56: Subtask create_processed_table
[2025-03-09T00:45:54.302+0000] {task_command.py:410} INFO - Running <TaskInstance: preprocess_penguins_data.create_processed_table manual__2025-03-09T00:45:51.990237+00:00 [running]> on host de40e2ed39bc
[2025-03-09T00:45:54.347+0000] {taskinstance.py:1570} INFO - Exporting env vars: AIRFLOW_CTX_DAG_OWNER='***' AIRFLOW_CTX_DAG_ID='preprocess_penguins_data' AIRFLOW_CTX_TASK_ID='create_processed_table' AIRFLOW_CTX_EXECUTION_DATE='2025-03-09T00:45:51.990237+00:00' AIRFLOW_CTX_TRY_NUMBER='1' AIRFLOW_CTX_DAG_RUN_ID='manual__2025-03-09T00:45:51.990237+00:00'
[2025-03-09T00:45:54.347+0000] {sql.py:262} INFO - Executing: 
USE ***_db;
CREATE TABLE IF NOT EXISTS penguins_processed (
    id INT AUTO_INCREMENT PRIMARY KEY,
    species VARCHAR(50),
    island VARCHAR(50),
    culmen_length_mm FLOAT,
    culmen_depth_mm FLOAT,
    flipper_length_mm INT,
    body_mass_g INT,
    sex VARCHAR(10)
);
[2025-03-09T00:45:54.348+0000] {crypto.py:83} WARNING - empty cryptography key - values will not be stored encrypted.
[2025-03-09T00:45:54.348+0000] {base.py:73} INFO - Using connection ID 'mysql_default' for task execution.
[2025-03-09T00:45:54.377+0000] {base.py:73} INFO - Using connection ID 'mysql_default' for task execution.
[2025-03-09T00:45:54.384+0000] {sql.py:375} INFO - Running statement: 
USE ***_db;
CREATE TABLE IF NOT EXISTS penguins_processed (
    id INT AUTO_INCREMENT PRIMARY KEY,
    species VARCHAR(50),
    island VARCHAR(50),
    culmen_length_mm FLOAT,
    culmen_depth_mm FLOAT,
    flipper_length_mm INT,
    body_mass_g INT,
    sex VARCHAR(10)
);, parameters: None
[2025-03-09T00:45:54.385+0000] {sql.py:384} INFO - Rows affected: 0
[2025-03-09T00:45:54.394+0000] {taskinstance.py:1373} INFO - Marking task as SUCCESS. dag_id=preprocess_penguins_data, task_id=create_processed_table, execution_date=20250309T004551, start_date=20250309T004554, end_date=20250309T004554
[2025-03-09T00:45:54.441+0000] {local_task_job_runner.py:232} INFO - Task exited with return code 0
[2025-03-09T00:45:54.459+0000] {taskinstance.py:2674} INFO - 1 downstream tasks scheduled from follow-on schedule check
