[2025-04-08T16:56:40.730+0000] {local_task_job_runner.py:123} INFO - ::group::Pre task execution logs
[2025-04-08T16:56:40.941+0000] {taskinstance.py:2614} INFO - Dependencies all met for dep_context=non-requeueable deps ti=<TaskInstance: 2-Cargar_data.create_table scheduled__2025-04-07T00:00:00+00:00 [queued]>
[2025-04-08T16:56:41.045+0000] {taskinstance.py:2614} INFO - Dependencies all met for dep_context=requeueable deps ti=<TaskInstance: 2-Cargar_data.create_table scheduled__2025-04-07T00:00:00+00:00 [queued]>
[2025-04-08T16:56:41.051+0000] {taskinstance.py:2867} INFO - Starting attempt 1 of 1
[2025-04-08T16:56:41.206+0000] {taskinstance.py:2890} INFO - Executing <Task(PostgresOperator): create_table> on 2025-04-07 00:00:00+00:00
[2025-04-08T16:56:41.329+0000] {standard_task_runner.py:72} INFO - Started process 131 to run task
[2025-04-08T16:56:41.371+0000] {standard_task_runner.py:104} INFO - Running: ['***', 'tasks', 'run', '2-Cargar_data', 'create_table', 'scheduled__2025-04-07T00:00:00+00:00', '--job-id', '28', '--raw', '--subdir', 'DAGS_FOLDER/Cargar_datos.py', '--cfg-path', '/tmp/tmp7v3jew0d']
[2025-04-08T16:56:41.382+0000] {standard_task_runner.py:105} INFO - Job 28: Subtask create_table
[2025-04-08T16:56:41.833+0000] {task_command.py:467} INFO - Running <TaskInstance: 2-Cargar_data.create_table scheduled__2025-04-07T00:00:00+00:00 [running]> on host f44e17a0708c
[2025-04-08T16:56:43.281+0000] {taskinstance.py:3134} INFO - Exporting env vars: AIRFLOW_CTX_DAG_OWNER='***' AIRFLOW_CTX_DAG_ID='2-Cargar_data' AIRFLOW_CTX_TASK_ID='create_table' AIRFLOW_CTX_EXECUTION_DATE='2025-04-07T00:00:00+00:00' AIRFLOW_CTX_TRY_NUMBER='1' AIRFLOW_CTX_DAG_RUN_ID='scheduled__2025-04-07T00:00:00+00:00'
[2025-04-08T16:56:43.287+0000] {taskinstance.py:732} INFO - ::endgroup::
[2025-04-08T16:56:43.483+0000] {sql.py:266} INFO - Executing: 
CREATE TABLE IF NOT EXISTS covertype (
    id SERIAL PRIMARY KEY,
    Elevation INT NOT NULL, 
    Aspect INT NOT NULL, 
    Slope INT NOT NULL, 
    Horizontal_Distance_To_Hydrology INT NOT NULL,
    Vertical_Distance_To_Hydrology INT NOT NULL,
    Horizontal_Distance_To_Roadways INT NOT NULL,
    Hillshade_9am INT NOT NULL,
    Hillshade_Noon INT NOT NULL,
    Hillshade_3pm INT NOT NULL,
    Horizontal_Distance_To_Fire_Points INT NOT NULL, 
    Wilderness_Area VARCHAR(50) NOT NULL,  
    Soil_Type VARCHAR(50) NOT NULL,  
    Cover_Type INT NOT NULL
);
[2025-04-08T16:56:43.486+0000] {crypto.py:82} WARNING - empty cryptography key - values will not be stored encrypted.
[2025-04-08T16:56:43.487+0000] {base.py:84} INFO - Retrieving connection 'postgres_default'
[2025-04-08T16:56:43.493+0000] {base.py:84} INFO - Retrieving connection 'postgres_default'
[2025-04-08T16:56:43.531+0000] {sql.py:542} INFO - Running statement: 
CREATE TABLE IF NOT EXISTS covertype (
    id SERIAL PRIMARY KEY,
    Elevation INT NOT NULL, 
    Aspect INT NOT NULL, 
    Slope INT NOT NULL, 
    Horizontal_Distance_To_Hydrology INT NOT NULL,
    Vertical_Distance_To_Hydrology INT NOT NULL,
    Horizontal_Distance_To_Roadways INT NOT NULL,
    Hillshade_9am INT NOT NULL,
    Hillshade_Noon INT NOT NULL,
    Hillshade_3pm INT NOT NULL,
    Horizontal_Distance_To_Fire_Points INT NOT NULL, 
    Wilderness_Area VARCHAR(50) NOT NULL,  
    Soil_Type VARCHAR(50) NOT NULL,  
    Cover_Type INT NOT NULL
);, parameters: None
[2025-04-08T16:56:43.626+0000] {taskinstance.py:341} INFO - ::group::Post task execution logs
[2025-04-08T16:56:43.638+0000] {taskinstance.py:353} INFO - Marking task as SUCCESS. dag_id=2-Cargar_data, task_id=create_table, run_id=scheduled__2025-04-07T00:00:00+00:00, execution_date=20250407T000000, start_date=20250408T165640, end_date=20250408T165643
[2025-04-08T16:56:43.896+0000] {local_task_job_runner.py:266} INFO - Task exited with return code 0
[2025-04-08T16:56:45.361+0000] {taskinstance.py:3901} INFO - 1 downstream tasks scheduled from follow-on schedule check
[2025-04-08T16:56:45.369+0000] {local_task_job_runner.py:245} INFO - ::endgroup::
[2025-04-08T22:57:41.104+0000] {local_task_job_runner.py:123} INFO - ::group::Pre task execution logs
[2025-04-08T22:57:41.155+0000] {taskinstance.py:2614} INFO - Dependencies all met for dep_context=non-requeueable deps ti=<TaskInstance: 2-Cargar_data.create_table scheduled__2025-04-07T00:00:00+00:00 [queued]>
[2025-04-08T22:57:41.174+0000] {taskinstance.py:2614} INFO - Dependencies all met for dep_context=requeueable deps ti=<TaskInstance: 2-Cargar_data.create_table scheduled__2025-04-07T00:00:00+00:00 [queued]>
[2025-04-08T22:57:41.176+0000] {taskinstance.py:2867} INFO - Starting attempt 1 of 1
[2025-04-08T22:57:41.206+0000] {taskinstance.py:2890} INFO - Executing <Task(PostgresOperator): create_table> on 2025-04-07 00:00:00+00:00
[2025-04-08T22:57:41.223+0000] {standard_task_runner.py:72} INFO - Started process 137 to run task
[2025-04-08T22:57:41.240+0000] {standard_task_runner.py:104} INFO - Running: ['***', 'tasks', 'run', '2-Cargar_data', 'create_table', 'scheduled__2025-04-07T00:00:00+00:00', '--job-id', '3', '--raw', '--subdir', 'DAGS_FOLDER/Cargar_datos.py', '--cfg-path', '/tmp/tmpmk4wfsr1']
[2025-04-08T22:57:41.246+0000] {standard_task_runner.py:105} INFO - Job 3: Subtask create_table
[2025-04-08T22:57:41.421+0000] {task_command.py:467} INFO - Running <TaskInstance: 2-Cargar_data.create_table scheduled__2025-04-07T00:00:00+00:00 [running]> on host fb4b9d079ce6
[2025-04-08T22:57:41.985+0000] {taskinstance.py:3134} INFO - Exporting env vars: AIRFLOW_CTX_DAG_OWNER='***' AIRFLOW_CTX_DAG_ID='2-Cargar_data' AIRFLOW_CTX_TASK_ID='create_table' AIRFLOW_CTX_EXECUTION_DATE='2025-04-07T00:00:00+00:00' AIRFLOW_CTX_TRY_NUMBER='1' AIRFLOW_CTX_DAG_RUN_ID='scheduled__2025-04-07T00:00:00+00:00'
[2025-04-08T22:57:41.987+0000] {taskinstance.py:732} INFO - ::endgroup::
[2025-04-08T22:57:42.127+0000] {sql.py:266} INFO - Executing: 
CREATE TABLE IF NOT EXISTS covertype (
    id SERIAL PRIMARY KEY,
    Elevation INT NOT NULL, 
    Aspect INT NOT NULL, 
    Slope INT NOT NULL, 
    Horizontal_Distance_To_Hydrology INT NOT NULL,
    Vertical_Distance_To_Hydrology INT NOT NULL,
    Horizontal_Distance_To_Roadways INT NOT NULL,
    Hillshade_9am INT NOT NULL,
    Hillshade_Noon INT NOT NULL,
    Hillshade_3pm INT NOT NULL,
    Horizontal_Distance_To_Fire_Points INT NOT NULL, 
    Wilderness_Area VARCHAR(50) NOT NULL,  
    Soil_Type VARCHAR(50) NOT NULL,  
    Cover_Type INT NOT NULL
);
[2025-04-08T22:57:42.129+0000] {crypto.py:82} WARNING - empty cryptography key - values will not be stored encrypted.
[2025-04-08T22:57:42.129+0000] {base.py:84} INFO - Retrieving connection 'postgres_default'
[2025-04-08T22:57:42.132+0000] {base.py:84} INFO - Retrieving connection 'postgres_default'
[2025-04-08T22:57:42.145+0000] {sql.py:542} INFO - Running statement: 
CREATE TABLE IF NOT EXISTS covertype (
    id SERIAL PRIMARY KEY,
    Elevation INT NOT NULL, 
    Aspect INT NOT NULL, 
    Slope INT NOT NULL, 
    Horizontal_Distance_To_Hydrology INT NOT NULL,
    Vertical_Distance_To_Hydrology INT NOT NULL,
    Horizontal_Distance_To_Roadways INT NOT NULL,
    Hillshade_9am INT NOT NULL,
    Hillshade_Noon INT NOT NULL,
    Hillshade_3pm INT NOT NULL,
    Horizontal_Distance_To_Fire_Points INT NOT NULL, 
    Wilderness_Area VARCHAR(50) NOT NULL,  
    Soil_Type VARCHAR(50) NOT NULL,  
    Cover_Type INT NOT NULL
);, parameters: None
[2025-04-08T22:57:42.210+0000] {taskinstance.py:341} INFO - ::group::Post task execution logs
[2025-04-08T22:57:42.211+0000] {taskinstance.py:353} INFO - Marking task as SUCCESS. dag_id=2-Cargar_data, task_id=create_table, run_id=scheduled__2025-04-07T00:00:00+00:00, execution_date=20250407T000000, start_date=20250408T225741, end_date=20250408T225742
[2025-04-08T22:57:42.351+0000] {local_task_job_runner.py:266} INFO - Task exited with return code 0
[2025-04-08T22:57:42.781+0000] {taskinstance.py:3901} INFO - 1 downstream tasks scheduled from follow-on schedule check
[2025-04-08T22:57:42.786+0000] {local_task_job_runner.py:245} INFO - ::endgroup::
