[2025-04-01T03:46:29.197+0000] {local_task_job_runner.py:123} INFO - ::group::Pre task execution logs
[2025-04-01T03:46:29.239+0000] {taskinstance.py:2614} INFO - Dependencies all met for dep_context=non-requeueable deps ti=<TaskInstance: 4-Entrenamiento_model.entrenar_modelo manual__2025-04-01T03:46:23.675648+00:00 [queued]>
[2025-04-01T03:46:29.254+0000] {taskinstance.py:2614} INFO - Dependencies all met for dep_context=requeueable deps ti=<TaskInstance: 4-Entrenamiento_model.entrenar_modelo manual__2025-04-01T03:46:23.675648+00:00 [queued]>
[2025-04-01T03:46:29.255+0000] {taskinstance.py:2867} INFO - Starting attempt 1 of 2
[2025-04-01T03:46:29.310+0000] {taskinstance.py:2890} INFO - Executing <Task(PythonOperator): entrenar_modelo> on 2025-04-01 03:46:23.675648+00:00
[2025-04-01T03:46:29.398+0000] {standard_task_runner.py:72} INFO - Started process 3805 to run task
[2025-04-01T03:46:29.422+0000] {standard_task_runner.py:104} INFO - Running: ['***', 'tasks', 'run', '4-Entrenamiento_model', 'entrenar_modelo', 'manual__2025-04-01T03:46:23.675648+00:00', '--job-id', '139', '--raw', '--subdir', 'DAGS_FOLDER/Entrenamiento_mode.py', '--cfg-path', '/tmp/tmppa5oupil']
[2025-04-01T03:46:29.445+0000] {standard_task_runner.py:105} INFO - Job 139: Subtask entrenar_modelo
[2025-04-01T03:46:29.665+0000] {task_command.py:467} INFO - Running <TaskInstance: 4-Entrenamiento_model.entrenar_modelo manual__2025-04-01T03:46:23.675648+00:00 [running]> on host 7ed3aa8fcef8
[2025-04-01T03:46:29.949+0000] {taskinstance.py:3134} INFO - Exporting env vars: AIRFLOW_CTX_DAG_OWNER='***' AIRFLOW_CTX_DAG_ID='4-Entrenamiento_model' AIRFLOW_CTX_TASK_ID='entrenar_modelo' AIRFLOW_CTX_EXECUTION_DATE='2025-04-01T03:46:23.675648+00:00' AIRFLOW_CTX_TRY_NUMBER='1' AIRFLOW_CTX_DAG_RUN_ID='manual__2025-04-01T03:46:23.675648+00:00'
[2025-04-01T03:46:29.952+0000] {taskinstance.py:732} INFO - ::endgroup::
[2025-04-01T03:46:30.018+0000] {warnings.py:109} WARNING - /opt/***/dags/Entrenamiento_mode.py:64: UserWarning: pandas only supports SQLAlchemy connectable (engine/connection) or database string URI or sqlite3 DBAPI2 connection. Other DBAPI2 objects are not tested. Please consider using SQLAlchemy.
  df = pd.read_sql(query, conn)

[2025-04-01T03:46:31.392+0000] {logging_mixin.py:190} WARNING - 2025/04/01 03:46:31 INFO mlflow.tracking.fluent: Experiment with name 'mlflow_tracking_examples' does not exist. Creating a new experiment.
[2025-04-01T03:46:34.227+0000] {logging_mixin.py:190} WARNING - 2025/04/01 03:46:34 WARNING mlflow.utils.git_utils: Failed to import Git (the Git executable is probably not on your PATH), so Git SHA is not available. Error: Failed to initialize: Bad git executable.
The git executable must be specified in one of the following ways:
    - be included in your $PATH
    - be set via $GIT_PYTHON_GIT_EXECUTABLE
    - explicitly set via git.refresh(<full-path-to-git-executable>)

All git commands will error until this is rectified.

This initial message can be silenced or aggravated in the future by setting the
$GIT_PYTHON_REFRESH environment variable. Use one of the following values:
    - quiet|q|silence|s|silent|none|n|0: for no message or exception
    - warn|w|warning|log|l|1: for a warning message (logging level CRITICAL, displayed by default)
    - error|e|exception|raise|r|2: for a raised exception

Example:
    export GIT_PYTHON_REFRESH=quiet
[2025-04-01T03:46:34.450+0000] {logging_mixin.py:190} WARNING - 2025/04/01 03:46:34 WARNING mlflow.utils: Truncated the value of the key `estimator`. Truncated value: `Pipeline(steps=[('column_trans',
                 ColumnTransformer(remainder='passthrough',
                                   transformers=[('onehotencoder',
                                                  OneHotEncoder(handle_unknown='ignore'),
                                                  ['Wilderness_Area',
                                                   'Soil_Type'])])),
                ('scaler', StandardScaler(with_mean=False)),
                ('RandomForestClassifier', Rand...`
[2025-04-01T03:46:34.472+0000] {logging_and_warnings.py:72} WARNING - /home/***/.local/lib/python3.8/site-packages/joblib/parallel.py:1359: UserWarning: Loky-backed parallel loops cannot be called in a multiprocessing, setting n_jobs=1
  n_jobs = self._backend.configure(n_jobs=self.n_jobs, parallel=self,

[2025-04-01T03:47:30.172+0000] {logging_and_warnings.py:72} WARNING - /home/***/.local/lib/python3.8/site-packages/sklearn/metrics/_classification.py:1318: UndefinedMetricWarning: Precision is ill-defined and being set to 0.0 in labels with no predicted samples. Use `zero_division` parameter to control this behavior.
  _warn_prf(average, modifier, msg_start, len(result))

[2025-04-01T03:47:32.518+0000] {font_manager.py:1547} INFO - generated new fontManager
[2025-04-01T03:47:36.259+0000] {credentials.py:1147} INFO - Found credentials in environment variables.
[2025-04-01T03:47:38.664+0000] {logging_mixin.py:190} WARNING - 2025/04/01 03:47:38 WARNING mlflow.utils.autologging_utils: Encountered unexpected error during sklearn autologging: Failed to upload /tmp/tmpjjorbxjo/training_confusion_matrix.png to mlflows3/artifacts/1/f00e4d270637476083b6c6cce3b1f327/artifacts/training_confusion_matrix.png: An error occurred (NoSuchBucket) when calling the PutObject operation: The specified bucket does not exist
[2025-04-01T03:47:38.895+0000] {python.py:240} INFO - Done. Returned value was: 0
[2025-04-01T03:47:39.134+0000] {taskinstance.py:341} INFO - ::group::Post task execution logs
[2025-04-01T03:47:39.145+0000] {taskinstance.py:353} INFO - Marking task as SUCCESS. dag_id=4-Entrenamiento_model, task_id=entrenar_modelo, run_id=manual__2025-04-01T03:46:23.675648+00:00, execution_date=20250401T034623, start_date=20250401T034629, end_date=20250401T034739
[2025-04-01T03:47:39.442+0000] {local_task_job_runner.py:266} INFO - Task exited with return code 0
[2025-04-01T03:47:39.498+0000] {taskinstance.py:3901} INFO - 0 downstream tasks scheduled from follow-on schedule check
[2025-04-01T03:47:39.506+0000] {local_task_job_runner.py:245} INFO - ::endgroup::
[2025-04-01T03:47:39.532+0000] {standard_task_runner.py:217} INFO - Process not found (most likely exited), stop collecting metrics
