[2025-04-07T19:12:25.955+0000] {local_task_job_runner.py:123} INFO - ::group::Pre task execution logs
[2025-04-07T19:12:26.530+0000] {taskinstance.py:2614} INFO - Dependencies all met for dep_context=non-requeueable deps ti=<TaskInstance: 2-Cargar_data.create_table manual__2025-04-07T19:12:23.187618+00:00 [queued]>
[2025-04-07T19:12:26.549+0000] {taskinstance.py:2614} INFO - Dependencies all met for dep_context=requeueable deps ti=<TaskInstance: 2-Cargar_data.create_table manual__2025-04-07T19:12:23.187618+00:00 [queued]>
[2025-04-07T19:12:26.550+0000] {taskinstance.py:2867} INFO - Starting attempt 1 of 1
[2025-04-07T19:12:26.568+0000] {taskinstance.py:2890} INFO - Executing <Task(PostgresOperator): create_table> on 2025-04-07 19:12:23.187618+00:00
[2025-04-07T19:12:26.584+0000] {standard_task_runner.py:72} INFO - Started process 1244 to run task
[2025-04-07T19:12:26.598+0000] {standard_task_runner.py:104} INFO - Running: ['***', 'tasks', 'run', '2-Cargar_data', 'create_table', 'manual__2025-04-07T19:12:23.187618+00:00', '--job-id', '16', '--raw', '--subdir', 'DAGS_FOLDER/Cargar_datos.py', '--cfg-path', '/tmp/tmppjz7f9on']
[2025-04-07T19:12:26.604+0000] {standard_task_runner.py:105} INFO - Job 16: Subtask create_table
[2025-04-07T19:12:26.723+0000] {task_command.py:467} INFO - Running <TaskInstance: 2-Cargar_data.create_table manual__2025-04-07T19:12:23.187618+00:00 [running]> on host 7919b389bc8a
[2025-04-07T19:12:26.919+0000] {taskinstance.py:3134} INFO - Exporting env vars: AIRFLOW_CTX_DAG_OWNER='***' AIRFLOW_CTX_DAG_ID='2-Cargar_data' AIRFLOW_CTX_TASK_ID='create_table' AIRFLOW_CTX_EXECUTION_DATE='2025-04-07T19:12:23.187618+00:00' AIRFLOW_CTX_TRY_NUMBER='1' AIRFLOW_CTX_DAG_RUN_ID='manual__2025-04-07T19:12:23.187618+00:00'
[2025-04-07T19:12:26.920+0000] {taskinstance.py:732} INFO - ::endgroup::
[2025-04-07T19:12:26.958+0000] {sql.py:266} INFO - Executing: 
CREATE TABLE IF NOT EXISTS covertype (
    id SERIAL PRIMARY KEY,
    Elevation INT NOT NULL, 
    Aspect INT NOT NULL, 
    Slope INT NOT NULL, 
    Horizontal_Distance_To_Hydrology INT NOT NULL,
    Vertical_Distance_To_Hydrology INT NOT NULL,
    Horizontal_Distance_To_Roadways INT NOT NULL,
    Hillshade_9am INT NOT NULL,
    Hillshade_Noon INT NOT NULL,
    Hillshade_3pm INT NOT NULL,
    Horizontal_Distance_To_Fire_Points INT NOT NULL, 
    Wilderness_Area VARCHAR(50) NOT NULL,  
    Soil_Type VARCHAR(50) NOT NULL,  
    Cover_Type INT NOT NULL
);
[2025-04-07T19:12:26.961+0000] {crypto.py:82} WARNING - empty cryptography key - values will not be stored encrypted.
[2025-04-07T19:12:26.961+0000] {base.py:84} INFO - Retrieving connection 'postgres_default'
[2025-04-07T19:12:26.965+0000] {base.py:84} INFO - Retrieving connection 'postgres_default'
[2025-04-07T19:12:26.972+0000] {sql.py:542} INFO - Running statement: 
CREATE TABLE IF NOT EXISTS covertype (
    id SERIAL PRIMARY KEY,
    Elevation INT NOT NULL, 
    Aspect INT NOT NULL, 
    Slope INT NOT NULL, 
    Horizontal_Distance_To_Hydrology INT NOT NULL,
    Vertical_Distance_To_Hydrology INT NOT NULL,
    Horizontal_Distance_To_Roadways INT NOT NULL,
    Hillshade_9am INT NOT NULL,
    Hillshade_Noon INT NOT NULL,
    Hillshade_3pm INT NOT NULL,
    Horizontal_Distance_To_Fire_Points INT NOT NULL, 
    Wilderness_Area VARCHAR(50) NOT NULL,  
    Soil_Type VARCHAR(50) NOT NULL,  
    Cover_Type INT NOT NULL
);, parameters: None
[2025-04-07T19:12:26.996+0000] {taskinstance.py:341} INFO - ::group::Post task execution logs
[2025-04-07T19:12:26.997+0000] {taskinstance.py:353} INFO - Marking task as SUCCESS. dag_id=2-Cargar_data, task_id=create_table, run_id=manual__2025-04-07T19:12:23.187618+00:00, execution_date=20250407T191223, start_date=20250407T191226, end_date=20250407T191226
[2025-04-07T19:12:27.104+0000] {local_task_job_runner.py:266} INFO - Task exited with return code 0
[2025-04-07T19:12:27.167+0000] {taskinstance.py:3901} INFO - 1 downstream tasks scheduled from follow-on schedule check
[2025-04-07T19:12:27.172+0000] {local_task_job_runner.py:245} INFO - ::endgroup::
