[2025-03-29T21:19:24.072+0000] {processor.py:186} INFO - Started process (PID=113) to work on /home/airflow/.local/lib/python3.12/site-packages/airflow/example_dags/example_sensors.py
[2025-03-29T21:19:24.077+0000] {processor.py:914} INFO - Processing file /home/airflow/.local/lib/python3.12/site-packages/airflow/example_dags/example_sensors.py for tasks to queue
[2025-03-29T21:19:24.082+0000] {logging_mixin.py:190} INFO - [2025-03-29T21:19:24.082+0000] {dagbag.py:588} INFO - Filling up the DagBag from /home/airflow/.local/lib/python3.12/site-packages/airflow/example_dags/example_sensors.py
[2025-03-29T21:19:24.110+0000] {processor.py:925} INFO - DAG(s) 'example_sensors' retrieved from /home/airflow/.local/lib/python3.12/site-packages/airflow/example_dags/example_sensors.py
[2025-03-29T21:19:24.734+0000] {logging_mixin.py:190} INFO - [2025-03-29T21:19:24.733+0000] {override.py:1912} INFO - Created Permission View: can read on DAG:example_sensors
[2025-03-29T21:19:24.762+0000] {logging_mixin.py:190} INFO - [2025-03-29T21:19:24.758+0000] {override.py:1912} INFO - Created Permission View: can edit on DAG:example_sensors
[2025-03-29T21:19:24.782+0000] {logging_mixin.py:190} INFO - [2025-03-29T21:19:24.781+0000] {override.py:1912} INFO - Created Permission View: can delete on DAG:example_sensors
[2025-03-29T21:19:24.803+0000] {logging_mixin.py:190} INFO - [2025-03-29T21:19:24.803+0000] {override.py:1912} INFO - Created Permission View: can create on DAG Run:example_sensors
[2025-03-29T21:19:24.855+0000] {logging_mixin.py:190} INFO - [2025-03-29T21:19:24.853+0000] {override.py:1912} INFO - Created Permission View: menu access on DAG Run:example_sensors
[2025-03-29T21:19:24.914+0000] {logging_mixin.py:190} INFO - [2025-03-29T21:19:24.913+0000] {override.py:1912} INFO - Created Permission View: can read on DAG Run:example_sensors
[2025-03-29T21:19:24.997+0000] {logging_mixin.py:190} INFO - [2025-03-29T21:19:24.996+0000] {override.py:1912} INFO - Created Permission View: can delete on DAG Run:example_sensors
[2025-03-29T21:19:25.006+0000] {logging_mixin.py:190} INFO - [2025-03-29T21:19:24.997+0000] {dag.py:3239} INFO - Sync 1 DAGs
[2025-03-29T21:19:25.125+0000] {logging_mixin.py:190} INFO - [2025-03-29T21:19:25.124+0000] {dag.py:3262} INFO - Creating ORM DAG for example_sensors
[2025-03-29T21:19:25.131+0000] {logging_mixin.py:190} INFO - [2025-03-29T21:19:25.130+0000] {dag.py:4180} INFO - Setting next_dagrun for example_sensors to None, run_after=None
[2025-03-29T21:19:25.272+0000] {processor.py:208} INFO - Processing /home/airflow/.local/lib/python3.12/site-packages/airflow/example_dags/example_sensors.py took 1.234 seconds
[2025-03-29T21:19:55.685+0000] {processor.py:186} INFO - Started process (PID=179) to work on /home/airflow/.local/lib/python3.12/site-packages/airflow/example_dags/example_sensors.py
[2025-03-29T21:19:55.687+0000] {processor.py:914} INFO - Processing file /home/airflow/.local/lib/python3.12/site-packages/airflow/example_dags/example_sensors.py for tasks to queue
[2025-03-29T21:19:55.691+0000] {logging_mixin.py:190} INFO - [2025-03-29T21:19:55.691+0000] {dagbag.py:588} INFO - Filling up the DagBag from /home/airflow/.local/lib/python3.12/site-packages/airflow/example_dags/example_sensors.py
[2025-03-29T21:19:55.713+0000] {processor.py:925} INFO - DAG(s) 'example_sensors' retrieved from /home/airflow/.local/lib/python3.12/site-packages/airflow/example_dags/example_sensors.py
[2025-03-29T21:19:55.769+0000] {logging_mixin.py:190} INFO - [2025-03-29T21:19:55.768+0000] {dag.py:3239} INFO - Sync 1 DAGs
[2025-03-29T21:19:55.796+0000] {logging_mixin.py:190} INFO - [2025-03-29T21:19:55.796+0000] {dag.py:4180} INFO - Setting next_dagrun for example_sensors to None, run_after=None
[2025-03-29T21:19:55.826+0000] {processor.py:208} INFO - Processing /home/airflow/.local/lib/python3.12/site-packages/airflow/example_dags/example_sensors.py took 0.153 seconds
[2025-03-29T21:20:26.212+0000] {processor.py:186} INFO - Started process (PID=245) to work on /home/airflow/.local/lib/python3.12/site-packages/airflow/example_dags/example_sensors.py
[2025-03-29T21:20:26.220+0000] {processor.py:914} INFO - Processing file /home/airflow/.local/lib/python3.12/site-packages/airflow/example_dags/example_sensors.py for tasks to queue
[2025-03-29T21:20:26.232+0000] {logging_mixin.py:190} INFO - [2025-03-29T21:20:26.232+0000] {dagbag.py:588} INFO - Filling up the DagBag from /home/airflow/.local/lib/python3.12/site-packages/airflow/example_dags/example_sensors.py
[2025-03-29T21:20:26.299+0000] {processor.py:925} INFO - DAG(s) 'example_sensors' retrieved from /home/airflow/.local/lib/python3.12/site-packages/airflow/example_dags/example_sensors.py
[2025-03-29T21:20:26.576+0000] {logging_mixin.py:190} INFO - [2025-03-29T21:20:26.575+0000] {dag.py:3239} INFO - Sync 1 DAGs
[2025-03-29T21:20:26.715+0000] {logging_mixin.py:190} INFO - [2025-03-29T21:20:26.714+0000] {dag.py:4180} INFO - Setting next_dagrun for example_sensors to None, run_after=None
[2025-03-29T21:20:26.931+0000] {processor.py:208} INFO - Processing /home/airflow/.local/lib/python3.12/site-packages/airflow/example_dags/example_sensors.py took 0.798 seconds
[2025-03-29T21:24:38.264+0000] {processor.py:186} INFO - Started process (PID=116) to work on /home/airflow/.local/lib/python3.12/site-packages/airflow/example_dags/example_sensors.py
[2025-03-29T21:24:38.266+0000] {processor.py:914} INFO - Processing file /home/airflow/.local/lib/python3.12/site-packages/airflow/example_dags/example_sensors.py for tasks to queue
[2025-03-29T21:24:38.271+0000] {logging_mixin.py:190} INFO - [2025-03-29T21:24:38.270+0000] {dagbag.py:588} INFO - Filling up the DagBag from /home/airflow/.local/lib/python3.12/site-packages/airflow/example_dags/example_sensors.py
[2025-03-29T21:24:38.298+0000] {processor.py:925} INFO - DAG(s) 'example_sensors' retrieved from /home/airflow/.local/lib/python3.12/site-packages/airflow/example_dags/example_sensors.py
[2025-03-29T21:24:38.542+0000] {logging_mixin.py:190} INFO - [2025-03-29T21:24:38.540+0000] {override.py:1912} INFO - Created Permission View: can delete on DAG:example_sensors
[2025-03-29T21:24:38.560+0000] {logging_mixin.py:190} INFO - [2025-03-29T21:24:38.560+0000] {override.py:1912} INFO - Created Permission View: can edit on DAG:example_sensors
[2025-03-29T21:24:38.570+0000] {logging_mixin.py:190} INFO - [2025-03-29T21:24:38.569+0000] {override.py:1912} INFO - Created Permission View: can read on DAG:example_sensors
[2025-03-29T21:24:38.579+0000] {logging_mixin.py:190} INFO - [2025-03-29T21:24:38.578+0000] {override.py:1912} INFO - Created Permission View: menu access on DAG Run:example_sensors
[2025-03-29T21:24:38.599+0000] {logging_mixin.py:190} INFO - [2025-03-29T21:24:38.596+0000] {override.py:1912} INFO - Created Permission View: can delete on DAG Run:example_sensors
[2025-03-29T21:24:38.611+0000] {logging_mixin.py:190} INFO - [2025-03-29T21:24:38.611+0000] {override.py:1912} INFO - Created Permission View: can read on DAG Run:example_sensors
[2025-03-29T21:24:38.625+0000] {logging_mixin.py:190} INFO - [2025-03-29T21:24:38.625+0000] {override.py:1912} INFO - Created Permission View: can create on DAG Run:example_sensors
[2025-03-29T21:24:38.626+0000] {logging_mixin.py:190} INFO - [2025-03-29T21:24:38.625+0000] {dag.py:3239} INFO - Sync 1 DAGs
[2025-03-29T21:24:38.651+0000] {logging_mixin.py:190} INFO - [2025-03-29T21:24:38.651+0000] {dag.py:3262} INFO - Creating ORM DAG for example_sensors
[2025-03-29T21:24:38.652+0000] {logging_mixin.py:190} INFO - [2025-03-29T21:24:38.652+0000] {dag.py:4180} INFO - Setting next_dagrun for example_sensors to None, run_after=None
[2025-03-29T21:24:38.678+0000] {processor.py:208} INFO - Processing /home/airflow/.local/lib/python3.12/site-packages/airflow/example_dags/example_sensors.py took 0.428 seconds
[2025-03-29T21:25:09.078+0000] {processor.py:186} INFO - Started process (PID=183) to work on /home/airflow/.local/lib/python3.12/site-packages/airflow/example_dags/example_sensors.py
[2025-03-29T21:25:09.082+0000] {processor.py:914} INFO - Processing file /home/airflow/.local/lib/python3.12/site-packages/airflow/example_dags/example_sensors.py for tasks to queue
[2025-03-29T21:25:09.093+0000] {logging_mixin.py:190} INFO - [2025-03-29T21:25:09.091+0000] {dagbag.py:588} INFO - Filling up the DagBag from /home/airflow/.local/lib/python3.12/site-packages/airflow/example_dags/example_sensors.py
[2025-03-29T21:25:09.130+0000] {processor.py:925} INFO - DAG(s) 'example_sensors' retrieved from /home/airflow/.local/lib/python3.12/site-packages/airflow/example_dags/example_sensors.py
[2025-03-29T21:25:09.189+0000] {logging_mixin.py:190} INFO - [2025-03-29T21:25:09.189+0000] {dag.py:3239} INFO - Sync 1 DAGs
[2025-03-29T21:25:09.216+0000] {logging_mixin.py:190} INFO - [2025-03-29T21:25:09.216+0000] {dag.py:4180} INFO - Setting next_dagrun for example_sensors to None, run_after=None
[2025-03-29T21:25:09.246+0000] {processor.py:208} INFO - Processing /home/airflow/.local/lib/python3.12/site-packages/airflow/example_dags/example_sensors.py took 0.186 seconds
[2025-03-29T21:28:42.361+0000] {processor.py:186} INFO - Started process (PID=108) to work on /home/airflow/.local/lib/python3.12/site-packages/airflow/example_dags/example_sensors.py
[2025-03-29T21:28:42.365+0000] {processor.py:914} INFO - Processing file /home/airflow/.local/lib/python3.12/site-packages/airflow/example_dags/example_sensors.py for tasks to queue
[2025-03-29T21:28:42.371+0000] {logging_mixin.py:190} INFO - [2025-03-29T21:28:42.370+0000] {dagbag.py:588} INFO - Filling up the DagBag from /home/airflow/.local/lib/python3.12/site-packages/airflow/example_dags/example_sensors.py
[2025-03-29T21:28:42.405+0000] {processor.py:925} INFO - DAG(s) 'example_sensors' retrieved from /home/airflow/.local/lib/python3.12/site-packages/airflow/example_dags/example_sensors.py
[2025-03-29T21:28:42.624+0000] {logging_mixin.py:190} INFO - [2025-03-29T21:28:42.623+0000] {override.py:1912} INFO - Created Permission View: can edit on DAG:example_sensors
[2025-03-29T21:28:42.639+0000] {logging_mixin.py:190} INFO - [2025-03-29T21:28:42.639+0000] {override.py:1912} INFO - Created Permission View: can delete on DAG:example_sensors
[2025-03-29T21:28:42.650+0000] {logging_mixin.py:190} INFO - [2025-03-29T21:28:42.650+0000] {override.py:1912} INFO - Created Permission View: can read on DAG:example_sensors
[2025-03-29T21:28:42.659+0000] {logging_mixin.py:190} INFO - [2025-03-29T21:28:42.659+0000] {override.py:1912} INFO - Created Permission View: can delete on DAG Run:example_sensors
[2025-03-29T21:28:42.669+0000] {logging_mixin.py:190} INFO - [2025-03-29T21:28:42.668+0000] {override.py:1912} INFO - Created Permission View: can create on DAG Run:example_sensors
[2025-03-29T21:28:42.677+0000] {logging_mixin.py:190} INFO - [2025-03-29T21:28:42.676+0000] {override.py:1912} INFO - Created Permission View: can read on DAG Run:example_sensors
[2025-03-29T21:28:42.686+0000] {logging_mixin.py:190} INFO - [2025-03-29T21:28:42.686+0000] {override.py:1912} INFO - Created Permission View: menu access on DAG Run:example_sensors
[2025-03-29T21:28:42.687+0000] {logging_mixin.py:190} INFO - [2025-03-29T21:28:42.686+0000] {dag.py:3239} INFO - Sync 1 DAGs
[2025-03-29T21:28:42.709+0000] {logging_mixin.py:190} INFO - [2025-03-29T21:28:42.708+0000] {dag.py:3262} INFO - Creating ORM DAG for example_sensors
[2025-03-29T21:28:42.710+0000] {logging_mixin.py:190} INFO - [2025-03-29T21:28:42.710+0000] {dag.py:4180} INFO - Setting next_dagrun for example_sensors to None, run_after=None
[2025-03-29T21:28:42.738+0000] {processor.py:208} INFO - Processing /home/airflow/.local/lib/python3.12/site-packages/airflow/example_dags/example_sensors.py took 0.391 seconds
[2025-03-29T21:29:12.903+0000] {processor.py:186} INFO - Started process (PID=174) to work on /home/airflow/.local/lib/python3.12/site-packages/airflow/example_dags/example_sensors.py
[2025-03-29T21:29:12.906+0000] {processor.py:914} INFO - Processing file /home/airflow/.local/lib/python3.12/site-packages/airflow/example_dags/example_sensors.py for tasks to queue
[2025-03-29T21:29:12.912+0000] {logging_mixin.py:190} INFO - [2025-03-29T21:29:12.911+0000] {dagbag.py:588} INFO - Filling up the DagBag from /home/airflow/.local/lib/python3.12/site-packages/airflow/example_dags/example_sensors.py
[2025-03-29T21:29:12.938+0000] {processor.py:925} INFO - DAG(s) 'example_sensors' retrieved from /home/airflow/.local/lib/python3.12/site-packages/airflow/example_dags/example_sensors.py
[2025-03-29T21:29:12.990+0000] {logging_mixin.py:190} INFO - [2025-03-29T21:29:12.989+0000] {dag.py:3239} INFO - Sync 1 DAGs
[2025-03-29T21:29:13.016+0000] {logging_mixin.py:190} INFO - [2025-03-29T21:29:13.015+0000] {dag.py:4180} INFO - Setting next_dagrun for example_sensors to None, run_after=None
[2025-03-29T21:29:13.054+0000] {processor.py:208} INFO - Processing /home/airflow/.local/lib/python3.12/site-packages/airflow/example_dags/example_sensors.py took 0.166 seconds
[2025-03-29T21:29:43.278+0000] {processor.py:186} INFO - Started process (PID=240) to work on /home/airflow/.local/lib/python3.12/site-packages/airflow/example_dags/example_sensors.py
[2025-03-29T21:29:43.280+0000] {processor.py:914} INFO - Processing file /home/airflow/.local/lib/python3.12/site-packages/airflow/example_dags/example_sensors.py for tasks to queue
[2025-03-29T21:29:43.285+0000] {logging_mixin.py:190} INFO - [2025-03-29T21:29:43.284+0000] {dagbag.py:588} INFO - Filling up the DagBag from /home/airflow/.local/lib/python3.12/site-packages/airflow/example_dags/example_sensors.py
[2025-03-29T21:29:43.308+0000] {processor.py:925} INFO - DAG(s) 'example_sensors' retrieved from /home/airflow/.local/lib/python3.12/site-packages/airflow/example_dags/example_sensors.py
[2025-03-29T21:29:43.357+0000] {logging_mixin.py:190} INFO - [2025-03-29T21:29:43.357+0000] {dag.py:3239} INFO - Sync 1 DAGs
[2025-03-29T21:29:43.382+0000] {logging_mixin.py:190} INFO - [2025-03-29T21:29:43.381+0000] {dag.py:4180} INFO - Setting next_dagrun for example_sensors to None, run_after=None
[2025-03-29T21:29:43.409+0000] {processor.py:208} INFO - Processing /home/airflow/.local/lib/python3.12/site-packages/airflow/example_dags/example_sensors.py took 0.145 seconds
[2025-03-29T21:30:13.916+0000] {processor.py:186} INFO - Started process (PID=306) to work on /home/airflow/.local/lib/python3.12/site-packages/airflow/example_dags/example_sensors.py
[2025-03-29T21:30:13.919+0000] {processor.py:914} INFO - Processing file /home/airflow/.local/lib/python3.12/site-packages/airflow/example_dags/example_sensors.py for tasks to queue
[2025-03-29T21:30:13.924+0000] {logging_mixin.py:190} INFO - [2025-03-29T21:30:13.923+0000] {dagbag.py:588} INFO - Filling up the DagBag from /home/airflow/.local/lib/python3.12/site-packages/airflow/example_dags/example_sensors.py
[2025-03-29T21:30:13.948+0000] {processor.py:925} INFO - DAG(s) 'example_sensors' retrieved from /home/airflow/.local/lib/python3.12/site-packages/airflow/example_dags/example_sensors.py
[2025-03-29T21:30:14.016+0000] {logging_mixin.py:190} INFO - [2025-03-29T21:30:14.016+0000] {dag.py:3239} INFO - Sync 1 DAGs
[2025-03-29T21:30:14.042+0000] {logging_mixin.py:190} INFO - [2025-03-29T21:30:14.041+0000] {dag.py:4180} INFO - Setting next_dagrun for example_sensors to None, run_after=None
[2025-03-29T21:30:14.075+0000] {processor.py:208} INFO - Processing /home/airflow/.local/lib/python3.12/site-packages/airflow/example_dags/example_sensors.py took 0.172 seconds
[2025-03-29T21:30:44.726+0000] {processor.py:186} INFO - Started process (PID=373) to work on /home/airflow/.local/lib/python3.12/site-packages/airflow/example_dags/example_sensors.py
[2025-03-29T21:30:44.728+0000] {processor.py:914} INFO - Processing file /home/airflow/.local/lib/python3.12/site-packages/airflow/example_dags/example_sensors.py for tasks to queue
[2025-03-29T21:30:44.733+0000] {logging_mixin.py:190} INFO - [2025-03-29T21:30:44.733+0000] {dagbag.py:588} INFO - Filling up the DagBag from /home/airflow/.local/lib/python3.12/site-packages/airflow/example_dags/example_sensors.py
[2025-03-29T21:30:44.759+0000] {processor.py:925} INFO - DAG(s) 'example_sensors' retrieved from /home/airflow/.local/lib/python3.12/site-packages/airflow/example_dags/example_sensors.py
[2025-03-29T21:30:44.808+0000] {logging_mixin.py:190} INFO - [2025-03-29T21:30:44.808+0000] {dag.py:3239} INFO - Sync 1 DAGs
[2025-03-29T21:30:44.840+0000] {logging_mixin.py:190} INFO - [2025-03-29T21:30:44.839+0000] {dag.py:4180} INFO - Setting next_dagrun for example_sensors to None, run_after=None
[2025-03-29T21:30:44.890+0000] {processor.py:208} INFO - Processing /home/airflow/.local/lib/python3.12/site-packages/airflow/example_dags/example_sensors.py took 0.177 seconds
[2025-03-29T21:31:17.128+0000] {processor.py:186} INFO - Started process (PID=440) to work on /home/airflow/.local/lib/python3.12/site-packages/airflow/example_dags/example_sensors.py
[2025-03-29T21:31:17.133+0000] {processor.py:914} INFO - Processing file /home/airflow/.local/lib/python3.12/site-packages/airflow/example_dags/example_sensors.py for tasks to queue
[2025-03-29T21:31:17.147+0000] {logging_mixin.py:190} INFO - [2025-03-29T21:31:17.146+0000] {dagbag.py:588} INFO - Filling up the DagBag from /home/airflow/.local/lib/python3.12/site-packages/airflow/example_dags/example_sensors.py
[2025-03-29T21:31:17.198+0000] {processor.py:925} INFO - DAG(s) 'example_sensors' retrieved from /home/airflow/.local/lib/python3.12/site-packages/airflow/example_dags/example_sensors.py
[2025-03-29T21:31:17.256+0000] {logging_mixin.py:190} INFO - [2025-03-29T21:31:17.255+0000] {dag.py:3239} INFO - Sync 1 DAGs
[2025-03-29T21:31:17.295+0000] {logging_mixin.py:190} INFO - [2025-03-29T21:31:17.295+0000] {dag.py:4180} INFO - Setting next_dagrun for example_sensors to None, run_after=None
[2025-03-29T21:31:17.326+0000] {processor.py:208} INFO - Processing /home/airflow/.local/lib/python3.12/site-packages/airflow/example_dags/example_sensors.py took 0.219 seconds
[2025-03-29T21:31:48.287+0000] {processor.py:186} INFO - Started process (PID=507) to work on /home/airflow/.local/lib/python3.12/site-packages/airflow/example_dags/example_sensors.py
[2025-03-29T21:31:48.289+0000] {processor.py:914} INFO - Processing file /home/airflow/.local/lib/python3.12/site-packages/airflow/example_dags/example_sensors.py for tasks to queue
[2025-03-29T21:31:48.294+0000] {logging_mixin.py:190} INFO - [2025-03-29T21:31:48.293+0000] {dagbag.py:588} INFO - Filling up the DagBag from /home/airflow/.local/lib/python3.12/site-packages/airflow/example_dags/example_sensors.py
[2025-03-29T21:31:48.317+0000] {processor.py:925} INFO - DAG(s) 'example_sensors' retrieved from /home/airflow/.local/lib/python3.12/site-packages/airflow/example_dags/example_sensors.py
[2025-03-29T21:31:48.413+0000] {logging_mixin.py:190} INFO - [2025-03-29T21:31:48.413+0000] {dag.py:3239} INFO - Sync 1 DAGs
[2025-03-29T21:31:48.448+0000] {logging_mixin.py:190} INFO - [2025-03-29T21:31:48.448+0000] {dag.py:4180} INFO - Setting next_dagrun for example_sensors to None, run_after=None
[2025-03-29T21:31:48.489+0000] {processor.py:208} INFO - Processing /home/airflow/.local/lib/python3.12/site-packages/airflow/example_dags/example_sensors.py took 0.215 seconds
[2025-03-29T21:32:19.326+0000] {processor.py:186} INFO - Started process (PID=573) to work on /home/airflow/.local/lib/python3.12/site-packages/airflow/example_dags/example_sensors.py
[2025-03-29T21:32:19.328+0000] {processor.py:914} INFO - Processing file /home/airflow/.local/lib/python3.12/site-packages/airflow/example_dags/example_sensors.py for tasks to queue
[2025-03-29T21:32:19.332+0000] {logging_mixin.py:190} INFO - [2025-03-29T21:32:19.332+0000] {dagbag.py:588} INFO - Filling up the DagBag from /home/airflow/.local/lib/python3.12/site-packages/airflow/example_dags/example_sensors.py
[2025-03-29T21:32:19.362+0000] {processor.py:925} INFO - DAG(s) 'example_sensors' retrieved from /home/airflow/.local/lib/python3.12/site-packages/airflow/example_dags/example_sensors.py
[2025-03-29T21:32:19.428+0000] {logging_mixin.py:190} INFO - [2025-03-29T21:32:19.427+0000] {dag.py:3239} INFO - Sync 1 DAGs
[2025-03-29T21:32:19.462+0000] {logging_mixin.py:190} INFO - [2025-03-29T21:32:19.461+0000] {dag.py:4180} INFO - Setting next_dagrun for example_sensors to None, run_after=None
[2025-03-29T21:32:19.500+0000] {processor.py:208} INFO - Processing /home/airflow/.local/lib/python3.12/site-packages/airflow/example_dags/example_sensors.py took 0.187 seconds
[2025-03-29T21:32:49.768+0000] {processor.py:186} INFO - Started process (PID=640) to work on /home/airflow/.local/lib/python3.12/site-packages/airflow/example_dags/example_sensors.py
[2025-03-29T21:32:49.773+0000] {processor.py:914} INFO - Processing file /home/airflow/.local/lib/python3.12/site-packages/airflow/example_dags/example_sensors.py for tasks to queue
[2025-03-29T21:32:49.779+0000] {logging_mixin.py:190} INFO - [2025-03-29T21:32:49.778+0000] {dagbag.py:588} INFO - Filling up the DagBag from /home/airflow/.local/lib/python3.12/site-packages/airflow/example_dags/example_sensors.py
[2025-03-29T21:32:49.811+0000] {processor.py:925} INFO - DAG(s) 'example_sensors' retrieved from /home/airflow/.local/lib/python3.12/site-packages/airflow/example_dags/example_sensors.py
[2025-03-29T21:32:49.865+0000] {logging_mixin.py:190} INFO - [2025-03-29T21:32:49.864+0000] {dag.py:3239} INFO - Sync 1 DAGs
[2025-03-29T21:32:49.891+0000] {logging_mixin.py:190} INFO - [2025-03-29T21:32:49.890+0000] {dag.py:4180} INFO - Setting next_dagrun for example_sensors to None, run_after=None
[2025-03-29T21:32:49.918+0000] {processor.py:208} INFO - Processing /home/airflow/.local/lib/python3.12/site-packages/airflow/example_dags/example_sensors.py took 0.163 seconds
[2025-03-29T21:33:20.371+0000] {processor.py:186} INFO - Started process (PID=707) to work on /home/airflow/.local/lib/python3.12/site-packages/airflow/example_dags/example_sensors.py
[2025-03-29T21:33:20.373+0000] {processor.py:914} INFO - Processing file /home/airflow/.local/lib/python3.12/site-packages/airflow/example_dags/example_sensors.py for tasks to queue
[2025-03-29T21:33:20.379+0000] {logging_mixin.py:190} INFO - [2025-03-29T21:33:20.378+0000] {dagbag.py:588} INFO - Filling up the DagBag from /home/airflow/.local/lib/python3.12/site-packages/airflow/example_dags/example_sensors.py
[2025-03-29T21:33:20.403+0000] {processor.py:925} INFO - DAG(s) 'example_sensors' retrieved from /home/airflow/.local/lib/python3.12/site-packages/airflow/example_dags/example_sensors.py
[2025-03-29T21:33:20.457+0000] {logging_mixin.py:190} INFO - [2025-03-29T21:33:20.456+0000] {dag.py:3239} INFO - Sync 1 DAGs
[2025-03-29T21:33:20.482+0000] {logging_mixin.py:190} INFO - [2025-03-29T21:33:20.481+0000] {dag.py:4180} INFO - Setting next_dagrun for example_sensors to None, run_after=None
[2025-03-29T21:33:20.519+0000] {processor.py:208} INFO - Processing /home/airflow/.local/lib/python3.12/site-packages/airflow/example_dags/example_sensors.py took 0.165 seconds
[2025-03-29T21:33:51.458+0000] {processor.py:186} INFO - Started process (PID=774) to work on /home/airflow/.local/lib/python3.12/site-packages/airflow/example_dags/example_sensors.py
[2025-03-29T21:33:51.466+0000] {processor.py:914} INFO - Processing file /home/airflow/.local/lib/python3.12/site-packages/airflow/example_dags/example_sensors.py for tasks to queue
[2025-03-29T21:33:51.478+0000] {logging_mixin.py:190} INFO - [2025-03-29T21:33:51.475+0000] {dagbag.py:588} INFO - Filling up the DagBag from /home/airflow/.local/lib/python3.12/site-packages/airflow/example_dags/example_sensors.py
[2025-03-29T21:33:51.530+0000] {processor.py:925} INFO - DAG(s) 'example_sensors' retrieved from /home/airflow/.local/lib/python3.12/site-packages/airflow/example_dags/example_sensors.py
[2025-03-29T21:33:51.652+0000] {logging_mixin.py:190} INFO - [2025-03-29T21:33:51.650+0000] {dag.py:3239} INFO - Sync 1 DAGs
[2025-03-29T21:33:51.695+0000] {logging_mixin.py:190} INFO - [2025-03-29T21:33:51.694+0000] {dag.py:4180} INFO - Setting next_dagrun for example_sensors to None, run_after=None
[2025-03-29T21:33:51.780+0000] {processor.py:208} INFO - Processing /home/airflow/.local/lib/python3.12/site-packages/airflow/example_dags/example_sensors.py took 0.354 seconds
[2025-03-29T21:34:23.506+0000] {processor.py:186} INFO - Started process (PID=839) to work on /home/airflow/.local/lib/python3.12/site-packages/airflow/example_dags/example_sensors.py
[2025-03-29T21:34:23.511+0000] {processor.py:914} INFO - Processing file /home/airflow/.local/lib/python3.12/site-packages/airflow/example_dags/example_sensors.py for tasks to queue
[2025-03-29T21:34:23.524+0000] {logging_mixin.py:190} INFO - [2025-03-29T21:34:23.523+0000] {dagbag.py:588} INFO - Filling up the DagBag from /home/airflow/.local/lib/python3.12/site-packages/airflow/example_dags/example_sensors.py
[2025-03-29T21:34:23.594+0000] {processor.py:925} INFO - DAG(s) 'example_sensors' retrieved from /home/airflow/.local/lib/python3.12/site-packages/airflow/example_dags/example_sensors.py
[2025-03-29T21:34:23.713+0000] {logging_mixin.py:190} INFO - [2025-03-29T21:34:23.713+0000] {dag.py:3239} INFO - Sync 1 DAGs
[2025-03-29T21:34:23.771+0000] {logging_mixin.py:190} INFO - [2025-03-29T21:34:23.767+0000] {dag.py:4180} INFO - Setting next_dagrun for example_sensors to None, run_after=None
[2025-03-29T21:34:23.827+0000] {processor.py:208} INFO - Processing /home/airflow/.local/lib/python3.12/site-packages/airflow/example_dags/example_sensors.py took 0.369 seconds
[2025-03-29T21:34:55.682+0000] {processor.py:186} INFO - Started process (PID=906) to work on /home/airflow/.local/lib/python3.12/site-packages/airflow/example_dags/example_sensors.py
[2025-03-29T21:34:55.697+0000] {processor.py:914} INFO - Processing file /home/airflow/.local/lib/python3.12/site-packages/airflow/example_dags/example_sensors.py for tasks to queue
[2025-03-29T21:34:55.724+0000] {logging_mixin.py:190} INFO - [2025-03-29T21:34:55.714+0000] {dagbag.py:588} INFO - Filling up the DagBag from /home/airflow/.local/lib/python3.12/site-packages/airflow/example_dags/example_sensors.py
[2025-03-29T21:34:55.778+0000] {processor.py:925} INFO - DAG(s) 'example_sensors' retrieved from /home/airflow/.local/lib/python3.12/site-packages/airflow/example_dags/example_sensors.py
[2025-03-29T21:34:56.037+0000] {logging_mixin.py:190} INFO - [2025-03-29T21:34:56.037+0000] {dag.py:3239} INFO - Sync 1 DAGs
[2025-03-29T21:34:56.147+0000] {logging_mixin.py:190} INFO - [2025-03-29T21:34:56.144+0000] {dag.py:4180} INFO - Setting next_dagrun for example_sensors to None, run_after=None
[2025-03-29T21:34:56.254+0000] {processor.py:208} INFO - Processing /home/airflow/.local/lib/python3.12/site-packages/airflow/example_dags/example_sensors.py took 0.646 seconds
[2025-03-29T21:49:49.529+0000] {processor.py:186} INFO - Started process (PID=110) to work on /home/airflow/.local/lib/python3.12/site-packages/airflow/example_dags/example_sensors.py
[2025-03-29T21:49:49.537+0000] {processor.py:914} INFO - Processing file /home/airflow/.local/lib/python3.12/site-packages/airflow/example_dags/example_sensors.py for tasks to queue
[2025-03-29T21:49:49.554+0000] {logging_mixin.py:190} INFO - [2025-03-29T21:49:49.553+0000] {dagbag.py:588} INFO - Filling up the DagBag from /home/airflow/.local/lib/python3.12/site-packages/airflow/example_dags/example_sensors.py
[2025-03-29T21:49:49.655+0000] {processor.py:925} INFO - DAG(s) 'example_sensors' retrieved from /home/airflow/.local/lib/python3.12/site-packages/airflow/example_dags/example_sensors.py
[2025-03-29T21:49:50.186+0000] {logging_mixin.py:190} INFO - [2025-03-29T21:49:50.181+0000] {override.py:1912} INFO - Created Permission View: can read on DAG:example_sensors
[2025-03-29T21:49:50.221+0000] {logging_mixin.py:190} INFO - [2025-03-29T21:49:50.218+0000] {override.py:1912} INFO - Created Permission View: can delete on DAG:example_sensors
[2025-03-29T21:49:50.256+0000] {logging_mixin.py:190} INFO - [2025-03-29T21:49:50.256+0000] {override.py:1912} INFO - Created Permission View: can edit on DAG:example_sensors
[2025-03-29T21:49:50.307+0000] {logging_mixin.py:190} INFO - [2025-03-29T21:49:50.307+0000] {override.py:1912} INFO - Created Permission View: can read on DAG Run:example_sensors
[2025-03-29T21:49:50.359+0000] {logging_mixin.py:190} INFO - [2025-03-29T21:49:50.357+0000] {override.py:1912} INFO - Created Permission View: can delete on DAG Run:example_sensors
[2025-03-29T21:49:50.414+0000] {logging_mixin.py:190} INFO - [2025-03-29T21:49:50.410+0000] {override.py:1912} INFO - Created Permission View: can create on DAG Run:example_sensors
[2025-03-29T21:49:50.438+0000] {logging_mixin.py:190} INFO - [2025-03-29T21:49:50.437+0000] {override.py:1912} INFO - Created Permission View: menu access on DAG Run:example_sensors
[2025-03-29T21:49:50.439+0000] {logging_mixin.py:190} INFO - [2025-03-29T21:49:50.438+0000] {dag.py:3239} INFO - Sync 1 DAGs
[2025-03-29T21:49:50.484+0000] {logging_mixin.py:190} INFO - [2025-03-29T21:49:50.484+0000] {dag.py:3262} INFO - Creating ORM DAG for example_sensors
[2025-03-29T21:49:50.488+0000] {logging_mixin.py:190} INFO - [2025-03-29T21:49:50.487+0000] {dag.py:4180} INFO - Setting next_dagrun for example_sensors to None, run_after=None
[2025-03-29T21:49:50.550+0000] {processor.py:208} INFO - Processing /home/airflow/.local/lib/python3.12/site-packages/airflow/example_dags/example_sensors.py took 1.066 seconds
[2025-03-29T21:50:20.998+0000] {processor.py:186} INFO - Started process (PID=176) to work on /home/airflow/.local/lib/python3.12/site-packages/airflow/example_dags/example_sensors.py
[2025-03-29T21:50:21.000+0000] {processor.py:914} INFO - Processing file /home/airflow/.local/lib/python3.12/site-packages/airflow/example_dags/example_sensors.py for tasks to queue
[2025-03-29T21:50:21.005+0000] {logging_mixin.py:190} INFO - [2025-03-29T21:50:21.004+0000] {dagbag.py:588} INFO - Filling up the DagBag from /home/airflow/.local/lib/python3.12/site-packages/airflow/example_dags/example_sensors.py
[2025-03-29T21:50:21.029+0000] {processor.py:925} INFO - DAG(s) 'example_sensors' retrieved from /home/airflow/.local/lib/python3.12/site-packages/airflow/example_dags/example_sensors.py
[2025-03-29T21:50:21.089+0000] {logging_mixin.py:190} INFO - [2025-03-29T21:50:21.089+0000] {dag.py:3239} INFO - Sync 1 DAGs
[2025-03-29T21:50:21.114+0000] {logging_mixin.py:190} INFO - [2025-03-29T21:50:21.113+0000] {dag.py:4180} INFO - Setting next_dagrun for example_sensors to None, run_after=None
[2025-03-29T21:50:21.145+0000] {processor.py:208} INFO - Processing /home/airflow/.local/lib/python3.12/site-packages/airflow/example_dags/example_sensors.py took 0.160 seconds
[2025-03-29T21:50:51.403+0000] {processor.py:186} INFO - Started process (PID=243) to work on /home/airflow/.local/lib/python3.12/site-packages/airflow/example_dags/example_sensors.py
[2025-03-29T21:50:51.404+0000] {processor.py:914} INFO - Processing file /home/airflow/.local/lib/python3.12/site-packages/airflow/example_dags/example_sensors.py for tasks to queue
[2025-03-29T21:50:51.409+0000] {logging_mixin.py:190} INFO - [2025-03-29T21:50:51.408+0000] {dagbag.py:588} INFO - Filling up the DagBag from /home/airflow/.local/lib/python3.12/site-packages/airflow/example_dags/example_sensors.py
[2025-03-29T21:50:51.433+0000] {processor.py:925} INFO - DAG(s) 'example_sensors' retrieved from /home/airflow/.local/lib/python3.12/site-packages/airflow/example_dags/example_sensors.py
[2025-03-29T21:50:51.499+0000] {logging_mixin.py:190} INFO - [2025-03-29T21:50:51.499+0000] {dag.py:3239} INFO - Sync 1 DAGs
[2025-03-29T21:50:51.530+0000] {logging_mixin.py:190} INFO - [2025-03-29T21:50:51.530+0000] {dag.py:4180} INFO - Setting next_dagrun for example_sensors to None, run_after=None
[2025-03-29T21:50:51.558+0000] {processor.py:208} INFO - Processing /home/airflow/.local/lib/python3.12/site-packages/airflow/example_dags/example_sensors.py took 0.169 seconds
[2025-03-29T21:51:21.898+0000] {processor.py:186} INFO - Started process (PID=309) to work on /home/airflow/.local/lib/python3.12/site-packages/airflow/example_dags/example_sensors.py
[2025-03-29T21:51:21.900+0000] {processor.py:914} INFO - Processing file /home/airflow/.local/lib/python3.12/site-packages/airflow/example_dags/example_sensors.py for tasks to queue
[2025-03-29T21:51:21.904+0000] {logging_mixin.py:190} INFO - [2025-03-29T21:51:21.904+0000] {dagbag.py:588} INFO - Filling up the DagBag from /home/airflow/.local/lib/python3.12/site-packages/airflow/example_dags/example_sensors.py
[2025-03-29T21:51:21.926+0000] {processor.py:925} INFO - DAG(s) 'example_sensors' retrieved from /home/airflow/.local/lib/python3.12/site-packages/airflow/example_dags/example_sensors.py
[2025-03-29T21:51:21.974+0000] {logging_mixin.py:190} INFO - [2025-03-29T21:51:21.974+0000] {dag.py:3239} INFO - Sync 1 DAGs
[2025-03-29T21:51:21.999+0000] {logging_mixin.py:190} INFO - [2025-03-29T21:51:21.998+0000] {dag.py:4180} INFO - Setting next_dagrun for example_sensors to None, run_after=None
[2025-03-29T21:51:22.026+0000] {processor.py:208} INFO - Processing /home/airflow/.local/lib/python3.12/site-packages/airflow/example_dags/example_sensors.py took 0.140 seconds
[2025-03-29T21:51:52.601+0000] {processor.py:186} INFO - Started process (PID=375) to work on /home/airflow/.local/lib/python3.12/site-packages/airflow/example_dags/example_sensors.py
[2025-03-29T21:51:52.603+0000] {processor.py:914} INFO - Processing file /home/airflow/.local/lib/python3.12/site-packages/airflow/example_dags/example_sensors.py for tasks to queue
[2025-03-29T21:51:52.613+0000] {logging_mixin.py:190} INFO - [2025-03-29T21:51:52.612+0000] {dagbag.py:588} INFO - Filling up the DagBag from /home/airflow/.local/lib/python3.12/site-packages/airflow/example_dags/example_sensors.py
[2025-03-29T21:51:52.657+0000] {processor.py:925} INFO - DAG(s) 'example_sensors' retrieved from /home/airflow/.local/lib/python3.12/site-packages/airflow/example_dags/example_sensors.py
[2025-03-29T21:51:52.717+0000] {logging_mixin.py:190} INFO - [2025-03-29T21:51:52.717+0000] {dag.py:3239} INFO - Sync 1 DAGs
[2025-03-29T21:51:52.744+0000] {logging_mixin.py:190} INFO - [2025-03-29T21:51:52.743+0000] {dag.py:4180} INFO - Setting next_dagrun for example_sensors to None, run_after=None
[2025-03-29T21:51:52.788+0000] {processor.py:208} INFO - Processing /home/airflow/.local/lib/python3.12/site-packages/airflow/example_dags/example_sensors.py took 0.211 seconds
[2025-03-29T21:52:24.408+0000] {processor.py:186} INFO - Started process (PID=442) to work on /home/airflow/.local/lib/python3.12/site-packages/airflow/example_dags/example_sensors.py
[2025-03-29T21:52:24.410+0000] {processor.py:914} INFO - Processing file /home/airflow/.local/lib/python3.12/site-packages/airflow/example_dags/example_sensors.py for tasks to queue
[2025-03-29T21:52:24.416+0000] {logging_mixin.py:190} INFO - [2025-03-29T21:52:24.416+0000] {dagbag.py:588} INFO - Filling up the DagBag from /home/airflow/.local/lib/python3.12/site-packages/airflow/example_dags/example_sensors.py
[2025-03-29T21:52:24.445+0000] {processor.py:925} INFO - DAG(s) 'example_sensors' retrieved from /home/airflow/.local/lib/python3.12/site-packages/airflow/example_dags/example_sensors.py
[2025-03-29T21:52:24.512+0000] {logging_mixin.py:190} INFO - [2025-03-29T21:52:24.511+0000] {dag.py:3239} INFO - Sync 1 DAGs
[2025-03-29T21:52:24.555+0000] {logging_mixin.py:190} INFO - [2025-03-29T21:52:24.555+0000] {dag.py:4180} INFO - Setting next_dagrun for example_sensors to None, run_after=None
[2025-03-29T21:52:24.588+0000] {processor.py:208} INFO - Processing /home/airflow/.local/lib/python3.12/site-packages/airflow/example_dags/example_sensors.py took 0.193 seconds
[2025-03-29T21:52:55.806+0000] {processor.py:186} INFO - Started process (PID=509) to work on /home/airflow/.local/lib/python3.12/site-packages/airflow/example_dags/example_sensors.py
[2025-03-29T21:52:55.809+0000] {processor.py:914} INFO - Processing file /home/airflow/.local/lib/python3.12/site-packages/airflow/example_dags/example_sensors.py for tasks to queue
[2025-03-29T21:52:55.815+0000] {logging_mixin.py:190} INFO - [2025-03-29T21:52:55.814+0000] {dagbag.py:588} INFO - Filling up the DagBag from /home/airflow/.local/lib/python3.12/site-packages/airflow/example_dags/example_sensors.py
[2025-03-29T21:52:55.857+0000] {processor.py:925} INFO - DAG(s) 'example_sensors' retrieved from /home/airflow/.local/lib/python3.12/site-packages/airflow/example_dags/example_sensors.py
[2025-03-29T21:52:55.925+0000] {logging_mixin.py:190} INFO - [2025-03-29T21:52:55.925+0000] {dag.py:3239} INFO - Sync 1 DAGs
[2025-03-29T21:52:55.958+0000] {logging_mixin.py:190} INFO - [2025-03-29T21:52:55.958+0000] {dag.py:4180} INFO - Setting next_dagrun for example_sensors to None, run_after=None
[2025-03-29T21:52:55.993+0000] {processor.py:208} INFO - Processing /home/airflow/.local/lib/python3.12/site-packages/airflow/example_dags/example_sensors.py took 0.203 seconds
[2025-03-29T21:53:26.563+0000] {processor.py:186} INFO - Started process (PID=576) to work on /home/airflow/.local/lib/python3.12/site-packages/airflow/example_dags/example_sensors.py
[2025-03-29T21:53:26.567+0000] {processor.py:914} INFO - Processing file /home/airflow/.local/lib/python3.12/site-packages/airflow/example_dags/example_sensors.py for tasks to queue
[2025-03-29T21:53:26.575+0000] {logging_mixin.py:190} INFO - [2025-03-29T21:53:26.575+0000] {dagbag.py:588} INFO - Filling up the DagBag from /home/airflow/.local/lib/python3.12/site-packages/airflow/example_dags/example_sensors.py
[2025-03-29T21:53:26.603+0000] {processor.py:925} INFO - DAG(s) 'example_sensors' retrieved from /home/airflow/.local/lib/python3.12/site-packages/airflow/example_dags/example_sensors.py
[2025-03-29T21:53:26.670+0000] {logging_mixin.py:190} INFO - [2025-03-29T21:53:26.670+0000] {dag.py:3239} INFO - Sync 1 DAGs
[2025-03-29T21:53:26.699+0000] {logging_mixin.py:190} INFO - [2025-03-29T21:53:26.698+0000] {dag.py:4180} INFO - Setting next_dagrun for example_sensors to None, run_after=None
[2025-03-29T21:53:26.726+0000] {processor.py:208} INFO - Processing /home/airflow/.local/lib/python3.12/site-packages/airflow/example_dags/example_sensors.py took 0.181 seconds
[2025-03-29T21:53:57.625+0000] {processor.py:186} INFO - Started process (PID=642) to work on /home/airflow/.local/lib/python3.12/site-packages/airflow/example_dags/example_sensors.py
[2025-03-29T21:53:57.630+0000] {processor.py:914} INFO - Processing file /home/airflow/.local/lib/python3.12/site-packages/airflow/example_dags/example_sensors.py for tasks to queue
[2025-03-29T21:53:57.641+0000] {logging_mixin.py:190} INFO - [2025-03-29T21:53:57.637+0000] {dagbag.py:588} INFO - Filling up the DagBag from /home/airflow/.local/lib/python3.12/site-packages/airflow/example_dags/example_sensors.py
[2025-03-29T21:53:57.677+0000] {processor.py:925} INFO - DAG(s) 'example_sensors' retrieved from /home/airflow/.local/lib/python3.12/site-packages/airflow/example_dags/example_sensors.py
[2025-03-29T21:53:57.752+0000] {logging_mixin.py:190} INFO - [2025-03-29T21:53:57.751+0000] {dag.py:3239} INFO - Sync 1 DAGs
[2025-03-29T21:53:57.810+0000] {logging_mixin.py:190} INFO - [2025-03-29T21:53:57.810+0000] {dag.py:4180} INFO - Setting next_dagrun for example_sensors to None, run_after=None
[2025-03-29T21:53:57.860+0000] {processor.py:208} INFO - Processing /home/airflow/.local/lib/python3.12/site-packages/airflow/example_dags/example_sensors.py took 0.260 seconds
[2025-03-29T21:54:28.891+0000] {processor.py:186} INFO - Started process (PID=714) to work on /home/airflow/.local/lib/python3.12/site-packages/airflow/example_dags/example_sensors.py
[2025-03-29T21:54:28.895+0000] {processor.py:914} INFO - Processing file /home/airflow/.local/lib/python3.12/site-packages/airflow/example_dags/example_sensors.py for tasks to queue
[2025-03-29T21:54:28.906+0000] {logging_mixin.py:190} INFO - [2025-03-29T21:54:28.904+0000] {dagbag.py:588} INFO - Filling up the DagBag from /home/airflow/.local/lib/python3.12/site-packages/airflow/example_dags/example_sensors.py
[2025-03-29T21:54:28.934+0000] {processor.py:925} INFO - DAG(s) 'example_sensors' retrieved from /home/airflow/.local/lib/python3.12/site-packages/airflow/example_dags/example_sensors.py
[2025-03-29T21:54:28.993+0000] {logging_mixin.py:190} INFO - [2025-03-29T21:54:28.992+0000] {dag.py:3239} INFO - Sync 1 DAGs
[2025-03-29T21:54:29.025+0000] {logging_mixin.py:190} INFO - [2025-03-29T21:54:29.025+0000] {dag.py:4180} INFO - Setting next_dagrun for example_sensors to None, run_after=None
[2025-03-29T21:54:29.068+0000] {processor.py:208} INFO - Processing /home/airflow/.local/lib/python3.12/site-packages/airflow/example_dags/example_sensors.py took 0.202 seconds
[2025-03-29T23:13:57.692+0000] {processor.py:186} INFO - Started process (PID=113) to work on /home/airflow/.local/lib/python3.12/site-packages/airflow/example_dags/example_sensors.py
[2025-03-29T23:13:57.700+0000] {processor.py:914} INFO - Processing file /home/airflow/.local/lib/python3.12/site-packages/airflow/example_dags/example_sensors.py for tasks to queue
[2025-03-29T23:13:57.718+0000] {logging_mixin.py:190} INFO - [2025-03-29T23:13:57.714+0000] {dagbag.py:588} INFO - Filling up the DagBag from /home/airflow/.local/lib/python3.12/site-packages/airflow/example_dags/example_sensors.py
[2025-03-29T23:13:57.748+0000] {processor.py:925} INFO - DAG(s) 'example_sensors' retrieved from /home/airflow/.local/lib/python3.12/site-packages/airflow/example_dags/example_sensors.py
[2025-03-29T23:13:58.158+0000] {logging_mixin.py:190} INFO - [2025-03-29T23:13:58.156+0000] {override.py:1912} INFO - Created Permission View: can delete on DAG:example_sensors
[2025-03-29T23:13:58.188+0000] {logging_mixin.py:190} INFO - [2025-03-29T23:13:58.188+0000] {override.py:1912} INFO - Created Permission View: can edit on DAG:example_sensors
[2025-03-29T23:13:58.197+0000] {logging_mixin.py:190} INFO - [2025-03-29T23:13:58.196+0000] {override.py:1912} INFO - Created Permission View: can read on DAG:example_sensors
[2025-03-29T23:13:58.206+0000] {logging_mixin.py:190} INFO - [2025-03-29T23:13:58.205+0000] {override.py:1912} INFO - Created Permission View: can create on DAG Run:example_sensors
[2025-03-29T23:13:58.214+0000] {logging_mixin.py:190} INFO - [2025-03-29T23:13:58.213+0000] {override.py:1912} INFO - Created Permission View: can delete on DAG Run:example_sensors
[2025-03-29T23:13:58.222+0000] {logging_mixin.py:190} INFO - [2025-03-29T23:13:58.221+0000] {override.py:1912} INFO - Created Permission View: menu access on DAG Run:example_sensors
[2025-03-29T23:13:58.230+0000] {logging_mixin.py:190} INFO - [2025-03-29T23:13:58.229+0000] {override.py:1912} INFO - Created Permission View: can read on DAG Run:example_sensors
[2025-03-29T23:13:58.230+0000] {logging_mixin.py:190} INFO - [2025-03-29T23:13:58.230+0000] {dag.py:3239} INFO - Sync 1 DAGs
[2025-03-29T23:13:58.251+0000] {logging_mixin.py:190} INFO - [2025-03-29T23:13:58.251+0000] {dag.py:3262} INFO - Creating ORM DAG for example_sensors
[2025-03-29T23:13:58.252+0000] {logging_mixin.py:190} INFO - [2025-03-29T23:13:58.252+0000] {dag.py:4180} INFO - Setting next_dagrun for example_sensors to None, run_after=None
[2025-03-29T23:13:58.277+0000] {processor.py:208} INFO - Processing /home/airflow/.local/lib/python3.12/site-packages/airflow/example_dags/example_sensors.py took 0.597 seconds
[2025-03-29T23:14:28.873+0000] {processor.py:186} INFO - Started process (PID=180) to work on /home/airflow/.local/lib/python3.12/site-packages/airflow/example_dags/example_sensors.py
[2025-03-29T23:14:28.875+0000] {processor.py:914} INFO - Processing file /home/airflow/.local/lib/python3.12/site-packages/airflow/example_dags/example_sensors.py for tasks to queue
[2025-03-29T23:14:28.880+0000] {logging_mixin.py:190} INFO - [2025-03-29T23:14:28.879+0000] {dagbag.py:588} INFO - Filling up the DagBag from /home/airflow/.local/lib/python3.12/site-packages/airflow/example_dags/example_sensors.py
[2025-03-29T23:14:28.904+0000] {processor.py:925} INFO - DAG(s) 'example_sensors' retrieved from /home/airflow/.local/lib/python3.12/site-packages/airflow/example_dags/example_sensors.py
[2025-03-29T23:14:28.962+0000] {logging_mixin.py:190} INFO - [2025-03-29T23:14:28.961+0000] {dag.py:3239} INFO - Sync 1 DAGs
[2025-03-29T23:14:28.987+0000] {logging_mixin.py:190} INFO - [2025-03-29T23:14:28.987+0000] {dag.py:4180} INFO - Setting next_dagrun for example_sensors to None, run_after=None
[2025-03-29T23:14:29.022+0000] {processor.py:208} INFO - Processing /home/airflow/.local/lib/python3.12/site-packages/airflow/example_dags/example_sensors.py took 0.166 seconds
[2025-03-29T23:14:59.120+0000] {processor.py:186} INFO - Started process (PID=245) to work on /home/airflow/.local/lib/python3.12/site-packages/airflow/example_dags/example_sensors.py
[2025-03-29T23:14:59.122+0000] {processor.py:914} INFO - Processing file /home/airflow/.local/lib/python3.12/site-packages/airflow/example_dags/example_sensors.py for tasks to queue
[2025-03-29T23:14:59.127+0000] {logging_mixin.py:190} INFO - [2025-03-29T23:14:59.127+0000] {dagbag.py:588} INFO - Filling up the DagBag from /home/airflow/.local/lib/python3.12/site-packages/airflow/example_dags/example_sensors.py
[2025-03-29T23:14:59.151+0000] {processor.py:925} INFO - DAG(s) 'example_sensors' retrieved from /home/airflow/.local/lib/python3.12/site-packages/airflow/example_dags/example_sensors.py
[2025-03-29T23:14:59.212+0000] {logging_mixin.py:190} INFO - [2025-03-29T23:14:59.212+0000] {dag.py:3239} INFO - Sync 1 DAGs
[2025-03-29T23:14:59.241+0000] {logging_mixin.py:190} INFO - [2025-03-29T23:14:59.240+0000] {dag.py:4180} INFO - Setting next_dagrun for example_sensors to None, run_after=None
[2025-03-29T23:14:59.272+0000] {processor.py:208} INFO - Processing /home/airflow/.local/lib/python3.12/site-packages/airflow/example_dags/example_sensors.py took 0.166 seconds
[2025-03-29T23:15:31.308+0000] {processor.py:186} INFO - Started process (PID=312) to work on /home/airflow/.local/lib/python3.12/site-packages/airflow/example_dags/example_sensors.py
[2025-03-29T23:15:31.320+0000] {processor.py:914} INFO - Processing file /home/airflow/.local/lib/python3.12/site-packages/airflow/example_dags/example_sensors.py for tasks to queue
[2025-03-29T23:15:31.331+0000] {logging_mixin.py:190} INFO - [2025-03-29T23:15:31.330+0000] {dagbag.py:588} INFO - Filling up the DagBag from /home/airflow/.local/lib/python3.12/site-packages/airflow/example_dags/example_sensors.py
[2025-03-29T23:15:31.429+0000] {processor.py:925} INFO - DAG(s) 'example_sensors' retrieved from /home/airflow/.local/lib/python3.12/site-packages/airflow/example_dags/example_sensors.py
[2025-03-29T23:15:31.523+0000] {logging_mixin.py:190} INFO - [2025-03-29T23:15:31.523+0000] {dag.py:3239} INFO - Sync 1 DAGs
[2025-03-29T23:15:31.579+0000] {logging_mixin.py:190} INFO - [2025-03-29T23:15:31.578+0000] {dag.py:4180} INFO - Setting next_dagrun for example_sensors to None, run_after=None
[2025-03-29T23:15:31.705+0000] {processor.py:208} INFO - Processing /home/airflow/.local/lib/python3.12/site-packages/airflow/example_dags/example_sensors.py took 0.449 seconds
[2025-03-29T23:16:04.979+0000] {processor.py:186} INFO - Started process (PID=379) to work on /home/airflow/.local/lib/python3.12/site-packages/airflow/example_dags/example_sensors.py
[2025-03-29T23:16:04.988+0000] {processor.py:914} INFO - Processing file /home/airflow/.local/lib/python3.12/site-packages/airflow/example_dags/example_sensors.py for tasks to queue
[2025-03-29T23:16:04.993+0000] {logging_mixin.py:190} INFO - [2025-03-29T23:16:04.993+0000] {dagbag.py:588} INFO - Filling up the DagBag from /home/airflow/.local/lib/python3.12/site-packages/airflow/example_dags/example_sensors.py
[2025-03-29T23:16:05.036+0000] {processor.py:925} INFO - DAG(s) 'example_sensors' retrieved from /home/airflow/.local/lib/python3.12/site-packages/airflow/example_dags/example_sensors.py
[2025-03-29T23:16:05.228+0000] {logging_mixin.py:190} INFO - [2025-03-29T23:16:05.223+0000] {dag.py:3239} INFO - Sync 1 DAGs
[2025-03-29T23:16:05.315+0000] {logging_mixin.py:190} INFO - [2025-03-29T23:16:05.307+0000] {dag.py:4180} INFO - Setting next_dagrun for example_sensors to None, run_after=None
[2025-03-29T23:16:05.496+0000] {processor.py:208} INFO - Processing /home/airflow/.local/lib/python3.12/site-packages/airflow/example_dags/example_sensors.py took 0.542 seconds
[2025-03-29T23:16:36.321+0000] {processor.py:186} INFO - Started process (PID=446) to work on /home/airflow/.local/lib/python3.12/site-packages/airflow/example_dags/example_sensors.py
[2025-03-29T23:16:36.323+0000] {processor.py:914} INFO - Processing file /home/airflow/.local/lib/python3.12/site-packages/airflow/example_dags/example_sensors.py for tasks to queue
[2025-03-29T23:16:36.328+0000] {logging_mixin.py:190} INFO - [2025-03-29T23:16:36.327+0000] {dagbag.py:588} INFO - Filling up the DagBag from /home/airflow/.local/lib/python3.12/site-packages/airflow/example_dags/example_sensors.py
[2025-03-29T23:16:36.362+0000] {processor.py:925} INFO - DAG(s) 'example_sensors' retrieved from /home/airflow/.local/lib/python3.12/site-packages/airflow/example_dags/example_sensors.py
[2025-03-29T23:16:36.426+0000] {logging_mixin.py:190} INFO - [2025-03-29T23:16:36.425+0000] {dag.py:3239} INFO - Sync 1 DAGs
[2025-03-29T23:16:36.458+0000] {logging_mixin.py:190} INFO - [2025-03-29T23:16:36.458+0000] {dag.py:4180} INFO - Setting next_dagrun for example_sensors to None, run_after=None
[2025-03-29T23:16:36.520+0000] {processor.py:208} INFO - Processing /home/airflow/.local/lib/python3.12/site-packages/airflow/example_dags/example_sensors.py took 0.216 seconds
[2025-03-29T23:17:07.031+0000] {processor.py:186} INFO - Started process (PID=519) to work on /home/airflow/.local/lib/python3.12/site-packages/airflow/example_dags/example_sensors.py
[2025-03-29T23:17:07.034+0000] {processor.py:914} INFO - Processing file /home/airflow/.local/lib/python3.12/site-packages/airflow/example_dags/example_sensors.py for tasks to queue
[2025-03-29T23:17:07.039+0000] {logging_mixin.py:190} INFO - [2025-03-29T23:17:07.039+0000] {dagbag.py:588} INFO - Filling up the DagBag from /home/airflow/.local/lib/python3.12/site-packages/airflow/example_dags/example_sensors.py
[2025-03-29T23:17:07.064+0000] {processor.py:925} INFO - DAG(s) 'example_sensors' retrieved from /home/airflow/.local/lib/python3.12/site-packages/airflow/example_dags/example_sensors.py
[2025-03-29T23:17:07.114+0000] {logging_mixin.py:190} INFO - [2025-03-29T23:17:07.114+0000] {dag.py:3239} INFO - Sync 1 DAGs
[2025-03-29T23:17:07.142+0000] {logging_mixin.py:190} INFO - [2025-03-29T23:17:07.142+0000] {dag.py:4180} INFO - Setting next_dagrun for example_sensors to None, run_after=None
[2025-03-29T23:17:07.173+0000] {processor.py:208} INFO - Processing /home/airflow/.local/lib/python3.12/site-packages/airflow/example_dags/example_sensors.py took 0.160 seconds
[2025-03-29T23:34:32.228+0000] {processor.py:186} INFO - Started process (PID=110) to work on /home/airflow/.local/lib/python3.12/site-packages/airflow/example_dags/example_sensors.py
[2025-03-29T23:34:32.236+0000] {processor.py:914} INFO - Processing file /home/airflow/.local/lib/python3.12/site-packages/airflow/example_dags/example_sensors.py for tasks to queue
[2025-03-29T23:34:32.254+0000] {logging_mixin.py:190} INFO - [2025-03-29T23:34:32.249+0000] {dagbag.py:588} INFO - Filling up the DagBag from /home/airflow/.local/lib/python3.12/site-packages/airflow/example_dags/example_sensors.py
[2025-03-29T23:34:32.382+0000] {processor.py:925} INFO - DAG(s) 'example_sensors' retrieved from /home/airflow/.local/lib/python3.12/site-packages/airflow/example_dags/example_sensors.py
[2025-03-29T23:34:32.868+0000] {logging_mixin.py:190} INFO - [2025-03-29T23:34:32.865+0000] {override.py:1912} INFO - Created Permission View: can read on DAG:example_sensors
[2025-03-29T23:34:32.906+0000] {logging_mixin.py:190} INFO - [2025-03-29T23:34:32.905+0000] {override.py:1912} INFO - Created Permission View: can delete on DAG:example_sensors
[2025-03-29T23:34:32.929+0000] {logging_mixin.py:190} INFO - [2025-03-29T23:34:32.929+0000] {override.py:1912} INFO - Created Permission View: can edit on DAG:example_sensors
[2025-03-29T23:34:32.951+0000] {logging_mixin.py:190} INFO - [2025-03-29T23:34:32.950+0000] {override.py:1912} INFO - Created Permission View: can create on DAG Run:example_sensors
[2025-03-29T23:34:32.972+0000] {logging_mixin.py:190} INFO - [2025-03-29T23:34:32.970+0000] {override.py:1912} INFO - Created Permission View: menu access on DAG Run:example_sensors
[2025-03-29T23:34:32.991+0000] {logging_mixin.py:190} INFO - [2025-03-29T23:34:32.989+0000] {override.py:1912} INFO - Created Permission View: can read on DAG Run:example_sensors
[2025-03-29T23:34:33.015+0000] {logging_mixin.py:190} INFO - [2025-03-29T23:34:33.015+0000] {override.py:1912} INFO - Created Permission View: can delete on DAG Run:example_sensors
[2025-03-29T23:34:33.016+0000] {logging_mixin.py:190} INFO - [2025-03-29T23:34:33.016+0000] {dag.py:3239} INFO - Sync 1 DAGs
[2025-03-29T23:34:33.042+0000] {logging_mixin.py:190} INFO - [2025-03-29T23:34:33.041+0000] {dag.py:3262} INFO - Creating ORM DAG for example_sensors
[2025-03-29T23:34:33.043+0000] {logging_mixin.py:190} INFO - [2025-03-29T23:34:33.043+0000] {dag.py:4180} INFO - Setting next_dagrun for example_sensors to None, run_after=None
[2025-03-29T23:34:33.077+0000] {processor.py:208} INFO - Processing /home/airflow/.local/lib/python3.12/site-packages/airflow/example_dags/example_sensors.py took 0.875 seconds
[2025-03-29T23:35:04.022+0000] {processor.py:186} INFO - Started process (PID=177) to work on /home/airflow/.local/lib/python3.12/site-packages/airflow/example_dags/example_sensors.py
[2025-03-29T23:35:04.025+0000] {processor.py:914} INFO - Processing file /home/airflow/.local/lib/python3.12/site-packages/airflow/example_dags/example_sensors.py for tasks to queue
[2025-03-29T23:35:04.031+0000] {logging_mixin.py:190} INFO - [2025-03-29T23:35:04.030+0000] {dagbag.py:588} INFO - Filling up the DagBag from /home/airflow/.local/lib/python3.12/site-packages/airflow/example_dags/example_sensors.py
[2025-03-29T23:35:04.059+0000] {processor.py:925} INFO - DAG(s) 'example_sensors' retrieved from /home/airflow/.local/lib/python3.12/site-packages/airflow/example_dags/example_sensors.py
[2025-03-29T23:35:04.132+0000] {logging_mixin.py:190} INFO - [2025-03-29T23:35:04.132+0000] {dag.py:3239} INFO - Sync 1 DAGs
[2025-03-29T23:35:04.158+0000] {logging_mixin.py:190} INFO - [2025-03-29T23:35:04.158+0000] {dag.py:4180} INFO - Setting next_dagrun for example_sensors to None, run_after=None
[2025-03-29T23:35:04.193+0000] {processor.py:208} INFO - Processing /home/airflow/.local/lib/python3.12/site-packages/airflow/example_dags/example_sensors.py took 0.195 seconds
[2025-03-29T23:35:34.514+0000] {processor.py:186} INFO - Started process (PID=244) to work on /home/airflow/.local/lib/python3.12/site-packages/airflow/example_dags/example_sensors.py
[2025-03-29T23:35:34.516+0000] {processor.py:914} INFO - Processing file /home/airflow/.local/lib/python3.12/site-packages/airflow/example_dags/example_sensors.py for tasks to queue
[2025-03-29T23:35:34.521+0000] {logging_mixin.py:190} INFO - [2025-03-29T23:35:34.521+0000] {dagbag.py:588} INFO - Filling up the DagBag from /home/airflow/.local/lib/python3.12/site-packages/airflow/example_dags/example_sensors.py
[2025-03-29T23:35:34.544+0000] {processor.py:925} INFO - DAG(s) 'example_sensors' retrieved from /home/airflow/.local/lib/python3.12/site-packages/airflow/example_dags/example_sensors.py
[2025-03-29T23:35:34.603+0000] {logging_mixin.py:190} INFO - [2025-03-29T23:35:34.602+0000] {dag.py:3239} INFO - Sync 1 DAGs
[2025-03-29T23:35:34.629+0000] {logging_mixin.py:190} INFO - [2025-03-29T23:35:34.629+0000] {dag.py:4180} INFO - Setting next_dagrun for example_sensors to None, run_after=None
[2025-03-29T23:35:34.664+0000] {processor.py:208} INFO - Processing /home/airflow/.local/lib/python3.12/site-packages/airflow/example_dags/example_sensors.py took 0.165 seconds
[2025-03-29T23:36:05.084+0000] {processor.py:186} INFO - Started process (PID=310) to work on /home/airflow/.local/lib/python3.12/site-packages/airflow/example_dags/example_sensors.py
[2025-03-29T23:36:05.087+0000] {processor.py:914} INFO - Processing file /home/airflow/.local/lib/python3.12/site-packages/airflow/example_dags/example_sensors.py for tasks to queue
[2025-03-29T23:36:05.093+0000] {logging_mixin.py:190} INFO - [2025-03-29T23:36:05.092+0000] {dagbag.py:588} INFO - Filling up the DagBag from /home/airflow/.local/lib/python3.12/site-packages/airflow/example_dags/example_sensors.py
[2025-03-29T23:36:05.127+0000] {processor.py:925} INFO - DAG(s) 'example_sensors' retrieved from /home/airflow/.local/lib/python3.12/site-packages/airflow/example_dags/example_sensors.py
[2025-03-29T23:36:05.192+0000] {logging_mixin.py:190} INFO - [2025-03-29T23:36:05.192+0000] {dag.py:3239} INFO - Sync 1 DAGs
[2025-03-29T23:36:05.216+0000] {logging_mixin.py:190} INFO - [2025-03-29T23:36:05.216+0000] {dag.py:4180} INFO - Setting next_dagrun for example_sensors to None, run_after=None
[2025-03-29T23:36:05.250+0000] {processor.py:208} INFO - Processing /home/airflow/.local/lib/python3.12/site-packages/airflow/example_dags/example_sensors.py took 0.181 seconds
[2025-03-29T23:36:35.384+0000] {processor.py:186} INFO - Started process (PID=377) to work on /home/airflow/.local/lib/python3.12/site-packages/airflow/example_dags/example_sensors.py
[2025-03-29T23:36:35.386+0000] {processor.py:914} INFO - Processing file /home/airflow/.local/lib/python3.12/site-packages/airflow/example_dags/example_sensors.py for tasks to queue
[2025-03-29T23:36:35.391+0000] {logging_mixin.py:190} INFO - [2025-03-29T23:36:35.391+0000] {dagbag.py:588} INFO - Filling up the DagBag from /home/airflow/.local/lib/python3.12/site-packages/airflow/example_dags/example_sensors.py
[2025-03-29T23:36:35.421+0000] {processor.py:925} INFO - DAG(s) 'example_sensors' retrieved from /home/airflow/.local/lib/python3.12/site-packages/airflow/example_dags/example_sensors.py
[2025-03-29T23:36:35.477+0000] {logging_mixin.py:190} INFO - [2025-03-29T23:36:35.476+0000] {dag.py:3239} INFO - Sync 1 DAGs
[2025-03-29T23:36:35.504+0000] {logging_mixin.py:190} INFO - [2025-03-29T23:36:35.504+0000] {dag.py:4180} INFO - Setting next_dagrun for example_sensors to None, run_after=None
[2025-03-29T23:36:35.534+0000] {processor.py:208} INFO - Processing /home/airflow/.local/lib/python3.12/site-packages/airflow/example_dags/example_sensors.py took 0.164 seconds
[2025-03-29T23:37:05.928+0000] {processor.py:186} INFO - Started process (PID=444) to work on /home/airflow/.local/lib/python3.12/site-packages/airflow/example_dags/example_sensors.py
[2025-03-29T23:37:05.930+0000] {processor.py:914} INFO - Processing file /home/airflow/.local/lib/python3.12/site-packages/airflow/example_dags/example_sensors.py for tasks to queue
[2025-03-29T23:37:05.936+0000] {logging_mixin.py:190} INFO - [2025-03-29T23:37:05.935+0000] {dagbag.py:588} INFO - Filling up the DagBag from /home/airflow/.local/lib/python3.12/site-packages/airflow/example_dags/example_sensors.py
[2025-03-29T23:37:05.963+0000] {processor.py:925} INFO - DAG(s) 'example_sensors' retrieved from /home/airflow/.local/lib/python3.12/site-packages/airflow/example_dags/example_sensors.py
[2025-03-29T23:37:06.028+0000] {logging_mixin.py:190} INFO - [2025-03-29T23:37:06.028+0000] {dag.py:3239} INFO - Sync 1 DAGs
[2025-03-29T23:37:06.053+0000] {logging_mixin.py:190} INFO - [2025-03-29T23:37:06.053+0000] {dag.py:4180} INFO - Setting next_dagrun for example_sensors to None, run_after=None
[2025-03-29T23:37:06.091+0000] {processor.py:208} INFO - Processing /home/airflow/.local/lib/python3.12/site-packages/airflow/example_dags/example_sensors.py took 0.178 seconds
[2025-03-29T23:37:36.977+0000] {processor.py:186} INFO - Started process (PID=511) to work on /home/airflow/.local/lib/python3.12/site-packages/airflow/example_dags/example_sensors.py
[2025-03-29T23:37:36.981+0000] {processor.py:914} INFO - Processing file /home/airflow/.local/lib/python3.12/site-packages/airflow/example_dags/example_sensors.py for tasks to queue
[2025-03-29T23:37:36.992+0000] {logging_mixin.py:190} INFO - [2025-03-29T23:37:36.992+0000] {dagbag.py:588} INFO - Filling up the DagBag from /home/airflow/.local/lib/python3.12/site-packages/airflow/example_dags/example_sensors.py
[2025-03-29T23:37:37.033+0000] {processor.py:925} INFO - DAG(s) 'example_sensors' retrieved from /home/airflow/.local/lib/python3.12/site-packages/airflow/example_dags/example_sensors.py
[2025-03-29T23:37:37.140+0000] {logging_mixin.py:190} INFO - [2025-03-29T23:37:37.139+0000] {dag.py:3239} INFO - Sync 1 DAGs
[2025-03-29T23:37:37.221+0000] {logging_mixin.py:190} INFO - [2025-03-29T23:37:37.218+0000] {dag.py:4180} INFO - Setting next_dagrun for example_sensors to None, run_after=None
[2025-03-29T23:37:37.270+0000] {processor.py:208} INFO - Processing /home/airflow/.local/lib/python3.12/site-packages/airflow/example_dags/example_sensors.py took 0.322 seconds
[2025-03-29T23:38:07.430+0000] {processor.py:186} INFO - Started process (PID=577) to work on /home/airflow/.local/lib/python3.12/site-packages/airflow/example_dags/example_sensors.py
[2025-03-29T23:38:07.433+0000] {processor.py:914} INFO - Processing file /home/airflow/.local/lib/python3.12/site-packages/airflow/example_dags/example_sensors.py for tasks to queue
[2025-03-29T23:38:07.438+0000] {logging_mixin.py:190} INFO - [2025-03-29T23:38:07.437+0000] {dagbag.py:588} INFO - Filling up the DagBag from /home/airflow/.local/lib/python3.12/site-packages/airflow/example_dags/example_sensors.py
[2025-03-29T23:38:07.463+0000] {processor.py:925} INFO - DAG(s) 'example_sensors' retrieved from /home/airflow/.local/lib/python3.12/site-packages/airflow/example_dags/example_sensors.py
[2025-03-29T23:38:07.520+0000] {logging_mixin.py:190} INFO - [2025-03-29T23:38:07.520+0000] {dag.py:3239} INFO - Sync 1 DAGs
[2025-03-29T23:38:07.545+0000] {logging_mixin.py:190} INFO - [2025-03-29T23:38:07.544+0000] {dag.py:4180} INFO - Setting next_dagrun for example_sensors to None, run_after=None
[2025-03-29T23:38:07.572+0000] {processor.py:208} INFO - Processing /home/airflow/.local/lib/python3.12/site-packages/airflow/example_dags/example_sensors.py took 0.156 seconds
[2025-03-29T23:38:37.905+0000] {processor.py:186} INFO - Started process (PID=644) to work on /home/airflow/.local/lib/python3.12/site-packages/airflow/example_dags/example_sensors.py
[2025-03-29T23:38:37.907+0000] {processor.py:914} INFO - Processing file /home/airflow/.local/lib/python3.12/site-packages/airflow/example_dags/example_sensors.py for tasks to queue
[2025-03-29T23:38:37.912+0000] {logging_mixin.py:190} INFO - [2025-03-29T23:38:37.911+0000] {dagbag.py:588} INFO - Filling up the DagBag from /home/airflow/.local/lib/python3.12/site-packages/airflow/example_dags/example_sensors.py
[2025-03-29T23:38:37.935+0000] {processor.py:925} INFO - DAG(s) 'example_sensors' retrieved from /home/airflow/.local/lib/python3.12/site-packages/airflow/example_dags/example_sensors.py
[2025-03-29T23:38:37.988+0000] {logging_mixin.py:190} INFO - [2025-03-29T23:38:37.987+0000] {dag.py:3239} INFO - Sync 1 DAGs
[2025-03-29T23:38:38.014+0000] {logging_mixin.py:190} INFO - [2025-03-29T23:38:38.014+0000] {dag.py:4180} INFO - Setting next_dagrun for example_sensors to None, run_after=None
[2025-03-29T23:38:38.048+0000] {processor.py:208} INFO - Processing /home/airflow/.local/lib/python3.12/site-packages/airflow/example_dags/example_sensors.py took 0.158 seconds
[2025-03-29T23:39:08.772+0000] {processor.py:186} INFO - Started process (PID=711) to work on /home/airflow/.local/lib/python3.12/site-packages/airflow/example_dags/example_sensors.py
[2025-03-29T23:39:08.775+0000] {processor.py:914} INFO - Processing file /home/airflow/.local/lib/python3.12/site-packages/airflow/example_dags/example_sensors.py for tasks to queue
[2025-03-29T23:39:08.780+0000] {logging_mixin.py:190} INFO - [2025-03-29T23:39:08.779+0000] {dagbag.py:588} INFO - Filling up the DagBag from /home/airflow/.local/lib/python3.12/site-packages/airflow/example_dags/example_sensors.py
[2025-03-29T23:39:08.802+0000] {processor.py:925} INFO - DAG(s) 'example_sensors' retrieved from /home/airflow/.local/lib/python3.12/site-packages/airflow/example_dags/example_sensors.py
[2025-03-29T23:39:08.864+0000] {logging_mixin.py:190} INFO - [2025-03-29T23:39:08.863+0000] {dag.py:3239} INFO - Sync 1 DAGs
[2025-03-29T23:39:08.893+0000] {logging_mixin.py:190} INFO - [2025-03-29T23:39:08.893+0000] {dag.py:4180} INFO - Setting next_dagrun for example_sensors to None, run_after=None
[2025-03-29T23:39:08.927+0000] {processor.py:208} INFO - Processing /home/airflow/.local/lib/python3.12/site-packages/airflow/example_dags/example_sensors.py took 0.170 seconds
[2025-03-29T23:39:40.372+0000] {processor.py:186} INFO - Started process (PID=778) to work on /home/airflow/.local/lib/python3.12/site-packages/airflow/example_dags/example_sensors.py
[2025-03-29T23:39:40.374+0000] {processor.py:914} INFO - Processing file /home/airflow/.local/lib/python3.12/site-packages/airflow/example_dags/example_sensors.py for tasks to queue
[2025-03-29T23:39:40.380+0000] {logging_mixin.py:190} INFO - [2025-03-29T23:39:40.379+0000] {dagbag.py:588} INFO - Filling up the DagBag from /home/airflow/.local/lib/python3.12/site-packages/airflow/example_dags/example_sensors.py
[2025-03-29T23:39:40.405+0000] {processor.py:925} INFO - DAG(s) 'example_sensors' retrieved from /home/airflow/.local/lib/python3.12/site-packages/airflow/example_dags/example_sensors.py
[2025-03-29T23:39:40.467+0000] {logging_mixin.py:190} INFO - [2025-03-29T23:39:40.467+0000] {dag.py:3239} INFO - Sync 1 DAGs
[2025-03-29T23:39:40.492+0000] {logging_mixin.py:190} INFO - [2025-03-29T23:39:40.492+0000] {dag.py:4180} INFO - Setting next_dagrun for example_sensors to None, run_after=None
[2025-03-29T23:39:40.521+0000] {processor.py:208} INFO - Processing /home/airflow/.local/lib/python3.12/site-packages/airflow/example_dags/example_sensors.py took 0.165 seconds
[2025-03-29T23:40:11.130+0000] {processor.py:186} INFO - Started process (PID=844) to work on /home/airflow/.local/lib/python3.12/site-packages/airflow/example_dags/example_sensors.py
[2025-03-29T23:40:11.133+0000] {processor.py:914} INFO - Processing file /home/airflow/.local/lib/python3.12/site-packages/airflow/example_dags/example_sensors.py for tasks to queue
[2025-03-29T23:40:11.140+0000] {logging_mixin.py:190} INFO - [2025-03-29T23:40:11.138+0000] {dagbag.py:588} INFO - Filling up the DagBag from /home/airflow/.local/lib/python3.12/site-packages/airflow/example_dags/example_sensors.py
[2025-03-29T23:40:11.171+0000] {processor.py:925} INFO - DAG(s) 'example_sensors' retrieved from /home/airflow/.local/lib/python3.12/site-packages/airflow/example_dags/example_sensors.py
[2025-03-29T23:40:11.223+0000] {logging_mixin.py:190} INFO - [2025-03-29T23:40:11.222+0000] {dag.py:3239} INFO - Sync 1 DAGs
[2025-03-29T23:40:11.249+0000] {logging_mixin.py:190} INFO - [2025-03-29T23:40:11.249+0000] {dag.py:4180} INFO - Setting next_dagrun for example_sensors to None, run_after=None
[2025-03-29T23:40:11.294+0000] {processor.py:208} INFO - Processing /home/airflow/.local/lib/python3.12/site-packages/airflow/example_dags/example_sensors.py took 0.180 seconds
[2025-03-29T23:40:44.512+0000] {processor.py:186} INFO - Started process (PID=911) to work on /home/airflow/.local/lib/python3.12/site-packages/airflow/example_dags/example_sensors.py
[2025-03-29T23:40:44.514+0000] {processor.py:914} INFO - Processing file /home/airflow/.local/lib/python3.12/site-packages/airflow/example_dags/example_sensors.py for tasks to queue
[2025-03-29T23:40:44.522+0000] {logging_mixin.py:190} INFO - [2025-03-29T23:40:44.520+0000] {dagbag.py:588} INFO - Filling up the DagBag from /home/airflow/.local/lib/python3.12/site-packages/airflow/example_dags/example_sensors.py
[2025-03-29T23:40:44.550+0000] {processor.py:925} INFO - DAG(s) 'example_sensors' retrieved from /home/airflow/.local/lib/python3.12/site-packages/airflow/example_dags/example_sensors.py
[2025-03-29T23:40:44.604+0000] {logging_mixin.py:190} INFO - [2025-03-29T23:40:44.604+0000] {dag.py:3239} INFO - Sync 1 DAGs
[2025-03-29T23:40:44.633+0000] {logging_mixin.py:190} INFO - [2025-03-29T23:40:44.633+0000] {dag.py:4180} INFO - Setting next_dagrun for example_sensors to None, run_after=None
[2025-03-29T23:40:44.665+0000] {processor.py:208} INFO - Processing /home/airflow/.local/lib/python3.12/site-packages/airflow/example_dags/example_sensors.py took 0.181 seconds
[2025-03-29T23:41:18.508+0000] {processor.py:186} INFO - Started process (PID=983) to work on /home/airflow/.local/lib/python3.12/site-packages/airflow/example_dags/example_sensors.py
[2025-03-29T23:41:18.511+0000] {processor.py:914} INFO - Processing file /home/airflow/.local/lib/python3.12/site-packages/airflow/example_dags/example_sensors.py for tasks to queue
[2025-03-29T23:41:18.517+0000] {logging_mixin.py:190} INFO - [2025-03-29T23:41:18.516+0000] {dagbag.py:588} INFO - Filling up the DagBag from /home/airflow/.local/lib/python3.12/site-packages/airflow/example_dags/example_sensors.py
[2025-03-29T23:41:18.544+0000] {processor.py:925} INFO - DAG(s) 'example_sensors' retrieved from /home/airflow/.local/lib/python3.12/site-packages/airflow/example_dags/example_sensors.py
[2025-03-29T23:41:18.598+0000] {logging_mixin.py:190} INFO - [2025-03-29T23:41:18.598+0000] {dag.py:3239} INFO - Sync 1 DAGs
[2025-03-29T23:41:18.625+0000] {logging_mixin.py:190} INFO - [2025-03-29T23:41:18.625+0000] {dag.py:4180} INFO - Setting next_dagrun for example_sensors to None, run_after=None
[2025-03-29T23:41:18.655+0000] {processor.py:208} INFO - Processing /home/airflow/.local/lib/python3.12/site-packages/airflow/example_dags/example_sensors.py took 0.163 seconds
[2025-03-29T23:41:49.462+0000] {processor.py:186} INFO - Started process (PID=1050) to work on /home/airflow/.local/lib/python3.12/site-packages/airflow/example_dags/example_sensors.py
[2025-03-29T23:41:49.465+0000] {processor.py:914} INFO - Processing file /home/airflow/.local/lib/python3.12/site-packages/airflow/example_dags/example_sensors.py for tasks to queue
[2025-03-29T23:41:49.474+0000] {logging_mixin.py:190} INFO - [2025-03-29T23:41:49.473+0000] {dagbag.py:588} INFO - Filling up the DagBag from /home/airflow/.local/lib/python3.12/site-packages/airflow/example_dags/example_sensors.py
[2025-03-29T23:41:49.508+0000] {processor.py:925} INFO - DAG(s) 'example_sensors' retrieved from /home/airflow/.local/lib/python3.12/site-packages/airflow/example_dags/example_sensors.py
[2025-03-29T23:41:49.585+0000] {logging_mixin.py:190} INFO - [2025-03-29T23:41:49.584+0000] {dag.py:3239} INFO - Sync 1 DAGs
[2025-03-29T23:41:49.617+0000] {logging_mixin.py:190} INFO - [2025-03-29T23:41:49.617+0000] {dag.py:4180} INFO - Setting next_dagrun for example_sensors to None, run_after=None
[2025-03-29T23:41:49.651+0000] {processor.py:208} INFO - Processing /home/airflow/.local/lib/python3.12/site-packages/airflow/example_dags/example_sensors.py took 0.206 seconds
[2025-03-29T23:42:19.806+0000] {processor.py:186} INFO - Started process (PID=1117) to work on /home/airflow/.local/lib/python3.12/site-packages/airflow/example_dags/example_sensors.py
[2025-03-29T23:42:19.809+0000] {processor.py:914} INFO - Processing file /home/airflow/.local/lib/python3.12/site-packages/airflow/example_dags/example_sensors.py for tasks to queue
[2025-03-29T23:42:19.815+0000] {logging_mixin.py:190} INFO - [2025-03-29T23:42:19.814+0000] {dagbag.py:588} INFO - Filling up the DagBag from /home/airflow/.local/lib/python3.12/site-packages/airflow/example_dags/example_sensors.py
[2025-03-29T23:42:19.842+0000] {processor.py:925} INFO - DAG(s) 'example_sensors' retrieved from /home/airflow/.local/lib/python3.12/site-packages/airflow/example_dags/example_sensors.py
[2025-03-29T23:42:19.895+0000] {logging_mixin.py:190} INFO - [2025-03-29T23:42:19.894+0000] {dag.py:3239} INFO - Sync 1 DAGs
[2025-03-29T23:42:19.921+0000] {logging_mixin.py:190} INFO - [2025-03-29T23:42:19.921+0000] {dag.py:4180} INFO - Setting next_dagrun for example_sensors to None, run_after=None
[2025-03-29T23:42:19.959+0000] {processor.py:208} INFO - Processing /home/airflow/.local/lib/python3.12/site-packages/airflow/example_dags/example_sensors.py took 0.167 seconds
[2025-03-29T23:42:51.374+0000] {processor.py:186} INFO - Started process (PID=1184) to work on /home/airflow/.local/lib/python3.12/site-packages/airflow/example_dags/example_sensors.py
[2025-03-29T23:42:51.376+0000] {processor.py:914} INFO - Processing file /home/airflow/.local/lib/python3.12/site-packages/airflow/example_dags/example_sensors.py for tasks to queue
[2025-03-29T23:42:51.380+0000] {logging_mixin.py:190} INFO - [2025-03-29T23:42:51.379+0000] {dagbag.py:588} INFO - Filling up the DagBag from /home/airflow/.local/lib/python3.12/site-packages/airflow/example_dags/example_sensors.py
[2025-03-29T23:42:51.403+0000] {processor.py:925} INFO - DAG(s) 'example_sensors' retrieved from /home/airflow/.local/lib/python3.12/site-packages/airflow/example_dags/example_sensors.py
[2025-03-29T23:42:51.451+0000] {logging_mixin.py:190} INFO - [2025-03-29T23:42:51.451+0000] {dag.py:3239} INFO - Sync 1 DAGs
[2025-03-29T23:42:51.479+0000] {logging_mixin.py:190} INFO - [2025-03-29T23:42:51.478+0000] {dag.py:4180} INFO - Setting next_dagrun for example_sensors to None, run_after=None
[2025-03-29T23:42:51.507+0000] {processor.py:208} INFO - Processing /home/airflow/.local/lib/python3.12/site-packages/airflow/example_dags/example_sensors.py took 0.146 seconds
[2025-03-29T23:43:23.488+0000] {processor.py:186} INFO - Started process (PID=1252) to work on /home/airflow/.local/lib/python3.12/site-packages/airflow/example_dags/example_sensors.py
[2025-03-29T23:43:23.491+0000] {processor.py:914} INFO - Processing file /home/airflow/.local/lib/python3.12/site-packages/airflow/example_dags/example_sensors.py for tasks to queue
[2025-03-29T23:43:23.498+0000] {logging_mixin.py:190} INFO - [2025-03-29T23:43:23.497+0000] {dagbag.py:588} INFO - Filling up the DagBag from /home/airflow/.local/lib/python3.12/site-packages/airflow/example_dags/example_sensors.py
[2025-03-29T23:43:23.533+0000] {processor.py:925} INFO - DAG(s) 'example_sensors' retrieved from /home/airflow/.local/lib/python3.12/site-packages/airflow/example_dags/example_sensors.py
[2025-03-29T23:43:23.582+0000] {logging_mixin.py:190} INFO - [2025-03-29T23:43:23.581+0000] {dag.py:3239} INFO - Sync 1 DAGs
[2025-03-29T23:43:23.608+0000] {logging_mixin.py:190} INFO - [2025-03-29T23:43:23.608+0000] {dag.py:4180} INFO - Setting next_dagrun for example_sensors to None, run_after=None
[2025-03-29T23:43:23.641+0000] {processor.py:208} INFO - Processing /home/airflow/.local/lib/python3.12/site-packages/airflow/example_dags/example_sensors.py took 0.171 seconds
[2025-03-29T23:43:55.215+0000] {processor.py:186} INFO - Started process (PID=1319) to work on /home/airflow/.local/lib/python3.12/site-packages/airflow/example_dags/example_sensors.py
[2025-03-29T23:43:55.217+0000] {processor.py:914} INFO - Processing file /home/airflow/.local/lib/python3.12/site-packages/airflow/example_dags/example_sensors.py for tasks to queue
[2025-03-29T23:43:55.222+0000] {logging_mixin.py:190} INFO - [2025-03-29T23:43:55.221+0000] {dagbag.py:588} INFO - Filling up the DagBag from /home/airflow/.local/lib/python3.12/site-packages/airflow/example_dags/example_sensors.py
[2025-03-29T23:43:55.244+0000] {processor.py:925} INFO - DAG(s) 'example_sensors' retrieved from /home/airflow/.local/lib/python3.12/site-packages/airflow/example_dags/example_sensors.py
[2025-03-29T23:43:55.332+0000] {logging_mixin.py:190} INFO - [2025-03-29T23:43:55.331+0000] {dag.py:3239} INFO - Sync 1 DAGs
[2025-03-29T23:43:55.364+0000] {logging_mixin.py:190} INFO - [2025-03-29T23:43:55.364+0000] {dag.py:4180} INFO - Setting next_dagrun for example_sensors to None, run_after=None
[2025-03-29T23:43:55.400+0000] {processor.py:208} INFO - Processing /home/airflow/.local/lib/python3.12/site-packages/airflow/example_dags/example_sensors.py took 0.199 seconds
[2025-03-29T23:44:29.626+0000] {processor.py:186} INFO - Started process (PID=1388) to work on /home/airflow/.local/lib/python3.12/site-packages/airflow/example_dags/example_sensors.py
[2025-03-29T23:44:29.629+0000] {processor.py:914} INFO - Processing file /home/airflow/.local/lib/python3.12/site-packages/airflow/example_dags/example_sensors.py for tasks to queue
[2025-03-29T23:44:29.634+0000] {logging_mixin.py:190} INFO - [2025-03-29T23:44:29.633+0000] {dagbag.py:588} INFO - Filling up the DagBag from /home/airflow/.local/lib/python3.12/site-packages/airflow/example_dags/example_sensors.py
[2025-03-29T23:44:29.656+0000] {processor.py:925} INFO - DAG(s) 'example_sensors' retrieved from /home/airflow/.local/lib/python3.12/site-packages/airflow/example_dags/example_sensors.py
[2025-03-29T23:44:29.709+0000] {logging_mixin.py:190} INFO - [2025-03-29T23:44:29.708+0000] {dag.py:3239} INFO - Sync 1 DAGs
[2025-03-29T23:44:29.735+0000] {logging_mixin.py:190} INFO - [2025-03-29T23:44:29.734+0000] {dag.py:4180} INFO - Setting next_dagrun for example_sensors to None, run_after=None
[2025-03-29T23:44:29.765+0000] {processor.py:208} INFO - Processing /home/airflow/.local/lib/python3.12/site-packages/airflow/example_dags/example_sensors.py took 0.153 seconds
[2025-03-29T23:45:07.149+0000] {processor.py:186} INFO - Started process (PID=1455) to work on /home/airflow/.local/lib/python3.12/site-packages/airflow/example_dags/example_sensors.py
[2025-03-29T23:45:07.155+0000] {processor.py:914} INFO - Processing file /home/airflow/.local/lib/python3.12/site-packages/airflow/example_dags/example_sensors.py for tasks to queue
[2025-03-29T23:45:07.174+0000] {logging_mixin.py:190} INFO - [2025-03-29T23:45:07.171+0000] {dagbag.py:588} INFO - Filling up the DagBag from /home/airflow/.local/lib/python3.12/site-packages/airflow/example_dags/example_sensors.py
[2025-03-29T23:45:07.254+0000] {processor.py:925} INFO - DAG(s) 'example_sensors' retrieved from /home/airflow/.local/lib/python3.12/site-packages/airflow/example_dags/example_sensors.py
[2025-03-29T23:45:07.370+0000] {logging_mixin.py:190} INFO - [2025-03-29T23:45:07.369+0000] {dag.py:3239} INFO - Sync 1 DAGs
[2025-03-29T23:45:07.421+0000] {logging_mixin.py:190} INFO - [2025-03-29T23:45:07.420+0000] {dag.py:4180} INFO - Setting next_dagrun for example_sensors to None, run_after=None
[2025-03-29T23:45:07.504+0000] {processor.py:208} INFO - Processing /home/airflow/.local/lib/python3.12/site-packages/airflow/example_dags/example_sensors.py took 0.445 seconds
[2025-03-29T23:45:39.086+0000] {processor.py:186} INFO - Started process (PID=1525) to work on /home/airflow/.local/lib/python3.12/site-packages/airflow/example_dags/example_sensors.py
[2025-03-29T23:45:39.092+0000] {processor.py:914} INFO - Processing file /home/airflow/.local/lib/python3.12/site-packages/airflow/example_dags/example_sensors.py for tasks to queue
[2025-03-29T23:45:39.102+0000] {logging_mixin.py:190} INFO - [2025-03-29T23:45:39.101+0000] {dagbag.py:588} INFO - Filling up the DagBag from /home/airflow/.local/lib/python3.12/site-packages/airflow/example_dags/example_sensors.py
[2025-03-29T23:45:39.144+0000] {processor.py:925} INFO - DAG(s) 'example_sensors' retrieved from /home/airflow/.local/lib/python3.12/site-packages/airflow/example_dags/example_sensors.py
[2025-03-29T23:45:39.303+0000] {logging_mixin.py:190} INFO - [2025-03-29T23:45:39.303+0000] {dag.py:3239} INFO - Sync 1 DAGs
[2025-03-29T23:45:39.330+0000] {logging_mixin.py:190} INFO - [2025-03-29T23:45:39.330+0000] {dag.py:4180} INFO - Setting next_dagrun for example_sensors to None, run_after=None
[2025-03-29T23:45:39.360+0000] {processor.py:208} INFO - Processing /home/airflow/.local/lib/python3.12/site-packages/airflow/example_dags/example_sensors.py took 0.293 seconds
[2025-03-29T23:46:09.583+0000] {processor.py:186} INFO - Started process (PID=1592) to work on /home/airflow/.local/lib/python3.12/site-packages/airflow/example_dags/example_sensors.py
[2025-03-29T23:46:09.584+0000] {processor.py:914} INFO - Processing file /home/airflow/.local/lib/python3.12/site-packages/airflow/example_dags/example_sensors.py for tasks to queue
[2025-03-29T23:46:09.590+0000] {logging_mixin.py:190} INFO - [2025-03-29T23:46:09.589+0000] {dagbag.py:588} INFO - Filling up the DagBag from /home/airflow/.local/lib/python3.12/site-packages/airflow/example_dags/example_sensors.py
[2025-03-29T23:46:09.612+0000] {processor.py:925} INFO - DAG(s) 'example_sensors' retrieved from /home/airflow/.local/lib/python3.12/site-packages/airflow/example_dags/example_sensors.py
[2025-03-29T23:46:09.663+0000] {logging_mixin.py:190} INFO - [2025-03-29T23:46:09.663+0000] {dag.py:3239} INFO - Sync 1 DAGs
[2025-03-29T23:46:09.691+0000] {logging_mixin.py:190} INFO - [2025-03-29T23:46:09.691+0000] {dag.py:4180} INFO - Setting next_dagrun for example_sensors to None, run_after=None
[2025-03-29T23:46:09.724+0000] {processor.py:208} INFO - Processing /home/airflow/.local/lib/python3.12/site-packages/airflow/example_dags/example_sensors.py took 0.158 seconds
[2025-03-29T23:46:40.014+0000] {processor.py:186} INFO - Started process (PID=1659) to work on /home/airflow/.local/lib/python3.12/site-packages/airflow/example_dags/example_sensors.py
[2025-03-29T23:46:40.016+0000] {processor.py:914} INFO - Processing file /home/airflow/.local/lib/python3.12/site-packages/airflow/example_dags/example_sensors.py for tasks to queue
[2025-03-29T23:46:40.021+0000] {logging_mixin.py:190} INFO - [2025-03-29T23:46:40.021+0000] {dagbag.py:588} INFO - Filling up the DagBag from /home/airflow/.local/lib/python3.12/site-packages/airflow/example_dags/example_sensors.py
[2025-03-29T23:46:40.047+0000] {processor.py:925} INFO - DAG(s) 'example_sensors' retrieved from /home/airflow/.local/lib/python3.12/site-packages/airflow/example_dags/example_sensors.py
[2025-03-29T23:46:40.104+0000] {logging_mixin.py:190} INFO - [2025-03-29T23:46:40.104+0000] {dag.py:3239} INFO - Sync 1 DAGs
[2025-03-29T23:46:40.135+0000] {logging_mixin.py:190} INFO - [2025-03-29T23:46:40.135+0000] {dag.py:4180} INFO - Setting next_dagrun for example_sensors to None, run_after=None
[2025-03-29T23:46:40.166+0000] {processor.py:208} INFO - Processing /home/airflow/.local/lib/python3.12/site-packages/airflow/example_dags/example_sensors.py took 0.169 seconds
[2025-03-29T23:47:10.295+0000] {processor.py:186} INFO - Started process (PID=1726) to work on /home/airflow/.local/lib/python3.12/site-packages/airflow/example_dags/example_sensors.py
[2025-03-29T23:47:10.298+0000] {processor.py:914} INFO - Processing file /home/airflow/.local/lib/python3.12/site-packages/airflow/example_dags/example_sensors.py for tasks to queue
[2025-03-29T23:47:10.304+0000] {logging_mixin.py:190} INFO - [2025-03-29T23:47:10.304+0000] {dagbag.py:588} INFO - Filling up the DagBag from /home/airflow/.local/lib/python3.12/site-packages/airflow/example_dags/example_sensors.py
[2025-03-29T23:47:10.339+0000] {processor.py:925} INFO - DAG(s) 'example_sensors' retrieved from /home/airflow/.local/lib/python3.12/site-packages/airflow/example_dags/example_sensors.py
[2025-03-29T23:47:10.397+0000] {logging_mixin.py:190} INFO - [2025-03-29T23:47:10.396+0000] {dag.py:3239} INFO - Sync 1 DAGs
[2025-03-29T23:47:10.432+0000] {logging_mixin.py:190} INFO - [2025-03-29T23:47:10.431+0000] {dag.py:4180} INFO - Setting next_dagrun for example_sensors to None, run_after=None
[2025-03-29T23:47:10.464+0000] {processor.py:208} INFO - Processing /home/airflow/.local/lib/python3.12/site-packages/airflow/example_dags/example_sensors.py took 0.188 seconds
[2025-03-29T23:47:42.737+0000] {processor.py:186} INFO - Started process (PID=1793) to work on /home/airflow/.local/lib/python3.12/site-packages/airflow/example_dags/example_sensors.py
[2025-03-29T23:47:42.739+0000] {processor.py:914} INFO - Processing file /home/airflow/.local/lib/python3.12/site-packages/airflow/example_dags/example_sensors.py for tasks to queue
[2025-03-29T23:47:42.744+0000] {logging_mixin.py:190} INFO - [2025-03-29T23:47:42.744+0000] {dagbag.py:588} INFO - Filling up the DagBag from /home/airflow/.local/lib/python3.12/site-packages/airflow/example_dags/example_sensors.py
[2025-03-29T23:47:42.767+0000] {processor.py:925} INFO - DAG(s) 'example_sensors' retrieved from /home/airflow/.local/lib/python3.12/site-packages/airflow/example_dags/example_sensors.py
[2025-03-29T23:47:42.820+0000] {logging_mixin.py:190} INFO - [2025-03-29T23:47:42.820+0000] {dag.py:3239} INFO - Sync 1 DAGs
[2025-03-29T23:47:42.847+0000] {logging_mixin.py:190} INFO - [2025-03-29T23:47:42.846+0000] {dag.py:4180} INFO - Setting next_dagrun for example_sensors to None, run_after=None
[2025-03-29T23:47:42.883+0000] {processor.py:208} INFO - Processing /home/airflow/.local/lib/python3.12/site-packages/airflow/example_dags/example_sensors.py took 0.159 seconds
[2025-03-29T23:48:17.095+0000] {processor.py:186} INFO - Started process (PID=1868) to work on /home/airflow/.local/lib/python3.12/site-packages/airflow/example_dags/example_sensors.py
[2025-03-29T23:48:17.097+0000] {processor.py:914} INFO - Processing file /home/airflow/.local/lib/python3.12/site-packages/airflow/example_dags/example_sensors.py for tasks to queue
[2025-03-29T23:48:17.101+0000] {logging_mixin.py:190} INFO - [2025-03-29T23:48:17.101+0000] {dagbag.py:588} INFO - Filling up the DagBag from /home/airflow/.local/lib/python3.12/site-packages/airflow/example_dags/example_sensors.py
[2025-03-29T23:48:17.128+0000] {processor.py:925} INFO - DAG(s) 'example_sensors' retrieved from /home/airflow/.local/lib/python3.12/site-packages/airflow/example_dags/example_sensors.py
[2025-03-29T23:48:17.186+0000] {logging_mixin.py:190} INFO - [2025-03-29T23:48:17.185+0000] {dag.py:3239} INFO - Sync 1 DAGs
[2025-03-29T23:48:17.212+0000] {logging_mixin.py:190} INFO - [2025-03-29T23:48:17.212+0000] {dag.py:4180} INFO - Setting next_dagrun for example_sensors to None, run_after=None
[2025-03-29T23:48:17.252+0000] {processor.py:208} INFO - Processing /home/airflow/.local/lib/python3.12/site-packages/airflow/example_dags/example_sensors.py took 0.170 seconds
[2025-03-29T23:48:51.746+0000] {processor.py:186} INFO - Started process (PID=1943) to work on /home/airflow/.local/lib/python3.12/site-packages/airflow/example_dags/example_sensors.py
[2025-03-29T23:48:51.748+0000] {processor.py:914} INFO - Processing file /home/airflow/.local/lib/python3.12/site-packages/airflow/example_dags/example_sensors.py for tasks to queue
[2025-03-29T23:48:51.752+0000] {logging_mixin.py:190} INFO - [2025-03-29T23:48:51.752+0000] {dagbag.py:588} INFO - Filling up the DagBag from /home/airflow/.local/lib/python3.12/site-packages/airflow/example_dags/example_sensors.py
[2025-03-29T23:48:51.775+0000] {processor.py:925} INFO - DAG(s) 'example_sensors' retrieved from /home/airflow/.local/lib/python3.12/site-packages/airflow/example_dags/example_sensors.py
[2025-03-29T23:48:51.827+0000] {logging_mixin.py:190} INFO - [2025-03-29T23:48:51.826+0000] {dag.py:3239} INFO - Sync 1 DAGs
[2025-03-29T23:48:51.857+0000] {logging_mixin.py:190} INFO - [2025-03-29T23:48:51.857+0000] {dag.py:4180} INFO - Setting next_dagrun for example_sensors to None, run_after=None
[2025-03-29T23:48:51.886+0000] {processor.py:208} INFO - Processing /home/airflow/.local/lib/python3.12/site-packages/airflow/example_dags/example_sensors.py took 0.163 seconds
[2025-03-29T23:49:26.332+0000] {processor.py:186} INFO - Started process (PID=2010) to work on /home/airflow/.local/lib/python3.12/site-packages/airflow/example_dags/example_sensors.py
[2025-03-29T23:49:26.334+0000] {processor.py:914} INFO - Processing file /home/airflow/.local/lib/python3.12/site-packages/airflow/example_dags/example_sensors.py for tasks to queue
[2025-03-29T23:49:26.339+0000] {logging_mixin.py:190} INFO - [2025-03-29T23:49:26.338+0000] {dagbag.py:588} INFO - Filling up the DagBag from /home/airflow/.local/lib/python3.12/site-packages/airflow/example_dags/example_sensors.py
[2025-03-29T23:49:26.363+0000] {processor.py:925} INFO - DAG(s) 'example_sensors' retrieved from /home/airflow/.local/lib/python3.12/site-packages/airflow/example_dags/example_sensors.py
[2025-03-29T23:49:26.411+0000] {logging_mixin.py:190} INFO - [2025-03-29T23:49:26.411+0000] {dag.py:3239} INFO - Sync 1 DAGs
[2025-03-29T23:49:26.436+0000] {logging_mixin.py:190} INFO - [2025-03-29T23:49:26.436+0000] {dag.py:4180} INFO - Setting next_dagrun for example_sensors to None, run_after=None
[2025-03-29T23:49:26.465+0000] {processor.py:208} INFO - Processing /home/airflow/.local/lib/python3.12/site-packages/airflow/example_dags/example_sensors.py took 0.146 seconds
[2025-03-29T23:49:57.043+0000] {processor.py:186} INFO - Started process (PID=2077) to work on /home/airflow/.local/lib/python3.12/site-packages/airflow/example_dags/example_sensors.py
[2025-03-29T23:49:57.046+0000] {processor.py:914} INFO - Processing file /home/airflow/.local/lib/python3.12/site-packages/airflow/example_dags/example_sensors.py for tasks to queue
[2025-03-29T23:49:57.051+0000] {logging_mixin.py:190} INFO - [2025-03-29T23:49:57.050+0000] {dagbag.py:588} INFO - Filling up the DagBag from /home/airflow/.local/lib/python3.12/site-packages/airflow/example_dags/example_sensors.py
[2025-03-29T23:49:57.073+0000] {processor.py:925} INFO - DAG(s) 'example_sensors' retrieved from /home/airflow/.local/lib/python3.12/site-packages/airflow/example_dags/example_sensors.py
[2025-03-29T23:49:57.123+0000] {logging_mixin.py:190} INFO - [2025-03-29T23:49:57.122+0000] {dag.py:3239} INFO - Sync 1 DAGs
[2025-03-29T23:49:57.149+0000] {logging_mixin.py:190} INFO - [2025-03-29T23:49:57.149+0000] {dag.py:4180} INFO - Setting next_dagrun for example_sensors to None, run_after=None
[2025-03-29T23:49:57.177+0000] {processor.py:208} INFO - Processing /home/airflow/.local/lib/python3.12/site-packages/airflow/example_dags/example_sensors.py took 0.150 seconds
[2025-03-29T23:50:27.490+0000] {processor.py:186} INFO - Started process (PID=2144) to work on /home/airflow/.local/lib/python3.12/site-packages/airflow/example_dags/example_sensors.py
[2025-03-29T23:50:27.492+0000] {processor.py:914} INFO - Processing file /home/airflow/.local/lib/python3.12/site-packages/airflow/example_dags/example_sensors.py for tasks to queue
[2025-03-29T23:50:27.496+0000] {logging_mixin.py:190} INFO - [2025-03-29T23:50:27.496+0000] {dagbag.py:588} INFO - Filling up the DagBag from /home/airflow/.local/lib/python3.12/site-packages/airflow/example_dags/example_sensors.py
[2025-03-29T23:50:27.518+0000] {processor.py:925} INFO - DAG(s) 'example_sensors' retrieved from /home/airflow/.local/lib/python3.12/site-packages/airflow/example_dags/example_sensors.py
[2025-03-29T23:50:27.565+0000] {logging_mixin.py:190} INFO - [2025-03-29T23:50:27.565+0000] {dag.py:3239} INFO - Sync 1 DAGs
[2025-03-29T23:50:27.590+0000] {logging_mixin.py:190} INFO - [2025-03-29T23:50:27.590+0000] {dag.py:4180} INFO - Setting next_dagrun for example_sensors to None, run_after=None
[2025-03-29T23:50:27.615+0000] {processor.py:208} INFO - Processing /home/airflow/.local/lib/python3.12/site-packages/airflow/example_dags/example_sensors.py took 0.138 seconds
[2025-03-29T23:50:58.273+0000] {processor.py:186} INFO - Started process (PID=2211) to work on /home/airflow/.local/lib/python3.12/site-packages/airflow/example_dags/example_sensors.py
[2025-03-29T23:50:58.278+0000] {processor.py:914} INFO - Processing file /home/airflow/.local/lib/python3.12/site-packages/airflow/example_dags/example_sensors.py for tasks to queue
[2025-03-29T23:50:58.284+0000] {logging_mixin.py:190} INFO - [2025-03-29T23:50:58.283+0000] {dagbag.py:588} INFO - Filling up the DagBag from /home/airflow/.local/lib/python3.12/site-packages/airflow/example_dags/example_sensors.py
[2025-03-29T23:50:58.311+0000] {processor.py:925} INFO - DAG(s) 'example_sensors' retrieved from /home/airflow/.local/lib/python3.12/site-packages/airflow/example_dags/example_sensors.py
[2025-03-29T23:50:58.389+0000] {logging_mixin.py:190} INFO - [2025-03-29T23:50:58.389+0000] {dag.py:3239} INFO - Sync 1 DAGs
[2025-03-29T23:50:58.415+0000] {logging_mixin.py:190} INFO - [2025-03-29T23:50:58.415+0000] {dag.py:4180} INFO - Setting next_dagrun for example_sensors to None, run_after=None
[2025-03-29T23:50:58.461+0000] {processor.py:208} INFO - Processing /home/airflow/.local/lib/python3.12/site-packages/airflow/example_dags/example_sensors.py took 0.206 seconds
[2025-03-29T23:51:28.756+0000] {processor.py:186} INFO - Started process (PID=2278) to work on /home/airflow/.local/lib/python3.12/site-packages/airflow/example_dags/example_sensors.py
[2025-03-29T23:51:28.758+0000] {processor.py:914} INFO - Processing file /home/airflow/.local/lib/python3.12/site-packages/airflow/example_dags/example_sensors.py for tasks to queue
[2025-03-29T23:51:28.763+0000] {logging_mixin.py:190} INFO - [2025-03-29T23:51:28.762+0000] {dagbag.py:588} INFO - Filling up the DagBag from /home/airflow/.local/lib/python3.12/site-packages/airflow/example_dags/example_sensors.py
[2025-03-29T23:51:28.786+0000] {processor.py:925} INFO - DAG(s) 'example_sensors' retrieved from /home/airflow/.local/lib/python3.12/site-packages/airflow/example_dags/example_sensors.py
[2025-03-29T23:51:28.843+0000] {logging_mixin.py:190} INFO - [2025-03-29T23:51:28.843+0000] {dag.py:3239} INFO - Sync 1 DAGs
[2025-03-29T23:51:28.871+0000] {logging_mixin.py:190} INFO - [2025-03-29T23:51:28.871+0000] {dag.py:4180} INFO - Setting next_dagrun for example_sensors to None, run_after=None
[2025-03-29T23:51:28.907+0000] {processor.py:208} INFO - Processing /home/airflow/.local/lib/python3.12/site-packages/airflow/example_dags/example_sensors.py took 0.164 seconds
[2025-03-29T23:51:59.901+0000] {processor.py:186} INFO - Started process (PID=2345) to work on /home/airflow/.local/lib/python3.12/site-packages/airflow/example_dags/example_sensors.py
[2025-03-29T23:51:59.903+0000] {processor.py:914} INFO - Processing file /home/airflow/.local/lib/python3.12/site-packages/airflow/example_dags/example_sensors.py for tasks to queue
[2025-03-29T23:51:59.908+0000] {logging_mixin.py:190} INFO - [2025-03-29T23:51:59.908+0000] {dagbag.py:588} INFO - Filling up the DagBag from /home/airflow/.local/lib/python3.12/site-packages/airflow/example_dags/example_sensors.py
[2025-03-29T23:51:59.933+0000] {processor.py:925} INFO - DAG(s) 'example_sensors' retrieved from /home/airflow/.local/lib/python3.12/site-packages/airflow/example_dags/example_sensors.py
[2025-03-29T23:52:00.040+0000] {logging_mixin.py:190} INFO - [2025-03-29T23:52:00.039+0000] {dag.py:3239} INFO - Sync 1 DAGs
[2025-03-29T23:52:00.080+0000] {logging_mixin.py:190} INFO - [2025-03-29T23:52:00.080+0000] {dag.py:4180} INFO - Setting next_dagrun for example_sensors to None, run_after=None
[2025-03-29T23:52:00.151+0000] {processor.py:208} INFO - Processing /home/airflow/.local/lib/python3.12/site-packages/airflow/example_dags/example_sensors.py took 0.277 seconds
[2025-03-29T23:52:32.870+0000] {processor.py:186} INFO - Started process (PID=2412) to work on /home/airflow/.local/lib/python3.12/site-packages/airflow/example_dags/example_sensors.py
[2025-03-29T23:52:32.872+0000] {processor.py:914} INFO - Processing file /home/airflow/.local/lib/python3.12/site-packages/airflow/example_dags/example_sensors.py for tasks to queue
[2025-03-29T23:52:32.878+0000] {logging_mixin.py:190} INFO - [2025-03-29T23:52:32.877+0000] {dagbag.py:588} INFO - Filling up the DagBag from /home/airflow/.local/lib/python3.12/site-packages/airflow/example_dags/example_sensors.py
[2025-03-29T23:52:32.902+0000] {processor.py:925} INFO - DAG(s) 'example_sensors' retrieved from /home/airflow/.local/lib/python3.12/site-packages/airflow/example_dags/example_sensors.py
[2025-03-29T23:52:32.963+0000] {logging_mixin.py:190} INFO - [2025-03-29T23:52:32.963+0000] {dag.py:3239} INFO - Sync 1 DAGs
[2025-03-29T23:52:33.004+0000] {logging_mixin.py:190} INFO - [2025-03-29T23:52:33.004+0000] {dag.py:4180} INFO - Setting next_dagrun for example_sensors to None, run_after=None
[2025-03-29T23:52:33.082+0000] {processor.py:208} INFO - Processing /home/airflow/.local/lib/python3.12/site-packages/airflow/example_dags/example_sensors.py took 0.227 seconds
