[2025-03-29T21:19:27.088+0000] {processor.py:186} INFO - Started process (PID=116) to work on /home/airflow/.local/lib/python3.12/site-packages/airflow/example_dags/example_task_group.py
[2025-03-29T21:19:27.093+0000] {processor.py:914} INFO - Processing file /home/airflow/.local/lib/python3.12/site-packages/airflow/example_dags/example_task_group.py for tasks to queue
[2025-03-29T21:19:27.101+0000] {logging_mixin.py:190} INFO - [2025-03-29T21:19:27.100+0000] {dagbag.py:588} INFO - Filling up the DagBag from /home/airflow/.local/lib/python3.12/site-packages/airflow/example_dags/example_task_group.py
[2025-03-29T21:19:27.140+0000] {processor.py:925} INFO - DAG(s) 'example_task_group' retrieved from /home/airflow/.local/lib/python3.12/site-packages/airflow/example_dags/example_task_group.py
[2025-03-29T21:19:27.586+0000] {logging_mixin.py:190} INFO - [2025-03-29T21:19:27.583+0000] {override.py:1912} INFO - Created Permission View: can read on DAG:example_task_group
[2025-03-29T21:19:27.660+0000] {logging_mixin.py:190} INFO - [2025-03-29T21:19:27.660+0000] {override.py:1912} INFO - Created Permission View: can edit on DAG:example_task_group
[2025-03-29T21:19:27.680+0000] {logging_mixin.py:190} INFO - [2025-03-29T21:19:27.679+0000] {override.py:1912} INFO - Created Permission View: can delete on DAG:example_task_group
[2025-03-29T21:19:27.706+0000] {logging_mixin.py:190} INFO - [2025-03-29T21:19:27.706+0000] {override.py:1912} INFO - Created Permission View: can create on DAG Run:example_task_group
[2025-03-29T21:19:27.732+0000] {logging_mixin.py:190} INFO - [2025-03-29T21:19:27.732+0000] {override.py:1912} INFO - Created Permission View: menu access on DAG Run:example_task_group
[2025-03-29T21:19:27.761+0000] {logging_mixin.py:190} INFO - [2025-03-29T21:19:27.761+0000] {override.py:1912} INFO - Created Permission View: can read on DAG Run:example_task_group
[2025-03-29T21:19:27.787+0000] {logging_mixin.py:190} INFO - [2025-03-29T21:19:27.786+0000] {override.py:1912} INFO - Created Permission View: can delete on DAG Run:example_task_group
[2025-03-29T21:19:27.788+0000] {logging_mixin.py:190} INFO - [2025-03-29T21:19:27.787+0000] {dag.py:3239} INFO - Sync 1 DAGs
[2025-03-29T21:19:27.825+0000] {logging_mixin.py:190} INFO - [2025-03-29T21:19:27.825+0000] {dag.py:3262} INFO - Creating ORM DAG for example_task_group
[2025-03-29T21:19:27.826+0000] {logging_mixin.py:190} INFO - [2025-03-29T21:19:27.826+0000] {dag.py:4180} INFO - Setting next_dagrun for example_task_group to None, run_after=None
[2025-03-29T21:19:27.873+0000] {processor.py:208} INFO - Processing /home/airflow/.local/lib/python3.12/site-packages/airflow/example_dags/example_task_group.py took 0.823 seconds
[2025-03-29T21:19:58.349+0000] {processor.py:186} INFO - Started process (PID=183) to work on /home/airflow/.local/lib/python3.12/site-packages/airflow/example_dags/example_task_group.py
[2025-03-29T21:19:58.351+0000] {processor.py:914} INFO - Processing file /home/airflow/.local/lib/python3.12/site-packages/airflow/example_dags/example_task_group.py for tasks to queue
[2025-03-29T21:19:58.356+0000] {logging_mixin.py:190} INFO - [2025-03-29T21:19:58.355+0000] {dagbag.py:588} INFO - Filling up the DagBag from /home/airflow/.local/lib/python3.12/site-packages/airflow/example_dags/example_task_group.py
[2025-03-29T21:19:58.375+0000] {processor.py:925} INFO - DAG(s) 'example_task_group' retrieved from /home/airflow/.local/lib/python3.12/site-packages/airflow/example_dags/example_task_group.py
[2025-03-29T21:19:58.417+0000] {logging_mixin.py:190} INFO - [2025-03-29T21:19:58.417+0000] {dag.py:3239} INFO - Sync 1 DAGs
[2025-03-29T21:19:58.444+0000] {logging_mixin.py:190} INFO - [2025-03-29T21:19:58.444+0000] {dag.py:4180} INFO - Setting next_dagrun for example_task_group to None, run_after=None
[2025-03-29T21:19:58.480+0000] {processor.py:208} INFO - Processing /home/airflow/.local/lib/python3.12/site-packages/airflow/example_dags/example_task_group.py took 0.144 seconds
[2025-03-29T21:20:30.835+0000] {processor.py:186} INFO - Started process (PID=250) to work on /home/airflow/.local/lib/python3.12/site-packages/airflow/example_dags/example_task_group.py
[2025-03-29T21:20:30.838+0000] {processor.py:914} INFO - Processing file /home/airflow/.local/lib/python3.12/site-packages/airflow/example_dags/example_task_group.py for tasks to queue
[2025-03-29T21:20:30.843+0000] {logging_mixin.py:190} INFO - [2025-03-29T21:20:30.842+0000] {dagbag.py:588} INFO - Filling up the DagBag from /home/airflow/.local/lib/python3.12/site-packages/airflow/example_dags/example_task_group.py
[2025-03-29T21:20:30.863+0000] {processor.py:925} INFO - DAG(s) 'example_task_group' retrieved from /home/airflow/.local/lib/python3.12/site-packages/airflow/example_dags/example_task_group.py
[2025-03-29T21:20:30.914+0000] {logging_mixin.py:190} INFO - [2025-03-29T21:20:30.914+0000] {dag.py:3239} INFO - Sync 1 DAGs
[2025-03-29T21:20:30.962+0000] {logging_mixin.py:190} INFO - [2025-03-29T21:20:30.961+0000] {dag.py:4180} INFO - Setting next_dagrun for example_task_group to None, run_after=None
[2025-03-29T21:20:31.004+0000] {processor.py:208} INFO - Processing /home/airflow/.local/lib/python3.12/site-packages/airflow/example_dags/example_task_group.py took 0.184 seconds
[2025-03-29T21:24:39.085+0000] {processor.py:186} INFO - Started process (PID=119) to work on /home/airflow/.local/lib/python3.12/site-packages/airflow/example_dags/example_task_group.py
[2025-03-29T21:24:39.088+0000] {processor.py:914} INFO - Processing file /home/airflow/.local/lib/python3.12/site-packages/airflow/example_dags/example_task_group.py for tasks to queue
[2025-03-29T21:24:39.094+0000] {logging_mixin.py:190} INFO - [2025-03-29T21:24:39.093+0000] {dagbag.py:588} INFO - Filling up the DagBag from /home/airflow/.local/lib/python3.12/site-packages/airflow/example_dags/example_task_group.py
[2025-03-29T21:24:39.115+0000] {processor.py:925} INFO - DAG(s) 'example_task_group' retrieved from /home/airflow/.local/lib/python3.12/site-packages/airflow/example_dags/example_task_group.py
[2025-03-29T21:24:39.362+0000] {logging_mixin.py:190} INFO - [2025-03-29T21:24:39.360+0000] {override.py:1912} INFO - Created Permission View: can delete on DAG:example_task_group
[2025-03-29T21:24:39.380+0000] {logging_mixin.py:190} INFO - [2025-03-29T21:24:39.379+0000] {override.py:1912} INFO - Created Permission View: can edit on DAG:example_task_group
[2025-03-29T21:24:39.390+0000] {logging_mixin.py:190} INFO - [2025-03-29T21:24:39.390+0000] {override.py:1912} INFO - Created Permission View: can read on DAG:example_task_group
[2025-03-29T21:24:39.409+0000] {logging_mixin.py:190} INFO - [2025-03-29T21:24:39.409+0000] {override.py:1912} INFO - Created Permission View: menu access on DAG Run:example_task_group
[2025-03-29T21:24:39.440+0000] {logging_mixin.py:190} INFO - [2025-03-29T21:24:39.439+0000] {override.py:1912} INFO - Created Permission View: can delete on DAG Run:example_task_group
[2025-03-29T21:24:39.461+0000] {logging_mixin.py:190} INFO - [2025-03-29T21:24:39.461+0000] {override.py:1912} INFO - Created Permission View: can read on DAG Run:example_task_group
[2025-03-29T21:24:39.482+0000] {logging_mixin.py:190} INFO - [2025-03-29T21:24:39.481+0000] {override.py:1912} INFO - Created Permission View: can create on DAG Run:example_task_group
[2025-03-29T21:24:39.483+0000] {logging_mixin.py:190} INFO - [2025-03-29T21:24:39.482+0000] {dag.py:3239} INFO - Sync 1 DAGs
[2025-03-29T21:24:39.509+0000] {logging_mixin.py:190} INFO - [2025-03-29T21:24:39.508+0000] {dag.py:3262} INFO - Creating ORM DAG for example_task_group
[2025-03-29T21:24:39.510+0000] {logging_mixin.py:190} INFO - [2025-03-29T21:24:39.509+0000] {dag.py:4180} INFO - Setting next_dagrun for example_task_group to None, run_after=None
[2025-03-29T21:24:39.542+0000] {processor.py:208} INFO - Processing /home/airflow/.local/lib/python3.12/site-packages/airflow/example_dags/example_task_group.py took 0.470 seconds
[2025-03-29T21:25:09.822+0000] {processor.py:186} INFO - Started process (PID=186) to work on /home/airflow/.local/lib/python3.12/site-packages/airflow/example_dags/example_task_group.py
[2025-03-29T21:25:09.825+0000] {processor.py:914} INFO - Processing file /home/airflow/.local/lib/python3.12/site-packages/airflow/example_dags/example_task_group.py for tasks to queue
[2025-03-29T21:25:09.830+0000] {logging_mixin.py:190} INFO - [2025-03-29T21:25:09.829+0000] {dagbag.py:588} INFO - Filling up the DagBag from /home/airflow/.local/lib/python3.12/site-packages/airflow/example_dags/example_task_group.py
[2025-03-29T21:25:09.850+0000] {processor.py:925} INFO - DAG(s) 'example_task_group' retrieved from /home/airflow/.local/lib/python3.12/site-packages/airflow/example_dags/example_task_group.py
[2025-03-29T21:25:09.909+0000] {logging_mixin.py:190} INFO - [2025-03-29T21:25:09.909+0000] {dag.py:3239} INFO - Sync 1 DAGs
[2025-03-29T21:25:09.941+0000] {logging_mixin.py:190} INFO - [2025-03-29T21:25:09.941+0000] {dag.py:4180} INFO - Setting next_dagrun for example_task_group to None, run_after=None
[2025-03-29T21:25:09.975+0000] {processor.py:208} INFO - Processing /home/airflow/.local/lib/python3.12/site-packages/airflow/example_dags/example_task_group.py took 0.169 seconds
[2025-03-29T21:28:42.951+0000] {processor.py:186} INFO - Started process (PID=111) to work on /home/airflow/.local/lib/python3.12/site-packages/airflow/example_dags/example_task_group.py
[2025-03-29T21:28:42.954+0000] {processor.py:914} INFO - Processing file /home/airflow/.local/lib/python3.12/site-packages/airflow/example_dags/example_task_group.py for tasks to queue
[2025-03-29T21:28:42.958+0000] {logging_mixin.py:190} INFO - [2025-03-29T21:28:42.958+0000] {dagbag.py:588} INFO - Filling up the DagBag from /home/airflow/.local/lib/python3.12/site-packages/airflow/example_dags/example_task_group.py
[2025-03-29T21:28:42.980+0000] {processor.py:925} INFO - DAG(s) 'example_task_group' retrieved from /home/airflow/.local/lib/python3.12/site-packages/airflow/example_dags/example_task_group.py
[2025-03-29T21:28:43.189+0000] {logging_mixin.py:190} INFO - [2025-03-29T21:28:43.188+0000] {override.py:1912} INFO - Created Permission View: can edit on DAG:example_task_group
[2025-03-29T21:28:43.202+0000] {logging_mixin.py:190} INFO - [2025-03-29T21:28:43.202+0000] {override.py:1912} INFO - Created Permission View: can delete on DAG:example_task_group
[2025-03-29T21:28:43.210+0000] {logging_mixin.py:190} INFO - [2025-03-29T21:28:43.210+0000] {override.py:1912} INFO - Created Permission View: can read on DAG:example_task_group
[2025-03-29T21:28:43.218+0000] {logging_mixin.py:190} INFO - [2025-03-29T21:28:43.218+0000] {override.py:1912} INFO - Created Permission View: can delete on DAG Run:example_task_group
[2025-03-29T21:28:43.226+0000] {logging_mixin.py:190} INFO - [2025-03-29T21:28:43.226+0000] {override.py:1912} INFO - Created Permission View: can create on DAG Run:example_task_group
[2025-03-29T21:28:43.236+0000] {logging_mixin.py:190} INFO - [2025-03-29T21:28:43.236+0000] {override.py:1912} INFO - Created Permission View: can read on DAG Run:example_task_group
[2025-03-29T21:28:43.245+0000] {logging_mixin.py:190} INFO - [2025-03-29T21:28:43.245+0000] {override.py:1912} INFO - Created Permission View: menu access on DAG Run:example_task_group
[2025-03-29T21:28:43.246+0000] {logging_mixin.py:190} INFO - [2025-03-29T21:28:43.245+0000] {dag.py:3239} INFO - Sync 1 DAGs
[2025-03-29T21:28:43.268+0000] {logging_mixin.py:190} INFO - [2025-03-29T21:28:43.268+0000] {dag.py:3262} INFO - Creating ORM DAG for example_task_group
[2025-03-29T21:28:43.269+0000] {logging_mixin.py:190} INFO - [2025-03-29T21:28:43.269+0000] {dag.py:4180} INFO - Setting next_dagrun for example_task_group to None, run_after=None
[2025-03-29T21:28:43.294+0000] {processor.py:208} INFO - Processing /home/airflow/.local/lib/python3.12/site-packages/airflow/example_dags/example_task_group.py took 0.355 seconds
[2025-03-29T21:29:13.590+0000] {processor.py:186} INFO - Started process (PID=177) to work on /home/airflow/.local/lib/python3.12/site-packages/airflow/example_dags/example_task_group.py
[2025-03-29T21:29:13.592+0000] {processor.py:914} INFO - Processing file /home/airflow/.local/lib/python3.12/site-packages/airflow/example_dags/example_task_group.py for tasks to queue
[2025-03-29T21:29:13.596+0000] {logging_mixin.py:190} INFO - [2025-03-29T21:29:13.595+0000] {dagbag.py:588} INFO - Filling up the DagBag from /home/airflow/.local/lib/python3.12/site-packages/airflow/example_dags/example_task_group.py
[2025-03-29T21:29:13.614+0000] {processor.py:925} INFO - DAG(s) 'example_task_group' retrieved from /home/airflow/.local/lib/python3.12/site-packages/airflow/example_dags/example_task_group.py
[2025-03-29T21:29:13.657+0000] {logging_mixin.py:190} INFO - [2025-03-29T21:29:13.657+0000] {dag.py:3239} INFO - Sync 1 DAGs
[2025-03-29T21:29:13.686+0000] {logging_mixin.py:190} INFO - [2025-03-29T21:29:13.686+0000] {dag.py:4180} INFO - Setting next_dagrun for example_task_group to None, run_after=None
[2025-03-29T21:29:13.715+0000] {processor.py:208} INFO - Processing /home/airflow/.local/lib/python3.12/site-packages/airflow/example_dags/example_task_group.py took 0.139 seconds
[2025-03-29T21:29:45.098+0000] {processor.py:186} INFO - Started process (PID=244) to work on /home/airflow/.local/lib/python3.12/site-packages/airflow/example_dags/example_task_group.py
[2025-03-29T21:29:45.101+0000] {processor.py:914} INFO - Processing file /home/airflow/.local/lib/python3.12/site-packages/airflow/example_dags/example_task_group.py for tasks to queue
[2025-03-29T21:29:45.106+0000] {logging_mixin.py:190} INFO - [2025-03-29T21:29:45.106+0000] {dagbag.py:588} INFO - Filling up the DagBag from /home/airflow/.local/lib/python3.12/site-packages/airflow/example_dags/example_task_group.py
[2025-03-29T21:29:45.125+0000] {processor.py:925} INFO - DAG(s) 'example_task_group' retrieved from /home/airflow/.local/lib/python3.12/site-packages/airflow/example_dags/example_task_group.py
[2025-03-29T21:29:45.170+0000] {logging_mixin.py:190} INFO - [2025-03-29T21:29:45.170+0000] {dag.py:3239} INFO - Sync 1 DAGs
[2025-03-29T21:29:45.200+0000] {logging_mixin.py:190} INFO - [2025-03-29T21:29:45.199+0000] {dag.py:4180} INFO - Setting next_dagrun for example_task_group to None, run_after=None
[2025-03-29T21:29:45.230+0000] {processor.py:208} INFO - Processing /home/airflow/.local/lib/python3.12/site-packages/airflow/example_dags/example_task_group.py took 0.145 seconds
[2025-03-29T21:30:15.486+0000] {processor.py:186} INFO - Started process (PID=310) to work on /home/airflow/.local/lib/python3.12/site-packages/airflow/example_dags/example_task_group.py
[2025-03-29T21:30:15.490+0000] {processor.py:914} INFO - Processing file /home/airflow/.local/lib/python3.12/site-packages/airflow/example_dags/example_task_group.py for tasks to queue
[2025-03-29T21:30:15.499+0000] {logging_mixin.py:190} INFO - [2025-03-29T21:30:15.498+0000] {dagbag.py:588} INFO - Filling up the DagBag from /home/airflow/.local/lib/python3.12/site-packages/airflow/example_dags/example_task_group.py
[2025-03-29T21:30:15.520+0000] {processor.py:925} INFO - DAG(s) 'example_task_group' retrieved from /home/airflow/.local/lib/python3.12/site-packages/airflow/example_dags/example_task_group.py
[2025-03-29T21:30:15.565+0000] {logging_mixin.py:190} INFO - [2025-03-29T21:30:15.564+0000] {dag.py:3239} INFO - Sync 1 DAGs
[2025-03-29T21:30:15.590+0000] {logging_mixin.py:190} INFO - [2025-03-29T21:30:15.590+0000] {dag.py:4180} INFO - Setting next_dagrun for example_task_group to None, run_after=None
[2025-03-29T21:30:15.635+0000] {processor.py:208} INFO - Processing /home/airflow/.local/lib/python3.12/site-packages/airflow/example_dags/example_task_group.py took 0.165 seconds
[2025-03-29T21:30:46.105+0000] {processor.py:186} INFO - Started process (PID=376) to work on /home/airflow/.local/lib/python3.12/site-packages/airflow/example_dags/example_task_group.py
[2025-03-29T21:30:46.115+0000] {processor.py:914} INFO - Processing file /home/airflow/.local/lib/python3.12/site-packages/airflow/example_dags/example_task_group.py for tasks to queue
[2025-03-29T21:30:46.139+0000] {logging_mixin.py:190} INFO - [2025-03-29T21:30:46.138+0000] {dagbag.py:588} INFO - Filling up the DagBag from /home/airflow/.local/lib/python3.12/site-packages/airflow/example_dags/example_task_group.py
[2025-03-29T21:30:46.187+0000] {processor.py:925} INFO - DAG(s) 'example_task_group' retrieved from /home/airflow/.local/lib/python3.12/site-packages/airflow/example_dags/example_task_group.py
[2025-03-29T21:30:46.252+0000] {logging_mixin.py:190} INFO - [2025-03-29T21:30:46.252+0000] {dag.py:3239} INFO - Sync 1 DAGs
[2025-03-29T21:30:46.278+0000] {logging_mixin.py:190} INFO - [2025-03-29T21:30:46.277+0000] {dag.py:4180} INFO - Setting next_dagrun for example_task_group to None, run_after=None
[2025-03-29T21:30:46.308+0000] {processor.py:208} INFO - Processing /home/airflow/.local/lib/python3.12/site-packages/airflow/example_dags/example_task_group.py took 0.265 seconds
[2025-03-29T21:31:17.599+0000] {processor.py:186} INFO - Started process (PID=443) to work on /home/airflow/.local/lib/python3.12/site-packages/airflow/example_dags/example_task_group.py
[2025-03-29T21:31:17.601+0000] {processor.py:914} INFO - Processing file /home/airflow/.local/lib/python3.12/site-packages/airflow/example_dags/example_task_group.py for tasks to queue
[2025-03-29T21:31:17.607+0000] {logging_mixin.py:190} INFO - [2025-03-29T21:31:17.607+0000] {dagbag.py:588} INFO - Filling up the DagBag from /home/airflow/.local/lib/python3.12/site-packages/airflow/example_dags/example_task_group.py
[2025-03-29T21:31:17.632+0000] {processor.py:925} INFO - DAG(s) 'example_task_group' retrieved from /home/airflow/.local/lib/python3.12/site-packages/airflow/example_dags/example_task_group.py
[2025-03-29T21:31:17.686+0000] {logging_mixin.py:190} INFO - [2025-03-29T21:31:17.685+0000] {dag.py:3239} INFO - Sync 1 DAGs
[2025-03-29T21:31:17.712+0000] {logging_mixin.py:190} INFO - [2025-03-29T21:31:17.712+0000] {dag.py:4180} INFO - Setting next_dagrun for example_task_group to None, run_after=None
[2025-03-29T21:31:17.765+0000] {processor.py:208} INFO - Processing /home/airflow/.local/lib/python3.12/site-packages/airflow/example_dags/example_task_group.py took 0.186 seconds
[2025-03-29T21:31:49.267+0000] {processor.py:186} INFO - Started process (PID=510) to work on /home/airflow/.local/lib/python3.12/site-packages/airflow/example_dags/example_task_group.py
[2025-03-29T21:31:49.270+0000] {processor.py:914} INFO - Processing file /home/airflow/.local/lib/python3.12/site-packages/airflow/example_dags/example_task_group.py for tasks to queue
[2025-03-29T21:31:49.279+0000] {logging_mixin.py:190} INFO - [2025-03-29T21:31:49.278+0000] {dagbag.py:588} INFO - Filling up the DagBag from /home/airflow/.local/lib/python3.12/site-packages/airflow/example_dags/example_task_group.py
[2025-03-29T21:31:49.311+0000] {processor.py:925} INFO - DAG(s) 'example_task_group' retrieved from /home/airflow/.local/lib/python3.12/site-packages/airflow/example_dags/example_task_group.py
[2025-03-29T21:31:49.393+0000] {logging_mixin.py:190} INFO - [2025-03-29T21:31:49.391+0000] {dag.py:3239} INFO - Sync 1 DAGs
[2025-03-29T21:31:49.447+0000] {logging_mixin.py:190} INFO - [2025-03-29T21:31:49.446+0000] {dag.py:4180} INFO - Setting next_dagrun for example_task_group to None, run_after=None
[2025-03-29T21:31:49.519+0000] {processor.py:208} INFO - Processing /home/airflow/.local/lib/python3.12/site-packages/airflow/example_dags/example_task_group.py took 0.267 seconds
[2025-03-29T21:32:19.807+0000] {processor.py:186} INFO - Started process (PID=576) to work on /home/airflow/.local/lib/python3.12/site-packages/airflow/example_dags/example_task_group.py
[2025-03-29T21:32:19.809+0000] {processor.py:914} INFO - Processing file /home/airflow/.local/lib/python3.12/site-packages/airflow/example_dags/example_task_group.py for tasks to queue
[2025-03-29T21:32:19.814+0000] {logging_mixin.py:190} INFO - [2025-03-29T21:32:19.813+0000] {dagbag.py:588} INFO - Filling up the DagBag from /home/airflow/.local/lib/python3.12/site-packages/airflow/example_dags/example_task_group.py
[2025-03-29T21:32:19.834+0000] {processor.py:925} INFO - DAG(s) 'example_task_group' retrieved from /home/airflow/.local/lib/python3.12/site-packages/airflow/example_dags/example_task_group.py
[2025-03-29T21:32:19.882+0000] {logging_mixin.py:190} INFO - [2025-03-29T21:32:19.882+0000] {dag.py:3239} INFO - Sync 1 DAGs
[2025-03-29T21:32:19.908+0000] {logging_mixin.py:190} INFO - [2025-03-29T21:32:19.907+0000] {dag.py:4180} INFO - Setting next_dagrun for example_task_group to None, run_after=None
[2025-03-29T21:32:19.938+0000] {processor.py:208} INFO - Processing /home/airflow/.local/lib/python3.12/site-packages/airflow/example_dags/example_task_group.py took 0.148 seconds
[2025-03-29T21:32:50.218+0000] {processor.py:186} INFO - Started process (PID=643) to work on /home/airflow/.local/lib/python3.12/site-packages/airflow/example_dags/example_task_group.py
[2025-03-29T21:32:50.220+0000] {processor.py:914} INFO - Processing file /home/airflow/.local/lib/python3.12/site-packages/airflow/example_dags/example_task_group.py for tasks to queue
[2025-03-29T21:32:50.225+0000] {logging_mixin.py:190} INFO - [2025-03-29T21:32:50.224+0000] {dagbag.py:588} INFO - Filling up the DagBag from /home/airflow/.local/lib/python3.12/site-packages/airflow/example_dags/example_task_group.py
[2025-03-29T21:32:50.243+0000] {processor.py:925} INFO - DAG(s) 'example_task_group' retrieved from /home/airflow/.local/lib/python3.12/site-packages/airflow/example_dags/example_task_group.py
[2025-03-29T21:32:50.291+0000] {logging_mixin.py:190} INFO - [2025-03-29T21:32:50.290+0000] {dag.py:3239} INFO - Sync 1 DAGs
[2025-03-29T21:32:50.319+0000] {logging_mixin.py:190} INFO - [2025-03-29T21:32:50.319+0000] {dag.py:4180} INFO - Setting next_dagrun for example_task_group to None, run_after=None
[2025-03-29T21:32:50.352+0000] {processor.py:208} INFO - Processing /home/airflow/.local/lib/python3.12/site-packages/airflow/example_dags/example_task_group.py took 0.147 seconds
[2025-03-29T21:33:20.666+0000] {processor.py:186} INFO - Started process (PID=710) to work on /home/airflow/.local/lib/python3.12/site-packages/airflow/example_dags/example_task_group.py
[2025-03-29T21:33:20.668+0000] {processor.py:914} INFO - Processing file /home/airflow/.local/lib/python3.12/site-packages/airflow/example_dags/example_task_group.py for tasks to queue
[2025-03-29T21:33:20.673+0000] {logging_mixin.py:190} INFO - [2025-03-29T21:33:20.672+0000] {dagbag.py:588} INFO - Filling up the DagBag from /home/airflow/.local/lib/python3.12/site-packages/airflow/example_dags/example_task_group.py
[2025-03-29T21:33:20.695+0000] {processor.py:925} INFO - DAG(s) 'example_task_group' retrieved from /home/airflow/.local/lib/python3.12/site-packages/airflow/example_dags/example_task_group.py
[2025-03-29T21:33:20.751+0000] {logging_mixin.py:190} INFO - [2025-03-29T21:33:20.751+0000] {dag.py:3239} INFO - Sync 1 DAGs
[2025-03-29T21:33:20.790+0000] {logging_mixin.py:190} INFO - [2025-03-29T21:33:20.789+0000] {dag.py:4180} INFO - Setting next_dagrun for example_task_group to None, run_after=None
[2025-03-29T21:33:20.821+0000] {processor.py:208} INFO - Processing /home/airflow/.local/lib/python3.12/site-packages/airflow/example_dags/example_task_group.py took 0.169 seconds
[2025-03-29T21:33:52.631+0000] {processor.py:186} INFO - Started process (PID=777) to work on /home/airflow/.local/lib/python3.12/site-packages/airflow/example_dags/example_task_group.py
[2025-03-29T21:33:52.636+0000] {processor.py:914} INFO - Processing file /home/airflow/.local/lib/python3.12/site-packages/airflow/example_dags/example_task_group.py for tasks to queue
[2025-03-29T21:33:52.653+0000] {logging_mixin.py:190} INFO - [2025-03-29T21:33:52.649+0000] {dagbag.py:588} INFO - Filling up the DagBag from /home/airflow/.local/lib/python3.12/site-packages/airflow/example_dags/example_task_group.py
[2025-03-29T21:33:52.692+0000] {processor.py:925} INFO - DAG(s) 'example_task_group' retrieved from /home/airflow/.local/lib/python3.12/site-packages/airflow/example_dags/example_task_group.py
[2025-03-29T21:33:52.760+0000] {logging_mixin.py:190} INFO - [2025-03-29T21:33:52.759+0000] {dag.py:3239} INFO - Sync 1 DAGs
[2025-03-29T21:33:52.793+0000] {logging_mixin.py:190} INFO - [2025-03-29T21:33:52.793+0000] {dag.py:4180} INFO - Setting next_dagrun for example_task_group to None, run_after=None
[2025-03-29T21:33:52.829+0000] {processor.py:208} INFO - Processing /home/airflow/.local/lib/python3.12/site-packages/airflow/example_dags/example_task_group.py took 0.222 seconds
[2025-03-29T21:34:24.392+0000] {processor.py:186} INFO - Started process (PID=842) to work on /home/airflow/.local/lib/python3.12/site-packages/airflow/example_dags/example_task_group.py
[2025-03-29T21:34:24.395+0000] {processor.py:914} INFO - Processing file /home/airflow/.local/lib/python3.12/site-packages/airflow/example_dags/example_task_group.py for tasks to queue
[2025-03-29T21:34:24.403+0000] {logging_mixin.py:190} INFO - [2025-03-29T21:34:24.402+0000] {dagbag.py:588} INFO - Filling up the DagBag from /home/airflow/.local/lib/python3.12/site-packages/airflow/example_dags/example_task_group.py
[2025-03-29T21:34:24.425+0000] {processor.py:925} INFO - DAG(s) 'example_task_group' retrieved from /home/airflow/.local/lib/python3.12/site-packages/airflow/example_dags/example_task_group.py
[2025-03-29T21:34:24.500+0000] {logging_mixin.py:190} INFO - [2025-03-29T21:34:24.500+0000] {dag.py:3239} INFO - Sync 1 DAGs
[2025-03-29T21:34:24.563+0000] {logging_mixin.py:190} INFO - [2025-03-29T21:34:24.563+0000] {dag.py:4180} INFO - Setting next_dagrun for example_task_group to None, run_after=None
[2025-03-29T21:34:24.633+0000] {processor.py:208} INFO - Processing /home/airflow/.local/lib/python3.12/site-packages/airflow/example_dags/example_task_group.py took 0.255 seconds
[2025-03-29T21:34:57.879+0000] {processor.py:186} INFO - Started process (PID=909) to work on /home/airflow/.local/lib/python3.12/site-packages/airflow/example_dags/example_task_group.py
[2025-03-29T21:34:57.882+0000] {processor.py:914} INFO - Processing file /home/airflow/.local/lib/python3.12/site-packages/airflow/example_dags/example_task_group.py for tasks to queue
[2025-03-29T21:34:57.890+0000] {logging_mixin.py:190} INFO - [2025-03-29T21:34:57.889+0000] {dagbag.py:588} INFO - Filling up the DagBag from /home/airflow/.local/lib/python3.12/site-packages/airflow/example_dags/example_task_group.py
[2025-03-29T21:34:57.929+0000] {processor.py:925} INFO - DAG(s) 'example_task_group' retrieved from /home/airflow/.local/lib/python3.12/site-packages/airflow/example_dags/example_task_group.py
[2025-03-29T21:34:58.071+0000] {logging_mixin.py:190} INFO - [2025-03-29T21:34:58.071+0000] {dag.py:3239} INFO - Sync 1 DAGs
[2025-03-29T21:34:58.188+0000] {logging_mixin.py:190} INFO - [2025-03-29T21:34:58.187+0000] {dag.py:4180} INFO - Setting next_dagrun for example_task_group to None, run_after=None
[2025-03-29T21:34:58.285+0000] {processor.py:208} INFO - Processing /home/airflow/.local/lib/python3.12/site-packages/airflow/example_dags/example_task_group.py took 0.426 seconds
[2025-03-29T21:49:52.766+0000] {processor.py:186} INFO - Started process (PID=113) to work on /home/airflow/.local/lib/python3.12/site-packages/airflow/example_dags/example_task_group.py
[2025-03-29T21:49:52.769+0000] {processor.py:914} INFO - Processing file /home/airflow/.local/lib/python3.12/site-packages/airflow/example_dags/example_task_group.py for tasks to queue
[2025-03-29T21:49:52.780+0000] {logging_mixin.py:190} INFO - [2025-03-29T21:49:52.779+0000] {dagbag.py:588} INFO - Filling up the DagBag from /home/airflow/.local/lib/python3.12/site-packages/airflow/example_dags/example_task_group.py
[2025-03-29T21:49:52.866+0000] {processor.py:925} INFO - DAG(s) 'example_task_group' retrieved from /home/airflow/.local/lib/python3.12/site-packages/airflow/example_dags/example_task_group.py
[2025-03-29T21:49:53.529+0000] {logging_mixin.py:190} INFO - [2025-03-29T21:49:53.528+0000] {override.py:1912} INFO - Created Permission View: can read on DAG:example_task_group
[2025-03-29T21:49:53.550+0000] {logging_mixin.py:190} INFO - [2025-03-29T21:49:53.548+0000] {override.py:1912} INFO - Created Permission View: can delete on DAG:example_task_group
[2025-03-29T21:49:53.584+0000] {logging_mixin.py:190} INFO - [2025-03-29T21:49:53.583+0000] {override.py:1912} INFO - Created Permission View: can edit on DAG:example_task_group
[2025-03-29T21:49:53.616+0000] {logging_mixin.py:190} INFO - [2025-03-29T21:49:53.615+0000] {override.py:1912} INFO - Created Permission View: can read on DAG Run:example_task_group
[2025-03-29T21:49:53.645+0000] {logging_mixin.py:190} INFO - [2025-03-29T21:49:53.644+0000] {override.py:1912} INFO - Created Permission View: can delete on DAG Run:example_task_group
[2025-03-29T21:49:53.657+0000] {logging_mixin.py:190} INFO - [2025-03-29T21:49:53.656+0000] {override.py:1912} INFO - Created Permission View: can create on DAG Run:example_task_group
[2025-03-29T21:49:53.682+0000] {logging_mixin.py:190} INFO - [2025-03-29T21:49:53.682+0000] {override.py:1912} INFO - Created Permission View: menu access on DAG Run:example_task_group
[2025-03-29T21:49:53.685+0000] {logging_mixin.py:190} INFO - [2025-03-29T21:49:53.684+0000] {dag.py:3239} INFO - Sync 1 DAGs
[2025-03-29T21:49:53.755+0000] {logging_mixin.py:190} INFO - [2025-03-29T21:49:53.755+0000] {dag.py:3262} INFO - Creating ORM DAG for example_task_group
[2025-03-29T21:49:53.760+0000] {logging_mixin.py:190} INFO - [2025-03-29T21:49:53.759+0000] {dag.py:4180} INFO - Setting next_dagrun for example_task_group to None, run_after=None
[2025-03-29T21:49:53.850+0000] {processor.py:208} INFO - Processing /home/airflow/.local/lib/python3.12/site-packages/airflow/example_dags/example_task_group.py took 1.097 seconds
[2025-03-29T21:50:24.482+0000] {processor.py:186} INFO - Started process (PID=179) to work on /home/airflow/.local/lib/python3.12/site-packages/airflow/example_dags/example_task_group.py
[2025-03-29T21:50:24.484+0000] {processor.py:914} INFO - Processing file /home/airflow/.local/lib/python3.12/site-packages/airflow/example_dags/example_task_group.py for tasks to queue
[2025-03-29T21:50:24.489+0000] {logging_mixin.py:190} INFO - [2025-03-29T21:50:24.488+0000] {dagbag.py:588} INFO - Filling up the DagBag from /home/airflow/.local/lib/python3.12/site-packages/airflow/example_dags/example_task_group.py
[2025-03-29T21:50:24.507+0000] {processor.py:925} INFO - DAG(s) 'example_task_group' retrieved from /home/airflow/.local/lib/python3.12/site-packages/airflow/example_dags/example_task_group.py
[2025-03-29T21:50:24.547+0000] {logging_mixin.py:190} INFO - [2025-03-29T21:50:24.546+0000] {dag.py:3239} INFO - Sync 1 DAGs
[2025-03-29T21:50:24.574+0000] {logging_mixin.py:190} INFO - [2025-03-29T21:50:24.573+0000] {dag.py:4180} INFO - Setting next_dagrun for example_task_group to None, run_after=None
[2025-03-29T21:50:24.603+0000] {processor.py:208} INFO - Processing /home/airflow/.local/lib/python3.12/site-packages/airflow/example_dags/example_task_group.py took 0.134 seconds
[2025-03-29T21:50:54.866+0000] {processor.py:186} INFO - Started process (PID=246) to work on /home/airflow/.local/lib/python3.12/site-packages/airflow/example_dags/example_task_group.py
[2025-03-29T21:50:54.868+0000] {processor.py:914} INFO - Processing file /home/airflow/.local/lib/python3.12/site-packages/airflow/example_dags/example_task_group.py for tasks to queue
[2025-03-29T21:50:54.874+0000] {logging_mixin.py:190} INFO - [2025-03-29T21:50:54.873+0000] {dagbag.py:588} INFO - Filling up the DagBag from /home/airflow/.local/lib/python3.12/site-packages/airflow/example_dags/example_task_group.py
[2025-03-29T21:50:54.894+0000] {processor.py:925} INFO - DAG(s) 'example_task_group' retrieved from /home/airflow/.local/lib/python3.12/site-packages/airflow/example_dags/example_task_group.py
[2025-03-29T21:50:54.941+0000] {logging_mixin.py:190} INFO - [2025-03-29T21:50:54.940+0000] {dag.py:3239} INFO - Sync 1 DAGs
[2025-03-29T21:50:54.970+0000] {logging_mixin.py:190} INFO - [2025-03-29T21:50:54.970+0000] {dag.py:4180} INFO - Setting next_dagrun for example_task_group to None, run_after=None
[2025-03-29T21:50:54.999+0000] {processor.py:208} INFO - Processing /home/airflow/.local/lib/python3.12/site-packages/airflow/example_dags/example_task_group.py took 0.145 seconds
[2025-03-29T21:51:25.556+0000] {processor.py:186} INFO - Started process (PID=313) to work on /home/airflow/.local/lib/python3.12/site-packages/airflow/example_dags/example_task_group.py
[2025-03-29T21:51:25.558+0000] {processor.py:914} INFO - Processing file /home/airflow/.local/lib/python3.12/site-packages/airflow/example_dags/example_task_group.py for tasks to queue
[2025-03-29T21:51:25.562+0000] {logging_mixin.py:190} INFO - [2025-03-29T21:51:25.562+0000] {dagbag.py:588} INFO - Filling up the DagBag from /home/airflow/.local/lib/python3.12/site-packages/airflow/example_dags/example_task_group.py
[2025-03-29T21:51:25.587+0000] {processor.py:925} INFO - DAG(s) 'example_task_group' retrieved from /home/airflow/.local/lib/python3.12/site-packages/airflow/example_dags/example_task_group.py
[2025-03-29T21:51:25.640+0000] {logging_mixin.py:190} INFO - [2025-03-29T21:51:25.640+0000] {dag.py:3239} INFO - Sync 1 DAGs
[2025-03-29T21:51:25.666+0000] {logging_mixin.py:190} INFO - [2025-03-29T21:51:25.665+0000] {dag.py:4180} INFO - Setting next_dagrun for example_task_group to None, run_after=None
[2025-03-29T21:51:25.700+0000] {processor.py:208} INFO - Processing /home/airflow/.local/lib/python3.12/site-packages/airflow/example_dags/example_task_group.py took 0.156 seconds
[2025-03-29T21:51:56.377+0000] {processor.py:186} INFO - Started process (PID=379) to work on /home/airflow/.local/lib/python3.12/site-packages/airflow/example_dags/example_task_group.py
[2025-03-29T21:51:56.379+0000] {processor.py:914} INFO - Processing file /home/airflow/.local/lib/python3.12/site-packages/airflow/example_dags/example_task_group.py for tasks to queue
[2025-03-29T21:51:56.385+0000] {logging_mixin.py:190} INFO - [2025-03-29T21:51:56.383+0000] {dagbag.py:588} INFO - Filling up the DagBag from /home/airflow/.local/lib/python3.12/site-packages/airflow/example_dags/example_task_group.py
[2025-03-29T21:51:56.405+0000] {processor.py:925} INFO - DAG(s) 'example_task_group' retrieved from /home/airflow/.local/lib/python3.12/site-packages/airflow/example_dags/example_task_group.py
[2025-03-29T21:51:56.479+0000] {logging_mixin.py:190} INFO - [2025-03-29T21:51:56.479+0000] {dag.py:3239} INFO - Sync 1 DAGs
[2025-03-29T21:51:56.507+0000] {logging_mixin.py:190} INFO - [2025-03-29T21:51:56.506+0000] {dag.py:4180} INFO - Setting next_dagrun for example_task_group to None, run_after=None
[2025-03-29T21:51:56.559+0000] {processor.py:208} INFO - Processing /home/airflow/.local/lib/python3.12/site-packages/airflow/example_dags/example_task_group.py took 0.199 seconds
[2025-03-29T21:52:26.718+0000] {processor.py:186} INFO - Started process (PID=445) to work on /home/airflow/.local/lib/python3.12/site-packages/airflow/example_dags/example_task_group.py
[2025-03-29T21:52:26.719+0000] {processor.py:914} INFO - Processing file /home/airflow/.local/lib/python3.12/site-packages/airflow/example_dags/example_task_group.py for tasks to queue
[2025-03-29T21:52:26.725+0000] {logging_mixin.py:190} INFO - [2025-03-29T21:52:26.724+0000] {dagbag.py:588} INFO - Filling up the DagBag from /home/airflow/.local/lib/python3.12/site-packages/airflow/example_dags/example_task_group.py
[2025-03-29T21:52:26.751+0000] {processor.py:925} INFO - DAG(s) 'example_task_group' retrieved from /home/airflow/.local/lib/python3.12/site-packages/airflow/example_dags/example_task_group.py
[2025-03-29T21:52:26.796+0000] {logging_mixin.py:190} INFO - [2025-03-29T21:52:26.796+0000] {dag.py:3239} INFO - Sync 1 DAGs
[2025-03-29T21:52:26.821+0000] {logging_mixin.py:190} INFO - [2025-03-29T21:52:26.821+0000] {dag.py:4180} INFO - Setting next_dagrun for example_task_group to None, run_after=None
[2025-03-29T21:52:26.851+0000] {processor.py:208} INFO - Processing /home/airflow/.local/lib/python3.12/site-packages/airflow/example_dags/example_task_group.py took 0.146 seconds
[2025-03-29T21:52:57.368+0000] {processor.py:186} INFO - Started process (PID=512) to work on /home/airflow/.local/lib/python3.12/site-packages/airflow/example_dags/example_task_group.py
[2025-03-29T21:52:57.370+0000] {processor.py:914} INFO - Processing file /home/airflow/.local/lib/python3.12/site-packages/airflow/example_dags/example_task_group.py for tasks to queue
[2025-03-29T21:52:57.375+0000] {logging_mixin.py:190} INFO - [2025-03-29T21:52:57.374+0000] {dagbag.py:588} INFO - Filling up the DagBag from /home/airflow/.local/lib/python3.12/site-packages/airflow/example_dags/example_task_group.py
[2025-03-29T21:52:57.409+0000] {processor.py:925} INFO - DAG(s) 'example_task_group' retrieved from /home/airflow/.local/lib/python3.12/site-packages/airflow/example_dags/example_task_group.py
[2025-03-29T21:52:57.453+0000] {logging_mixin.py:190} INFO - [2025-03-29T21:52:57.452+0000] {dag.py:3239} INFO - Sync 1 DAGs
[2025-03-29T21:52:57.480+0000] {logging_mixin.py:190} INFO - [2025-03-29T21:52:57.480+0000] {dag.py:4180} INFO - Setting next_dagrun for example_task_group to None, run_after=None
[2025-03-29T21:52:57.510+0000] {processor.py:208} INFO - Processing /home/airflow/.local/lib/python3.12/site-packages/airflow/example_dags/example_task_group.py took 0.159 seconds
[2025-03-29T21:53:27.696+0000] {processor.py:186} INFO - Started process (PID=579) to work on /home/airflow/.local/lib/python3.12/site-packages/airflow/example_dags/example_task_group.py
[2025-03-29T21:53:27.699+0000] {processor.py:914} INFO - Processing file /home/airflow/.local/lib/python3.12/site-packages/airflow/example_dags/example_task_group.py for tasks to queue
[2025-03-29T21:53:27.711+0000] {logging_mixin.py:190} INFO - [2025-03-29T21:53:27.709+0000] {dagbag.py:588} INFO - Filling up the DagBag from /home/airflow/.local/lib/python3.12/site-packages/airflow/example_dags/example_task_group.py
[2025-03-29T21:53:27.732+0000] {processor.py:925} INFO - DAG(s) 'example_task_group' retrieved from /home/airflow/.local/lib/python3.12/site-packages/airflow/example_dags/example_task_group.py
[2025-03-29T21:53:27.791+0000] {logging_mixin.py:190} INFO - [2025-03-29T21:53:27.791+0000] {dag.py:3239} INFO - Sync 1 DAGs
[2025-03-29T21:53:27.827+0000] {logging_mixin.py:190} INFO - [2025-03-29T21:53:27.827+0000] {dag.py:4180} INFO - Setting next_dagrun for example_task_group to None, run_after=None
[2025-03-29T21:53:27.880+0000] {processor.py:208} INFO - Processing /home/airflow/.local/lib/python3.12/site-packages/airflow/example_dags/example_task_group.py took 0.197 seconds
[2025-03-29T21:53:59.544+0000] {processor.py:186} INFO - Started process (PID=652) to work on /home/airflow/.local/lib/python3.12/site-packages/airflow/example_dags/example_task_group.py
[2025-03-29T21:53:59.546+0000] {processor.py:914} INFO - Processing file /home/airflow/.local/lib/python3.12/site-packages/airflow/example_dags/example_task_group.py for tasks to queue
[2025-03-29T21:53:59.552+0000] {logging_mixin.py:190} INFO - [2025-03-29T21:53:59.551+0000] {dagbag.py:588} INFO - Filling up the DagBag from /home/airflow/.local/lib/python3.12/site-packages/airflow/example_dags/example_task_group.py
[2025-03-29T21:53:59.576+0000] {processor.py:925} INFO - DAG(s) 'example_task_group' retrieved from /home/airflow/.local/lib/python3.12/site-packages/airflow/example_dags/example_task_group.py
[2025-03-29T21:53:59.634+0000] {logging_mixin.py:190} INFO - [2025-03-29T21:53:59.633+0000] {dag.py:3239} INFO - Sync 1 DAGs
[2025-03-29T21:53:59.661+0000] {logging_mixin.py:190} INFO - [2025-03-29T21:53:59.660+0000] {dag.py:4180} INFO - Setting next_dagrun for example_task_group to None, run_after=None
[2025-03-29T21:53:59.696+0000] {processor.py:208} INFO - Processing /home/airflow/.local/lib/python3.12/site-packages/airflow/example_dags/example_task_group.py took 0.166 seconds
[2025-03-29T21:54:31.271+0000] {processor.py:186} INFO - Started process (PID=719) to work on /home/airflow/.local/lib/python3.12/site-packages/airflow/example_dags/example_task_group.py
[2025-03-29T21:54:31.282+0000] {processor.py:914} INFO - Processing file /home/airflow/.local/lib/python3.12/site-packages/airflow/example_dags/example_task_group.py for tasks to queue
[2025-03-29T21:54:31.287+0000] {logging_mixin.py:190} INFO - [2025-03-29T21:54:31.286+0000] {dagbag.py:588} INFO - Filling up the DagBag from /home/airflow/.local/lib/python3.12/site-packages/airflow/example_dags/example_task_group.py
[2025-03-29T21:54:31.307+0000] {processor.py:925} INFO - DAG(s) 'example_task_group' retrieved from /home/airflow/.local/lib/python3.12/site-packages/airflow/example_dags/example_task_group.py
[2025-03-29T21:54:31.348+0000] {logging_mixin.py:190} INFO - [2025-03-29T21:54:31.348+0000] {dag.py:3239} INFO - Sync 1 DAGs
[2025-03-29T21:54:31.376+0000] {logging_mixin.py:190} INFO - [2025-03-29T21:54:31.375+0000] {dag.py:4180} INFO - Setting next_dagrun for example_task_group to None, run_after=None
[2025-03-29T21:54:31.408+0000] {processor.py:208} INFO - Processing /home/airflow/.local/lib/python3.12/site-packages/airflow/example_dags/example_task_group.py took 0.150 seconds
[2025-03-29T23:13:59.038+0000] {processor.py:186} INFO - Started process (PID=116) to work on /home/airflow/.local/lib/python3.12/site-packages/airflow/example_dags/example_task_group.py
[2025-03-29T23:13:59.044+0000] {processor.py:914} INFO - Processing file /home/airflow/.local/lib/python3.12/site-packages/airflow/example_dags/example_task_group.py for tasks to queue
[2025-03-29T23:13:59.053+0000] {logging_mixin.py:190} INFO - [2025-03-29T23:13:59.052+0000] {dagbag.py:588} INFO - Filling up the DagBag from /home/airflow/.local/lib/python3.12/site-packages/airflow/example_dags/example_task_group.py
[2025-03-29T23:13:59.079+0000] {processor.py:925} INFO - DAG(s) 'example_task_group' retrieved from /home/airflow/.local/lib/python3.12/site-packages/airflow/example_dags/example_task_group.py
[2025-03-29T23:13:59.400+0000] {logging_mixin.py:190} INFO - [2025-03-29T23:13:59.391+0000] {override.py:1912} INFO - Created Permission View: can delete on DAG:example_task_group
[2025-03-29T23:13:59.457+0000] {logging_mixin.py:190} INFO - [2025-03-29T23:13:59.457+0000] {override.py:1912} INFO - Created Permission View: can edit on DAG:example_task_group
[2025-03-29T23:13:59.487+0000] {logging_mixin.py:190} INFO - [2025-03-29T23:13:59.487+0000] {override.py:1912} INFO - Created Permission View: can read on DAG:example_task_group
[2025-03-29T23:13:59.521+0000] {logging_mixin.py:190} INFO - [2025-03-29T23:13:59.520+0000] {override.py:1912} INFO - Created Permission View: can create on DAG Run:example_task_group
[2025-03-29T23:13:59.553+0000] {logging_mixin.py:190} INFO - [2025-03-29T23:13:59.552+0000] {override.py:1912} INFO - Created Permission View: can delete on DAG Run:example_task_group
[2025-03-29T23:13:59.595+0000] {logging_mixin.py:190} INFO - [2025-03-29T23:13:59.595+0000] {override.py:1912} INFO - Created Permission View: menu access on DAG Run:example_task_group
[2025-03-29T23:13:59.647+0000] {logging_mixin.py:190} INFO - [2025-03-29T23:13:59.647+0000] {override.py:1912} INFO - Created Permission View: can read on DAG Run:example_task_group
[2025-03-29T23:13:59.648+0000] {logging_mixin.py:190} INFO - [2025-03-29T23:13:59.648+0000] {dag.py:3239} INFO - Sync 1 DAGs
[2025-03-29T23:13:59.770+0000] {logging_mixin.py:190} INFO - [2025-03-29T23:13:59.764+0000] {dag.py:3262} INFO - Creating ORM DAG for example_task_group
[2025-03-29T23:13:59.778+0000] {logging_mixin.py:190} INFO - [2025-03-29T23:13:59.778+0000] {dag.py:4180} INFO - Setting next_dagrun for example_task_group to None, run_after=None
[2025-03-29T23:13:59.932+0000] {processor.py:208} INFO - Processing /home/airflow/.local/lib/python3.12/site-packages/airflow/example_dags/example_task_group.py took 0.925 seconds
[2025-03-29T23:14:30.660+0000] {processor.py:186} INFO - Started process (PID=183) to work on /home/airflow/.local/lib/python3.12/site-packages/airflow/example_dags/example_task_group.py
[2025-03-29T23:14:30.663+0000] {processor.py:914} INFO - Processing file /home/airflow/.local/lib/python3.12/site-packages/airflow/example_dags/example_task_group.py for tasks to queue
[2025-03-29T23:14:30.668+0000] {logging_mixin.py:190} INFO - [2025-03-29T23:14:30.667+0000] {dagbag.py:588} INFO - Filling up the DagBag from /home/airflow/.local/lib/python3.12/site-packages/airflow/example_dags/example_task_group.py
[2025-03-29T23:14:30.689+0000] {processor.py:925} INFO - DAG(s) 'example_task_group' retrieved from /home/airflow/.local/lib/python3.12/site-packages/airflow/example_dags/example_task_group.py
[2025-03-29T23:14:30.736+0000] {logging_mixin.py:190} INFO - [2025-03-29T23:14:30.736+0000] {dag.py:3239} INFO - Sync 1 DAGs
[2025-03-29T23:14:30.762+0000] {logging_mixin.py:190} INFO - [2025-03-29T23:14:30.762+0000] {dag.py:4180} INFO - Setting next_dagrun for example_task_group to None, run_after=None
[2025-03-29T23:14:30.793+0000] {processor.py:208} INFO - Processing /home/airflow/.local/lib/python3.12/site-packages/airflow/example_dags/example_task_group.py took 0.147 seconds
[2025-03-29T23:15:01.541+0000] {processor.py:186} INFO - Started process (PID=249) to work on /home/airflow/.local/lib/python3.12/site-packages/airflow/example_dags/example_task_group.py
[2025-03-29T23:15:01.546+0000] {processor.py:914} INFO - Processing file /home/airflow/.local/lib/python3.12/site-packages/airflow/example_dags/example_task_group.py for tasks to queue
[2025-03-29T23:15:01.553+0000] {logging_mixin.py:190} INFO - [2025-03-29T23:15:01.552+0000] {dagbag.py:588} INFO - Filling up the DagBag from /home/airflow/.local/lib/python3.12/site-packages/airflow/example_dags/example_task_group.py
[2025-03-29T23:15:01.580+0000] {processor.py:925} INFO - DAG(s) 'example_task_group' retrieved from /home/airflow/.local/lib/python3.12/site-packages/airflow/example_dags/example_task_group.py
[2025-03-29T23:15:01.635+0000] {logging_mixin.py:190} INFO - [2025-03-29T23:15:01.635+0000] {dag.py:3239} INFO - Sync 1 DAGs
[2025-03-29T23:15:01.662+0000] {logging_mixin.py:190} INFO - [2025-03-29T23:15:01.661+0000] {dag.py:4180} INFO - Setting next_dagrun for example_task_group to None, run_after=None
[2025-03-29T23:15:01.699+0000] {processor.py:208} INFO - Processing /home/airflow/.local/lib/python3.12/site-packages/airflow/example_dags/example_task_group.py took 0.197 seconds
[2025-03-29T23:15:33.107+0000] {processor.py:186} INFO - Started process (PID=316) to work on /home/airflow/.local/lib/python3.12/site-packages/airflow/example_dags/example_task_group.py
[2025-03-29T23:15:33.122+0000] {processor.py:914} INFO - Processing file /home/airflow/.local/lib/python3.12/site-packages/airflow/example_dags/example_task_group.py for tasks to queue
[2025-03-29T23:15:33.134+0000] {logging_mixin.py:190} INFO - [2025-03-29T23:15:33.133+0000] {dagbag.py:588} INFO - Filling up the DagBag from /home/airflow/.local/lib/python3.12/site-packages/airflow/example_dags/example_task_group.py
[2025-03-29T23:15:33.192+0000] {processor.py:925} INFO - DAG(s) 'example_task_group' retrieved from /home/airflow/.local/lib/python3.12/site-packages/airflow/example_dags/example_task_group.py
[2025-03-29T23:15:33.304+0000] {logging_mixin.py:190} INFO - [2025-03-29T23:15:33.302+0000] {dag.py:3239} INFO - Sync 1 DAGs
[2025-03-29T23:15:33.370+0000] {logging_mixin.py:190} INFO - [2025-03-29T23:15:33.370+0000] {dag.py:4180} INFO - Setting next_dagrun for example_task_group to None, run_after=None
[2025-03-29T23:15:33.431+0000] {processor.py:208} INFO - Processing /home/airflow/.local/lib/python3.12/site-packages/airflow/example_dags/example_task_group.py took 0.378 seconds
[2025-03-29T23:16:06.820+0000] {processor.py:186} INFO - Started process (PID=388) to work on /home/airflow/.local/lib/python3.12/site-packages/airflow/example_dags/example_task_group.py
[2025-03-29T23:16:06.828+0000] {processor.py:914} INFO - Processing file /home/airflow/.local/lib/python3.12/site-packages/airflow/example_dags/example_task_group.py for tasks to queue
[2025-03-29T23:16:06.850+0000] {logging_mixin.py:190} INFO - [2025-03-29T23:16:06.849+0000] {dagbag.py:588} INFO - Filling up the DagBag from /home/airflow/.local/lib/python3.12/site-packages/airflow/example_dags/example_task_group.py
[2025-03-29T23:16:06.940+0000] {processor.py:925} INFO - DAG(s) 'example_task_group' retrieved from /home/airflow/.local/lib/python3.12/site-packages/airflow/example_dags/example_task_group.py
[2025-03-29T23:16:07.131+0000] {logging_mixin.py:190} INFO - [2025-03-29T23:16:07.130+0000] {dag.py:3239} INFO - Sync 1 DAGs
[2025-03-29T23:16:07.272+0000] {logging_mixin.py:190} INFO - [2025-03-29T23:16:07.272+0000] {dag.py:4180} INFO - Setting next_dagrun for example_task_group to None, run_after=None
[2025-03-29T23:16:07.426+0000] {processor.py:208} INFO - Processing /home/airflow/.local/lib/python3.12/site-packages/airflow/example_dags/example_task_group.py took 0.645 seconds
[2025-03-29T23:16:38.482+0000] {processor.py:186} INFO - Started process (PID=456) to work on /home/airflow/.local/lib/python3.12/site-packages/airflow/example_dags/example_task_group.py
[2025-03-29T23:16:38.489+0000] {processor.py:914} INFO - Processing file /home/airflow/.local/lib/python3.12/site-packages/airflow/example_dags/example_task_group.py for tasks to queue
[2025-03-29T23:16:38.513+0000] {logging_mixin.py:190} INFO - [2025-03-29T23:16:38.507+0000] {dagbag.py:588} INFO - Filling up the DagBag from /home/airflow/.local/lib/python3.12/site-packages/airflow/example_dags/example_task_group.py
[2025-03-29T23:16:38.630+0000] {processor.py:925} INFO - DAG(s) 'example_task_group' retrieved from /home/airflow/.local/lib/python3.12/site-packages/airflow/example_dags/example_task_group.py
[2025-03-29T23:16:38.897+0000] {logging_mixin.py:190} INFO - [2025-03-29T23:16:38.895+0000] {dag.py:3239} INFO - Sync 1 DAGs
[2025-03-29T23:16:39.002+0000] {logging_mixin.py:190} INFO - [2025-03-29T23:16:39.001+0000] {dag.py:4180} INFO - Setting next_dagrun for example_task_group to None, run_after=None
[2025-03-29T23:16:39.120+0000] {processor.py:208} INFO - Processing /home/airflow/.local/lib/python3.12/site-packages/airflow/example_dags/example_task_group.py took 0.662 seconds
[2025-03-29T23:17:09.744+0000] {processor.py:186} INFO - Started process (PID=523) to work on /home/airflow/.local/lib/python3.12/site-packages/airflow/example_dags/example_task_group.py
[2025-03-29T23:17:09.749+0000] {processor.py:914} INFO - Processing file /home/airflow/.local/lib/python3.12/site-packages/airflow/example_dags/example_task_group.py for tasks to queue
[2025-03-29T23:17:09.755+0000] {logging_mixin.py:190} INFO - [2025-03-29T23:17:09.755+0000] {dagbag.py:588} INFO - Filling up the DagBag from /home/airflow/.local/lib/python3.12/site-packages/airflow/example_dags/example_task_group.py
[2025-03-29T23:17:09.776+0000] {processor.py:925} INFO - DAG(s) 'example_task_group' retrieved from /home/airflow/.local/lib/python3.12/site-packages/airflow/example_dags/example_task_group.py
[2025-03-29T23:17:09.828+0000] {logging_mixin.py:190} INFO - [2025-03-29T23:17:09.827+0000] {dag.py:3239} INFO - Sync 1 DAGs
[2025-03-29T23:17:09.855+0000] {logging_mixin.py:190} INFO - [2025-03-29T23:17:09.854+0000] {dag.py:4180} INFO - Setting next_dagrun for example_task_group to None, run_after=None
[2025-03-29T23:17:09.893+0000] {processor.py:208} INFO - Processing /home/airflow/.local/lib/python3.12/site-packages/airflow/example_dags/example_task_group.py took 0.161 seconds
[2025-03-29T23:34:34.236+0000] {processor.py:186} INFO - Started process (PID=113) to work on /home/airflow/.local/lib/python3.12/site-packages/airflow/example_dags/example_task_group.py
[2025-03-29T23:34:34.239+0000] {processor.py:914} INFO - Processing file /home/airflow/.local/lib/python3.12/site-packages/airflow/example_dags/example_task_group.py for tasks to queue
[2025-03-29T23:34:34.247+0000] {logging_mixin.py:190} INFO - [2025-03-29T23:34:34.246+0000] {dagbag.py:588} INFO - Filling up the DagBag from /home/airflow/.local/lib/python3.12/site-packages/airflow/example_dags/example_task_group.py
[2025-03-29T23:34:34.296+0000] {processor.py:925} INFO - DAG(s) 'example_task_group' retrieved from /home/airflow/.local/lib/python3.12/site-packages/airflow/example_dags/example_task_group.py
[2025-03-29T23:34:34.863+0000] {logging_mixin.py:190} INFO - [2025-03-29T23:34:34.862+0000] {override.py:1912} INFO - Created Permission View: can read on DAG:example_task_group
[2025-03-29T23:34:34.931+0000] {logging_mixin.py:190} INFO - [2025-03-29T23:34:34.931+0000] {override.py:1912} INFO - Created Permission View: can delete on DAG:example_task_group
[2025-03-29T23:34:34.996+0000] {logging_mixin.py:190} INFO - [2025-03-29T23:34:34.990+0000] {override.py:1912} INFO - Created Permission View: can edit on DAG:example_task_group
[2025-03-29T23:34:35.052+0000] {logging_mixin.py:190} INFO - [2025-03-29T23:34:35.051+0000] {override.py:1912} INFO - Created Permission View: can create on DAG Run:example_task_group
[2025-03-29T23:34:35.099+0000] {logging_mixin.py:190} INFO - [2025-03-29T23:34:35.098+0000] {override.py:1912} INFO - Created Permission View: menu access on DAG Run:example_task_group
[2025-03-29T23:34:35.133+0000] {logging_mixin.py:190} INFO - [2025-03-29T23:34:35.133+0000] {override.py:1912} INFO - Created Permission View: can read on DAG Run:example_task_group
[2025-03-29T23:34:35.180+0000] {logging_mixin.py:190} INFO - [2025-03-29T23:34:35.179+0000] {override.py:1912} INFO - Created Permission View: can delete on DAG Run:example_task_group
[2025-03-29T23:34:35.183+0000] {logging_mixin.py:190} INFO - [2025-03-29T23:34:35.182+0000] {dag.py:3239} INFO - Sync 1 DAGs
[2025-03-29T23:34:35.260+0000] {logging_mixin.py:190} INFO - [2025-03-29T23:34:35.259+0000] {dag.py:3262} INFO - Creating ORM DAG for example_task_group
[2025-03-29T23:34:35.261+0000] {logging_mixin.py:190} INFO - [2025-03-29T23:34:35.261+0000] {dag.py:4180} INFO - Setting next_dagrun for example_task_group to None, run_after=None
[2025-03-29T23:34:35.300+0000] {processor.py:208} INFO - Processing /home/airflow/.local/lib/python3.12/site-packages/airflow/example_dags/example_task_group.py took 1.084 seconds
[2025-03-29T23:35:05.553+0000] {processor.py:186} INFO - Started process (PID=180) to work on /home/airflow/.local/lib/python3.12/site-packages/airflow/example_dags/example_task_group.py
[2025-03-29T23:35:05.556+0000] {processor.py:914} INFO - Processing file /home/airflow/.local/lib/python3.12/site-packages/airflow/example_dags/example_task_group.py for tasks to queue
[2025-03-29T23:35:05.562+0000] {logging_mixin.py:190} INFO - [2025-03-29T23:35:05.561+0000] {dagbag.py:588} INFO - Filling up the DagBag from /home/airflow/.local/lib/python3.12/site-packages/airflow/example_dags/example_task_group.py
[2025-03-29T23:35:05.587+0000] {processor.py:925} INFO - DAG(s) 'example_task_group' retrieved from /home/airflow/.local/lib/python3.12/site-packages/airflow/example_dags/example_task_group.py
[2025-03-29T23:35:05.652+0000] {logging_mixin.py:190} INFO - [2025-03-29T23:35:05.651+0000] {dag.py:3239} INFO - Sync 1 DAGs
[2025-03-29T23:35:05.680+0000] {logging_mixin.py:190} INFO - [2025-03-29T23:35:05.679+0000] {dag.py:4180} INFO - Setting next_dagrun for example_task_group to None, run_after=None
[2025-03-29T23:35:05.710+0000] {processor.py:208} INFO - Processing /home/airflow/.local/lib/python3.12/site-packages/airflow/example_dags/example_task_group.py took 0.174 seconds
[2025-03-29T23:35:36.269+0000] {processor.py:186} INFO - Started process (PID=247) to work on /home/airflow/.local/lib/python3.12/site-packages/airflow/example_dags/example_task_group.py
[2025-03-29T23:35:36.271+0000] {processor.py:914} INFO - Processing file /home/airflow/.local/lib/python3.12/site-packages/airflow/example_dags/example_task_group.py for tasks to queue
[2025-03-29T23:35:36.277+0000] {logging_mixin.py:190} INFO - [2025-03-29T23:35:36.276+0000] {dagbag.py:588} INFO - Filling up the DagBag from /home/airflow/.local/lib/python3.12/site-packages/airflow/example_dags/example_task_group.py
[2025-03-29T23:35:36.298+0000] {processor.py:925} INFO - DAG(s) 'example_task_group' retrieved from /home/airflow/.local/lib/python3.12/site-packages/airflow/example_dags/example_task_group.py
[2025-03-29T23:35:36.343+0000] {logging_mixin.py:190} INFO - [2025-03-29T23:35:36.343+0000] {dag.py:3239} INFO - Sync 1 DAGs
[2025-03-29T23:35:36.370+0000] {logging_mixin.py:190} INFO - [2025-03-29T23:35:36.369+0000] {dag.py:4180} INFO - Setting next_dagrun for example_task_group to None, run_after=None
[2025-03-29T23:35:36.404+0000] {processor.py:208} INFO - Processing /home/airflow/.local/lib/python3.12/site-packages/airflow/example_dags/example_task_group.py took 0.150 seconds
[2025-03-29T23:36:06.594+0000] {processor.py:186} INFO - Started process (PID=314) to work on /home/airflow/.local/lib/python3.12/site-packages/airflow/example_dags/example_task_group.py
[2025-03-29T23:36:06.597+0000] {processor.py:914} INFO - Processing file /home/airflow/.local/lib/python3.12/site-packages/airflow/example_dags/example_task_group.py for tasks to queue
[2025-03-29T23:36:06.602+0000] {logging_mixin.py:190} INFO - [2025-03-29T23:36:06.601+0000] {dagbag.py:588} INFO - Filling up the DagBag from /home/airflow/.local/lib/python3.12/site-packages/airflow/example_dags/example_task_group.py
[2025-03-29T23:36:06.628+0000] {processor.py:925} INFO - DAG(s) 'example_task_group' retrieved from /home/airflow/.local/lib/python3.12/site-packages/airflow/example_dags/example_task_group.py
[2025-03-29T23:36:06.683+0000] {logging_mixin.py:190} INFO - [2025-03-29T23:36:06.682+0000] {dag.py:3239} INFO - Sync 1 DAGs
[2025-03-29T23:36:06.715+0000] {logging_mixin.py:190} INFO - [2025-03-29T23:36:06.714+0000] {dag.py:4180} INFO - Setting next_dagrun for example_task_group to None, run_after=None
[2025-03-29T23:36:06.748+0000] {processor.py:208} INFO - Processing /home/airflow/.local/lib/python3.12/site-packages/airflow/example_dags/example_task_group.py took 0.176 seconds
[2025-03-29T23:36:36.867+0000] {processor.py:186} INFO - Started process (PID=380) to work on /home/airflow/.local/lib/python3.12/site-packages/airflow/example_dags/example_task_group.py
[2025-03-29T23:36:36.869+0000] {processor.py:914} INFO - Processing file /home/airflow/.local/lib/python3.12/site-packages/airflow/example_dags/example_task_group.py for tasks to queue
[2025-03-29T23:36:36.874+0000] {logging_mixin.py:190} INFO - [2025-03-29T23:36:36.873+0000] {dagbag.py:588} INFO - Filling up the DagBag from /home/airflow/.local/lib/python3.12/site-packages/airflow/example_dags/example_task_group.py
[2025-03-29T23:36:36.894+0000] {processor.py:925} INFO - DAG(s) 'example_task_group' retrieved from /home/airflow/.local/lib/python3.12/site-packages/airflow/example_dags/example_task_group.py
[2025-03-29T23:36:36.944+0000] {logging_mixin.py:190} INFO - [2025-03-29T23:36:36.943+0000] {dag.py:3239} INFO - Sync 1 DAGs
[2025-03-29T23:36:36.972+0000] {logging_mixin.py:190} INFO - [2025-03-29T23:36:36.971+0000] {dag.py:4180} INFO - Setting next_dagrun for example_task_group to None, run_after=None
[2025-03-29T23:36:37.001+0000] {processor.py:208} INFO - Processing /home/airflow/.local/lib/python3.12/site-packages/airflow/example_dags/example_task_group.py took 0.147 seconds
[2025-03-29T23:37:07.418+0000] {processor.py:186} INFO - Started process (PID=447) to work on /home/airflow/.local/lib/python3.12/site-packages/airflow/example_dags/example_task_group.py
[2025-03-29T23:37:07.420+0000] {processor.py:914} INFO - Processing file /home/airflow/.local/lib/python3.12/site-packages/airflow/example_dags/example_task_group.py for tasks to queue
[2025-03-29T23:37:07.425+0000] {logging_mixin.py:190} INFO - [2025-03-29T23:37:07.424+0000] {dagbag.py:588} INFO - Filling up the DagBag from /home/airflow/.local/lib/python3.12/site-packages/airflow/example_dags/example_task_group.py
[2025-03-29T23:37:07.445+0000] {processor.py:925} INFO - DAG(s) 'example_task_group' retrieved from /home/airflow/.local/lib/python3.12/site-packages/airflow/example_dags/example_task_group.py
[2025-03-29T23:37:07.488+0000] {logging_mixin.py:190} INFO - [2025-03-29T23:37:07.487+0000] {dag.py:3239} INFO - Sync 1 DAGs
[2025-03-29T23:37:07.513+0000] {logging_mixin.py:190} INFO - [2025-03-29T23:37:07.513+0000] {dag.py:4180} INFO - Setting next_dagrun for example_task_group to None, run_after=None
[2025-03-29T23:37:07.543+0000] {processor.py:208} INFO - Processing /home/airflow/.local/lib/python3.12/site-packages/airflow/example_dags/example_task_group.py took 0.139 seconds
[2025-03-29T23:37:37.920+0000] {processor.py:186} INFO - Started process (PID=514) to work on /home/airflow/.local/lib/python3.12/site-packages/airflow/example_dags/example_task_group.py
[2025-03-29T23:37:37.923+0000] {processor.py:914} INFO - Processing file /home/airflow/.local/lib/python3.12/site-packages/airflow/example_dags/example_task_group.py for tasks to queue
[2025-03-29T23:37:37.932+0000] {logging_mixin.py:190} INFO - [2025-03-29T23:37:37.930+0000] {dagbag.py:588} INFO - Filling up the DagBag from /home/airflow/.local/lib/python3.12/site-packages/airflow/example_dags/example_task_group.py
[2025-03-29T23:37:37.962+0000] {processor.py:925} INFO - DAG(s) 'example_task_group' retrieved from /home/airflow/.local/lib/python3.12/site-packages/airflow/example_dags/example_task_group.py
[2025-03-29T23:37:38.031+0000] {logging_mixin.py:190} INFO - [2025-03-29T23:37:38.031+0000] {dag.py:3239} INFO - Sync 1 DAGs
[2025-03-29T23:37:38.074+0000] {logging_mixin.py:190} INFO - [2025-03-29T23:37:38.074+0000] {dag.py:4180} INFO - Setting next_dagrun for example_task_group to None, run_after=None
[2025-03-29T23:37:38.105+0000] {processor.py:208} INFO - Processing /home/airflow/.local/lib/python3.12/site-packages/airflow/example_dags/example_task_group.py took 0.213 seconds
[2025-03-29T23:38:08.690+0000] {processor.py:186} INFO - Started process (PID=580) to work on /home/airflow/.local/lib/python3.12/site-packages/airflow/example_dags/example_task_group.py
[2025-03-29T23:38:08.692+0000] {processor.py:914} INFO - Processing file /home/airflow/.local/lib/python3.12/site-packages/airflow/example_dags/example_task_group.py for tasks to queue
[2025-03-29T23:38:08.697+0000] {logging_mixin.py:190} INFO - [2025-03-29T23:38:08.696+0000] {dagbag.py:588} INFO - Filling up the DagBag from /home/airflow/.local/lib/python3.12/site-packages/airflow/example_dags/example_task_group.py
[2025-03-29T23:38:08.720+0000] {processor.py:925} INFO - DAG(s) 'example_task_group' retrieved from /home/airflow/.local/lib/python3.12/site-packages/airflow/example_dags/example_task_group.py
[2025-03-29T23:38:08.772+0000] {logging_mixin.py:190} INFO - [2025-03-29T23:38:08.772+0000] {dag.py:3239} INFO - Sync 1 DAGs
[2025-03-29T23:38:08.801+0000] {logging_mixin.py:190} INFO - [2025-03-29T23:38:08.801+0000] {dag.py:4180} INFO - Setting next_dagrun for example_task_group to None, run_after=None
[2025-03-29T23:38:08.846+0000] {processor.py:208} INFO - Processing /home/airflow/.local/lib/python3.12/site-packages/airflow/example_dags/example_task_group.py took 0.172 seconds
[2025-03-29T23:38:39.187+0000] {processor.py:186} INFO - Started process (PID=647) to work on /home/airflow/.local/lib/python3.12/site-packages/airflow/example_dags/example_task_group.py
[2025-03-29T23:38:39.190+0000] {processor.py:914} INFO - Processing file /home/airflow/.local/lib/python3.12/site-packages/airflow/example_dags/example_task_group.py for tasks to queue
[2025-03-29T23:38:39.196+0000] {logging_mixin.py:190} INFO - [2025-03-29T23:38:39.194+0000] {dagbag.py:588} INFO - Filling up the DagBag from /home/airflow/.local/lib/python3.12/site-packages/airflow/example_dags/example_task_group.py
[2025-03-29T23:38:39.229+0000] {processor.py:925} INFO - DAG(s) 'example_task_group' retrieved from /home/airflow/.local/lib/python3.12/site-packages/airflow/example_dags/example_task_group.py
[2025-03-29T23:38:39.291+0000] {logging_mixin.py:190} INFO - [2025-03-29T23:38:39.288+0000] {dag.py:3239} INFO - Sync 1 DAGs
[2025-03-29T23:38:39.326+0000] {logging_mixin.py:190} INFO - [2025-03-29T23:38:39.326+0000] {dag.py:4180} INFO - Setting next_dagrun for example_task_group to None, run_after=None
[2025-03-29T23:38:39.355+0000] {processor.py:208} INFO - Processing /home/airflow/.local/lib/python3.12/site-packages/airflow/example_dags/example_task_group.py took 0.183 seconds
[2025-03-29T23:39:09.904+0000] {processor.py:186} INFO - Started process (PID=714) to work on /home/airflow/.local/lib/python3.12/site-packages/airflow/example_dags/example_task_group.py
[2025-03-29T23:39:09.906+0000] {processor.py:914} INFO - Processing file /home/airflow/.local/lib/python3.12/site-packages/airflow/example_dags/example_task_group.py for tasks to queue
[2025-03-29T23:39:09.910+0000] {logging_mixin.py:190} INFO - [2025-03-29T23:39:09.910+0000] {dagbag.py:588} INFO - Filling up the DagBag from /home/airflow/.local/lib/python3.12/site-packages/airflow/example_dags/example_task_group.py
[2025-03-29T23:39:09.930+0000] {processor.py:925} INFO - DAG(s) 'example_task_group' retrieved from /home/airflow/.local/lib/python3.12/site-packages/airflow/example_dags/example_task_group.py
[2025-03-29T23:39:09.982+0000] {logging_mixin.py:190} INFO - [2025-03-29T23:39:09.981+0000] {dag.py:3239} INFO - Sync 1 DAGs
[2025-03-29T23:39:10.009+0000] {logging_mixin.py:190} INFO - [2025-03-29T23:39:10.008+0000] {dag.py:4180} INFO - Setting next_dagrun for example_task_group to None, run_after=None
[2025-03-29T23:39:10.048+0000] {processor.py:208} INFO - Processing /home/airflow/.local/lib/python3.12/site-packages/airflow/example_dags/example_task_group.py took 0.157 seconds
[2025-03-29T23:39:41.042+0000] {processor.py:186} INFO - Started process (PID=781) to work on /home/airflow/.local/lib/python3.12/site-packages/airflow/example_dags/example_task_group.py
[2025-03-29T23:39:41.044+0000] {processor.py:914} INFO - Processing file /home/airflow/.local/lib/python3.12/site-packages/airflow/example_dags/example_task_group.py for tasks to queue
[2025-03-29T23:39:41.050+0000] {logging_mixin.py:190} INFO - [2025-03-29T23:39:41.049+0000] {dagbag.py:588} INFO - Filling up the DagBag from /home/airflow/.local/lib/python3.12/site-packages/airflow/example_dags/example_task_group.py
[2025-03-29T23:39:41.070+0000] {processor.py:925} INFO - DAG(s) 'example_task_group' retrieved from /home/airflow/.local/lib/python3.12/site-packages/airflow/example_dags/example_task_group.py
[2025-03-29T23:39:41.118+0000] {logging_mixin.py:190} INFO - [2025-03-29T23:39:41.118+0000] {dag.py:3239} INFO - Sync 1 DAGs
[2025-03-29T23:39:41.145+0000] {logging_mixin.py:190} INFO - [2025-03-29T23:39:41.144+0000] {dag.py:4180} INFO - Setting next_dagrun for example_task_group to None, run_after=None
[2025-03-29T23:39:41.179+0000] {processor.py:208} INFO - Processing /home/airflow/.local/lib/python3.12/site-packages/airflow/example_dags/example_task_group.py took 0.152 seconds
[2025-03-29T23:40:11.465+0000] {processor.py:186} INFO - Started process (PID=847) to work on /home/airflow/.local/lib/python3.12/site-packages/airflow/example_dags/example_task_group.py
[2025-03-29T23:40:11.467+0000] {processor.py:914} INFO - Processing file /home/airflow/.local/lib/python3.12/site-packages/airflow/example_dags/example_task_group.py for tasks to queue
[2025-03-29T23:40:11.472+0000] {logging_mixin.py:190} INFO - [2025-03-29T23:40:11.471+0000] {dagbag.py:588} INFO - Filling up the DagBag from /home/airflow/.local/lib/python3.12/site-packages/airflow/example_dags/example_task_group.py
[2025-03-29T23:40:11.491+0000] {processor.py:925} INFO - DAG(s) 'example_task_group' retrieved from /home/airflow/.local/lib/python3.12/site-packages/airflow/example_dags/example_task_group.py
[2025-03-29T23:40:11.540+0000] {logging_mixin.py:190} INFO - [2025-03-29T23:40:11.540+0000] {dag.py:3239} INFO - Sync 1 DAGs
[2025-03-29T23:40:11.567+0000] {logging_mixin.py:190} INFO - [2025-03-29T23:40:11.567+0000] {dag.py:4180} INFO - Setting next_dagrun for example_task_group to None, run_after=None
[2025-03-29T23:40:11.602+0000] {processor.py:208} INFO - Processing /home/airflow/.local/lib/python3.12/site-packages/airflow/example_dags/example_task_group.py took 0.152 seconds
[2025-03-29T23:40:44.838+0000] {processor.py:186} INFO - Started process (PID=914) to work on /home/airflow/.local/lib/python3.12/site-packages/airflow/example_dags/example_task_group.py
[2025-03-29T23:40:44.841+0000] {processor.py:914} INFO - Processing file /home/airflow/.local/lib/python3.12/site-packages/airflow/example_dags/example_task_group.py for tasks to queue
[2025-03-29T23:40:44.846+0000] {logging_mixin.py:190} INFO - [2025-03-29T23:40:44.845+0000] {dagbag.py:588} INFO - Filling up the DagBag from /home/airflow/.local/lib/python3.12/site-packages/airflow/example_dags/example_task_group.py
[2025-03-29T23:40:44.876+0000] {processor.py:925} INFO - DAG(s) 'example_task_group' retrieved from /home/airflow/.local/lib/python3.12/site-packages/airflow/example_dags/example_task_group.py
[2025-03-29T23:40:44.930+0000] {logging_mixin.py:190} INFO - [2025-03-29T23:40:44.930+0000] {dag.py:3239} INFO - Sync 1 DAGs
[2025-03-29T23:40:44.960+0000] {logging_mixin.py:190} INFO - [2025-03-29T23:40:44.959+0000] {dag.py:4180} INFO - Setting next_dagrun for example_task_group to None, run_after=None
[2025-03-29T23:40:44.995+0000] {processor.py:208} INFO - Processing /home/airflow/.local/lib/python3.12/site-packages/airflow/example_dags/example_task_group.py took 0.172 seconds
[2025-03-29T23:41:18.977+0000] {processor.py:186} INFO - Started process (PID=986) to work on /home/airflow/.local/lib/python3.12/site-packages/airflow/example_dags/example_task_group.py
[2025-03-29T23:41:18.981+0000] {processor.py:914} INFO - Processing file /home/airflow/.local/lib/python3.12/site-packages/airflow/example_dags/example_task_group.py for tasks to queue
[2025-03-29T23:41:18.993+0000] {logging_mixin.py:190} INFO - [2025-03-29T23:41:18.992+0000] {dagbag.py:588} INFO - Filling up the DagBag from /home/airflow/.local/lib/python3.12/site-packages/airflow/example_dags/example_task_group.py
[2025-03-29T23:41:19.018+0000] {processor.py:925} INFO - DAG(s) 'example_task_group' retrieved from /home/airflow/.local/lib/python3.12/site-packages/airflow/example_dags/example_task_group.py
[2025-03-29T23:41:19.078+0000] {logging_mixin.py:190} INFO - [2025-03-29T23:41:19.077+0000] {dag.py:3239} INFO - Sync 1 DAGs
[2025-03-29T23:41:19.110+0000] {logging_mixin.py:190} INFO - [2025-03-29T23:41:19.109+0000] {dag.py:4180} INFO - Setting next_dagrun for example_task_group to None, run_after=None
[2025-03-29T23:41:19.150+0000] {processor.py:208} INFO - Processing /home/airflow/.local/lib/python3.12/site-packages/airflow/example_dags/example_task_group.py took 0.194 seconds
[2025-03-29T23:41:50.038+0000] {processor.py:186} INFO - Started process (PID=1053) to work on /home/airflow/.local/lib/python3.12/site-packages/airflow/example_dags/example_task_group.py
[2025-03-29T23:41:50.040+0000] {processor.py:914} INFO - Processing file /home/airflow/.local/lib/python3.12/site-packages/airflow/example_dags/example_task_group.py for tasks to queue
[2025-03-29T23:41:50.046+0000] {logging_mixin.py:190} INFO - [2025-03-29T23:41:50.045+0000] {dagbag.py:588} INFO - Filling up the DagBag from /home/airflow/.local/lib/python3.12/site-packages/airflow/example_dags/example_task_group.py
[2025-03-29T23:41:50.069+0000] {processor.py:925} INFO - DAG(s) 'example_task_group' retrieved from /home/airflow/.local/lib/python3.12/site-packages/airflow/example_dags/example_task_group.py
[2025-03-29T23:41:50.125+0000] {logging_mixin.py:190} INFO - [2025-03-29T23:41:50.125+0000] {dag.py:3239} INFO - Sync 1 DAGs
[2025-03-29T23:41:50.152+0000] {logging_mixin.py:190} INFO - [2025-03-29T23:41:50.152+0000] {dag.py:4180} INFO - Setting next_dagrun for example_task_group to None, run_after=None
[2025-03-29T23:41:50.184+0000] {processor.py:208} INFO - Processing /home/airflow/.local/lib/python3.12/site-packages/airflow/example_dags/example_task_group.py took 0.161 seconds
[2025-03-29T23:42:21.219+0000] {processor.py:186} INFO - Started process (PID=1121) to work on /home/airflow/.local/lib/python3.12/site-packages/airflow/example_dags/example_task_group.py
[2025-03-29T23:42:21.221+0000] {processor.py:914} INFO - Processing file /home/airflow/.local/lib/python3.12/site-packages/airflow/example_dags/example_task_group.py for tasks to queue
[2025-03-29T23:42:21.226+0000] {logging_mixin.py:190} INFO - [2025-03-29T23:42:21.226+0000] {dagbag.py:588} INFO - Filling up the DagBag from /home/airflow/.local/lib/python3.12/site-packages/airflow/example_dags/example_task_group.py
[2025-03-29T23:42:21.245+0000] {processor.py:925} INFO - DAG(s) 'example_task_group' retrieved from /home/airflow/.local/lib/python3.12/site-packages/airflow/example_dags/example_task_group.py
[2025-03-29T23:42:21.290+0000] {logging_mixin.py:190} INFO - [2025-03-29T23:42:21.289+0000] {dag.py:3239} INFO - Sync 1 DAGs
[2025-03-29T23:42:21.316+0000] {logging_mixin.py:190} INFO - [2025-03-29T23:42:21.315+0000] {dag.py:4180} INFO - Setting next_dagrun for example_task_group to None, run_after=None
[2025-03-29T23:42:21.346+0000] {processor.py:208} INFO - Processing /home/airflow/.local/lib/python3.12/site-packages/airflow/example_dags/example_task_group.py took 0.141 seconds
[2025-03-29T23:42:51.726+0000] {processor.py:186} INFO - Started process (PID=1188) to work on /home/airflow/.local/lib/python3.12/site-packages/airflow/example_dags/example_task_group.py
[2025-03-29T23:42:51.729+0000] {processor.py:914} INFO - Processing file /home/airflow/.local/lib/python3.12/site-packages/airflow/example_dags/example_task_group.py for tasks to queue
[2025-03-29T23:42:51.733+0000] {logging_mixin.py:190} INFO - [2025-03-29T23:42:51.733+0000] {dagbag.py:588} INFO - Filling up the DagBag from /home/airflow/.local/lib/python3.12/site-packages/airflow/example_dags/example_task_group.py
[2025-03-29T23:42:51.756+0000] {processor.py:925} INFO - DAG(s) 'example_task_group' retrieved from /home/airflow/.local/lib/python3.12/site-packages/airflow/example_dags/example_task_group.py
[2025-03-29T23:42:51.798+0000] {logging_mixin.py:190} INFO - [2025-03-29T23:42:51.798+0000] {dag.py:3239} INFO - Sync 1 DAGs
[2025-03-29T23:42:51.822+0000] {logging_mixin.py:190} INFO - [2025-03-29T23:42:51.822+0000] {dag.py:4180} INFO - Setting next_dagrun for example_task_group to None, run_after=None
[2025-03-29T23:42:51.849+0000] {processor.py:208} INFO - Processing /home/airflow/.local/lib/python3.12/site-packages/airflow/example_dags/example_task_group.py took 0.138 seconds
[2025-03-29T23:43:23.932+0000] {processor.py:186} INFO - Started process (PID=1255) to work on /home/airflow/.local/lib/python3.12/site-packages/airflow/example_dags/example_task_group.py
[2025-03-29T23:43:23.938+0000] {processor.py:914} INFO - Processing file /home/airflow/.local/lib/python3.12/site-packages/airflow/example_dags/example_task_group.py for tasks to queue
[2025-03-29T23:43:23.950+0000] {logging_mixin.py:190} INFO - [2025-03-29T23:43:23.947+0000] {dagbag.py:588} INFO - Filling up the DagBag from /home/airflow/.local/lib/python3.12/site-packages/airflow/example_dags/example_task_group.py
[2025-03-29T23:43:23.980+0000] {processor.py:925} INFO - DAG(s) 'example_task_group' retrieved from /home/airflow/.local/lib/python3.12/site-packages/airflow/example_dags/example_task_group.py
[2025-03-29T23:43:24.065+0000] {logging_mixin.py:190} INFO - [2025-03-29T23:43:24.064+0000] {dag.py:3239} INFO - Sync 1 DAGs
[2025-03-29T23:43:24.138+0000] {logging_mixin.py:190} INFO - [2025-03-29T23:43:24.134+0000] {dag.py:4180} INFO - Setting next_dagrun for example_task_group to None, run_after=None
[2025-03-29T23:43:24.208+0000] {processor.py:208} INFO - Processing /home/airflow/.local/lib/python3.12/site-packages/airflow/example_dags/example_task_group.py took 0.307 seconds
[2025-03-29T23:43:55.682+0000] {processor.py:186} INFO - Started process (PID=1322) to work on /home/airflow/.local/lib/python3.12/site-packages/airflow/example_dags/example_task_group.py
[2025-03-29T23:43:55.685+0000] {processor.py:914} INFO - Processing file /home/airflow/.local/lib/python3.12/site-packages/airflow/example_dags/example_task_group.py for tasks to queue
[2025-03-29T23:43:55.691+0000] {logging_mixin.py:190} INFO - [2025-03-29T23:43:55.690+0000] {dagbag.py:588} INFO - Filling up the DagBag from /home/airflow/.local/lib/python3.12/site-packages/airflow/example_dags/example_task_group.py
[2025-03-29T23:43:55.719+0000] {processor.py:925} INFO - DAG(s) 'example_task_group' retrieved from /home/airflow/.local/lib/python3.12/site-packages/airflow/example_dags/example_task_group.py
[2025-03-29T23:43:55.762+0000] {logging_mixin.py:190} INFO - [2025-03-29T23:43:55.762+0000] {dag.py:3239} INFO - Sync 1 DAGs
[2025-03-29T23:43:55.786+0000] {logging_mixin.py:190} INFO - [2025-03-29T23:43:55.785+0000] {dag.py:4180} INFO - Setting next_dagrun for example_task_group to None, run_after=None
[2025-03-29T23:43:55.812+0000] {processor.py:208} INFO - Processing /home/airflow/.local/lib/python3.12/site-packages/airflow/example_dags/example_task_group.py took 0.155 seconds
[2025-03-29T23:44:30.103+0000] {processor.py:186} INFO - Started process (PID=1391) to work on /home/airflow/.local/lib/python3.12/site-packages/airflow/example_dags/example_task_group.py
[2025-03-29T23:44:30.105+0000] {processor.py:914} INFO - Processing file /home/airflow/.local/lib/python3.12/site-packages/airflow/example_dags/example_task_group.py for tasks to queue
[2025-03-29T23:44:30.110+0000] {logging_mixin.py:190} INFO - [2025-03-29T23:44:30.109+0000] {dagbag.py:588} INFO - Filling up the DagBag from /home/airflow/.local/lib/python3.12/site-packages/airflow/example_dags/example_task_group.py
[2025-03-29T23:44:30.128+0000] {processor.py:925} INFO - DAG(s) 'example_task_group' retrieved from /home/airflow/.local/lib/python3.12/site-packages/airflow/example_dags/example_task_group.py
[2025-03-29T23:44:30.168+0000] {logging_mixin.py:190} INFO - [2025-03-29T23:44:30.168+0000] {dag.py:3239} INFO - Sync 1 DAGs
[2025-03-29T23:44:30.194+0000] {logging_mixin.py:190} INFO - [2025-03-29T23:44:30.193+0000] {dag.py:4180} INFO - Setting next_dagrun for example_task_group to None, run_after=None
[2025-03-29T23:44:30.221+0000] {processor.py:208} INFO - Processing /home/airflow/.local/lib/python3.12/site-packages/airflow/example_dags/example_task_group.py took 0.134 seconds
[2025-03-29T23:45:10.799+0000] {processor.py:186} INFO - Started process (PID=1473) to work on /home/airflow/.local/lib/python3.12/site-packages/airflow/example_dags/example_task_group.py
[2025-03-29T23:45:10.804+0000] {processor.py:914} INFO - Processing file /home/airflow/.local/lib/python3.12/site-packages/airflow/example_dags/example_task_group.py for tasks to queue
[2025-03-29T23:45:10.811+0000] {logging_mixin.py:190} INFO - [2025-03-29T23:45:10.811+0000] {dagbag.py:588} INFO - Filling up the DagBag from /home/airflow/.local/lib/python3.12/site-packages/airflow/example_dags/example_task_group.py
[2025-03-29T23:45:10.854+0000] {processor.py:925} INFO - DAG(s) 'example_task_group' retrieved from /home/airflow/.local/lib/python3.12/site-packages/airflow/example_dags/example_task_group.py
[2025-03-29T23:45:10.945+0000] {logging_mixin.py:190} INFO - [2025-03-29T23:45:10.945+0000] {dag.py:3239} INFO - Sync 1 DAGs
[2025-03-29T23:45:11.008+0000] {logging_mixin.py:190} INFO - [2025-03-29T23:45:11.004+0000] {dag.py:4180} INFO - Setting next_dagrun for example_task_group to None, run_after=None
[2025-03-29T23:45:11.061+0000] {processor.py:208} INFO - Processing /home/airflow/.local/lib/python3.12/site-packages/airflow/example_dags/example_task_group.py took 0.293 seconds
[2025-03-29T23:45:43.439+0000] {processor.py:186} INFO - Started process (PID=1539) to work on /home/airflow/.local/lib/python3.12/site-packages/airflow/example_dags/example_task_group.py
[2025-03-29T23:45:43.451+0000] {processor.py:914} INFO - Processing file /home/airflow/.local/lib/python3.12/site-packages/airflow/example_dags/example_task_group.py for tasks to queue
[2025-03-29T23:45:43.484+0000] {logging_mixin.py:190} INFO - [2025-03-29T23:45:43.483+0000] {dagbag.py:588} INFO - Filling up the DagBag from /home/airflow/.local/lib/python3.12/site-packages/airflow/example_dags/example_task_group.py
[2025-03-29T23:45:43.565+0000] {processor.py:925} INFO - DAG(s) 'example_task_group' retrieved from /home/airflow/.local/lib/python3.12/site-packages/airflow/example_dags/example_task_group.py
[2025-03-29T23:45:43.715+0000] {logging_mixin.py:190} INFO - [2025-03-29T23:45:43.714+0000] {dag.py:3239} INFO - Sync 1 DAGs
[2025-03-29T23:45:43.807+0000] {logging_mixin.py:190} INFO - [2025-03-29T23:45:43.806+0000] {dag.py:4180} INFO - Setting next_dagrun for example_task_group to None, run_after=None
[2025-03-29T23:45:43.862+0000] {processor.py:208} INFO - Processing /home/airflow/.local/lib/python3.12/site-packages/airflow/example_dags/example_task_group.py took 0.492 seconds
[2025-03-29T23:46:14.349+0000] {processor.py:186} INFO - Started process (PID=1606) to work on /home/airflow/.local/lib/python3.12/site-packages/airflow/example_dags/example_task_group.py
[2025-03-29T23:46:14.352+0000] {processor.py:914} INFO - Processing file /home/airflow/.local/lib/python3.12/site-packages/airflow/example_dags/example_task_group.py for tasks to queue
[2025-03-29T23:46:14.357+0000] {logging_mixin.py:190} INFO - [2025-03-29T23:46:14.356+0000] {dagbag.py:588} INFO - Filling up the DagBag from /home/airflow/.local/lib/python3.12/site-packages/airflow/example_dags/example_task_group.py
[2025-03-29T23:46:14.376+0000] {processor.py:925} INFO - DAG(s) 'example_task_group' retrieved from /home/airflow/.local/lib/python3.12/site-packages/airflow/example_dags/example_task_group.py
[2025-03-29T23:46:14.426+0000] {logging_mixin.py:190} INFO - [2025-03-29T23:46:14.426+0000] {dag.py:3239} INFO - Sync 1 DAGs
[2025-03-29T23:46:14.456+0000] {logging_mixin.py:190} INFO - [2025-03-29T23:46:14.456+0000] {dag.py:4180} INFO - Setting next_dagrun for example_task_group to None, run_after=None
[2025-03-29T23:46:14.498+0000] {processor.py:208} INFO - Processing /home/airflow/.local/lib/python3.12/site-packages/airflow/example_dags/example_task_group.py took 0.163 seconds
[2025-03-29T23:46:44.605+0000] {processor.py:186} INFO - Started process (PID=1673) to work on /home/airflow/.local/lib/python3.12/site-packages/airflow/example_dags/example_task_group.py
[2025-03-29T23:46:44.607+0000] {processor.py:914} INFO - Processing file /home/airflow/.local/lib/python3.12/site-packages/airflow/example_dags/example_task_group.py for tasks to queue
[2025-03-29T23:46:44.612+0000] {logging_mixin.py:190} INFO - [2025-03-29T23:46:44.611+0000] {dagbag.py:588} INFO - Filling up the DagBag from /home/airflow/.local/lib/python3.12/site-packages/airflow/example_dags/example_task_group.py
[2025-03-29T23:46:44.630+0000] {processor.py:925} INFO - DAG(s) 'example_task_group' retrieved from /home/airflow/.local/lib/python3.12/site-packages/airflow/example_dags/example_task_group.py
[2025-03-29T23:46:44.675+0000] {logging_mixin.py:190} INFO - [2025-03-29T23:46:44.675+0000] {dag.py:3239} INFO - Sync 1 DAGs
[2025-03-29T23:46:44.699+0000] {logging_mixin.py:190} INFO - [2025-03-29T23:46:44.699+0000] {dag.py:4180} INFO - Setting next_dagrun for example_task_group to None, run_after=None
[2025-03-29T23:46:44.728+0000] {processor.py:208} INFO - Processing /home/airflow/.local/lib/python3.12/site-packages/airflow/example_dags/example_task_group.py took 0.136 seconds
[2025-03-29T23:47:15.246+0000] {processor.py:186} INFO - Started process (PID=1740) to work on /home/airflow/.local/lib/python3.12/site-packages/airflow/example_dags/example_task_group.py
[2025-03-29T23:47:15.248+0000] {processor.py:914} INFO - Processing file /home/airflow/.local/lib/python3.12/site-packages/airflow/example_dags/example_task_group.py for tasks to queue
[2025-03-29T23:47:15.253+0000] {logging_mixin.py:190} INFO - [2025-03-29T23:47:15.252+0000] {dagbag.py:588} INFO - Filling up the DagBag from /home/airflow/.local/lib/python3.12/site-packages/airflow/example_dags/example_task_group.py
[2025-03-29T23:47:15.271+0000] {processor.py:925} INFO - DAG(s) 'example_task_group' retrieved from /home/airflow/.local/lib/python3.12/site-packages/airflow/example_dags/example_task_group.py
[2025-03-29T23:47:15.322+0000] {logging_mixin.py:190} INFO - [2025-03-29T23:47:15.322+0000] {dag.py:3239} INFO - Sync 1 DAGs
[2025-03-29T23:47:15.352+0000] {logging_mixin.py:190} INFO - [2025-03-29T23:47:15.351+0000] {dag.py:4180} INFO - Setting next_dagrun for example_task_group to None, run_after=None
[2025-03-29T23:47:15.385+0000] {processor.py:208} INFO - Processing /home/airflow/.local/lib/python3.12/site-packages/airflow/example_dags/example_task_group.py took 0.154 seconds
[2025-03-29T23:47:45.526+0000] {processor.py:186} INFO - Started process (PID=1807) to work on /home/airflow/.local/lib/python3.12/site-packages/airflow/example_dags/example_task_group.py
[2025-03-29T23:47:45.528+0000] {processor.py:914} INFO - Processing file /home/airflow/.local/lib/python3.12/site-packages/airflow/example_dags/example_task_group.py for tasks to queue
[2025-03-29T23:47:45.534+0000] {logging_mixin.py:190} INFO - [2025-03-29T23:47:45.533+0000] {dagbag.py:588} INFO - Filling up the DagBag from /home/airflow/.local/lib/python3.12/site-packages/airflow/example_dags/example_task_group.py
[2025-03-29T23:47:45.559+0000] {processor.py:925} INFO - DAG(s) 'example_task_group' retrieved from /home/airflow/.local/lib/python3.12/site-packages/airflow/example_dags/example_task_group.py
[2025-03-29T23:47:45.602+0000] {logging_mixin.py:190} INFO - [2025-03-29T23:47:45.602+0000] {dag.py:3239} INFO - Sync 1 DAGs
[2025-03-29T23:47:45.627+0000] {logging_mixin.py:190} INFO - [2025-03-29T23:47:45.626+0000] {dag.py:4180} INFO - Setting next_dagrun for example_task_group to None, run_after=None
[2025-03-29T23:47:45.673+0000] {processor.py:208} INFO - Processing /home/airflow/.local/lib/python3.12/site-packages/airflow/example_dags/example_task_group.py took 0.162 seconds
[2025-03-29T23:48:17.836+0000] {processor.py:186} INFO - Started process (PID=1874) to work on /home/airflow/.local/lib/python3.12/site-packages/airflow/example_dags/example_task_group.py
[2025-03-29T23:48:17.843+0000] {processor.py:914} INFO - Processing file /home/airflow/.local/lib/python3.12/site-packages/airflow/example_dags/example_task_group.py for tasks to queue
[2025-03-29T23:48:17.855+0000] {logging_mixin.py:190} INFO - [2025-03-29T23:48:17.854+0000] {dagbag.py:588} INFO - Filling up the DagBag from /home/airflow/.local/lib/python3.12/site-packages/airflow/example_dags/example_task_group.py
[2025-03-29T23:48:17.877+0000] {processor.py:925} INFO - DAG(s) 'example_task_group' retrieved from /home/airflow/.local/lib/python3.12/site-packages/airflow/example_dags/example_task_group.py
[2025-03-29T23:48:17.953+0000] {logging_mixin.py:190} INFO - [2025-03-29T23:48:17.952+0000] {dag.py:3239} INFO - Sync 1 DAGs
[2025-03-29T23:48:17.978+0000] {logging_mixin.py:190} INFO - [2025-03-29T23:48:17.978+0000] {dag.py:4180} INFO - Setting next_dagrun for example_task_group to None, run_after=None
[2025-03-29T23:48:18.004+0000] {processor.py:208} INFO - Processing /home/airflow/.local/lib/python3.12/site-packages/airflow/example_dags/example_task_group.py took 0.184 seconds
[2025-03-29T23:48:52.093+0000] {processor.py:186} INFO - Started process (PID=1946) to work on /home/airflow/.local/lib/python3.12/site-packages/airflow/example_dags/example_task_group.py
[2025-03-29T23:48:52.095+0000] {processor.py:914} INFO - Processing file /home/airflow/.local/lib/python3.12/site-packages/airflow/example_dags/example_task_group.py for tasks to queue
[2025-03-29T23:48:52.101+0000] {logging_mixin.py:190} INFO - [2025-03-29T23:48:52.100+0000] {dagbag.py:588} INFO - Filling up the DagBag from /home/airflow/.local/lib/python3.12/site-packages/airflow/example_dags/example_task_group.py
[2025-03-29T23:48:52.123+0000] {processor.py:925} INFO - DAG(s) 'example_task_group' retrieved from /home/airflow/.local/lib/python3.12/site-packages/airflow/example_dags/example_task_group.py
[2025-03-29T23:48:52.172+0000] {logging_mixin.py:190} INFO - [2025-03-29T23:48:52.171+0000] {dag.py:3239} INFO - Sync 1 DAGs
[2025-03-29T23:48:52.202+0000] {logging_mixin.py:190} INFO - [2025-03-29T23:48:52.201+0000] {dag.py:4180} INFO - Setting next_dagrun for example_task_group to None, run_after=None
[2025-03-29T23:48:52.244+0000] {processor.py:208} INFO - Processing /home/airflow/.local/lib/python3.12/site-packages/airflow/example_dags/example_task_group.py took 0.166 seconds
[2025-03-29T23:49:26.904+0000] {processor.py:186} INFO - Started process (PID=2013) to work on /home/airflow/.local/lib/python3.12/site-packages/airflow/example_dags/example_task_group.py
[2025-03-29T23:49:26.909+0000] {processor.py:914} INFO - Processing file /home/airflow/.local/lib/python3.12/site-packages/airflow/example_dags/example_task_group.py for tasks to queue
[2025-03-29T23:49:26.922+0000] {logging_mixin.py:190} INFO - [2025-03-29T23:49:26.919+0000] {dagbag.py:588} INFO - Filling up the DagBag from /home/airflow/.local/lib/python3.12/site-packages/airflow/example_dags/example_task_group.py
[2025-03-29T23:49:26.961+0000] {processor.py:925} INFO - DAG(s) 'example_task_group' retrieved from /home/airflow/.local/lib/python3.12/site-packages/airflow/example_dags/example_task_group.py
[2025-03-29T23:49:27.030+0000] {logging_mixin.py:190} INFO - [2025-03-29T23:49:27.029+0000] {dag.py:3239} INFO - Sync 1 DAGs
[2025-03-29T23:49:27.066+0000] {logging_mixin.py:190} INFO - [2025-03-29T23:49:27.062+0000] {dag.py:4180} INFO - Setting next_dagrun for example_task_group to None, run_after=None
[2025-03-29T23:49:27.160+0000] {processor.py:208} INFO - Processing /home/airflow/.local/lib/python3.12/site-packages/airflow/example_dags/example_task_group.py took 0.282 seconds
[2025-03-29T23:49:57.595+0000] {processor.py:186} INFO - Started process (PID=2080) to work on /home/airflow/.local/lib/python3.12/site-packages/airflow/example_dags/example_task_group.py
[2025-03-29T23:49:57.604+0000] {processor.py:914} INFO - Processing file /home/airflow/.local/lib/python3.12/site-packages/airflow/example_dags/example_task_group.py for tasks to queue
[2025-03-29T23:49:57.620+0000] {logging_mixin.py:190} INFO - [2025-03-29T23:49:57.617+0000] {dagbag.py:588} INFO - Filling up the DagBag from /home/airflow/.local/lib/python3.12/site-packages/airflow/example_dags/example_task_group.py
[2025-03-29T23:49:57.662+0000] {processor.py:925} INFO - DAG(s) 'example_task_group' retrieved from /home/airflow/.local/lib/python3.12/site-packages/airflow/example_dags/example_task_group.py
[2025-03-29T23:49:57.747+0000] {logging_mixin.py:190} INFO - [2025-03-29T23:49:57.746+0000] {dag.py:3239} INFO - Sync 1 DAGs
[2025-03-29T23:49:57.786+0000] {logging_mixin.py:190} INFO - [2025-03-29T23:49:57.785+0000] {dag.py:4180} INFO - Setting next_dagrun for example_task_group to None, run_after=None
[2025-03-29T23:49:57.830+0000] {processor.py:208} INFO - Processing /home/airflow/.local/lib/python3.12/site-packages/airflow/example_dags/example_task_group.py took 0.256 seconds
[2025-03-29T23:50:27.915+0000] {processor.py:186} INFO - Started process (PID=2147) to work on /home/airflow/.local/lib/python3.12/site-packages/airflow/example_dags/example_task_group.py
[2025-03-29T23:50:27.917+0000] {processor.py:914} INFO - Processing file /home/airflow/.local/lib/python3.12/site-packages/airflow/example_dags/example_task_group.py for tasks to queue
[2025-03-29T23:50:27.922+0000] {logging_mixin.py:190} INFO - [2025-03-29T23:50:27.921+0000] {dagbag.py:588} INFO - Filling up the DagBag from /home/airflow/.local/lib/python3.12/site-packages/airflow/example_dags/example_task_group.py
[2025-03-29T23:50:27.948+0000] {processor.py:925} INFO - DAG(s) 'example_task_group' retrieved from /home/airflow/.local/lib/python3.12/site-packages/airflow/example_dags/example_task_group.py
[2025-03-29T23:50:27.995+0000] {logging_mixin.py:190} INFO - [2025-03-29T23:50:27.995+0000] {dag.py:3239} INFO - Sync 1 DAGs
[2025-03-29T23:50:28.024+0000] {logging_mixin.py:190} INFO - [2025-03-29T23:50:28.023+0000] {dag.py:4180} INFO - Setting next_dagrun for example_task_group to None, run_after=None
[2025-03-29T23:50:28.058+0000] {processor.py:208} INFO - Processing /home/airflow/.local/lib/python3.12/site-packages/airflow/example_dags/example_task_group.py took 0.157 seconds
[2025-03-29T23:50:58.642+0000] {processor.py:186} INFO - Started process (PID=2214) to work on /home/airflow/.local/lib/python3.12/site-packages/airflow/example_dags/example_task_group.py
[2025-03-29T23:50:58.644+0000] {processor.py:914} INFO - Processing file /home/airflow/.local/lib/python3.12/site-packages/airflow/example_dags/example_task_group.py for tasks to queue
[2025-03-29T23:50:58.650+0000] {logging_mixin.py:190} INFO - [2025-03-29T23:50:58.649+0000] {dagbag.py:588} INFO - Filling up the DagBag from /home/airflow/.local/lib/python3.12/site-packages/airflow/example_dags/example_task_group.py
[2025-03-29T23:50:58.671+0000] {processor.py:925} INFO - DAG(s) 'example_task_group' retrieved from /home/airflow/.local/lib/python3.12/site-packages/airflow/example_dags/example_task_group.py
[2025-03-29T23:50:58.729+0000] {logging_mixin.py:190} INFO - [2025-03-29T23:50:58.729+0000] {dag.py:3239} INFO - Sync 1 DAGs
[2025-03-29T23:50:58.774+0000] {logging_mixin.py:190} INFO - [2025-03-29T23:50:58.773+0000] {dag.py:4180} INFO - Setting next_dagrun for example_task_group to None, run_after=None
[2025-03-29T23:50:58.808+0000] {processor.py:208} INFO - Processing /home/airflow/.local/lib/python3.12/site-packages/airflow/example_dags/example_task_group.py took 0.189 seconds
[2025-03-29T23:51:29.082+0000] {processor.py:186} INFO - Started process (PID=2281) to work on /home/airflow/.local/lib/python3.12/site-packages/airflow/example_dags/example_task_group.py
[2025-03-29T23:51:29.084+0000] {processor.py:914} INFO - Processing file /home/airflow/.local/lib/python3.12/site-packages/airflow/example_dags/example_task_group.py for tasks to queue
[2025-03-29T23:51:29.094+0000] {logging_mixin.py:190} INFO - [2025-03-29T23:51:29.093+0000] {dagbag.py:588} INFO - Filling up the DagBag from /home/airflow/.local/lib/python3.12/site-packages/airflow/example_dags/example_task_group.py
[2025-03-29T23:51:29.123+0000] {processor.py:925} INFO - DAG(s) 'example_task_group' retrieved from /home/airflow/.local/lib/python3.12/site-packages/airflow/example_dags/example_task_group.py
[2025-03-29T23:51:29.196+0000] {logging_mixin.py:190} INFO - [2025-03-29T23:51:29.195+0000] {dag.py:3239} INFO - Sync 1 DAGs
[2025-03-29T23:51:29.229+0000] {logging_mixin.py:190} INFO - [2025-03-29T23:51:29.228+0000] {dag.py:4180} INFO - Setting next_dagrun for example_task_group to None, run_after=None
[2025-03-29T23:51:29.267+0000] {processor.py:208} INFO - Processing /home/airflow/.local/lib/python3.12/site-packages/airflow/example_dags/example_task_group.py took 0.205 seconds
[2025-03-29T23:52:00.541+0000] {processor.py:186} INFO - Started process (PID=2348) to work on /home/airflow/.local/lib/python3.12/site-packages/airflow/example_dags/example_task_group.py
[2025-03-29T23:52:00.543+0000] {processor.py:914} INFO - Processing file /home/airflow/.local/lib/python3.12/site-packages/airflow/example_dags/example_task_group.py for tasks to queue
[2025-03-29T23:52:00.551+0000] {logging_mixin.py:190} INFO - [2025-03-29T23:52:00.550+0000] {dagbag.py:588} INFO - Filling up the DagBag from /home/airflow/.local/lib/python3.12/site-packages/airflow/example_dags/example_task_group.py
[2025-03-29T23:52:00.579+0000] {processor.py:925} INFO - DAG(s) 'example_task_group' retrieved from /home/airflow/.local/lib/python3.12/site-packages/airflow/example_dags/example_task_group.py
[2025-03-29T23:52:00.632+0000] {logging_mixin.py:190} INFO - [2025-03-29T23:52:00.632+0000] {dag.py:3239} INFO - Sync 1 DAGs
[2025-03-29T23:52:00.660+0000] {logging_mixin.py:190} INFO - [2025-03-29T23:52:00.660+0000] {dag.py:4180} INFO - Setting next_dagrun for example_task_group to None, run_after=None
[2025-03-29T23:52:00.692+0000] {processor.py:208} INFO - Processing /home/airflow/.local/lib/python3.12/site-packages/airflow/example_dags/example_task_group.py took 0.165 seconds
[2025-03-29T23:52:33.377+0000] {processor.py:186} INFO - Started process (PID=2415) to work on /home/airflow/.local/lib/python3.12/site-packages/airflow/example_dags/example_task_group.py
[2025-03-29T23:52:33.379+0000] {processor.py:914} INFO - Processing file /home/airflow/.local/lib/python3.12/site-packages/airflow/example_dags/example_task_group.py for tasks to queue
[2025-03-29T23:52:33.385+0000] {logging_mixin.py:190} INFO - [2025-03-29T23:52:33.384+0000] {dagbag.py:588} INFO - Filling up the DagBag from /home/airflow/.local/lib/python3.12/site-packages/airflow/example_dags/example_task_group.py
[2025-03-29T23:52:33.406+0000] {processor.py:925} INFO - DAG(s) 'example_task_group' retrieved from /home/airflow/.local/lib/python3.12/site-packages/airflow/example_dags/example_task_group.py
[2025-03-29T23:52:33.473+0000] {logging_mixin.py:190} INFO - [2025-03-29T23:52:33.472+0000] {dag.py:3239} INFO - Sync 1 DAGs
[2025-03-29T23:52:33.502+0000] {logging_mixin.py:190} INFO - [2025-03-29T23:52:33.502+0000] {dag.py:4180} INFO - Setting next_dagrun for example_task_group to None, run_after=None
[2025-03-29T23:52:33.531+0000] {processor.py:208} INFO - Processing /home/airflow/.local/lib/python3.12/site-packages/airflow/example_dags/example_task_group.py took 0.170 seconds
