[2025-03-29T21:19:25.622+0000] {processor.py:186} INFO - Started process (PID=114) to work on /home/airflow/.local/lib/python3.12/site-packages/airflow/example_dags/tutorial.py
[2025-03-29T21:19:25.631+0000] {processor.py:914} INFO - Processing file /home/airflow/.local/lib/python3.12/site-packages/airflow/example_dags/tutorial.py for tasks to queue
[2025-03-29T21:19:25.650+0000] {logging_mixin.py:190} INFO - [2025-03-29T21:19:25.649+0000] {dagbag.py:588} INFO - Filling up the DagBag from /home/airflow/.local/lib/python3.12/site-packages/airflow/example_dags/tutorial.py
[2025-03-29T21:19:25.699+0000] {processor.py:925} INFO - DAG(s) 'tutorial' retrieved from /home/airflow/.local/lib/python3.12/site-packages/airflow/example_dags/tutorial.py
[2025-03-29T21:19:26.680+0000] {logging_mixin.py:190} INFO - [2025-03-29T21:19:26.679+0000] {override.py:1912} INFO - Created Permission View: can read on DAG:tutorial
[2025-03-29T21:19:26.703+0000] {logging_mixin.py:190} INFO - [2025-03-29T21:19:26.702+0000] {override.py:1912} INFO - Created Permission View: can edit on DAG:tutorial
[2025-03-29T21:19:26.722+0000] {logging_mixin.py:190} INFO - [2025-03-29T21:19:26.722+0000] {override.py:1912} INFO - Created Permission View: can delete on DAG:tutorial
[2025-03-29T21:19:26.743+0000] {logging_mixin.py:190} INFO - [2025-03-29T21:19:26.742+0000] {override.py:1912} INFO - Created Permission View: can create on DAG Run:tutorial
[2025-03-29T21:19:26.762+0000] {logging_mixin.py:190} INFO - [2025-03-29T21:19:26.762+0000] {override.py:1912} INFO - Created Permission View: menu access on DAG Run:tutorial
[2025-03-29T21:19:26.775+0000] {logging_mixin.py:190} INFO - [2025-03-29T21:19:26.775+0000] {override.py:1912} INFO - Created Permission View: can read on DAG Run:tutorial
[2025-03-29T21:19:26.798+0000] {logging_mixin.py:190} INFO - [2025-03-29T21:19:26.797+0000] {override.py:1912} INFO - Created Permission View: can delete on DAG Run:tutorial
[2025-03-29T21:19:26.799+0000] {logging_mixin.py:190} INFO - [2025-03-29T21:19:26.798+0000] {dag.py:3239} INFO - Sync 1 DAGs
[2025-03-29T21:19:26.850+0000] {logging_mixin.py:190} INFO - [2025-03-29T21:19:26.850+0000] {dag.py:3262} INFO - Creating ORM DAG for tutorial
[2025-03-29T21:19:26.877+0000] {logging_mixin.py:190} INFO - [2025-03-29T21:19:26.877+0000] {dag.py:4180} INFO - Setting next_dagrun for tutorial to 2025-03-28 00:00:00+00:00, run_after=2025-03-29 00:00:00+00:00
[2025-03-29T21:19:26.934+0000] {processor.py:208} INFO - Processing /home/airflow/.local/lib/python3.12/site-packages/airflow/example_dags/tutorial.py took 1.392 seconds
[2025-03-29T21:19:57.091+0000] {processor.py:186} INFO - Started process (PID=181) to work on /home/airflow/.local/lib/python3.12/site-packages/airflow/example_dags/tutorial.py
[2025-03-29T21:19:57.093+0000] {processor.py:914} INFO - Processing file /home/airflow/.local/lib/python3.12/site-packages/airflow/example_dags/tutorial.py for tasks to queue
[2025-03-29T21:19:57.098+0000] {logging_mixin.py:190} INFO - [2025-03-29T21:19:57.098+0000] {dagbag.py:588} INFO - Filling up the DagBag from /home/airflow/.local/lib/python3.12/site-packages/airflow/example_dags/tutorial.py
[2025-03-29T21:19:57.120+0000] {processor.py:925} INFO - DAG(s) 'tutorial' retrieved from /home/airflow/.local/lib/python3.12/site-packages/airflow/example_dags/tutorial.py
[2025-03-29T21:19:57.185+0000] {logging_mixin.py:190} INFO - [2025-03-29T21:19:57.185+0000] {dag.py:3239} INFO - Sync 1 DAGs
[2025-03-29T21:19:57.243+0000] {logging_mixin.py:190} INFO - [2025-03-29T21:19:57.243+0000] {dag.py:4180} INFO - Setting next_dagrun for tutorial to 2025-03-28 00:00:00+00:00, run_after=2025-03-29 00:00:00+00:00
[2025-03-29T21:19:57.284+0000] {processor.py:208} INFO - Processing /home/airflow/.local/lib/python3.12/site-packages/airflow/example_dags/tutorial.py took 0.208 seconds
[2025-03-29T21:20:28.954+0000] {processor.py:186} INFO - Started process (PID=248) to work on /home/airflow/.local/lib/python3.12/site-packages/airflow/example_dags/tutorial.py
[2025-03-29T21:20:28.966+0000] {processor.py:914} INFO - Processing file /home/airflow/.local/lib/python3.12/site-packages/airflow/example_dags/tutorial.py for tasks to queue
[2025-03-29T21:20:28.993+0000] {logging_mixin.py:190} INFO - [2025-03-29T21:20:28.983+0000] {dagbag.py:588} INFO - Filling up the DagBag from /home/airflow/.local/lib/python3.12/site-packages/airflow/example_dags/tutorial.py
[2025-03-29T21:20:29.179+0000] {processor.py:925} INFO - DAG(s) 'tutorial' retrieved from /home/airflow/.local/lib/python3.12/site-packages/airflow/example_dags/tutorial.py
[2025-03-29T21:20:29.465+0000] {logging_mixin.py:190} INFO - [2025-03-29T21:20:29.462+0000] {dag.py:3239} INFO - Sync 1 DAGs
[2025-03-29T21:20:29.791+0000] {logging_mixin.py:190} INFO - [2025-03-29T21:20:29.789+0000] {dag.py:4180} INFO - Setting next_dagrun for tutorial to 2025-03-28 00:00:00+00:00, run_after=2025-03-29 00:00:00+00:00
[2025-03-29T21:20:30.008+0000] {processor.py:208} INFO - Processing /home/airflow/.local/lib/python3.12/site-packages/airflow/example_dags/tutorial.py took 1.090 seconds
[2025-03-29T21:24:38.512+0000] {processor.py:186} INFO - Started process (PID=117) to work on /home/airflow/.local/lib/python3.12/site-packages/airflow/example_dags/tutorial.py
[2025-03-29T21:24:38.514+0000] {processor.py:914} INFO - Processing file /home/airflow/.local/lib/python3.12/site-packages/airflow/example_dags/tutorial.py for tasks to queue
[2025-03-29T21:24:38.521+0000] {logging_mixin.py:190} INFO - [2025-03-29T21:24:38.520+0000] {dagbag.py:588} INFO - Filling up the DagBag from /home/airflow/.local/lib/python3.12/site-packages/airflow/example_dags/tutorial.py
[2025-03-29T21:24:38.545+0000] {processor.py:925} INFO - DAG(s) 'tutorial' retrieved from /home/airflow/.local/lib/python3.12/site-packages/airflow/example_dags/tutorial.py
[2025-03-29T21:24:38.806+0000] {logging_mixin.py:190} INFO - [2025-03-29T21:24:38.805+0000] {override.py:1912} INFO - Created Permission View: can delete on DAG:tutorial
[2025-03-29T21:24:38.824+0000] {logging_mixin.py:190} INFO - [2025-03-29T21:24:38.824+0000] {override.py:1912} INFO - Created Permission View: can edit on DAG:tutorial
[2025-03-29T21:24:38.837+0000] {logging_mixin.py:190} INFO - [2025-03-29T21:24:38.836+0000] {override.py:1912} INFO - Created Permission View: can read on DAG:tutorial
[2025-03-29T21:24:38.857+0000] {logging_mixin.py:190} INFO - [2025-03-29T21:24:38.856+0000] {override.py:1912} INFO - Created Permission View: menu access on DAG Run:tutorial
[2025-03-29T21:24:38.874+0000] {logging_mixin.py:190} INFO - [2025-03-29T21:24:38.874+0000] {override.py:1912} INFO - Created Permission View: can delete on DAG Run:tutorial
[2025-03-29T21:24:38.887+0000] {logging_mixin.py:190} INFO - [2025-03-29T21:24:38.886+0000] {override.py:1912} INFO - Created Permission View: can read on DAG Run:tutorial
[2025-03-29T21:24:38.898+0000] {logging_mixin.py:190} INFO - [2025-03-29T21:24:38.898+0000] {override.py:1912} INFO - Created Permission View: can create on DAG Run:tutorial
[2025-03-29T21:24:38.899+0000] {logging_mixin.py:190} INFO - [2025-03-29T21:24:38.899+0000] {dag.py:3239} INFO - Sync 1 DAGs
[2025-03-29T21:24:38.928+0000] {logging_mixin.py:190} INFO - [2025-03-29T21:24:38.927+0000] {dag.py:3262} INFO - Creating ORM DAG for tutorial
[2025-03-29T21:24:38.947+0000] {logging_mixin.py:190} INFO - [2025-03-29T21:24:38.947+0000] {dag.py:4180} INFO - Setting next_dagrun for tutorial to 2025-03-28 00:00:00+00:00, run_after=2025-03-29 00:00:00+00:00
[2025-03-29T21:24:38.979+0000] {processor.py:208} INFO - Processing /home/airflow/.local/lib/python3.12/site-packages/airflow/example_dags/tutorial.py took 0.481 seconds
[2025-03-29T21:25:09.323+0000] {processor.py:186} INFO - Started process (PID=184) to work on /home/airflow/.local/lib/python3.12/site-packages/airflow/example_dags/tutorial.py
[2025-03-29T21:25:09.325+0000] {processor.py:914} INFO - Processing file /home/airflow/.local/lib/python3.12/site-packages/airflow/example_dags/tutorial.py for tasks to queue
[2025-03-29T21:25:09.331+0000] {logging_mixin.py:190} INFO - [2025-03-29T21:25:09.330+0000] {dagbag.py:588} INFO - Filling up the DagBag from /home/airflow/.local/lib/python3.12/site-packages/airflow/example_dags/tutorial.py
[2025-03-29T21:25:09.349+0000] {processor.py:925} INFO - DAG(s) 'tutorial' retrieved from /home/airflow/.local/lib/python3.12/site-packages/airflow/example_dags/tutorial.py
[2025-03-29T21:25:09.398+0000] {logging_mixin.py:190} INFO - [2025-03-29T21:25:09.397+0000] {dag.py:3239} INFO - Sync 1 DAGs
[2025-03-29T21:25:09.446+0000] {logging_mixin.py:190} INFO - [2025-03-29T21:25:09.446+0000] {dag.py:4180} INFO - Setting next_dagrun for tutorial to 2025-03-28 00:00:00+00:00, run_after=2025-03-29 00:00:00+00:00
[2025-03-29T21:25:09.478+0000] {processor.py:208} INFO - Processing /home/airflow/.local/lib/python3.12/site-packages/airflow/example_dags/tutorial.py took 0.168 seconds
[2025-03-29T21:28:42.381+0000] {processor.py:186} INFO - Started process (PID=109) to work on /home/airflow/.local/lib/python3.12/site-packages/airflow/example_dags/tutorial.py
[2025-03-29T21:28:42.384+0000] {processor.py:914} INFO - Processing file /home/airflow/.local/lib/python3.12/site-packages/airflow/example_dags/tutorial.py for tasks to queue
[2025-03-29T21:28:42.388+0000] {logging_mixin.py:190} INFO - [2025-03-29T21:28:42.388+0000] {dagbag.py:588} INFO - Filling up the DagBag from /home/airflow/.local/lib/python3.12/site-packages/airflow/example_dags/tutorial.py
[2025-03-29T21:28:42.411+0000] {processor.py:925} INFO - DAG(s) 'tutorial' retrieved from /home/airflow/.local/lib/python3.12/site-packages/airflow/example_dags/tutorial.py
[2025-03-29T21:28:42.714+0000] {logging_mixin.py:190} INFO - [2025-03-29T21:28:42.713+0000] {override.py:1912} INFO - Created Permission View: can edit on DAG:tutorial
[2025-03-29T21:28:42.732+0000] {logging_mixin.py:190} INFO - [2025-03-29T21:28:42.731+0000] {override.py:1912} INFO - Created Permission View: can delete on DAG:tutorial
[2025-03-29T21:28:42.749+0000] {logging_mixin.py:190} INFO - [2025-03-29T21:28:42.747+0000] {override.py:1912} INFO - Created Permission View: can read on DAG:tutorial
[2025-03-29T21:28:42.760+0000] {logging_mixin.py:190} INFO - [2025-03-29T21:28:42.759+0000] {override.py:1912} INFO - Created Permission View: can delete on DAG Run:tutorial
[2025-03-29T21:28:42.770+0000] {logging_mixin.py:190} INFO - [2025-03-29T21:28:42.769+0000] {override.py:1912} INFO - Created Permission View: can create on DAG Run:tutorial
[2025-03-29T21:28:42.779+0000] {logging_mixin.py:190} INFO - [2025-03-29T21:28:42.779+0000] {override.py:1912} INFO - Created Permission View: can read on DAG Run:tutorial
[2025-03-29T21:28:42.789+0000] {logging_mixin.py:190} INFO - [2025-03-29T21:28:42.788+0000] {override.py:1912} INFO - Created Permission View: menu access on DAG Run:tutorial
[2025-03-29T21:28:42.789+0000] {logging_mixin.py:190} INFO - [2025-03-29T21:28:42.789+0000] {dag.py:3239} INFO - Sync 1 DAGs
[2025-03-29T21:28:42.814+0000] {logging_mixin.py:190} INFO - [2025-03-29T21:28:42.813+0000] {dag.py:3262} INFO - Creating ORM DAG for tutorial
[2025-03-29T21:28:42.833+0000] {logging_mixin.py:190} INFO - [2025-03-29T21:28:42.832+0000] {dag.py:4180} INFO - Setting next_dagrun for tutorial to 2025-03-28 00:00:00+00:00, run_after=2025-03-29 00:00:00+00:00
[2025-03-29T21:28:42.858+0000] {processor.py:208} INFO - Processing /home/airflow/.local/lib/python3.12/site-packages/airflow/example_dags/tutorial.py took 0.490 seconds
[2025-03-29T21:29:13.129+0000] {processor.py:186} INFO - Started process (PID=175) to work on /home/airflow/.local/lib/python3.12/site-packages/airflow/example_dags/tutorial.py
[2025-03-29T21:29:13.132+0000] {processor.py:914} INFO - Processing file /home/airflow/.local/lib/python3.12/site-packages/airflow/example_dags/tutorial.py for tasks to queue
[2025-03-29T21:29:13.137+0000] {logging_mixin.py:190} INFO - [2025-03-29T21:29:13.137+0000] {dagbag.py:588} INFO - Filling up the DagBag from /home/airflow/.local/lib/python3.12/site-packages/airflow/example_dags/tutorial.py
[2025-03-29T21:29:13.156+0000] {processor.py:925} INFO - DAG(s) 'tutorial' retrieved from /home/airflow/.local/lib/python3.12/site-packages/airflow/example_dags/tutorial.py
[2025-03-29T21:29:13.196+0000] {logging_mixin.py:190} INFO - [2025-03-29T21:29:13.196+0000] {dag.py:3239} INFO - Sync 1 DAGs
[2025-03-29T21:29:13.236+0000] {logging_mixin.py:190} INFO - [2025-03-29T21:29:13.235+0000] {dag.py:4180} INFO - Setting next_dagrun for tutorial to 2025-03-28 00:00:00+00:00, run_after=2025-03-29 00:00:00+00:00
[2025-03-29T21:29:13.263+0000] {processor.py:208} INFO - Processing /home/airflow/.local/lib/python3.12/site-packages/airflow/example_dags/tutorial.py took 0.147 seconds
[2025-03-29T21:29:43.483+0000] {processor.py:186} INFO - Started process (PID=241) to work on /home/airflow/.local/lib/python3.12/site-packages/airflow/example_dags/tutorial.py
[2025-03-29T21:29:43.486+0000] {processor.py:914} INFO - Processing file /home/airflow/.local/lib/python3.12/site-packages/airflow/example_dags/tutorial.py for tasks to queue
[2025-03-29T21:29:43.491+0000] {logging_mixin.py:190} INFO - [2025-03-29T21:29:43.490+0000] {dagbag.py:588} INFO - Filling up the DagBag from /home/airflow/.local/lib/python3.12/site-packages/airflow/example_dags/tutorial.py
[2025-03-29T21:29:43.508+0000] {processor.py:925} INFO - DAG(s) 'tutorial' retrieved from /home/airflow/.local/lib/python3.12/site-packages/airflow/example_dags/tutorial.py
[2025-03-29T21:29:43.551+0000] {logging_mixin.py:190} INFO - [2025-03-29T21:29:43.550+0000] {dag.py:3239} INFO - Sync 1 DAGs
[2025-03-29T21:29:43.592+0000] {logging_mixin.py:190} INFO - [2025-03-29T21:29:43.592+0000] {dag.py:4180} INFO - Setting next_dagrun for tutorial to 2025-03-28 00:00:00+00:00, run_after=2025-03-29 00:00:00+00:00
[2025-03-29T21:29:43.623+0000] {processor.py:208} INFO - Processing /home/airflow/.local/lib/python3.12/site-packages/airflow/example_dags/tutorial.py took 0.152 seconds
[2025-03-29T21:30:14.078+0000] {processor.py:186} INFO - Started process (PID=307) to work on /home/airflow/.local/lib/python3.12/site-packages/airflow/example_dags/tutorial.py
[2025-03-29T21:30:14.080+0000] {processor.py:914} INFO - Processing file /home/airflow/.local/lib/python3.12/site-packages/airflow/example_dags/tutorial.py for tasks to queue
[2025-03-29T21:30:14.085+0000] {logging_mixin.py:190} INFO - [2025-03-29T21:30:14.085+0000] {dagbag.py:588} INFO - Filling up the DagBag from /home/airflow/.local/lib/python3.12/site-packages/airflow/example_dags/tutorial.py
[2025-03-29T21:30:14.103+0000] {processor.py:925} INFO - DAG(s) 'tutorial' retrieved from /home/airflow/.local/lib/python3.12/site-packages/airflow/example_dags/tutorial.py
[2025-03-29T21:30:14.147+0000] {logging_mixin.py:190} INFO - [2025-03-29T21:30:14.146+0000] {dag.py:3239} INFO - Sync 1 DAGs
[2025-03-29T21:30:14.187+0000] {logging_mixin.py:190} INFO - [2025-03-29T21:30:14.187+0000] {dag.py:4180} INFO - Setting next_dagrun for tutorial to 2025-03-28 00:00:00+00:00, run_after=2025-03-29 00:00:00+00:00
[2025-03-29T21:30:14.220+0000] {processor.py:208} INFO - Processing /home/airflow/.local/lib/python3.12/site-packages/airflow/example_dags/tutorial.py took 0.155 seconds
[2025-03-29T21:30:44.812+0000] {processor.py:186} INFO - Started process (PID=374) to work on /home/airflow/.local/lib/python3.12/site-packages/airflow/example_dags/tutorial.py
[2025-03-29T21:30:44.815+0000] {processor.py:914} INFO - Processing file /home/airflow/.local/lib/python3.12/site-packages/airflow/example_dags/tutorial.py for tasks to queue
[2025-03-29T21:30:44.821+0000] {logging_mixin.py:190} INFO - [2025-03-29T21:30:44.820+0000] {dagbag.py:588} INFO - Filling up the DagBag from /home/airflow/.local/lib/python3.12/site-packages/airflow/example_dags/tutorial.py
[2025-03-29T21:30:44.840+0000] {processor.py:925} INFO - DAG(s) 'tutorial' retrieved from /home/airflow/.local/lib/python3.12/site-packages/airflow/example_dags/tutorial.py
[2025-03-29T21:30:44.881+0000] {logging_mixin.py:190} INFO - [2025-03-29T21:30:44.881+0000] {dag.py:3239} INFO - Sync 1 DAGs
[2025-03-29T21:30:44.923+0000] {logging_mixin.py:190} INFO - [2025-03-29T21:30:44.922+0000] {dag.py:4180} INFO - Setting next_dagrun for tutorial to 2025-03-28 00:00:00+00:00, run_after=2025-03-29 00:00:00+00:00
[2025-03-29T21:30:44.953+0000] {processor.py:208} INFO - Processing /home/airflow/.local/lib/python3.12/site-packages/airflow/example_dags/tutorial.py took 0.164 seconds
[2025-03-29T21:31:17.297+0000] {processor.py:186} INFO - Started process (PID=441) to work on /home/airflow/.local/lib/python3.12/site-packages/airflow/example_dags/tutorial.py
[2025-03-29T21:31:17.300+0000] {processor.py:914} INFO - Processing file /home/airflow/.local/lib/python3.12/site-packages/airflow/example_dags/tutorial.py for tasks to queue
[2025-03-29T21:31:17.309+0000] {logging_mixin.py:190} INFO - [2025-03-29T21:31:17.307+0000] {dagbag.py:588} INFO - Filling up the DagBag from /home/airflow/.local/lib/python3.12/site-packages/airflow/example_dags/tutorial.py
[2025-03-29T21:31:17.335+0000] {processor.py:925} INFO - DAG(s) 'tutorial' retrieved from /home/airflow/.local/lib/python3.12/site-packages/airflow/example_dags/tutorial.py
[2025-03-29T21:31:17.390+0000] {logging_mixin.py:190} INFO - [2025-03-29T21:31:17.390+0000] {dag.py:3239} INFO - Sync 1 DAGs
[2025-03-29T21:31:17.439+0000] {logging_mixin.py:190} INFO - [2025-03-29T21:31:17.439+0000] {dag.py:4180} INFO - Setting next_dagrun for tutorial to 2025-03-28 00:00:00+00:00, run_after=2025-03-29 00:00:00+00:00
[2025-03-29T21:31:17.477+0000] {processor.py:208} INFO - Processing /home/airflow/.local/lib/python3.12/site-packages/airflow/example_dags/tutorial.py took 0.201 seconds
[2025-03-29T21:31:48.613+0000] {processor.py:186} INFO - Started process (PID=508) to work on /home/airflow/.local/lib/python3.12/site-packages/airflow/example_dags/tutorial.py
[2025-03-29T21:31:48.614+0000] {processor.py:914} INFO - Processing file /home/airflow/.local/lib/python3.12/site-packages/airflow/example_dags/tutorial.py for tasks to queue
[2025-03-29T21:31:48.620+0000] {logging_mixin.py:190} INFO - [2025-03-29T21:31:48.620+0000] {dagbag.py:588} INFO - Filling up the DagBag from /home/airflow/.local/lib/python3.12/site-packages/airflow/example_dags/tutorial.py
[2025-03-29T21:31:48.648+0000] {processor.py:925} INFO - DAG(s) 'tutorial' retrieved from /home/airflow/.local/lib/python3.12/site-packages/airflow/example_dags/tutorial.py
[2025-03-29T21:31:48.730+0000] {logging_mixin.py:190} INFO - [2025-03-29T21:31:48.729+0000] {dag.py:3239} INFO - Sync 1 DAGs
[2025-03-29T21:31:48.783+0000] {logging_mixin.py:190} INFO - [2025-03-29T21:31:48.783+0000] {dag.py:4180} INFO - Setting next_dagrun for tutorial to 2025-03-28 00:00:00+00:00, run_after=2025-03-29 00:00:00+00:00
[2025-03-29T21:31:48.820+0000] {processor.py:208} INFO - Processing /home/airflow/.local/lib/python3.12/site-packages/airflow/example_dags/tutorial.py took 0.236 seconds
[2025-03-29T21:32:19.348+0000] {processor.py:186} INFO - Started process (PID=574) to work on /home/airflow/.local/lib/python3.12/site-packages/airflow/example_dags/tutorial.py
[2025-03-29T21:32:19.350+0000] {processor.py:914} INFO - Processing file /home/airflow/.local/lib/python3.12/site-packages/airflow/example_dags/tutorial.py for tasks to queue
[2025-03-29T21:32:19.355+0000] {logging_mixin.py:190} INFO - [2025-03-29T21:32:19.355+0000] {dagbag.py:588} INFO - Filling up the DagBag from /home/airflow/.local/lib/python3.12/site-packages/airflow/example_dags/tutorial.py
[2025-03-29T21:32:19.373+0000] {processor.py:925} INFO - DAG(s) 'tutorial' retrieved from /home/airflow/.local/lib/python3.12/site-packages/airflow/example_dags/tutorial.py
[2025-03-29T21:32:19.415+0000] {logging_mixin.py:190} INFO - [2025-03-29T21:32:19.415+0000] {dag.py:3239} INFO - Sync 1 DAGs
[2025-03-29T21:32:19.464+0000] {logging_mixin.py:190} INFO - [2025-03-29T21:32:19.463+0000] {dag.py:4180} INFO - Setting next_dagrun for tutorial to 2025-03-28 00:00:00+00:00, run_after=2025-03-29 00:00:00+00:00
[2025-03-29T21:32:19.505+0000] {processor.py:208} INFO - Processing /home/airflow/.local/lib/python3.12/site-packages/airflow/example_dags/tutorial.py took 0.170 seconds
[2025-03-29T21:32:49.798+0000] {processor.py:186} INFO - Started process (PID=641) to work on /home/airflow/.local/lib/python3.12/site-packages/airflow/example_dags/tutorial.py
[2025-03-29T21:32:49.801+0000] {processor.py:914} INFO - Processing file /home/airflow/.local/lib/python3.12/site-packages/airflow/example_dags/tutorial.py for tasks to queue
[2025-03-29T21:32:49.805+0000] {logging_mixin.py:190} INFO - [2025-03-29T21:32:49.805+0000] {dagbag.py:588} INFO - Filling up the DagBag from /home/airflow/.local/lib/python3.12/site-packages/airflow/example_dags/tutorial.py
[2025-03-29T21:32:49.826+0000] {processor.py:925} INFO - DAG(s) 'tutorial' retrieved from /home/airflow/.local/lib/python3.12/site-packages/airflow/example_dags/tutorial.py
[2025-03-29T21:32:49.866+0000] {logging_mixin.py:190} INFO - [2025-03-29T21:32:49.865+0000] {dag.py:3239} INFO - Sync 1 DAGs
[2025-03-29T21:32:49.906+0000] {logging_mixin.py:190} INFO - [2025-03-29T21:32:49.906+0000] {dag.py:4180} INFO - Setting next_dagrun for tutorial to 2025-03-28 00:00:00+00:00, run_after=2025-03-29 00:00:00+00:00
[2025-03-29T21:32:49.939+0000] {processor.py:208} INFO - Processing /home/airflow/.local/lib/python3.12/site-packages/airflow/example_dags/tutorial.py took 0.156 seconds
[2025-03-29T21:33:20.399+0000] {processor.py:186} INFO - Started process (PID=708) to work on /home/airflow/.local/lib/python3.12/site-packages/airflow/example_dags/tutorial.py
[2025-03-29T21:33:20.401+0000] {processor.py:914} INFO - Processing file /home/airflow/.local/lib/python3.12/site-packages/airflow/example_dags/tutorial.py for tasks to queue
[2025-03-29T21:33:20.406+0000] {logging_mixin.py:190} INFO - [2025-03-29T21:33:20.405+0000] {dagbag.py:588} INFO - Filling up the DagBag from /home/airflow/.local/lib/python3.12/site-packages/airflow/example_dags/tutorial.py
[2025-03-29T21:33:20.425+0000] {processor.py:925} INFO - DAG(s) 'tutorial' retrieved from /home/airflow/.local/lib/python3.12/site-packages/airflow/example_dags/tutorial.py
[2025-03-29T21:33:20.473+0000] {logging_mixin.py:190} INFO - [2025-03-29T21:33:20.473+0000] {dag.py:3239} INFO - Sync 1 DAGs
[2025-03-29T21:33:20.531+0000] {logging_mixin.py:190} INFO - [2025-03-29T21:33:20.530+0000] {dag.py:4180} INFO - Setting next_dagrun for tutorial to 2025-03-28 00:00:00+00:00, run_after=2025-03-29 00:00:00+00:00
[2025-03-29T21:33:20.561+0000] {processor.py:208} INFO - Processing /home/airflow/.local/lib/python3.12/site-packages/airflow/example_dags/tutorial.py took 0.180 seconds
[2025-03-29T21:33:51.906+0000] {processor.py:186} INFO - Started process (PID=775) to work on /home/airflow/.local/lib/python3.12/site-packages/airflow/example_dags/tutorial.py
[2025-03-29T21:33:51.909+0000] {processor.py:914} INFO - Processing file /home/airflow/.local/lib/python3.12/site-packages/airflow/example_dags/tutorial.py for tasks to queue
[2025-03-29T21:33:51.917+0000] {logging_mixin.py:190} INFO - [2025-03-29T21:33:51.916+0000] {dagbag.py:588} INFO - Filling up the DagBag from /home/airflow/.local/lib/python3.12/site-packages/airflow/example_dags/tutorial.py
[2025-03-29T21:33:51.939+0000] {processor.py:925} INFO - DAG(s) 'tutorial' retrieved from /home/airflow/.local/lib/python3.12/site-packages/airflow/example_dags/tutorial.py
[2025-03-29T21:33:52.008+0000] {logging_mixin.py:190} INFO - [2025-03-29T21:33:52.008+0000] {dag.py:3239} INFO - Sync 1 DAGs
[2025-03-29T21:33:52.062+0000] {logging_mixin.py:190} INFO - [2025-03-29T21:33:52.062+0000] {dag.py:4180} INFO - Setting next_dagrun for tutorial to 2025-03-28 00:00:00+00:00, run_after=2025-03-29 00:00:00+00:00
[2025-03-29T21:33:52.102+0000] {processor.py:208} INFO - Processing /home/airflow/.local/lib/python3.12/site-packages/airflow/example_dags/tutorial.py took 0.212 seconds
[2025-03-29T21:34:23.958+0000] {processor.py:186} INFO - Started process (PID=840) to work on /home/airflow/.local/lib/python3.12/site-packages/airflow/example_dags/tutorial.py
[2025-03-29T21:34:23.960+0000] {processor.py:914} INFO - Processing file /home/airflow/.local/lib/python3.12/site-packages/airflow/example_dags/tutorial.py for tasks to queue
[2025-03-29T21:34:23.966+0000] {logging_mixin.py:190} INFO - [2025-03-29T21:34:23.966+0000] {dagbag.py:588} INFO - Filling up the DagBag from /home/airflow/.local/lib/python3.12/site-packages/airflow/example_dags/tutorial.py
[2025-03-29T21:34:23.993+0000] {processor.py:925} INFO - DAG(s) 'tutorial' retrieved from /home/airflow/.local/lib/python3.12/site-packages/airflow/example_dags/tutorial.py
[2025-03-29T21:34:24.051+0000] {logging_mixin.py:190} INFO - [2025-03-29T21:34:24.050+0000] {dag.py:3239} INFO - Sync 1 DAGs
[2025-03-29T21:34:24.097+0000] {logging_mixin.py:190} INFO - [2025-03-29T21:34:24.097+0000] {dag.py:4180} INFO - Setting next_dagrun for tutorial to 2025-03-28 00:00:00+00:00, run_after=2025-03-29 00:00:00+00:00
[2025-03-29T21:34:24.139+0000] {processor.py:208} INFO - Processing /home/airflow/.local/lib/python3.12/site-packages/airflow/example_dags/tutorial.py took 0.201 seconds
[2025-03-29T21:34:56.557+0000] {processor.py:186} INFO - Started process (PID=907) to work on /home/airflow/.local/lib/python3.12/site-packages/airflow/example_dags/tutorial.py
[2025-03-29T21:34:56.569+0000] {processor.py:914} INFO - Processing file /home/airflow/.local/lib/python3.12/site-packages/airflow/example_dags/tutorial.py for tasks to queue
[2025-03-29T21:34:56.595+0000] {logging_mixin.py:190} INFO - [2025-03-29T21:34:56.592+0000] {dagbag.py:588} INFO - Filling up the DagBag from /home/airflow/.local/lib/python3.12/site-packages/airflow/example_dags/tutorial.py
[2025-03-29T21:34:56.672+0000] {processor.py:925} INFO - DAG(s) 'tutorial' retrieved from /home/airflow/.local/lib/python3.12/site-packages/airflow/example_dags/tutorial.py
[2025-03-29T21:34:56.822+0000] {logging_mixin.py:190} INFO - [2025-03-29T21:34:56.822+0000] {dag.py:3239} INFO - Sync 1 DAGs
[2025-03-29T21:34:56.959+0000] {logging_mixin.py:190} INFO - [2025-03-29T21:34:56.958+0000] {dag.py:4180} INFO - Setting next_dagrun for tutorial to 2025-03-28 00:00:00+00:00, run_after=2025-03-29 00:00:00+00:00
[2025-03-29T21:34:57.033+0000] {processor.py:208} INFO - Processing /home/airflow/.local/lib/python3.12/site-packages/airflow/example_dags/tutorial.py took 0.536 seconds
[2025-03-29T21:49:50.338+0000] {processor.py:186} INFO - Started process (PID=111) to work on /home/airflow/.local/lib/python3.12/site-packages/airflow/example_dags/tutorial.py
[2025-03-29T21:49:50.347+0000] {processor.py:914} INFO - Processing file /home/airflow/.local/lib/python3.12/site-packages/airflow/example_dags/tutorial.py for tasks to queue
[2025-03-29T21:49:50.375+0000] {logging_mixin.py:190} INFO - [2025-03-29T21:49:50.372+0000] {dagbag.py:588} INFO - Filling up the DagBag from /home/airflow/.local/lib/python3.12/site-packages/airflow/example_dags/tutorial.py
[2025-03-29T21:49:50.462+0000] {processor.py:925} INFO - DAG(s) 'tutorial' retrieved from /home/airflow/.local/lib/python3.12/site-packages/airflow/example_dags/tutorial.py
[2025-03-29T21:49:51.570+0000] {logging_mixin.py:190} INFO - [2025-03-29T21:49:51.569+0000] {override.py:1912} INFO - Created Permission View: can read on DAG:tutorial
[2025-03-29T21:49:51.649+0000] {logging_mixin.py:190} INFO - [2025-03-29T21:49:51.643+0000] {override.py:1912} INFO - Created Permission View: can delete on DAG:tutorial
[2025-03-29T21:49:51.711+0000] {logging_mixin.py:190} INFO - [2025-03-29T21:49:51.711+0000] {override.py:1912} INFO - Created Permission View: can edit on DAG:tutorial
[2025-03-29T21:49:51.804+0000] {logging_mixin.py:190} INFO - [2025-03-29T21:49:51.804+0000] {override.py:1912} INFO - Created Permission View: can read on DAG Run:tutorial
[2025-03-29T21:49:51.906+0000] {logging_mixin.py:190} INFO - [2025-03-29T21:49:51.896+0000] {override.py:1912} INFO - Created Permission View: can delete on DAG Run:tutorial
[2025-03-29T21:49:52.004+0000] {logging_mixin.py:190} INFO - [2025-03-29T21:49:52.004+0000] {override.py:1912} INFO - Created Permission View: can create on DAG Run:tutorial
[2025-03-29T21:49:52.090+0000] {logging_mixin.py:190} INFO - [2025-03-29T21:49:52.089+0000] {override.py:1912} INFO - Created Permission View: menu access on DAG Run:tutorial
[2025-03-29T21:49:52.090+0000] {logging_mixin.py:190} INFO - [2025-03-29T21:49:52.090+0000] {dag.py:3239} INFO - Sync 1 DAGs
[2025-03-29T21:49:52.214+0000] {logging_mixin.py:190} INFO - [2025-03-29T21:49:52.196+0000] {dag.py:3262} INFO - Creating ORM DAG for tutorial
[2025-03-29T21:49:52.354+0000] {logging_mixin.py:190} INFO - [2025-03-29T21:49:52.353+0000] {dag.py:4180} INFO - Setting next_dagrun for tutorial to 2025-03-28 00:00:00+00:00, run_after=2025-03-29 00:00:00+00:00
[2025-03-29T21:49:52.509+0000] {processor.py:208} INFO - Processing /home/airflow/.local/lib/python3.12/site-packages/airflow/example_dags/tutorial.py took 2.220 seconds
[2025-03-29T21:50:23.231+0000] {processor.py:186} INFO - Started process (PID=177) to work on /home/airflow/.local/lib/python3.12/site-packages/airflow/example_dags/tutorial.py
[2025-03-29T21:50:23.234+0000] {processor.py:914} INFO - Processing file /home/airflow/.local/lib/python3.12/site-packages/airflow/example_dags/tutorial.py for tasks to queue
[2025-03-29T21:50:23.239+0000] {logging_mixin.py:190} INFO - [2025-03-29T21:50:23.238+0000] {dagbag.py:588} INFO - Filling up the DagBag from /home/airflow/.local/lib/python3.12/site-packages/airflow/example_dags/tutorial.py
[2025-03-29T21:50:23.263+0000] {processor.py:925} INFO - DAG(s) 'tutorial' retrieved from /home/airflow/.local/lib/python3.12/site-packages/airflow/example_dags/tutorial.py
[2025-03-29T21:50:23.327+0000] {logging_mixin.py:190} INFO - [2025-03-29T21:50:23.326+0000] {dag.py:3239} INFO - Sync 1 DAGs
[2025-03-29T21:50:23.370+0000] {logging_mixin.py:190} INFO - [2025-03-29T21:50:23.369+0000] {dag.py:4180} INFO - Setting next_dagrun for tutorial to 2025-03-28 00:00:00+00:00, run_after=2025-03-29 00:00:00+00:00
[2025-03-29T21:50:23.399+0000] {processor.py:208} INFO - Processing /home/airflow/.local/lib/python3.12/site-packages/airflow/example_dags/tutorial.py took 0.181 seconds
[2025-03-29T21:50:53.648+0000] {processor.py:186} INFO - Started process (PID=244) to work on /home/airflow/.local/lib/python3.12/site-packages/airflow/example_dags/tutorial.py
[2025-03-29T21:50:53.649+0000] {processor.py:914} INFO - Processing file /home/airflow/.local/lib/python3.12/site-packages/airflow/example_dags/tutorial.py for tasks to queue
[2025-03-29T21:50:53.654+0000] {logging_mixin.py:190} INFO - [2025-03-29T21:50:53.653+0000] {dagbag.py:588} INFO - Filling up the DagBag from /home/airflow/.local/lib/python3.12/site-packages/airflow/example_dags/tutorial.py
[2025-03-29T21:50:53.672+0000] {processor.py:925} INFO - DAG(s) 'tutorial' retrieved from /home/airflow/.local/lib/python3.12/site-packages/airflow/example_dags/tutorial.py
[2025-03-29T21:50:53.717+0000] {logging_mixin.py:190} INFO - [2025-03-29T21:50:53.716+0000] {dag.py:3239} INFO - Sync 1 DAGs
[2025-03-29T21:50:53.757+0000] {logging_mixin.py:190} INFO - [2025-03-29T21:50:53.757+0000] {dag.py:4180} INFO - Setting next_dagrun for tutorial to 2025-03-28 00:00:00+00:00, run_after=2025-03-29 00:00:00+00:00
[2025-03-29T21:50:53.784+0000] {processor.py:208} INFO - Processing /home/airflow/.local/lib/python3.12/site-packages/airflow/example_dags/tutorial.py took 0.148 seconds
[2025-03-29T21:51:23.974+0000] {processor.py:186} INFO - Started process (PID=311) to work on /home/airflow/.local/lib/python3.12/site-packages/airflow/example_dags/tutorial.py
[2025-03-29T21:51:23.977+0000] {processor.py:914} INFO - Processing file /home/airflow/.local/lib/python3.12/site-packages/airflow/example_dags/tutorial.py for tasks to queue
[2025-03-29T21:51:23.986+0000] {logging_mixin.py:190} INFO - [2025-03-29T21:51:23.986+0000] {dagbag.py:588} INFO - Filling up the DagBag from /home/airflow/.local/lib/python3.12/site-packages/airflow/example_dags/tutorial.py
[2025-03-29T21:51:24.010+0000] {processor.py:925} INFO - DAG(s) 'tutorial' retrieved from /home/airflow/.local/lib/python3.12/site-packages/airflow/example_dags/tutorial.py
[2025-03-29T21:51:24.067+0000] {logging_mixin.py:190} INFO - [2025-03-29T21:51:24.066+0000] {dag.py:3239} INFO - Sync 1 DAGs
[2025-03-29T21:51:24.159+0000] {logging_mixin.py:190} INFO - [2025-03-29T21:51:24.159+0000] {dag.py:4180} INFO - Setting next_dagrun for tutorial to 2025-03-28 00:00:00+00:00, run_after=2025-03-29 00:00:00+00:00
[2025-03-29T21:51:24.250+0000] {processor.py:208} INFO - Processing /home/airflow/.local/lib/python3.12/site-packages/airflow/example_dags/tutorial.py took 0.291 seconds
[2025-03-29T21:51:54.918+0000] {processor.py:186} INFO - Started process (PID=377) to work on /home/airflow/.local/lib/python3.12/site-packages/airflow/example_dags/tutorial.py
[2025-03-29T21:51:54.919+0000] {processor.py:914} INFO - Processing file /home/airflow/.local/lib/python3.12/site-packages/airflow/example_dags/tutorial.py for tasks to queue
[2025-03-29T21:51:54.924+0000] {logging_mixin.py:190} INFO - [2025-03-29T21:51:54.924+0000] {dagbag.py:588} INFO - Filling up the DagBag from /home/airflow/.local/lib/python3.12/site-packages/airflow/example_dags/tutorial.py
[2025-03-29T21:51:54.945+0000] {processor.py:925} INFO - DAG(s) 'tutorial' retrieved from /home/airflow/.local/lib/python3.12/site-packages/airflow/example_dags/tutorial.py
[2025-03-29T21:51:55.020+0000] {logging_mixin.py:190} INFO - [2025-03-29T21:51:55.020+0000] {dag.py:3239} INFO - Sync 1 DAGs
[2025-03-29T21:51:55.141+0000] {logging_mixin.py:190} INFO - [2025-03-29T21:51:55.140+0000] {dag.py:4180} INFO - Setting next_dagrun for tutorial to 2025-03-28 00:00:00+00:00, run_after=2025-03-29 00:00:00+00:00
[2025-03-29T21:51:55.218+0000] {processor.py:208} INFO - Processing /home/airflow/.local/lib/python3.12/site-packages/airflow/example_dags/tutorial.py took 0.318 seconds
[2025-03-29T21:52:25.452+0000] {processor.py:186} INFO - Started process (PID=443) to work on /home/airflow/.local/lib/python3.12/site-packages/airflow/example_dags/tutorial.py
[2025-03-29T21:52:25.455+0000] {processor.py:914} INFO - Processing file /home/airflow/.local/lib/python3.12/site-packages/airflow/example_dags/tutorial.py for tasks to queue
[2025-03-29T21:52:25.462+0000] {logging_mixin.py:190} INFO - [2025-03-29T21:52:25.461+0000] {dagbag.py:588} INFO - Filling up the DagBag from /home/airflow/.local/lib/python3.12/site-packages/airflow/example_dags/tutorial.py
[2025-03-29T21:52:25.481+0000] {processor.py:925} INFO - DAG(s) 'tutorial' retrieved from /home/airflow/.local/lib/python3.12/site-packages/airflow/example_dags/tutorial.py
[2025-03-29T21:52:25.534+0000] {logging_mixin.py:190} INFO - [2025-03-29T21:52:25.534+0000] {dag.py:3239} INFO - Sync 1 DAGs
[2025-03-29T21:52:25.587+0000] {logging_mixin.py:190} INFO - [2025-03-29T21:52:25.587+0000] {dag.py:4180} INFO - Setting next_dagrun for tutorial to 2025-03-28 00:00:00+00:00, run_after=2025-03-29 00:00:00+00:00
[2025-03-29T21:52:25.621+0000] {processor.py:208} INFO - Processing /home/airflow/.local/lib/python3.12/site-packages/airflow/example_dags/tutorial.py took 0.182 seconds
[2025-03-29T21:52:56.102+0000] {processor.py:186} INFO - Started process (PID=510) to work on /home/airflow/.local/lib/python3.12/site-packages/airflow/example_dags/tutorial.py
[2025-03-29T21:52:56.104+0000] {processor.py:914} INFO - Processing file /home/airflow/.local/lib/python3.12/site-packages/airflow/example_dags/tutorial.py for tasks to queue
[2025-03-29T21:52:56.108+0000] {logging_mixin.py:190} INFO - [2025-03-29T21:52:56.108+0000] {dagbag.py:588} INFO - Filling up the DagBag from /home/airflow/.local/lib/python3.12/site-packages/airflow/example_dags/tutorial.py
[2025-03-29T21:52:56.126+0000] {processor.py:925} INFO - DAG(s) 'tutorial' retrieved from /home/airflow/.local/lib/python3.12/site-packages/airflow/example_dags/tutorial.py
[2025-03-29T21:52:56.170+0000] {logging_mixin.py:190} INFO - [2025-03-29T21:52:56.170+0000] {dag.py:3239} INFO - Sync 1 DAGs
[2025-03-29T21:52:56.212+0000] {logging_mixin.py:190} INFO - [2025-03-29T21:52:56.212+0000] {dag.py:4180} INFO - Setting next_dagrun for tutorial to 2025-03-28 00:00:00+00:00, run_after=2025-03-29 00:00:00+00:00
[2025-03-29T21:52:56.248+0000] {processor.py:208} INFO - Processing /home/airflow/.local/lib/python3.12/site-packages/airflow/example_dags/tutorial.py took 0.159 seconds
[2025-03-29T21:53:26.814+0000] {processor.py:186} INFO - Started process (PID=577) to work on /home/airflow/.local/lib/python3.12/site-packages/airflow/example_dags/tutorial.py
[2025-03-29T21:53:26.817+0000] {processor.py:914} INFO - Processing file /home/airflow/.local/lib/python3.12/site-packages/airflow/example_dags/tutorial.py for tasks to queue
[2025-03-29T21:53:26.836+0000] {logging_mixin.py:190} INFO - [2025-03-29T21:53:26.833+0000] {dagbag.py:588} INFO - Filling up the DagBag from /home/airflow/.local/lib/python3.12/site-packages/airflow/example_dags/tutorial.py
[2025-03-29T21:53:26.857+0000] {processor.py:925} INFO - DAG(s) 'tutorial' retrieved from /home/airflow/.local/lib/python3.12/site-packages/airflow/example_dags/tutorial.py
[2025-03-29T21:53:26.912+0000] {logging_mixin.py:190} INFO - [2025-03-29T21:53:26.911+0000] {dag.py:3239} INFO - Sync 1 DAGs
[2025-03-29T21:53:26.966+0000] {logging_mixin.py:190} INFO - [2025-03-29T21:53:26.966+0000] {dag.py:4180} INFO - Setting next_dagrun for tutorial to 2025-03-28 00:00:00+00:00, run_after=2025-03-29 00:00:00+00:00
[2025-03-29T21:53:27.012+0000] {processor.py:208} INFO - Processing /home/airflow/.local/lib/python3.12/site-packages/airflow/example_dags/tutorial.py took 0.214 seconds
[2025-03-29T21:53:58.956+0000] {processor.py:186} INFO - Started process (PID=650) to work on /home/airflow/.local/lib/python3.12/site-packages/airflow/example_dags/tutorial.py
[2025-03-29T21:53:58.959+0000] {processor.py:914} INFO - Processing file /home/airflow/.local/lib/python3.12/site-packages/airflow/example_dags/tutorial.py for tasks to queue
[2025-03-29T21:53:58.964+0000] {logging_mixin.py:190} INFO - [2025-03-29T21:53:58.964+0000] {dagbag.py:588} INFO - Filling up the DagBag from /home/airflow/.local/lib/python3.12/site-packages/airflow/example_dags/tutorial.py
[2025-03-29T21:53:58.982+0000] {processor.py:925} INFO - DAG(s) 'tutorial' retrieved from /home/airflow/.local/lib/python3.12/site-packages/airflow/example_dags/tutorial.py
[2025-03-29T21:53:59.044+0000] {logging_mixin.py:190} INFO - [2025-03-29T21:53:59.044+0000] {dag.py:3239} INFO - Sync 1 DAGs
[2025-03-29T21:53:59.098+0000] {logging_mixin.py:190} INFO - [2025-03-29T21:53:59.098+0000] {dag.py:4180} INFO - Setting next_dagrun for tutorial to 2025-03-28 00:00:00+00:00, run_after=2025-03-29 00:00:00+00:00
[2025-03-29T21:53:59.147+0000] {processor.py:208} INFO - Processing /home/airflow/.local/lib/python3.12/site-packages/airflow/example_dags/tutorial.py took 0.206 seconds
[2025-03-29T21:54:30.713+0000] {processor.py:186} INFO - Started process (PID=717) to work on /home/airflow/.local/lib/python3.12/site-packages/airflow/example_dags/tutorial.py
[2025-03-29T21:54:30.715+0000] {processor.py:914} INFO - Processing file /home/airflow/.local/lib/python3.12/site-packages/airflow/example_dags/tutorial.py for tasks to queue
[2025-03-29T21:54:30.723+0000] {logging_mixin.py:190} INFO - [2025-03-29T21:54:30.721+0000] {dagbag.py:588} INFO - Filling up the DagBag from /home/airflow/.local/lib/python3.12/site-packages/airflow/example_dags/tutorial.py
[2025-03-29T21:54:30.746+0000] {processor.py:925} INFO - DAG(s) 'tutorial' retrieved from /home/airflow/.local/lib/python3.12/site-packages/airflow/example_dags/tutorial.py
[2025-03-29T21:54:30.795+0000] {logging_mixin.py:190} INFO - [2025-03-29T21:54:30.794+0000] {dag.py:3239} INFO - Sync 1 DAGs
[2025-03-29T21:54:30.840+0000] {logging_mixin.py:190} INFO - [2025-03-29T21:54:30.839+0000] {dag.py:4180} INFO - Setting next_dagrun for tutorial to 2025-03-28 00:00:00+00:00, run_after=2025-03-29 00:00:00+00:00
[2025-03-29T21:54:30.886+0000] {processor.py:208} INFO - Processing /home/airflow/.local/lib/python3.12/site-packages/airflow/example_dags/tutorial.py took 0.188 seconds
[2025-03-29T23:13:58.261+0000] {processor.py:186} INFO - Started process (PID=114) to work on /home/airflow/.local/lib/python3.12/site-packages/airflow/example_dags/tutorial.py
[2025-03-29T23:13:58.265+0000] {processor.py:914} INFO - Processing file /home/airflow/.local/lib/python3.12/site-packages/airflow/example_dags/tutorial.py for tasks to queue
[2025-03-29T23:13:58.280+0000] {logging_mixin.py:190} INFO - [2025-03-29T23:13:58.279+0000] {dagbag.py:588} INFO - Filling up the DagBag from /home/airflow/.local/lib/python3.12/site-packages/airflow/example_dags/tutorial.py
[2025-03-29T23:13:58.334+0000] {processor.py:925} INFO - DAG(s) 'tutorial' retrieved from /home/airflow/.local/lib/python3.12/site-packages/airflow/example_dags/tutorial.py
[2025-03-29T23:13:58.675+0000] {logging_mixin.py:190} INFO - [2025-03-29T23:13:58.672+0000] {override.py:1912} INFO - Created Permission View: can delete on DAG:tutorial
[2025-03-29T23:13:58.728+0000] {logging_mixin.py:190} INFO - [2025-03-29T23:13:58.728+0000] {override.py:1912} INFO - Created Permission View: can edit on DAG:tutorial
[2025-03-29T23:13:58.743+0000] {logging_mixin.py:190} INFO - [2025-03-29T23:13:58.742+0000] {override.py:1912} INFO - Created Permission View: can read on DAG:tutorial
[2025-03-29T23:13:58.755+0000] {logging_mixin.py:190} INFO - [2025-03-29T23:13:58.754+0000] {override.py:1912} INFO - Created Permission View: can create on DAG Run:tutorial
[2025-03-29T23:13:58.769+0000] {logging_mixin.py:190} INFO - [2025-03-29T23:13:58.767+0000] {override.py:1912} INFO - Created Permission View: can delete on DAG Run:tutorial
[2025-03-29T23:13:58.788+0000] {logging_mixin.py:190} INFO - [2025-03-29T23:13:58.788+0000] {override.py:1912} INFO - Created Permission View: menu access on DAG Run:tutorial
[2025-03-29T23:13:58.801+0000] {logging_mixin.py:190} INFO - [2025-03-29T23:13:58.800+0000] {override.py:1912} INFO - Created Permission View: can read on DAG Run:tutorial
[2025-03-29T23:13:58.802+0000] {logging_mixin.py:190} INFO - [2025-03-29T23:13:58.801+0000] {dag.py:3239} INFO - Sync 1 DAGs
[2025-03-29T23:13:58.838+0000] {logging_mixin.py:190} INFO - [2025-03-29T23:13:58.837+0000] {dag.py:3262} INFO - Creating ORM DAG for tutorial
[2025-03-29T23:13:58.856+0000] {logging_mixin.py:190} INFO - [2025-03-29T23:13:58.856+0000] {dag.py:4180} INFO - Setting next_dagrun for tutorial to 2025-03-28 00:00:00+00:00, run_after=2025-03-29 00:00:00+00:00
[2025-03-29T23:13:58.894+0000] {processor.py:208} INFO - Processing /home/airflow/.local/lib/python3.12/site-packages/airflow/example_dags/tutorial.py took 0.655 seconds
[2025-03-29T23:14:29.104+0000] {processor.py:186} INFO - Started process (PID=181) to work on /home/airflow/.local/lib/python3.12/site-packages/airflow/example_dags/tutorial.py
[2025-03-29T23:14:29.107+0000] {processor.py:914} INFO - Processing file /home/airflow/.local/lib/python3.12/site-packages/airflow/example_dags/tutorial.py for tasks to queue
[2025-03-29T23:14:29.112+0000] {logging_mixin.py:190} INFO - [2025-03-29T23:14:29.111+0000] {dagbag.py:588} INFO - Filling up the DagBag from /home/airflow/.local/lib/python3.12/site-packages/airflow/example_dags/tutorial.py
[2025-03-29T23:14:29.133+0000] {processor.py:925} INFO - DAG(s) 'tutorial' retrieved from /home/airflow/.local/lib/python3.12/site-packages/airflow/example_dags/tutorial.py
[2025-03-29T23:14:29.205+0000] {logging_mixin.py:190} INFO - [2025-03-29T23:14:29.203+0000] {dag.py:3239} INFO - Sync 1 DAGs
[2025-03-29T23:14:29.268+0000] {logging_mixin.py:190} INFO - [2025-03-29T23:14:29.268+0000] {dag.py:4180} INFO - Setting next_dagrun for tutorial to 2025-03-28 00:00:00+00:00, run_after=2025-03-29 00:00:00+00:00
[2025-03-29T23:14:29.301+0000] {processor.py:208} INFO - Processing /home/airflow/.local/lib/python3.12/site-packages/airflow/example_dags/tutorial.py took 0.213 seconds
[2025-03-29T23:15:00.173+0000] {processor.py:186} INFO - Started process (PID=247) to work on /home/airflow/.local/lib/python3.12/site-packages/airflow/example_dags/tutorial.py
[2025-03-29T23:15:00.175+0000] {processor.py:914} INFO - Processing file /home/airflow/.local/lib/python3.12/site-packages/airflow/example_dags/tutorial.py for tasks to queue
[2025-03-29T23:15:00.180+0000] {logging_mixin.py:190} INFO - [2025-03-29T23:15:00.180+0000] {dagbag.py:588} INFO - Filling up the DagBag from /home/airflow/.local/lib/python3.12/site-packages/airflow/example_dags/tutorial.py
[2025-03-29T23:15:00.197+0000] {processor.py:925} INFO - DAG(s) 'tutorial' retrieved from /home/airflow/.local/lib/python3.12/site-packages/airflow/example_dags/tutorial.py
[2025-03-29T23:15:00.236+0000] {logging_mixin.py:190} INFO - [2025-03-29T23:15:00.236+0000] {dag.py:3239} INFO - Sync 1 DAGs
[2025-03-29T23:15:00.275+0000] {logging_mixin.py:190} INFO - [2025-03-29T23:15:00.274+0000] {dag.py:4180} INFO - Setting next_dagrun for tutorial to 2025-03-28 00:00:00+00:00, run_after=2025-03-29 00:00:00+00:00
[2025-03-29T23:15:00.315+0000] {processor.py:208} INFO - Processing /home/airflow/.local/lib/python3.12/site-packages/airflow/example_dags/tutorial.py took 0.155 seconds
[2025-03-29T23:15:31.751+0000] {processor.py:186} INFO - Started process (PID=313) to work on /home/airflow/.local/lib/python3.12/site-packages/airflow/example_dags/tutorial.py
[2025-03-29T23:15:31.756+0000] {processor.py:914} INFO - Processing file /home/airflow/.local/lib/python3.12/site-packages/airflow/example_dags/tutorial.py for tasks to queue
[2025-03-29T23:15:31.761+0000] {logging_mixin.py:190} INFO - [2025-03-29T23:15:31.760+0000] {dagbag.py:588} INFO - Filling up the DagBag from /home/airflow/.local/lib/python3.12/site-packages/airflow/example_dags/tutorial.py
[2025-03-29T23:15:31.800+0000] {processor.py:925} INFO - DAG(s) 'tutorial' retrieved from /home/airflow/.local/lib/python3.12/site-packages/airflow/example_dags/tutorial.py
[2025-03-29T23:15:31.984+0000] {logging_mixin.py:190} INFO - [2025-03-29T23:15:31.984+0000] {dag.py:3239} INFO - Sync 1 DAGs
[2025-03-29T23:15:32.145+0000] {logging_mixin.py:190} INFO - [2025-03-29T23:15:32.145+0000] {dag.py:4180} INFO - Setting next_dagrun for tutorial to 2025-03-28 00:00:00+00:00, run_after=2025-03-29 00:00:00+00:00
[2025-03-29T23:15:32.396+0000] {processor.py:208} INFO - Processing /home/airflow/.local/lib/python3.12/site-packages/airflow/example_dags/tutorial.py took 0.678 seconds
[2025-03-29T23:16:05.568+0000] {processor.py:186} INFO - Started process (PID=380) to work on /home/airflow/.local/lib/python3.12/site-packages/airflow/example_dags/tutorial.py
[2025-03-29T23:16:05.576+0000] {processor.py:914} INFO - Processing file /home/airflow/.local/lib/python3.12/site-packages/airflow/example_dags/tutorial.py for tasks to queue
[2025-03-29T23:16:05.593+0000] {logging_mixin.py:190} INFO - [2025-03-29T23:16:05.592+0000] {dagbag.py:588} INFO - Filling up the DagBag from /home/airflow/.local/lib/python3.12/site-packages/airflow/example_dags/tutorial.py
[2025-03-29T23:16:05.668+0000] {processor.py:925} INFO - DAG(s) 'tutorial' retrieved from /home/airflow/.local/lib/python3.12/site-packages/airflow/example_dags/tutorial.py
[2025-03-29T23:16:05.850+0000] {logging_mixin.py:190} INFO - [2025-03-29T23:16:05.850+0000] {dag.py:3239} INFO - Sync 1 DAGs
[2025-03-29T23:16:06.284+0000] {logging_mixin.py:190} INFO - [2025-03-29T23:16:06.268+0000] {dag.py:4180} INFO - Setting next_dagrun for tutorial to 2025-03-28 00:00:00+00:00, run_after=2025-03-29 00:00:00+00:00
[2025-03-29T23:16:06.502+0000] {processor.py:208} INFO - Processing /home/airflow/.local/lib/python3.12/site-packages/airflow/example_dags/tutorial.py took 1.009 seconds
[2025-03-29T23:16:36.729+0000] {processor.py:186} INFO - Started process (PID=454) to work on /home/airflow/.local/lib/python3.12/site-packages/airflow/example_dags/tutorial.py
[2025-03-29T23:16:36.737+0000] {processor.py:914} INFO - Processing file /home/airflow/.local/lib/python3.12/site-packages/airflow/example_dags/tutorial.py for tasks to queue
[2025-03-29T23:16:36.755+0000] {logging_mixin.py:190} INFO - [2025-03-29T23:16:36.750+0000] {dagbag.py:588} INFO - Filling up the DagBag from /home/airflow/.local/lib/python3.12/site-packages/airflow/example_dags/tutorial.py
[2025-03-29T23:16:36.818+0000] {processor.py:925} INFO - DAG(s) 'tutorial' retrieved from /home/airflow/.local/lib/python3.12/site-packages/airflow/example_dags/tutorial.py
[2025-03-29T23:16:36.919+0000] {logging_mixin.py:190} INFO - [2025-03-29T23:16:36.918+0000] {dag.py:3239} INFO - Sync 1 DAGs
[2025-03-29T23:16:37.014+0000] {logging_mixin.py:190} INFO - [2025-03-29T23:16:37.014+0000] {dag.py:4180} INFO - Setting next_dagrun for tutorial to 2025-03-28 00:00:00+00:00, run_after=2025-03-29 00:00:00+00:00
[2025-03-29T23:16:37.084+0000] {processor.py:208} INFO - Processing /home/airflow/.local/lib/python3.12/site-packages/airflow/example_dags/tutorial.py took 0.393 seconds
[2025-03-29T23:17:07.246+0000] {processor.py:186} INFO - Started process (PID=520) to work on /home/airflow/.local/lib/python3.12/site-packages/airflow/example_dags/tutorial.py
[2025-03-29T23:17:07.249+0000] {processor.py:914} INFO - Processing file /home/airflow/.local/lib/python3.12/site-packages/airflow/example_dags/tutorial.py for tasks to queue
[2025-03-29T23:17:07.254+0000] {logging_mixin.py:190} INFO - [2025-03-29T23:17:07.253+0000] {dagbag.py:588} INFO - Filling up the DagBag from /home/airflow/.local/lib/python3.12/site-packages/airflow/example_dags/tutorial.py
[2025-03-29T23:17:07.273+0000] {processor.py:925} INFO - DAG(s) 'tutorial' retrieved from /home/airflow/.local/lib/python3.12/site-packages/airflow/example_dags/tutorial.py
[2025-03-29T23:17:07.319+0000] {logging_mixin.py:190} INFO - [2025-03-29T23:17:07.318+0000] {dag.py:3239} INFO - Sync 1 DAGs
[2025-03-29T23:17:07.366+0000] {logging_mixin.py:190} INFO - [2025-03-29T23:17:07.365+0000] {dag.py:4180} INFO - Setting next_dagrun for tutorial to 2025-03-28 00:00:00+00:00, run_after=2025-03-29 00:00:00+00:00
[2025-03-29T23:17:07.398+0000] {processor.py:208} INFO - Processing /home/airflow/.local/lib/python3.12/site-packages/airflow/example_dags/tutorial.py took 0.166 seconds
[2025-03-29T23:34:33.175+0000] {processor.py:186} INFO - Started process (PID=111) to work on /home/airflow/.local/lib/python3.12/site-packages/airflow/example_dags/tutorial.py
[2025-03-29T23:34:33.179+0000] {processor.py:914} INFO - Processing file /home/airflow/.local/lib/python3.12/site-packages/airflow/example_dags/tutorial.py for tasks to queue
[2025-03-29T23:34:33.196+0000] {logging_mixin.py:190} INFO - [2025-03-29T23:34:33.189+0000] {dagbag.py:588} INFO - Filling up the DagBag from /home/airflow/.local/lib/python3.12/site-packages/airflow/example_dags/tutorial.py
[2025-03-29T23:34:33.259+0000] {processor.py:925} INFO - DAG(s) 'tutorial' retrieved from /home/airflow/.local/lib/python3.12/site-packages/airflow/example_dags/tutorial.py
[2025-03-29T23:34:33.806+0000] {logging_mixin.py:190} INFO - [2025-03-29T23:34:33.805+0000] {override.py:1912} INFO - Created Permission View: can read on DAG:tutorial
[2025-03-29T23:34:33.834+0000] {logging_mixin.py:190} INFO - [2025-03-29T23:34:33.834+0000] {override.py:1912} INFO - Created Permission View: can delete on DAG:tutorial
[2025-03-29T23:34:33.856+0000] {logging_mixin.py:190} INFO - [2025-03-29T23:34:33.856+0000] {override.py:1912} INFO - Created Permission View: can edit on DAG:tutorial
[2025-03-29T23:34:33.884+0000] {logging_mixin.py:190} INFO - [2025-03-29T23:34:33.883+0000] {override.py:1912} INFO - Created Permission View: can create on DAG Run:tutorial
[2025-03-29T23:34:33.901+0000] {logging_mixin.py:190} INFO - [2025-03-29T23:34:33.901+0000] {override.py:1912} INFO - Created Permission View: menu access on DAG Run:tutorial
[2025-03-29T23:34:33.917+0000] {logging_mixin.py:190} INFO - [2025-03-29T23:34:33.916+0000] {override.py:1912} INFO - Created Permission View: can read on DAG Run:tutorial
[2025-03-29T23:34:33.932+0000] {logging_mixin.py:190} INFO - [2025-03-29T23:34:33.931+0000] {override.py:1912} INFO - Created Permission View: can delete on DAG Run:tutorial
[2025-03-29T23:34:33.933+0000] {logging_mixin.py:190} INFO - [2025-03-29T23:34:33.932+0000] {dag.py:3239} INFO - Sync 1 DAGs
[2025-03-29T23:34:34.007+0000] {logging_mixin.py:190} INFO - [2025-03-29T23:34:34.003+0000] {dag.py:3262} INFO - Creating ORM DAG for tutorial
[2025-03-29T23:34:34.051+0000] {logging_mixin.py:190} INFO - [2025-03-29T23:34:34.051+0000] {dag.py:4180} INFO - Setting next_dagrun for tutorial to 2025-03-28 00:00:00+00:00, run_after=2025-03-29 00:00:00+00:00
[2025-03-29T23:34:34.150+0000] {processor.py:208} INFO - Processing /home/airflow/.local/lib/python3.12/site-packages/airflow/example_dags/tutorial.py took 0.993 seconds
[2025-03-29T23:35:04.265+0000] {processor.py:186} INFO - Started process (PID=178) to work on /home/airflow/.local/lib/python3.12/site-packages/airflow/example_dags/tutorial.py
[2025-03-29T23:35:04.267+0000] {processor.py:914} INFO - Processing file /home/airflow/.local/lib/python3.12/site-packages/airflow/example_dags/tutorial.py for tasks to queue
[2025-03-29T23:35:04.273+0000] {logging_mixin.py:190} INFO - [2025-03-29T23:35:04.272+0000] {dagbag.py:588} INFO - Filling up the DagBag from /home/airflow/.local/lib/python3.12/site-packages/airflow/example_dags/tutorial.py
[2025-03-29T23:35:04.295+0000] {processor.py:925} INFO - DAG(s) 'tutorial' retrieved from /home/airflow/.local/lib/python3.12/site-packages/airflow/example_dags/tutorial.py
[2025-03-29T23:35:04.359+0000] {logging_mixin.py:190} INFO - [2025-03-29T23:35:04.359+0000] {dag.py:3239} INFO - Sync 1 DAGs
[2025-03-29T23:35:04.402+0000] {logging_mixin.py:190} INFO - [2025-03-29T23:35:04.401+0000] {dag.py:4180} INFO - Setting next_dagrun for tutorial to 2025-03-28 00:00:00+00:00, run_after=2025-03-29 00:00:00+00:00
[2025-03-29T23:35:04.433+0000] {processor.py:208} INFO - Processing /home/airflow/.local/lib/python3.12/site-packages/airflow/example_dags/tutorial.py took 0.184 seconds
[2025-03-29T23:35:34.755+0000] {processor.py:186} INFO - Started process (PID=245) to work on /home/airflow/.local/lib/python3.12/site-packages/airflow/example_dags/tutorial.py
[2025-03-29T23:35:34.758+0000] {processor.py:914} INFO - Processing file /home/airflow/.local/lib/python3.12/site-packages/airflow/example_dags/tutorial.py for tasks to queue
[2025-03-29T23:35:34.762+0000] {logging_mixin.py:190} INFO - [2025-03-29T23:35:34.762+0000] {dagbag.py:588} INFO - Filling up the DagBag from /home/airflow/.local/lib/python3.12/site-packages/airflow/example_dags/tutorial.py
[2025-03-29T23:35:34.780+0000] {processor.py:925} INFO - DAG(s) 'tutorial' retrieved from /home/airflow/.local/lib/python3.12/site-packages/airflow/example_dags/tutorial.py
[2025-03-29T23:35:34.833+0000] {logging_mixin.py:190} INFO - [2025-03-29T23:35:34.833+0000] {dag.py:3239} INFO - Sync 1 DAGs
[2025-03-29T23:35:34.881+0000] {logging_mixin.py:190} INFO - [2025-03-29T23:35:34.881+0000] {dag.py:4180} INFO - Setting next_dagrun for tutorial to 2025-03-28 00:00:00+00:00, run_after=2025-03-29 00:00:00+00:00
[2025-03-29T23:35:34.917+0000] {processor.py:208} INFO - Processing /home/airflow/.local/lib/python3.12/site-packages/airflow/example_dags/tutorial.py took 0.176 seconds
[2025-03-29T23:36:05.322+0000] {processor.py:186} INFO - Started process (PID=311) to work on /home/airflow/.local/lib/python3.12/site-packages/airflow/example_dags/tutorial.py
[2025-03-29T23:36:05.324+0000] {processor.py:914} INFO - Processing file /home/airflow/.local/lib/python3.12/site-packages/airflow/example_dags/tutorial.py for tasks to queue
[2025-03-29T23:36:05.329+0000] {logging_mixin.py:190} INFO - [2025-03-29T23:36:05.328+0000] {dagbag.py:588} INFO - Filling up the DagBag from /home/airflow/.local/lib/python3.12/site-packages/airflow/example_dags/tutorial.py
[2025-03-29T23:36:05.348+0000] {processor.py:925} INFO - DAG(s) 'tutorial' retrieved from /home/airflow/.local/lib/python3.12/site-packages/airflow/example_dags/tutorial.py
[2025-03-29T23:36:05.391+0000] {logging_mixin.py:190} INFO - [2025-03-29T23:36:05.390+0000] {dag.py:3239} INFO - Sync 1 DAGs
[2025-03-29T23:36:05.432+0000] {logging_mixin.py:190} INFO - [2025-03-29T23:36:05.431+0000] {dag.py:4180} INFO - Setting next_dagrun for tutorial to 2025-03-28 00:00:00+00:00, run_after=2025-03-29 00:00:00+00:00
[2025-03-29T23:36:05.461+0000] {processor.py:208} INFO - Processing /home/airflow/.local/lib/python3.12/site-packages/airflow/example_dags/tutorial.py took 0.154 seconds
[2025-03-29T23:36:35.606+0000] {processor.py:186} INFO - Started process (PID=378) to work on /home/airflow/.local/lib/python3.12/site-packages/airflow/example_dags/tutorial.py
[2025-03-29T23:36:35.608+0000] {processor.py:914} INFO - Processing file /home/airflow/.local/lib/python3.12/site-packages/airflow/example_dags/tutorial.py for tasks to queue
[2025-03-29T23:36:35.613+0000] {logging_mixin.py:190} INFO - [2025-03-29T23:36:35.612+0000] {dagbag.py:588} INFO - Filling up the DagBag from /home/airflow/.local/lib/python3.12/site-packages/airflow/example_dags/tutorial.py
[2025-03-29T23:36:35.631+0000] {processor.py:925} INFO - DAG(s) 'tutorial' retrieved from /home/airflow/.local/lib/python3.12/site-packages/airflow/example_dags/tutorial.py
[2025-03-29T23:36:35.678+0000] {logging_mixin.py:190} INFO - [2025-03-29T23:36:35.678+0000] {dag.py:3239} INFO - Sync 1 DAGs
[2025-03-29T23:36:35.726+0000] {logging_mixin.py:190} INFO - [2025-03-29T23:36:35.726+0000] {dag.py:4180} INFO - Setting next_dagrun for tutorial to 2025-03-28 00:00:00+00:00, run_after=2025-03-29 00:00:00+00:00
[2025-03-29T23:36:35.758+0000] {processor.py:208} INFO - Processing /home/airflow/.local/lib/python3.12/site-packages/airflow/example_dags/tutorial.py took 0.165 seconds
[2025-03-29T23:37:06.158+0000] {processor.py:186} INFO - Started process (PID=445) to work on /home/airflow/.local/lib/python3.12/site-packages/airflow/example_dags/tutorial.py
[2025-03-29T23:37:06.161+0000] {processor.py:914} INFO - Processing file /home/airflow/.local/lib/python3.12/site-packages/airflow/example_dags/tutorial.py for tasks to queue
[2025-03-29T23:37:06.166+0000] {logging_mixin.py:190} INFO - [2025-03-29T23:37:06.166+0000] {dagbag.py:588} INFO - Filling up the DagBag from /home/airflow/.local/lib/python3.12/site-packages/airflow/example_dags/tutorial.py
[2025-03-29T23:37:06.185+0000] {processor.py:925} INFO - DAG(s) 'tutorial' retrieved from /home/airflow/.local/lib/python3.12/site-packages/airflow/example_dags/tutorial.py
[2025-03-29T23:37:06.238+0000] {logging_mixin.py:190} INFO - [2025-03-29T23:37:06.237+0000] {dag.py:3239} INFO - Sync 1 DAGs
[2025-03-29T23:37:06.284+0000] {logging_mixin.py:190} INFO - [2025-03-29T23:37:06.284+0000] {dag.py:4180} INFO - Setting next_dagrun for tutorial to 2025-03-28 00:00:00+00:00, run_after=2025-03-29 00:00:00+00:00
[2025-03-29T23:37:06.316+0000] {processor.py:208} INFO - Processing /home/airflow/.local/lib/python3.12/site-packages/airflow/example_dags/tutorial.py took 0.177 seconds
[2025-03-29T23:37:37.351+0000] {processor.py:186} INFO - Started process (PID=512) to work on /home/airflow/.local/lib/python3.12/site-packages/airflow/example_dags/tutorial.py
[2025-03-29T23:37:37.353+0000] {processor.py:914} INFO - Processing file /home/airflow/.local/lib/python3.12/site-packages/airflow/example_dags/tutorial.py for tasks to queue
[2025-03-29T23:37:37.360+0000] {logging_mixin.py:190} INFO - [2025-03-29T23:37:37.359+0000] {dagbag.py:588} INFO - Filling up the DagBag from /home/airflow/.local/lib/python3.12/site-packages/airflow/example_dags/tutorial.py
[2025-03-29T23:37:37.381+0000] {processor.py:925} INFO - DAG(s) 'tutorial' retrieved from /home/airflow/.local/lib/python3.12/site-packages/airflow/example_dags/tutorial.py
[2025-03-29T23:37:37.425+0000] {logging_mixin.py:190} INFO - [2025-03-29T23:37:37.424+0000] {dag.py:3239} INFO - Sync 1 DAGs
[2025-03-29T23:37:37.464+0000] {logging_mixin.py:190} INFO - [2025-03-29T23:37:37.464+0000] {dag.py:4180} INFO - Setting next_dagrun for tutorial to 2025-03-28 00:00:00+00:00, run_after=2025-03-29 00:00:00+00:00
[2025-03-29T23:37:37.492+0000] {processor.py:208} INFO - Processing /home/airflow/.local/lib/python3.12/site-packages/airflow/example_dags/tutorial.py took 0.161 seconds
[2025-03-29T23:38:07.640+0000] {processor.py:186} INFO - Started process (PID=578) to work on /home/airflow/.local/lib/python3.12/site-packages/airflow/example_dags/tutorial.py
[2025-03-29T23:38:07.642+0000] {processor.py:914} INFO - Processing file /home/airflow/.local/lib/python3.12/site-packages/airflow/example_dags/tutorial.py for tasks to queue
[2025-03-29T23:38:07.647+0000] {logging_mixin.py:190} INFO - [2025-03-29T23:38:07.646+0000] {dagbag.py:588} INFO - Filling up the DagBag from /home/airflow/.local/lib/python3.12/site-packages/airflow/example_dags/tutorial.py
[2025-03-29T23:38:07.665+0000] {processor.py:925} INFO - DAG(s) 'tutorial' retrieved from /home/airflow/.local/lib/python3.12/site-packages/airflow/example_dags/tutorial.py
[2025-03-29T23:38:07.705+0000] {logging_mixin.py:190} INFO - [2025-03-29T23:38:07.705+0000] {dag.py:3239} INFO - Sync 1 DAGs
[2025-03-29T23:38:07.744+0000] {logging_mixin.py:190} INFO - [2025-03-29T23:38:07.743+0000] {dag.py:4180} INFO - Setting next_dagrun for tutorial to 2025-03-28 00:00:00+00:00, run_after=2025-03-29 00:00:00+00:00
[2025-03-29T23:38:07.772+0000] {processor.py:208} INFO - Processing /home/airflow/.local/lib/python3.12/site-packages/airflow/example_dags/tutorial.py took 0.145 seconds
[2025-03-29T23:38:38.130+0000] {processor.py:186} INFO - Started process (PID=645) to work on /home/airflow/.local/lib/python3.12/site-packages/airflow/example_dags/tutorial.py
[2025-03-29T23:38:38.132+0000] {processor.py:914} INFO - Processing file /home/airflow/.local/lib/python3.12/site-packages/airflow/example_dags/tutorial.py for tasks to queue
[2025-03-29T23:38:38.137+0000] {logging_mixin.py:190} INFO - [2025-03-29T23:38:38.137+0000] {dagbag.py:588} INFO - Filling up the DagBag from /home/airflow/.local/lib/python3.12/site-packages/airflow/example_dags/tutorial.py
[2025-03-29T23:38:38.156+0000] {processor.py:925} INFO - DAG(s) 'tutorial' retrieved from /home/airflow/.local/lib/python3.12/site-packages/airflow/example_dags/tutorial.py
[2025-03-29T23:38:38.201+0000] {logging_mixin.py:190} INFO - [2025-03-29T23:38:38.200+0000] {dag.py:3239} INFO - Sync 1 DAGs
[2025-03-29T23:38:38.244+0000] {logging_mixin.py:190} INFO - [2025-03-29T23:38:38.243+0000] {dag.py:4180} INFO - Setting next_dagrun for tutorial to 2025-03-28 00:00:00+00:00, run_after=2025-03-29 00:00:00+00:00
[2025-03-29T23:38:38.274+0000] {processor.py:208} INFO - Processing /home/airflow/.local/lib/python3.12/site-packages/airflow/example_dags/tutorial.py took 0.158 seconds
[2025-03-29T23:39:09.011+0000] {processor.py:186} INFO - Started process (PID=712) to work on /home/airflow/.local/lib/python3.12/site-packages/airflow/example_dags/tutorial.py
[2025-03-29T23:39:09.012+0000] {processor.py:914} INFO - Processing file /home/airflow/.local/lib/python3.12/site-packages/airflow/example_dags/tutorial.py for tasks to queue
[2025-03-29T23:39:09.018+0000] {logging_mixin.py:190} INFO - [2025-03-29T23:39:09.017+0000] {dagbag.py:588} INFO - Filling up the DagBag from /home/airflow/.local/lib/python3.12/site-packages/airflow/example_dags/tutorial.py
[2025-03-29T23:39:09.035+0000] {processor.py:925} INFO - DAG(s) 'tutorial' retrieved from /home/airflow/.local/lib/python3.12/site-packages/airflow/example_dags/tutorial.py
[2025-03-29T23:39:09.076+0000] {logging_mixin.py:190} INFO - [2025-03-29T23:39:09.076+0000] {dag.py:3239} INFO - Sync 1 DAGs
[2025-03-29T23:39:09.118+0000] {logging_mixin.py:190} INFO - [2025-03-29T23:39:09.118+0000] {dag.py:4180} INFO - Setting next_dagrun for tutorial to 2025-03-28 00:00:00+00:00, run_after=2025-03-29 00:00:00+00:00
[2025-03-29T23:39:09.154+0000] {processor.py:208} INFO - Processing /home/airflow/.local/lib/python3.12/site-packages/airflow/example_dags/tutorial.py took 0.159 seconds
[2025-03-29T23:39:40.609+0000] {processor.py:186} INFO - Started process (PID=779) to work on /home/airflow/.local/lib/python3.12/site-packages/airflow/example_dags/tutorial.py
[2025-03-29T23:39:40.611+0000] {processor.py:914} INFO - Processing file /home/airflow/.local/lib/python3.12/site-packages/airflow/example_dags/tutorial.py for tasks to queue
[2025-03-29T23:39:40.616+0000] {logging_mixin.py:190} INFO - [2025-03-29T23:39:40.615+0000] {dagbag.py:588} INFO - Filling up the DagBag from /home/airflow/.local/lib/python3.12/site-packages/airflow/example_dags/tutorial.py
[2025-03-29T23:39:40.634+0000] {processor.py:925} INFO - DAG(s) 'tutorial' retrieved from /home/airflow/.local/lib/python3.12/site-packages/airflow/example_dags/tutorial.py
[2025-03-29T23:39:40.675+0000] {logging_mixin.py:190} INFO - [2025-03-29T23:39:40.674+0000] {dag.py:3239} INFO - Sync 1 DAGs
[2025-03-29T23:39:40.719+0000] {logging_mixin.py:190} INFO - [2025-03-29T23:39:40.718+0000] {dag.py:4180} INFO - Setting next_dagrun for tutorial to 2025-03-28 00:00:00+00:00, run_after=2025-03-29 00:00:00+00:00
[2025-03-29T23:39:40.749+0000] {processor.py:208} INFO - Processing /home/airflow/.local/lib/python3.12/site-packages/airflow/example_dags/tutorial.py took 0.156 seconds
[2025-03-29T23:40:11.229+0000] {processor.py:186} INFO - Started process (PID=845) to work on /home/airflow/.local/lib/python3.12/site-packages/airflow/example_dags/tutorial.py
[2025-03-29T23:40:11.231+0000] {processor.py:914} INFO - Processing file /home/airflow/.local/lib/python3.12/site-packages/airflow/example_dags/tutorial.py for tasks to queue
[2025-03-29T23:40:11.236+0000] {logging_mixin.py:190} INFO - [2025-03-29T23:40:11.235+0000] {dagbag.py:588} INFO - Filling up the DagBag from /home/airflow/.local/lib/python3.12/site-packages/airflow/example_dags/tutorial.py
[2025-03-29T23:40:11.257+0000] {processor.py:925} INFO - DAG(s) 'tutorial' retrieved from /home/airflow/.local/lib/python3.12/site-packages/airflow/example_dags/tutorial.py
[2025-03-29T23:40:11.304+0000] {logging_mixin.py:190} INFO - [2025-03-29T23:40:11.304+0000] {dag.py:3239} INFO - Sync 1 DAGs
[2025-03-29T23:40:11.348+0000] {logging_mixin.py:190} INFO - [2025-03-29T23:40:11.348+0000] {dag.py:4180} INFO - Setting next_dagrun for tutorial to 2025-03-28 00:00:00+00:00, run_after=2025-03-29 00:00:00+00:00
[2025-03-29T23:40:11.380+0000] {processor.py:208} INFO - Processing /home/airflow/.local/lib/python3.12/site-packages/airflow/example_dags/tutorial.py took 0.166 seconds
[2025-03-29T23:40:44.592+0000] {processor.py:186} INFO - Started process (PID=912) to work on /home/airflow/.local/lib/python3.12/site-packages/airflow/example_dags/tutorial.py
[2025-03-29T23:40:44.594+0000] {processor.py:914} INFO - Processing file /home/airflow/.local/lib/python3.12/site-packages/airflow/example_dags/tutorial.py for tasks to queue
[2025-03-29T23:40:44.599+0000] {logging_mixin.py:190} INFO - [2025-03-29T23:40:44.598+0000] {dagbag.py:588} INFO - Filling up the DagBag from /home/airflow/.local/lib/python3.12/site-packages/airflow/example_dags/tutorial.py
[2025-03-29T23:40:44.619+0000] {processor.py:925} INFO - DAG(s) 'tutorial' retrieved from /home/airflow/.local/lib/python3.12/site-packages/airflow/example_dags/tutorial.py
[2025-03-29T23:40:44.671+0000] {logging_mixin.py:190} INFO - [2025-03-29T23:40:44.670+0000] {dag.py:3239} INFO - Sync 1 DAGs
[2025-03-29T23:40:44.720+0000] {logging_mixin.py:190} INFO - [2025-03-29T23:40:44.720+0000] {dag.py:4180} INFO - Setting next_dagrun for tutorial to 2025-03-28 00:00:00+00:00, run_after=2025-03-29 00:00:00+00:00
[2025-03-29T23:40:44.755+0000] {processor.py:208} INFO - Processing /home/airflow/.local/lib/python3.12/site-packages/airflow/example_dags/tutorial.py took 0.177 seconds
[2025-03-29T23:41:18.684+0000] {processor.py:186} INFO - Started process (PID=984) to work on /home/airflow/.local/lib/python3.12/site-packages/airflow/example_dags/tutorial.py
[2025-03-29T23:41:18.687+0000] {processor.py:914} INFO - Processing file /home/airflow/.local/lib/python3.12/site-packages/airflow/example_dags/tutorial.py for tasks to queue
[2025-03-29T23:41:18.692+0000] {logging_mixin.py:190} INFO - [2025-03-29T23:41:18.691+0000] {dagbag.py:588} INFO - Filling up the DagBag from /home/airflow/.local/lib/python3.12/site-packages/airflow/example_dags/tutorial.py
[2025-03-29T23:41:18.712+0000] {processor.py:925} INFO - DAG(s) 'tutorial' retrieved from /home/airflow/.local/lib/python3.12/site-packages/airflow/example_dags/tutorial.py
[2025-03-29T23:41:18.777+0000] {logging_mixin.py:190} INFO - [2025-03-29T23:41:18.777+0000] {dag.py:3239} INFO - Sync 1 DAGs
[2025-03-29T23:41:18.830+0000] {logging_mixin.py:190} INFO - [2025-03-29T23:41:18.829+0000] {dag.py:4180} INFO - Setting next_dagrun for tutorial to 2025-03-28 00:00:00+00:00, run_after=2025-03-29 00:00:00+00:00
[2025-03-29T23:41:18.864+0000] {processor.py:208} INFO - Processing /home/airflow/.local/lib/python3.12/site-packages/airflow/example_dags/tutorial.py took 0.194 seconds
[2025-03-29T23:41:49.759+0000] {processor.py:186} INFO - Started process (PID=1051) to work on /home/airflow/.local/lib/python3.12/site-packages/airflow/example_dags/tutorial.py
[2025-03-29T23:41:49.762+0000] {processor.py:914} INFO - Processing file /home/airflow/.local/lib/python3.12/site-packages/airflow/example_dags/tutorial.py for tasks to queue
[2025-03-29T23:41:49.767+0000] {logging_mixin.py:190} INFO - [2025-03-29T23:41:49.766+0000] {dagbag.py:588} INFO - Filling up the DagBag from /home/airflow/.local/lib/python3.12/site-packages/airflow/example_dags/tutorial.py
[2025-03-29T23:41:49.786+0000] {processor.py:925} INFO - DAG(s) 'tutorial' retrieved from /home/airflow/.local/lib/python3.12/site-packages/airflow/example_dags/tutorial.py
[2025-03-29T23:41:49.832+0000] {logging_mixin.py:190} INFO - [2025-03-29T23:41:49.832+0000] {dag.py:3239} INFO - Sync 1 DAGs
[2025-03-29T23:41:49.878+0000] {logging_mixin.py:190} INFO - [2025-03-29T23:41:49.878+0000] {dag.py:4180} INFO - Setting next_dagrun for tutorial to 2025-03-28 00:00:00+00:00, run_after=2025-03-29 00:00:00+00:00
[2025-03-29T23:41:49.924+0000] {processor.py:208} INFO - Processing /home/airflow/.local/lib/python3.12/site-packages/airflow/example_dags/tutorial.py took 0.178 seconds
[2025-03-29T23:42:20.024+0000] {processor.py:186} INFO - Started process (PID=1118) to work on /home/airflow/.local/lib/python3.12/site-packages/airflow/example_dags/tutorial.py
[2025-03-29T23:42:20.027+0000] {processor.py:914} INFO - Processing file /home/airflow/.local/lib/python3.12/site-packages/airflow/example_dags/tutorial.py for tasks to queue
[2025-03-29T23:42:20.031+0000] {logging_mixin.py:190} INFO - [2025-03-29T23:42:20.031+0000] {dagbag.py:588} INFO - Filling up the DagBag from /home/airflow/.local/lib/python3.12/site-packages/airflow/example_dags/tutorial.py
[2025-03-29T23:42:20.050+0000] {processor.py:925} INFO - DAG(s) 'tutorial' retrieved from /home/airflow/.local/lib/python3.12/site-packages/airflow/example_dags/tutorial.py
[2025-03-29T23:42:20.094+0000] {logging_mixin.py:190} INFO - [2025-03-29T23:42:20.094+0000] {dag.py:3239} INFO - Sync 1 DAGs
[2025-03-29T23:42:20.134+0000] {logging_mixin.py:190} INFO - [2025-03-29T23:42:20.134+0000] {dag.py:4180} INFO - Setting next_dagrun for tutorial to 2025-03-28 00:00:00+00:00, run_after=2025-03-29 00:00:00+00:00
[2025-03-29T23:42:20.164+0000] {processor.py:208} INFO - Processing /home/airflow/.local/lib/python3.12/site-packages/airflow/example_dags/tutorial.py took 0.153 seconds
[2025-03-29T23:42:51.414+0000] {processor.py:186} INFO - Started process (PID=1185) to work on /home/airflow/.local/lib/python3.12/site-packages/airflow/example_dags/tutorial.py
[2025-03-29T23:42:51.416+0000] {processor.py:914} INFO - Processing file /home/airflow/.local/lib/python3.12/site-packages/airflow/example_dags/tutorial.py for tasks to queue
[2025-03-29T23:42:51.423+0000] {logging_mixin.py:190} INFO - [2025-03-29T23:42:51.422+0000] {dagbag.py:588} INFO - Filling up the DagBag from /home/airflow/.local/lib/python3.12/site-packages/airflow/example_dags/tutorial.py
[2025-03-29T23:42:51.445+0000] {processor.py:925} INFO - DAG(s) 'tutorial' retrieved from /home/airflow/.local/lib/python3.12/site-packages/airflow/example_dags/tutorial.py
[2025-03-29T23:42:51.488+0000] {logging_mixin.py:190} INFO - [2025-03-29T23:42:51.488+0000] {dag.py:3239} INFO - Sync 1 DAGs
[2025-03-29T23:42:51.531+0000] {logging_mixin.py:190} INFO - [2025-03-29T23:42:51.531+0000] {dag.py:4180} INFO - Setting next_dagrun for tutorial to 2025-03-28 00:00:00+00:00, run_after=2025-03-29 00:00:00+00:00
[2025-03-29T23:42:51.571+0000] {processor.py:208} INFO - Processing /home/airflow/.local/lib/python3.12/site-packages/airflow/example_dags/tutorial.py took 0.172 seconds
[2025-03-29T23:43:23.587+0000] {processor.py:186} INFO - Started process (PID=1253) to work on /home/airflow/.local/lib/python3.12/site-packages/airflow/example_dags/tutorial.py
[2025-03-29T23:43:23.590+0000] {processor.py:914} INFO - Processing file /home/airflow/.local/lib/python3.12/site-packages/airflow/example_dags/tutorial.py for tasks to queue
[2025-03-29T23:43:23.595+0000] {logging_mixin.py:190} INFO - [2025-03-29T23:43:23.594+0000] {dagbag.py:588} INFO - Filling up the DagBag from /home/airflow/.local/lib/python3.12/site-packages/airflow/example_dags/tutorial.py
[2025-03-29T23:43:23.613+0000] {processor.py:925} INFO - DAG(s) 'tutorial' retrieved from /home/airflow/.local/lib/python3.12/site-packages/airflow/example_dags/tutorial.py
[2025-03-29T23:43:23.667+0000] {logging_mixin.py:190} INFO - [2025-03-29T23:43:23.667+0000] {dag.py:3239} INFO - Sync 1 DAGs
[2025-03-29T23:43:23.725+0000] {logging_mixin.py:190} INFO - [2025-03-29T23:43:23.725+0000] {dag.py:4180} INFO - Setting next_dagrun for tutorial to 2025-03-28 00:00:00+00:00, run_after=2025-03-29 00:00:00+00:00
[2025-03-29T23:43:23.796+0000] {processor.py:208} INFO - Processing /home/airflow/.local/lib/python3.12/site-packages/airflow/example_dags/tutorial.py took 0.221 seconds
[2025-03-29T23:43:55.410+0000] {processor.py:186} INFO - Started process (PID=1320) to work on /home/airflow/.local/lib/python3.12/site-packages/airflow/example_dags/tutorial.py
[2025-03-29T23:43:55.412+0000] {processor.py:914} INFO - Processing file /home/airflow/.local/lib/python3.12/site-packages/airflow/example_dags/tutorial.py for tasks to queue
[2025-03-29T23:43:55.417+0000] {logging_mixin.py:190} INFO - [2025-03-29T23:43:55.416+0000] {dagbag.py:588} INFO - Filling up the DagBag from /home/airflow/.local/lib/python3.12/site-packages/airflow/example_dags/tutorial.py
[2025-03-29T23:43:55.438+0000] {processor.py:925} INFO - DAG(s) 'tutorial' retrieved from /home/airflow/.local/lib/python3.12/site-packages/airflow/example_dags/tutorial.py
[2025-03-29T23:43:55.497+0000] {logging_mixin.py:190} INFO - [2025-03-29T23:43:55.497+0000] {dag.py:3239} INFO - Sync 1 DAGs
[2025-03-29T23:43:55.544+0000] {logging_mixin.py:190} INFO - [2025-03-29T23:43:55.544+0000] {dag.py:4180} INFO - Setting next_dagrun for tutorial to 2025-03-28 00:00:00+00:00, run_after=2025-03-29 00:00:00+00:00
[2025-03-29T23:43:55.588+0000] {processor.py:208} INFO - Processing /home/airflow/.local/lib/python3.12/site-packages/airflow/example_dags/tutorial.py took 0.192 seconds
[2025-03-29T23:44:29.845+0000] {processor.py:186} INFO - Started process (PID=1389) to work on /home/airflow/.local/lib/python3.12/site-packages/airflow/example_dags/tutorial.py
[2025-03-29T23:44:29.849+0000] {processor.py:914} INFO - Processing file /home/airflow/.local/lib/python3.12/site-packages/airflow/example_dags/tutorial.py for tasks to queue
[2025-03-29T23:44:29.855+0000] {logging_mixin.py:190} INFO - [2025-03-29T23:44:29.854+0000] {dagbag.py:588} INFO - Filling up the DagBag from /home/airflow/.local/lib/python3.12/site-packages/airflow/example_dags/tutorial.py
[2025-03-29T23:44:29.877+0000] {processor.py:925} INFO - DAG(s) 'tutorial' retrieved from /home/airflow/.local/lib/python3.12/site-packages/airflow/example_dags/tutorial.py
[2025-03-29T23:44:29.939+0000] {logging_mixin.py:190} INFO - [2025-03-29T23:44:29.939+0000] {dag.py:3239} INFO - Sync 1 DAGs
[2025-03-29T23:44:29.981+0000] {logging_mixin.py:190} INFO - [2025-03-29T23:44:29.980+0000] {dag.py:4180} INFO - Setting next_dagrun for tutorial to 2025-03-28 00:00:00+00:00, run_after=2025-03-29 00:00:00+00:00
[2025-03-29T23:44:30.027+0000] {processor.py:208} INFO - Processing /home/airflow/.local/lib/python3.12/site-packages/airflow/example_dags/tutorial.py took 0.207 seconds
[2025-03-29T23:45:10.256+0000] {processor.py:186} INFO - Started process (PID=1471) to work on /home/airflow/.local/lib/python3.12/site-packages/airflow/example_dags/tutorial.py
[2025-03-29T23:45:10.259+0000] {processor.py:914} INFO - Processing file /home/airflow/.local/lib/python3.12/site-packages/airflow/example_dags/tutorial.py for tasks to queue
[2025-03-29T23:45:10.264+0000] {logging_mixin.py:190} INFO - [2025-03-29T23:45:10.263+0000] {dagbag.py:588} INFO - Filling up the DagBag from /home/airflow/.local/lib/python3.12/site-packages/airflow/example_dags/tutorial.py
[2025-03-29T23:45:10.282+0000] {processor.py:925} INFO - DAG(s) 'tutorial' retrieved from /home/airflow/.local/lib/python3.12/site-packages/airflow/example_dags/tutorial.py
[2025-03-29T23:45:10.338+0000] {logging_mixin.py:190} INFO - [2025-03-29T23:45:10.338+0000] {dag.py:3239} INFO - Sync 1 DAGs
[2025-03-29T23:45:10.381+0000] {logging_mixin.py:190} INFO - [2025-03-29T23:45:10.380+0000] {dag.py:4180} INFO - Setting next_dagrun for tutorial to 2025-03-28 00:00:00+00:00, run_after=2025-03-29 00:00:00+00:00
[2025-03-29T23:45:10.409+0000] {processor.py:208} INFO - Processing /home/airflow/.local/lib/python3.12/site-packages/airflow/example_dags/tutorial.py took 0.166 seconds
[2025-03-29T23:45:42.986+0000] {processor.py:186} INFO - Started process (PID=1537) to work on /home/airflow/.local/lib/python3.12/site-packages/airflow/example_dags/tutorial.py
[2025-03-29T23:45:42.988+0000] {processor.py:914} INFO - Processing file /home/airflow/.local/lib/python3.12/site-packages/airflow/example_dags/tutorial.py for tasks to queue
[2025-03-29T23:45:42.996+0000] {logging_mixin.py:190} INFO - [2025-03-29T23:45:42.995+0000] {dagbag.py:588} INFO - Filling up the DagBag from /home/airflow/.local/lib/python3.12/site-packages/airflow/example_dags/tutorial.py
[2025-03-29T23:45:43.023+0000] {processor.py:925} INFO - DAG(s) 'tutorial' retrieved from /home/airflow/.local/lib/python3.12/site-packages/airflow/example_dags/tutorial.py
[2025-03-29T23:45:43.092+0000] {logging_mixin.py:190} INFO - [2025-03-29T23:45:43.091+0000] {dag.py:3239} INFO - Sync 1 DAGs
[2025-03-29T23:45:43.142+0000] {logging_mixin.py:190} INFO - [2025-03-29T23:45:43.141+0000] {dag.py:4180} INFO - Setting next_dagrun for tutorial to 2025-03-28 00:00:00+00:00, run_after=2025-03-29 00:00:00+00:00
[2025-03-29T23:45:43.180+0000] {processor.py:208} INFO - Processing /home/airflow/.local/lib/python3.12/site-packages/airflow/example_dags/tutorial.py took 0.214 seconds
[2025-03-29T23:46:13.299+0000] {processor.py:186} INFO - Started process (PID=1604) to work on /home/airflow/.local/lib/python3.12/site-packages/airflow/example_dags/tutorial.py
[2025-03-29T23:46:13.301+0000] {processor.py:914} INFO - Processing file /home/airflow/.local/lib/python3.12/site-packages/airflow/example_dags/tutorial.py for tasks to queue
[2025-03-29T23:46:13.306+0000] {logging_mixin.py:190} INFO - [2025-03-29T23:46:13.306+0000] {dagbag.py:588} INFO - Filling up the DagBag from /home/airflow/.local/lib/python3.12/site-packages/airflow/example_dags/tutorial.py
[2025-03-29T23:46:13.324+0000] {processor.py:925} INFO - DAG(s) 'tutorial' retrieved from /home/airflow/.local/lib/python3.12/site-packages/airflow/example_dags/tutorial.py
[2025-03-29T23:46:13.368+0000] {logging_mixin.py:190} INFO - [2025-03-29T23:46:13.367+0000] {dag.py:3239} INFO - Sync 1 DAGs
[2025-03-29T23:46:13.416+0000] {logging_mixin.py:190} INFO - [2025-03-29T23:46:13.415+0000] {dag.py:4180} INFO - Setting next_dagrun for tutorial to 2025-03-28 00:00:00+00:00, run_after=2025-03-29 00:00:00+00:00
[2025-03-29T23:46:13.451+0000] {processor.py:208} INFO - Processing /home/airflow/.local/lib/python3.12/site-packages/airflow/example_dags/tutorial.py took 0.165 seconds
[2025-03-29T23:46:44.345+0000] {processor.py:186} INFO - Started process (PID=1671) to work on /home/airflow/.local/lib/python3.12/site-packages/airflow/example_dags/tutorial.py
[2025-03-29T23:46:44.347+0000] {processor.py:914} INFO - Processing file /home/airflow/.local/lib/python3.12/site-packages/airflow/example_dags/tutorial.py for tasks to queue
[2025-03-29T23:46:44.353+0000] {logging_mixin.py:190} INFO - [2025-03-29T23:46:44.353+0000] {dagbag.py:588} INFO - Filling up the DagBag from /home/airflow/.local/lib/python3.12/site-packages/airflow/example_dags/tutorial.py
[2025-03-29T23:46:44.372+0000] {processor.py:925} INFO - DAG(s) 'tutorial' retrieved from /home/airflow/.local/lib/python3.12/site-packages/airflow/example_dags/tutorial.py
[2025-03-29T23:46:44.428+0000] {logging_mixin.py:190} INFO - [2025-03-29T23:46:44.427+0000] {dag.py:3239} INFO - Sync 1 DAGs
[2025-03-29T23:46:44.475+0000] {logging_mixin.py:190} INFO - [2025-03-29T23:46:44.475+0000] {dag.py:4180} INFO - Setting next_dagrun for tutorial to 2025-03-28 00:00:00+00:00, run_after=2025-03-29 00:00:00+00:00
[2025-03-29T23:46:44.509+0000] {processor.py:208} INFO - Processing /home/airflow/.local/lib/python3.12/site-packages/airflow/example_dags/tutorial.py took 0.183 seconds
[2025-03-29T23:47:15.024+0000] {processor.py:186} INFO - Started process (PID=1738) to work on /home/airflow/.local/lib/python3.12/site-packages/airflow/example_dags/tutorial.py
[2025-03-29T23:47:15.026+0000] {processor.py:914} INFO - Processing file /home/airflow/.local/lib/python3.12/site-packages/airflow/example_dags/tutorial.py for tasks to queue
[2025-03-29T23:47:15.030+0000] {logging_mixin.py:190} INFO - [2025-03-29T23:47:15.030+0000] {dagbag.py:588} INFO - Filling up the DagBag from /home/airflow/.local/lib/python3.12/site-packages/airflow/example_dags/tutorial.py
[2025-03-29T23:47:15.047+0000] {processor.py:925} INFO - DAG(s) 'tutorial' retrieved from /home/airflow/.local/lib/python3.12/site-packages/airflow/example_dags/tutorial.py
[2025-03-29T23:47:15.088+0000] {logging_mixin.py:190} INFO - [2025-03-29T23:47:15.088+0000] {dag.py:3239} INFO - Sync 1 DAGs
[2025-03-29T23:47:15.127+0000] {logging_mixin.py:190} INFO - [2025-03-29T23:47:15.127+0000] {dag.py:4180} INFO - Setting next_dagrun for tutorial to 2025-03-28 00:00:00+00:00, run_after=2025-03-29 00:00:00+00:00
[2025-03-29T23:47:15.156+0000] {processor.py:208} INFO - Processing /home/airflow/.local/lib/python3.12/site-packages/airflow/example_dags/tutorial.py took 0.146 seconds
[2025-03-29T23:47:45.258+0000] {processor.py:186} INFO - Started process (PID=1805) to work on /home/airflow/.local/lib/python3.12/site-packages/airflow/example_dags/tutorial.py
[2025-03-29T23:47:45.264+0000] {processor.py:914} INFO - Processing file /home/airflow/.local/lib/python3.12/site-packages/airflow/example_dags/tutorial.py for tasks to queue
[2025-03-29T23:47:45.269+0000] {logging_mixin.py:190} INFO - [2025-03-29T23:47:45.268+0000] {dagbag.py:588} INFO - Filling up the DagBag from /home/airflow/.local/lib/python3.12/site-packages/airflow/example_dags/tutorial.py
[2025-03-29T23:47:45.288+0000] {processor.py:925} INFO - DAG(s) 'tutorial' retrieved from /home/airflow/.local/lib/python3.12/site-packages/airflow/example_dags/tutorial.py
[2025-03-29T23:47:45.361+0000] {logging_mixin.py:190} INFO - [2025-03-29T23:47:45.360+0000] {dag.py:3239} INFO - Sync 1 DAGs
[2025-03-29T23:47:45.403+0000] {logging_mixin.py:190} INFO - [2025-03-29T23:47:45.402+0000] {dag.py:4180} INFO - Setting next_dagrun for tutorial to 2025-03-28 00:00:00+00:00, run_after=2025-03-29 00:00:00+00:00
[2025-03-29T23:47:45.428+0000] {processor.py:208} INFO - Processing /home/airflow/.local/lib/python3.12/site-packages/airflow/example_dags/tutorial.py took 0.190 seconds
[2025-03-29T23:48:17.586+0000] {processor.py:186} INFO - Started process (PID=1872) to work on /home/airflow/.local/lib/python3.12/site-packages/airflow/example_dags/tutorial.py
[2025-03-29T23:48:17.589+0000] {processor.py:914} INFO - Processing file /home/airflow/.local/lib/python3.12/site-packages/airflow/example_dags/tutorial.py for tasks to queue
[2025-03-29T23:48:17.597+0000] {logging_mixin.py:190} INFO - [2025-03-29T23:48:17.596+0000] {dagbag.py:588} INFO - Filling up the DagBag from /home/airflow/.local/lib/python3.12/site-packages/airflow/example_dags/tutorial.py
[2025-03-29T23:48:17.620+0000] {processor.py:925} INFO - DAG(s) 'tutorial' retrieved from /home/airflow/.local/lib/python3.12/site-packages/airflow/example_dags/tutorial.py
[2025-03-29T23:48:17.666+0000] {logging_mixin.py:190} INFO - [2025-03-29T23:48:17.666+0000] {dag.py:3239} INFO - Sync 1 DAGs
[2025-03-29T23:48:17.717+0000] {logging_mixin.py:190} INFO - [2025-03-29T23:48:17.717+0000] {dag.py:4180} INFO - Setting next_dagrun for tutorial to 2025-03-28 00:00:00+00:00, run_after=2025-03-29 00:00:00+00:00
[2025-03-29T23:48:17.749+0000] {processor.py:208} INFO - Processing /home/airflow/.local/lib/python3.12/site-packages/airflow/example_dags/tutorial.py took 0.180 seconds
[2025-03-29T23:48:51.820+0000] {processor.py:186} INFO - Started process (PID=1944) to work on /home/airflow/.local/lib/python3.12/site-packages/airflow/example_dags/tutorial.py
[2025-03-29T23:48:51.822+0000] {processor.py:914} INFO - Processing file /home/airflow/.local/lib/python3.12/site-packages/airflow/example_dags/tutorial.py for tasks to queue
[2025-03-29T23:48:51.827+0000] {logging_mixin.py:190} INFO - [2025-03-29T23:48:51.826+0000] {dagbag.py:588} INFO - Filling up the DagBag from /home/airflow/.local/lib/python3.12/site-packages/airflow/example_dags/tutorial.py
[2025-03-29T23:48:51.847+0000] {processor.py:925} INFO - DAG(s) 'tutorial' retrieved from /home/airflow/.local/lib/python3.12/site-packages/airflow/example_dags/tutorial.py
[2025-03-29T23:48:51.921+0000] {logging_mixin.py:190} INFO - [2025-03-29T23:48:51.920+0000] {dag.py:3239} INFO - Sync 1 DAGs
[2025-03-29T23:48:51.966+0000] {logging_mixin.py:190} INFO - [2025-03-29T23:48:51.965+0000] {dag.py:4180} INFO - Setting next_dagrun for tutorial to 2025-03-28 00:00:00+00:00, run_after=2025-03-29 00:00:00+00:00
[2025-03-29T23:48:52.002+0000] {processor.py:208} INFO - Processing /home/airflow/.local/lib/python3.12/site-packages/airflow/example_dags/tutorial.py took 0.203 seconds
[2025-03-29T23:49:26.537+0000] {processor.py:186} INFO - Started process (PID=2011) to work on /home/airflow/.local/lib/python3.12/site-packages/airflow/example_dags/tutorial.py
[2025-03-29T23:49:26.541+0000] {processor.py:914} INFO - Processing file /home/airflow/.local/lib/python3.12/site-packages/airflow/example_dags/tutorial.py for tasks to queue
[2025-03-29T23:49:26.548+0000] {logging_mixin.py:190} INFO - [2025-03-29T23:49:26.547+0000] {dagbag.py:588} INFO - Filling up the DagBag from /home/airflow/.local/lib/python3.12/site-packages/airflow/example_dags/tutorial.py
[2025-03-29T23:49:26.577+0000] {processor.py:925} INFO - DAG(s) 'tutorial' retrieved from /home/airflow/.local/lib/python3.12/site-packages/airflow/example_dags/tutorial.py
[2025-03-29T23:49:26.634+0000] {logging_mixin.py:190} INFO - [2025-03-29T23:49:26.633+0000] {dag.py:3239} INFO - Sync 1 DAGs
[2025-03-29T23:49:26.710+0000] {logging_mixin.py:190} INFO - [2025-03-29T23:49:26.708+0000] {dag.py:4180} INFO - Setting next_dagrun for tutorial to 2025-03-28 00:00:00+00:00, run_after=2025-03-29 00:00:00+00:00
[2025-03-29T23:49:26.751+0000] {processor.py:208} INFO - Processing /home/airflow/.local/lib/python3.12/site-packages/airflow/example_dags/tutorial.py took 0.229 seconds
[2025-03-29T23:49:57.271+0000] {processor.py:186} INFO - Started process (PID=2078) to work on /home/airflow/.local/lib/python3.12/site-packages/airflow/example_dags/tutorial.py
[2025-03-29T23:49:57.273+0000] {processor.py:914} INFO - Processing file /home/airflow/.local/lib/python3.12/site-packages/airflow/example_dags/tutorial.py for tasks to queue
[2025-03-29T23:49:57.278+0000] {logging_mixin.py:190} INFO - [2025-03-29T23:49:57.278+0000] {dagbag.py:588} INFO - Filling up the DagBag from /home/airflow/.local/lib/python3.12/site-packages/airflow/example_dags/tutorial.py
[2025-03-29T23:49:57.299+0000] {processor.py:925} INFO - DAG(s) 'tutorial' retrieved from /home/airflow/.local/lib/python3.12/site-packages/airflow/example_dags/tutorial.py
[2025-03-29T23:49:57.363+0000] {logging_mixin.py:190} INFO - [2025-03-29T23:49:57.362+0000] {dag.py:3239} INFO - Sync 1 DAGs
[2025-03-29T23:49:57.429+0000] {logging_mixin.py:190} INFO - [2025-03-29T23:49:57.429+0000] {dag.py:4180} INFO - Setting next_dagrun for tutorial to 2025-03-28 00:00:00+00:00, run_after=2025-03-29 00:00:00+00:00
[2025-03-29T23:49:57.489+0000] {processor.py:208} INFO - Processing /home/airflow/.local/lib/python3.12/site-packages/airflow/example_dags/tutorial.py took 0.237 seconds
[2025-03-29T23:50:27.686+0000] {processor.py:186} INFO - Started process (PID=2145) to work on /home/airflow/.local/lib/python3.12/site-packages/airflow/example_dags/tutorial.py
[2025-03-29T23:50:27.687+0000] {processor.py:914} INFO - Processing file /home/airflow/.local/lib/python3.12/site-packages/airflow/example_dags/tutorial.py for tasks to queue
[2025-03-29T23:50:27.692+0000] {logging_mixin.py:190} INFO - [2025-03-29T23:50:27.691+0000] {dagbag.py:588} INFO - Filling up the DagBag from /home/airflow/.local/lib/python3.12/site-packages/airflow/example_dags/tutorial.py
[2025-03-29T23:50:27.709+0000] {processor.py:925} INFO - DAG(s) 'tutorial' retrieved from /home/airflow/.local/lib/python3.12/site-packages/airflow/example_dags/tutorial.py
[2025-03-29T23:50:27.753+0000] {logging_mixin.py:190} INFO - [2025-03-29T23:50:27.752+0000] {dag.py:3239} INFO - Sync 1 DAGs
[2025-03-29T23:50:27.795+0000] {logging_mixin.py:190} INFO - [2025-03-29T23:50:27.795+0000] {dag.py:4180} INFO - Setting next_dagrun for tutorial to 2025-03-28 00:00:00+00:00, run_after=2025-03-29 00:00:00+00:00
[2025-03-29T23:50:27.832+0000] {processor.py:208} INFO - Processing /home/airflow/.local/lib/python3.12/site-packages/airflow/example_dags/tutorial.py took 0.160 seconds
[2025-03-29T23:50:58.378+0000] {processor.py:186} INFO - Started process (PID=2212) to work on /home/airflow/.local/lib/python3.12/site-packages/airflow/example_dags/tutorial.py
[2025-03-29T23:50:58.381+0000] {processor.py:914} INFO - Processing file /home/airflow/.local/lib/python3.12/site-packages/airflow/example_dags/tutorial.py for tasks to queue
[2025-03-29T23:50:58.386+0000] {logging_mixin.py:190} INFO - [2025-03-29T23:50:58.385+0000] {dagbag.py:588} INFO - Filling up the DagBag from /home/airflow/.local/lib/python3.12/site-packages/airflow/example_dags/tutorial.py
[2025-03-29T23:50:58.407+0000] {processor.py:925} INFO - DAG(s) 'tutorial' retrieved from /home/airflow/.local/lib/python3.12/site-packages/airflow/example_dags/tutorial.py
[2025-03-29T23:50:58.455+0000] {logging_mixin.py:190} INFO - [2025-03-29T23:50:58.455+0000] {dag.py:3239} INFO - Sync 1 DAGs
[2025-03-29T23:50:58.500+0000] {logging_mixin.py:190} INFO - [2025-03-29T23:50:58.499+0000] {dag.py:4180} INFO - Setting next_dagrun for tutorial to 2025-03-28 00:00:00+00:00, run_after=2025-03-29 00:00:00+00:00
[2025-03-29T23:50:58.528+0000] {processor.py:208} INFO - Processing /home/airflow/.local/lib/python3.12/site-packages/airflow/example_dags/tutorial.py took 0.166 seconds
[2025-03-29T23:51:28.774+0000] {processor.py:186} INFO - Started process (PID=2279) to work on /home/airflow/.local/lib/python3.12/site-packages/airflow/example_dags/tutorial.py
[2025-03-29T23:51:28.775+0000] {processor.py:914} INFO - Processing file /home/airflow/.local/lib/python3.12/site-packages/airflow/example_dags/tutorial.py for tasks to queue
[2025-03-29T23:51:28.780+0000] {logging_mixin.py:190} INFO - [2025-03-29T23:51:28.779+0000] {dagbag.py:588} INFO - Filling up the DagBag from /home/airflow/.local/lib/python3.12/site-packages/airflow/example_dags/tutorial.py
[2025-03-29T23:51:28.799+0000] {processor.py:925} INFO - DAG(s) 'tutorial' retrieved from /home/airflow/.local/lib/python3.12/site-packages/airflow/example_dags/tutorial.py
[2025-03-29T23:51:28.857+0000] {logging_mixin.py:190} INFO - [2025-03-29T23:51:28.856+0000] {dag.py:3239} INFO - Sync 1 DAGs
[2025-03-29T23:51:28.901+0000] {logging_mixin.py:190} INFO - [2025-03-29T23:51:28.900+0000] {dag.py:4180} INFO - Setting next_dagrun for tutorial to 2025-03-28 00:00:00+00:00, run_after=2025-03-29 00:00:00+00:00
[2025-03-29T23:51:28.959+0000] {processor.py:208} INFO - Processing /home/airflow/.local/lib/python3.12/site-packages/airflow/example_dags/tutorial.py took 0.199 seconds
[2025-03-29T23:51:59.964+0000] {processor.py:186} INFO - Started process (PID=2346) to work on /home/airflow/.local/lib/python3.12/site-packages/airflow/example_dags/tutorial.py
[2025-03-29T23:51:59.968+0000] {processor.py:914} INFO - Processing file /home/airflow/.local/lib/python3.12/site-packages/airflow/example_dags/tutorial.py for tasks to queue
[2025-03-29T23:51:59.977+0000] {logging_mixin.py:190} INFO - [2025-03-29T23:51:59.976+0000] {dagbag.py:588} INFO - Filling up the DagBag from /home/airflow/.local/lib/python3.12/site-packages/airflow/example_dags/tutorial.py
[2025-03-29T23:52:00.017+0000] {processor.py:925} INFO - DAG(s) 'tutorial' retrieved from /home/airflow/.local/lib/python3.12/site-packages/airflow/example_dags/tutorial.py
[2025-03-29T23:52:00.088+0000] {logging_mixin.py:190} INFO - [2025-03-29T23:52:00.088+0000] {dag.py:3239} INFO - Sync 1 DAGs
[2025-03-29T23:52:00.166+0000] {logging_mixin.py:190} INFO - [2025-03-29T23:52:00.166+0000] {dag.py:4180} INFO - Setting next_dagrun for tutorial to 2025-03-28 00:00:00+00:00, run_after=2025-03-29 00:00:00+00:00
[2025-03-29T23:52:00.209+0000] {processor.py:208} INFO - Processing /home/airflow/.local/lib/python3.12/site-packages/airflow/example_dags/tutorial.py took 0.260 seconds
[2025-03-29T23:52:32.963+0000] {processor.py:186} INFO - Started process (PID=2413) to work on /home/airflow/.local/lib/python3.12/site-packages/airflow/example_dags/tutorial.py
[2025-03-29T23:52:32.965+0000] {processor.py:914} INFO - Processing file /home/airflow/.local/lib/python3.12/site-packages/airflow/example_dags/tutorial.py for tasks to queue
[2025-03-29T23:52:32.979+0000] {logging_mixin.py:190} INFO - [2025-03-29T23:52:32.978+0000] {dagbag.py:588} INFO - Filling up the DagBag from /home/airflow/.local/lib/python3.12/site-packages/airflow/example_dags/tutorial.py
[2025-03-29T23:52:33.015+0000] {processor.py:925} INFO - DAG(s) 'tutorial' retrieved from /home/airflow/.local/lib/python3.12/site-packages/airflow/example_dags/tutorial.py
[2025-03-29T23:52:33.114+0000] {logging_mixin.py:190} INFO - [2025-03-29T23:52:33.114+0000] {dag.py:3239} INFO - Sync 1 DAGs
[2025-03-29T23:52:33.184+0000] {logging_mixin.py:190} INFO - [2025-03-29T23:52:33.181+0000] {dag.py:4180} INFO - Setting next_dagrun for tutorial to 2025-03-28 00:00:00+00:00, run_after=2025-03-29 00:00:00+00:00
[2025-03-29T23:52:33.246+0000] {processor.py:208} INFO - Processing /home/airflow/.local/lib/python3.12/site-packages/airflow/example_dags/tutorial.py took 0.324 seconds
