[2025-03-29T21:19:17.240+0000] {processor.py:186} INFO - Started process (PID=100) to work on /home/airflow/.local/lib/python3.12/site-packages/airflow/example_dags/tutorial_dag.py
[2025-03-29T21:19:17.243+0000] {processor.py:914} INFO - Processing file /home/airflow/.local/lib/python3.12/site-packages/airflow/example_dags/tutorial_dag.py for tasks to queue
[2025-03-29T21:19:17.251+0000] {logging_mixin.py:190} INFO - [2025-03-29T21:19:17.249+0000] {dagbag.py:588} INFO - Filling up the DagBag from /home/airflow/.local/lib/python3.12/site-packages/airflow/example_dags/tutorial_dag.py
[2025-03-29T21:19:17.289+0000] {processor.py:925} INFO - DAG(s) 'tutorial_dag' retrieved from /home/airflow/.local/lib/python3.12/site-packages/airflow/example_dags/tutorial_dag.py
[2025-03-29T21:19:17.623+0000] {logging_mixin.py:190} INFO - [2025-03-29T21:19:17.621+0000] {override.py:1912} INFO - Created Permission View: can read on DAG:tutorial_dag
[2025-03-29T21:19:17.646+0000] {logging_mixin.py:190} INFO - [2025-03-29T21:19:17.646+0000] {override.py:1912} INFO - Created Permission View: can edit on DAG:tutorial_dag
[2025-03-29T21:19:17.663+0000] {logging_mixin.py:190} INFO - [2025-03-29T21:19:17.662+0000] {override.py:1912} INFO - Created Permission View: can delete on DAG:tutorial_dag
[2025-03-29T21:19:17.679+0000] {logging_mixin.py:190} INFO - [2025-03-29T21:19:17.679+0000] {override.py:1912} INFO - Created Permission View: can create on DAG Run:tutorial_dag
[2025-03-29T21:19:17.695+0000] {logging_mixin.py:190} INFO - [2025-03-29T21:19:17.695+0000] {override.py:1912} INFO - Created Permission View: menu access on DAG Run:tutorial_dag
[2025-03-29T21:19:17.710+0000] {logging_mixin.py:190} INFO - [2025-03-29T21:19:17.708+0000] {override.py:1912} INFO - Created Permission View: can read on DAG Run:tutorial_dag
[2025-03-29T21:19:17.727+0000] {logging_mixin.py:190} INFO - [2025-03-29T21:19:17.726+0000] {override.py:1912} INFO - Created Permission View: can delete on DAG Run:tutorial_dag
[2025-03-29T21:19:17.728+0000] {logging_mixin.py:190} INFO - [2025-03-29T21:19:17.728+0000] {dag.py:3239} INFO - Sync 1 DAGs
[2025-03-29T21:19:17.775+0000] {logging_mixin.py:190} INFO - [2025-03-29T21:19:17.774+0000] {dag.py:3262} INFO - Creating ORM DAG for tutorial_dag
[2025-03-29T21:19:17.777+0000] {logging_mixin.py:190} INFO - [2025-03-29T21:19:17.776+0000] {dag.py:4180} INFO - Setting next_dagrun for tutorial_dag to None, run_after=None
[2025-03-29T21:19:17.822+0000] {processor.py:208} INFO - Processing /home/airflow/.local/lib/python3.12/site-packages/airflow/example_dags/tutorial_dag.py took 0.612 seconds
[2025-03-29T21:19:48.842+0000] {processor.py:186} INFO - Started process (PID=167) to work on /home/airflow/.local/lib/python3.12/site-packages/airflow/example_dags/tutorial_dag.py
[2025-03-29T21:19:48.848+0000] {processor.py:914} INFO - Processing file /home/airflow/.local/lib/python3.12/site-packages/airflow/example_dags/tutorial_dag.py for tasks to queue
[2025-03-29T21:19:48.860+0000] {logging_mixin.py:190} INFO - [2025-03-29T21:19:48.860+0000] {dagbag.py:588} INFO - Filling up the DagBag from /home/airflow/.local/lib/python3.12/site-packages/airflow/example_dags/tutorial_dag.py
[2025-03-29T21:19:48.904+0000] {processor.py:925} INFO - DAG(s) 'tutorial_dag' retrieved from /home/airflow/.local/lib/python3.12/site-packages/airflow/example_dags/tutorial_dag.py
[2025-03-29T21:19:48.992+0000] {logging_mixin.py:190} INFO - [2025-03-29T21:19:48.991+0000] {dag.py:3239} INFO - Sync 1 DAGs
[2025-03-29T21:19:49.059+0000] {logging_mixin.py:190} INFO - [2025-03-29T21:19:49.059+0000] {dag.py:4180} INFO - Setting next_dagrun for tutorial_dag to None, run_after=None
[2025-03-29T21:19:49.179+0000] {processor.py:208} INFO - Processing /home/airflow/.local/lib/python3.12/site-packages/airflow/example_dags/tutorial_dag.py took 0.373 seconds
[2025-03-29T21:20:20.183+0000] {processor.py:186} INFO - Started process (PID=234) to work on /home/airflow/.local/lib/python3.12/site-packages/airflow/example_dags/tutorial_dag.py
[2025-03-29T21:20:20.187+0000] {processor.py:914} INFO - Processing file /home/airflow/.local/lib/python3.12/site-packages/airflow/example_dags/tutorial_dag.py for tasks to queue
[2025-03-29T21:20:20.198+0000] {logging_mixin.py:190} INFO - [2025-03-29T21:20:20.198+0000] {dagbag.py:588} INFO - Filling up the DagBag from /home/airflow/.local/lib/python3.12/site-packages/airflow/example_dags/tutorial_dag.py
[2025-03-29T21:20:20.281+0000] {processor.py:925} INFO - DAG(s) 'tutorial_dag' retrieved from /home/airflow/.local/lib/python3.12/site-packages/airflow/example_dags/tutorial_dag.py
[2025-03-29T21:20:20.424+0000] {logging_mixin.py:190} INFO - [2025-03-29T21:20:20.424+0000] {dag.py:3239} INFO - Sync 1 DAGs
[2025-03-29T21:20:20.525+0000] {logging_mixin.py:190} INFO - [2025-03-29T21:20:20.524+0000] {dag.py:4180} INFO - Setting next_dagrun for tutorial_dag to None, run_after=None
[2025-03-29T21:20:20.647+0000] {processor.py:208} INFO - Processing /home/airflow/.local/lib/python3.12/site-packages/airflow/example_dags/tutorial_dag.py took 0.514 seconds
[2025-03-29T21:24:33.333+0000] {processor.py:186} INFO - Started process (PID=104) to work on /home/airflow/.local/lib/python3.12/site-packages/airflow/example_dags/tutorial_dag.py
[2025-03-29T21:24:33.335+0000] {processor.py:914} INFO - Processing file /home/airflow/.local/lib/python3.12/site-packages/airflow/example_dags/tutorial_dag.py for tasks to queue
[2025-03-29T21:24:33.341+0000] {logging_mixin.py:190} INFO - [2025-03-29T21:24:33.340+0000] {dagbag.py:588} INFO - Filling up the DagBag from /home/airflow/.local/lib/python3.12/site-packages/airflow/example_dags/tutorial_dag.py
[2025-03-29T21:24:33.371+0000] {processor.py:925} INFO - DAG(s) 'tutorial_dag' retrieved from /home/airflow/.local/lib/python3.12/site-packages/airflow/example_dags/tutorial_dag.py
[2025-03-29T21:24:33.786+0000] {logging_mixin.py:190} INFO - [2025-03-29T21:24:33.785+0000] {override.py:1912} INFO - Created Permission View: can delete on DAG:tutorial_dag
[2025-03-29T21:24:33.816+0000] {logging_mixin.py:190} INFO - [2025-03-29T21:24:33.816+0000] {override.py:1912} INFO - Created Permission View: can edit on DAG:tutorial_dag
[2025-03-29T21:24:33.861+0000] {logging_mixin.py:190} INFO - [2025-03-29T21:24:33.860+0000] {override.py:1912} INFO - Created Permission View: can read on DAG:tutorial_dag
[2025-03-29T21:24:33.890+0000] {logging_mixin.py:190} INFO - [2025-03-29T21:24:33.889+0000] {override.py:1912} INFO - Created Permission View: menu access on DAG Run:tutorial_dag
[2025-03-29T21:24:33.947+0000] {logging_mixin.py:190} INFO - [2025-03-29T21:24:33.947+0000] {override.py:1912} INFO - Created Permission View: can delete on DAG Run:tutorial_dag
[2025-03-29T21:24:33.995+0000] {logging_mixin.py:190} INFO - [2025-03-29T21:24:33.995+0000] {override.py:1912} INFO - Created Permission View: can read on DAG Run:tutorial_dag
[2025-03-29T21:24:34.023+0000] {logging_mixin.py:190} INFO - [2025-03-29T21:24:34.022+0000] {override.py:1912} INFO - Created Permission View: can create on DAG Run:tutorial_dag
[2025-03-29T21:24:34.023+0000] {logging_mixin.py:190} INFO - [2025-03-29T21:24:34.023+0000] {dag.py:3239} INFO - Sync 1 DAGs
[2025-03-29T21:24:34.106+0000] {logging_mixin.py:190} INFO - [2025-03-29T21:24:34.106+0000] {dag.py:3262} INFO - Creating ORM DAG for tutorial_dag
[2025-03-29T21:24:34.108+0000] {logging_mixin.py:190} INFO - [2025-03-29T21:24:34.107+0000] {dag.py:4180} INFO - Setting next_dagrun for tutorial_dag to None, run_after=None
[2025-03-29T21:24:34.147+0000] {processor.py:208} INFO - Processing /home/airflow/.local/lib/python3.12/site-packages/airflow/example_dags/tutorial_dag.py took 0.830 seconds
[2025-03-29T21:25:04.978+0000] {processor.py:186} INFO - Started process (PID=170) to work on /home/airflow/.local/lib/python3.12/site-packages/airflow/example_dags/tutorial_dag.py
[2025-03-29T21:25:04.980+0000] {processor.py:914} INFO - Processing file /home/airflow/.local/lib/python3.12/site-packages/airflow/example_dags/tutorial_dag.py for tasks to queue
[2025-03-29T21:25:04.987+0000] {logging_mixin.py:190} INFO - [2025-03-29T21:25:04.986+0000] {dagbag.py:588} INFO - Filling up the DagBag from /home/airflow/.local/lib/python3.12/site-packages/airflow/example_dags/tutorial_dag.py
[2025-03-29T21:25:05.005+0000] {processor.py:925} INFO - DAG(s) 'tutorial_dag' retrieved from /home/airflow/.local/lib/python3.12/site-packages/airflow/example_dags/tutorial_dag.py
[2025-03-29T21:25:05.042+0000] {logging_mixin.py:190} INFO - [2025-03-29T21:25:05.042+0000] {dag.py:3239} INFO - Sync 1 DAGs
[2025-03-29T21:25:05.067+0000] {logging_mixin.py:190} INFO - [2025-03-29T21:25:05.066+0000] {dag.py:4180} INFO - Setting next_dagrun for tutorial_dag to None, run_after=None
[2025-03-29T21:25:05.101+0000] {processor.py:208} INFO - Processing /home/airflow/.local/lib/python3.12/site-packages/airflow/example_dags/tutorial_dag.py took 0.140 seconds
[2025-03-29T21:28:38.909+0000] {processor.py:186} INFO - Started process (PID=101) to work on /home/airflow/.local/lib/python3.12/site-packages/airflow/example_dags/tutorial_dag.py
[2025-03-29T21:28:38.912+0000] {processor.py:914} INFO - Processing file /home/airflow/.local/lib/python3.12/site-packages/airflow/example_dags/tutorial_dag.py for tasks to queue
[2025-03-29T21:28:38.917+0000] {logging_mixin.py:190} INFO - [2025-03-29T21:28:38.916+0000] {dagbag.py:588} INFO - Filling up the DagBag from /home/airflow/.local/lib/python3.12/site-packages/airflow/example_dags/tutorial_dag.py
[2025-03-29T21:28:38.956+0000] {processor.py:925} INFO - DAG(s) 'tutorial_dag' retrieved from /home/airflow/.local/lib/python3.12/site-packages/airflow/example_dags/tutorial_dag.py
[2025-03-29T21:28:39.237+0000] {logging_mixin.py:190} INFO - [2025-03-29T21:28:39.236+0000] {override.py:1912} INFO - Created Permission View: can edit on DAG:tutorial_dag
[2025-03-29T21:28:39.266+0000] {logging_mixin.py:190} INFO - [2025-03-29T21:28:39.266+0000] {override.py:1912} INFO - Created Permission View: can delete on DAG:tutorial_dag
[2025-03-29T21:28:39.277+0000] {logging_mixin.py:190} INFO - [2025-03-29T21:28:39.277+0000] {override.py:1912} INFO - Created Permission View: can read on DAG:tutorial_dag
[2025-03-29T21:28:39.290+0000] {logging_mixin.py:190} INFO - [2025-03-29T21:28:39.289+0000] {override.py:1912} INFO - Created Permission View: can delete on DAG Run:tutorial_dag
[2025-03-29T21:28:39.305+0000] {logging_mixin.py:190} INFO - [2025-03-29T21:28:39.303+0000] {override.py:1912} INFO - Created Permission View: can create on DAG Run:tutorial_dag
[2025-03-29T21:28:39.324+0000] {logging_mixin.py:190} INFO - [2025-03-29T21:28:39.323+0000] {override.py:1912} INFO - Created Permission View: can read on DAG Run:tutorial_dag
[2025-03-29T21:28:39.341+0000] {logging_mixin.py:190} INFO - [2025-03-29T21:28:39.341+0000] {override.py:1912} INFO - Created Permission View: menu access on DAG Run:tutorial_dag
[2025-03-29T21:28:39.342+0000] {logging_mixin.py:190} INFO - [2025-03-29T21:28:39.342+0000] {dag.py:3239} INFO - Sync 1 DAGs
[2025-03-29T21:28:39.377+0000] {logging_mixin.py:190} INFO - [2025-03-29T21:28:39.376+0000] {dag.py:3262} INFO - Creating ORM DAG for tutorial_dag
[2025-03-29T21:28:39.379+0000] {logging_mixin.py:190} INFO - [2025-03-29T21:28:39.378+0000] {dag.py:4180} INFO - Setting next_dagrun for tutorial_dag to None, run_after=None
[2025-03-29T21:28:39.412+0000] {processor.py:208} INFO - Processing /home/airflow/.local/lib/python3.12/site-packages/airflow/example_dags/tutorial_dag.py took 0.517 seconds
[2025-03-29T21:29:09.829+0000] {processor.py:186} INFO - Started process (PID=167) to work on /home/airflow/.local/lib/python3.12/site-packages/airflow/example_dags/tutorial_dag.py
[2025-03-29T21:29:09.831+0000] {processor.py:914} INFO - Processing file /home/airflow/.local/lib/python3.12/site-packages/airflow/example_dags/tutorial_dag.py for tasks to queue
[2025-03-29T21:29:09.837+0000] {logging_mixin.py:190} INFO - [2025-03-29T21:29:09.836+0000] {dagbag.py:588} INFO - Filling up the DagBag from /home/airflow/.local/lib/python3.12/site-packages/airflow/example_dags/tutorial_dag.py
[2025-03-29T21:29:09.862+0000] {processor.py:925} INFO - DAG(s) 'tutorial_dag' retrieved from /home/airflow/.local/lib/python3.12/site-packages/airflow/example_dags/tutorial_dag.py
[2025-03-29T21:29:09.903+0000] {logging_mixin.py:190} INFO - [2025-03-29T21:29:09.903+0000] {dag.py:3239} INFO - Sync 1 DAGs
[2025-03-29T21:29:09.929+0000] {logging_mixin.py:190} INFO - [2025-03-29T21:29:09.928+0000] {dag.py:4180} INFO - Setting next_dagrun for tutorial_dag to None, run_after=None
[2025-03-29T21:29:09.959+0000] {processor.py:208} INFO - Processing /home/airflow/.local/lib/python3.12/site-packages/airflow/example_dags/tutorial_dag.py took 0.145 seconds
[2025-03-29T21:29:40.330+0000] {processor.py:186} INFO - Started process (PID=234) to work on /home/airflow/.local/lib/python3.12/site-packages/airflow/example_dags/tutorial_dag.py
[2025-03-29T21:29:40.333+0000] {processor.py:914} INFO - Processing file /home/airflow/.local/lib/python3.12/site-packages/airflow/example_dags/tutorial_dag.py for tasks to queue
[2025-03-29T21:29:40.338+0000] {logging_mixin.py:190} INFO - [2025-03-29T21:29:40.337+0000] {dagbag.py:588} INFO - Filling up the DagBag from /home/airflow/.local/lib/python3.12/site-packages/airflow/example_dags/tutorial_dag.py
[2025-03-29T21:29:40.357+0000] {processor.py:925} INFO - DAG(s) 'tutorial_dag' retrieved from /home/airflow/.local/lib/python3.12/site-packages/airflow/example_dags/tutorial_dag.py
[2025-03-29T21:29:40.407+0000] {logging_mixin.py:190} INFO - [2025-03-29T21:29:40.406+0000] {dag.py:3239} INFO - Sync 1 DAGs
[2025-03-29T21:29:40.434+0000] {logging_mixin.py:190} INFO - [2025-03-29T21:29:40.434+0000] {dag.py:4180} INFO - Setting next_dagrun for tutorial_dag to None, run_after=None
[2025-03-29T21:29:40.473+0000] {processor.py:208} INFO - Processing /home/airflow/.local/lib/python3.12/site-packages/airflow/example_dags/tutorial_dag.py took 0.159 seconds
[2025-03-29T21:30:11.059+0000] {processor.py:186} INFO - Started process (PID=299) to work on /home/airflow/.local/lib/python3.12/site-packages/airflow/example_dags/tutorial_dag.py
[2025-03-29T21:30:11.061+0000] {processor.py:914} INFO - Processing file /home/airflow/.local/lib/python3.12/site-packages/airflow/example_dags/tutorial_dag.py for tasks to queue
[2025-03-29T21:30:11.066+0000] {logging_mixin.py:190} INFO - [2025-03-29T21:30:11.066+0000] {dagbag.py:588} INFO - Filling up the DagBag from /home/airflow/.local/lib/python3.12/site-packages/airflow/example_dags/tutorial_dag.py
[2025-03-29T21:30:11.081+0000] {processor.py:925} INFO - DAG(s) 'tutorial_dag' retrieved from /home/airflow/.local/lib/python3.12/site-packages/airflow/example_dags/tutorial_dag.py
[2025-03-29T21:30:11.123+0000] {logging_mixin.py:190} INFO - [2025-03-29T21:30:11.122+0000] {dag.py:3239} INFO - Sync 1 DAGs
[2025-03-29T21:30:11.147+0000] {logging_mixin.py:190} INFO - [2025-03-29T21:30:11.147+0000] {dag.py:4180} INFO - Setting next_dagrun for tutorial_dag to None, run_after=None
[2025-03-29T21:30:11.175+0000] {processor.py:208} INFO - Processing /home/airflow/.local/lib/python3.12/site-packages/airflow/example_dags/tutorial_dag.py took 0.129 seconds
[2025-03-29T21:30:42.962+0000] {processor.py:186} INFO - Started process (PID=366) to work on /home/airflow/.local/lib/python3.12/site-packages/airflow/example_dags/tutorial_dag.py
[2025-03-29T21:30:42.967+0000] {processor.py:914} INFO - Processing file /home/airflow/.local/lib/python3.12/site-packages/airflow/example_dags/tutorial_dag.py for tasks to queue
[2025-03-29T21:30:42.975+0000] {logging_mixin.py:190} INFO - [2025-03-29T21:30:42.975+0000] {dagbag.py:588} INFO - Filling up the DagBag from /home/airflow/.local/lib/python3.12/site-packages/airflow/example_dags/tutorial_dag.py
[2025-03-29T21:30:43.008+0000] {processor.py:925} INFO - DAG(s) 'tutorial_dag' retrieved from /home/airflow/.local/lib/python3.12/site-packages/airflow/example_dags/tutorial_dag.py
[2025-03-29T21:30:43.059+0000] {logging_mixin.py:190} INFO - [2025-03-29T21:30:43.059+0000] {dag.py:3239} INFO - Sync 1 DAGs
[2025-03-29T21:30:43.095+0000] {logging_mixin.py:190} INFO - [2025-03-29T21:30:43.095+0000] {dag.py:4180} INFO - Setting next_dagrun for tutorial_dag to None, run_after=None
[2025-03-29T21:30:43.139+0000] {processor.py:208} INFO - Processing /home/airflow/.local/lib/python3.12/site-packages/airflow/example_dags/tutorial_dag.py took 0.218 seconds
[2025-03-29T21:31:14.649+0000] {processor.py:186} INFO - Started process (PID=433) to work on /home/airflow/.local/lib/python3.12/site-packages/airflow/example_dags/tutorial_dag.py
[2025-03-29T21:31:14.651+0000] {processor.py:914} INFO - Processing file /home/airflow/.local/lib/python3.12/site-packages/airflow/example_dags/tutorial_dag.py for tasks to queue
[2025-03-29T21:31:14.657+0000] {logging_mixin.py:190} INFO - [2025-03-29T21:31:14.656+0000] {dagbag.py:588} INFO - Filling up the DagBag from /home/airflow/.local/lib/python3.12/site-packages/airflow/example_dags/tutorial_dag.py
[2025-03-29T21:31:14.682+0000] {processor.py:925} INFO - DAG(s) 'tutorial_dag' retrieved from /home/airflow/.local/lib/python3.12/site-packages/airflow/example_dags/tutorial_dag.py
[2025-03-29T21:31:14.754+0000] {logging_mixin.py:190} INFO - [2025-03-29T21:31:14.754+0000] {dag.py:3239} INFO - Sync 1 DAGs
[2025-03-29T21:31:14.796+0000] {logging_mixin.py:190} INFO - [2025-03-29T21:31:14.796+0000] {dag.py:4180} INFO - Setting next_dagrun for tutorial_dag to None, run_after=None
[2025-03-29T21:31:14.863+0000] {processor.py:208} INFO - Processing /home/airflow/.local/lib/python3.12/site-packages/airflow/example_dags/tutorial_dag.py took 0.240 seconds
[2025-03-29T21:31:45.295+0000] {processor.py:186} INFO - Started process (PID=500) to work on /home/airflow/.local/lib/python3.12/site-packages/airflow/example_dags/tutorial_dag.py
[2025-03-29T21:31:45.298+0000] {processor.py:914} INFO - Processing file /home/airflow/.local/lib/python3.12/site-packages/airflow/example_dags/tutorial_dag.py for tasks to queue
[2025-03-29T21:31:45.303+0000] {logging_mixin.py:190} INFO - [2025-03-29T21:31:45.303+0000] {dagbag.py:588} INFO - Filling up the DagBag from /home/airflow/.local/lib/python3.12/site-packages/airflow/example_dags/tutorial_dag.py
[2025-03-29T21:31:45.321+0000] {processor.py:925} INFO - DAG(s) 'tutorial_dag' retrieved from /home/airflow/.local/lib/python3.12/site-packages/airflow/example_dags/tutorial_dag.py
[2025-03-29T21:31:45.372+0000] {logging_mixin.py:190} INFO - [2025-03-29T21:31:45.371+0000] {dag.py:3239} INFO - Sync 1 DAGs
[2025-03-29T21:31:45.402+0000] {logging_mixin.py:190} INFO - [2025-03-29T21:31:45.401+0000] {dag.py:4180} INFO - Setting next_dagrun for tutorial_dag to None, run_after=None
[2025-03-29T21:31:45.441+0000] {processor.py:208} INFO - Processing /home/airflow/.local/lib/python3.12/site-packages/airflow/example_dags/tutorial_dag.py took 0.168 seconds
[2025-03-29T21:32:16.598+0000] {processor.py:186} INFO - Started process (PID=567) to work on /home/airflow/.local/lib/python3.12/site-packages/airflow/example_dags/tutorial_dag.py
[2025-03-29T21:32:16.600+0000] {processor.py:914} INFO - Processing file /home/airflow/.local/lib/python3.12/site-packages/airflow/example_dags/tutorial_dag.py for tasks to queue
[2025-03-29T21:32:16.606+0000] {logging_mixin.py:190} INFO - [2025-03-29T21:32:16.605+0000] {dagbag.py:588} INFO - Filling up the DagBag from /home/airflow/.local/lib/python3.12/site-packages/airflow/example_dags/tutorial_dag.py
[2025-03-29T21:32:16.623+0000] {processor.py:925} INFO - DAG(s) 'tutorial_dag' retrieved from /home/airflow/.local/lib/python3.12/site-packages/airflow/example_dags/tutorial_dag.py
[2025-03-29T21:32:16.671+0000] {logging_mixin.py:190} INFO - [2025-03-29T21:32:16.671+0000] {dag.py:3239} INFO - Sync 1 DAGs
[2025-03-29T21:32:16.708+0000] {logging_mixin.py:190} INFO - [2025-03-29T21:32:16.708+0000] {dag.py:4180} INFO - Setting next_dagrun for tutorial_dag to None, run_after=None
[2025-03-29T21:32:16.739+0000] {processor.py:208} INFO - Processing /home/airflow/.local/lib/python3.12/site-packages/airflow/example_dags/tutorial_dag.py took 0.155 seconds
[2025-03-29T21:32:47.581+0000] {processor.py:186} INFO - Started process (PID=634) to work on /home/airflow/.local/lib/python3.12/site-packages/airflow/example_dags/tutorial_dag.py
[2025-03-29T21:32:47.583+0000] {processor.py:914} INFO - Processing file /home/airflow/.local/lib/python3.12/site-packages/airflow/example_dags/tutorial_dag.py for tasks to queue
[2025-03-29T21:32:47.589+0000] {logging_mixin.py:190} INFO - [2025-03-29T21:32:47.588+0000] {dagbag.py:588} INFO - Filling up the DagBag from /home/airflow/.local/lib/python3.12/site-packages/airflow/example_dags/tutorial_dag.py
[2025-03-29T21:32:47.607+0000] {processor.py:925} INFO - DAG(s) 'tutorial_dag' retrieved from /home/airflow/.local/lib/python3.12/site-packages/airflow/example_dags/tutorial_dag.py
[2025-03-29T21:32:47.659+0000] {logging_mixin.py:190} INFO - [2025-03-29T21:32:47.658+0000] {dag.py:3239} INFO - Sync 1 DAGs
[2025-03-29T21:32:47.712+0000] {logging_mixin.py:190} INFO - [2025-03-29T21:32:47.712+0000] {dag.py:4180} INFO - Setting next_dagrun for tutorial_dag to None, run_after=None
[2025-03-29T21:32:47.746+0000] {processor.py:208} INFO - Processing /home/airflow/.local/lib/python3.12/site-packages/airflow/example_dags/tutorial_dag.py took 0.178 seconds
[2025-03-29T21:33:18.051+0000] {processor.py:186} INFO - Started process (PID=700) to work on /home/airflow/.local/lib/python3.12/site-packages/airflow/example_dags/tutorial_dag.py
[2025-03-29T21:33:18.053+0000] {processor.py:914} INFO - Processing file /home/airflow/.local/lib/python3.12/site-packages/airflow/example_dags/tutorial_dag.py for tasks to queue
[2025-03-29T21:33:18.058+0000] {logging_mixin.py:190} INFO - [2025-03-29T21:33:18.058+0000] {dagbag.py:588} INFO - Filling up the DagBag from /home/airflow/.local/lib/python3.12/site-packages/airflow/example_dags/tutorial_dag.py
[2025-03-29T21:33:18.075+0000] {processor.py:925} INFO - DAG(s) 'tutorial_dag' retrieved from /home/airflow/.local/lib/python3.12/site-packages/airflow/example_dags/tutorial_dag.py
[2025-03-29T21:33:18.116+0000] {logging_mixin.py:190} INFO - [2025-03-29T21:33:18.116+0000] {dag.py:3239} INFO - Sync 1 DAGs
[2025-03-29T21:33:18.143+0000] {logging_mixin.py:190} INFO - [2025-03-29T21:33:18.142+0000] {dag.py:4180} INFO - Setting next_dagrun for tutorial_dag to None, run_after=None
[2025-03-29T21:33:18.176+0000] {processor.py:208} INFO - Processing /home/airflow/.local/lib/python3.12/site-packages/airflow/example_dags/tutorial_dag.py took 0.138 seconds
[2025-03-29T21:33:48.851+0000] {processor.py:186} INFO - Started process (PID=767) to work on /home/airflow/.local/lib/python3.12/site-packages/airflow/example_dags/tutorial_dag.py
[2025-03-29T21:33:48.866+0000] {processor.py:914} INFO - Processing file /home/airflow/.local/lib/python3.12/site-packages/airflow/example_dags/tutorial_dag.py for tasks to queue
[2025-03-29T21:33:48.891+0000] {logging_mixin.py:190} INFO - [2025-03-29T21:33:48.891+0000] {dagbag.py:588} INFO - Filling up the DagBag from /home/airflow/.local/lib/python3.12/site-packages/airflow/example_dags/tutorial_dag.py
[2025-03-29T21:33:48.935+0000] {processor.py:925} INFO - DAG(s) 'tutorial_dag' retrieved from /home/airflow/.local/lib/python3.12/site-packages/airflow/example_dags/tutorial_dag.py
[2025-03-29T21:33:49.040+0000] {logging_mixin.py:190} INFO - [2025-03-29T21:33:49.039+0000] {dag.py:3239} INFO - Sync 1 DAGs
[2025-03-29T21:33:49.124+0000] {logging_mixin.py:190} INFO - [2025-03-29T21:33:49.124+0000] {dag.py:4180} INFO - Setting next_dagrun for tutorial_dag to None, run_after=None
[2025-03-29T21:33:49.235+0000] {processor.py:208} INFO - Processing /home/airflow/.local/lib/python3.12/site-packages/airflow/example_dags/tutorial_dag.py took 0.414 seconds
[2025-03-29T21:34:21.065+0000] {processor.py:186} INFO - Started process (PID=832) to work on /home/airflow/.local/lib/python3.12/site-packages/airflow/example_dags/tutorial_dag.py
[2025-03-29T21:34:21.067+0000] {processor.py:914} INFO - Processing file /home/airflow/.local/lib/python3.12/site-packages/airflow/example_dags/tutorial_dag.py for tasks to queue
[2025-03-29T21:34:21.078+0000] {logging_mixin.py:190} INFO - [2025-03-29T21:34:21.074+0000] {dagbag.py:588} INFO - Filling up the DagBag from /home/airflow/.local/lib/python3.12/site-packages/airflow/example_dags/tutorial_dag.py
[2025-03-29T21:34:21.104+0000] {processor.py:925} INFO - DAG(s) 'tutorial_dag' retrieved from /home/airflow/.local/lib/python3.12/site-packages/airflow/example_dags/tutorial_dag.py
[2025-03-29T21:34:21.203+0000] {logging_mixin.py:190} INFO - [2025-03-29T21:34:21.202+0000] {dag.py:3239} INFO - Sync 1 DAGs
[2025-03-29T21:34:21.250+0000] {logging_mixin.py:190} INFO - [2025-03-29T21:34:21.247+0000] {dag.py:4180} INFO - Setting next_dagrun for tutorial_dag to None, run_after=None
[2025-03-29T21:34:21.286+0000] {processor.py:208} INFO - Processing /home/airflow/.local/lib/python3.12/site-packages/airflow/example_dags/tutorial_dag.py took 0.243 seconds
[2025-03-29T21:34:52.757+0000] {processor.py:186} INFO - Started process (PID=899) to work on /home/airflow/.local/lib/python3.12/site-packages/airflow/example_dags/tutorial_dag.py
[2025-03-29T21:34:52.762+0000] {processor.py:914} INFO - Processing file /home/airflow/.local/lib/python3.12/site-packages/airflow/example_dags/tutorial_dag.py for tasks to queue
[2025-03-29T21:34:52.770+0000] {logging_mixin.py:190} INFO - [2025-03-29T21:34:52.769+0000] {dagbag.py:588} INFO - Filling up the DagBag from /home/airflow/.local/lib/python3.12/site-packages/airflow/example_dags/tutorial_dag.py
[2025-03-29T21:34:52.815+0000] {processor.py:925} INFO - DAG(s) 'tutorial_dag' retrieved from /home/airflow/.local/lib/python3.12/site-packages/airflow/example_dags/tutorial_dag.py
[2025-03-29T21:34:52.910+0000] {logging_mixin.py:190} INFO - [2025-03-29T21:34:52.910+0000] {dag.py:3239} INFO - Sync 1 DAGs
[2025-03-29T21:34:52.970+0000] {logging_mixin.py:190} INFO - [2025-03-29T21:34:52.970+0000] {dag.py:4180} INFO - Setting next_dagrun for tutorial_dag to None, run_after=None
[2025-03-29T21:34:53.026+0000] {processor.py:208} INFO - Processing /home/airflow/.local/lib/python3.12/site-packages/airflow/example_dags/tutorial_dag.py took 0.341 seconds
[2025-03-29T21:49:42.350+0000] {processor.py:186} INFO - Started process (PID=103) to work on /home/airflow/.local/lib/python3.12/site-packages/airflow/example_dags/tutorial_dag.py
[2025-03-29T21:49:42.356+0000] {processor.py:914} INFO - Processing file /home/airflow/.local/lib/python3.12/site-packages/airflow/example_dags/tutorial_dag.py for tasks to queue
[2025-03-29T21:49:42.372+0000] {logging_mixin.py:190} INFO - [2025-03-29T21:49:42.370+0000] {dagbag.py:588} INFO - Filling up the DagBag from /home/airflow/.local/lib/python3.12/site-packages/airflow/example_dags/tutorial_dag.py
[2025-03-29T21:49:42.408+0000] {processor.py:925} INFO - DAG(s) 'tutorial_dag' retrieved from /home/airflow/.local/lib/python3.12/site-packages/airflow/example_dags/tutorial_dag.py
[2025-03-29T21:49:42.998+0000] {logging_mixin.py:190} INFO - [2025-03-29T21:49:42.997+0000] {override.py:1912} INFO - Created Permission View: can read on DAG:tutorial_dag
[2025-03-29T21:49:43.043+0000] {logging_mixin.py:190} INFO - [2025-03-29T21:49:43.041+0000] {override.py:1912} INFO - Created Permission View: can delete on DAG:tutorial_dag
[2025-03-29T21:49:43.080+0000] {logging_mixin.py:190} INFO - [2025-03-29T21:49:43.080+0000] {override.py:1912} INFO - Created Permission View: can edit on DAG:tutorial_dag
[2025-03-29T21:49:43.108+0000] {logging_mixin.py:190} INFO - [2025-03-29T21:49:43.107+0000] {override.py:1912} INFO - Created Permission View: can read on DAG Run:tutorial_dag
[2025-03-29T21:49:43.138+0000] {logging_mixin.py:190} INFO - [2025-03-29T21:49:43.138+0000] {override.py:1912} INFO - Created Permission View: can delete on DAG Run:tutorial_dag
[2025-03-29T21:49:43.213+0000] {logging_mixin.py:190} INFO - [2025-03-29T21:49:43.213+0000] {override.py:1912} INFO - Created Permission View: can create on DAG Run:tutorial_dag
[2025-03-29T21:49:43.240+0000] {logging_mixin.py:190} INFO - [2025-03-29T21:49:43.238+0000] {override.py:1912} INFO - Created Permission View: menu access on DAG Run:tutorial_dag
[2025-03-29T21:49:43.240+0000] {logging_mixin.py:190} INFO - [2025-03-29T21:49:43.240+0000] {dag.py:3239} INFO - Sync 1 DAGs
[2025-03-29T21:49:43.340+0000] {logging_mixin.py:190} INFO - [2025-03-29T21:49:43.340+0000] {dag.py:3262} INFO - Creating ORM DAG for tutorial_dag
[2025-03-29T21:49:43.341+0000] {logging_mixin.py:190} INFO - [2025-03-29T21:49:43.341+0000] {dag.py:4180} INFO - Setting next_dagrun for tutorial_dag to None, run_after=None
[2025-03-29T21:49:43.416+0000] {processor.py:208} INFO - Processing /home/airflow/.local/lib/python3.12/site-packages/airflow/example_dags/tutorial_dag.py took 1.102 seconds
[2025-03-29T21:50:14.225+0000] {processor.py:186} INFO - Started process (PID=169) to work on /home/airflow/.local/lib/python3.12/site-packages/airflow/example_dags/tutorial_dag.py
[2025-03-29T21:50:14.227+0000] {processor.py:914} INFO - Processing file /home/airflow/.local/lib/python3.12/site-packages/airflow/example_dags/tutorial_dag.py for tasks to queue
[2025-03-29T21:50:14.232+0000] {logging_mixin.py:190} INFO - [2025-03-29T21:50:14.231+0000] {dagbag.py:588} INFO - Filling up the DagBag from /home/airflow/.local/lib/python3.12/site-packages/airflow/example_dags/tutorial_dag.py
[2025-03-29T21:50:14.249+0000] {processor.py:925} INFO - DAG(s) 'tutorial_dag' retrieved from /home/airflow/.local/lib/python3.12/site-packages/airflow/example_dags/tutorial_dag.py
[2025-03-29T21:50:14.296+0000] {logging_mixin.py:190} INFO - [2025-03-29T21:50:14.296+0000] {dag.py:3239} INFO - Sync 1 DAGs
[2025-03-29T21:50:14.330+0000] {logging_mixin.py:190} INFO - [2025-03-29T21:50:14.329+0000] {dag.py:4180} INFO - Setting next_dagrun for tutorial_dag to None, run_after=None
[2025-03-29T21:50:14.359+0000] {processor.py:208} INFO - Processing /home/airflow/.local/lib/python3.12/site-packages/airflow/example_dags/tutorial_dag.py took 0.147 seconds
[2025-03-29T21:50:45.626+0000] {processor.py:186} INFO - Started process (PID=236) to work on /home/airflow/.local/lib/python3.12/site-packages/airflow/example_dags/tutorial_dag.py
[2025-03-29T21:50:45.633+0000] {processor.py:914} INFO - Processing file /home/airflow/.local/lib/python3.12/site-packages/airflow/example_dags/tutorial_dag.py for tasks to queue
[2025-03-29T21:50:45.639+0000] {logging_mixin.py:190} INFO - [2025-03-29T21:50:45.638+0000] {dagbag.py:588} INFO - Filling up the DagBag from /home/airflow/.local/lib/python3.12/site-packages/airflow/example_dags/tutorial_dag.py
[2025-03-29T21:50:45.659+0000] {processor.py:925} INFO - DAG(s) 'tutorial_dag' retrieved from /home/airflow/.local/lib/python3.12/site-packages/airflow/example_dags/tutorial_dag.py
[2025-03-29T21:50:45.715+0000] {logging_mixin.py:190} INFO - [2025-03-29T21:50:45.715+0000] {dag.py:3239} INFO - Sync 1 DAGs
[2025-03-29T21:50:45.744+0000] {logging_mixin.py:190} INFO - [2025-03-29T21:50:45.743+0000] {dag.py:4180} INFO - Setting next_dagrun for tutorial_dag to None, run_after=None
[2025-03-29T21:50:45.785+0000] {processor.py:208} INFO - Processing /home/airflow/.local/lib/python3.12/site-packages/airflow/example_dags/tutorial_dag.py took 0.176 seconds
[2025-03-29T21:51:17.488+0000] {processor.py:186} INFO - Started process (PID=303) to work on /home/airflow/.local/lib/python3.12/site-packages/airflow/example_dags/tutorial_dag.py
[2025-03-29T21:51:17.490+0000] {processor.py:914} INFO - Processing file /home/airflow/.local/lib/python3.12/site-packages/airflow/example_dags/tutorial_dag.py for tasks to queue
[2025-03-29T21:51:17.495+0000] {logging_mixin.py:190} INFO - [2025-03-29T21:51:17.494+0000] {dagbag.py:588} INFO - Filling up the DagBag from /home/airflow/.local/lib/python3.12/site-packages/airflow/example_dags/tutorial_dag.py
[2025-03-29T21:51:17.512+0000] {processor.py:925} INFO - DAG(s) 'tutorial_dag' retrieved from /home/airflow/.local/lib/python3.12/site-packages/airflow/example_dags/tutorial_dag.py
[2025-03-29T21:51:17.560+0000] {logging_mixin.py:190} INFO - [2025-03-29T21:51:17.559+0000] {dag.py:3239} INFO - Sync 1 DAGs
[2025-03-29T21:51:17.606+0000] {logging_mixin.py:190} INFO - [2025-03-29T21:51:17.605+0000] {dag.py:4180} INFO - Setting next_dagrun for tutorial_dag to None, run_after=None
[2025-03-29T21:51:17.668+0000] {processor.py:208} INFO - Processing /home/airflow/.local/lib/python3.12/site-packages/airflow/example_dags/tutorial_dag.py took 0.195 seconds
[2025-03-29T21:51:51.476+0000] {processor.py:186} INFO - Started process (PID=369) to work on /home/airflow/.local/lib/python3.12/site-packages/airflow/example_dags/tutorial_dag.py
[2025-03-29T21:51:51.479+0000] {processor.py:914} INFO - Processing file /home/airflow/.local/lib/python3.12/site-packages/airflow/example_dags/tutorial_dag.py for tasks to queue
[2025-03-29T21:51:51.484+0000] {logging_mixin.py:190} INFO - [2025-03-29T21:51:51.484+0000] {dagbag.py:588} INFO - Filling up the DagBag from /home/airflow/.local/lib/python3.12/site-packages/airflow/example_dags/tutorial_dag.py
[2025-03-29T21:51:51.502+0000] {processor.py:925} INFO - DAG(s) 'tutorial_dag' retrieved from /home/airflow/.local/lib/python3.12/site-packages/airflow/example_dags/tutorial_dag.py
[2025-03-29T21:51:51.539+0000] {logging_mixin.py:190} INFO - [2025-03-29T21:51:51.539+0000] {dag.py:3239} INFO - Sync 1 DAGs
[2025-03-29T21:51:51.566+0000] {logging_mixin.py:190} INFO - [2025-03-29T21:51:51.566+0000] {dag.py:4180} INFO - Setting next_dagrun for tutorial_dag to None, run_after=None
[2025-03-29T21:51:51.607+0000] {processor.py:208} INFO - Processing /home/airflow/.local/lib/python3.12/site-packages/airflow/example_dags/tutorial_dag.py took 0.151 seconds
[2025-03-29T21:52:23.030+0000] {processor.py:186} INFO - Started process (PID=436) to work on /home/airflow/.local/lib/python3.12/site-packages/airflow/example_dags/tutorial_dag.py
[2025-03-29T21:52:23.033+0000] {processor.py:914} INFO - Processing file /home/airflow/.local/lib/python3.12/site-packages/airflow/example_dags/tutorial_dag.py for tasks to queue
[2025-03-29T21:52:23.038+0000] {logging_mixin.py:190} INFO - [2025-03-29T21:52:23.037+0000] {dagbag.py:588} INFO - Filling up the DagBag from /home/airflow/.local/lib/python3.12/site-packages/airflow/example_dags/tutorial_dag.py
[2025-03-29T21:52:23.056+0000] {processor.py:925} INFO - DAG(s) 'tutorial_dag' retrieved from /home/airflow/.local/lib/python3.12/site-packages/airflow/example_dags/tutorial_dag.py
[2025-03-29T21:52:23.099+0000] {logging_mixin.py:190} INFO - [2025-03-29T21:52:23.098+0000] {dag.py:3239} INFO - Sync 1 DAGs
[2025-03-29T21:52:23.137+0000] {logging_mixin.py:190} INFO - [2025-03-29T21:52:23.136+0000] {dag.py:4180} INFO - Setting next_dagrun for tutorial_dag to None, run_after=None
[2025-03-29T21:52:23.171+0000] {processor.py:208} INFO - Processing /home/airflow/.local/lib/python3.12/site-packages/airflow/example_dags/tutorial_dag.py took 0.155 seconds
[2025-03-29T21:52:53.884+0000] {processor.py:186} INFO - Started process (PID=502) to work on /home/airflow/.local/lib/python3.12/site-packages/airflow/example_dags/tutorial_dag.py
[2025-03-29T21:52:53.886+0000] {processor.py:914} INFO - Processing file /home/airflow/.local/lib/python3.12/site-packages/airflow/example_dags/tutorial_dag.py for tasks to queue
[2025-03-29T21:52:53.892+0000] {logging_mixin.py:190} INFO - [2025-03-29T21:52:53.892+0000] {dagbag.py:588} INFO - Filling up the DagBag from /home/airflow/.local/lib/python3.12/site-packages/airflow/example_dags/tutorial_dag.py
[2025-03-29T21:52:53.918+0000] {processor.py:925} INFO - DAG(s) 'tutorial_dag' retrieved from /home/airflow/.local/lib/python3.12/site-packages/airflow/example_dags/tutorial_dag.py
[2025-03-29T21:52:53.997+0000] {logging_mixin.py:190} INFO - [2025-03-29T21:52:53.997+0000] {dag.py:3239} INFO - Sync 1 DAGs
[2025-03-29T21:52:54.047+0000] {logging_mixin.py:190} INFO - [2025-03-29T21:52:54.047+0000] {dag.py:4180} INFO - Setting next_dagrun for tutorial_dag to None, run_after=None
[2025-03-29T21:52:54.090+0000] {processor.py:208} INFO - Processing /home/airflow/.local/lib/python3.12/site-packages/airflow/example_dags/tutorial_dag.py took 0.228 seconds
[2025-03-29T21:53:24.894+0000] {processor.py:186} INFO - Started process (PID=569) to work on /home/airflow/.local/lib/python3.12/site-packages/airflow/example_dags/tutorial_dag.py
[2025-03-29T21:53:24.896+0000] {processor.py:914} INFO - Processing file /home/airflow/.local/lib/python3.12/site-packages/airflow/example_dags/tutorial_dag.py for tasks to queue
[2025-03-29T21:53:24.904+0000] {logging_mixin.py:190} INFO - [2025-03-29T21:53:24.902+0000] {dagbag.py:588} INFO - Filling up the DagBag from /home/airflow/.local/lib/python3.12/site-packages/airflow/example_dags/tutorial_dag.py
[2025-03-29T21:53:24.941+0000] {processor.py:925} INFO - DAG(s) 'tutorial_dag' retrieved from /home/airflow/.local/lib/python3.12/site-packages/airflow/example_dags/tutorial_dag.py
[2025-03-29T21:53:25.032+0000] {logging_mixin.py:190} INFO - [2025-03-29T21:53:25.032+0000] {dag.py:3239} INFO - Sync 1 DAGs
[2025-03-29T21:53:25.089+0000] {logging_mixin.py:190} INFO - [2025-03-29T21:53:25.088+0000] {dag.py:4180} INFO - Setting next_dagrun for tutorial_dag to None, run_after=None
[2025-03-29T21:53:25.127+0000] {processor.py:208} INFO - Processing /home/airflow/.local/lib/python3.12/site-packages/airflow/example_dags/tutorial_dag.py took 0.249 seconds
[2025-03-29T21:53:55.514+0000] {processor.py:186} INFO - Started process (PID=635) to work on /home/airflow/.local/lib/python3.12/site-packages/airflow/example_dags/tutorial_dag.py
[2025-03-29T21:53:55.518+0000] {processor.py:914} INFO - Processing file /home/airflow/.local/lib/python3.12/site-packages/airflow/example_dags/tutorial_dag.py for tasks to queue
[2025-03-29T21:53:55.523+0000] {logging_mixin.py:190} INFO - [2025-03-29T21:53:55.523+0000] {dagbag.py:588} INFO - Filling up the DagBag from /home/airflow/.local/lib/python3.12/site-packages/airflow/example_dags/tutorial_dag.py
[2025-03-29T21:53:55.542+0000] {processor.py:925} INFO - DAG(s) 'tutorial_dag' retrieved from /home/airflow/.local/lib/python3.12/site-packages/airflow/example_dags/tutorial_dag.py
[2025-03-29T21:53:55.580+0000] {logging_mixin.py:190} INFO - [2025-03-29T21:53:55.579+0000] {dag.py:3239} INFO - Sync 1 DAGs
[2025-03-29T21:53:55.606+0000] {logging_mixin.py:190} INFO - [2025-03-29T21:53:55.605+0000] {dag.py:4180} INFO - Setting next_dagrun for tutorial_dag to None, run_after=None
[2025-03-29T21:53:55.638+0000] {processor.py:208} INFO - Processing /home/airflow/.local/lib/python3.12/site-packages/airflow/example_dags/tutorial_dag.py took 0.137 seconds
[2025-03-29T21:54:25.963+0000] {processor.py:186} INFO - Started process (PID=702) to work on /home/airflow/.local/lib/python3.12/site-packages/airflow/example_dags/tutorial_dag.py
[2025-03-29T21:54:25.967+0000] {processor.py:914} INFO - Processing file /home/airflow/.local/lib/python3.12/site-packages/airflow/example_dags/tutorial_dag.py for tasks to queue
[2025-03-29T21:54:25.977+0000] {logging_mixin.py:190} INFO - [2025-03-29T21:54:25.977+0000] {dagbag.py:588} INFO - Filling up the DagBag from /home/airflow/.local/lib/python3.12/site-packages/airflow/example_dags/tutorial_dag.py
[2025-03-29T21:54:26.009+0000] {processor.py:925} INFO - DAG(s) 'tutorial_dag' retrieved from /home/airflow/.local/lib/python3.12/site-packages/airflow/example_dags/tutorial_dag.py
[2025-03-29T21:54:26.085+0000] {logging_mixin.py:190} INFO - [2025-03-29T21:54:26.084+0000] {dag.py:3239} INFO - Sync 1 DAGs
[2025-03-29T21:54:26.127+0000] {logging_mixin.py:190} INFO - [2025-03-29T21:54:26.127+0000] {dag.py:4180} INFO - Setting next_dagrun for tutorial_dag to None, run_after=None
[2025-03-29T21:54:26.179+0000] {processor.py:208} INFO - Processing /home/airflow/.local/lib/python3.12/site-packages/airflow/example_dags/tutorial_dag.py took 0.247 seconds
[2025-03-29T23:13:52.487+0000] {processor.py:186} INFO - Started process (PID=106) to work on /home/airflow/.local/lib/python3.12/site-packages/airflow/example_dags/tutorial_dag.py
[2025-03-29T23:13:52.491+0000] {processor.py:914} INFO - Processing file /home/airflow/.local/lib/python3.12/site-packages/airflow/example_dags/tutorial_dag.py for tasks to queue
[2025-03-29T23:13:52.500+0000] {logging_mixin.py:190} INFO - [2025-03-29T23:13:52.500+0000] {dagbag.py:588} INFO - Filling up the DagBag from /home/airflow/.local/lib/python3.12/site-packages/airflow/example_dags/tutorial_dag.py
[2025-03-29T23:13:52.569+0000] {processor.py:925} INFO - DAG(s) 'tutorial_dag' retrieved from /home/airflow/.local/lib/python3.12/site-packages/airflow/example_dags/tutorial_dag.py
[2025-03-29T23:13:53.007+0000] {logging_mixin.py:190} INFO - [2025-03-29T23:13:53.006+0000] {override.py:1912} INFO - Created Permission View: can delete on DAG:tutorial_dag
[2025-03-29T23:13:53.033+0000] {logging_mixin.py:190} INFO - [2025-03-29T23:13:53.032+0000] {override.py:1912} INFO - Created Permission View: can edit on DAG:tutorial_dag
[2025-03-29T23:13:53.059+0000] {logging_mixin.py:190} INFO - [2025-03-29T23:13:53.059+0000] {override.py:1912} INFO - Created Permission View: can read on DAG:tutorial_dag
[2025-03-29T23:13:53.104+0000] {logging_mixin.py:190} INFO - [2025-03-29T23:13:53.103+0000] {override.py:1912} INFO - Created Permission View: can create on DAG Run:tutorial_dag
[2025-03-29T23:13:53.130+0000] {logging_mixin.py:190} INFO - [2025-03-29T23:13:53.129+0000] {override.py:1912} INFO - Created Permission View: can delete on DAG Run:tutorial_dag
[2025-03-29T23:13:53.159+0000] {logging_mixin.py:190} INFO - [2025-03-29T23:13:53.159+0000] {override.py:1912} INFO - Created Permission View: menu access on DAG Run:tutorial_dag
[2025-03-29T23:13:53.183+0000] {logging_mixin.py:190} INFO - [2025-03-29T23:13:53.179+0000] {override.py:1912} INFO - Created Permission View: can read on DAG Run:tutorial_dag
[2025-03-29T23:13:53.183+0000] {logging_mixin.py:190} INFO - [2025-03-29T23:13:53.183+0000] {dag.py:3239} INFO - Sync 1 DAGs
[2025-03-29T23:13:53.244+0000] {logging_mixin.py:190} INFO - [2025-03-29T23:13:53.243+0000] {dag.py:3262} INFO - Creating ORM DAG for tutorial_dag
[2025-03-29T23:13:53.245+0000] {logging_mixin.py:190} INFO - [2025-03-29T23:13:53.245+0000] {dag.py:4180} INFO - Setting next_dagrun for tutorial_dag to None, run_after=None
[2025-03-29T23:13:53.295+0000] {processor.py:208} INFO - Processing /home/airflow/.local/lib/python3.12/site-packages/airflow/example_dags/tutorial_dag.py took 0.820 seconds
[2025-03-29T23:14:23.827+0000] {processor.py:186} INFO - Started process (PID=173) to work on /home/airflow/.local/lib/python3.12/site-packages/airflow/example_dags/tutorial_dag.py
[2025-03-29T23:14:23.829+0000] {processor.py:914} INFO - Processing file /home/airflow/.local/lib/python3.12/site-packages/airflow/example_dags/tutorial_dag.py for tasks to queue
[2025-03-29T23:14:23.834+0000] {logging_mixin.py:190} INFO - [2025-03-29T23:14:23.833+0000] {dagbag.py:588} INFO - Filling up the DagBag from /home/airflow/.local/lib/python3.12/site-packages/airflow/example_dags/tutorial_dag.py
[2025-03-29T23:14:23.851+0000] {processor.py:925} INFO - DAG(s) 'tutorial_dag' retrieved from /home/airflow/.local/lib/python3.12/site-packages/airflow/example_dags/tutorial_dag.py
[2025-03-29T23:14:23.898+0000] {logging_mixin.py:190} INFO - [2025-03-29T23:14:23.898+0000] {dag.py:3239} INFO - Sync 1 DAGs
[2025-03-29T23:14:23.922+0000] {logging_mixin.py:190} INFO - [2025-03-29T23:14:23.922+0000] {dag.py:4180} INFO - Setting next_dagrun for tutorial_dag to None, run_after=None
[2025-03-29T23:14:23.951+0000] {processor.py:208} INFO - Processing /home/airflow/.local/lib/python3.12/site-packages/airflow/example_dags/tutorial_dag.py took 0.138 seconds
[2025-03-29T23:14:54.165+0000] {processor.py:186} INFO - Started process (PID=239) to work on /home/airflow/.local/lib/python3.12/site-packages/airflow/example_dags/tutorial_dag.py
[2025-03-29T23:14:54.167+0000] {processor.py:914} INFO - Processing file /home/airflow/.local/lib/python3.12/site-packages/airflow/example_dags/tutorial_dag.py for tasks to queue
[2025-03-29T23:14:54.175+0000] {logging_mixin.py:190} INFO - [2025-03-29T23:14:54.174+0000] {dagbag.py:588} INFO - Filling up the DagBag from /home/airflow/.local/lib/python3.12/site-packages/airflow/example_dags/tutorial_dag.py
[2025-03-29T23:14:54.202+0000] {processor.py:925} INFO - DAG(s) 'tutorial_dag' retrieved from /home/airflow/.local/lib/python3.12/site-packages/airflow/example_dags/tutorial_dag.py
[2025-03-29T23:14:54.268+0000] {logging_mixin.py:190} INFO - [2025-03-29T23:14:54.268+0000] {dag.py:3239} INFO - Sync 1 DAGs
[2025-03-29T23:14:54.294+0000] {logging_mixin.py:190} INFO - [2025-03-29T23:14:54.293+0000] {dag.py:4180} INFO - Setting next_dagrun for tutorial_dag to None, run_after=None
[2025-03-29T23:14:54.334+0000] {processor.py:208} INFO - Processing /home/airflow/.local/lib/python3.12/site-packages/airflow/example_dags/tutorial_dag.py took 0.196 seconds
[2025-03-29T23:15:27.738+0000] {processor.py:186} INFO - Started process (PID=306) to work on /home/airflow/.local/lib/python3.12/site-packages/airflow/example_dags/tutorial_dag.py
[2025-03-29T23:15:27.748+0000] {processor.py:914} INFO - Processing file /home/airflow/.local/lib/python3.12/site-packages/airflow/example_dags/tutorial_dag.py for tasks to queue
[2025-03-29T23:15:27.766+0000] {logging_mixin.py:190} INFO - [2025-03-29T23:15:27.766+0000] {dagbag.py:588} INFO - Filling up the DagBag from /home/airflow/.local/lib/python3.12/site-packages/airflow/example_dags/tutorial_dag.py
[2025-03-29T23:15:27.889+0000] {processor.py:925} INFO - DAG(s) 'tutorial_dag' retrieved from /home/airflow/.local/lib/python3.12/site-packages/airflow/example_dags/tutorial_dag.py
[2025-03-29T23:15:28.040+0000] {logging_mixin.py:190} INFO - [2025-03-29T23:15:28.037+0000] {dag.py:3239} INFO - Sync 1 DAGs
[2025-03-29T23:15:28.181+0000] {logging_mixin.py:190} INFO - [2025-03-29T23:15:28.180+0000] {dag.py:4180} INFO - Setting next_dagrun for tutorial_dag to None, run_after=None
[2025-03-29T23:15:28.339+0000] {processor.py:208} INFO - Processing /home/airflow/.local/lib/python3.12/site-packages/airflow/example_dags/tutorial_dag.py took 0.640 seconds
[2025-03-29T23:15:58.687+0000] {processor.py:186} INFO - Started process (PID=372) to work on /home/airflow/.local/lib/python3.12/site-packages/airflow/example_dags/tutorial_dag.py
[2025-03-29T23:15:58.689+0000] {processor.py:914} INFO - Processing file /home/airflow/.local/lib/python3.12/site-packages/airflow/example_dags/tutorial_dag.py for tasks to queue
[2025-03-29T23:15:58.694+0000] {logging_mixin.py:190} INFO - [2025-03-29T23:15:58.694+0000] {dagbag.py:588} INFO - Filling up the DagBag from /home/airflow/.local/lib/python3.12/site-packages/airflow/example_dags/tutorial_dag.py
[2025-03-29T23:15:58.712+0000] {processor.py:925} INFO - DAG(s) 'tutorial_dag' retrieved from /home/airflow/.local/lib/python3.12/site-packages/airflow/example_dags/tutorial_dag.py
[2025-03-29T23:15:58.770+0000] {logging_mixin.py:190} INFO - [2025-03-29T23:15:58.770+0000] {dag.py:3239} INFO - Sync 1 DAGs
[2025-03-29T23:15:58.799+0000] {logging_mixin.py:190} INFO - [2025-03-29T23:15:58.798+0000] {dag.py:4180} INFO - Setting next_dagrun for tutorial_dag to None, run_after=None
[2025-03-29T23:15:58.835+0000] {processor.py:208} INFO - Processing /home/airflow/.local/lib/python3.12/site-packages/airflow/example_dags/tutorial_dag.py took 0.170 seconds
[2025-03-29T23:16:29.791+0000] {processor.py:186} INFO - Started process (PID=439) to work on /home/airflow/.local/lib/python3.12/site-packages/airflow/example_dags/tutorial_dag.py
[2025-03-29T23:16:29.793+0000] {processor.py:914} INFO - Processing file /home/airflow/.local/lib/python3.12/site-packages/airflow/example_dags/tutorial_dag.py for tasks to queue
[2025-03-29T23:16:29.799+0000] {logging_mixin.py:190} INFO - [2025-03-29T23:16:29.798+0000] {dagbag.py:588} INFO - Filling up the DagBag from /home/airflow/.local/lib/python3.12/site-packages/airflow/example_dags/tutorial_dag.py
[2025-03-29T23:16:29.822+0000] {processor.py:925} INFO - DAG(s) 'tutorial_dag' retrieved from /home/airflow/.local/lib/python3.12/site-packages/airflow/example_dags/tutorial_dag.py
[2025-03-29T23:16:29.904+0000] {logging_mixin.py:190} INFO - [2025-03-29T23:16:29.903+0000] {dag.py:3239} INFO - Sync 1 DAGs
[2025-03-29T23:16:29.954+0000] {logging_mixin.py:190} INFO - [2025-03-29T23:16:29.954+0000] {dag.py:4180} INFO - Setting next_dagrun for tutorial_dag to None, run_after=None
[2025-03-29T23:16:29.997+0000] {processor.py:208} INFO - Processing /home/airflow/.local/lib/python3.12/site-packages/airflow/example_dags/tutorial_dag.py took 0.220 seconds
[2025-03-29T23:17:00.945+0000] {processor.py:186} INFO - Started process (PID=507) to work on /home/airflow/.local/lib/python3.12/site-packages/airflow/example_dags/tutorial_dag.py
[2025-03-29T23:17:00.948+0000] {processor.py:914} INFO - Processing file /home/airflow/.local/lib/python3.12/site-packages/airflow/example_dags/tutorial_dag.py for tasks to queue
[2025-03-29T23:17:00.954+0000] {logging_mixin.py:190} INFO - [2025-03-29T23:17:00.953+0000] {dagbag.py:588} INFO - Filling up the DagBag from /home/airflow/.local/lib/python3.12/site-packages/airflow/example_dags/tutorial_dag.py
[2025-03-29T23:17:00.976+0000] {processor.py:925} INFO - DAG(s) 'tutorial_dag' retrieved from /home/airflow/.local/lib/python3.12/site-packages/airflow/example_dags/tutorial_dag.py
[2025-03-29T23:17:01.039+0000] {logging_mixin.py:190} INFO - [2025-03-29T23:17:01.038+0000] {dag.py:3239} INFO - Sync 1 DAGs
[2025-03-29T23:17:01.086+0000] {logging_mixin.py:190} INFO - [2025-03-29T23:17:01.085+0000] {dag.py:4180} INFO - Setting next_dagrun for tutorial_dag to None, run_after=None
[2025-03-29T23:17:01.147+0000] {processor.py:208} INFO - Processing /home/airflow/.local/lib/python3.12/site-packages/airflow/example_dags/tutorial_dag.py took 0.226 seconds
[2025-03-29T23:34:25.247+0000] {processor.py:186} INFO - Started process (PID=103) to work on /home/airflow/.local/lib/python3.12/site-packages/airflow/example_dags/tutorial_dag.py
[2025-03-29T23:34:25.257+0000] {processor.py:914} INFO - Processing file /home/airflow/.local/lib/python3.12/site-packages/airflow/example_dags/tutorial_dag.py for tasks to queue
[2025-03-29T23:34:25.277+0000] {logging_mixin.py:190} INFO - [2025-03-29T23:34:25.274+0000] {dagbag.py:588} INFO - Filling up the DagBag from /home/airflow/.local/lib/python3.12/site-packages/airflow/example_dags/tutorial_dag.py
[2025-03-29T23:34:25.338+0000] {processor.py:925} INFO - DAG(s) 'tutorial_dag' retrieved from /home/airflow/.local/lib/python3.12/site-packages/airflow/example_dags/tutorial_dag.py
[2025-03-29T23:34:25.728+0000] {logging_mixin.py:190} INFO - [2025-03-29T23:34:25.724+0000] {override.py:1912} INFO - Created Permission View: can read on DAG:tutorial_dag
[2025-03-29T23:34:25.766+0000] {logging_mixin.py:190} INFO - [2025-03-29T23:34:25.764+0000] {override.py:1912} INFO - Created Permission View: can delete on DAG:tutorial_dag
[2025-03-29T23:34:25.795+0000] {logging_mixin.py:190} INFO - [2025-03-29T23:34:25.795+0000] {override.py:1912} INFO - Created Permission View: can edit on DAG:tutorial_dag
[2025-03-29T23:34:25.836+0000] {logging_mixin.py:190} INFO - [2025-03-29T23:34:25.836+0000] {override.py:1912} INFO - Created Permission View: can create on DAG Run:tutorial_dag
[2025-03-29T23:34:25.856+0000] {logging_mixin.py:190} INFO - [2025-03-29T23:34:25.855+0000] {override.py:1912} INFO - Created Permission View: menu access on DAG Run:tutorial_dag
[2025-03-29T23:34:25.872+0000] {logging_mixin.py:190} INFO - [2025-03-29T23:34:25.871+0000] {override.py:1912} INFO - Created Permission View: can read on DAG Run:tutorial_dag
[2025-03-29T23:34:25.954+0000] {logging_mixin.py:190} INFO - [2025-03-29T23:34:25.951+0000] {override.py:1912} INFO - Created Permission View: can delete on DAG Run:tutorial_dag
[2025-03-29T23:34:25.958+0000] {logging_mixin.py:190} INFO - [2025-03-29T23:34:25.957+0000] {dag.py:3239} INFO - Sync 1 DAGs
[2025-03-29T23:34:25.992+0000] {logging_mixin.py:190} INFO - [2025-03-29T23:34:25.991+0000] {dag.py:3262} INFO - Creating ORM DAG for tutorial_dag
[2025-03-29T23:34:25.993+0000] {logging_mixin.py:190} INFO - [2025-03-29T23:34:25.993+0000] {dag.py:4180} INFO - Setting next_dagrun for tutorial_dag to None, run_after=None
[2025-03-29T23:34:26.018+0000] {processor.py:208} INFO - Processing /home/airflow/.local/lib/python3.12/site-packages/airflow/example_dags/tutorial_dag.py took 0.802 seconds
[2025-03-29T23:34:56.167+0000] {processor.py:186} INFO - Started process (PID=170) to work on /home/airflow/.local/lib/python3.12/site-packages/airflow/example_dags/tutorial_dag.py
[2025-03-29T23:34:56.170+0000] {processor.py:914} INFO - Processing file /home/airflow/.local/lib/python3.12/site-packages/airflow/example_dags/tutorial_dag.py for tasks to queue
[2025-03-29T23:34:56.176+0000] {logging_mixin.py:190} INFO - [2025-03-29T23:34:56.174+0000] {dagbag.py:588} INFO - Filling up the DagBag from /home/airflow/.local/lib/python3.12/site-packages/airflow/example_dags/tutorial_dag.py
[2025-03-29T23:34:56.194+0000] {processor.py:925} INFO - DAG(s) 'tutorial_dag' retrieved from /home/airflow/.local/lib/python3.12/site-packages/airflow/example_dags/tutorial_dag.py
[2025-03-29T23:34:56.236+0000] {logging_mixin.py:190} INFO - [2025-03-29T23:34:56.236+0000] {dag.py:3239} INFO - Sync 1 DAGs
[2025-03-29T23:34:56.263+0000] {logging_mixin.py:190} INFO - [2025-03-29T23:34:56.263+0000] {dag.py:4180} INFO - Setting next_dagrun for tutorial_dag to None, run_after=None
[2025-03-29T23:34:56.293+0000] {processor.py:208} INFO - Processing /home/airflow/.local/lib/python3.12/site-packages/airflow/example_dags/tutorial_dag.py took 0.138 seconds
[2025-03-29T23:35:26.671+0000] {processor.py:186} INFO - Started process (PID=237) to work on /home/airflow/.local/lib/python3.12/site-packages/airflow/example_dags/tutorial_dag.py
[2025-03-29T23:35:26.673+0000] {processor.py:914} INFO - Processing file /home/airflow/.local/lib/python3.12/site-packages/airflow/example_dags/tutorial_dag.py for tasks to queue
[2025-03-29T23:35:26.679+0000] {logging_mixin.py:190} INFO - [2025-03-29T23:35:26.677+0000] {dagbag.py:588} INFO - Filling up the DagBag from /home/airflow/.local/lib/python3.12/site-packages/airflow/example_dags/tutorial_dag.py
[2025-03-29T23:35:26.696+0000] {processor.py:925} INFO - DAG(s) 'tutorial_dag' retrieved from /home/airflow/.local/lib/python3.12/site-packages/airflow/example_dags/tutorial_dag.py
[2025-03-29T23:35:26.757+0000] {logging_mixin.py:190} INFO - [2025-03-29T23:35:26.756+0000] {dag.py:3239} INFO - Sync 1 DAGs
[2025-03-29T23:35:26.791+0000] {logging_mixin.py:190} INFO - [2025-03-29T23:35:26.790+0000] {dag.py:4180} INFO - Setting next_dagrun for tutorial_dag to None, run_after=None
[2025-03-29T23:35:26.822+0000] {processor.py:208} INFO - Processing /home/airflow/.local/lib/python3.12/site-packages/airflow/example_dags/tutorial_dag.py took 0.166 seconds
[2025-03-29T23:35:57.879+0000] {processor.py:186} INFO - Started process (PID=304) to work on /home/airflow/.local/lib/python3.12/site-packages/airflow/example_dags/tutorial_dag.py
[2025-03-29T23:35:57.881+0000] {processor.py:914} INFO - Processing file /home/airflow/.local/lib/python3.12/site-packages/airflow/example_dags/tutorial_dag.py for tasks to queue
[2025-03-29T23:35:57.886+0000] {logging_mixin.py:190} INFO - [2025-03-29T23:35:57.886+0000] {dagbag.py:588} INFO - Filling up the DagBag from /home/airflow/.local/lib/python3.12/site-packages/airflow/example_dags/tutorial_dag.py
[2025-03-29T23:35:57.904+0000] {processor.py:925} INFO - DAG(s) 'tutorial_dag' retrieved from /home/airflow/.local/lib/python3.12/site-packages/airflow/example_dags/tutorial_dag.py
[2025-03-29T23:35:57.958+0000] {logging_mixin.py:190} INFO - [2025-03-29T23:35:57.958+0000] {dag.py:3239} INFO - Sync 1 DAGs
[2025-03-29T23:35:57.990+0000] {logging_mixin.py:190} INFO - [2025-03-29T23:35:57.989+0000] {dag.py:4180} INFO - Setting next_dagrun for tutorial_dag to None, run_after=None
[2025-03-29T23:35:58.020+0000] {processor.py:208} INFO - Processing /home/airflow/.local/lib/python3.12/site-packages/airflow/example_dags/tutorial_dag.py took 0.163 seconds
[2025-03-29T23:36:28.289+0000] {processor.py:186} INFO - Started process (PID=370) to work on /home/airflow/.local/lib/python3.12/site-packages/airflow/example_dags/tutorial_dag.py
[2025-03-29T23:36:28.291+0000] {processor.py:914} INFO - Processing file /home/airflow/.local/lib/python3.12/site-packages/airflow/example_dags/tutorial_dag.py for tasks to queue
[2025-03-29T23:36:28.296+0000] {logging_mixin.py:190} INFO - [2025-03-29T23:36:28.296+0000] {dagbag.py:588} INFO - Filling up the DagBag from /home/airflow/.local/lib/python3.12/site-packages/airflow/example_dags/tutorial_dag.py
[2025-03-29T23:36:28.314+0000] {processor.py:925} INFO - DAG(s) 'tutorial_dag' retrieved from /home/airflow/.local/lib/python3.12/site-packages/airflow/example_dags/tutorial_dag.py
[2025-03-29T23:36:28.357+0000] {logging_mixin.py:190} INFO - [2025-03-29T23:36:28.357+0000] {dag.py:3239} INFO - Sync 1 DAGs
[2025-03-29T23:36:28.384+0000] {logging_mixin.py:190} INFO - [2025-03-29T23:36:28.383+0000] {dag.py:4180} INFO - Setting next_dagrun for tutorial_dag to None, run_after=None
[2025-03-29T23:36:28.416+0000] {processor.py:208} INFO - Processing /home/airflow/.local/lib/python3.12/site-packages/airflow/example_dags/tutorial_dag.py took 0.141 seconds
[2025-03-29T23:37:00.124+0000] {processor.py:186} INFO - Started process (PID=437) to work on /home/airflow/.local/lib/python3.12/site-packages/airflow/example_dags/tutorial_dag.py
[2025-03-29T23:37:00.126+0000] {processor.py:914} INFO - Processing file /home/airflow/.local/lib/python3.12/site-packages/airflow/example_dags/tutorial_dag.py for tasks to queue
[2025-03-29T23:37:00.137+0000] {logging_mixin.py:190} INFO - [2025-03-29T23:37:00.136+0000] {dagbag.py:588} INFO - Filling up the DagBag from /home/airflow/.local/lib/python3.12/site-packages/airflow/example_dags/tutorial_dag.py
[2025-03-29T23:37:00.168+0000] {processor.py:925} INFO - DAG(s) 'tutorial_dag' retrieved from /home/airflow/.local/lib/python3.12/site-packages/airflow/example_dags/tutorial_dag.py
[2025-03-29T23:37:00.257+0000] {logging_mixin.py:190} INFO - [2025-03-29T23:37:00.256+0000] {dag.py:3239} INFO - Sync 1 DAGs
[2025-03-29T23:37:00.291+0000] {logging_mixin.py:190} INFO - [2025-03-29T23:37:00.291+0000] {dag.py:4180} INFO - Setting next_dagrun for tutorial_dag to None, run_after=None
[2025-03-29T23:37:00.353+0000] {processor.py:208} INFO - Processing /home/airflow/.local/lib/python3.12/site-packages/airflow/example_dags/tutorial_dag.py took 0.251 seconds
[2025-03-29T23:37:31.020+0000] {processor.py:186} INFO - Started process (PID=504) to work on /home/airflow/.local/lib/python3.12/site-packages/airflow/example_dags/tutorial_dag.py
[2025-03-29T23:37:31.022+0000] {processor.py:914} INFO - Processing file /home/airflow/.local/lib/python3.12/site-packages/airflow/example_dags/tutorial_dag.py for tasks to queue
[2025-03-29T23:37:31.027+0000] {logging_mixin.py:190} INFO - [2025-03-29T23:37:31.026+0000] {dagbag.py:588} INFO - Filling up the DagBag from /home/airflow/.local/lib/python3.12/site-packages/airflow/example_dags/tutorial_dag.py
[2025-03-29T23:37:31.043+0000] {processor.py:925} INFO - DAG(s) 'tutorial_dag' retrieved from /home/airflow/.local/lib/python3.12/site-packages/airflow/example_dags/tutorial_dag.py
[2025-03-29T23:37:31.082+0000] {logging_mixin.py:190} INFO - [2025-03-29T23:37:31.082+0000] {dag.py:3239} INFO - Sync 1 DAGs
[2025-03-29T23:37:31.112+0000] {logging_mixin.py:190} INFO - [2025-03-29T23:37:31.112+0000] {dag.py:4180} INFO - Setting next_dagrun for tutorial_dag to None, run_after=None
[2025-03-29T23:37:31.141+0000] {processor.py:208} INFO - Processing /home/airflow/.local/lib/python3.12/site-packages/airflow/example_dags/tutorial_dag.py took 0.134 seconds
[2025-03-29T23:38:03.256+0000] {processor.py:186} INFO - Started process (PID=570) to work on /home/airflow/.local/lib/python3.12/site-packages/airflow/example_dags/tutorial_dag.py
[2025-03-29T23:38:03.259+0000] {processor.py:914} INFO - Processing file /home/airflow/.local/lib/python3.12/site-packages/airflow/example_dags/tutorial_dag.py for tasks to queue
[2025-03-29T23:38:03.265+0000] {logging_mixin.py:190} INFO - [2025-03-29T23:38:03.265+0000] {dagbag.py:588} INFO - Filling up the DagBag from /home/airflow/.local/lib/python3.12/site-packages/airflow/example_dags/tutorial_dag.py
[2025-03-29T23:38:03.286+0000] {processor.py:925} INFO - DAG(s) 'tutorial_dag' retrieved from /home/airflow/.local/lib/python3.12/site-packages/airflow/example_dags/tutorial_dag.py
[2025-03-29T23:38:03.348+0000] {logging_mixin.py:190} INFO - [2025-03-29T23:38:03.348+0000] {dag.py:3239} INFO - Sync 1 DAGs
[2025-03-29T23:38:03.382+0000] {logging_mixin.py:190} INFO - [2025-03-29T23:38:03.382+0000] {dag.py:4180} INFO - Setting next_dagrun for tutorial_dag to None, run_after=None
[2025-03-29T23:38:03.422+0000] {processor.py:208} INFO - Processing /home/airflow/.local/lib/python3.12/site-packages/airflow/example_dags/tutorial_dag.py took 0.180 seconds
[2025-03-29T23:38:34.953+0000] {processor.py:186} INFO - Started process (PID=637) to work on /home/airflow/.local/lib/python3.12/site-packages/airflow/example_dags/tutorial_dag.py
[2025-03-29T23:38:34.955+0000] {processor.py:914} INFO - Processing file /home/airflow/.local/lib/python3.12/site-packages/airflow/example_dags/tutorial_dag.py for tasks to queue
[2025-03-29T23:38:34.960+0000] {logging_mixin.py:190} INFO - [2025-03-29T23:38:34.959+0000] {dagbag.py:588} INFO - Filling up the DagBag from /home/airflow/.local/lib/python3.12/site-packages/airflow/example_dags/tutorial_dag.py
[2025-03-29T23:38:34.977+0000] {processor.py:925} INFO - DAG(s) 'tutorial_dag' retrieved from /home/airflow/.local/lib/python3.12/site-packages/airflow/example_dags/tutorial_dag.py
[2025-03-29T23:38:35.016+0000] {logging_mixin.py:190} INFO - [2025-03-29T23:38:35.015+0000] {dag.py:3239} INFO - Sync 1 DAGs
[2025-03-29T23:38:35.042+0000] {logging_mixin.py:190} INFO - [2025-03-29T23:38:35.042+0000] {dag.py:4180} INFO - Setting next_dagrun for tutorial_dag to None, run_after=None
[2025-03-29T23:38:35.074+0000] {processor.py:208} INFO - Processing /home/airflow/.local/lib/python3.12/site-packages/airflow/example_dags/tutorial_dag.py took 0.137 seconds
[2025-03-29T23:39:06.820+0000] {processor.py:186} INFO - Started process (PID=704) to work on /home/airflow/.local/lib/python3.12/site-packages/airflow/example_dags/tutorial_dag.py
[2025-03-29T23:39:06.823+0000] {processor.py:914} INFO - Processing file /home/airflow/.local/lib/python3.12/site-packages/airflow/example_dags/tutorial_dag.py for tasks to queue
[2025-03-29T23:39:06.827+0000] {logging_mixin.py:190} INFO - [2025-03-29T23:39:06.827+0000] {dagbag.py:588} INFO - Filling up the DagBag from /home/airflow/.local/lib/python3.12/site-packages/airflow/example_dags/tutorial_dag.py
[2025-03-29T23:39:06.845+0000] {processor.py:925} INFO - DAG(s) 'tutorial_dag' retrieved from /home/airflow/.local/lib/python3.12/site-packages/airflow/example_dags/tutorial_dag.py
[2025-03-29T23:39:06.889+0000] {logging_mixin.py:190} INFO - [2025-03-29T23:39:06.889+0000] {dag.py:3239} INFO - Sync 1 DAGs
[2025-03-29T23:39:06.915+0000] {logging_mixin.py:190} INFO - [2025-03-29T23:39:06.914+0000] {dag.py:4180} INFO - Setting next_dagrun for tutorial_dag to None, run_after=None
[2025-03-29T23:39:06.943+0000] {processor.py:208} INFO - Processing /home/airflow/.local/lib/python3.12/site-packages/airflow/example_dags/tutorial_dag.py took 0.137 seconds
[2025-03-29T23:39:39.159+0000] {processor.py:186} INFO - Started process (PID=771) to work on /home/airflow/.local/lib/python3.12/site-packages/airflow/example_dags/tutorial_dag.py
[2025-03-29T23:39:39.162+0000] {processor.py:914} INFO - Processing file /home/airflow/.local/lib/python3.12/site-packages/airflow/example_dags/tutorial_dag.py for tasks to queue
[2025-03-29T23:39:39.167+0000] {logging_mixin.py:190} INFO - [2025-03-29T23:39:39.166+0000] {dagbag.py:588} INFO - Filling up the DagBag from /home/airflow/.local/lib/python3.12/site-packages/airflow/example_dags/tutorial_dag.py
[2025-03-29T23:39:39.184+0000] {processor.py:925} INFO - DAG(s) 'tutorial_dag' retrieved from /home/airflow/.local/lib/python3.12/site-packages/airflow/example_dags/tutorial_dag.py
[2025-03-29T23:39:39.229+0000] {logging_mixin.py:190} INFO - [2025-03-29T23:39:39.228+0000] {dag.py:3239} INFO - Sync 1 DAGs
[2025-03-29T23:39:39.256+0000] {logging_mixin.py:190} INFO - [2025-03-29T23:39:39.255+0000] {dag.py:4180} INFO - Setting next_dagrun for tutorial_dag to None, run_after=None
[2025-03-29T23:39:39.287+0000] {processor.py:208} INFO - Processing /home/airflow/.local/lib/python3.12/site-packages/airflow/example_dags/tutorial_dag.py took 0.141 seconds
[2025-03-29T23:40:10.393+0000] {processor.py:186} INFO - Started process (PID=838) to work on /home/airflow/.local/lib/python3.12/site-packages/airflow/example_dags/tutorial_dag.py
[2025-03-29T23:40:10.396+0000] {processor.py:914} INFO - Processing file /home/airflow/.local/lib/python3.12/site-packages/airflow/example_dags/tutorial_dag.py for tasks to queue
[2025-03-29T23:40:10.403+0000] {logging_mixin.py:190} INFO - [2025-03-29T23:40:10.402+0000] {dagbag.py:588} INFO - Filling up the DagBag from /home/airflow/.local/lib/python3.12/site-packages/airflow/example_dags/tutorial_dag.py
[2025-03-29T23:40:10.424+0000] {processor.py:925} INFO - DAG(s) 'tutorial_dag' retrieved from /home/airflow/.local/lib/python3.12/site-packages/airflow/example_dags/tutorial_dag.py
[2025-03-29T23:40:10.474+0000] {logging_mixin.py:190} INFO - [2025-03-29T23:40:10.474+0000] {dag.py:3239} INFO - Sync 1 DAGs
[2025-03-29T23:40:10.502+0000] {logging_mixin.py:190} INFO - [2025-03-29T23:40:10.502+0000] {dag.py:4180} INFO - Setting next_dagrun for tutorial_dag to None, run_after=None
[2025-03-29T23:40:10.542+0000] {processor.py:208} INFO - Processing /home/airflow/.local/lib/python3.12/site-packages/airflow/example_dags/tutorial_dag.py took 0.169 seconds
[2025-03-29T23:40:43.791+0000] {processor.py:186} INFO - Started process (PID=905) to work on /home/airflow/.local/lib/python3.12/site-packages/airflow/example_dags/tutorial_dag.py
[2025-03-29T23:40:43.793+0000] {processor.py:914} INFO - Processing file /home/airflow/.local/lib/python3.12/site-packages/airflow/example_dags/tutorial_dag.py for tasks to queue
[2025-03-29T23:40:43.798+0000] {logging_mixin.py:190} INFO - [2025-03-29T23:40:43.797+0000] {dagbag.py:588} INFO - Filling up the DagBag from /home/airflow/.local/lib/python3.12/site-packages/airflow/example_dags/tutorial_dag.py
[2025-03-29T23:40:43.816+0000] {processor.py:925} INFO - DAG(s) 'tutorial_dag' retrieved from /home/airflow/.local/lib/python3.12/site-packages/airflow/example_dags/tutorial_dag.py
[2025-03-29T23:40:43.860+0000] {logging_mixin.py:190} INFO - [2025-03-29T23:40:43.860+0000] {dag.py:3239} INFO - Sync 1 DAGs
[2025-03-29T23:40:43.888+0000] {logging_mixin.py:190} INFO - [2025-03-29T23:40:43.888+0000] {dag.py:4180} INFO - Setting next_dagrun for tutorial_dag to None, run_after=None
[2025-03-29T23:40:43.927+0000] {processor.py:208} INFO - Processing /home/airflow/.local/lib/python3.12/site-packages/airflow/example_dags/tutorial_dag.py took 0.150 seconds
[2025-03-29T23:41:16.929+0000] {processor.py:186} INFO - Started process (PID=977) to work on /home/airflow/.local/lib/python3.12/site-packages/airflow/example_dags/tutorial_dag.py
[2025-03-29T23:41:16.932+0000] {processor.py:914} INFO - Processing file /home/airflow/.local/lib/python3.12/site-packages/airflow/example_dags/tutorial_dag.py for tasks to queue
[2025-03-29T23:41:16.938+0000] {logging_mixin.py:190} INFO - [2025-03-29T23:41:16.937+0000] {dagbag.py:588} INFO - Filling up the DagBag from /home/airflow/.local/lib/python3.12/site-packages/airflow/example_dags/tutorial_dag.py
[2025-03-29T23:41:16.966+0000] {processor.py:925} INFO - DAG(s) 'tutorial_dag' retrieved from /home/airflow/.local/lib/python3.12/site-packages/airflow/example_dags/tutorial_dag.py
[2025-03-29T23:41:17.030+0000] {logging_mixin.py:190} INFO - [2025-03-29T23:41:17.030+0000] {dag.py:3239} INFO - Sync 1 DAGs
[2025-03-29T23:41:17.071+0000] {logging_mixin.py:190} INFO - [2025-03-29T23:41:17.070+0000] {dag.py:4180} INFO - Setting next_dagrun for tutorial_dag to None, run_after=None
[2025-03-29T23:41:17.114+0000] {processor.py:208} INFO - Processing /home/airflow/.local/lib/python3.12/site-packages/airflow/example_dags/tutorial_dag.py took 0.207 seconds
[2025-03-29T23:41:47.479+0000] {processor.py:186} INFO - Started process (PID=1044) to work on /home/airflow/.local/lib/python3.12/site-packages/airflow/example_dags/tutorial_dag.py
[2025-03-29T23:41:47.481+0000] {processor.py:914} INFO - Processing file /home/airflow/.local/lib/python3.12/site-packages/airflow/example_dags/tutorial_dag.py for tasks to queue
[2025-03-29T23:41:47.486+0000] {logging_mixin.py:190} INFO - [2025-03-29T23:41:47.485+0000] {dagbag.py:588} INFO - Filling up the DagBag from /home/airflow/.local/lib/python3.12/site-packages/airflow/example_dags/tutorial_dag.py
[2025-03-29T23:41:47.507+0000] {processor.py:925} INFO - DAG(s) 'tutorial_dag' retrieved from /home/airflow/.local/lib/python3.12/site-packages/airflow/example_dags/tutorial_dag.py
[2025-03-29T23:41:47.551+0000] {logging_mixin.py:190} INFO - [2025-03-29T23:41:47.551+0000] {dag.py:3239} INFO - Sync 1 DAGs
[2025-03-29T23:41:47.580+0000] {logging_mixin.py:190} INFO - [2025-03-29T23:41:47.579+0000] {dag.py:4180} INFO - Setting next_dagrun for tutorial_dag to None, run_after=None
[2025-03-29T23:41:47.616+0000] {processor.py:208} INFO - Processing /home/airflow/.local/lib/python3.12/site-packages/airflow/example_dags/tutorial_dag.py took 0.155 seconds
[2025-03-29T23:42:19.073+0000] {processor.py:186} INFO - Started process (PID=1111) to work on /home/airflow/.local/lib/python3.12/site-packages/airflow/example_dags/tutorial_dag.py
[2025-03-29T23:42:19.076+0000] {processor.py:914} INFO - Processing file /home/airflow/.local/lib/python3.12/site-packages/airflow/example_dags/tutorial_dag.py for tasks to queue
[2025-03-29T23:42:19.081+0000] {logging_mixin.py:190} INFO - [2025-03-29T23:42:19.080+0000] {dagbag.py:588} INFO - Filling up the DagBag from /home/airflow/.local/lib/python3.12/site-packages/airflow/example_dags/tutorial_dag.py
[2025-03-29T23:42:19.101+0000] {processor.py:925} INFO - DAG(s) 'tutorial_dag' retrieved from /home/airflow/.local/lib/python3.12/site-packages/airflow/example_dags/tutorial_dag.py
[2025-03-29T23:42:19.143+0000] {logging_mixin.py:190} INFO - [2025-03-29T23:42:19.142+0000] {dag.py:3239} INFO - Sync 1 DAGs
[2025-03-29T23:42:19.168+0000] {logging_mixin.py:190} INFO - [2025-03-29T23:42:19.168+0000] {dag.py:4180} INFO - Setting next_dagrun for tutorial_dag to None, run_after=None
[2025-03-29T23:42:19.200+0000] {processor.py:208} INFO - Processing /home/airflow/.local/lib/python3.12/site-packages/airflow/example_dags/tutorial_dag.py took 0.144 seconds
[2025-03-29T23:42:50.538+0000] {processor.py:186} INFO - Started process (PID=1178) to work on /home/airflow/.local/lib/python3.12/site-packages/airflow/example_dags/tutorial_dag.py
[2025-03-29T23:42:50.540+0000] {processor.py:914} INFO - Processing file /home/airflow/.local/lib/python3.12/site-packages/airflow/example_dags/tutorial_dag.py for tasks to queue
[2025-03-29T23:42:50.544+0000] {logging_mixin.py:190} INFO - [2025-03-29T23:42:50.544+0000] {dagbag.py:588} INFO - Filling up the DagBag from /home/airflow/.local/lib/python3.12/site-packages/airflow/example_dags/tutorial_dag.py
[2025-03-29T23:42:50.561+0000] {processor.py:925} INFO - DAG(s) 'tutorial_dag' retrieved from /home/airflow/.local/lib/python3.12/site-packages/airflow/example_dags/tutorial_dag.py
[2025-03-29T23:42:50.608+0000] {logging_mixin.py:190} INFO - [2025-03-29T23:42:50.607+0000] {dag.py:3239} INFO - Sync 1 DAGs
[2025-03-29T23:42:50.639+0000] {logging_mixin.py:190} INFO - [2025-03-29T23:42:50.639+0000] {dag.py:4180} INFO - Setting next_dagrun for tutorial_dag to None, run_after=None
[2025-03-29T23:42:50.674+0000] {processor.py:208} INFO - Processing /home/airflow/.local/lib/python3.12/site-packages/airflow/example_dags/tutorial_dag.py took 0.151 seconds
[2025-03-29T23:43:22.740+0000] {processor.py:186} INFO - Started process (PID=1246) to work on /home/airflow/.local/lib/python3.12/site-packages/airflow/example_dags/tutorial_dag.py
[2025-03-29T23:43:22.742+0000] {processor.py:914} INFO - Processing file /home/airflow/.local/lib/python3.12/site-packages/airflow/example_dags/tutorial_dag.py for tasks to queue
[2025-03-29T23:43:22.747+0000] {logging_mixin.py:190} INFO - [2025-03-29T23:43:22.746+0000] {dagbag.py:588} INFO - Filling up the DagBag from /home/airflow/.local/lib/python3.12/site-packages/airflow/example_dags/tutorial_dag.py
[2025-03-29T23:43:22.765+0000] {processor.py:925} INFO - DAG(s) 'tutorial_dag' retrieved from /home/airflow/.local/lib/python3.12/site-packages/airflow/example_dags/tutorial_dag.py
[2025-03-29T23:43:22.806+0000] {logging_mixin.py:190} INFO - [2025-03-29T23:43:22.806+0000] {dag.py:3239} INFO - Sync 1 DAGs
[2025-03-29T23:43:22.832+0000] {logging_mixin.py:190} INFO - [2025-03-29T23:43:22.831+0000] {dag.py:4180} INFO - Setting next_dagrun for tutorial_dag to None, run_after=None
[2025-03-29T23:43:22.870+0000] {processor.py:208} INFO - Processing /home/airflow/.local/lib/python3.12/site-packages/airflow/example_dags/tutorial_dag.py took 0.144 seconds
[2025-03-29T23:43:54.433+0000] {processor.py:186} INFO - Started process (PID=1312) to work on /home/airflow/.local/lib/python3.12/site-packages/airflow/example_dags/tutorial_dag.py
[2025-03-29T23:43:54.435+0000] {processor.py:914} INFO - Processing file /home/airflow/.local/lib/python3.12/site-packages/airflow/example_dags/tutorial_dag.py for tasks to queue
[2025-03-29T23:43:54.442+0000] {logging_mixin.py:190} INFO - [2025-03-29T23:43:54.440+0000] {dagbag.py:588} INFO - Filling up the DagBag from /home/airflow/.local/lib/python3.12/site-packages/airflow/example_dags/tutorial_dag.py
[2025-03-29T23:43:54.466+0000] {processor.py:925} INFO - DAG(s) 'tutorial_dag' retrieved from /home/airflow/.local/lib/python3.12/site-packages/airflow/example_dags/tutorial_dag.py
[2025-03-29T23:43:54.506+0000] {logging_mixin.py:190} INFO - [2025-03-29T23:43:54.505+0000] {dag.py:3239} INFO - Sync 1 DAGs
[2025-03-29T23:43:54.531+0000] {logging_mixin.py:190} INFO - [2025-03-29T23:43:54.531+0000] {dag.py:4180} INFO - Setting next_dagrun for tutorial_dag to None, run_after=None
[2025-03-29T23:43:54.572+0000] {processor.py:208} INFO - Processing /home/airflow/.local/lib/python3.12/site-packages/airflow/example_dags/tutorial_dag.py took 0.152 seconds
[2025-03-29T23:44:28.527+0000] {processor.py:186} INFO - Started process (PID=1382) to work on /home/airflow/.local/lib/python3.12/site-packages/airflow/example_dags/tutorial_dag.py
[2025-03-29T23:44:28.529+0000] {processor.py:914} INFO - Processing file /home/airflow/.local/lib/python3.12/site-packages/airflow/example_dags/tutorial_dag.py for tasks to queue
[2025-03-29T23:44:28.534+0000] {logging_mixin.py:190} INFO - [2025-03-29T23:44:28.533+0000] {dagbag.py:588} INFO - Filling up the DagBag from /home/airflow/.local/lib/python3.12/site-packages/airflow/example_dags/tutorial_dag.py
[2025-03-29T23:44:28.551+0000] {processor.py:925} INFO - DAG(s) 'tutorial_dag' retrieved from /home/airflow/.local/lib/python3.12/site-packages/airflow/example_dags/tutorial_dag.py
[2025-03-29T23:44:28.607+0000] {logging_mixin.py:190} INFO - [2025-03-29T23:44:28.606+0000] {dag.py:3239} INFO - Sync 1 DAGs
[2025-03-29T23:44:28.635+0000] {logging_mixin.py:190} INFO - [2025-03-29T23:44:28.635+0000] {dag.py:4180} INFO - Setting next_dagrun for tutorial_dag to None, run_after=None
[2025-03-29T23:44:28.670+0000] {processor.py:208} INFO - Processing /home/airflow/.local/lib/python3.12/site-packages/airflow/example_dags/tutorial_dag.py took 0.156 seconds
[2025-03-29T23:45:03.734+0000] {processor.py:186} INFO - Started process (PID=1449) to work on /home/airflow/.local/lib/python3.12/site-packages/airflow/example_dags/tutorial_dag.py
[2025-03-29T23:45:03.741+0000] {processor.py:914} INFO - Processing file /home/airflow/.local/lib/python3.12/site-packages/airflow/example_dags/tutorial_dag.py for tasks to queue
[2025-03-29T23:45:03.748+0000] {logging_mixin.py:190} INFO - [2025-03-29T23:45:03.748+0000] {dagbag.py:588} INFO - Filling up the DagBag from /home/airflow/.local/lib/python3.12/site-packages/airflow/example_dags/tutorial_dag.py
[2025-03-29T23:45:03.817+0000] {processor.py:925} INFO - DAG(s) 'tutorial_dag' retrieved from /home/airflow/.local/lib/python3.12/site-packages/airflow/example_dags/tutorial_dag.py
[2025-03-29T23:45:03.965+0000] {logging_mixin.py:190} INFO - [2025-03-29T23:45:03.964+0000] {dag.py:3239} INFO - Sync 1 DAGs
[2025-03-29T23:45:04.057+0000] {logging_mixin.py:190} INFO - [2025-03-29T23:45:04.056+0000] {dag.py:4180} INFO - Setting next_dagrun for tutorial_dag to None, run_after=None
[2025-03-29T23:45:04.163+0000] {processor.py:208} INFO - Processing /home/airflow/.local/lib/python3.12/site-packages/airflow/example_dags/tutorial_dag.py took 0.465 seconds
[2025-03-29T23:45:34.684+0000] {processor.py:186} INFO - Started process (PID=1516) to work on /home/airflow/.local/lib/python3.12/site-packages/airflow/example_dags/tutorial_dag.py
[2025-03-29T23:45:34.687+0000] {processor.py:914} INFO - Processing file /home/airflow/.local/lib/python3.12/site-packages/airflow/example_dags/tutorial_dag.py for tasks to queue
[2025-03-29T23:45:34.692+0000] {logging_mixin.py:190} INFO - [2025-03-29T23:45:34.691+0000] {dagbag.py:588} INFO - Filling up the DagBag from /home/airflow/.local/lib/python3.12/site-packages/airflow/example_dags/tutorial_dag.py
[2025-03-29T23:45:34.713+0000] {processor.py:925} INFO - DAG(s) 'tutorial_dag' retrieved from /home/airflow/.local/lib/python3.12/site-packages/airflow/example_dags/tutorial_dag.py
[2025-03-29T23:45:34.756+0000] {logging_mixin.py:190} INFO - [2025-03-29T23:45:34.755+0000] {dag.py:3239} INFO - Sync 1 DAGs
[2025-03-29T23:45:34.782+0000] {logging_mixin.py:190} INFO - [2025-03-29T23:45:34.782+0000] {dag.py:4180} INFO - Setting next_dagrun for tutorial_dag to None, run_after=None
[2025-03-29T23:45:34.818+0000] {processor.py:208} INFO - Processing /home/airflow/.local/lib/python3.12/site-packages/airflow/example_dags/tutorial_dag.py took 0.161 seconds
[2025-03-29T23:46:05.956+0000] {processor.py:186} INFO - Started process (PID=1583) to work on /home/airflow/.local/lib/python3.12/site-packages/airflow/example_dags/tutorial_dag.py
[2025-03-29T23:46:05.958+0000] {processor.py:914} INFO - Processing file /home/airflow/.local/lib/python3.12/site-packages/airflow/example_dags/tutorial_dag.py for tasks to queue
[2025-03-29T23:46:05.966+0000] {logging_mixin.py:190} INFO - [2025-03-29T23:46:05.965+0000] {dagbag.py:588} INFO - Filling up the DagBag from /home/airflow/.local/lib/python3.12/site-packages/airflow/example_dags/tutorial_dag.py
[2025-03-29T23:46:05.994+0000] {processor.py:925} INFO - DAG(s) 'tutorial_dag' retrieved from /home/airflow/.local/lib/python3.12/site-packages/airflow/example_dags/tutorial_dag.py
[2025-03-29T23:46:06.051+0000] {logging_mixin.py:190} INFO - [2025-03-29T23:46:06.050+0000] {dag.py:3239} INFO - Sync 1 DAGs
[2025-03-29T23:46:06.086+0000] {logging_mixin.py:190} INFO - [2025-03-29T23:46:06.085+0000] {dag.py:4180} INFO - Setting next_dagrun for tutorial_dag to None, run_after=None
[2025-03-29T23:46:06.153+0000] {processor.py:208} INFO - Processing /home/airflow/.local/lib/python3.12/site-packages/airflow/example_dags/tutorial_dag.py took 0.223 seconds
[2025-03-29T23:46:38.094+0000] {processor.py:186} INFO - Started process (PID=1650) to work on /home/airflow/.local/lib/python3.12/site-packages/airflow/example_dags/tutorial_dag.py
[2025-03-29T23:46:38.096+0000] {processor.py:914} INFO - Processing file /home/airflow/.local/lib/python3.12/site-packages/airflow/example_dags/tutorial_dag.py for tasks to queue
[2025-03-29T23:46:38.104+0000] {logging_mixin.py:190} INFO - [2025-03-29T23:46:38.102+0000] {dagbag.py:588} INFO - Filling up the DagBag from /home/airflow/.local/lib/python3.12/site-packages/airflow/example_dags/tutorial_dag.py
[2025-03-29T23:46:38.138+0000] {processor.py:925} INFO - DAG(s) 'tutorial_dag' retrieved from /home/airflow/.local/lib/python3.12/site-packages/airflow/example_dags/tutorial_dag.py
[2025-03-29T23:46:38.232+0000] {logging_mixin.py:190} INFO - [2025-03-29T23:46:38.231+0000] {dag.py:3239} INFO - Sync 1 DAGs
[2025-03-29T23:46:38.273+0000] {logging_mixin.py:190} INFO - [2025-03-29T23:46:38.273+0000] {dag.py:4180} INFO - Setting next_dagrun for tutorial_dag to None, run_after=None
[2025-03-29T23:46:38.306+0000] {processor.py:208} INFO - Processing /home/airflow/.local/lib/python3.12/site-packages/airflow/example_dags/tutorial_dag.py took 0.231 seconds
[2025-03-29T23:47:09.160+0000] {processor.py:186} INFO - Started process (PID=1717) to work on /home/airflow/.local/lib/python3.12/site-packages/airflow/example_dags/tutorial_dag.py
[2025-03-29T23:47:09.162+0000] {processor.py:914} INFO - Processing file /home/airflow/.local/lib/python3.12/site-packages/airflow/example_dags/tutorial_dag.py for tasks to queue
[2025-03-29T23:47:09.167+0000] {logging_mixin.py:190} INFO - [2025-03-29T23:47:09.167+0000] {dagbag.py:588} INFO - Filling up the DagBag from /home/airflow/.local/lib/python3.12/site-packages/airflow/example_dags/tutorial_dag.py
[2025-03-29T23:47:09.185+0000] {processor.py:925} INFO - DAG(s) 'tutorial_dag' retrieved from /home/airflow/.local/lib/python3.12/site-packages/airflow/example_dags/tutorial_dag.py
[2025-03-29T23:47:09.227+0000] {logging_mixin.py:190} INFO - [2025-03-29T23:47:09.226+0000] {dag.py:3239} INFO - Sync 1 DAGs
[2025-03-29T23:47:09.251+0000] {logging_mixin.py:190} INFO - [2025-03-29T23:47:09.251+0000] {dag.py:4180} INFO - Setting next_dagrun for tutorial_dag to None, run_after=None
[2025-03-29T23:47:09.281+0000] {processor.py:208} INFO - Processing /home/airflow/.local/lib/python3.12/site-packages/airflow/example_dags/tutorial_dag.py took 0.139 seconds
[2025-03-29T23:47:41.997+0000] {processor.py:186} INFO - Started process (PID=1787) to work on /home/airflow/.local/lib/python3.12/site-packages/airflow/example_dags/tutorial_dag.py
[2025-03-29T23:47:41.999+0000] {processor.py:914} INFO - Processing file /home/airflow/.local/lib/python3.12/site-packages/airflow/example_dags/tutorial_dag.py for tasks to queue
[2025-03-29T23:47:42.004+0000] {logging_mixin.py:190} INFO - [2025-03-29T23:47:42.003+0000] {dagbag.py:588} INFO - Filling up the DagBag from /home/airflow/.local/lib/python3.12/site-packages/airflow/example_dags/tutorial_dag.py
[2025-03-29T23:47:42.021+0000] {processor.py:925} INFO - DAG(s) 'tutorial_dag' retrieved from /home/airflow/.local/lib/python3.12/site-packages/airflow/example_dags/tutorial_dag.py
[2025-03-29T23:47:42.061+0000] {logging_mixin.py:190} INFO - [2025-03-29T23:47:42.060+0000] {dag.py:3239} INFO - Sync 1 DAGs
[2025-03-29T23:47:42.089+0000] {logging_mixin.py:190} INFO - [2025-03-29T23:47:42.088+0000] {dag.py:4180} INFO - Setting next_dagrun for tutorial_dag to None, run_after=None
[2025-03-29T23:47:42.120+0000] {processor.py:208} INFO - Processing /home/airflow/.local/lib/python3.12/site-packages/airflow/example_dags/tutorial_dag.py took 0.141 seconds
[2025-03-29T23:48:16.364+0000] {processor.py:186} INFO - Started process (PID=1862) to work on /home/airflow/.local/lib/python3.12/site-packages/airflow/example_dags/tutorial_dag.py
[2025-03-29T23:48:16.368+0000] {processor.py:914} INFO - Processing file /home/airflow/.local/lib/python3.12/site-packages/airflow/example_dags/tutorial_dag.py for tasks to queue
[2025-03-29T23:48:16.374+0000] {logging_mixin.py:190} INFO - [2025-03-29T23:48:16.373+0000] {dagbag.py:588} INFO - Filling up the DagBag from /home/airflow/.local/lib/python3.12/site-packages/airflow/example_dags/tutorial_dag.py
[2025-03-29T23:48:16.393+0000] {processor.py:925} INFO - DAG(s) 'tutorial_dag' retrieved from /home/airflow/.local/lib/python3.12/site-packages/airflow/example_dags/tutorial_dag.py
[2025-03-29T23:48:16.444+0000] {logging_mixin.py:190} INFO - [2025-03-29T23:48:16.444+0000] {dag.py:3239} INFO - Sync 1 DAGs
[2025-03-29T23:48:16.473+0000] {logging_mixin.py:190} INFO - [2025-03-29T23:48:16.473+0000] {dag.py:4180} INFO - Setting next_dagrun for tutorial_dag to None, run_after=None
[2025-03-29T23:48:16.502+0000] {processor.py:208} INFO - Processing /home/airflow/.local/lib/python3.12/site-packages/airflow/example_dags/tutorial_dag.py took 0.156 seconds
[2025-03-29T23:48:50.938+0000] {processor.py:186} INFO - Started process (PID=1937) to work on /home/airflow/.local/lib/python3.12/site-packages/airflow/example_dags/tutorial_dag.py
[2025-03-29T23:48:50.940+0000] {processor.py:914} INFO - Processing file /home/airflow/.local/lib/python3.12/site-packages/airflow/example_dags/tutorial_dag.py for tasks to queue
[2025-03-29T23:48:50.946+0000] {logging_mixin.py:190} INFO - [2025-03-29T23:48:50.945+0000] {dagbag.py:588} INFO - Filling up the DagBag from /home/airflow/.local/lib/python3.12/site-packages/airflow/example_dags/tutorial_dag.py
[2025-03-29T23:48:50.969+0000] {processor.py:925} INFO - DAG(s) 'tutorial_dag' retrieved from /home/airflow/.local/lib/python3.12/site-packages/airflow/example_dags/tutorial_dag.py
[2025-03-29T23:48:51.025+0000] {logging_mixin.py:190} INFO - [2025-03-29T23:48:51.025+0000] {dag.py:3239} INFO - Sync 1 DAGs
[2025-03-29T23:48:51.060+0000] {logging_mixin.py:190} INFO - [2025-03-29T23:48:51.059+0000] {dag.py:4180} INFO - Setting next_dagrun for tutorial_dag to None, run_after=None
[2025-03-29T23:48:51.099+0000] {processor.py:208} INFO - Processing /home/airflow/.local/lib/python3.12/site-packages/airflow/example_dags/tutorial_dag.py took 0.175 seconds
[2025-03-29T23:49:25.156+0000] {processor.py:186} INFO - Started process (PID=2004) to work on /home/airflow/.local/lib/python3.12/site-packages/airflow/example_dags/tutorial_dag.py
[2025-03-29T23:49:25.159+0000] {processor.py:914} INFO - Processing file /home/airflow/.local/lib/python3.12/site-packages/airflow/example_dags/tutorial_dag.py for tasks to queue
[2025-03-29T23:49:25.173+0000] {logging_mixin.py:190} INFO - [2025-03-29T23:49:25.172+0000] {dagbag.py:588} INFO - Filling up the DagBag from /home/airflow/.local/lib/python3.12/site-packages/airflow/example_dags/tutorial_dag.py
[2025-03-29T23:49:25.248+0000] {processor.py:925} INFO - DAG(s) 'tutorial_dag' retrieved from /home/airflow/.local/lib/python3.12/site-packages/airflow/example_dags/tutorial_dag.py
[2025-03-29T23:49:25.327+0000] {logging_mixin.py:190} INFO - [2025-03-29T23:49:25.326+0000] {dag.py:3239} INFO - Sync 1 DAGs
[2025-03-29T23:49:25.387+0000] {logging_mixin.py:190} INFO - [2025-03-29T23:49:25.386+0000] {dag.py:4180} INFO - Setting next_dagrun for tutorial_dag to None, run_after=None
[2025-03-29T23:49:25.437+0000] {processor.py:208} INFO - Processing /home/airflow/.local/lib/python3.12/site-packages/airflow/example_dags/tutorial_dag.py took 0.307 seconds
[2025-03-29T23:49:55.693+0000] {processor.py:186} INFO - Started process (PID=2071) to work on /home/airflow/.local/lib/python3.12/site-packages/airflow/example_dags/tutorial_dag.py
[2025-03-29T23:49:55.699+0000] {processor.py:914} INFO - Processing file /home/airflow/.local/lib/python3.12/site-packages/airflow/example_dags/tutorial_dag.py for tasks to queue
[2025-03-29T23:49:55.720+0000] {logging_mixin.py:190} INFO - [2025-03-29T23:49:55.712+0000] {dagbag.py:588} INFO - Filling up the DagBag from /home/airflow/.local/lib/python3.12/site-packages/airflow/example_dags/tutorial_dag.py
[2025-03-29T23:49:55.780+0000] {processor.py:925} INFO - DAG(s) 'tutorial_dag' retrieved from /home/airflow/.local/lib/python3.12/site-packages/airflow/example_dags/tutorial_dag.py
[2025-03-29T23:49:55.874+0000] {logging_mixin.py:190} INFO - [2025-03-29T23:49:55.873+0000] {dag.py:3239} INFO - Sync 1 DAGs
[2025-03-29T23:49:55.911+0000] {logging_mixin.py:190} INFO - [2025-03-29T23:49:55.907+0000] {dag.py:4180} INFO - Setting next_dagrun for tutorial_dag to None, run_after=None
[2025-03-29T23:49:55.964+0000] {processor.py:208} INFO - Processing /home/airflow/.local/lib/python3.12/site-packages/airflow/example_dags/tutorial_dag.py took 0.296 seconds
[2025-03-29T23:50:26.423+0000] {processor.py:186} INFO - Started process (PID=2138) to work on /home/airflow/.local/lib/python3.12/site-packages/airflow/example_dags/tutorial_dag.py
[2025-03-29T23:50:26.425+0000] {processor.py:914} INFO - Processing file /home/airflow/.local/lib/python3.12/site-packages/airflow/example_dags/tutorial_dag.py for tasks to queue
[2025-03-29T23:50:26.430+0000] {logging_mixin.py:190} INFO - [2025-03-29T23:50:26.430+0000] {dagbag.py:588} INFO - Filling up the DagBag from /home/airflow/.local/lib/python3.12/site-packages/airflow/example_dags/tutorial_dag.py
[2025-03-29T23:50:26.452+0000] {processor.py:925} INFO - DAG(s) 'tutorial_dag' retrieved from /home/airflow/.local/lib/python3.12/site-packages/airflow/example_dags/tutorial_dag.py
[2025-03-29T23:50:26.497+0000] {logging_mixin.py:190} INFO - [2025-03-29T23:50:26.496+0000] {dag.py:3239} INFO - Sync 1 DAGs
[2025-03-29T23:50:26.522+0000] {logging_mixin.py:190} INFO - [2025-03-29T23:50:26.521+0000] {dag.py:4180} INFO - Setting next_dagrun for tutorial_dag to None, run_after=None
[2025-03-29T23:50:26.551+0000] {processor.py:208} INFO - Processing /home/airflow/.local/lib/python3.12/site-packages/airflow/example_dags/tutorial_dag.py took 0.144 seconds
[2025-03-29T23:50:57.305+0000] {processor.py:186} INFO - Started process (PID=2205) to work on /home/airflow/.local/lib/python3.12/site-packages/airflow/example_dags/tutorial_dag.py
[2025-03-29T23:50:57.307+0000] {processor.py:914} INFO - Processing file /home/airflow/.local/lib/python3.12/site-packages/airflow/example_dags/tutorial_dag.py for tasks to queue
[2025-03-29T23:50:57.311+0000] {logging_mixin.py:190} INFO - [2025-03-29T23:50:57.311+0000] {dagbag.py:588} INFO - Filling up the DagBag from /home/airflow/.local/lib/python3.12/site-packages/airflow/example_dags/tutorial_dag.py
[2025-03-29T23:50:57.328+0000] {processor.py:925} INFO - DAG(s) 'tutorial_dag' retrieved from /home/airflow/.local/lib/python3.12/site-packages/airflow/example_dags/tutorial_dag.py
[2025-03-29T23:50:57.378+0000] {logging_mixin.py:190} INFO - [2025-03-29T23:50:57.378+0000] {dag.py:3239} INFO - Sync 1 DAGs
[2025-03-29T23:50:57.420+0000] {logging_mixin.py:190} INFO - [2025-03-29T23:50:57.420+0000] {dag.py:4180} INFO - Setting next_dagrun for tutorial_dag to None, run_after=None
[2025-03-29T23:50:57.526+0000] {processor.py:208} INFO - Processing /home/airflow/.local/lib/python3.12/site-packages/airflow/example_dags/tutorial_dag.py took 0.233 seconds
[2025-03-29T23:51:27.786+0000] {processor.py:186} INFO - Started process (PID=2272) to work on /home/airflow/.local/lib/python3.12/site-packages/airflow/example_dags/tutorial_dag.py
[2025-03-29T23:51:27.788+0000] {processor.py:914} INFO - Processing file /home/airflow/.local/lib/python3.12/site-packages/airflow/example_dags/tutorial_dag.py for tasks to queue
[2025-03-29T23:51:27.793+0000] {logging_mixin.py:190} INFO - [2025-03-29T23:51:27.792+0000] {dagbag.py:588} INFO - Filling up the DagBag from /home/airflow/.local/lib/python3.12/site-packages/airflow/example_dags/tutorial_dag.py
[2025-03-29T23:51:27.809+0000] {processor.py:925} INFO - DAG(s) 'tutorial_dag' retrieved from /home/airflow/.local/lib/python3.12/site-packages/airflow/example_dags/tutorial_dag.py
[2025-03-29T23:51:27.861+0000] {logging_mixin.py:190} INFO - [2025-03-29T23:51:27.861+0000] {dag.py:3239} INFO - Sync 1 DAGs
[2025-03-29T23:51:27.913+0000] {logging_mixin.py:190} INFO - [2025-03-29T23:51:27.913+0000] {dag.py:4180} INFO - Setting next_dagrun for tutorial_dag to None, run_after=None
[2025-03-29T23:51:27.962+0000] {processor.py:208} INFO - Processing /home/airflow/.local/lib/python3.12/site-packages/airflow/example_dags/tutorial_dag.py took 0.191 seconds
[2025-03-29T23:51:58.630+0000] {processor.py:186} INFO - Started process (PID=2339) to work on /home/airflow/.local/lib/python3.12/site-packages/airflow/example_dags/tutorial_dag.py
[2025-03-29T23:51:58.633+0000] {processor.py:914} INFO - Processing file /home/airflow/.local/lib/python3.12/site-packages/airflow/example_dags/tutorial_dag.py for tasks to queue
[2025-03-29T23:51:58.640+0000] {logging_mixin.py:190} INFO - [2025-03-29T23:51:58.639+0000] {dagbag.py:588} INFO - Filling up the DagBag from /home/airflow/.local/lib/python3.12/site-packages/airflow/example_dags/tutorial_dag.py
[2025-03-29T23:51:58.667+0000] {processor.py:925} INFO - DAG(s) 'tutorial_dag' retrieved from /home/airflow/.local/lib/python3.12/site-packages/airflow/example_dags/tutorial_dag.py
[2025-03-29T23:51:58.744+0000] {logging_mixin.py:190} INFO - [2025-03-29T23:51:58.744+0000] {dag.py:3239} INFO - Sync 1 DAGs
[2025-03-29T23:51:58.797+0000] {logging_mixin.py:190} INFO - [2025-03-29T23:51:58.796+0000] {dag.py:4180} INFO - Setting next_dagrun for tutorial_dag to None, run_after=None
[2025-03-29T23:51:58.843+0000] {processor.py:208} INFO - Processing /home/airflow/.local/lib/python3.12/site-packages/airflow/example_dags/tutorial_dag.py took 0.240 seconds
[2025-03-29T23:52:31.310+0000] {processor.py:186} INFO - Started process (PID=2406) to work on /home/airflow/.local/lib/python3.12/site-packages/airflow/example_dags/tutorial_dag.py
[2025-03-29T23:52:31.315+0000] {processor.py:914} INFO - Processing file /home/airflow/.local/lib/python3.12/site-packages/airflow/example_dags/tutorial_dag.py for tasks to queue
[2025-03-29T23:52:31.324+0000] {logging_mixin.py:190} INFO - [2025-03-29T23:52:31.323+0000] {dagbag.py:588} INFO - Filling up the DagBag from /home/airflow/.local/lib/python3.12/site-packages/airflow/example_dags/tutorial_dag.py
[2025-03-29T23:52:31.348+0000] {processor.py:925} INFO - DAG(s) 'tutorial_dag' retrieved from /home/airflow/.local/lib/python3.12/site-packages/airflow/example_dags/tutorial_dag.py
[2025-03-29T23:52:31.410+0000] {logging_mixin.py:190} INFO - [2025-03-29T23:52:31.410+0000] {dag.py:3239} INFO - Sync 1 DAGs
[2025-03-29T23:52:31.443+0000] {logging_mixin.py:190} INFO - [2025-03-29T23:52:31.443+0000] {dag.py:4180} INFO - Setting next_dagrun for tutorial_dag to None, run_after=None
[2025-03-29T23:52:31.480+0000] {processor.py:208} INFO - Processing /home/airflow/.local/lib/python3.12/site-packages/airflow/example_dags/tutorial_dag.py took 0.197 seconds
