[2025-03-09T03:50:44.706+0000] {taskinstance.py:1125} INFO - Dependencies all met for dep_context=non-requeueable deps ti=<TaskInstance: 2-Cargar_data.load_penguins_data manual__2025-03-09T03:50:38.947919+00:00 [queued]>
[2025-03-09T03:50:44.718+0000] {taskinstance.py:1125} INFO - Dependencies all met for dep_context=requeueable deps ti=<TaskInstance: 2-Cargar_data.load_penguins_data manual__2025-03-09T03:50:38.947919+00:00 [queued]>
[2025-03-09T03:50:44.719+0000] {taskinstance.py:1331} INFO - Starting attempt 1 of 2
[2025-03-09T03:50:44.738+0000] {taskinstance.py:1350} INFO - Executing <Task(PythonOperator): load_penguins_data> on 2025-03-09 03:50:38.947919+00:00
[2025-03-09T03:50:44.743+0000] {standard_task_runner.py:57} INFO - Started process 161 to run task
[2025-03-09T03:50:44.749+0000] {standard_task_runner.py:84} INFO - Running: ['***', 'tasks', 'run', '2-Cargar_data', 'load_penguins_data', 'manual__2025-03-09T03:50:38.947919+00:00', '--job-id', '7', '--raw', '--subdir', 'DAGS_FOLDER/Cargar_datos.py', '--cfg-path', '/tmp/tmpkxag7kr5']
[2025-03-09T03:50:44.751+0000] {standard_task_runner.py:85} INFO - Job 7: Subtask load_penguins_data
[2025-03-09T03:50:44.828+0000] {task_command.py:410} INFO - Running <TaskInstance: 2-Cargar_data.load_penguins_data manual__2025-03-09T03:50:38.947919+00:00 [running]> on host 0e1088eece40
[2025-03-09T03:50:44.928+0000] {taskinstance.py:1570} INFO - Exporting env vars: AIRFLOW_CTX_DAG_OWNER='***' AIRFLOW_CTX_DAG_ID='2-Cargar_data' AIRFLOW_CTX_TASK_ID='load_penguins_data' AIRFLOW_CTX_EXECUTION_DATE='2025-03-09T03:50:38.947919+00:00' AIRFLOW_CTX_TRY_NUMBER='1' AIRFLOW_CTX_DAG_RUN_ID='manual__2025-03-09T03:50:38.947919+00:00'
[2025-03-09T03:50:44.929+0000] {logging_mixin.py:149} INFO - Cargando datos de penguins desde /opt/***/data/penguins_size.csv a la tabla penguins...
[2025-03-09T03:50:44.936+0000] {logging_mixin.py:149} INFO - CSV cargado en dataframe, filas: 344
[2025-03-09T03:50:44.937+0000] {crypto.py:83} WARNING - empty cryptography key - values will not be stored encrypted.
[2025-03-09T03:50:44.937+0000] {base.py:73} INFO - Using connection ID 'mysql_default' for task execution.
[2025-03-09T03:50:45.002+0000] {base.py:73} INFO - Using connection ID 'mysql_default' for task execution.
[2025-03-09T03:50:45.009+0000] {sql.py:375} INFO - Running statement: SELECT COUNT(*) FROM ***_db.penguins, parameters: None
[2025-03-09T03:50:45.011+0000] {sql.py:384} INFO - Rows affected: 1
[2025-03-09T03:50:45.012+0000] {logging_mixin.py:149} INFO - Carga completada. Total de registros en la tabla: 344
[2025-03-09T03:50:45.013+0000] {python.py:183} INFO - Done. Returned value was: 344
[2025-03-09T03:50:45.045+0000] {taskinstance.py:1373} INFO - Marking task as SUCCESS. dag_id=2-Cargar_data, task_id=load_penguins_data, execution_date=20250309T035038, start_date=20250309T035044, end_date=20250309T035045
[2025-03-09T03:50:45.080+0000] {local_task_job_runner.py:232} INFO - Task exited with return code 0
[2025-03-09T03:50:45.110+0000] {taskinstance.py:2674} INFO - 0 downstream tasks scheduled from follow-on schedule check
