[2025-03-08T22:19:21.075+0000] {taskinstance.py:1125} INFO - Dependencies all met for dep_context=non-requeueable deps ti=<TaskInstance: load_penguins_data.check_csv_exists manual__2025-03-08T22:19:19.533611+00:00 [queued]>
[2025-03-08T22:19:21.083+0000] {taskinstance.py:1125} INFO - Dependencies all met for dep_context=requeueable deps ti=<TaskInstance: load_penguins_data.check_csv_exists manual__2025-03-08T22:19:19.533611+00:00 [queued]>
[2025-03-08T22:19:21.083+0000] {taskinstance.py:1331} INFO - Starting attempt 1 of 2
[2025-03-08T22:19:21.095+0000] {taskinstance.py:1350} INFO - Executing <Task(PythonOperator): check_csv_exists> on 2025-03-08 22:19:19.533611+00:00
[2025-03-08T22:19:21.098+0000] {standard_task_runner.py:57} INFO - Started process 135 to run task
[2025-03-08T22:19:21.101+0000] {standard_task_runner.py:84} INFO - Running: ['***', 'tasks', 'run', 'load_penguins_data', 'check_csv_exists', 'manual__2025-03-08T22:19:19.533611+00:00', '--job-id', '8', '--raw', '--subdir', 'DAGS_FOLDER/Cargar_datos.py', '--cfg-path', '/tmp/tmp0o8qr59l']
[2025-03-08T22:19:21.103+0000] {standard_task_runner.py:85} INFO - Job 8: Subtask check_csv_exists
[2025-03-08T22:19:21.147+0000] {task_command.py:410} INFO - Running <TaskInstance: load_penguins_data.check_csv_exists manual__2025-03-08T22:19:19.533611+00:00 [running]> on host 1eebfebd64f5
[2025-03-08T22:19:21.207+0000] {taskinstance.py:1570} INFO - Exporting env vars: AIRFLOW_CTX_DAG_OWNER='***' AIRFLOW_CTX_DAG_ID='load_penguins_data' AIRFLOW_CTX_TASK_ID='check_csv_exists' AIRFLOW_CTX_EXECUTION_DATE='2025-03-08T22:19:19.533611+00:00' AIRFLOW_CTX_TRY_NUMBER='1' AIRFLOW_CTX_DAG_RUN_ID='manual__2025-03-08T22:19:19.533611+00:00'
[2025-03-08T22:19:21.209+0000] {taskinstance.py:1847} ERROR - Task failed with exception
Traceback (most recent call last):
  File "/home/airflow/.local/lib/python3.7/site-packages/airflow/operators/python.py", line 181, in execute
    return_value = self.execute_callable()
  File "/home/airflow/.local/lib/python3.7/site-packages/airflow/operators/python.py", line 198, in execute_callable
    return self.python_callable(*self.op_args, **self.op_kwargs)
  File "/opt/airflow/dags/Cargar_datos.py", line 39, in check_file_exists
    raise FileNotFoundError(f"El archivo CSV no existe en la ruta: {csv_file_path}")
FileNotFoundError: El archivo CSV no existe en la ruta: ../data/penguins_size.csv
[2025-03-08T22:19:21.218+0000] {taskinstance.py:1373} INFO - Marking task as UP_FOR_RETRY. dag_id=load_penguins_data, task_id=check_csv_exists, execution_date=20250308T221919, start_date=20250308T221921, end_date=20250308T221921
[2025-03-08T22:19:21.226+0000] {standard_task_runner.py:109} ERROR - Failed to execute job 8 for task check_csv_exists (El archivo CSV no existe en la ruta: ../data/penguins_size.csv; 135)
[2025-03-08T22:19:21.273+0000] {local_task_job_runner.py:232} INFO - Task exited with return code 1
[2025-03-08T22:19:21.294+0000] {taskinstance.py:2674} INFO - 0 downstream tasks scheduled from follow-on schedule check
