[2025-04-01T17:08:06.807+0000] {local_task_job_runner.py:123} INFO - ::group::Pre task execution logs
[2025-04-01T17:08:06.840+0000] {taskinstance.py:2614} INFO - Dependencies all met for dep_context=non-requeueable deps ti=<TaskInstance: 4-Procesa_data.experimentos_task manual__2025-04-01T17:08:03.074506+00:00 [queued]>
[2025-04-01T17:08:06.851+0000] {taskinstance.py:2614} INFO - Dependencies all met for dep_context=requeueable deps ti=<TaskInstance: 4-Procesa_data.experimentos_task manual__2025-04-01T17:08:03.074506+00:00 [queued]>
[2025-04-01T17:08:06.851+0000] {taskinstance.py:2867} INFO - Starting attempt 1 of 1
[2025-04-01T17:08:06.871+0000] {taskinstance.py:2890} INFO - Executing <Task(PythonOperator): experimentos_task> on 2025-04-01 17:08:03.074506+00:00
[2025-04-01T17:08:06.901+0000] {standard_task_runner.py:72} INFO - Started process 470 to run task
[2025-04-01T17:08:06.918+0000] {standard_task_runner.py:104} INFO - Running: ['***', 'tasks', 'run', '4-Procesa_data', 'experimentos_task', 'manual__2025-04-01T17:08:03.074506+00:00', '--job-id', '12', '--raw', '--subdir', 'DAGS_FOLDER/Procesa_data.py', '--cfg-path', '/tmp/tmpi_4st0l4']
[2025-04-01T17:08:06.925+0000] {standard_task_runner.py:105} INFO - Job 12: Subtask experimentos_task
[2025-04-01T17:08:07.050+0000] {task_command.py:467} INFO - Running <TaskInstance: 4-Procesa_data.experimentos_task manual__2025-04-01T17:08:03.074506+00:00 [running]> on host 56b31014e3cf
[2025-04-01T17:08:07.253+0000] {taskinstance.py:3134} INFO - Exporting env vars: AIRFLOW_CTX_DAG_OWNER='***' AIRFLOW_CTX_DAG_ID='4-Procesa_data' AIRFLOW_CTX_TASK_ID='experimentos_task' AIRFLOW_CTX_EXECUTION_DATE='2025-04-01T17:08:03.074506+00:00' AIRFLOW_CTX_TRY_NUMBER='1' AIRFLOW_CTX_DAG_RUN_ID='manual__2025-04-01T17:08:03.074506+00:00'
[2025-04-01T17:08:07.255+0000] {taskinstance.py:732} INFO - ::endgroup::
[2025-04-01T17:08:07.311+0000] {warnings.py:109} WARNING - /opt/***/dags/Procesa_data.py:61: UserWarning: pandas only supports SQLAlchemy connectable (engine/connection) or database string URI or sqlite3 DBAPI2 connection. Other DBAPI2 objects are not tested. Please consider using SQLAlchemy.
  df = pd.read_sql(query, conn)

[2025-04-01T17:08:09.472+0000] {logging_mixin.py:190} WARNING - 2025/04/01 17:08:09 WARNING mlflow.utils.git_utils: Failed to import Git (the Git executable is probably not on your PATH), so Git SHA is not available. Error: Failed to initialize: Bad git executable.
The git executable must be specified in one of the following ways:
    - be included in your $PATH
    - be set via $GIT_PYTHON_GIT_EXECUTABLE
    - explicitly set via git.refresh(<full-path-to-git-executable>)

All git commands will error until this is rectified.

This initial message can be silenced or aggravated in the future by setting the
$GIT_PYTHON_REFRESH environment variable. Use one of the following values:
    - quiet|q|silence|s|silent|none|n|0: for no message or exception
    - warn|w|warning|log|l|1: for a warning message (logging level CRITICAL, displayed by default)
    - error|e|exception|raise|r|2: for a raised exception

Example:
    export GIT_PYTHON_REFRESH=quiet
[2025-04-01T17:08:09.974+0000] {taskinstance.py:3313} ERROR - Task failed with exception
Traceback (most recent call last):
  File "/home/airflow/.local/lib/python3.8/site-packages/airflow/models/taskinstance.py", line 768, in _execute_task
    result = _execute_callable(context=context, **execute_callable_kwargs)
  File "/home/airflow/.local/lib/python3.8/site-packages/airflow/models/taskinstance.py", line 734, in _execute_callable
    return ExecutionCallableRunner(
  File "/home/airflow/.local/lib/python3.8/site-packages/airflow/utils/operator_helpers.py", line 252, in run
    return self.func(*args, **kwargs)
  File "/home/airflow/.local/lib/python3.8/site-packages/airflow/models/baseoperator.py", line 424, in wrapper
    return func(self, *args, **kwargs)
  File "/home/airflow/.local/lib/python3.8/site-packages/airflow/operators/python.py", line 238, in execute
    return_value = self.execute_callable()
  File "/home/airflow/.local/lib/python3.8/site-packages/airflow/operators/python.py", line 256, in execute_callable
    return runner.run(*self.op_args, **self.op_kwargs)
  File "/home/airflow/.local/lib/python3.8/site-packages/airflow/utils/operator_helpers.py", line 252, in run
    return self.func(*args, **kwargs)
  File "/opt/airflow/dags/Procesa_data.py", line 96, in experimentar
    rf.fit(X_train, y_train)
  File "/home/airflow/.local/lib/python3.8/site-packages/mlflow/utils/autologging_utils/safety.py", line 554, in safe_patch_function
    patch_function(call_original, *args, **kwargs)
  File "/home/airflow/.local/lib/python3.8/site-packages/mlflow/utils/autologging_utils/safety.py", line 254, in patch_with_managed_run
    result = patch_function(original, *args, **kwargs)
  File "/home/airflow/.local/lib/python3.8/site-packages/mlflow/sklearn/__init__.py", line 1580, in patched_fit
    result = fit_impl(original, self, *args, **kwargs)
  File "/home/airflow/.local/lib/python3.8/site-packages/mlflow/sklearn/__init__.py", line 1368, in fit_mlflow
    fit_output = original(self, *args, **kwargs)
  File "/home/airflow/.local/lib/python3.8/site-packages/mlflow/utils/autologging_utils/safety.py", line 535, in call_original
    return call_original_fn_with_event_logging(_original_fn, og_args, og_kwargs)
  File "/home/airflow/.local/lib/python3.8/site-packages/mlflow/utils/autologging_utils/safety.py", line 470, in call_original_fn_with_event_logging
    original_fn_result = original_fn(*og_args, **og_kwargs)
  File "/home/airflow/.local/lib/python3.8/site-packages/mlflow/utils/autologging_utils/safety.py", line 532, in _original_fn
    original_result = original(*_og_args, **_og_kwargs)
  File "/home/airflow/.local/lib/python3.8/site-packages/sklearn/ensemble/_forest.py", line 327, in fit
    X, y = self._validate_data(
  File "/home/airflow/.local/lib/python3.8/site-packages/sklearn/base.py", line 581, in _validate_data
    X, y = check_X_y(X, y, **check_params)
  File "/home/airflow/.local/lib/python3.8/site-packages/sklearn/utils/validation.py", line 964, in check_X_y
    X = check_array(
  File "/home/airflow/.local/lib/python3.8/site-packages/sklearn/utils/validation.py", line 746, in check_array
    array = np.asarray(array, order=order, dtype=dtype)
  File "/home/airflow/.local/lib/python3.8/site-packages/pandas/core/generic.py", line 1998, in __array__
    arr = np.asarray(values, dtype=dtype)
ValueError: could not convert string to float: 'Neota'
[2025-04-01T17:08:10.105+0000] {taskinstance.py:1226} INFO - Marking task as FAILED. dag_id=4-Procesa_data, task_id=experimentos_task, run_id=manual__2025-04-01T17:08:03.074506+00:00, execution_date=20250401T170803, start_date=20250401T170806, end_date=20250401T170810
[2025-04-01T17:08:10.322+0000] {taskinstance.py:341} INFO - ::group::Post task execution logs
[2025-04-01T17:08:10.325+0000] {standard_task_runner.py:124} ERROR - Failed to execute job 12 for task experimentos_task (could not convert string to float: 'Neota'; 470)
Traceback (most recent call last):
  File "/home/airflow/.local/lib/python3.8/site-packages/airflow/task/task_runner/standard_task_runner.py", line 117, in _start_by_fork
    ret = args.func(args, dag=self.dag)
  File "/home/airflow/.local/lib/python3.8/site-packages/airflow/cli/cli_config.py", line 49, in command
    return func(*args, **kwargs)
  File "/home/airflow/.local/lib/python3.8/site-packages/airflow/utils/cli.py", line 116, in wrapper
    return f(*args, **kwargs)
  File "/home/airflow/.local/lib/python3.8/site-packages/airflow/cli/commands/task_command.py", line 483, in task_run
    task_return_code = _run_task_by_selected_method(args, _dag, ti)
  File "/home/airflow/.local/lib/python3.8/site-packages/airflow/cli/commands/task_command.py", line 256, in _run_task_by_selected_method
    return _run_raw_task(args, ti)
  File "/home/airflow/.local/lib/python3.8/site-packages/airflow/cli/commands/task_command.py", line 341, in _run_raw_task
    return ti._run_raw_task(
  File "/home/airflow/.local/lib/python3.8/site-packages/airflow/utils/session.py", line 97, in wrapper
    return func(*args, session=session, **kwargs)
  File "/home/airflow/.local/lib/python3.8/site-packages/airflow/models/taskinstance.py", line 3006, in _run_raw_task
    return _run_raw_task(
  File "/home/airflow/.local/lib/python3.8/site-packages/airflow/models/taskinstance.py", line 274, in _run_raw_task
    TaskInstance._execute_task_with_callbacks(
  File "/home/airflow/.local/lib/python3.8/site-packages/airflow/models/taskinstance.py", line 3161, in _execute_task_with_callbacks
    result = self._execute_task(context, task_orig)
  File "/home/airflow/.local/lib/python3.8/site-packages/airflow/models/taskinstance.py", line 3185, in _execute_task
    return _execute_task(self, context, task_orig)
  File "/home/airflow/.local/lib/python3.8/site-packages/airflow/models/taskinstance.py", line 768, in _execute_task
    result = _execute_callable(context=context, **execute_callable_kwargs)
  File "/home/airflow/.local/lib/python3.8/site-packages/airflow/models/taskinstance.py", line 734, in _execute_callable
    return ExecutionCallableRunner(
  File "/home/airflow/.local/lib/python3.8/site-packages/airflow/utils/operator_helpers.py", line 252, in run
    return self.func(*args, **kwargs)
  File "/home/airflow/.local/lib/python3.8/site-packages/airflow/models/baseoperator.py", line 424, in wrapper
    return func(self, *args, **kwargs)
  File "/home/airflow/.local/lib/python3.8/site-packages/airflow/operators/python.py", line 238, in execute
    return_value = self.execute_callable()
  File "/home/airflow/.local/lib/python3.8/site-packages/airflow/operators/python.py", line 256, in execute_callable
    return runner.run(*self.op_args, **self.op_kwargs)
  File "/home/airflow/.local/lib/python3.8/site-packages/airflow/utils/operator_helpers.py", line 252, in run
    return self.func(*args, **kwargs)
  File "/opt/airflow/dags/Procesa_data.py", line 96, in experimentar
    rf.fit(X_train, y_train)
  File "/home/airflow/.local/lib/python3.8/site-packages/mlflow/utils/autologging_utils/safety.py", line 554, in safe_patch_function
    patch_function(call_original, *args, **kwargs)
  File "/home/airflow/.local/lib/python3.8/site-packages/mlflow/utils/autologging_utils/safety.py", line 254, in patch_with_managed_run
    result = patch_function(original, *args, **kwargs)
  File "/home/airflow/.local/lib/python3.8/site-packages/mlflow/sklearn/__init__.py", line 1580, in patched_fit
    result = fit_impl(original, self, *args, **kwargs)
  File "/home/airflow/.local/lib/python3.8/site-packages/mlflow/sklearn/__init__.py", line 1368, in fit_mlflow
    fit_output = original(self, *args, **kwargs)
  File "/home/airflow/.local/lib/python3.8/site-packages/mlflow/utils/autologging_utils/safety.py", line 535, in call_original
    return call_original_fn_with_event_logging(_original_fn, og_args, og_kwargs)
  File "/home/airflow/.local/lib/python3.8/site-packages/mlflow/utils/autologging_utils/safety.py", line 470, in call_original_fn_with_event_logging
    original_fn_result = original_fn(*og_args, **og_kwargs)
  File "/home/airflow/.local/lib/python3.8/site-packages/mlflow/utils/autologging_utils/safety.py", line 532, in _original_fn
    original_result = original(*_og_args, **_og_kwargs)
  File "/home/airflow/.local/lib/python3.8/site-packages/sklearn/ensemble/_forest.py", line 327, in fit
    X, y = self._validate_data(
  File "/home/airflow/.local/lib/python3.8/site-packages/sklearn/base.py", line 581, in _validate_data
    X, y = check_X_y(X, y, **check_params)
  File "/home/airflow/.local/lib/python3.8/site-packages/sklearn/utils/validation.py", line 964, in check_X_y
    X = check_array(
  File "/home/airflow/.local/lib/python3.8/site-packages/sklearn/utils/validation.py", line 746, in check_array
    array = np.asarray(array, order=order, dtype=dtype)
  File "/home/airflow/.local/lib/python3.8/site-packages/pandas/core/generic.py", line 1998, in __array__
    arr = np.asarray(values, dtype=dtype)
ValueError: could not convert string to float: 'Neota'
[2025-04-01T17:08:10.628+0000] {local_task_job_runner.py:266} INFO - Task exited with return code 1
[2025-04-01T17:08:10.722+0000] {taskinstance.py:3901} INFO - 0 downstream tasks scheduled from follow-on schedule check
[2025-04-01T17:08:10.727+0000] {local_task_job_runner.py:245} INFO - ::endgroup::
