[2025-04-01T01:28:19.318+0000] {local_task_job_runner.py:123} INFO - ::group::Pre task execution logs
[2025-04-01T01:28:19.523+0000] {taskinstance.py:2614} INFO - Dependencies all met for dep_context=non-requeueable deps ti=<TaskInstance: 2-Cargar_data.create_table manual__2025-04-01T01:28:16.770121+00:00 [queued]>
[2025-04-01T01:28:20.225+0000] {taskinstance.py:2614} INFO - Dependencies all met for dep_context=requeueable deps ti=<TaskInstance: 2-Cargar_data.create_table manual__2025-04-01T01:28:16.770121+00:00 [queued]>
[2025-04-01T01:28:20.226+0000] {taskinstance.py:2867} INFO - Starting attempt 1 of 1
[2025-04-01T01:28:20.274+0000] {taskinstance.py:2890} INFO - Executing <Task(PostgresOperator): create_table> on 2025-04-01 01:28:16.770121+00:00
[2025-04-01T01:28:20.305+0000] {standard_task_runner.py:72} INFO - Started process 860 to run task
[2025-04-01T01:28:20.323+0000] {standard_task_runner.py:104} INFO - Running: ['***', 'tasks', 'run', '2-Cargar_data', 'create_table', 'manual__2025-04-01T01:28:16.770121+00:00', '--job-id', '28', '--raw', '--subdir', 'DAGS_FOLDER/Cargar_datos.py', '--cfg-path', '/tmp/tmp04u3xdcm']
[2025-04-01T01:28:20.335+0000] {standard_task_runner.py:105} INFO - Job 28: Subtask create_table
[2025-04-01T01:28:20.553+0000] {task_command.py:467} INFO - Running <TaskInstance: 2-Cargar_data.create_table manual__2025-04-01T01:28:16.770121+00:00 [running]> on host 7ed3aa8fcef8
[2025-04-01T01:28:20.829+0000] {taskinstance.py:3134} INFO - Exporting env vars: AIRFLOW_CTX_DAG_OWNER='***' AIRFLOW_CTX_DAG_ID='2-Cargar_data' AIRFLOW_CTX_TASK_ID='create_table' AIRFLOW_CTX_EXECUTION_DATE='2025-04-01T01:28:16.770121+00:00' AIRFLOW_CTX_TRY_NUMBER='1' AIRFLOW_CTX_DAG_RUN_ID='manual__2025-04-01T01:28:16.770121+00:00'
[2025-04-01T01:28:20.836+0000] {taskinstance.py:732} INFO - ::endgroup::
[2025-04-01T01:28:20.887+0000] {sql.py:266} INFO - Executing: 
CREATE TABLE IF NOT EXISTS covertype (
    id SERIAL PRIMARY KEY,
    Elevation INT NOT NULL, 
    Aspect INT NOT NULL, 
    Slope INT NOT NULL, 
    Horizontal_Distance_To_Hydrology INT NOT NULL,
    Vertical_Distance_To_Hydrology INT NOT NULL,
    Horizontal_Distance_To_Roadways INT NOT NULL,
    Hillshade_9am INT NOT NULL,
    Hillshade_Noon INT NOT NULL,
    Hillshade_3pm INT NOT NULL,
    Horizontal_Distance_To_Fire_Points INT NOT NULL, 
    Wilderness_Area VARCHAR(50) NOT NULL,  
    Soil_Type VARCHAR(50) NOT NULL,  
    Cover_Type INT NOT NULL
);
[2025-04-01T01:28:20.890+0000] {crypto.py:82} WARNING - empty cryptography key - values will not be stored encrypted.
[2025-04-01T01:28:20.892+0000] {base.py:84} INFO - Retrieving connection 'postgres_default'
[2025-04-01T01:28:20.899+0000] {base.py:84} INFO - Retrieving connection 'postgres_default'
[2025-04-01T01:28:20.926+0000] {sql.py:542} INFO - Running statement: 
CREATE TABLE IF NOT EXISTS covertype (
    id SERIAL PRIMARY KEY,
    Elevation INT NOT NULL, 
    Aspect INT NOT NULL, 
    Slope INT NOT NULL, 
    Horizontal_Distance_To_Hydrology INT NOT NULL,
    Vertical_Distance_To_Hydrology INT NOT NULL,
    Horizontal_Distance_To_Roadways INT NOT NULL,
    Hillshade_9am INT NOT NULL,
    Hillshade_Noon INT NOT NULL,
    Hillshade_3pm INT NOT NULL,
    Horizontal_Distance_To_Fire_Points INT NOT NULL, 
    Wilderness_Area VARCHAR(50) NOT NULL,  
    Soil_Type VARCHAR(50) NOT NULL,  
    Cover_Type INT NOT NULL
);, parameters: None
[2025-04-01T01:28:20.971+0000] {taskinstance.py:341} INFO - ::group::Post task execution logs
[2025-04-01T01:28:20.972+0000] {taskinstance.py:353} INFO - Marking task as SUCCESS. dag_id=2-Cargar_data, task_id=create_table, run_id=manual__2025-04-01T01:28:16.770121+00:00, execution_date=20250401T012816, start_date=20250401T012819, end_date=20250401T012820
[2025-04-01T01:28:21.122+0000] {local_task_job_runner.py:266} INFO - Task exited with return code 0
[2025-04-01T01:28:21.225+0000] {taskinstance.py:3901} INFO - 1 downstream tasks scheduled from follow-on schedule check
[2025-04-01T01:28:21.227+0000] {local_task_job_runner.py:245} INFO - ::endgroup::
