[2025-04-01T18:05:25.535+0000] {local_task_job_runner.py:123} INFO - ::group::Pre task execution logs
[2025-04-01T18:05:26.726+0000] {taskinstance.py:2614} INFO - Dependencies all met for dep_context=non-requeueable deps ti=<TaskInstance: 2-Cargar_data.create_table manual__2025-04-01T18:03:18.492702+00:00 [queued]>
[2025-04-01T18:05:26.758+0000] {taskinstance.py:2614} INFO - Dependencies all met for dep_context=requeueable deps ti=<TaskInstance: 2-Cargar_data.create_table manual__2025-04-01T18:03:18.492702+00:00 [queued]>
[2025-04-01T18:05:26.761+0000] {taskinstance.py:2867} INFO - Starting attempt 1 of 1
[2025-04-01T18:05:26.816+0000] {taskinstance.py:2890} INFO - Executing <Task(PostgresOperator): create_table> on 2025-04-01 18:03:18.492702+00:00
[2025-04-01T18:05:26.846+0000] {standard_task_runner.py:72} INFO - Started process 339 to run task
[2025-04-01T18:05:26.865+0000] {standard_task_runner.py:104} INFO - Running: ['***', 'tasks', 'run', '2-Cargar_data', 'create_table', 'manual__2025-04-01T18:03:18.492702+00:00', '--job-id', '9', '--raw', '--subdir', 'DAGS_FOLDER/Cargar_datos.py', '--cfg-path', '/tmp/tmpdxfuzepa']
[2025-04-01T18:05:26.873+0000] {standard_task_runner.py:105} INFO - Job 9: Subtask create_table
[2025-04-01T18:05:27.148+0000] {task_command.py:467} INFO - Running <TaskInstance: 2-Cargar_data.create_table manual__2025-04-01T18:03:18.492702+00:00 [running]> on host 111d26a6d12f
[2025-04-01T18:05:27.507+0000] {taskinstance.py:3134} INFO - Exporting env vars: AIRFLOW_CTX_DAG_OWNER='***' AIRFLOW_CTX_DAG_ID='2-Cargar_data' AIRFLOW_CTX_TASK_ID='create_table' AIRFLOW_CTX_EXECUTION_DATE='2025-04-01T18:03:18.492702+00:00' AIRFLOW_CTX_TRY_NUMBER='1' AIRFLOW_CTX_DAG_RUN_ID='manual__2025-04-01T18:03:18.492702+00:00'
[2025-04-01T18:05:27.509+0000] {taskinstance.py:732} INFO - ::endgroup::
[2025-04-01T18:05:27.584+0000] {sql.py:266} INFO - Executing: 
CREATE TABLE IF NOT EXISTS covertype (
    id SERIAL PRIMARY KEY,
    Elevation INT NOT NULL, 
    Aspect INT NOT NULL, 
    Slope INT NOT NULL, 
    Horizontal_Distance_To_Hydrology INT NOT NULL,
    Vertical_Distance_To_Hydrology INT NOT NULL,
    Horizontal_Distance_To_Roadways INT NOT NULL,
    Hillshade_9am INT NOT NULL,
    Hillshade_Noon INT NOT NULL,
    Hillshade_3pm INT NOT NULL,
    Horizontal_Distance_To_Fire_Points INT NOT NULL, 
    Wilderness_Area VARCHAR(50) NOT NULL,  
    Soil_Type VARCHAR(50) NOT NULL,  
    Cover_Type INT NOT NULL
);
[2025-04-01T18:05:27.594+0000] {crypto.py:82} WARNING - empty cryptography key - values will not be stored encrypted.
[2025-04-01T18:05:27.596+0000] {base.py:84} INFO - Retrieving connection 'postgres_default'
[2025-04-01T18:05:27.608+0000] {base.py:84} INFO - Retrieving connection 'postgres_default'
[2025-04-01T18:05:27.631+0000] {sql.py:542} INFO - Running statement: 
CREATE TABLE IF NOT EXISTS covertype (
    id SERIAL PRIMARY KEY,
    Elevation INT NOT NULL, 
    Aspect INT NOT NULL, 
    Slope INT NOT NULL, 
    Horizontal_Distance_To_Hydrology INT NOT NULL,
    Vertical_Distance_To_Hydrology INT NOT NULL,
    Horizontal_Distance_To_Roadways INT NOT NULL,
    Hillshade_9am INT NOT NULL,
    Hillshade_Noon INT NOT NULL,
    Hillshade_3pm INT NOT NULL,
    Horizontal_Distance_To_Fire_Points INT NOT NULL, 
    Wilderness_Area VARCHAR(50) NOT NULL,  
    Soil_Type VARCHAR(50) NOT NULL,  
    Cover_Type INT NOT NULL
);, parameters: None
[2025-04-01T18:05:27.704+0000] {taskinstance.py:341} INFO - ::group::Post task execution logs
[2025-04-01T18:05:27.705+0000] {taskinstance.py:353} INFO - Marking task as SUCCESS. dag_id=2-Cargar_data, task_id=create_table, run_id=manual__2025-04-01T18:03:18.492702+00:00, execution_date=20250401T180318, start_date=20250401T180526, end_date=20250401T180527
[2025-04-01T18:05:27.930+0000] {local_task_job_runner.py:266} INFO - Task exited with return code 0
[2025-04-01T18:05:28.080+0000] {taskinstance.py:3901} INFO - 1 downstream tasks scheduled from follow-on schedule check
[2025-04-01T18:05:28.086+0000] {local_task_job_runner.py:245} INFO - ::endgroup::
