[2025-03-09T02:24:08.715+0000] {taskinstance.py:1125} INFO - Dependencies all met for dep_context=non-requeueable deps ti=<TaskInstance: delete_penguins_db.drop_penguins_table manual__2025-03-09T02:24:07.335482+00:00 [queued]>
[2025-03-09T02:24:08.720+0000] {taskinstance.py:1125} INFO - Dependencies all met for dep_context=requeueable deps ti=<TaskInstance: delete_penguins_db.drop_penguins_table manual__2025-03-09T02:24:07.335482+00:00 [queued]>
[2025-03-09T02:24:08.720+0000] {taskinstance.py:1331} INFO - Starting attempt 1 of 2
[2025-03-09T02:24:08.727+0000] {taskinstance.py:1350} INFO - Executing <Task(MySqlOperator): drop_penguins_table> on 2025-03-09 02:24:07.335482+00:00
[2025-03-09T02:24:08.729+0000] {standard_task_runner.py:57} INFO - Started process 114 to run task
[2025-03-09T02:24:08.731+0000] {standard_task_runner.py:84} INFO - Running: ['***', 'tasks', 'run', 'delete_penguins_db', 'drop_penguins_table', 'manual__2025-03-09T02:24:07.335482+00:00', '--job-id', '3', '--raw', '--subdir', 'DAGS_FOLDER/Borrar_datos.py', '--cfg-path', '/tmp/tmp9bgw_9kt']
[2025-03-09T02:24:08.731+0000] {standard_task_runner.py:85} INFO - Job 3: Subtask drop_penguins_table
[2025-03-09T02:24:08.761+0000] {task_command.py:410} INFO - Running <TaskInstance: delete_penguins_db.drop_penguins_table manual__2025-03-09T02:24:07.335482+00:00 [running]> on host ff47eccb62dd
[2025-03-09T02:24:08.802+0000] {taskinstance.py:1570} INFO - Exporting env vars: AIRFLOW_CTX_DAG_OWNER='***' AIRFLOW_CTX_DAG_ID='delete_penguins_db' AIRFLOW_CTX_TASK_ID='drop_penguins_table' AIRFLOW_CTX_EXECUTION_DATE='2025-03-09T02:24:07.335482+00:00' AIRFLOW_CTX_TRY_NUMBER='1' AIRFLOW_CTX_DAG_RUN_ID='manual__2025-03-09T02:24:07.335482+00:00'
[2025-03-09T02:24:08.803+0000] {sql.py:262} INFO - Executing: 
USE ***_db;
DROP TABLE IF EXISTS penguins;
[2025-03-09T02:24:08.803+0000] {crypto.py:83} WARNING - empty cryptography key - values will not be stored encrypted.
[2025-03-09T02:24:08.803+0000] {base.py:73} INFO - Using connection ID 'mysql_default' for task execution.
[2025-03-09T02:24:08.845+0000] {base.py:73} INFO - Using connection ID 'mysql_default' for task execution.
[2025-03-09T02:24:08.856+0000] {sql.py:375} INFO - Running statement: 
USE ***_db;
DROP TABLE IF EXISTS penguins;, parameters: None
[2025-03-09T02:24:08.856+0000] {sql.py:384} INFO - Rows affected: 0
[2025-03-09T02:24:08.866+0000] {taskinstance.py:1373} INFO - Marking task as SUCCESS. dag_id=delete_penguins_db, task_id=drop_penguins_table, execution_date=20250309T022407, start_date=20250309T022408, end_date=20250309T022408
[2025-03-09T02:24:08.903+0000] {local_task_job_runner.py:232} INFO - Task exited with return code 0
[2025-03-09T02:24:08.915+0000] {taskinstance.py:2674} INFO - 1 downstream tasks scheduled from follow-on schedule check
