[2025-04-01T02:09:01.745+0000] {local_task_job_runner.py:123} INFO - ::group::Pre task execution logs
[2025-04-01T02:09:01.779+0000] {taskinstance.py:2614} INFO - Dependencies all met for dep_context=non-requeueable deps ti=<TaskInstance: 2-Cargar_data.create_table scheduled__2025-04-01T02:08:00+00:00 [queued]>
[2025-04-01T02:09:02.079+0000] {taskinstance.py:2614} INFO - Dependencies all met for dep_context=requeueable deps ti=<TaskInstance: 2-Cargar_data.create_table scheduled__2025-04-01T02:08:00+00:00 [queued]>
[2025-04-01T02:09:02.080+0000] {taskinstance.py:2867} INFO - Starting attempt 1 of 1
[2025-04-01T02:09:02.100+0000] {taskinstance.py:2890} INFO - Executing <Task(PostgresOperator): create_table> on 2025-04-01 02:08:00+00:00
[2025-04-01T02:09:02.117+0000] {standard_task_runner.py:72} INFO - Started process 1728 to run task
[2025-04-01T02:09:02.127+0000] {standard_task_runner.py:104} INFO - Running: ['***', 'tasks', 'run', '2-Cargar_data', 'create_table', 'scheduled__2025-04-01T02:08:00+00:00', '--job-id', '61', '--raw', '--subdir', 'DAGS_FOLDER/Cargar_datos.py', '--cfg-path', '/tmp/tmpa_spydr0']
[2025-04-01T02:09:02.135+0000] {standard_task_runner.py:105} INFO - Job 61: Subtask create_table
[2025-04-01T02:09:02.251+0000] {task_command.py:467} INFO - Running <TaskInstance: 2-Cargar_data.create_table scheduled__2025-04-01T02:08:00+00:00 [running]> on host 7ed3aa8fcef8
[2025-04-01T02:09:02.420+0000] {taskinstance.py:3134} INFO - Exporting env vars: AIRFLOW_CTX_DAG_OWNER='***' AIRFLOW_CTX_DAG_ID='2-Cargar_data' AIRFLOW_CTX_TASK_ID='create_table' AIRFLOW_CTX_EXECUTION_DATE='2025-04-01T02:08:00+00:00' AIRFLOW_CTX_TRY_NUMBER='1' AIRFLOW_CTX_DAG_RUN_ID='scheduled__2025-04-01T02:08:00+00:00'
[2025-04-01T02:09:02.422+0000] {taskinstance.py:732} INFO - ::endgroup::
[2025-04-01T02:09:02.446+0000] {sql.py:266} INFO - Executing: 
CREATE TABLE IF NOT EXISTS covertype (
    id SERIAL PRIMARY KEY,
    Elevation INT NOT NULL, 
    Aspect INT NOT NULL, 
    Slope INT NOT NULL, 
    Horizontal_Distance_To_Hydrology INT NOT NULL,
    Vertical_Distance_To_Hydrology INT NOT NULL,
    Horizontal_Distance_To_Roadways INT NOT NULL,
    Hillshade_9am INT NOT NULL,
    Hillshade_Noon INT NOT NULL,
    Hillshade_3pm INT NOT NULL,
    Horizontal_Distance_To_Fire_Points INT NOT NULL, 
    Wilderness_Area VARCHAR(50) NOT NULL,  
    Soil_Type VARCHAR(50) NOT NULL,  
    Cover_Type INT NOT NULL
);
[2025-04-01T02:09:02.448+0000] {crypto.py:82} WARNING - empty cryptography key - values will not be stored encrypted.
[2025-04-01T02:09:02.449+0000] {base.py:84} INFO - Retrieving connection 'postgres_default'
[2025-04-01T02:09:02.453+0000] {base.py:84} INFO - Retrieving connection 'postgres_default'
[2025-04-01T02:09:02.462+0000] {sql.py:542} INFO - Running statement: 
CREATE TABLE IF NOT EXISTS covertype (
    id SERIAL PRIMARY KEY,
    Elevation INT NOT NULL, 
    Aspect INT NOT NULL, 
    Slope INT NOT NULL, 
    Horizontal_Distance_To_Hydrology INT NOT NULL,
    Vertical_Distance_To_Hydrology INT NOT NULL,
    Horizontal_Distance_To_Roadways INT NOT NULL,
    Hillshade_9am INT NOT NULL,
    Hillshade_Noon INT NOT NULL,
    Hillshade_3pm INT NOT NULL,
    Horizontal_Distance_To_Fire_Points INT NOT NULL, 
    Wilderness_Area VARCHAR(50) NOT NULL,  
    Soil_Type VARCHAR(50) NOT NULL,  
    Cover_Type INT NOT NULL
);, parameters: None
[2025-04-01T02:09:02.486+0000] {taskinstance.py:341} INFO - ::group::Post task execution logs
[2025-04-01T02:09:02.486+0000] {taskinstance.py:353} INFO - Marking task as SUCCESS. dag_id=2-Cargar_data, task_id=create_table, run_id=scheduled__2025-04-01T02:08:00+00:00, execution_date=20250401T020800, start_date=20250401T020901, end_date=20250401T020902
[2025-04-01T02:09:02.592+0000] {local_task_job_runner.py:266} INFO - Task exited with return code 0
[2025-04-01T02:09:02.673+0000] {taskinstance.py:3901} INFO - 1 downstream tasks scheduled from follow-on schedule check
[2025-04-01T02:09:02.676+0000] {local_task_job_runner.py:245} INFO - ::endgroup::
