[2025-04-01T02:36:59.730+0000] {local_task_job_runner.py:123} INFO - ::group::Pre task execution logs
[2025-04-01T02:36:59.828+0000] {taskinstance.py:2614} INFO - Dependencies all met for dep_context=non-requeueable deps ti=<TaskInstance: clean_data_dag.delete_data_task scheduled__2025-03-31T00:00:00+00:00 [queued]>
[2025-04-01T02:36:59.882+0000] {taskinstance.py:2614} INFO - Dependencies all met for dep_context=requeueable deps ti=<TaskInstance: clean_data_dag.delete_data_task scheduled__2025-03-31T00:00:00+00:00 [queued]>
[2025-04-01T02:36:59.882+0000] {taskinstance.py:2867} INFO - Starting attempt 1 of 1
[2025-04-01T02:36:59.933+0000] {taskinstance.py:2890} INFO - Executing <Task(PythonOperator): delete_data_task> on 2025-03-31 00:00:00+00:00
[2025-04-01T02:36:59.979+0000] {standard_task_runner.py:72} INFO - Started process 2337 to run task
[2025-04-01T02:37:00.008+0000] {standard_task_runner.py:104} INFO - Running: ['***', 'tasks', 'run', 'clean_data_dag', 'delete_data_task', 'scheduled__2025-03-31T00:00:00+00:00', '--job-id', '85', '--raw', '--subdir', 'DAGS_FOLDER/Borrar_datos.py', '--cfg-path', '/tmp/tmpafzviqdl']
[2025-04-01T02:37:00.032+0000] {standard_task_runner.py:105} INFO - Job 85: Subtask delete_data_task
[2025-04-01T02:37:00.404+0000] {task_command.py:467} INFO - Running <TaskInstance: clean_data_dag.delete_data_task scheduled__2025-03-31T00:00:00+00:00 [running]> on host 7ed3aa8fcef8
[2025-04-01T02:37:00.863+0000] {taskinstance.py:3134} INFO - Exporting env vars: AIRFLOW_CTX_DAG_OWNER='***' AIRFLOW_CTX_DAG_ID='clean_data_dag' AIRFLOW_CTX_TASK_ID='delete_data_task' AIRFLOW_CTX_EXECUTION_DATE='2025-03-31T00:00:00+00:00' AIRFLOW_CTX_TRY_NUMBER='1' AIRFLOW_CTX_DAG_RUN_ID='scheduled__2025-03-31T00:00:00+00:00'
[2025-04-01T02:37:00.868+0000] {taskinstance.py:732} INFO - ::endgroup::
[2025-04-01T02:37:00.925+0000] {crypto.py:82} WARNING - empty cryptography key - values will not be stored encrypted.
[2025-04-01T02:37:00.932+0000] {base.py:84} INFO - Retrieving connection 'postgres_default'
[2025-04-01T02:37:00.959+0000] {sql.py:542} INFO - Running statement: DELETE FROM covertype, parameters: None
[2025-04-01T02:37:03.658+0000] {sql.py:551} INFO - Rows affected: 464800
[2025-04-01T02:37:03.677+0000] {logging_mixin.py:190} INFO - Todas las filas han sido eliminadas de la tabla
[2025-04-01T02:37:03.680+0000] {python.py:240} INFO - Done. Returned value was: None
[2025-04-01T02:37:03.727+0000] {taskinstance.py:341} INFO - ::group::Post task execution logs
[2025-04-01T02:37:03.728+0000] {taskinstance.py:353} INFO - Marking task as SUCCESS. dag_id=clean_data_dag, task_id=delete_data_task, run_id=scheduled__2025-03-31T00:00:00+00:00, execution_date=20250331T000000, start_date=20250401T023659, end_date=20250401T023703
[2025-04-01T02:37:03.872+0000] {local_task_job_runner.py:266} INFO - Task exited with return code 0
[2025-04-01T02:37:03.920+0000] {taskinstance.py:3901} INFO - 0 downstream tasks scheduled from follow-on schedule check
[2025-04-01T02:37:03.934+0000] {local_task_job_runner.py:245} INFO - ::endgroup::
