[2025-03-09T02:29:54.475+0000] {taskinstance.py:1125} INFO - Dependencies all met for dep_context=non-requeueable deps ti=<TaskInstance: preprocess_penguins_data.preprocess_data manual__2025-03-09T02:29:52.693436+00:00 [queued]>
[2025-03-09T02:29:54.481+0000] {taskinstance.py:1125} INFO - Dependencies all met for dep_context=requeueable deps ti=<TaskInstance: preprocess_penguins_data.preprocess_data manual__2025-03-09T02:29:52.693436+00:00 [queued]>
[2025-03-09T02:29:54.481+0000] {taskinstance.py:1331} INFO - Starting attempt 1 of 1
[2025-03-09T02:29:54.488+0000] {taskinstance.py:1350} INFO - Executing <Task(PythonOperator): preprocess_data> on 2025-03-09 02:29:52.693436+00:00
[2025-03-09T02:29:54.491+0000] {standard_task_runner.py:57} INFO - Started process 341 to run task
[2025-03-09T02:29:54.493+0000] {standard_task_runner.py:84} INFO - Running: ['***', 'tasks', 'run', 'preprocess_penguins_data', 'preprocess_data', 'manual__2025-03-09T02:29:52.693436+00:00', '--job-id', '14', '--raw', '--subdir', 'DAGS_FOLDER/Procesa_data.py', '--cfg-path', '/tmp/tmpfd77iopp']
[2025-03-09T02:29:54.494+0000] {standard_task_runner.py:85} INFO - Job 14: Subtask preprocess_data
[2025-03-09T02:29:54.523+0000] {task_command.py:410} INFO - Running <TaskInstance: preprocess_penguins_data.preprocess_data manual__2025-03-09T02:29:52.693436+00:00 [running]> on host ff47eccb62dd
[2025-03-09T02:29:54.567+0000] {taskinstance.py:1570} INFO - Exporting env vars: AIRFLOW_CTX_DAG_OWNER='***' AIRFLOW_CTX_DAG_ID='preprocess_penguins_data' AIRFLOW_CTX_TASK_ID='preprocess_data' AIRFLOW_CTX_EXECUTION_DATE='2025-03-09T02:29:52.693436+00:00' AIRFLOW_CTX_TRY_NUMBER='1' AIRFLOW_CTX_DAG_RUN_ID='manual__2025-03-09T02:29:52.693436+00:00'
[2025-03-09T02:29:54.644+0000] {taskinstance.py:1847} ERROR - Task failed with exception
Traceback (most recent call last):
  File "/home/airflow/.local/lib/python3.7/site-packages/airflow/operators/python.py", line 181, in execute
    return_value = self.execute_callable()
  File "/home/airflow/.local/lib/python3.7/site-packages/airflow/operators/python.py", line 198, in execute_callable
    return self.python_callable(*self.op_args, **self.op_kwargs)
  File "/opt/airflow/dags/Procesa_data.py", line 102, in preprocess_data
    json.dump(preprocessor.get_params(), f)
  File "/usr/local/lib/python3.7/json/__init__.py", line 179, in dump
    for chunk in iterable:
  File "/usr/local/lib/python3.7/json/encoder.py", line 431, in _iterencode
    yield from _iterencode_dict(o, _current_indent_level)
  File "/usr/local/lib/python3.7/json/encoder.py", line 405, in _iterencode_dict
    yield from chunks
  File "/usr/local/lib/python3.7/json/encoder.py", line 325, in _iterencode_list
    yield from chunks
  File "/usr/local/lib/python3.7/json/encoder.py", line 325, in _iterencode_list
    yield from chunks
  File "/usr/local/lib/python3.7/json/encoder.py", line 438, in _iterencode
    o = _default(o)
  File "/usr/local/lib/python3.7/json/encoder.py", line 179, in default
    raise TypeError(f'Object of type {o.__class__.__name__} '
TypeError: Object of type Pipeline is not JSON serializable
[2025-03-09T02:29:54.650+0000] {taskinstance.py:1373} INFO - Marking task as FAILED. dag_id=preprocess_penguins_data, task_id=preprocess_data, execution_date=20250309T022952, start_date=20250309T022954, end_date=20250309T022954
[2025-03-09T02:29:54.656+0000] {standard_task_runner.py:109} ERROR - Failed to execute job 14 for task preprocess_data (Object of type Pipeline is not JSON serializable; 341)
[2025-03-09T02:29:54.665+0000] {local_task_job_runner.py:232} INFO - Task exited with return code 1
[2025-03-09T02:29:54.679+0000] {taskinstance.py:2674} INFO - 0 downstream tasks scheduled from follow-on schedule check
