[2025-03-09T03:36:05.833+0000] {taskinstance.py:1125} INFO - Dependencies all met for dep_context=non-requeueable deps ti=<TaskInstance: 2Cargar_data.load_penguins_data scheduled__2025-03-09T03:32:00+00:00 [queued]>
[2025-03-09T03:36:05.844+0000] {taskinstance.py:1125} INFO - Dependencies all met for dep_context=requeueable deps ti=<TaskInstance: 2Cargar_data.load_penguins_data scheduled__2025-03-09T03:32:00+00:00 [queued]>
[2025-03-09T03:36:05.845+0000] {taskinstance.py:1331} INFO - Starting attempt 1 of 2
[2025-03-09T03:36:05.859+0000] {taskinstance.py:1350} INFO - Executing <Task(PythonOperator): load_penguins_data> on 2025-03-09 03:32:00+00:00
[2025-03-09T03:36:05.862+0000] {standard_task_runner.py:57} INFO - Started process 746 to run task
[2025-03-09T03:36:05.865+0000] {standard_task_runner.py:84} INFO - Running: ['***', 'tasks', 'run', '2Cargar_data', 'load_penguins_data', 'scheduled__2025-03-09T03:32:00+00:00', '--job-id', '47', '--raw', '--subdir', 'DAGS_FOLDER/Cargar_datos.py', '--cfg-path', '/tmp/tmpsl6uwbtn']
[2025-03-09T03:36:05.867+0000] {standard_task_runner.py:85} INFO - Job 47: Subtask load_penguins_data
[2025-03-09T03:36:05.911+0000] {task_command.py:410} INFO - Running <TaskInstance: 2Cargar_data.load_penguins_data scheduled__2025-03-09T03:32:00+00:00 [running]> on host d79f96be65f0
[2025-03-09T03:36:05.995+0000] {taskinstance.py:1570} INFO - Exporting env vars: AIRFLOW_CTX_DAG_OWNER='***' AIRFLOW_CTX_DAG_ID='2Cargar_data' AIRFLOW_CTX_TASK_ID='load_penguins_data' AIRFLOW_CTX_EXECUTION_DATE='2025-03-09T03:32:00+00:00' AIRFLOW_CTX_TRY_NUMBER='1' AIRFLOW_CTX_DAG_RUN_ID='scheduled__2025-03-09T03:32:00+00:00'
[2025-03-09T03:36:05.996+0000] {logging_mixin.py:149} INFO - Cargando datos de penguins desde /opt/***/data/penguins_size.csv a la tabla penguins...
[2025-03-09T03:36:06.003+0000] {logging_mixin.py:149} INFO - CSV cargado en dataframe, filas: 344
[2025-03-09T03:36:06.004+0000] {crypto.py:83} WARNING - empty cryptography key - values will not be stored encrypted.
[2025-03-09T03:36:06.004+0000] {base.py:73} INFO - Using connection ID 'mysql_default' for task execution.
[2025-03-09T03:36:06.044+0000] {base.py:73} INFO - Using connection ID 'mysql_default' for task execution.
[2025-03-09T03:36:06.049+0000] {sql.py:375} INFO - Running statement: SELECT COUNT(*) FROM ***_db.penguins, parameters: None
[2025-03-09T03:36:06.051+0000] {sql.py:384} INFO - Rows affected: 1
[2025-03-09T03:36:06.051+0000] {logging_mixin.py:149} INFO - Carga completada. Total de registros en la tabla: 344
[2025-03-09T03:36:06.052+0000] {python.py:183} INFO - Done. Returned value was: 344
[2025-03-09T03:36:06.070+0000] {taskinstance.py:1373} INFO - Marking task as SUCCESS. dag_id=2Cargar_data, task_id=load_penguins_data, execution_date=20250309T033200, start_date=20250309T033605, end_date=20250309T033606
[2025-03-09T03:36:06.117+0000] {local_task_job_runner.py:232} INFO - Task exited with return code 0
[2025-03-09T03:36:06.135+0000] {taskinstance.py:2674} INFO - 0 downstream tasks scheduled from follow-on schedule check
