[2025-03-09T03:01:49.395+0000] {taskinstance.py:1125} INFO - Dependencies all met for dep_context=non-requeueable deps ti=<TaskInstance: load_penguins_data.check_csv_exists manual__2025-03-09T03:01:47.790881+00:00 [queued]>
[2025-03-09T03:01:49.408+0000] {taskinstance.py:1125} INFO - Dependencies all met for dep_context=requeueable deps ti=<TaskInstance: load_penguins_data.check_csv_exists manual__2025-03-09T03:01:47.790881+00:00 [queued]>
[2025-03-09T03:01:49.408+0000] {taskinstance.py:1331} INFO - Starting attempt 1 of 1
[2025-03-09T03:01:49.422+0000] {taskinstance.py:1350} INFO - Executing <Task(PythonOperator): check_csv_exists> on 2025-03-09 03:01:47.790881+00:00
[2025-03-09T03:01:49.429+0000] {standard_task_runner.py:57} INFO - Started process 127 to run task
[2025-03-09T03:01:49.433+0000] {standard_task_runner.py:84} INFO - Running: ['***', 'tasks', 'run', 'load_penguins_data', 'check_csv_exists', 'manual__2025-03-09T03:01:47.790881+00:00', '--job-id', '5', '--raw', '--subdir', 'DAGS_FOLDER/Cargar_datos.py', '--cfg-path', '/tmp/tmp1hpe4fs4']
[2025-03-09T03:01:49.438+0000] {standard_task_runner.py:85} INFO - Job 5: Subtask check_csv_exists
[2025-03-09T03:01:49.486+0000] {task_command.py:410} INFO - Running <TaskInstance: load_penguins_data.check_csv_exists manual__2025-03-09T03:01:47.790881+00:00 [running]> on host f5e4b6cd6855
[2025-03-09T03:01:49.556+0000] {taskinstance.py:1570} INFO - Exporting env vars: AIRFLOW_CTX_DAG_OWNER='***' AIRFLOW_CTX_DAG_ID='load_penguins_data' AIRFLOW_CTX_TASK_ID='check_csv_exists' AIRFLOW_CTX_EXECUTION_DATE='2025-03-09T03:01:47.790881+00:00' AIRFLOW_CTX_TRY_NUMBER='1' AIRFLOW_CTX_DAG_RUN_ID='manual__2025-03-09T03:01:47.790881+00:00'
[2025-03-09T03:01:49.557+0000] {taskinstance.py:1847} ERROR - Task failed with exception
Traceback (most recent call last):
  File "/home/airflow/.local/lib/python3.7/site-packages/airflow/operators/python.py", line 181, in execute
    return_value = self.execute_callable()
  File "/home/airflow/.local/lib/python3.7/site-packages/airflow/operators/python.py", line 198, in execute_callable
    return self.python_callable(*self.op_args, **self.op_kwargs)
  File "/opt/airflow/dags/Cargar_datos.py", line 39, in check_file_exists
    raise FileNotFoundError(f"El archivo CSV no existe en la ruta: {csv_file_path}")
FileNotFoundError: El archivo CSV no existe en la ruta: /opt/***/data/penguins_size.csv
[2025-03-09T03:01:49.566+0000] {taskinstance.py:1373} INFO - Marking task as FAILED. dag_id=load_penguins_data, task_id=check_csv_exists, execution_date=20250309T030147, start_date=20250309T030149, end_date=20250309T030149
[2025-03-09T03:01:49.576+0000] {standard_task_runner.py:109} ERROR - Failed to execute job 5 for task check_csv_exists (El archivo CSV no existe en la ruta: /opt/***/data/penguins_size.csv; 127)
[2025-03-09T03:01:49.619+0000] {local_task_job_runner.py:232} INFO - Task exited with return code 1
[2025-03-09T03:01:49.644+0000] {taskinstance.py:2674} INFO - 0 downstream tasks scheduled from follow-on schedule check
