[2025-04-01T01:06:56.032+0000] {local_task_job_runner.py:123} INFO - ::group::Pre task execution logs
[2025-04-01T01:06:56.429+0000] {taskinstance.py:2614} INFO - Dependencies all met for dep_context=non-requeueable deps ti=<TaskInstance: 2-Cargar_data.decide_next_task scheduled__2025-03-31T00:00:00+00:00 [queued]>
[2025-04-01T01:06:56.461+0000] {taskinstance.py:2614} INFO - Dependencies all met for dep_context=requeueable deps ti=<TaskInstance: 2-Cargar_data.decide_next_task scheduled__2025-03-31T00:00:00+00:00 [queued]>
[2025-04-01T01:06:56.462+0000] {taskinstance.py:2867} INFO - Starting attempt 3 of 3
[2025-04-01T01:06:56.493+0000] {taskinstance.py:2890} INFO - Executing <Task(BranchPythonOperator): decide_next_task> on 2025-03-31 00:00:00+00:00
[2025-04-01T01:06:56.517+0000] {standard_task_runner.py:72} INFO - Started process 402 to run task
[2025-04-01T01:06:56.552+0000] {standard_task_runner.py:104} INFO - Running: ['***', 'tasks', 'run', '2-Cargar_data', 'decide_next_task', 'scheduled__2025-03-31T00:00:00+00:00', '--job-id', '9', '--raw', '--subdir', 'DAGS_FOLDER/Cargar_datos.py', '--cfg-path', '/tmp/tmpq_yehfx8']
[2025-04-01T01:06:56.592+0000] {standard_task_runner.py:105} INFO - Job 9: Subtask decide_next_task
[2025-04-01T01:06:56.918+0000] {task_command.py:467} INFO - Running <TaskInstance: 2-Cargar_data.decide_next_task scheduled__2025-03-31T00:00:00+00:00 [running]> on host 7ed3aa8fcef8
[2025-04-01T01:06:57.343+0000] {taskinstance.py:3134} INFO - Exporting env vars: AIRFLOW_CTX_DAG_OWNER='***' AIRFLOW_CTX_DAG_ID='2-Cargar_data' AIRFLOW_CTX_TASK_ID='decide_next_task' AIRFLOW_CTX_EXECUTION_DATE='2025-03-31T00:00:00+00:00' AIRFLOW_CTX_TRY_NUMBER='3' AIRFLOW_CTX_DAG_RUN_ID='scheduled__2025-03-31T00:00:00+00:00'
[2025-04-01T01:06:57.352+0000] {taskinstance.py:732} INFO - ::endgroup::
[2025-04-01T01:06:57.424+0000] {baseoperator.py:423} WARNING - BranchPythonOperator.execute cannot be called outside TaskInstance!
[2025-04-01T01:07:02.456+0000] {python.py:240} INFO - Done. Returned value was: load_data
[2025-04-01T01:07:02.456+0000] {branch.py:38} INFO - Branch into load_data
[2025-04-01T01:07:02.457+0000] {skipmixin.py:233} INFO - Following branch ('load_data',)
[2025-04-01T01:07:02.506+0000] {skipmixin.py:281} INFO - Skipping tasks [('stop_task', -1)]
[2025-04-01T01:07:02.661+0000] {taskinstance.py:341} INFO - ::group::Post task execution logs
[2025-04-01T01:07:02.663+0000] {taskinstance.py:353} INFO - Marking task as SUCCESS. dag_id=2-Cargar_data, task_id=decide_next_task, run_id=scheduled__2025-03-31T00:00:00+00:00, execution_date=20250331T000000, start_date=20250401T010656, end_date=20250401T010702
[2025-04-01T01:07:02.855+0000] {local_task_job_runner.py:266} INFO - Task exited with return code 0
[2025-04-01T01:07:02.938+0000] {taskinstance.py:3901} INFO - 0 downstream tasks scheduled from follow-on schedule check
[2025-04-01T01:07:02.947+0000] {local_task_job_runner.py:245} INFO - ::endgroup::
