[2025-03-10T04:26:53.287+0000] {processor.py:156} INFO - Started process (PID=163) to work on /opt/airflow/dags/Cargar_datos.py
[2025-03-10T04:26:53.288+0000] {processor.py:799} INFO - Processing file /opt/airflow/dags/Cargar_datos.py for tasks to queue
[2025-03-10T04:26:53.289+0000] {logging_mixin.py:149} INFO - [2025-03-10T04:26:53.289+0000] {dagbag.py:541} INFO - Filling up the DagBag from /opt/airflow/dags/Cargar_datos.py
[2025-03-10T04:26:53.590+0000] {processor.py:809} INFO - DAG(s) dict_keys(['2-Cargar_data']) retrieved from /opt/airflow/dags/Cargar_datos.py
[2025-03-10T04:26:53.639+0000] {logging_mixin.py:149} INFO - [2025-03-10T04:26:53.639+0000] {dag.py:2726} INFO - Sync 1 DAGs
[2025-03-10T04:26:53.656+0000] {logging_mixin.py:149} INFO - [2025-03-10T04:26:53.656+0000] {dag.py:3490} INFO - Setting next_dagrun for 2-Cargar_data to None, run_after=None
[2025-03-10T04:26:53.675+0000] {processor.py:178} INFO - Processing /opt/airflow/dags/Cargar_datos.py took 0.390 seconds
[2025-03-10T04:27:24.260+0000] {processor.py:156} INFO - Started process (PID=272) to work on /opt/airflow/dags/Cargar_datos.py
[2025-03-10T04:27:24.261+0000] {processor.py:799} INFO - Processing file /opt/airflow/dags/Cargar_datos.py for tasks to queue
[2025-03-10T04:27:24.262+0000] {logging_mixin.py:149} INFO - [2025-03-10T04:27:24.262+0000] {dagbag.py:541} INFO - Filling up the DagBag from /opt/airflow/dags/Cargar_datos.py
[2025-03-10T04:27:24.558+0000] {processor.py:809} INFO - DAG(s) dict_keys(['2-Cargar_data']) retrieved from /opt/airflow/dags/Cargar_datos.py
[2025-03-10T04:27:24.578+0000] {logging_mixin.py:149} INFO - [2025-03-10T04:27:24.578+0000] {dag.py:2726} INFO - Sync 1 DAGs
[2025-03-10T04:27:24.595+0000] {logging_mixin.py:149} INFO - [2025-03-10T04:27:24.595+0000] {dag.py:3490} INFO - Setting next_dagrun for 2-Cargar_data to None, run_after=None
[2025-03-10T04:27:24.607+0000] {processor.py:178} INFO - Processing /opt/airflow/dags/Cargar_datos.py took 0.351 seconds
[2025-03-10T04:27:55.606+0000] {processor.py:156} INFO - Started process (PID=381) to work on /opt/airflow/dags/Cargar_datos.py
[2025-03-10T04:27:55.607+0000] {processor.py:799} INFO - Processing file /opt/airflow/dags/Cargar_datos.py for tasks to queue
[2025-03-10T04:27:55.608+0000] {logging_mixin.py:149} INFO - [2025-03-10T04:27:55.608+0000] {dagbag.py:541} INFO - Filling up the DagBag from /opt/airflow/dags/Cargar_datos.py
[2025-03-10T04:27:55.866+0000] {processor.py:809} INFO - DAG(s) dict_keys(['2-Cargar_data']) retrieved from /opt/airflow/dags/Cargar_datos.py
[2025-03-10T04:27:55.885+0000] {logging_mixin.py:149} INFO - [2025-03-10T04:27:55.884+0000] {dag.py:2726} INFO - Sync 1 DAGs
[2025-03-10T04:27:55.901+0000] {logging_mixin.py:149} INFO - [2025-03-10T04:27:55.900+0000] {dag.py:3490} INFO - Setting next_dagrun for 2-Cargar_data to None, run_after=None
[2025-03-10T04:27:55.914+0000] {processor.py:178} INFO - Processing /opt/airflow/dags/Cargar_datos.py took 0.311 seconds
[2025-03-10T04:28:26.986+0000] {processor.py:156} INFO - Started process (PID=490) to work on /opt/airflow/dags/Cargar_datos.py
[2025-03-10T04:28:26.987+0000] {processor.py:799} INFO - Processing file /opt/airflow/dags/Cargar_datos.py for tasks to queue
[2025-03-10T04:28:26.988+0000] {logging_mixin.py:149} INFO - [2025-03-10T04:28:26.988+0000] {dagbag.py:541} INFO - Filling up the DagBag from /opt/airflow/dags/Cargar_datos.py
[2025-03-10T04:28:27.244+0000] {processor.py:809} INFO - DAG(s) dict_keys(['2-Cargar_data']) retrieved from /opt/airflow/dags/Cargar_datos.py
[2025-03-10T04:28:27.264+0000] {logging_mixin.py:149} INFO - [2025-03-10T04:28:27.264+0000] {dag.py:2726} INFO - Sync 1 DAGs
[2025-03-10T04:28:27.280+0000] {logging_mixin.py:149} INFO - [2025-03-10T04:28:27.280+0000] {dag.py:3490} INFO - Setting next_dagrun for 2-Cargar_data to None, run_after=None
[2025-03-10T04:28:27.295+0000] {processor.py:178} INFO - Processing /opt/airflow/dags/Cargar_datos.py took 0.311 seconds
[2025-03-10T04:28:58.536+0000] {processor.py:156} INFO - Started process (PID=599) to work on /opt/airflow/dags/Cargar_datos.py
[2025-03-10T04:28:58.537+0000] {processor.py:799} INFO - Processing file /opt/airflow/dags/Cargar_datos.py for tasks to queue
[2025-03-10T04:28:58.538+0000] {logging_mixin.py:149} INFO - [2025-03-10T04:28:58.537+0000] {dagbag.py:541} INFO - Filling up the DagBag from /opt/airflow/dags/Cargar_datos.py
[2025-03-10T04:28:58.802+0000] {processor.py:809} INFO - DAG(s) dict_keys(['2-Cargar_data']) retrieved from /opt/airflow/dags/Cargar_datos.py
[2025-03-10T04:28:58.821+0000] {logging_mixin.py:149} INFO - [2025-03-10T04:28:58.821+0000] {dag.py:2726} INFO - Sync 1 DAGs
[2025-03-10T04:28:58.838+0000] {logging_mixin.py:149} INFO - [2025-03-10T04:28:58.838+0000] {dag.py:3490} INFO - Setting next_dagrun for 2-Cargar_data to None, run_after=None
[2025-03-10T04:28:58.862+0000] {processor.py:178} INFO - Processing /opt/airflow/dags/Cargar_datos.py took 0.328 seconds
[2025-03-10T04:29:29.467+0000] {processor.py:156} INFO - Started process (PID=708) to work on /opt/airflow/dags/Cargar_datos.py
[2025-03-10T04:29:29.468+0000] {processor.py:799} INFO - Processing file /opt/airflow/dags/Cargar_datos.py for tasks to queue
[2025-03-10T04:29:29.469+0000] {logging_mixin.py:149} INFO - [2025-03-10T04:29:29.469+0000] {dagbag.py:541} INFO - Filling up the DagBag from /opt/airflow/dags/Cargar_datos.py
[2025-03-10T04:29:29.750+0000] {processor.py:809} INFO - DAG(s) dict_keys(['2-Cargar_data']) retrieved from /opt/airflow/dags/Cargar_datos.py
[2025-03-10T04:29:29.770+0000] {logging_mixin.py:149} INFO - [2025-03-10T04:29:29.769+0000] {dag.py:2726} INFO - Sync 1 DAGs
[2025-03-10T04:29:29.786+0000] {logging_mixin.py:149} INFO - [2025-03-10T04:29:29.786+0000] {dag.py:3490} INFO - Setting next_dagrun for 2-Cargar_data to None, run_after=None
[2025-03-10T04:29:29.802+0000] {processor.py:178} INFO - Processing /opt/airflow/dags/Cargar_datos.py took 0.337 seconds
[2025-03-10T04:30:01.025+0000] {processor.py:156} INFO - Started process (PID=817) to work on /opt/airflow/dags/Cargar_datos.py
[2025-03-10T04:30:01.027+0000] {processor.py:799} INFO - Processing file /opt/airflow/dags/Cargar_datos.py for tasks to queue
[2025-03-10T04:30:01.027+0000] {logging_mixin.py:149} INFO - [2025-03-10T04:30:01.027+0000] {dagbag.py:541} INFO - Filling up the DagBag from /opt/airflow/dags/Cargar_datos.py
[2025-03-10T04:30:01.291+0000] {processor.py:809} INFO - DAG(s) dict_keys(['2-Cargar_data']) retrieved from /opt/airflow/dags/Cargar_datos.py
[2025-03-10T04:30:01.310+0000] {logging_mixin.py:149} INFO - [2025-03-10T04:30:01.310+0000] {dag.py:2726} INFO - Sync 1 DAGs
[2025-03-10T04:30:01.327+0000] {logging_mixin.py:149} INFO - [2025-03-10T04:30:01.326+0000] {dag.py:3490} INFO - Setting next_dagrun for 2-Cargar_data to None, run_after=None
[2025-03-10T04:30:01.341+0000] {processor.py:178} INFO - Processing /opt/airflow/dags/Cargar_datos.py took 0.318 seconds
[2025-03-10T04:30:32.437+0000] {processor.py:156} INFO - Started process (PID=926) to work on /opt/airflow/dags/Cargar_datos.py
[2025-03-10T04:30:32.438+0000] {processor.py:799} INFO - Processing file /opt/airflow/dags/Cargar_datos.py for tasks to queue
[2025-03-10T04:30:32.440+0000] {logging_mixin.py:149} INFO - [2025-03-10T04:30:32.439+0000] {dagbag.py:541} INFO - Filling up the DagBag from /opt/airflow/dags/Cargar_datos.py
[2025-03-10T04:30:32.718+0000] {processor.py:809} INFO - DAG(s) dict_keys(['2-Cargar_data']) retrieved from /opt/airflow/dags/Cargar_datos.py
[2025-03-10T04:30:32.735+0000] {logging_mixin.py:149} INFO - [2025-03-10T04:30:32.735+0000] {dag.py:2726} INFO - Sync 1 DAGs
[2025-03-10T04:30:32.751+0000] {logging_mixin.py:149} INFO - [2025-03-10T04:30:32.751+0000] {dag.py:3490} INFO - Setting next_dagrun for 2-Cargar_data to None, run_after=None
[2025-03-10T04:30:32.765+0000] {processor.py:178} INFO - Processing /opt/airflow/dags/Cargar_datos.py took 0.330 seconds
[2025-03-10T04:31:03.726+0000] {processor.py:156} INFO - Started process (PID=1035) to work on /opt/airflow/dags/Cargar_datos.py
[2025-03-10T04:31:03.727+0000] {processor.py:799} INFO - Processing file /opt/airflow/dags/Cargar_datos.py for tasks to queue
[2025-03-10T04:31:03.728+0000] {logging_mixin.py:149} INFO - [2025-03-10T04:31:03.728+0000] {dagbag.py:541} INFO - Filling up the DagBag from /opt/airflow/dags/Cargar_datos.py
[2025-03-10T04:31:04.051+0000] {processor.py:809} INFO - DAG(s) dict_keys(['2-Cargar_data']) retrieved from /opt/airflow/dags/Cargar_datos.py
[2025-03-10T04:31:04.078+0000] {logging_mixin.py:149} INFO - [2025-03-10T04:31:04.078+0000] {dag.py:2726} INFO - Sync 1 DAGs
[2025-03-10T04:31:04.097+0000] {logging_mixin.py:149} INFO - [2025-03-10T04:31:04.097+0000] {dag.py:3490} INFO - Setting next_dagrun for 2-Cargar_data to None, run_after=None
[2025-03-10T04:31:04.114+0000] {processor.py:178} INFO - Processing /opt/airflow/dags/Cargar_datos.py took 0.390 seconds
[2025-03-10T04:31:34.584+0000] {processor.py:156} INFO - Started process (PID=1144) to work on /opt/airflow/dags/Cargar_datos.py
[2025-03-10T04:31:34.585+0000] {processor.py:799} INFO - Processing file /opt/airflow/dags/Cargar_datos.py for tasks to queue
[2025-03-10T04:31:34.586+0000] {logging_mixin.py:149} INFO - [2025-03-10T04:31:34.586+0000] {dagbag.py:541} INFO - Filling up the DagBag from /opt/airflow/dags/Cargar_datos.py
[2025-03-10T04:31:34.845+0000] {processor.py:809} INFO - DAG(s) dict_keys(['2-Cargar_data']) retrieved from /opt/airflow/dags/Cargar_datos.py
[2025-03-10T04:31:34.863+0000] {logging_mixin.py:149} INFO - [2025-03-10T04:31:34.862+0000] {dag.py:2726} INFO - Sync 1 DAGs
[2025-03-10T04:31:34.883+0000] {logging_mixin.py:149} INFO - [2025-03-10T04:31:34.883+0000] {dag.py:3490} INFO - Setting next_dagrun for 2-Cargar_data to None, run_after=None
[2025-03-10T04:31:34.904+0000] {processor.py:178} INFO - Processing /opt/airflow/dags/Cargar_datos.py took 0.322 seconds
[2025-03-10T04:32:05.511+0000] {processor.py:156} INFO - Started process (PID=1253) to work on /opt/airflow/dags/Cargar_datos.py
[2025-03-10T04:32:05.512+0000] {processor.py:799} INFO - Processing file /opt/airflow/dags/Cargar_datos.py for tasks to queue
[2025-03-10T04:32:05.514+0000] {logging_mixin.py:149} INFO - [2025-03-10T04:32:05.514+0000] {dagbag.py:541} INFO - Filling up the DagBag from /opt/airflow/dags/Cargar_datos.py
[2025-03-10T04:32:05.781+0000] {processor.py:809} INFO - DAG(s) dict_keys(['2-Cargar_data']) retrieved from /opt/airflow/dags/Cargar_datos.py
[2025-03-10T04:32:05.801+0000] {logging_mixin.py:149} INFO - [2025-03-10T04:32:05.801+0000] {dag.py:2726} INFO - Sync 1 DAGs
[2025-03-10T04:32:05.817+0000] {logging_mixin.py:149} INFO - [2025-03-10T04:32:05.817+0000] {dag.py:3490} INFO - Setting next_dagrun for 2-Cargar_data to None, run_after=None
[2025-03-10T04:32:05.830+0000] {processor.py:178} INFO - Processing /opt/airflow/dags/Cargar_datos.py took 0.321 seconds
[2025-03-10T04:32:36.910+0000] {processor.py:156} INFO - Started process (PID=1362) to work on /opt/airflow/dags/Cargar_datos.py
[2025-03-10T04:32:36.911+0000] {processor.py:799} INFO - Processing file /opt/airflow/dags/Cargar_datos.py for tasks to queue
[2025-03-10T04:32:36.912+0000] {logging_mixin.py:149} INFO - [2025-03-10T04:32:36.912+0000] {dagbag.py:541} INFO - Filling up the DagBag from /opt/airflow/dags/Cargar_datos.py
[2025-03-10T04:32:37.156+0000] {processor.py:809} INFO - DAG(s) dict_keys(['2-Cargar_data']) retrieved from /opt/airflow/dags/Cargar_datos.py
[2025-03-10T04:32:37.174+0000] {logging_mixin.py:149} INFO - [2025-03-10T04:32:37.174+0000] {dag.py:2726} INFO - Sync 1 DAGs
[2025-03-10T04:32:37.190+0000] {logging_mixin.py:149} INFO - [2025-03-10T04:32:37.189+0000] {dag.py:3490} INFO - Setting next_dagrun for 2-Cargar_data to None, run_after=None
[2025-03-10T04:32:37.204+0000] {processor.py:178} INFO - Processing /opt/airflow/dags/Cargar_datos.py took 0.296 seconds
[2025-03-10T04:33:07.812+0000] {processor.py:156} INFO - Started process (PID=1471) to work on /opt/airflow/dags/Cargar_datos.py
[2025-03-10T04:33:07.813+0000] {processor.py:799} INFO - Processing file /opt/airflow/dags/Cargar_datos.py for tasks to queue
[2025-03-10T04:33:07.814+0000] {logging_mixin.py:149} INFO - [2025-03-10T04:33:07.814+0000] {dagbag.py:541} INFO - Filling up the DagBag from /opt/airflow/dags/Cargar_datos.py
[2025-03-10T04:33:08.108+0000] {processor.py:809} INFO - DAG(s) dict_keys(['2-Cargar_data']) retrieved from /opt/airflow/dags/Cargar_datos.py
[2025-03-10T04:33:08.128+0000] {logging_mixin.py:149} INFO - [2025-03-10T04:33:08.128+0000] {dag.py:2726} INFO - Sync 1 DAGs
[2025-03-10T04:33:08.147+0000] {logging_mixin.py:149} INFO - [2025-03-10T04:33:08.147+0000] {dag.py:3490} INFO - Setting next_dagrun for 2-Cargar_data to None, run_after=None
[2025-03-10T04:33:08.174+0000] {processor.py:178} INFO - Processing /opt/airflow/dags/Cargar_datos.py took 0.365 seconds
[2025-03-10T04:33:39.271+0000] {processor.py:156} INFO - Started process (PID=1580) to work on /opt/airflow/dags/Cargar_datos.py
[2025-03-10T04:33:39.272+0000] {processor.py:799} INFO - Processing file /opt/airflow/dags/Cargar_datos.py for tasks to queue
[2025-03-10T04:33:39.273+0000] {logging_mixin.py:149} INFO - [2025-03-10T04:33:39.273+0000] {dagbag.py:541} INFO - Filling up the DagBag from /opt/airflow/dags/Cargar_datos.py
[2025-03-10T04:33:39.531+0000] {processor.py:809} INFO - DAG(s) dict_keys(['2-Cargar_data']) retrieved from /opt/airflow/dags/Cargar_datos.py
[2025-03-10T04:33:39.552+0000] {logging_mixin.py:149} INFO - [2025-03-10T04:33:39.552+0000] {dag.py:2726} INFO - Sync 1 DAGs
[2025-03-10T04:33:39.569+0000] {logging_mixin.py:149} INFO - [2025-03-10T04:33:39.569+0000] {dag.py:3490} INFO - Setting next_dagrun for 2-Cargar_data to None, run_after=None
[2025-03-10T04:33:39.581+0000] {processor.py:178} INFO - Processing /opt/airflow/dags/Cargar_datos.py took 0.312 seconds
[2025-03-10T04:34:10.720+0000] {processor.py:156} INFO - Started process (PID=1690) to work on /opt/airflow/dags/Cargar_datos.py
[2025-03-10T04:34:10.721+0000] {processor.py:799} INFO - Processing file /opt/airflow/dags/Cargar_datos.py for tasks to queue
[2025-03-10T04:34:10.722+0000] {logging_mixin.py:149} INFO - [2025-03-10T04:34:10.722+0000] {dagbag.py:541} INFO - Filling up the DagBag from /opt/airflow/dags/Cargar_datos.py
[2025-03-10T04:34:10.998+0000] {processor.py:809} INFO - DAG(s) dict_keys(['2-Cargar_data']) retrieved from /opt/airflow/dags/Cargar_datos.py
[2025-03-10T04:34:11.017+0000] {logging_mixin.py:149} INFO - [2025-03-10T04:34:11.016+0000] {dag.py:2726} INFO - Sync 1 DAGs
[2025-03-10T04:34:11.034+0000] {logging_mixin.py:149} INFO - [2025-03-10T04:34:11.034+0000] {dag.py:3490} INFO - Setting next_dagrun for 2-Cargar_data to None, run_after=None
[2025-03-10T04:34:11.051+0000] {processor.py:178} INFO - Processing /opt/airflow/dags/Cargar_datos.py took 0.333 seconds
[2025-03-10T04:34:42.333+0000] {processor.py:156} INFO - Started process (PID=1799) to work on /opt/airflow/dags/Cargar_datos.py
[2025-03-10T04:34:42.334+0000] {processor.py:799} INFO - Processing file /opt/airflow/dags/Cargar_datos.py for tasks to queue
[2025-03-10T04:34:42.335+0000] {logging_mixin.py:149} INFO - [2025-03-10T04:34:42.335+0000] {dagbag.py:541} INFO - Filling up the DagBag from /opt/airflow/dags/Cargar_datos.py
[2025-03-10T04:34:42.631+0000] {processor.py:809} INFO - DAG(s) dict_keys(['2-Cargar_data']) retrieved from /opt/airflow/dags/Cargar_datos.py
[2025-03-10T04:34:42.652+0000] {logging_mixin.py:149} INFO - [2025-03-10T04:34:42.652+0000] {dag.py:2726} INFO - Sync 1 DAGs
[2025-03-10T04:34:42.671+0000] {logging_mixin.py:149} INFO - [2025-03-10T04:34:42.670+0000] {dag.py:3490} INFO - Setting next_dagrun for 2-Cargar_data to None, run_after=None
[2025-03-10T04:34:42.688+0000] {processor.py:178} INFO - Processing /opt/airflow/dags/Cargar_datos.py took 0.358 seconds
[2025-03-10T04:35:14.063+0000] {processor.py:156} INFO - Started process (PID=1908) to work on /opt/airflow/dags/Cargar_datos.py
[2025-03-10T04:35:14.066+0000] {processor.py:799} INFO - Processing file /opt/airflow/dags/Cargar_datos.py for tasks to queue
[2025-03-10T04:35:14.068+0000] {logging_mixin.py:149} INFO - [2025-03-10T04:35:14.068+0000] {dagbag.py:541} INFO - Filling up the DagBag from /opt/airflow/dags/Cargar_datos.py
[2025-03-10T04:35:14.333+0000] {processor.py:809} INFO - DAG(s) dict_keys(['2-Cargar_data']) retrieved from /opt/airflow/dags/Cargar_datos.py
[2025-03-10T04:35:14.354+0000] {logging_mixin.py:149} INFO - [2025-03-10T04:35:14.353+0000] {dag.py:2726} INFO - Sync 1 DAGs
[2025-03-10T04:35:14.370+0000] {logging_mixin.py:149} INFO - [2025-03-10T04:35:14.370+0000] {dag.py:3490} INFO - Setting next_dagrun for 2-Cargar_data to None, run_after=None
[2025-03-10T04:35:14.385+0000] {processor.py:178} INFO - Processing /opt/airflow/dags/Cargar_datos.py took 0.323 seconds
[2025-03-10T04:35:45.438+0000] {processor.py:156} INFO - Started process (PID=2017) to work on /opt/airflow/dags/Cargar_datos.py
[2025-03-10T04:35:45.438+0000] {processor.py:799} INFO - Processing file /opt/airflow/dags/Cargar_datos.py for tasks to queue
[2025-03-10T04:35:45.439+0000] {logging_mixin.py:149} INFO - [2025-03-10T04:35:45.439+0000] {dagbag.py:541} INFO - Filling up the DagBag from /opt/airflow/dags/Cargar_datos.py
[2025-03-10T04:35:45.705+0000] {processor.py:809} INFO - DAG(s) dict_keys(['2-Cargar_data']) retrieved from /opt/airflow/dags/Cargar_datos.py
[2025-03-10T04:35:45.724+0000] {logging_mixin.py:149} INFO - [2025-03-10T04:35:45.724+0000] {dag.py:2726} INFO - Sync 1 DAGs
[2025-03-10T04:35:45.741+0000] {logging_mixin.py:149} INFO - [2025-03-10T04:35:45.741+0000] {dag.py:3490} INFO - Setting next_dagrun for 2-Cargar_data to None, run_after=None
[2025-03-10T04:35:45.756+0000] {processor.py:178} INFO - Processing /opt/airflow/dags/Cargar_datos.py took 0.320 seconds
[2025-03-10T04:36:17.176+0000] {processor.py:156} INFO - Started process (PID=2126) to work on /opt/airflow/dags/Cargar_datos.py
[2025-03-10T04:36:17.178+0000] {processor.py:799} INFO - Processing file /opt/airflow/dags/Cargar_datos.py for tasks to queue
[2025-03-10T04:36:17.180+0000] {logging_mixin.py:149} INFO - [2025-03-10T04:36:17.180+0000] {dagbag.py:541} INFO - Filling up the DagBag from /opt/airflow/dags/Cargar_datos.py
[2025-03-10T04:36:17.571+0000] {processor.py:809} INFO - DAG(s) dict_keys(['2-Cargar_data']) retrieved from /opt/airflow/dags/Cargar_datos.py
[2025-03-10T04:36:17.591+0000] {logging_mixin.py:149} INFO - [2025-03-10T04:36:17.591+0000] {dag.py:2726} INFO - Sync 1 DAGs
[2025-03-10T04:36:17.607+0000] {logging_mixin.py:149} INFO - [2025-03-10T04:36:17.607+0000] {dag.py:3490} INFO - Setting next_dagrun for 2-Cargar_data to None, run_after=None
[2025-03-10T04:36:17.631+0000] {processor.py:178} INFO - Processing /opt/airflow/dags/Cargar_datos.py took 0.457 seconds
[2025-03-10T04:36:47.919+0000] {processor.py:156} INFO - Started process (PID=2235) to work on /opt/airflow/dags/Cargar_datos.py
[2025-03-10T04:36:47.920+0000] {processor.py:799} INFO - Processing file /opt/airflow/dags/Cargar_datos.py for tasks to queue
[2025-03-10T04:36:47.921+0000] {logging_mixin.py:149} INFO - [2025-03-10T04:36:47.921+0000] {dagbag.py:541} INFO - Filling up the DagBag from /opt/airflow/dags/Cargar_datos.py
[2025-03-10T04:36:48.208+0000] {processor.py:809} INFO - DAG(s) dict_keys(['2-Cargar_data']) retrieved from /opt/airflow/dags/Cargar_datos.py
[2025-03-10T04:36:48.225+0000] {logging_mixin.py:149} INFO - [2025-03-10T04:36:48.225+0000] {dag.py:2726} INFO - Sync 1 DAGs
[2025-03-10T04:36:48.241+0000] {logging_mixin.py:149} INFO - [2025-03-10T04:36:48.241+0000] {dag.py:3490} INFO - Setting next_dagrun for 2-Cargar_data to None, run_after=None
[2025-03-10T04:36:48.253+0000] {processor.py:178} INFO - Processing /opt/airflow/dags/Cargar_datos.py took 0.336 seconds
[2025-03-10T04:37:19.169+0000] {processor.py:156} INFO - Started process (PID=2344) to work on /opt/airflow/dags/Cargar_datos.py
[2025-03-10T04:37:19.170+0000] {processor.py:799} INFO - Processing file /opt/airflow/dags/Cargar_datos.py for tasks to queue
[2025-03-10T04:37:19.171+0000] {logging_mixin.py:149} INFO - [2025-03-10T04:37:19.171+0000] {dagbag.py:541} INFO - Filling up the DagBag from /opt/airflow/dags/Cargar_datos.py
[2025-03-10T04:37:19.443+0000] {processor.py:809} INFO - DAG(s) dict_keys(['2-Cargar_data']) retrieved from /opt/airflow/dags/Cargar_datos.py
[2025-03-10T04:37:19.462+0000] {logging_mixin.py:149} INFO - [2025-03-10T04:37:19.462+0000] {dag.py:2726} INFO - Sync 1 DAGs
[2025-03-10T04:37:19.479+0000] {logging_mixin.py:149} INFO - [2025-03-10T04:37:19.478+0000] {dag.py:3490} INFO - Setting next_dagrun for 2-Cargar_data to None, run_after=None
[2025-03-10T04:37:19.496+0000] {processor.py:178} INFO - Processing /opt/airflow/dags/Cargar_datos.py took 0.329 seconds
[2025-03-10T04:37:50.822+0000] {processor.py:156} INFO - Started process (PID=2453) to work on /opt/airflow/dags/Cargar_datos.py
[2025-03-10T04:37:50.823+0000] {processor.py:799} INFO - Processing file /opt/airflow/dags/Cargar_datos.py for tasks to queue
[2025-03-10T04:37:50.824+0000] {logging_mixin.py:149} INFO - [2025-03-10T04:37:50.823+0000] {dagbag.py:541} INFO - Filling up the DagBag from /opt/airflow/dags/Cargar_datos.py
[2025-03-10T04:37:51.098+0000] {processor.py:809} INFO - DAG(s) dict_keys(['2-Cargar_data']) retrieved from /opt/airflow/dags/Cargar_datos.py
[2025-03-10T04:37:51.118+0000] {logging_mixin.py:149} INFO - [2025-03-10T04:37:51.118+0000] {dag.py:2726} INFO - Sync 1 DAGs
[2025-03-10T04:37:51.135+0000] {logging_mixin.py:149} INFO - [2025-03-10T04:37:51.135+0000] {dag.py:3490} INFO - Setting next_dagrun for 2-Cargar_data to None, run_after=None
[2025-03-10T04:37:51.151+0000] {processor.py:178} INFO - Processing /opt/airflow/dags/Cargar_datos.py took 0.331 seconds
[2025-03-10T04:38:22.169+0000] {processor.py:156} INFO - Started process (PID=2569) to work on /opt/airflow/dags/Cargar_datos.py
[2025-03-10T04:38:22.170+0000] {processor.py:799} INFO - Processing file /opt/airflow/dags/Cargar_datos.py for tasks to queue
[2025-03-10T04:38:22.171+0000] {logging_mixin.py:149} INFO - [2025-03-10T04:38:22.171+0000] {dagbag.py:541} INFO - Filling up the DagBag from /opt/airflow/dags/Cargar_datos.py
[2025-03-10T04:38:22.452+0000] {processor.py:809} INFO - DAG(s) dict_keys(['2-Cargar_data']) retrieved from /opt/airflow/dags/Cargar_datos.py
[2025-03-10T04:38:22.472+0000] {logging_mixin.py:149} INFO - [2025-03-10T04:38:22.471+0000] {dag.py:2726} INFO - Sync 1 DAGs
[2025-03-10T04:38:22.488+0000] {logging_mixin.py:149} INFO - [2025-03-10T04:38:22.487+0000] {dag.py:3490} INFO - Setting next_dagrun for 2-Cargar_data to None, run_after=None
[2025-03-10T04:38:22.501+0000] {processor.py:178} INFO - Processing /opt/airflow/dags/Cargar_datos.py took 0.334 seconds
[2025-03-10T04:38:53.453+0000] {processor.py:156} INFO - Started process (PID=2678) to work on /opt/airflow/dags/Cargar_datos.py
[2025-03-10T04:38:53.454+0000] {processor.py:799} INFO - Processing file /opt/airflow/dags/Cargar_datos.py for tasks to queue
[2025-03-10T04:38:53.455+0000] {logging_mixin.py:149} INFO - [2025-03-10T04:38:53.455+0000] {dagbag.py:541} INFO - Filling up the DagBag from /opt/airflow/dags/Cargar_datos.py
[2025-03-10T04:38:53.727+0000] {processor.py:809} INFO - DAG(s) dict_keys(['2-Cargar_data']) retrieved from /opt/airflow/dags/Cargar_datos.py
[2025-03-10T04:38:53.744+0000] {logging_mixin.py:149} INFO - [2025-03-10T04:38:53.744+0000] {dag.py:2726} INFO - Sync 1 DAGs
[2025-03-10T04:38:53.760+0000] {logging_mixin.py:149} INFO - [2025-03-10T04:38:53.759+0000] {dag.py:3490} INFO - Setting next_dagrun for 2-Cargar_data to None, run_after=None
[2025-03-10T04:38:53.775+0000] {processor.py:178} INFO - Processing /opt/airflow/dags/Cargar_datos.py took 0.324 seconds
[2025-03-10T04:39:25.269+0000] {processor.py:156} INFO - Started process (PID=2787) to work on /opt/airflow/dags/Cargar_datos.py
[2025-03-10T04:39:25.270+0000] {processor.py:799} INFO - Processing file /opt/airflow/dags/Cargar_datos.py for tasks to queue
[2025-03-10T04:39:25.270+0000] {logging_mixin.py:149} INFO - [2025-03-10T04:39:25.270+0000] {dagbag.py:541} INFO - Filling up the DagBag from /opt/airflow/dags/Cargar_datos.py
[2025-03-10T04:39:25.551+0000] {processor.py:809} INFO - DAG(s) dict_keys(['2-Cargar_data']) retrieved from /opt/airflow/dags/Cargar_datos.py
[2025-03-10T04:39:25.573+0000] {logging_mixin.py:149} INFO - [2025-03-10T04:39:25.573+0000] {dag.py:2726} INFO - Sync 1 DAGs
[2025-03-10T04:39:25.592+0000] {logging_mixin.py:149} INFO - [2025-03-10T04:39:25.592+0000] {dag.py:3490} INFO - Setting next_dagrun for 2-Cargar_data to None, run_after=None
[2025-03-10T04:39:25.608+0000] {processor.py:178} INFO - Processing /opt/airflow/dags/Cargar_datos.py took 0.341 seconds
[2025-03-10T04:39:56.887+0000] {processor.py:156} INFO - Started process (PID=2896) to work on /opt/airflow/dags/Cargar_datos.py
[2025-03-10T04:39:56.888+0000] {processor.py:799} INFO - Processing file /opt/airflow/dags/Cargar_datos.py for tasks to queue
[2025-03-10T04:39:56.889+0000] {logging_mixin.py:149} INFO - [2025-03-10T04:39:56.889+0000] {dagbag.py:541} INFO - Filling up the DagBag from /opt/airflow/dags/Cargar_datos.py
[2025-03-10T04:39:57.144+0000] {processor.py:809} INFO - DAG(s) dict_keys(['2-Cargar_data']) retrieved from /opt/airflow/dags/Cargar_datos.py
[2025-03-10T04:39:57.164+0000] {logging_mixin.py:149} INFO - [2025-03-10T04:39:57.164+0000] {dag.py:2726} INFO - Sync 1 DAGs
[2025-03-10T04:39:57.180+0000] {logging_mixin.py:149} INFO - [2025-03-10T04:39:57.180+0000] {dag.py:3490} INFO - Setting next_dagrun for 2-Cargar_data to None, run_after=None
[2025-03-10T04:39:57.193+0000] {processor.py:178} INFO - Processing /opt/airflow/dags/Cargar_datos.py took 0.307 seconds
[2025-03-10T04:40:28.279+0000] {processor.py:156} INFO - Started process (PID=3005) to work on /opt/airflow/dags/Cargar_datos.py
[2025-03-10T04:40:28.281+0000] {processor.py:799} INFO - Processing file /opt/airflow/dags/Cargar_datos.py for tasks to queue
[2025-03-10T04:40:28.281+0000] {logging_mixin.py:149} INFO - [2025-03-10T04:40:28.281+0000] {dagbag.py:541} INFO - Filling up the DagBag from /opt/airflow/dags/Cargar_datos.py
[2025-03-10T04:40:28.531+0000] {processor.py:809} INFO - DAG(s) dict_keys(['2-Cargar_data']) retrieved from /opt/airflow/dags/Cargar_datos.py
[2025-03-10T04:40:28.551+0000] {logging_mixin.py:149} INFO - [2025-03-10T04:40:28.551+0000] {dag.py:2726} INFO - Sync 1 DAGs
[2025-03-10T04:40:28.568+0000] {logging_mixin.py:149} INFO - [2025-03-10T04:40:28.568+0000] {dag.py:3490} INFO - Setting next_dagrun for 2-Cargar_data to None, run_after=None
[2025-03-10T04:40:28.580+0000] {processor.py:178} INFO - Processing /opt/airflow/dags/Cargar_datos.py took 0.303 seconds
[2025-03-10T04:40:59.263+0000] {processor.py:156} INFO - Started process (PID=3114) to work on /opt/airflow/dags/Cargar_datos.py
[2025-03-10T04:40:59.264+0000] {processor.py:799} INFO - Processing file /opt/airflow/dags/Cargar_datos.py for tasks to queue
[2025-03-10T04:40:59.265+0000] {logging_mixin.py:149} INFO - [2025-03-10T04:40:59.264+0000] {dagbag.py:541} INFO - Filling up the DagBag from /opt/airflow/dags/Cargar_datos.py
[2025-03-10T04:40:59.540+0000] {processor.py:809} INFO - DAG(s) dict_keys(['2-Cargar_data']) retrieved from /opt/airflow/dags/Cargar_datos.py
[2025-03-10T04:40:59.560+0000] {logging_mixin.py:149} INFO - [2025-03-10T04:40:59.560+0000] {dag.py:2726} INFO - Sync 1 DAGs
[2025-03-10T04:40:59.578+0000] {logging_mixin.py:149} INFO - [2025-03-10T04:40:59.578+0000] {dag.py:3490} INFO - Setting next_dagrun for 2-Cargar_data to None, run_after=None
[2025-03-10T04:40:59.597+0000] {processor.py:178} INFO - Processing /opt/airflow/dags/Cargar_datos.py took 0.337 seconds
[2025-03-10T04:41:30.093+0000] {processor.py:156} INFO - Started process (PID=3223) to work on /opt/airflow/dags/Cargar_datos.py
[2025-03-10T04:41:30.094+0000] {processor.py:799} INFO - Processing file /opt/airflow/dags/Cargar_datos.py for tasks to queue
[2025-03-10T04:41:30.094+0000] {logging_mixin.py:149} INFO - [2025-03-10T04:41:30.094+0000] {dagbag.py:541} INFO - Filling up the DagBag from /opt/airflow/dags/Cargar_datos.py
[2025-03-10T04:41:30.385+0000] {processor.py:809} INFO - DAG(s) dict_keys(['2-Cargar_data']) retrieved from /opt/airflow/dags/Cargar_datos.py
[2025-03-10T04:41:30.409+0000] {logging_mixin.py:149} INFO - [2025-03-10T04:41:30.408+0000] {dag.py:2726} INFO - Sync 1 DAGs
[2025-03-10T04:41:30.427+0000] {logging_mixin.py:149} INFO - [2025-03-10T04:41:30.427+0000] {dag.py:3490} INFO - Setting next_dagrun for 2-Cargar_data to None, run_after=None
[2025-03-10T04:41:30.440+0000] {processor.py:178} INFO - Processing /opt/airflow/dags/Cargar_datos.py took 0.350 seconds
[2025-03-10T04:42:01.529+0000] {processor.py:156} INFO - Started process (PID=3332) to work on /opt/airflow/dags/Cargar_datos.py
[2025-03-10T04:42:01.530+0000] {processor.py:799} INFO - Processing file /opt/airflow/dags/Cargar_datos.py for tasks to queue
[2025-03-10T04:42:01.530+0000] {logging_mixin.py:149} INFO - [2025-03-10T04:42:01.530+0000] {dagbag.py:541} INFO - Filling up the DagBag from /opt/airflow/dags/Cargar_datos.py
[2025-03-10T04:42:01.786+0000] {processor.py:809} INFO - DAG(s) dict_keys(['2-Cargar_data']) retrieved from /opt/airflow/dags/Cargar_datos.py
[2025-03-10T04:42:01.803+0000] {logging_mixin.py:149} INFO - [2025-03-10T04:42:01.802+0000] {dag.py:2726} INFO - Sync 1 DAGs
[2025-03-10T04:42:01.819+0000] {logging_mixin.py:149} INFO - [2025-03-10T04:42:01.819+0000] {dag.py:3490} INFO - Setting next_dagrun for 2-Cargar_data to None, run_after=None
[2025-03-10T04:42:01.832+0000] {processor.py:178} INFO - Processing /opt/airflow/dags/Cargar_datos.py took 0.305 seconds
[2025-03-10T04:42:33.256+0000] {processor.py:156} INFO - Started process (PID=3441) to work on /opt/airflow/dags/Cargar_datos.py
[2025-03-10T04:42:33.257+0000] {processor.py:799} INFO - Processing file /opt/airflow/dags/Cargar_datos.py for tasks to queue
[2025-03-10T04:42:33.258+0000] {logging_mixin.py:149} INFO - [2025-03-10T04:42:33.258+0000] {dagbag.py:541} INFO - Filling up the DagBag from /opt/airflow/dags/Cargar_datos.py
[2025-03-10T04:42:33.541+0000] {processor.py:809} INFO - DAG(s) dict_keys(['2-Cargar_data']) retrieved from /opt/airflow/dags/Cargar_datos.py
[2025-03-10T04:42:33.563+0000] {logging_mixin.py:149} INFO - [2025-03-10T04:42:33.563+0000] {dag.py:2726} INFO - Sync 1 DAGs
[2025-03-10T04:42:33.581+0000] {logging_mixin.py:149} INFO - [2025-03-10T04:42:33.581+0000] {dag.py:3490} INFO - Setting next_dagrun for 2-Cargar_data to None, run_after=None
[2025-03-10T04:42:33.595+0000] {processor.py:178} INFO - Processing /opt/airflow/dags/Cargar_datos.py took 0.343 seconds
[2025-03-10T04:43:04.934+0000] {processor.py:156} INFO - Started process (PID=3550) to work on /opt/airflow/dags/Cargar_datos.py
[2025-03-10T04:43:04.935+0000] {processor.py:799} INFO - Processing file /opt/airflow/dags/Cargar_datos.py for tasks to queue
[2025-03-10T04:43:04.936+0000] {logging_mixin.py:149} INFO - [2025-03-10T04:43:04.936+0000] {dagbag.py:541} INFO - Filling up the DagBag from /opt/airflow/dags/Cargar_datos.py
[2025-03-10T04:43:05.224+0000] {processor.py:809} INFO - DAG(s) dict_keys(['2-Cargar_data']) retrieved from /opt/airflow/dags/Cargar_datos.py
[2025-03-10T04:43:05.241+0000] {logging_mixin.py:149} INFO - [2025-03-10T04:43:05.241+0000] {dag.py:2726} INFO - Sync 1 DAGs
[2025-03-10T04:43:05.257+0000] {logging_mixin.py:149} INFO - [2025-03-10T04:43:05.257+0000] {dag.py:3490} INFO - Setting next_dagrun for 2-Cargar_data to None, run_after=None
[2025-03-10T04:43:05.269+0000] {processor.py:178} INFO - Processing /opt/airflow/dags/Cargar_datos.py took 0.337 seconds
[2025-03-10T04:43:36.132+0000] {processor.py:156} INFO - Started process (PID=3659) to work on /opt/airflow/dags/Cargar_datos.py
[2025-03-10T04:43:36.133+0000] {processor.py:799} INFO - Processing file /opt/airflow/dags/Cargar_datos.py for tasks to queue
[2025-03-10T04:43:36.133+0000] {logging_mixin.py:149} INFO - [2025-03-10T04:43:36.133+0000] {dagbag.py:541} INFO - Filling up the DagBag from /opt/airflow/dags/Cargar_datos.py
[2025-03-10T04:43:36.387+0000] {processor.py:809} INFO - DAG(s) dict_keys(['2-Cargar_data']) retrieved from /opt/airflow/dags/Cargar_datos.py
[2025-03-10T04:43:36.407+0000] {logging_mixin.py:149} INFO - [2025-03-10T04:43:36.407+0000] {dag.py:2726} INFO - Sync 1 DAGs
[2025-03-10T04:43:36.424+0000] {logging_mixin.py:149} INFO - [2025-03-10T04:43:36.424+0000] {dag.py:3490} INFO - Setting next_dagrun for 2-Cargar_data to None, run_after=None
[2025-03-10T04:43:36.438+0000] {processor.py:178} INFO - Processing /opt/airflow/dags/Cargar_datos.py took 0.309 seconds
[2025-03-10T04:44:07.555+0000] {processor.py:156} INFO - Started process (PID=3768) to work on /opt/airflow/dags/Cargar_datos.py
[2025-03-10T04:44:07.556+0000] {processor.py:799} INFO - Processing file /opt/airflow/dags/Cargar_datos.py for tasks to queue
[2025-03-10T04:44:07.557+0000] {logging_mixin.py:149} INFO - [2025-03-10T04:44:07.557+0000] {dagbag.py:541} INFO - Filling up the DagBag from /opt/airflow/dags/Cargar_datos.py
[2025-03-10T04:44:07.819+0000] {processor.py:809} INFO - DAG(s) dict_keys(['2-Cargar_data']) retrieved from /opt/airflow/dags/Cargar_datos.py
[2025-03-10T04:44:07.837+0000] {logging_mixin.py:149} INFO - [2025-03-10T04:44:07.836+0000] {dag.py:2726} INFO - Sync 1 DAGs
[2025-03-10T04:44:07.853+0000] {logging_mixin.py:149} INFO - [2025-03-10T04:44:07.853+0000] {dag.py:3490} INFO - Setting next_dagrun for 2-Cargar_data to None, run_after=None
[2025-03-10T04:44:07.868+0000] {processor.py:178} INFO - Processing /opt/airflow/dags/Cargar_datos.py took 0.315 seconds
[2025-03-10T04:44:39.206+0000] {processor.py:156} INFO - Started process (PID=3877) to work on /opt/airflow/dags/Cargar_datos.py
[2025-03-10T04:44:39.207+0000] {processor.py:799} INFO - Processing file /opt/airflow/dags/Cargar_datos.py for tasks to queue
[2025-03-10T04:44:39.208+0000] {logging_mixin.py:149} INFO - [2025-03-10T04:44:39.208+0000] {dagbag.py:541} INFO - Filling up the DagBag from /opt/airflow/dags/Cargar_datos.py
[2025-03-10T04:44:39.478+0000] {processor.py:809} INFO - DAG(s) dict_keys(['2-Cargar_data']) retrieved from /opt/airflow/dags/Cargar_datos.py
[2025-03-10T04:44:39.497+0000] {logging_mixin.py:149} INFO - [2025-03-10T04:44:39.496+0000] {dag.py:2726} INFO - Sync 1 DAGs
[2025-03-10T04:44:39.513+0000] {logging_mixin.py:149} INFO - [2025-03-10T04:44:39.513+0000] {dag.py:3490} INFO - Setting next_dagrun for 2-Cargar_data to None, run_after=None
[2025-03-10T04:44:39.533+0000] {processor.py:178} INFO - Processing /opt/airflow/dags/Cargar_datos.py took 0.329 seconds
[2025-03-10T04:45:09.886+0000] {processor.py:156} INFO - Started process (PID=3947) to work on /opt/airflow/dags/Cargar_datos.py
[2025-03-10T04:45:09.887+0000] {processor.py:799} INFO - Processing file /opt/airflow/dags/Cargar_datos.py for tasks to queue
[2025-03-10T04:45:09.888+0000] {logging_mixin.py:149} INFO - [2025-03-10T04:45:09.888+0000] {dagbag.py:541} INFO - Filling up the DagBag from /opt/airflow/dags/Cargar_datos.py
[2025-03-10T04:45:10.204+0000] {processor.py:809} INFO - DAG(s) dict_keys(['2-Cargar_data']) retrieved from /opt/airflow/dags/Cargar_datos.py
[2025-03-10T04:45:10.225+0000] {logging_mixin.py:149} INFO - [2025-03-10T04:45:10.225+0000] {dag.py:2726} INFO - Sync 1 DAGs
[2025-03-10T04:45:10.275+0000] {logging_mixin.py:149} INFO - [2025-03-10T04:45:10.275+0000] {dag.py:3490} INFO - Setting next_dagrun for 2-Cargar_data to None, run_after=None
[2025-03-10T04:45:10.310+0000] {processor.py:178} INFO - Processing /opt/airflow/dags/Cargar_datos.py took 0.426 seconds
[2025-03-10T04:45:40.555+0000] {processor.py:156} INFO - Started process (PID=4055) to work on /opt/airflow/dags/Cargar_datos.py
[2025-03-10T04:45:40.556+0000] {processor.py:799} INFO - Processing file /opt/airflow/dags/Cargar_datos.py for tasks to queue
[2025-03-10T04:45:40.559+0000] {logging_mixin.py:149} INFO - [2025-03-10T04:45:40.558+0000] {dagbag.py:541} INFO - Filling up the DagBag from /opt/airflow/dags/Cargar_datos.py
[2025-03-10T04:45:40.892+0000] {processor.py:809} INFO - DAG(s) dict_keys(['2-Cargar_data']) retrieved from /opt/airflow/dags/Cargar_datos.py
[2025-03-10T04:45:40.911+0000] {logging_mixin.py:149} INFO - [2025-03-10T04:45:40.910+0000] {dag.py:2726} INFO - Sync 1 DAGs
[2025-03-10T04:45:41.009+0000] {logging_mixin.py:149} INFO - [2025-03-10T04:45:41.009+0000] {dag.py:3490} INFO - Setting next_dagrun for 2-Cargar_data to None, run_after=None
[2025-03-10T04:45:41.022+0000] {processor.py:178} INFO - Processing /opt/airflow/dags/Cargar_datos.py took 0.469 seconds
[2025-03-10T04:46:11.574+0000] {processor.py:156} INFO - Started process (PID=4166) to work on /opt/airflow/dags/Cargar_datos.py
[2025-03-10T04:46:11.576+0000] {processor.py:799} INFO - Processing file /opt/airflow/dags/Cargar_datos.py for tasks to queue
[2025-03-10T04:46:11.578+0000] {logging_mixin.py:149} INFO - [2025-03-10T04:46:11.577+0000] {dagbag.py:541} INFO - Filling up the DagBag from /opt/airflow/dags/Cargar_datos.py
[2025-03-10T04:46:11.942+0000] {processor.py:809} INFO - DAG(s) dict_keys(['2-Cargar_data']) retrieved from /opt/airflow/dags/Cargar_datos.py
[2025-03-10T04:46:11.961+0000] {logging_mixin.py:149} INFO - [2025-03-10T04:46:11.961+0000] {dag.py:2726} INFO - Sync 1 DAGs
[2025-03-10T04:46:11.979+0000] {logging_mixin.py:149} INFO - [2025-03-10T04:46:11.979+0000] {dag.py:3490} INFO - Setting next_dagrun for 2-Cargar_data to None, run_after=None
[2025-03-10T04:46:11.997+0000] {processor.py:178} INFO - Processing /opt/airflow/dags/Cargar_datos.py took 0.426 seconds
[2025-03-10T04:46:42.058+0000] {processor.py:156} INFO - Started process (PID=4254) to work on /opt/airflow/dags/Cargar_datos.py
[2025-03-10T04:46:42.059+0000] {processor.py:799} INFO - Processing file /opt/airflow/dags/Cargar_datos.py for tasks to queue
[2025-03-10T04:46:42.060+0000] {logging_mixin.py:149} INFO - [2025-03-10T04:46:42.060+0000] {dagbag.py:541} INFO - Filling up the DagBag from /opt/airflow/dags/Cargar_datos.py
[2025-03-10T04:46:42.364+0000] {processor.py:809} INFO - DAG(s) dict_keys(['2-Cargar_data']) retrieved from /opt/airflow/dags/Cargar_datos.py
[2025-03-10T04:46:42.398+0000] {logging_mixin.py:149} INFO - [2025-03-10T04:46:42.397+0000] {dag.py:2726} INFO - Sync 1 DAGs
[2025-03-10T04:46:42.414+0000] {logging_mixin.py:149} INFO - [2025-03-10T04:46:42.414+0000] {dag.py:3490} INFO - Setting next_dagrun for 2-Cargar_data to None, run_after=None
[2025-03-10T04:46:42.431+0000] {processor.py:178} INFO - Processing /opt/airflow/dags/Cargar_datos.py took 0.376 seconds
[2025-03-10T04:47:13.141+0000] {processor.py:156} INFO - Started process (PID=4344) to work on /opt/airflow/dags/Cargar_datos.py
[2025-03-10T04:47:13.142+0000] {processor.py:799} INFO - Processing file /opt/airflow/dags/Cargar_datos.py for tasks to queue
[2025-03-10T04:47:13.143+0000] {logging_mixin.py:149} INFO - [2025-03-10T04:47:13.143+0000] {dagbag.py:541} INFO - Filling up the DagBag from /opt/airflow/dags/Cargar_datos.py
[2025-03-10T04:47:13.467+0000] {processor.py:809} INFO - DAG(s) dict_keys(['2-Cargar_data']) retrieved from /opt/airflow/dags/Cargar_datos.py
[2025-03-10T04:47:13.491+0000] {logging_mixin.py:149} INFO - [2025-03-10T04:47:13.490+0000] {dag.py:2726} INFO - Sync 1 DAGs
[2025-03-10T04:47:13.510+0000] {logging_mixin.py:149} INFO - [2025-03-10T04:47:13.510+0000] {dag.py:3490} INFO - Setting next_dagrun for 2-Cargar_data to None, run_after=None
[2025-03-10T04:47:13.525+0000] {processor.py:178} INFO - Processing /opt/airflow/dags/Cargar_datos.py took 0.386 seconds
[2025-03-10T04:47:43.735+0000] {processor.py:156} INFO - Started process (PID=4452) to work on /opt/airflow/dags/Cargar_datos.py
[2025-03-10T04:47:43.736+0000] {processor.py:799} INFO - Processing file /opt/airflow/dags/Cargar_datos.py for tasks to queue
[2025-03-10T04:47:43.739+0000] {logging_mixin.py:149} INFO - [2025-03-10T04:47:43.739+0000] {dagbag.py:541} INFO - Filling up the DagBag from /opt/airflow/dags/Cargar_datos.py
[2025-03-10T04:47:44.103+0000] {processor.py:809} INFO - DAG(s) dict_keys(['2-Cargar_data']) retrieved from /opt/airflow/dags/Cargar_datos.py
[2025-03-10T04:47:44.124+0000] {logging_mixin.py:149} INFO - [2025-03-10T04:47:44.124+0000] {dag.py:2726} INFO - Sync 1 DAGs
[2025-03-10T04:47:44.142+0000] {logging_mixin.py:149} INFO - [2025-03-10T04:47:44.142+0000] {dag.py:3490} INFO - Setting next_dagrun for 2-Cargar_data to None, run_after=None
[2025-03-10T04:47:44.163+0000] {processor.py:178} INFO - Processing /opt/airflow/dags/Cargar_datos.py took 0.431 seconds
[2025-03-10T04:48:14.957+0000] {processor.py:156} INFO - Started process (PID=4561) to work on /opt/airflow/dags/Cargar_datos.py
[2025-03-10T04:48:14.958+0000] {processor.py:799} INFO - Processing file /opt/airflow/dags/Cargar_datos.py for tasks to queue
[2025-03-10T04:48:14.960+0000] {logging_mixin.py:149} INFO - [2025-03-10T04:48:14.960+0000] {dagbag.py:541} INFO - Filling up the DagBag from /opt/airflow/dags/Cargar_datos.py
[2025-03-10T04:48:15.287+0000] {processor.py:809} INFO - DAG(s) dict_keys(['2-Cargar_data']) retrieved from /opt/airflow/dags/Cargar_datos.py
[2025-03-10T04:48:15.304+0000] {logging_mixin.py:149} INFO - [2025-03-10T04:48:15.304+0000] {dag.py:2726} INFO - Sync 1 DAGs
[2025-03-10T04:48:15.321+0000] {logging_mixin.py:149} INFO - [2025-03-10T04:48:15.321+0000] {dag.py:3490} INFO - Setting next_dagrun for 2-Cargar_data to None, run_after=None
[2025-03-10T04:48:15.448+0000] {processor.py:178} INFO - Processing /opt/airflow/dags/Cargar_datos.py took 0.493 seconds
[2025-03-10T04:48:46.971+0000] {processor.py:156} INFO - Started process (PID=4750) to work on /opt/airflow/dags/Cargar_datos.py
[2025-03-10T04:48:46.972+0000] {processor.py:799} INFO - Processing file /opt/airflow/dags/Cargar_datos.py for tasks to queue
[2025-03-10T04:48:46.972+0000] {logging_mixin.py:149} INFO - [2025-03-10T04:48:46.972+0000] {dagbag.py:541} INFO - Filling up the DagBag from /opt/airflow/dags/Cargar_datos.py
[2025-03-10T04:48:47.239+0000] {processor.py:809} INFO - DAG(s) dict_keys(['2-Cargar_data']) retrieved from /opt/airflow/dags/Cargar_datos.py
[2025-03-10T04:48:47.258+0000] {logging_mixin.py:149} INFO - [2025-03-10T04:48:47.257+0000] {dag.py:2726} INFO - Sync 1 DAGs
[2025-03-10T04:48:47.274+0000] {logging_mixin.py:149} INFO - [2025-03-10T04:48:47.273+0000] {dag.py:3490} INFO - Setting next_dagrun for 2-Cargar_data to None, run_after=None
[2025-03-10T04:48:47.290+0000] {processor.py:178} INFO - Processing /opt/airflow/dags/Cargar_datos.py took 0.322 seconds
[2025-03-10T04:49:18.430+0000] {processor.py:156} INFO - Started process (PID=4859) to work on /opt/airflow/dags/Cargar_datos.py
[2025-03-10T04:49:18.431+0000] {processor.py:799} INFO - Processing file /opt/airflow/dags/Cargar_datos.py for tasks to queue
[2025-03-10T04:49:18.431+0000] {logging_mixin.py:149} INFO - [2025-03-10T04:49:18.431+0000] {dagbag.py:541} INFO - Filling up the DagBag from /opt/airflow/dags/Cargar_datos.py
[2025-03-10T04:49:18.737+0000] {processor.py:809} INFO - DAG(s) dict_keys(['2-Cargar_data']) retrieved from /opt/airflow/dags/Cargar_datos.py
[2025-03-10T04:49:18.759+0000] {logging_mixin.py:149} INFO - [2025-03-10T04:49:18.759+0000] {dag.py:2726} INFO - Sync 1 DAGs
[2025-03-10T04:49:18.868+0000] {logging_mixin.py:149} INFO - [2025-03-10T04:49:18.868+0000] {dag.py:3490} INFO - Setting next_dagrun for 2-Cargar_data to None, run_after=None
[2025-03-10T04:49:18.880+0000] {processor.py:178} INFO - Processing /opt/airflow/dags/Cargar_datos.py took 0.452 seconds
[2025-03-10T04:49:49.686+0000] {processor.py:156} INFO - Started process (PID=4968) to work on /opt/airflow/dags/Cargar_datos.py
[2025-03-10T04:49:49.687+0000] {processor.py:799} INFO - Processing file /opt/airflow/dags/Cargar_datos.py for tasks to queue
[2025-03-10T04:49:49.687+0000] {logging_mixin.py:149} INFO - [2025-03-10T04:49:49.687+0000] {dagbag.py:541} INFO - Filling up the DagBag from /opt/airflow/dags/Cargar_datos.py
[2025-03-10T04:49:49.942+0000] {processor.py:809} INFO - DAG(s) dict_keys(['2-Cargar_data']) retrieved from /opt/airflow/dags/Cargar_datos.py
[2025-03-10T04:49:50.045+0000] {logging_mixin.py:149} INFO - [2025-03-10T04:49:49.962+0000] {dag.py:2726} INFO - Sync 1 DAGs
[2025-03-10T04:49:50.059+0000] {logging_mixin.py:149} INFO - [2025-03-10T04:49:50.059+0000] {dag.py:3490} INFO - Setting next_dagrun for 2-Cargar_data to None, run_after=None
[2025-03-10T04:49:50.073+0000] {processor.py:178} INFO - Processing /opt/airflow/dags/Cargar_datos.py took 0.390 seconds
[2025-03-10T04:50:21.157+0000] {processor.py:156} INFO - Started process (PID=5077) to work on /opt/airflow/dags/Cargar_datos.py
[2025-03-10T04:50:21.158+0000] {processor.py:799} INFO - Processing file /opt/airflow/dags/Cargar_datos.py for tasks to queue
[2025-03-10T04:50:21.159+0000] {logging_mixin.py:149} INFO - [2025-03-10T04:50:21.159+0000] {dagbag.py:541} INFO - Filling up the DagBag from /opt/airflow/dags/Cargar_datos.py
[2025-03-10T04:50:21.431+0000] {processor.py:809} INFO - DAG(s) dict_keys(['2-Cargar_data']) retrieved from /opt/airflow/dags/Cargar_datos.py
[2025-03-10T04:50:21.449+0000] {logging_mixin.py:149} INFO - [2025-03-10T04:50:21.449+0000] {dag.py:2726} INFO - Sync 1 DAGs
[2025-03-10T04:50:21.465+0000] {logging_mixin.py:149} INFO - [2025-03-10T04:50:21.465+0000] {dag.py:3490} INFO - Setting next_dagrun for 2-Cargar_data to None, run_after=None
[2025-03-10T04:50:21.480+0000] {processor.py:178} INFO - Processing /opt/airflow/dags/Cargar_datos.py took 0.325 seconds
