[2025-03-10T04:26:51.707+0000] {processor.py:156} INFO - Started process (PID=83) to work on /opt/airflow/dags/Procesa_data.py
[2025-03-10T04:26:51.708+0000] {processor.py:799} INFO - Processing file /opt/airflow/dags/Procesa_data.py for tasks to queue
[2025-03-10T04:26:51.709+0000] {logging_mixin.py:149} INFO - [2025-03-10T04:26:51.709+0000] {dagbag.py:541} INFO - Filling up the DagBag from /opt/airflow/dags/Procesa_data.py
[2025-03-10T04:26:53.146+0000] {processor.py:809} INFO - DAG(s) dict_keys(['3-Procesar_penguins_data']) retrieved from /opt/airflow/dags/Procesa_data.py
[2025-03-10T04:26:53.207+0000] {logging_mixin.py:149} INFO - [2025-03-10T04:26:53.206+0000] {dag.py:2726} INFO - Sync 1 DAGs
[2025-03-10T04:26:53.223+0000] {logging_mixin.py:149} INFO - [2025-03-10T04:26:53.222+0000] {dag.py:3490} INFO - Setting next_dagrun for 3-Procesar_penguins_data to None, run_after=None
[2025-03-10T04:26:53.239+0000] {processor.py:178} INFO - Processing /opt/airflow/dags/Procesa_data.py took 1.534 seconds
[2025-03-10T04:27:23.409+0000] {processor.py:156} INFO - Started process (PID=192) to work on /opt/airflow/dags/Procesa_data.py
[2025-03-10T04:27:23.410+0000] {processor.py:799} INFO - Processing file /opt/airflow/dags/Procesa_data.py for tasks to queue
[2025-03-10T04:27:23.411+0000] {logging_mixin.py:149} INFO - [2025-03-10T04:27:23.411+0000] {dagbag.py:541} INFO - Filling up the DagBag from /opt/airflow/dags/Procesa_data.py
[2025-03-10T04:27:24.179+0000] {processor.py:809} INFO - DAG(s) dict_keys(['3-Procesar_penguins_data']) retrieved from /opt/airflow/dags/Procesa_data.py
[2025-03-10T04:27:24.199+0000] {logging_mixin.py:149} INFO - [2025-03-10T04:27:24.198+0000] {dag.py:2726} INFO - Sync 1 DAGs
[2025-03-10T04:27:24.216+0000] {logging_mixin.py:149} INFO - [2025-03-10T04:27:24.216+0000] {dag.py:3490} INFO - Setting next_dagrun for 3-Procesar_penguins_data to None, run_after=None
[2025-03-10T04:27:24.233+0000] {processor.py:178} INFO - Processing /opt/airflow/dags/Procesa_data.py took 0.827 seconds
[2025-03-10T04:27:54.857+0000] {processor.py:156} INFO - Started process (PID=301) to work on /opt/airflow/dags/Procesa_data.py
[2025-03-10T04:27:54.858+0000] {processor.py:799} INFO - Processing file /opt/airflow/dags/Procesa_data.py for tasks to queue
[2025-03-10T04:27:54.859+0000] {logging_mixin.py:149} INFO - [2025-03-10T04:27:54.859+0000] {dagbag.py:541} INFO - Filling up the DagBag from /opt/airflow/dags/Procesa_data.py
[2025-03-10T04:27:55.520+0000] {processor.py:809} INFO - DAG(s) dict_keys(['3-Procesar_penguins_data']) retrieved from /opt/airflow/dags/Procesa_data.py
[2025-03-10T04:27:55.536+0000] {logging_mixin.py:149} INFO - [2025-03-10T04:27:55.535+0000] {dag.py:2726} INFO - Sync 1 DAGs
[2025-03-10T04:27:55.550+0000] {logging_mixin.py:149} INFO - [2025-03-10T04:27:55.550+0000] {dag.py:3490} INFO - Setting next_dagrun for 3-Procesar_penguins_data to None, run_after=None
[2025-03-10T04:27:55.563+0000] {processor.py:178} INFO - Processing /opt/airflow/dags/Procesa_data.py took 0.708 seconds
[2025-03-10T04:28:26.238+0000] {processor.py:156} INFO - Started process (PID=410) to work on /opt/airflow/dags/Procesa_data.py
[2025-03-10T04:28:26.239+0000] {processor.py:799} INFO - Processing file /opt/airflow/dags/Procesa_data.py for tasks to queue
[2025-03-10T04:28:26.240+0000] {logging_mixin.py:149} INFO - [2025-03-10T04:28:26.240+0000] {dagbag.py:541} INFO - Filling up the DagBag from /opt/airflow/dags/Procesa_data.py
[2025-03-10T04:28:26.913+0000] {processor.py:809} INFO - DAG(s) dict_keys(['3-Procesar_penguins_data']) retrieved from /opt/airflow/dags/Procesa_data.py
[2025-03-10T04:28:26.930+0000] {logging_mixin.py:149} INFO - [2025-03-10T04:28:26.929+0000] {dag.py:2726} INFO - Sync 1 DAGs
[2025-03-10T04:28:26.944+0000] {logging_mixin.py:149} INFO - [2025-03-10T04:28:26.944+0000] {dag.py:3490} INFO - Setting next_dagrun for 3-Procesar_penguins_data to None, run_after=None
[2025-03-10T04:28:26.959+0000] {processor.py:178} INFO - Processing /opt/airflow/dags/Procesa_data.py took 0.724 seconds
[2025-03-10T04:28:57.785+0000] {processor.py:156} INFO - Started process (PID=519) to work on /opt/airflow/dags/Procesa_data.py
[2025-03-10T04:28:57.786+0000] {processor.py:799} INFO - Processing file /opt/airflow/dags/Procesa_data.py for tasks to queue
[2025-03-10T04:28:57.787+0000] {logging_mixin.py:149} INFO - [2025-03-10T04:28:57.787+0000] {dagbag.py:541} INFO - Filling up the DagBag from /opt/airflow/dags/Procesa_data.py
[2025-03-10T04:28:58.466+0000] {processor.py:809} INFO - DAG(s) dict_keys(['3-Procesar_penguins_data']) retrieved from /opt/airflow/dags/Procesa_data.py
[2025-03-10T04:28:58.481+0000] {logging_mixin.py:149} INFO - [2025-03-10T04:28:58.481+0000] {dag.py:2726} INFO - Sync 1 DAGs
[2025-03-10T04:28:58.496+0000] {logging_mixin.py:149} INFO - [2025-03-10T04:28:58.496+0000] {dag.py:3490} INFO - Setting next_dagrun for 3-Procesar_penguins_data to None, run_after=None
[2025-03-10T04:28:58.509+0000] {processor.py:178} INFO - Processing /opt/airflow/dags/Procesa_data.py took 0.726 seconds
[2025-03-10T04:29:28.690+0000] {processor.py:156} INFO - Started process (PID=628) to work on /opt/airflow/dags/Procesa_data.py
[2025-03-10T04:29:28.691+0000] {processor.py:799} INFO - Processing file /opt/airflow/dags/Procesa_data.py for tasks to queue
[2025-03-10T04:29:28.692+0000] {logging_mixin.py:149} INFO - [2025-03-10T04:29:28.692+0000] {dagbag.py:541} INFO - Filling up the DagBag from /opt/airflow/dags/Procesa_data.py
[2025-03-10T04:29:29.384+0000] {processor.py:809} INFO - DAG(s) dict_keys(['3-Procesar_penguins_data']) retrieved from /opt/airflow/dags/Procesa_data.py
[2025-03-10T04:29:29.400+0000] {logging_mixin.py:149} INFO - [2025-03-10T04:29:29.399+0000] {dag.py:2726} INFO - Sync 1 DAGs
[2025-03-10T04:29:29.413+0000] {logging_mixin.py:149} INFO - [2025-03-10T04:29:29.413+0000] {dag.py:3490} INFO - Setting next_dagrun for 3-Procesar_penguins_data to None, run_after=None
[2025-03-10T04:29:29.433+0000] {processor.py:178} INFO - Processing /opt/airflow/dags/Procesa_data.py took 0.745 seconds
[2025-03-10T04:30:00.292+0000] {processor.py:156} INFO - Started process (PID=737) to work on /opt/airflow/dags/Procesa_data.py
[2025-03-10T04:30:00.293+0000] {processor.py:799} INFO - Processing file /opt/airflow/dags/Procesa_data.py for tasks to queue
[2025-03-10T04:30:00.294+0000] {logging_mixin.py:149} INFO - [2025-03-10T04:30:00.294+0000] {dagbag.py:541} INFO - Filling up the DagBag from /opt/airflow/dags/Procesa_data.py
[2025-03-10T04:30:00.959+0000] {processor.py:809} INFO - DAG(s) dict_keys(['3-Procesar_penguins_data']) retrieved from /opt/airflow/dags/Procesa_data.py
[2025-03-10T04:30:00.973+0000] {logging_mixin.py:149} INFO - [2025-03-10T04:30:00.973+0000] {dag.py:2726} INFO - Sync 1 DAGs
[2025-03-10T04:30:00.987+0000] {logging_mixin.py:149} INFO - [2025-03-10T04:30:00.986+0000] {dag.py:3490} INFO - Setting next_dagrun for 3-Procesar_penguins_data to None, run_after=None
[2025-03-10T04:30:01.000+0000] {processor.py:178} INFO - Processing /opt/airflow/dags/Procesa_data.py took 0.711 seconds
[2025-03-10T04:30:31.687+0000] {processor.py:156} INFO - Started process (PID=846) to work on /opt/airflow/dags/Procesa_data.py
[2025-03-10T04:30:31.688+0000] {processor.py:799} INFO - Processing file /opt/airflow/dags/Procesa_data.py for tasks to queue
[2025-03-10T04:30:31.689+0000] {logging_mixin.py:149} INFO - [2025-03-10T04:30:31.689+0000] {dagbag.py:541} INFO - Filling up the DagBag from /opt/airflow/dags/Procesa_data.py
[2025-03-10T04:30:32.391+0000] {processor.py:809} INFO - DAG(s) dict_keys(['3-Procesar_penguins_data']) retrieved from /opt/airflow/dags/Procesa_data.py
[2025-03-10T04:30:32.406+0000] {logging_mixin.py:149} INFO - [2025-03-10T04:30:32.406+0000] {dag.py:2726} INFO - Sync 1 DAGs
[2025-03-10T04:30:32.422+0000] {logging_mixin.py:149} INFO - [2025-03-10T04:30:32.422+0000] {dag.py:3490} INFO - Setting next_dagrun for 3-Procesar_penguins_data to None, run_after=None
[2025-03-10T04:30:32.435+0000] {processor.py:178} INFO - Processing /opt/airflow/dags/Procesa_data.py took 0.750 seconds
[2025-03-10T04:31:02.978+0000] {processor.py:156} INFO - Started process (PID=955) to work on /opt/airflow/dags/Procesa_data.py
[2025-03-10T04:31:02.979+0000] {processor.py:799} INFO - Processing file /opt/airflow/dags/Procesa_data.py for tasks to queue
[2025-03-10T04:31:02.979+0000] {logging_mixin.py:149} INFO - [2025-03-10T04:31:02.979+0000] {dagbag.py:541} INFO - Filling up the DagBag from /opt/airflow/dags/Procesa_data.py
[2025-03-10T04:31:03.651+0000] {processor.py:809} INFO - DAG(s) dict_keys(['3-Procesar_penguins_data']) retrieved from /opt/airflow/dags/Procesa_data.py
[2025-03-10T04:31:03.667+0000] {logging_mixin.py:149} INFO - [2025-03-10T04:31:03.667+0000] {dag.py:2726} INFO - Sync 1 DAGs
[2025-03-10T04:31:03.682+0000] {logging_mixin.py:149} INFO - [2025-03-10T04:31:03.682+0000] {dag.py:3490} INFO - Setting next_dagrun for 3-Procesar_penguins_data to None, run_after=None
[2025-03-10T04:31:03.696+0000] {processor.py:178} INFO - Processing /opt/airflow/dags/Procesa_data.py took 0.721 seconds
[2025-03-10T04:31:33.819+0000] {processor.py:156} INFO - Started process (PID=1064) to work on /opt/airflow/dags/Procesa_data.py
[2025-03-10T04:31:33.820+0000] {processor.py:799} INFO - Processing file /opt/airflow/dags/Procesa_data.py for tasks to queue
[2025-03-10T04:31:33.821+0000] {logging_mixin.py:149} INFO - [2025-03-10T04:31:33.821+0000] {dagbag.py:541} INFO - Filling up the DagBag from /opt/airflow/dags/Procesa_data.py
[2025-03-10T04:31:34.503+0000] {processor.py:809} INFO - DAG(s) dict_keys(['3-Procesar_penguins_data']) retrieved from /opt/airflow/dags/Procesa_data.py
[2025-03-10T04:31:34.522+0000] {logging_mixin.py:149} INFO - [2025-03-10T04:31:34.521+0000] {dag.py:2726} INFO - Sync 1 DAGs
[2025-03-10T04:31:34.538+0000] {logging_mixin.py:149} INFO - [2025-03-10T04:31:34.538+0000] {dag.py:3490} INFO - Setting next_dagrun for 3-Procesar_penguins_data to None, run_after=None
[2025-03-10T04:31:34.552+0000] {processor.py:178} INFO - Processing /opt/airflow/dags/Procesa_data.py took 0.735 seconds
[2025-03-10T04:32:04.792+0000] {processor.py:156} INFO - Started process (PID=1173) to work on /opt/airflow/dags/Procesa_data.py
[2025-03-10T04:32:04.793+0000] {processor.py:799} INFO - Processing file /opt/airflow/dags/Procesa_data.py for tasks to queue
[2025-03-10T04:32:04.793+0000] {logging_mixin.py:149} INFO - [2025-03-10T04:32:04.793+0000] {dagbag.py:541} INFO - Filling up the DagBag from /opt/airflow/dags/Procesa_data.py
[2025-03-10T04:32:05.439+0000] {processor.py:809} INFO - DAG(s) dict_keys(['3-Procesar_penguins_data']) retrieved from /opt/airflow/dags/Procesa_data.py
[2025-03-10T04:32:05.456+0000] {logging_mixin.py:149} INFO - [2025-03-10T04:32:05.456+0000] {dag.py:2726} INFO - Sync 1 DAGs
[2025-03-10T04:32:05.470+0000] {logging_mixin.py:149} INFO - [2025-03-10T04:32:05.470+0000] {dag.py:3490} INFO - Setting next_dagrun for 3-Procesar_penguins_data to None, run_after=None
[2025-03-10T04:32:05.484+0000] {processor.py:178} INFO - Processing /opt/airflow/dags/Procesa_data.py took 0.695 seconds
[2025-03-10T04:32:36.194+0000] {processor.py:156} INFO - Started process (PID=1282) to work on /opt/airflow/dags/Procesa_data.py
[2025-03-10T04:32:36.194+0000] {processor.py:799} INFO - Processing file /opt/airflow/dags/Procesa_data.py for tasks to queue
[2025-03-10T04:32:36.195+0000] {logging_mixin.py:149} INFO - [2025-03-10T04:32:36.195+0000] {dagbag.py:541} INFO - Filling up the DagBag from /opt/airflow/dags/Procesa_data.py
[2025-03-10T04:32:36.843+0000] {processor.py:809} INFO - DAG(s) dict_keys(['3-Procesar_penguins_data']) retrieved from /opt/airflow/dags/Procesa_data.py
[2025-03-10T04:32:36.858+0000] {logging_mixin.py:149} INFO - [2025-03-10T04:32:36.858+0000] {dag.py:2726} INFO - Sync 1 DAGs
[2025-03-10T04:32:36.872+0000] {logging_mixin.py:149} INFO - [2025-03-10T04:32:36.872+0000] {dag.py:3490} INFO - Setting next_dagrun for 3-Procesar_penguins_data to None, run_after=None
[2025-03-10T04:32:36.886+0000] {processor.py:178} INFO - Processing /opt/airflow/dags/Procesa_data.py took 0.695 seconds
[2025-03-10T04:33:07.045+0000] {processor.py:156} INFO - Started process (PID=1391) to work on /opt/airflow/dags/Procesa_data.py
[2025-03-10T04:33:07.046+0000] {processor.py:799} INFO - Processing file /opt/airflow/dags/Procesa_data.py for tasks to queue
[2025-03-10T04:33:07.047+0000] {logging_mixin.py:149} INFO - [2025-03-10T04:33:07.047+0000] {dagbag.py:541} INFO - Filling up the DagBag from /opt/airflow/dags/Procesa_data.py
[2025-03-10T04:33:07.742+0000] {processor.py:809} INFO - DAG(s) dict_keys(['3-Procesar_penguins_data']) retrieved from /opt/airflow/dags/Procesa_data.py
[2025-03-10T04:33:07.762+0000] {logging_mixin.py:149} INFO - [2025-03-10T04:33:07.761+0000] {dag.py:2726} INFO - Sync 1 DAGs
[2025-03-10T04:33:07.781+0000] {logging_mixin.py:149} INFO - [2025-03-10T04:33:07.781+0000] {dag.py:3490} INFO - Setting next_dagrun for 3-Procesar_penguins_data to None, run_after=None
[2025-03-10T04:33:07.800+0000] {processor.py:178} INFO - Processing /opt/airflow/dags/Procesa_data.py took 0.757 seconds
[2025-03-10T04:33:38.521+0000] {processor.py:156} INFO - Started process (PID=1500) to work on /opt/airflow/dags/Procesa_data.py
[2025-03-10T04:33:38.521+0000] {processor.py:799} INFO - Processing file /opt/airflow/dags/Procesa_data.py for tasks to queue
[2025-03-10T04:33:38.522+0000] {logging_mixin.py:149} INFO - [2025-03-10T04:33:38.522+0000] {dagbag.py:541} INFO - Filling up the DagBag from /opt/airflow/dags/Procesa_data.py
[2025-03-10T04:33:39.183+0000] {processor.py:809} INFO - DAG(s) dict_keys(['3-Procesar_penguins_data']) retrieved from /opt/airflow/dags/Procesa_data.py
[2025-03-10T04:33:39.197+0000] {logging_mixin.py:149} INFO - [2025-03-10T04:33:39.197+0000] {dag.py:2726} INFO - Sync 1 DAGs
[2025-03-10T04:33:39.211+0000] {logging_mixin.py:149} INFO - [2025-03-10T04:33:39.211+0000] {dag.py:3490} INFO - Setting next_dagrun for 3-Procesar_penguins_data to None, run_after=None
[2025-03-10T04:33:39.223+0000] {processor.py:178} INFO - Processing /opt/airflow/dags/Procesa_data.py took 0.705 seconds
[2025-03-10T04:34:09.960+0000] {processor.py:156} INFO - Started process (PID=1610) to work on /opt/airflow/dags/Procesa_data.py
[2025-03-10T04:34:09.960+0000] {processor.py:799} INFO - Processing file /opt/airflow/dags/Procesa_data.py for tasks to queue
[2025-03-10T04:34:09.961+0000] {logging_mixin.py:149} INFO - [2025-03-10T04:34:09.961+0000] {dagbag.py:541} INFO - Filling up the DagBag from /opt/airflow/dags/Procesa_data.py
[2025-03-10T04:34:10.695+0000] {processor.py:809} INFO - DAG(s) dict_keys(['3-Procesar_penguins_data']) retrieved from /opt/airflow/dags/Procesa_data.py
[2025-03-10T04:34:10.712+0000] {logging_mixin.py:149} INFO - [2025-03-10T04:34:10.712+0000] {dag.py:2726} INFO - Sync 1 DAGs
[2025-03-10T04:34:10.729+0000] {logging_mixin.py:149} INFO - [2025-03-10T04:34:10.729+0000] {dag.py:3490} INFO - Setting next_dagrun for 3-Procesar_penguins_data to None, run_after=None
[2025-03-10T04:34:10.744+0000] {processor.py:178} INFO - Processing /opt/airflow/dags/Procesa_data.py took 0.787 seconds
[2025-03-10T04:34:41.586+0000] {processor.py:156} INFO - Started process (PID=1719) to work on /opt/airflow/dags/Procesa_data.py
[2025-03-10T04:34:41.587+0000] {processor.py:799} INFO - Processing file /opt/airflow/dags/Procesa_data.py for tasks to queue
[2025-03-10T04:34:41.588+0000] {logging_mixin.py:149} INFO - [2025-03-10T04:34:41.588+0000] {dagbag.py:541} INFO - Filling up the DagBag from /opt/airflow/dags/Procesa_data.py
[2025-03-10T04:34:42.251+0000] {processor.py:809} INFO - DAG(s) dict_keys(['3-Procesar_penguins_data']) retrieved from /opt/airflow/dags/Procesa_data.py
[2025-03-10T04:34:42.274+0000] {logging_mixin.py:149} INFO - [2025-03-10T04:34:42.273+0000] {dag.py:2726} INFO - Sync 1 DAGs
[2025-03-10T04:34:42.288+0000] {logging_mixin.py:149} INFO - [2025-03-10T04:34:42.288+0000] {dag.py:3490} INFO - Setting next_dagrun for 3-Procesar_penguins_data to None, run_after=None
[2025-03-10T04:34:42.305+0000] {processor.py:178} INFO - Processing /opt/airflow/dags/Procesa_data.py took 0.721 seconds
[2025-03-10T04:35:13.335+0000] {processor.py:156} INFO - Started process (PID=1828) to work on /opt/airflow/dags/Procesa_data.py
[2025-03-10T04:35:13.336+0000] {processor.py:799} INFO - Processing file /opt/airflow/dags/Procesa_data.py for tasks to queue
[2025-03-10T04:35:13.336+0000] {logging_mixin.py:149} INFO - [2025-03-10T04:35:13.336+0000] {dagbag.py:541} INFO - Filling up the DagBag from /opt/airflow/dags/Procesa_data.py
[2025-03-10T04:35:13.997+0000] {processor.py:809} INFO - DAG(s) dict_keys(['3-Procesar_penguins_data']) retrieved from /opt/airflow/dags/Procesa_data.py
[2025-03-10T04:35:14.014+0000] {logging_mixin.py:149} INFO - [2025-03-10T04:35:14.013+0000] {dag.py:2726} INFO - Sync 1 DAGs
[2025-03-10T04:35:14.028+0000] {logging_mixin.py:149} INFO - [2025-03-10T04:35:14.028+0000] {dag.py:3490} INFO - Setting next_dagrun for 3-Procesar_penguins_data to None, run_after=None
[2025-03-10T04:35:14.042+0000] {processor.py:178} INFO - Processing /opt/airflow/dags/Procesa_data.py took 0.710 seconds
[2025-03-10T04:35:44.716+0000] {processor.py:156} INFO - Started process (PID=1937) to work on /opt/airflow/dags/Procesa_data.py
[2025-03-10T04:35:44.717+0000] {processor.py:799} INFO - Processing file /opt/airflow/dags/Procesa_data.py for tasks to queue
[2025-03-10T04:35:44.717+0000] {logging_mixin.py:149} INFO - [2025-03-10T04:35:44.717+0000] {dagbag.py:541} INFO - Filling up the DagBag from /opt/airflow/dags/Procesa_data.py
[2025-03-10T04:35:45.374+0000] {processor.py:809} INFO - DAG(s) dict_keys(['3-Procesar_penguins_data']) retrieved from /opt/airflow/dags/Procesa_data.py
[2025-03-10T04:35:45.390+0000] {logging_mixin.py:149} INFO - [2025-03-10T04:35:45.389+0000] {dag.py:2726} INFO - Sync 1 DAGs
[2025-03-10T04:35:45.404+0000] {logging_mixin.py:149} INFO - [2025-03-10T04:35:45.404+0000] {dag.py:3490} INFO - Setting next_dagrun for 3-Procesar_penguins_data to None, run_after=None
[2025-03-10T04:35:45.421+0000] {processor.py:178} INFO - Processing /opt/airflow/dags/Procesa_data.py took 0.707 seconds
[2025-03-10T04:36:16.339+0000] {processor.py:156} INFO - Started process (PID=2046) to work on /opt/airflow/dags/Procesa_data.py
[2025-03-10T04:36:16.339+0000] {processor.py:799} INFO - Processing file /opt/airflow/dags/Procesa_data.py for tasks to queue
[2025-03-10T04:36:16.340+0000] {logging_mixin.py:149} INFO - [2025-03-10T04:36:16.340+0000] {dagbag.py:541} INFO - Filling up the DagBag from /opt/airflow/dags/Procesa_data.py
[2025-03-10T04:36:17.047+0000] {processor.py:809} INFO - DAG(s) dict_keys(['3-Procesar_penguins_data']) retrieved from /opt/airflow/dags/Procesa_data.py
[2025-03-10T04:36:17.063+0000] {logging_mixin.py:149} INFO - [2025-03-10T04:36:17.062+0000] {dag.py:2726} INFO - Sync 1 DAGs
[2025-03-10T04:36:17.076+0000] {logging_mixin.py:149} INFO - [2025-03-10T04:36:17.076+0000] {dag.py:3490} INFO - Setting next_dagrun for 3-Procesar_penguins_data to None, run_after=None
[2025-03-10T04:36:17.092+0000] {processor.py:178} INFO - Processing /opt/airflow/dags/Procesa_data.py took 0.755 seconds
[2025-03-10T04:36:47.177+0000] {processor.py:156} INFO - Started process (PID=2155) to work on /opt/airflow/dags/Procesa_data.py
[2025-03-10T04:36:47.178+0000] {processor.py:799} INFO - Processing file /opt/airflow/dags/Procesa_data.py for tasks to queue
[2025-03-10T04:36:47.178+0000] {logging_mixin.py:149} INFO - [2025-03-10T04:36:47.178+0000] {dagbag.py:541} INFO - Filling up the DagBag from /opt/airflow/dags/Procesa_data.py
[2025-03-10T04:36:47.857+0000] {processor.py:809} INFO - DAG(s) dict_keys(['3-Procesar_penguins_data']) retrieved from /opt/airflow/dags/Procesa_data.py
[2025-03-10T04:36:47.872+0000] {logging_mixin.py:149} INFO - [2025-03-10T04:36:47.872+0000] {dag.py:2726} INFO - Sync 1 DAGs
[2025-03-10T04:36:47.887+0000] {logging_mixin.py:149} INFO - [2025-03-10T04:36:47.887+0000] {dag.py:3490} INFO - Setting next_dagrun for 3-Procesar_penguins_data to None, run_after=None
[2025-03-10T04:36:47.900+0000] {processor.py:178} INFO - Processing /opt/airflow/dags/Procesa_data.py took 0.725 seconds
[2025-03-10T04:37:18.447+0000] {processor.py:156} INFO - Started process (PID=2264) to work on /opt/airflow/dags/Procesa_data.py
[2025-03-10T04:37:18.448+0000] {processor.py:799} INFO - Processing file /opt/airflow/dags/Procesa_data.py for tasks to queue
[2025-03-10T04:37:18.449+0000] {logging_mixin.py:149} INFO - [2025-03-10T04:37:18.449+0000] {dagbag.py:541} INFO - Filling up the DagBag from /opt/airflow/dags/Procesa_data.py
[2025-03-10T04:37:19.092+0000] {processor.py:809} INFO - DAG(s) dict_keys(['3-Procesar_penguins_data']) retrieved from /opt/airflow/dags/Procesa_data.py
[2025-03-10T04:37:19.113+0000] {logging_mixin.py:149} INFO - [2025-03-10T04:37:19.113+0000] {dag.py:2726} INFO - Sync 1 DAGs
[2025-03-10T04:37:19.128+0000] {logging_mixin.py:149} INFO - [2025-03-10T04:37:19.128+0000] {dag.py:3490} INFO - Setting next_dagrun for 3-Procesar_penguins_data to None, run_after=None
[2025-03-10T04:37:19.143+0000] {processor.py:178} INFO - Processing /opt/airflow/dags/Procesa_data.py took 0.698 seconds
[2025-03-10T04:37:50.086+0000] {processor.py:156} INFO - Started process (PID=2373) to work on /opt/airflow/dags/Procesa_data.py
[2025-03-10T04:37:50.087+0000] {processor.py:799} INFO - Processing file /opt/airflow/dags/Procesa_data.py for tasks to queue
[2025-03-10T04:37:50.088+0000] {logging_mixin.py:149} INFO - [2025-03-10T04:37:50.088+0000] {dagbag.py:541} INFO - Filling up the DagBag from /opt/airflow/dags/Procesa_data.py
[2025-03-10T04:37:50.764+0000] {processor.py:809} INFO - DAG(s) dict_keys(['3-Procesar_penguins_data']) retrieved from /opt/airflow/dags/Procesa_data.py
[2025-03-10T04:37:50.781+0000] {logging_mixin.py:149} INFO - [2025-03-10T04:37:50.781+0000] {dag.py:2726} INFO - Sync 1 DAGs
[2025-03-10T04:37:50.796+0000] {logging_mixin.py:149} INFO - [2025-03-10T04:37:50.796+0000] {dag.py:3490} INFO - Setting next_dagrun for 3-Procesar_penguins_data to None, run_after=None
[2025-03-10T04:37:50.810+0000] {processor.py:178} INFO - Processing /opt/airflow/dags/Procesa_data.py took 0.727 seconds
[2025-03-10T04:38:21.419+0000] {processor.py:156} INFO - Started process (PID=2482) to work on /opt/airflow/dags/Procesa_data.py
[2025-03-10T04:38:21.420+0000] {processor.py:799} INFO - Processing file /opt/airflow/dags/Procesa_data.py for tasks to queue
[2025-03-10T04:38:21.421+0000] {logging_mixin.py:149} INFO - [2025-03-10T04:38:21.420+0000] {dagbag.py:541} INFO - Filling up the DagBag from /opt/airflow/dags/Procesa_data.py
[2025-03-10T04:38:22.113+0000] {processor.py:809} INFO - DAG(s) dict_keys(['3-Procesar_penguins_data']) retrieved from /opt/airflow/dags/Procesa_data.py
[2025-03-10T04:38:22.129+0000] {logging_mixin.py:149} INFO - [2025-03-10T04:38:22.128+0000] {dag.py:2726} INFO - Sync 1 DAGs
[2025-03-10T04:38:22.143+0000] {logging_mixin.py:149} INFO - [2025-03-10T04:38:22.143+0000] {dag.py:3490} INFO - Setting next_dagrun for 3-Procesar_penguins_data to None, run_after=None
[2025-03-10T04:38:22.155+0000] {processor.py:178} INFO - Processing /opt/airflow/dags/Procesa_data.py took 0.738 seconds
[2025-03-10T04:38:52.690+0000] {processor.py:156} INFO - Started process (PID=2598) to work on /opt/airflow/dags/Procesa_data.py
[2025-03-10T04:38:52.691+0000] {processor.py:799} INFO - Processing file /opt/airflow/dags/Procesa_data.py for tasks to queue
[2025-03-10T04:38:52.691+0000] {logging_mixin.py:149} INFO - [2025-03-10T04:38:52.691+0000] {dagbag.py:541} INFO - Filling up the DagBag from /opt/airflow/dags/Procesa_data.py
[2025-03-10T04:38:53.384+0000] {processor.py:809} INFO - DAG(s) dict_keys(['3-Procesar_penguins_data']) retrieved from /opt/airflow/dags/Procesa_data.py
[2025-03-10T04:38:53.400+0000] {logging_mixin.py:149} INFO - [2025-03-10T04:38:53.400+0000] {dag.py:2726} INFO - Sync 1 DAGs
[2025-03-10T04:38:53.416+0000] {logging_mixin.py:149} INFO - [2025-03-10T04:38:53.415+0000] {dag.py:3490} INFO - Setting next_dagrun for 3-Procesar_penguins_data to None, run_after=None
[2025-03-10T04:38:53.428+0000] {processor.py:178} INFO - Processing /opt/airflow/dags/Procesa_data.py took 0.740 seconds
[2025-03-10T04:39:24.408+0000] {processor.py:156} INFO - Started process (PID=2707) to work on /opt/airflow/dags/Procesa_data.py
[2025-03-10T04:39:24.409+0000] {processor.py:799} INFO - Processing file /opt/airflow/dags/Procesa_data.py for tasks to queue
[2025-03-10T04:39:24.410+0000] {logging_mixin.py:149} INFO - [2025-03-10T04:39:24.410+0000] {dagbag.py:541} INFO - Filling up the DagBag from /opt/airflow/dags/Procesa_data.py
[2025-03-10T04:39:25.174+0000] {processor.py:809} INFO - DAG(s) dict_keys(['3-Procesar_penguins_data']) retrieved from /opt/airflow/dags/Procesa_data.py
[2025-03-10T04:39:25.193+0000] {logging_mixin.py:149} INFO - [2025-03-10T04:39:25.192+0000] {dag.py:2726} INFO - Sync 1 DAGs
[2025-03-10T04:39:25.210+0000] {logging_mixin.py:149} INFO - [2025-03-10T04:39:25.210+0000] {dag.py:3490} INFO - Setting next_dagrun for 3-Procesar_penguins_data to None, run_after=None
[2025-03-10T04:39:25.228+0000] {processor.py:178} INFO - Processing /opt/airflow/dags/Procesa_data.py took 0.822 seconds
[2025-03-10T04:39:56.184+0000] {processor.py:156} INFO - Started process (PID=2816) to work on /opt/airflow/dags/Procesa_data.py
[2025-03-10T04:39:56.185+0000] {processor.py:799} INFO - Processing file /opt/airflow/dags/Procesa_data.py for tasks to queue
[2025-03-10T04:39:56.186+0000] {logging_mixin.py:149} INFO - [2025-03-10T04:39:56.186+0000] {dagbag.py:541} INFO - Filling up the DagBag from /opt/airflow/dags/Procesa_data.py
[2025-03-10T04:39:56.824+0000] {processor.py:809} INFO - DAG(s) dict_keys(['3-Procesar_penguins_data']) retrieved from /opt/airflow/dags/Procesa_data.py
[2025-03-10T04:39:56.839+0000] {logging_mixin.py:149} INFO - [2025-03-10T04:39:56.838+0000] {dag.py:2726} INFO - Sync 1 DAGs
[2025-03-10T04:39:56.852+0000] {logging_mixin.py:149} INFO - [2025-03-10T04:39:56.852+0000] {dag.py:3490} INFO - Setting next_dagrun for 3-Procesar_penguins_data to None, run_after=None
[2025-03-10T04:39:56.864+0000] {processor.py:178} INFO - Processing /opt/airflow/dags/Procesa_data.py took 0.682 seconds
[2025-03-10T04:40:27.543+0000] {processor.py:156} INFO - Started process (PID=2925) to work on /opt/airflow/dags/Procesa_data.py
[2025-03-10T04:40:27.544+0000] {processor.py:799} INFO - Processing file /opt/airflow/dags/Procesa_data.py for tasks to queue
[2025-03-10T04:40:27.545+0000] {logging_mixin.py:149} INFO - [2025-03-10T04:40:27.545+0000] {dagbag.py:541} INFO - Filling up the DagBag from /opt/airflow/dags/Procesa_data.py
[2025-03-10T04:40:28.187+0000] {processor.py:809} INFO - DAG(s) dict_keys(['3-Procesar_penguins_data']) retrieved from /opt/airflow/dags/Procesa_data.py
[2025-03-10T04:40:28.202+0000] {logging_mixin.py:149} INFO - [2025-03-10T04:40:28.202+0000] {dag.py:2726} INFO - Sync 1 DAGs
[2025-03-10T04:40:28.217+0000] {logging_mixin.py:149} INFO - [2025-03-10T04:40:28.217+0000] {dag.py:3490} INFO - Setting next_dagrun for 3-Procesar_penguins_data to None, run_after=None
[2025-03-10T04:40:28.230+0000] {processor.py:178} INFO - Processing /opt/airflow/dags/Procesa_data.py took 0.689 seconds
[2025-03-10T04:40:58.358+0000] {processor.py:156} INFO - Started process (PID=3034) to work on /opt/airflow/dags/Procesa_data.py
[2025-03-10T04:40:58.361+0000] {processor.py:799} INFO - Processing file /opt/airflow/dags/Procesa_data.py for tasks to queue
[2025-03-10T04:40:58.363+0000] {logging_mixin.py:149} INFO - [2025-03-10T04:40:58.363+0000] {dagbag.py:541} INFO - Filling up the DagBag from /opt/airflow/dags/Procesa_data.py
[2025-03-10T04:40:59.154+0000] {processor.py:809} INFO - DAG(s) dict_keys(['3-Procesar_penguins_data']) retrieved from /opt/airflow/dags/Procesa_data.py
[2025-03-10T04:40:59.183+0000] {logging_mixin.py:149} INFO - [2025-03-10T04:40:59.183+0000] {dag.py:2726} INFO - Sync 1 DAGs
[2025-03-10T04:40:59.209+0000] {logging_mixin.py:149} INFO - [2025-03-10T04:40:59.209+0000] {dag.py:3490} INFO - Setting next_dagrun for 3-Procesar_penguins_data to None, run_after=None
[2025-03-10T04:40:59.229+0000] {processor.py:178} INFO - Processing /opt/airflow/dags/Procesa_data.py took 0.875 seconds
[2025-03-10T04:41:29.305+0000] {processor.py:156} INFO - Started process (PID=3143) to work on /opt/airflow/dags/Procesa_data.py
[2025-03-10T04:41:29.306+0000] {processor.py:799} INFO - Processing file /opt/airflow/dags/Procesa_data.py for tasks to queue
[2025-03-10T04:41:29.307+0000] {logging_mixin.py:149} INFO - [2025-03-10T04:41:29.307+0000] {dagbag.py:541} INFO - Filling up the DagBag from /opt/airflow/dags/Procesa_data.py
[2025-03-10T04:41:30.010+0000] {processor.py:809} INFO - DAG(s) dict_keys(['3-Procesar_penguins_data']) retrieved from /opt/airflow/dags/Procesa_data.py
[2025-03-10T04:41:30.025+0000] {logging_mixin.py:149} INFO - [2025-03-10T04:41:30.025+0000] {dag.py:2726} INFO - Sync 1 DAGs
[2025-03-10T04:41:30.044+0000] {logging_mixin.py:149} INFO - [2025-03-10T04:41:30.043+0000] {dag.py:3490} INFO - Setting next_dagrun for 3-Procesar_penguins_data to None, run_after=None
[2025-03-10T04:41:30.062+0000] {processor.py:178} INFO - Processing /opt/airflow/dags/Procesa_data.py took 0.758 seconds
[2025-03-10T04:42:00.779+0000] {processor.py:156} INFO - Started process (PID=3252) to work on /opt/airflow/dags/Procesa_data.py
[2025-03-10T04:42:00.780+0000] {processor.py:799} INFO - Processing file /opt/airflow/dags/Procesa_data.py for tasks to queue
[2025-03-10T04:42:00.781+0000] {logging_mixin.py:149} INFO - [2025-03-10T04:42:00.781+0000] {dagbag.py:541} INFO - Filling up the DagBag from /opt/airflow/dags/Procesa_data.py
[2025-03-10T04:42:01.466+0000] {processor.py:809} INFO - DAG(s) dict_keys(['3-Procesar_penguins_data']) retrieved from /opt/airflow/dags/Procesa_data.py
[2025-03-10T04:42:01.485+0000] {logging_mixin.py:149} INFO - [2025-03-10T04:42:01.485+0000] {dag.py:2726} INFO - Sync 1 DAGs
[2025-03-10T04:42:01.504+0000] {logging_mixin.py:149} INFO - [2025-03-10T04:42:01.504+0000] {dag.py:3490} INFO - Setting next_dagrun for 3-Procesar_penguins_data to None, run_after=None
[2025-03-10T04:42:01.517+0000] {processor.py:178} INFO - Processing /opt/airflow/dags/Procesa_data.py took 0.740 seconds
[2025-03-10T04:42:32.438+0000] {processor.py:156} INFO - Started process (PID=3361) to work on /opt/airflow/dags/Procesa_data.py
[2025-03-10T04:42:32.440+0000] {processor.py:799} INFO - Processing file /opt/airflow/dags/Procesa_data.py for tasks to queue
[2025-03-10T04:42:32.442+0000] {logging_mixin.py:149} INFO - [2025-03-10T04:42:32.442+0000] {dagbag.py:541} INFO - Filling up the DagBag from /opt/airflow/dags/Procesa_data.py
[2025-03-10T04:42:33.181+0000] {processor.py:809} INFO - DAG(s) dict_keys(['3-Procesar_penguins_data']) retrieved from /opt/airflow/dags/Procesa_data.py
[2025-03-10T04:42:33.201+0000] {logging_mixin.py:149} INFO - [2025-03-10T04:42:33.200+0000] {dag.py:2726} INFO - Sync 1 DAGs
[2025-03-10T04:42:33.216+0000] {logging_mixin.py:149} INFO - [2025-03-10T04:42:33.216+0000] {dag.py:3490} INFO - Setting next_dagrun for 3-Procesar_penguins_data to None, run_after=None
[2025-03-10T04:42:33.232+0000] {processor.py:178} INFO - Processing /opt/airflow/dags/Procesa_data.py took 0.797 seconds
[2025-03-10T04:43:04.164+0000] {processor.py:156} INFO - Started process (PID=3470) to work on /opt/airflow/dags/Procesa_data.py
[2025-03-10T04:43:04.164+0000] {processor.py:799} INFO - Processing file /opt/airflow/dags/Procesa_data.py for tasks to queue
[2025-03-10T04:43:04.165+0000] {logging_mixin.py:149} INFO - [2025-03-10T04:43:04.165+0000] {dagbag.py:541} INFO - Filling up the DagBag from /opt/airflow/dags/Procesa_data.py
[2025-03-10T04:43:04.859+0000] {processor.py:809} INFO - DAG(s) dict_keys(['3-Procesar_penguins_data']) retrieved from /opt/airflow/dags/Procesa_data.py
[2025-03-10T04:43:04.877+0000] {logging_mixin.py:149} INFO - [2025-03-10T04:43:04.877+0000] {dag.py:2726} INFO - Sync 1 DAGs
[2025-03-10T04:43:04.893+0000] {logging_mixin.py:149} INFO - [2025-03-10T04:43:04.893+0000] {dag.py:3490} INFO - Setting next_dagrun for 3-Procesar_penguins_data to None, run_after=None
[2025-03-10T04:43:04.907+0000] {processor.py:178} INFO - Processing /opt/airflow/dags/Procesa_data.py took 0.746 seconds
[2025-03-10T04:43:35.411+0000] {processor.py:156} INFO - Started process (PID=3579) to work on /opt/airflow/dags/Procesa_data.py
[2025-03-10T04:43:35.412+0000] {processor.py:799} INFO - Processing file /opt/airflow/dags/Procesa_data.py for tasks to queue
[2025-03-10T04:43:35.412+0000] {logging_mixin.py:149} INFO - [2025-03-10T04:43:35.412+0000] {dagbag.py:541} INFO - Filling up the DagBag from /opt/airflow/dags/Procesa_data.py
[2025-03-10T04:43:36.061+0000] {processor.py:809} INFO - DAG(s) dict_keys(['3-Procesar_penguins_data']) retrieved from /opt/airflow/dags/Procesa_data.py
[2025-03-10T04:43:36.076+0000] {logging_mixin.py:149} INFO - [2025-03-10T04:43:36.076+0000] {dag.py:2726} INFO - Sync 1 DAGs
[2025-03-10T04:43:36.089+0000] {logging_mixin.py:149} INFO - [2025-03-10T04:43:36.089+0000] {dag.py:3490} INFO - Setting next_dagrun for 3-Procesar_penguins_data to None, run_after=None
[2025-03-10T04:43:36.103+0000] {processor.py:178} INFO - Processing /opt/airflow/dags/Procesa_data.py took 0.694 seconds
[2025-03-10T04:44:06.823+0000] {processor.py:156} INFO - Started process (PID=3688) to work on /opt/airflow/dags/Procesa_data.py
[2025-03-10T04:44:06.823+0000] {processor.py:799} INFO - Processing file /opt/airflow/dags/Procesa_data.py for tasks to queue
[2025-03-10T04:44:06.824+0000] {logging_mixin.py:149} INFO - [2025-03-10T04:44:06.824+0000] {dagbag.py:541} INFO - Filling up the DagBag from /opt/airflow/dags/Procesa_data.py
[2025-03-10T04:44:07.486+0000] {processor.py:809} INFO - DAG(s) dict_keys(['3-Procesar_penguins_data']) retrieved from /opt/airflow/dags/Procesa_data.py
[2025-03-10T04:44:07.502+0000] {logging_mixin.py:149} INFO - [2025-03-10T04:44:07.502+0000] {dag.py:2726} INFO - Sync 1 DAGs
[2025-03-10T04:44:07.516+0000] {logging_mixin.py:149} INFO - [2025-03-10T04:44:07.516+0000] {dag.py:3490} INFO - Setting next_dagrun for 3-Procesar_penguins_data to None, run_after=None
[2025-03-10T04:44:07.533+0000] {processor.py:178} INFO - Processing /opt/airflow/dags/Procesa_data.py took 0.713 seconds
[2025-03-10T04:44:38.454+0000] {processor.py:156} INFO - Started process (PID=3797) to work on /opt/airflow/dags/Procesa_data.py
[2025-03-10T04:44:38.455+0000] {processor.py:799} INFO - Processing file /opt/airflow/dags/Procesa_data.py for tasks to queue
[2025-03-10T04:44:38.456+0000] {logging_mixin.py:149} INFO - [2025-03-10T04:44:38.456+0000] {dagbag.py:541} INFO - Filling up the DagBag from /opt/airflow/dags/Procesa_data.py
[2025-03-10T04:44:39.199+0000] {processor.py:809} INFO - DAG(s) dict_keys(['3-Procesar_penguins_data']) retrieved from /opt/airflow/dags/Procesa_data.py
[2025-03-10T04:44:39.214+0000] {logging_mixin.py:149} INFO - [2025-03-10T04:44:39.214+0000] {dag.py:2726} INFO - Sync 1 DAGs
[2025-03-10T04:44:39.235+0000] {logging_mixin.py:149} INFO - [2025-03-10T04:44:39.235+0000] {dag.py:3490} INFO - Setting next_dagrun for 3-Procesar_penguins_data to None, run_after=None
[2025-03-10T04:44:39.254+0000] {processor.py:178} INFO - Processing /opt/airflow/dags/Procesa_data.py took 0.802 seconds
[2025-03-10T04:45:09.884+0000] {processor.py:156} INFO - Started process (PID=3946) to work on /opt/airflow/dags/Procesa_data.py
[2025-03-10T04:45:09.885+0000] {processor.py:799} INFO - Processing file /opt/airflow/dags/Procesa_data.py for tasks to queue
[2025-03-10T04:45:09.885+0000] {logging_mixin.py:149} INFO - [2025-03-10T04:45:09.885+0000] {dagbag.py:541} INFO - Filling up the DagBag from /opt/airflow/dags/Procesa_data.py
[2025-03-10T04:45:10.515+0000] {processor.py:809} INFO - DAG(s) dict_keys(['3-Procesar_penguins_data']) retrieved from /opt/airflow/dags/Procesa_data.py
[2025-03-10T04:45:10.528+0000] {logging_mixin.py:149} INFO - [2025-03-10T04:45:10.528+0000] {dag.py:2726} INFO - Sync 1 DAGs
[2025-03-10T04:45:10.540+0000] {logging_mixin.py:149} INFO - [2025-03-10T04:45:10.540+0000] {dag.py:3490} INFO - Setting next_dagrun for 3-Procesar_penguins_data to None, run_after=None
[2025-03-10T04:45:10.554+0000] {processor.py:178} INFO - Processing /opt/airflow/dags/Procesa_data.py took 0.673 seconds
[2025-03-10T04:45:40.709+0000] {processor.py:156} INFO - Started process (PID=4076) to work on /opt/airflow/dags/Procesa_data.py
[2025-03-10T04:45:40.710+0000] {processor.py:799} INFO - Processing file /opt/airflow/dags/Procesa_data.py for tasks to queue
[2025-03-10T04:45:40.711+0000] {logging_mixin.py:149} INFO - [2025-03-10T04:45:40.710+0000] {dagbag.py:541} INFO - Filling up the DagBag from /opt/airflow/dags/Procesa_data.py
[2025-03-10T04:45:41.324+0000] {processor.py:809} INFO - DAG(s) dict_keys(['3-Procesar_penguins_data']) retrieved from /opt/airflow/dags/Procesa_data.py
[2025-03-10T04:45:41.338+0000] {logging_mixin.py:149} INFO - [2025-03-10T04:45:41.338+0000] {dag.py:2726} INFO - Sync 1 DAGs
[2025-03-10T04:45:41.351+0000] {logging_mixin.py:149} INFO - [2025-03-10T04:45:41.351+0000] {dag.py:3490} INFO - Setting next_dagrun for 3-Procesar_penguins_data to None, run_after=None
[2025-03-10T04:45:41.364+0000] {processor.py:178} INFO - Processing /opt/airflow/dags/Procesa_data.py took 0.657 seconds
[2025-03-10T04:46:11.572+0000] {processor.py:156} INFO - Started process (PID=4165) to work on /opt/airflow/dags/Procesa_data.py
[2025-03-10T04:46:11.574+0000] {processor.py:799} INFO - Processing file /opt/airflow/dags/Procesa_data.py for tasks to queue
[2025-03-10T04:46:11.576+0000] {logging_mixin.py:149} INFO - [2025-03-10T04:46:11.576+0000] {dagbag.py:541} INFO - Filling up the DagBag from /opt/airflow/dags/Procesa_data.py
[2025-03-10T04:46:12.254+0000] {processor.py:809} INFO - DAG(s) dict_keys(['3-Procesar_penguins_data']) retrieved from /opt/airflow/dags/Procesa_data.py
[2025-03-10T04:46:12.270+0000] {logging_mixin.py:149} INFO - [2025-03-10T04:46:12.269+0000] {dag.py:2726} INFO - Sync 1 DAGs
[2025-03-10T04:46:12.284+0000] {logging_mixin.py:149} INFO - [2025-03-10T04:46:12.284+0000] {dag.py:3490} INFO - Setting next_dagrun for 3-Procesar_penguins_data to None, run_after=None
[2025-03-10T04:46:12.306+0000] {processor.py:178} INFO - Processing /opt/airflow/dags/Procesa_data.py took 0.736 seconds
[2025-03-10T04:46:42.476+0000] {processor.py:156} INFO - Started process (PID=4295) to work on /opt/airflow/dags/Procesa_data.py
[2025-03-10T04:46:42.477+0000] {processor.py:799} INFO - Processing file /opt/airflow/dags/Procesa_data.py for tasks to queue
[2025-03-10T04:46:42.478+0000] {logging_mixin.py:149} INFO - [2025-03-10T04:46:42.478+0000] {dagbag.py:541} INFO - Filling up the DagBag from /opt/airflow/dags/Procesa_data.py
[2025-03-10T04:46:43.085+0000] {processor.py:809} INFO - DAG(s) dict_keys(['3-Procesar_penguins_data']) retrieved from /opt/airflow/dags/Procesa_data.py
[2025-03-10T04:46:43.101+0000] {logging_mixin.py:149} INFO - [2025-03-10T04:46:43.101+0000] {dag.py:2726} INFO - Sync 1 DAGs
[2025-03-10T04:46:43.115+0000] {logging_mixin.py:149} INFO - [2025-03-10T04:46:43.115+0000] {dag.py:3490} INFO - Setting next_dagrun for 3-Procesar_penguins_data to None, run_after=None
[2025-03-10T04:46:43.137+0000] {processor.py:178} INFO - Processing /opt/airflow/dags/Procesa_data.py took 0.663 seconds
[2025-03-10T04:47:13.549+0000] {processor.py:156} INFO - Started process (PID=4385) to work on /opt/airflow/dags/Procesa_data.py
[2025-03-10T04:47:13.550+0000] {processor.py:799} INFO - Processing file /opt/airflow/dags/Procesa_data.py for tasks to queue
[2025-03-10T04:47:13.551+0000] {logging_mixin.py:149} INFO - [2025-03-10T04:47:13.551+0000] {dagbag.py:541} INFO - Filling up the DagBag from /opt/airflow/dags/Procesa_data.py
[2025-03-10T04:47:14.181+0000] {processor.py:809} INFO - DAG(s) dict_keys(['3-Procesar_penguins_data']) retrieved from /opt/airflow/dags/Procesa_data.py
[2025-03-10T04:47:14.197+0000] {logging_mixin.py:149} INFO - [2025-03-10T04:47:14.197+0000] {dag.py:2726} INFO - Sync 1 DAGs
[2025-03-10T04:47:14.211+0000] {logging_mixin.py:149} INFO - [2025-03-10T04:47:14.211+0000] {dag.py:3490} INFO - Setting next_dagrun for 3-Procesar_penguins_data to None, run_after=None
[2025-03-10T04:47:14.225+0000] {processor.py:178} INFO - Processing /opt/airflow/dags/Procesa_data.py took 0.678 seconds
[2025-03-10T04:47:44.687+0000] {processor.py:156} INFO - Started process (PID=4511) to work on /opt/airflow/dags/Procesa_data.py
[2025-03-10T04:47:44.688+0000] {processor.py:799} INFO - Processing file /opt/airflow/dags/Procesa_data.py for tasks to queue
[2025-03-10T04:47:44.689+0000] {logging_mixin.py:149} INFO - [2025-03-10T04:47:44.689+0000] {dagbag.py:541} INFO - Filling up the DagBag from /opt/airflow/dags/Procesa_data.py
[2025-03-10T04:47:45.270+0000] {processor.py:809} INFO - DAG(s) dict_keys(['3-Procesar_penguins_data']) retrieved from /opt/airflow/dags/Procesa_data.py
[2025-03-10T04:47:45.284+0000] {logging_mixin.py:149} INFO - [2025-03-10T04:47:45.283+0000] {dag.py:2726} INFO - Sync 1 DAGs
[2025-03-10T04:47:45.297+0000] {logging_mixin.py:149} INFO - [2025-03-10T04:47:45.297+0000] {dag.py:3490} INFO - Setting next_dagrun for 3-Procesar_penguins_data to None, run_after=None
[2025-03-10T04:47:45.317+0000] {processor.py:178} INFO - Processing /opt/airflow/dags/Procesa_data.py took 0.634 seconds
[2025-03-10T04:48:15.490+0000] {processor.py:156} INFO - Started process (PID=4622) to work on /opt/airflow/dags/Procesa_data.py
[2025-03-10T04:48:15.491+0000] {processor.py:799} INFO - Processing file /opt/airflow/dags/Procesa_data.py for tasks to queue
[2025-03-10T04:48:15.492+0000] {logging_mixin.py:149} INFO - [2025-03-10T04:48:15.492+0000] {dagbag.py:541} INFO - Filling up the DagBag from /opt/airflow/dags/Procesa_data.py
[2025-03-10T04:48:16.060+0000] {processor.py:809} INFO - DAG(s) dict_keys(['3-Procesar_penguins_data']) retrieved from /opt/airflow/dags/Procesa_data.py
[2025-03-10T04:48:16.078+0000] {logging_mixin.py:149} INFO - [2025-03-10T04:48:16.077+0000] {dag.py:2726} INFO - Sync 1 DAGs
[2025-03-10T04:48:16.092+0000] {logging_mixin.py:149} INFO - [2025-03-10T04:48:16.092+0000] {dag.py:3490} INFO - Setting next_dagrun for 3-Procesar_penguins_data to None, run_after=None
[2025-03-10T04:48:16.104+0000] {processor.py:178} INFO - Processing /opt/airflow/dags/Procesa_data.py took 0.616 seconds
[2025-03-10T04:48:46.239+0000] {processor.py:156} INFO - Started process (PID=4670) to work on /opt/airflow/dags/Procesa_data.py
[2025-03-10T04:48:46.240+0000] {processor.py:799} INFO - Processing file /opt/airflow/dags/Procesa_data.py for tasks to queue
[2025-03-10T04:48:46.241+0000] {logging_mixin.py:149} INFO - [2025-03-10T04:48:46.240+0000] {dagbag.py:541} INFO - Filling up the DagBag from /opt/airflow/dags/Procesa_data.py
[2025-03-10T04:48:46.909+0000] {processor.py:809} INFO - DAG(s) dict_keys(['3-Procesar_penguins_data']) retrieved from /opt/airflow/dags/Procesa_data.py
[2025-03-10T04:48:46.926+0000] {logging_mixin.py:149} INFO - [2025-03-10T04:48:46.926+0000] {dag.py:2726} INFO - Sync 1 DAGs
[2025-03-10T04:48:46.946+0000] {logging_mixin.py:149} INFO - [2025-03-10T04:48:46.946+0000] {dag.py:3490} INFO - Setting next_dagrun for 3-Procesar_penguins_data to None, run_after=None
[2025-03-10T04:48:46.960+0000] {processor.py:178} INFO - Processing /opt/airflow/dags/Procesa_data.py took 0.723 seconds
[2025-03-10T04:49:17.655+0000] {processor.py:156} INFO - Started process (PID=4779) to work on /opt/airflow/dags/Procesa_data.py
[2025-03-10T04:49:17.656+0000] {processor.py:799} INFO - Processing file /opt/airflow/dags/Procesa_data.py for tasks to queue
[2025-03-10T04:49:17.657+0000] {logging_mixin.py:149} INFO - [2025-03-10T04:49:17.657+0000] {dagbag.py:541} INFO - Filling up the DagBag from /opt/airflow/dags/Procesa_data.py
[2025-03-10T04:49:18.318+0000] {processor.py:809} INFO - DAG(s) dict_keys(['3-Procesar_penguins_data']) retrieved from /opt/airflow/dags/Procesa_data.py
[2025-03-10T04:49:18.335+0000] {logging_mixin.py:149} INFO - [2025-03-10T04:49:18.335+0000] {dag.py:2726} INFO - Sync 1 DAGs
[2025-03-10T04:49:18.351+0000] {logging_mixin.py:149} INFO - [2025-03-10T04:49:18.351+0000] {dag.py:3490} INFO - Setting next_dagrun for 3-Procesar_penguins_data to None, run_after=None
[2025-03-10T04:49:18.370+0000] {processor.py:178} INFO - Processing /opt/airflow/dags/Procesa_data.py took 0.716 seconds
[2025-03-10T04:49:48.953+0000] {processor.py:156} INFO - Started process (PID=4888) to work on /opt/airflow/dags/Procesa_data.py
[2025-03-10T04:49:48.955+0000] {processor.py:799} INFO - Processing file /opt/airflow/dags/Procesa_data.py for tasks to queue
[2025-03-10T04:49:48.956+0000] {logging_mixin.py:149} INFO - [2025-03-10T04:49:48.956+0000] {dagbag.py:541} INFO - Filling up the DagBag from /opt/airflow/dags/Procesa_data.py
[2025-03-10T04:49:49.612+0000] {processor.py:809} INFO - DAG(s) dict_keys(['3-Procesar_penguins_data']) retrieved from /opt/airflow/dags/Procesa_data.py
[2025-03-10T04:49:49.628+0000] {logging_mixin.py:149} INFO - [2025-03-10T04:49:49.628+0000] {dag.py:2726} INFO - Sync 1 DAGs
[2025-03-10T04:49:49.645+0000] {logging_mixin.py:149} INFO - [2025-03-10T04:49:49.645+0000] {dag.py:3490} INFO - Setting next_dagrun for 3-Procesar_penguins_data to None, run_after=None
[2025-03-10T04:49:49.659+0000] {processor.py:178} INFO - Processing /opt/airflow/dags/Procesa_data.py took 0.709 seconds
[2025-03-10T04:50:20.393+0000] {processor.py:156} INFO - Started process (PID=4997) to work on /opt/airflow/dags/Procesa_data.py
[2025-03-10T04:50:20.394+0000] {processor.py:799} INFO - Processing file /opt/airflow/dags/Procesa_data.py for tasks to queue
[2025-03-10T04:50:20.394+0000] {logging_mixin.py:149} INFO - [2025-03-10T04:50:20.394+0000] {dagbag.py:541} INFO - Filling up the DagBag from /opt/airflow/dags/Procesa_data.py
[2025-03-10T04:50:21.081+0000] {processor.py:809} INFO - DAG(s) dict_keys(['3-Procesar_penguins_data']) retrieved from /opt/airflow/dags/Procesa_data.py
[2025-03-10T04:50:21.097+0000] {logging_mixin.py:149} INFO - [2025-03-10T04:50:21.096+0000] {dag.py:2726} INFO - Sync 1 DAGs
[2025-03-10T04:50:21.113+0000] {logging_mixin.py:149} INFO - [2025-03-10T04:50:21.113+0000] {dag.py:3490} INFO - Setting next_dagrun for 3-Procesar_penguins_data to None, run_after=None
[2025-03-10T04:50:21.129+0000] {processor.py:178} INFO - Processing /opt/airflow/dags/Procesa_data.py took 0.739 seconds
