[2025-03-31T22:48:50.493+0000] {processor.py:186} INFO - Started process (PID=116) to work on /opt/airflow/dags/Procesa_data.py
[2025-03-31T22:48:50.507+0000] {processor.py:914} INFO - Processing file /opt/airflow/dags/Procesa_data.py for tasks to queue
[2025-03-31T22:48:50.535+0000] {logging_mixin.py:190} INFO - [2025-03-31T22:48:50.526+0000] {dagbag.py:588} INFO - Filling up the DagBag from /opt/airflow/dags/Procesa_data.py
[2025-03-31T22:48:54.686+0000] {processor.py:925} INFO - DAG(s) '3-Procesar_penguins_data' retrieved from /opt/airflow/dags/Procesa_data.py
[2025-03-31T22:48:55.448+0000] {logging_mixin.py:190} INFO - [2025-03-31T22:48:55.444+0000] {override.py:1901} INFO - Created Permission View: can delete on DAG:3-Procesar_penguins_data
[2025-03-31T22:48:55.526+0000] {logging_mixin.py:190} INFO - [2025-03-31T22:48:55.519+0000] {override.py:1901} INFO - Created Permission View: can edit on DAG:3-Procesar_penguins_data
[2025-03-31T22:48:55.599+0000] {logging_mixin.py:190} INFO - [2025-03-31T22:48:55.598+0000] {override.py:1901} INFO - Created Permission View: can read on DAG:3-Procesar_penguins_data
[2025-03-31T22:48:55.649+0000] {logging_mixin.py:190} INFO - [2025-03-31T22:48:55.648+0000] {override.py:1901} INFO - Created Permission View: can delete on DAG Run:3-Procesar_penguins_data
[2025-03-31T22:48:55.699+0000] {logging_mixin.py:190} INFO - [2025-03-31T22:48:55.699+0000] {override.py:1901} INFO - Created Permission View: menu access on DAG Run:3-Procesar_penguins_data
[2025-03-31T22:48:55.758+0000] {logging_mixin.py:190} INFO - [2025-03-31T22:48:55.757+0000] {override.py:1901} INFO - Created Permission View: can read on DAG Run:3-Procesar_penguins_data
[2025-03-31T22:48:55.828+0000] {logging_mixin.py:190} INFO - [2025-03-31T22:48:55.826+0000] {override.py:1901} INFO - Created Permission View: can create on DAG Run:3-Procesar_penguins_data
[2025-03-31T22:48:55.833+0000] {logging_mixin.py:190} INFO - [2025-03-31T22:48:55.830+0000] {dag.py:3239} INFO - Sync 1 DAGs
[2025-03-31T22:48:55.919+0000] {logging_mixin.py:190} INFO - [2025-03-31T22:48:55.913+0000] {dag.py:3262} INFO - Creating ORM DAG for 3-Procesar_penguins_data
[2025-03-31T22:48:55.922+0000] {logging_mixin.py:190} INFO - [2025-03-31T22:48:55.922+0000] {dag.py:4180} INFO - Setting next_dagrun for 3-Procesar_penguins_data to None, run_after=None
[2025-03-31T22:48:56.068+0000] {processor.py:208} INFO - Processing /opt/airflow/dags/Procesa_data.py took 5.656 seconds
[2025-03-31T22:49:26.331+0000] {processor.py:186} INFO - Started process (PID=136) to work on /opt/airflow/dags/Procesa_data.py
[2025-03-31T22:49:26.333+0000] {processor.py:914} INFO - Processing file /opt/airflow/dags/Procesa_data.py for tasks to queue
[2025-03-31T22:49:26.339+0000] {logging_mixin.py:190} INFO - [2025-03-31T22:49:26.338+0000] {dagbag.py:588} INFO - Filling up the DagBag from /opt/airflow/dags/Procesa_data.py
[2025-03-31T22:49:28.548+0000] {processor.py:925} INFO - DAG(s) '3-Procesar_penguins_data' retrieved from /opt/airflow/dags/Procesa_data.py
[2025-03-31T22:49:28.603+0000] {logging_mixin.py:190} INFO - [2025-03-31T22:49:28.603+0000] {dag.py:3239} INFO - Sync 1 DAGs
[2025-03-31T22:49:28.630+0000] {logging_mixin.py:190} INFO - [2025-03-31T22:49:28.630+0000] {dag.py:4180} INFO - Setting next_dagrun for 3-Procesar_penguins_data to None, run_after=None
[2025-03-31T22:49:28.659+0000] {processor.py:208} INFO - Processing /opt/airflow/dags/Procesa_data.py took 2.350 seconds
[2025-03-31T22:49:59.272+0000] {processor.py:186} INFO - Started process (PID=151) to work on /opt/airflow/dags/Procesa_data.py
[2025-03-31T22:49:59.285+0000] {processor.py:914} INFO - Processing file /opt/airflow/dags/Procesa_data.py for tasks to queue
[2025-03-31T22:49:59.320+0000] {logging_mixin.py:190} INFO - [2025-03-31T22:49:59.318+0000] {dagbag.py:588} INFO - Filling up the DagBag from /opt/airflow/dags/Procesa_data.py
[2025-03-31T22:50:02.647+0000] {processor.py:925} INFO - DAG(s) '3-Procesar_penguins_data' retrieved from /opt/airflow/dags/Procesa_data.py
[2025-03-31T22:50:02.718+0000] {logging_mixin.py:190} INFO - [2025-03-31T22:50:02.716+0000] {dag.py:3239} INFO - Sync 1 DAGs
[2025-03-31T22:50:02.770+0000] {logging_mixin.py:190} INFO - [2025-03-31T22:50:02.770+0000] {dag.py:4180} INFO - Setting next_dagrun for 3-Procesar_penguins_data to None, run_after=None
[2025-03-31T22:50:02.848+0000] {processor.py:208} INFO - Processing /opt/airflow/dags/Procesa_data.py took 3.650 seconds
[2025-03-31T22:50:33.445+0000] {processor.py:186} INFO - Started process (PID=168) to work on /opt/airflow/dags/Procesa_data.py
[2025-03-31T22:50:33.452+0000] {processor.py:914} INFO - Processing file /opt/airflow/dags/Procesa_data.py for tasks to queue
[2025-03-31T22:50:33.465+0000] {logging_mixin.py:190} INFO - [2025-03-31T22:50:33.464+0000] {dagbag.py:588} INFO - Filling up the DagBag from /opt/airflow/dags/Procesa_data.py
[2025-03-31T22:50:38.238+0000] {processor.py:925} INFO - DAG(s) '3-Procesar_penguins_data' retrieved from /opt/airflow/dags/Procesa_data.py
[2025-03-31T22:50:38.332+0000] {logging_mixin.py:190} INFO - [2025-03-31T22:50:38.330+0000] {dag.py:3239} INFO - Sync 1 DAGs
[2025-03-31T22:50:38.391+0000] {logging_mixin.py:190} INFO - [2025-03-31T22:50:38.390+0000] {dag.py:4180} INFO - Setting next_dagrun for 3-Procesar_penguins_data to None, run_after=None
[2025-03-31T22:50:38.490+0000] {processor.py:208} INFO - Processing /opt/airflow/dags/Procesa_data.py took 5.075 seconds
[2025-03-31T22:51:09.064+0000] {processor.py:186} INFO - Started process (PID=198) to work on /opt/airflow/dags/Procesa_data.py
[2025-03-31T22:51:09.067+0000] {processor.py:914} INFO - Processing file /opt/airflow/dags/Procesa_data.py for tasks to queue
[2025-03-31T22:51:09.073+0000] {logging_mixin.py:190} INFO - [2025-03-31T22:51:09.073+0000] {dagbag.py:588} INFO - Filling up the DagBag from /opt/airflow/dags/Procesa_data.py
[2025-03-31T22:51:11.189+0000] {processor.py:925} INFO - DAG(s) '3-Procesar_penguins_data' retrieved from /opt/airflow/dags/Procesa_data.py
[2025-03-31T22:51:11.282+0000] {logging_mixin.py:190} INFO - [2025-03-31T22:51:11.281+0000] {dag.py:3239} INFO - Sync 1 DAGs
[2025-03-31T22:51:11.304+0000] {logging_mixin.py:190} INFO - [2025-03-31T22:51:11.304+0000] {dag.py:4180} INFO - Setting next_dagrun for 3-Procesar_penguins_data to None, run_after=None
[2025-03-31T22:51:11.330+0000] {processor.py:208} INFO - Processing /opt/airflow/dags/Procesa_data.py took 2.285 seconds
[2025-03-31T22:51:41.791+0000] {processor.py:186} INFO - Started process (PID=217) to work on /opt/airflow/dags/Procesa_data.py
[2025-03-31T22:51:41.793+0000] {processor.py:914} INFO - Processing file /opt/airflow/dags/Procesa_data.py for tasks to queue
[2025-03-31T22:51:41.798+0000] {logging_mixin.py:190} INFO - [2025-03-31T22:51:41.797+0000] {dagbag.py:588} INFO - Filling up the DagBag from /opt/airflow/dags/Procesa_data.py
[2025-03-31T22:51:43.295+0000] {processor.py:925} INFO - DAG(s) '3-Procesar_penguins_data' retrieved from /opt/airflow/dags/Procesa_data.py
[2025-03-31T22:51:43.348+0000] {logging_mixin.py:190} INFO - [2025-03-31T22:51:43.348+0000] {dag.py:3239} INFO - Sync 1 DAGs
[2025-03-31T22:51:43.372+0000] {logging_mixin.py:190} INFO - [2025-03-31T22:51:43.371+0000] {dag.py:4180} INFO - Setting next_dagrun for 3-Procesar_penguins_data to None, run_after=None
[2025-03-31T22:51:43.399+0000] {processor.py:208} INFO - Processing /opt/airflow/dags/Procesa_data.py took 1.624 seconds
[2025-03-31T22:52:13.863+0000] {processor.py:186} INFO - Started process (PID=237) to work on /opt/airflow/dags/Procesa_data.py
[2025-03-31T22:52:13.867+0000] {processor.py:914} INFO - Processing file /opt/airflow/dags/Procesa_data.py for tasks to queue
[2025-03-31T22:52:13.875+0000] {logging_mixin.py:190} INFO - [2025-03-31T22:52:13.873+0000] {dagbag.py:588} INFO - Filling up the DagBag from /opt/airflow/dags/Procesa_data.py
[2025-03-31T22:52:15.452+0000] {processor.py:925} INFO - DAG(s) '3-Procesar_penguins_data' retrieved from /opt/airflow/dags/Procesa_data.py
[2025-03-31T22:52:15.495+0000] {logging_mixin.py:190} INFO - [2025-03-31T22:52:15.494+0000] {dag.py:3239} INFO - Sync 1 DAGs
[2025-03-31T22:52:15.515+0000] {logging_mixin.py:190} INFO - [2025-03-31T22:52:15.515+0000] {dag.py:4180} INFO - Setting next_dagrun for 3-Procesar_penguins_data to None, run_after=None
[2025-03-31T22:52:15.542+0000] {processor.py:208} INFO - Processing /opt/airflow/dags/Procesa_data.py took 1.707 seconds
[2025-03-31T22:52:45.782+0000] {processor.py:186} INFO - Started process (PID=255) to work on /opt/airflow/dags/Procesa_data.py
[2025-03-31T22:52:45.784+0000] {processor.py:914} INFO - Processing file /opt/airflow/dags/Procesa_data.py for tasks to queue
[2025-03-31T22:52:45.797+0000] {logging_mixin.py:190} INFO - [2025-03-31T22:52:45.795+0000] {dagbag.py:588} INFO - Filling up the DagBag from /opt/airflow/dags/Procesa_data.py
[2025-03-31T22:52:47.277+0000] {processor.py:925} INFO - DAG(s) '3-Procesar_penguins_data' retrieved from /opt/airflow/dags/Procesa_data.py
[2025-03-31T22:52:47.324+0000] {logging_mixin.py:190} INFO - [2025-03-31T22:52:47.323+0000] {dag.py:3239} INFO - Sync 1 DAGs
[2025-03-31T22:52:47.350+0000] {logging_mixin.py:190} INFO - [2025-03-31T22:52:47.350+0000] {dag.py:4180} INFO - Setting next_dagrun for 3-Procesar_penguins_data to None, run_after=None
[2025-03-31T22:52:47.385+0000] {processor.py:208} INFO - Processing /opt/airflow/dags/Procesa_data.py took 1.619 seconds
[2025-03-31T22:53:17.687+0000] {processor.py:186} INFO - Started process (PID=271) to work on /opt/airflow/dags/Procesa_data.py
[2025-03-31T22:53:17.691+0000] {processor.py:914} INFO - Processing file /opt/airflow/dags/Procesa_data.py for tasks to queue
[2025-03-31T22:53:17.697+0000] {logging_mixin.py:190} INFO - [2025-03-31T22:53:17.696+0000] {dagbag.py:588} INFO - Filling up the DagBag from /opt/airflow/dags/Procesa_data.py
[2025-03-31T22:53:20.121+0000] {processor.py:925} INFO - DAG(s) '3-Procesar_penguins_data' retrieved from /opt/airflow/dags/Procesa_data.py
[2025-03-31T22:53:20.194+0000] {logging_mixin.py:190} INFO - [2025-03-31T22:53:20.193+0000] {dag.py:3239} INFO - Sync 1 DAGs
[2025-03-31T22:53:20.220+0000] {logging_mixin.py:190} INFO - [2025-03-31T22:53:20.220+0000] {dag.py:4180} INFO - Setting next_dagrun for 3-Procesar_penguins_data to None, run_after=None
[2025-03-31T22:53:20.262+0000] {processor.py:208} INFO - Processing /opt/airflow/dags/Procesa_data.py took 2.597 seconds
[2025-03-31T22:53:50.805+0000] {processor.py:186} INFO - Started process (PID=293) to work on /opt/airflow/dags/Procesa_data.py
[2025-03-31T22:53:50.808+0000] {processor.py:914} INFO - Processing file /opt/airflow/dags/Procesa_data.py for tasks to queue
[2025-03-31T22:53:50.814+0000] {logging_mixin.py:190} INFO - [2025-03-31T22:53:50.813+0000] {dagbag.py:588} INFO - Filling up the DagBag from /opt/airflow/dags/Procesa_data.py
[2025-03-31T22:53:52.366+0000] {processor.py:925} INFO - DAG(s) '3-Procesar_penguins_data' retrieved from /opt/airflow/dags/Procesa_data.py
[2025-03-31T22:53:52.411+0000] {logging_mixin.py:190} INFO - [2025-03-31T22:53:52.410+0000] {dag.py:3239} INFO - Sync 1 DAGs
[2025-03-31T22:53:52.432+0000] {logging_mixin.py:190} INFO - [2025-03-31T22:53:52.431+0000] {dag.py:4180} INFO - Setting next_dagrun for 3-Procesar_penguins_data to None, run_after=None
[2025-03-31T22:53:52.467+0000] {processor.py:208} INFO - Processing /opt/airflow/dags/Procesa_data.py took 1.679 seconds
[2025-03-31T22:54:23.115+0000] {processor.py:186} INFO - Started process (PID=312) to work on /opt/airflow/dags/Procesa_data.py
[2025-03-31T22:54:23.117+0000] {processor.py:914} INFO - Processing file /opt/airflow/dags/Procesa_data.py for tasks to queue
[2025-03-31T22:54:23.123+0000] {logging_mixin.py:190} INFO - [2025-03-31T22:54:23.122+0000] {dagbag.py:588} INFO - Filling up the DagBag from /opt/airflow/dags/Procesa_data.py
[2025-03-31T22:54:24.776+0000] {processor.py:925} INFO - DAG(s) '3-Procesar_penguins_data' retrieved from /opt/airflow/dags/Procesa_data.py
[2025-03-31T22:54:24.821+0000] {logging_mixin.py:190} INFO - [2025-03-31T22:54:24.820+0000] {dag.py:3239} INFO - Sync 1 DAGs
[2025-03-31T22:54:24.842+0000] {logging_mixin.py:190} INFO - [2025-03-31T22:54:24.842+0000] {dag.py:4180} INFO - Setting next_dagrun for 3-Procesar_penguins_data to None, run_after=None
[2025-03-31T22:54:24.878+0000] {processor.py:208} INFO - Processing /opt/airflow/dags/Procesa_data.py took 1.780 seconds
[2025-03-31T22:54:55.665+0000] {processor.py:186} INFO - Started process (PID=329) to work on /opt/airflow/dags/Procesa_data.py
[2025-03-31T22:54:55.675+0000] {processor.py:914} INFO - Processing file /opt/airflow/dags/Procesa_data.py for tasks to queue
[2025-03-31T22:54:55.688+0000] {logging_mixin.py:190} INFO - [2025-03-31T22:54:55.684+0000] {dagbag.py:588} INFO - Filling up the DagBag from /opt/airflow/dags/Procesa_data.py
[2025-03-31T22:54:59.270+0000] {processor.py:925} INFO - DAG(s) '3-Procesar_penguins_data' retrieved from /opt/airflow/dags/Procesa_data.py
[2025-03-31T22:54:59.325+0000] {logging_mixin.py:190} INFO - [2025-03-31T22:54:59.323+0000] {dag.py:3239} INFO - Sync 1 DAGs
[2025-03-31T22:54:59.350+0000] {logging_mixin.py:190} INFO - [2025-03-31T22:54:59.350+0000] {dag.py:4180} INFO - Setting next_dagrun for 3-Procesar_penguins_data to None, run_after=None
[2025-03-31T22:54:59.398+0000] {processor.py:208} INFO - Processing /opt/airflow/dags/Procesa_data.py took 3.781 seconds
[2025-03-31T22:55:30.016+0000] {processor.py:186} INFO - Started process (PID=351) to work on /opt/airflow/dags/Procesa_data.py
[2025-03-31T22:55:30.022+0000] {processor.py:914} INFO - Processing file /opt/airflow/dags/Procesa_data.py for tasks to queue
[2025-03-31T22:55:30.041+0000] {logging_mixin.py:190} INFO - [2025-03-31T22:55:30.036+0000] {dagbag.py:588} INFO - Filling up the DagBag from /opt/airflow/dags/Procesa_data.py
[2025-03-31T22:55:31.881+0000] {processor.py:925} INFO - DAG(s) '3-Procesar_penguins_data' retrieved from /opt/airflow/dags/Procesa_data.py
[2025-03-31T22:55:31.936+0000] {logging_mixin.py:190} INFO - [2025-03-31T22:55:31.935+0000] {dag.py:3239} INFO - Sync 1 DAGs
[2025-03-31T22:55:31.961+0000] {logging_mixin.py:190} INFO - [2025-03-31T22:55:31.961+0000] {dag.py:4180} INFO - Setting next_dagrun for 3-Procesar_penguins_data to None, run_after=None
[2025-03-31T22:55:31.998+0000] {processor.py:208} INFO - Processing /opt/airflow/dags/Procesa_data.py took 2.054 seconds
[2025-03-31T22:56:02.523+0000] {processor.py:186} INFO - Started process (PID=370) to work on /opt/airflow/dags/Procesa_data.py
[2025-03-31T22:56:02.526+0000] {processor.py:914} INFO - Processing file /opt/airflow/dags/Procesa_data.py for tasks to queue
[2025-03-31T22:56:02.532+0000] {logging_mixin.py:190} INFO - [2025-03-31T22:56:02.531+0000] {dagbag.py:588} INFO - Filling up the DagBag from /opt/airflow/dags/Procesa_data.py
[2025-03-31T22:56:04.170+0000] {processor.py:925} INFO - DAG(s) '3-Procesar_penguins_data' retrieved from /opt/airflow/dags/Procesa_data.py
[2025-03-31T22:56:04.214+0000] {logging_mixin.py:190} INFO - [2025-03-31T22:56:04.213+0000] {dag.py:3239} INFO - Sync 1 DAGs
[2025-03-31T22:56:04.235+0000] {logging_mixin.py:190} INFO - [2025-03-31T22:56:04.235+0000] {dag.py:4180} INFO - Setting next_dagrun for 3-Procesar_penguins_data to None, run_after=None
[2025-03-31T22:56:04.273+0000] {processor.py:208} INFO - Processing /opt/airflow/dags/Procesa_data.py took 1.771 seconds
[2025-03-31T22:56:34.875+0000] {processor.py:186} INFO - Started process (PID=389) to work on /opt/airflow/dags/Procesa_data.py
[2025-03-31T22:56:34.879+0000] {processor.py:914} INFO - Processing file /opt/airflow/dags/Procesa_data.py for tasks to queue
[2025-03-31T22:56:34.886+0000] {logging_mixin.py:190} INFO - [2025-03-31T22:56:34.885+0000] {dagbag.py:588} INFO - Filling up the DagBag from /opt/airflow/dags/Procesa_data.py
[2025-03-31T22:56:37.324+0000] {processor.py:925} INFO - DAG(s) '3-Procesar_penguins_data' retrieved from /opt/airflow/dags/Procesa_data.py
[2025-03-31T22:56:37.403+0000] {logging_mixin.py:190} INFO - [2025-03-31T22:56:37.402+0000] {dag.py:3239} INFO - Sync 1 DAGs
[2025-03-31T22:56:37.426+0000] {logging_mixin.py:190} INFO - [2025-03-31T22:56:37.426+0000] {dag.py:4180} INFO - Setting next_dagrun for 3-Procesar_penguins_data to None, run_after=None
[2025-03-31T22:56:37.487+0000] {processor.py:208} INFO - Processing /opt/airflow/dags/Procesa_data.py took 2.644 seconds
[2025-03-31T22:57:07.891+0000] {processor.py:186} INFO - Started process (PID=409) to work on /opt/airflow/dags/Procesa_data.py
[2025-03-31T22:57:07.894+0000] {processor.py:914} INFO - Processing file /opt/airflow/dags/Procesa_data.py for tasks to queue
[2025-03-31T22:57:07.899+0000] {logging_mixin.py:190} INFO - [2025-03-31T22:57:07.899+0000] {dagbag.py:588} INFO - Filling up the DagBag from /opt/airflow/dags/Procesa_data.py
[2025-03-31T22:57:10.243+0000] {processor.py:925} INFO - DAG(s) '3-Procesar_penguins_data' retrieved from /opt/airflow/dags/Procesa_data.py
[2025-03-31T22:57:10.334+0000] {logging_mixin.py:190} INFO - [2025-03-31T22:57:10.333+0000] {dag.py:3239} INFO - Sync 1 DAGs
[2025-03-31T22:57:10.367+0000] {logging_mixin.py:190} INFO - [2025-03-31T22:57:10.366+0000] {dag.py:4180} INFO - Setting next_dagrun for 3-Procesar_penguins_data to None, run_after=None
[2025-03-31T22:57:10.432+0000] {processor.py:208} INFO - Processing /opt/airflow/dags/Procesa_data.py took 2.557 seconds
[2025-03-31T22:57:41.257+0000] {processor.py:186} INFO - Started process (PID=434) to work on /opt/airflow/dags/Procesa_data.py
[2025-03-31T22:57:41.260+0000] {processor.py:914} INFO - Processing file /opt/airflow/dags/Procesa_data.py for tasks to queue
[2025-03-31T22:57:41.265+0000] {logging_mixin.py:190} INFO - [2025-03-31T22:57:41.265+0000] {dagbag.py:588} INFO - Filling up the DagBag from /opt/airflow/dags/Procesa_data.py
[2025-03-31T22:57:42.884+0000] {processor.py:925} INFO - DAG(s) '3-Procesar_penguins_data' retrieved from /opt/airflow/dags/Procesa_data.py
[2025-03-31T22:57:43.001+0000] {logging_mixin.py:190} INFO - [2025-03-31T22:57:43.001+0000] {dag.py:3239} INFO - Sync 1 DAGs
[2025-03-31T22:57:43.069+0000] {logging_mixin.py:190} INFO - [2025-03-31T22:57:43.068+0000] {dag.py:4180} INFO - Setting next_dagrun for 3-Procesar_penguins_data to None, run_after=None
[2025-03-31T22:57:43.184+0000] {processor.py:208} INFO - Processing /opt/airflow/dags/Procesa_data.py took 1.944 seconds
[2025-03-31T22:58:13.910+0000] {processor.py:186} INFO - Started process (PID=452) to work on /opt/airflow/dags/Procesa_data.py
[2025-03-31T22:58:13.912+0000] {processor.py:914} INFO - Processing file /opt/airflow/dags/Procesa_data.py for tasks to queue
[2025-03-31T22:58:13.915+0000] {logging_mixin.py:190} INFO - [2025-03-31T22:58:13.914+0000] {dagbag.py:588} INFO - Filling up the DagBag from /opt/airflow/dags/Procesa_data.py
[2025-03-31T22:58:15.293+0000] {processor.py:925} INFO - DAG(s) '3-Procesar_penguins_data' retrieved from /opt/airflow/dags/Procesa_data.py
[2025-03-31T22:58:15.331+0000] {logging_mixin.py:190} INFO - [2025-03-31T22:58:15.330+0000] {dag.py:3239} INFO - Sync 1 DAGs
[2025-03-31T22:58:15.352+0000] {logging_mixin.py:190} INFO - [2025-03-31T22:58:15.351+0000] {dag.py:4180} INFO - Setting next_dagrun for 3-Procesar_penguins_data to None, run_after=None
[2025-03-31T22:58:15.383+0000] {processor.py:208} INFO - Processing /opt/airflow/dags/Procesa_data.py took 1.489 seconds
[2025-03-31T22:58:46.195+0000] {processor.py:186} INFO - Started process (PID=471) to work on /opt/airflow/dags/Procesa_data.py
[2025-03-31T22:58:46.198+0000] {processor.py:914} INFO - Processing file /opt/airflow/dags/Procesa_data.py for tasks to queue
[2025-03-31T22:58:46.201+0000] {logging_mixin.py:190} INFO - [2025-03-31T22:58:46.200+0000] {dagbag.py:588} INFO - Filling up the DagBag from /opt/airflow/dags/Procesa_data.py
[2025-03-31T22:58:47.722+0000] {processor.py:925} INFO - DAG(s) '3-Procesar_penguins_data' retrieved from /opt/airflow/dags/Procesa_data.py
[2025-03-31T22:58:47.801+0000] {logging_mixin.py:190} INFO - [2025-03-31T22:58:47.800+0000] {dag.py:3239} INFO - Sync 1 DAGs
[2025-03-31T22:58:47.834+0000] {logging_mixin.py:190} INFO - [2025-03-31T22:58:47.834+0000] {dag.py:4180} INFO - Setting next_dagrun for 3-Procesar_penguins_data to None, run_after=None
[2025-03-31T22:58:47.906+0000] {processor.py:208} INFO - Processing /opt/airflow/dags/Procesa_data.py took 1.730 seconds
[2025-03-31T22:59:18.058+0000] {processor.py:186} INFO - Started process (PID=495) to work on /opt/airflow/dags/Procesa_data.py
[2025-03-31T22:59:18.062+0000] {processor.py:914} INFO - Processing file /opt/airflow/dags/Procesa_data.py for tasks to queue
[2025-03-31T22:59:18.065+0000] {logging_mixin.py:190} INFO - [2025-03-31T22:59:18.065+0000] {dagbag.py:588} INFO - Filling up the DagBag from /opt/airflow/dags/Procesa_data.py
[2025-03-31T22:59:19.416+0000] {processor.py:925} INFO - DAG(s) '3-Procesar_penguins_data' retrieved from /opt/airflow/dags/Procesa_data.py
[2025-03-31T22:59:19.469+0000] {logging_mixin.py:190} INFO - [2025-03-31T22:59:19.469+0000] {dag.py:3239} INFO - Sync 1 DAGs
[2025-03-31T22:59:19.491+0000] {logging_mixin.py:190} INFO - [2025-03-31T22:59:19.491+0000] {dag.py:4180} INFO - Setting next_dagrun for 3-Procesar_penguins_data to None, run_after=None
[2025-03-31T22:59:19.521+0000] {processor.py:208} INFO - Processing /opt/airflow/dags/Procesa_data.py took 1.479 seconds
[2025-03-31T22:59:49.991+0000] {processor.py:186} INFO - Started process (PID=514) to work on /opt/airflow/dags/Procesa_data.py
[2025-03-31T22:59:49.993+0000] {processor.py:914} INFO - Processing file /opt/airflow/dags/Procesa_data.py for tasks to queue
[2025-03-31T22:59:49.997+0000] {logging_mixin.py:190} INFO - [2025-03-31T22:59:49.996+0000] {dagbag.py:588} INFO - Filling up the DagBag from /opt/airflow/dags/Procesa_data.py
[2025-03-31T22:59:51.389+0000] {processor.py:925} INFO - DAG(s) '3-Procesar_penguins_data' retrieved from /opt/airflow/dags/Procesa_data.py
[2025-03-31T22:59:51.428+0000] {logging_mixin.py:190} INFO - [2025-03-31T22:59:51.428+0000] {dag.py:3239} INFO - Sync 1 DAGs
[2025-03-31T22:59:51.450+0000] {logging_mixin.py:190} INFO - [2025-03-31T22:59:51.450+0000] {dag.py:4180} INFO - Setting next_dagrun for 3-Procesar_penguins_data to None, run_after=None
[2025-03-31T22:59:51.486+0000] {processor.py:208} INFO - Processing /opt/airflow/dags/Procesa_data.py took 1.527 seconds
[2025-03-31T23:00:21.664+0000] {processor.py:186} INFO - Started process (PID=533) to work on /opt/airflow/dags/Procesa_data.py
[2025-03-31T23:00:21.670+0000] {processor.py:914} INFO - Processing file /opt/airflow/dags/Procesa_data.py for tasks to queue
[2025-03-31T23:00:21.675+0000] {logging_mixin.py:190} INFO - [2025-03-31T23:00:21.675+0000] {dagbag.py:588} INFO - Filling up the DagBag from /opt/airflow/dags/Procesa_data.py
[2025-03-31T23:00:23.675+0000] {processor.py:925} INFO - DAG(s) '3-Procesar_penguins_data' retrieved from /opt/airflow/dags/Procesa_data.py
[2025-03-31T23:00:23.746+0000] {logging_mixin.py:190} INFO - [2025-03-31T23:00:23.745+0000] {dag.py:3239} INFO - Sync 1 DAGs
[2025-03-31T23:00:23.767+0000] {logging_mixin.py:190} INFO - [2025-03-31T23:00:23.766+0000] {dag.py:4180} INFO - Setting next_dagrun for 3-Procesar_penguins_data to None, run_after=None
[2025-03-31T23:00:23.801+0000] {processor.py:208} INFO - Processing /opt/airflow/dags/Procesa_data.py took 2.162 seconds
[2025-03-31T23:00:54.324+0000] {processor.py:186} INFO - Started process (PID=551) to work on /opt/airflow/dags/Procesa_data.py
[2025-03-31T23:00:54.331+0000] {processor.py:914} INFO - Processing file /opt/airflow/dags/Procesa_data.py for tasks to queue
[2025-03-31T23:00:54.342+0000] {logging_mixin.py:190} INFO - [2025-03-31T23:00:54.341+0000] {dagbag.py:588} INFO - Filling up the DagBag from /opt/airflow/dags/Procesa_data.py
[2025-03-31T23:00:56.350+0000] {processor.py:925} INFO - DAG(s) '3-Procesar_penguins_data' retrieved from /opt/airflow/dags/Procesa_data.py
[2025-03-31T23:00:56.407+0000] {logging_mixin.py:190} INFO - [2025-03-31T23:00:56.404+0000] {dag.py:3239} INFO - Sync 1 DAGs
[2025-03-31T23:00:56.429+0000] {logging_mixin.py:190} INFO - [2025-03-31T23:00:56.428+0000] {dag.py:4180} INFO - Setting next_dagrun for 3-Procesar_penguins_data to None, run_after=None
[2025-03-31T23:00:56.465+0000] {processor.py:208} INFO - Processing /opt/airflow/dags/Procesa_data.py took 2.174 seconds
[2025-03-31T23:01:26.854+0000] {processor.py:186} INFO - Started process (PID=570) to work on /opt/airflow/dags/Procesa_data.py
[2025-03-31T23:01:26.856+0000] {processor.py:914} INFO - Processing file /opt/airflow/dags/Procesa_data.py for tasks to queue
[2025-03-31T23:01:26.859+0000] {logging_mixin.py:190} INFO - [2025-03-31T23:01:26.858+0000] {dagbag.py:588} INFO - Filling up the DagBag from /opt/airflow/dags/Procesa_data.py
[2025-03-31T23:01:28.455+0000] {processor.py:925} INFO - DAG(s) '3-Procesar_penguins_data' retrieved from /opt/airflow/dags/Procesa_data.py
[2025-03-31T23:01:28.529+0000] {logging_mixin.py:190} INFO - [2025-03-31T23:01:28.528+0000] {dag.py:3239} INFO - Sync 1 DAGs
[2025-03-31T23:01:28.574+0000] {logging_mixin.py:190} INFO - [2025-03-31T23:01:28.573+0000] {dag.py:4180} INFO - Setting next_dagrun for 3-Procesar_penguins_data to None, run_after=None
[2025-03-31T23:01:28.620+0000] {processor.py:208} INFO - Processing /opt/airflow/dags/Procesa_data.py took 1.785 seconds
[2025-03-31T23:01:59.198+0000] {processor.py:186} INFO - Started process (PID=589) to work on /opt/airflow/dags/Procesa_data.py
[2025-03-31T23:01:59.200+0000] {processor.py:914} INFO - Processing file /opt/airflow/dags/Procesa_data.py for tasks to queue
[2025-03-31T23:01:59.203+0000] {logging_mixin.py:190} INFO - [2025-03-31T23:01:59.202+0000] {dagbag.py:588} INFO - Filling up the DagBag from /opt/airflow/dags/Procesa_data.py
[2025-03-31T23:02:00.708+0000] {processor.py:925} INFO - DAG(s) '3-Procesar_penguins_data' retrieved from /opt/airflow/dags/Procesa_data.py
[2025-03-31T23:02:00.755+0000] {logging_mixin.py:190} INFO - [2025-03-31T23:02:00.754+0000] {dag.py:3239} INFO - Sync 1 DAGs
[2025-03-31T23:02:00.777+0000] {logging_mixin.py:190} INFO - [2025-03-31T23:02:00.776+0000] {dag.py:4180} INFO - Setting next_dagrun for 3-Procesar_penguins_data to None, run_after=None
[2025-03-31T23:02:00.801+0000] {processor.py:208} INFO - Processing /opt/airflow/dags/Procesa_data.py took 1.619 seconds
[2025-03-31T23:02:31.111+0000] {processor.py:186} INFO - Started process (PID=608) to work on /opt/airflow/dags/Procesa_data.py
[2025-03-31T23:02:31.114+0000] {processor.py:914} INFO - Processing file /opt/airflow/dags/Procesa_data.py for tasks to queue
[2025-03-31T23:02:31.116+0000] {logging_mixin.py:190} INFO - [2025-03-31T23:02:31.116+0000] {dagbag.py:588} INFO - Filling up the DagBag from /opt/airflow/dags/Procesa_data.py
[2025-03-31T23:02:32.631+0000] {processor.py:925} INFO - DAG(s) '3-Procesar_penguins_data' retrieved from /opt/airflow/dags/Procesa_data.py
[2025-03-31T23:02:32.680+0000] {logging_mixin.py:190} INFO - [2025-03-31T23:02:32.679+0000] {dag.py:3239} INFO - Sync 1 DAGs
[2025-03-31T23:02:32.704+0000] {logging_mixin.py:190} INFO - [2025-03-31T23:02:32.704+0000] {dag.py:4180} INFO - Setting next_dagrun for 3-Procesar_penguins_data to None, run_after=None
[2025-03-31T23:02:32.732+0000] {processor.py:208} INFO - Processing /opt/airflow/dags/Procesa_data.py took 1.637 seconds
[2025-03-31T23:03:02.955+0000] {processor.py:186} INFO - Started process (PID=627) to work on /opt/airflow/dags/Procesa_data.py
[2025-03-31T23:03:02.957+0000] {processor.py:914} INFO - Processing file /opt/airflow/dags/Procesa_data.py for tasks to queue
[2025-03-31T23:03:02.960+0000] {logging_mixin.py:190} INFO - [2025-03-31T23:03:02.959+0000] {dagbag.py:588} INFO - Filling up the DagBag from /opt/airflow/dags/Procesa_data.py
[2025-03-31T23:03:04.459+0000] {processor.py:925} INFO - DAG(s) '3-Procesar_penguins_data' retrieved from /opt/airflow/dags/Procesa_data.py
[2025-03-31T23:03:04.507+0000] {logging_mixin.py:190} INFO - [2025-03-31T23:03:04.506+0000] {dag.py:3239} INFO - Sync 1 DAGs
[2025-03-31T23:03:04.530+0000] {logging_mixin.py:190} INFO - [2025-03-31T23:03:04.529+0000] {dag.py:4180} INFO - Setting next_dagrun for 3-Procesar_penguins_data to None, run_after=None
[2025-03-31T23:03:04.560+0000] {processor.py:208} INFO - Processing /opt/airflow/dags/Procesa_data.py took 1.623 seconds
[2025-03-31T23:14:57.271+0000] {processor.py:186} INFO - Started process (PID=86) to work on /opt/airflow/dags/Procesa_data.py
[2025-03-31T23:14:57.276+0000] {processor.py:914} INFO - Processing file /opt/airflow/dags/Procesa_data.py for tasks to queue
[2025-03-31T23:14:57.291+0000] {logging_mixin.py:190} INFO - [2025-03-31T23:14:57.290+0000] {dagbag.py:588} INFO - Filling up the DagBag from /opt/airflow/dags/Procesa_data.py
[2025-03-31T23:15:01.212+0000] {processor.py:925} INFO - DAG(s) '3-Procesar_penguins_data' retrieved from /opt/airflow/dags/Procesa_data.py
[2025-03-31T23:15:01.719+0000] {logging_mixin.py:190} INFO - [2025-03-31T23:15:01.717+0000] {override.py:1901} INFO - Created Permission View: can edit on DAG:3-Procesar_penguins_data
[2025-03-31T23:15:01.762+0000] {logging_mixin.py:190} INFO - [2025-03-31T23:15:01.760+0000] {override.py:1901} INFO - Created Permission View: can delete on DAG:3-Procesar_penguins_data
[2025-03-31T23:15:01.784+0000] {logging_mixin.py:190} INFO - [2025-03-31T23:15:01.781+0000] {override.py:1901} INFO - Created Permission View: can read on DAG:3-Procesar_penguins_data
[2025-03-31T23:15:01.822+0000] {logging_mixin.py:190} INFO - [2025-03-31T23:15:01.821+0000] {override.py:1901} INFO - Created Permission View: can create on DAG Run:3-Procesar_penguins_data
[2025-03-31T23:15:01.849+0000] {logging_mixin.py:190} INFO - [2025-03-31T23:15:01.846+0000] {override.py:1901} INFO - Created Permission View: menu access on DAG Run:3-Procesar_penguins_data
[2025-03-31T23:15:01.879+0000] {logging_mixin.py:190} INFO - [2025-03-31T23:15:01.876+0000] {override.py:1901} INFO - Created Permission View: can delete on DAG Run:3-Procesar_penguins_data
[2025-03-31T23:15:01.908+0000] {logging_mixin.py:190} INFO - [2025-03-31T23:15:01.908+0000] {override.py:1901} INFO - Created Permission View: can read on DAG Run:3-Procesar_penguins_data
[2025-03-31T23:15:01.911+0000] {logging_mixin.py:190} INFO - [2025-03-31T23:15:01.909+0000] {dag.py:3239} INFO - Sync 1 DAGs
[2025-03-31T23:15:01.982+0000] {logging_mixin.py:190} INFO - [2025-03-31T23:15:01.981+0000] {dag.py:3262} INFO - Creating ORM DAG for 3-Procesar_penguins_data
[2025-03-31T23:15:01.983+0000] {logging_mixin.py:190} INFO - [2025-03-31T23:15:01.983+0000] {dag.py:4180} INFO - Setting next_dagrun for 3-Procesar_penguins_data to None, run_after=None
[2025-03-31T23:15:02.032+0000] {processor.py:208} INFO - Processing /opt/airflow/dags/Procesa_data.py took 4.808 seconds
[2025-03-31T23:15:32.378+0000] {processor.py:186} INFO - Started process (PID=99) to work on /opt/airflow/dags/Procesa_data.py
[2025-03-31T23:15:32.381+0000] {processor.py:914} INFO - Processing file /opt/airflow/dags/Procesa_data.py for tasks to queue
[2025-03-31T23:15:32.387+0000] {logging_mixin.py:190} INFO - [2025-03-31T23:15:32.387+0000] {dagbag.py:588} INFO - Filling up the DagBag from /opt/airflow/dags/Procesa_data.py
[2025-03-31T23:15:34.147+0000] {processor.py:925} INFO - DAG(s) '3-Procesar_penguins_data' retrieved from /opt/airflow/dags/Procesa_data.py
[2025-03-31T23:15:34.188+0000] {logging_mixin.py:190} INFO - [2025-03-31T23:15:34.187+0000] {dag.py:3239} INFO - Sync 1 DAGs
[2025-03-31T23:15:34.208+0000] {logging_mixin.py:190} INFO - [2025-03-31T23:15:34.208+0000] {dag.py:4180} INFO - Setting next_dagrun for 3-Procesar_penguins_data to None, run_after=None
[2025-03-31T23:15:34.231+0000] {processor.py:208} INFO - Processing /opt/airflow/dags/Procesa_data.py took 1.870 seconds
[2025-03-31T23:16:04.808+0000] {processor.py:186} INFO - Started process (PID=119) to work on /opt/airflow/dags/Procesa_data.py
[2025-03-31T23:16:04.811+0000] {processor.py:914} INFO - Processing file /opt/airflow/dags/Procesa_data.py for tasks to queue
[2025-03-31T23:16:04.816+0000] {logging_mixin.py:190} INFO - [2025-03-31T23:16:04.815+0000] {dagbag.py:588} INFO - Filling up the DagBag from /opt/airflow/dags/Procesa_data.py
[2025-03-31T23:16:06.551+0000] {processor.py:925} INFO - DAG(s) '3-Procesar_penguins_data' retrieved from /opt/airflow/dags/Procesa_data.py
[2025-03-31T23:16:06.592+0000] {logging_mixin.py:190} INFO - [2025-03-31T23:16:06.591+0000] {dag.py:3239} INFO - Sync 1 DAGs
[2025-03-31T23:16:06.622+0000] {logging_mixin.py:190} INFO - [2025-03-31T23:16:06.621+0000] {dag.py:4180} INFO - Setting next_dagrun for 3-Procesar_penguins_data to None, run_after=None
[2025-03-31T23:16:06.654+0000] {processor.py:208} INFO - Processing /opt/airflow/dags/Procesa_data.py took 1.861 seconds
[2025-03-31T23:16:36.954+0000] {processor.py:186} INFO - Started process (PID=138) to work on /opt/airflow/dags/Procesa_data.py
[2025-03-31T23:16:36.966+0000] {processor.py:914} INFO - Processing file /opt/airflow/dags/Procesa_data.py for tasks to queue
[2025-03-31T23:16:36.982+0000] {logging_mixin.py:190} INFO - [2025-03-31T23:16:36.980+0000] {dagbag.py:588} INFO - Filling up the DagBag from /opt/airflow/dags/Procesa_data.py
[2025-03-31T23:16:40.779+0000] {processor.py:925} INFO - DAG(s) '3-Procesar_penguins_data' retrieved from /opt/airflow/dags/Procesa_data.py
[2025-03-31T23:16:40.827+0000] {logging_mixin.py:190} INFO - [2025-03-31T23:16:40.826+0000] {dag.py:3239} INFO - Sync 1 DAGs
[2025-03-31T23:16:40.851+0000] {logging_mixin.py:190} INFO - [2025-03-31T23:16:40.850+0000] {dag.py:4180} INFO - Setting next_dagrun for 3-Procesar_penguins_data to None, run_after=None
[2025-03-31T23:16:40.883+0000] {processor.py:208} INFO - Processing /opt/airflow/dags/Procesa_data.py took 3.968 seconds
[2025-03-31T23:17:11.121+0000] {processor.py:186} INFO - Started process (PID=163) to work on /opt/airflow/dags/Procesa_data.py
[2025-03-31T23:17:11.125+0000] {processor.py:914} INFO - Processing file /opt/airflow/dags/Procesa_data.py for tasks to queue
[2025-03-31T23:17:11.134+0000] {logging_mixin.py:190} INFO - [2025-03-31T23:17:11.133+0000] {dagbag.py:588} INFO - Filling up the DagBag from /opt/airflow/dags/Procesa_data.py
[2025-03-31T23:17:16.886+0000] {processor.py:925} INFO - DAG(s) '3-Procesar_penguins_data' retrieved from /opt/airflow/dags/Procesa_data.py
[2025-03-31T23:17:16.984+0000] {logging_mixin.py:190} INFO - [2025-03-31T23:17:16.983+0000] {dag.py:3239} INFO - Sync 1 DAGs
[2025-03-31T23:17:17.036+0000] {logging_mixin.py:190} INFO - [2025-03-31T23:17:17.035+0000] {dag.py:4180} INFO - Setting next_dagrun for 3-Procesar_penguins_data to None, run_after=None
[2025-03-31T23:17:17.148+0000] {processor.py:208} INFO - Processing /opt/airflow/dags/Procesa_data.py took 6.058 seconds
[2025-03-31T23:17:47.795+0000] {processor.py:186} INFO - Started process (PID=182) to work on /opt/airflow/dags/Procesa_data.py
[2025-03-31T23:17:47.798+0000] {processor.py:914} INFO - Processing file /opt/airflow/dags/Procesa_data.py for tasks to queue
[2025-03-31T23:17:47.804+0000] {logging_mixin.py:190} INFO - [2025-03-31T23:17:47.803+0000] {dagbag.py:588} INFO - Filling up the DagBag from /opt/airflow/dags/Procesa_data.py
[2025-03-31T23:17:49.514+0000] {processor.py:925} INFO - DAG(s) '3-Procesar_penguins_data' retrieved from /opt/airflow/dags/Procesa_data.py
[2025-03-31T23:17:49.567+0000] {logging_mixin.py:190} INFO - [2025-03-31T23:17:49.566+0000] {dag.py:3239} INFO - Sync 1 DAGs
[2025-03-31T23:17:49.591+0000] {logging_mixin.py:190} INFO - [2025-03-31T23:17:49.591+0000] {dag.py:4180} INFO - Setting next_dagrun for 3-Procesar_penguins_data to None, run_after=None
[2025-03-31T23:17:49.626+0000] {processor.py:208} INFO - Processing /opt/airflow/dags/Procesa_data.py took 1.853 seconds
[2025-03-31T23:18:20.105+0000] {processor.py:186} INFO - Started process (PID=201) to work on /opt/airflow/dags/Procesa_data.py
[2025-03-31T23:18:20.107+0000] {processor.py:914} INFO - Processing file /opt/airflow/dags/Procesa_data.py for tasks to queue
[2025-03-31T23:18:20.112+0000] {logging_mixin.py:190} INFO - [2025-03-31T23:18:20.112+0000] {dagbag.py:588} INFO - Filling up the DagBag from /opt/airflow/dags/Procesa_data.py
[2025-03-31T23:18:21.645+0000] {processor.py:925} INFO - DAG(s) '3-Procesar_penguins_data' retrieved from /opt/airflow/dags/Procesa_data.py
[2025-03-31T23:18:21.694+0000] {logging_mixin.py:190} INFO - [2025-03-31T23:18:21.693+0000] {dag.py:3239} INFO - Sync 1 DAGs
[2025-03-31T23:18:21.718+0000] {logging_mixin.py:190} INFO - [2025-03-31T23:18:21.717+0000] {dag.py:4180} INFO - Setting next_dagrun for 3-Procesar_penguins_data to None, run_after=None
[2025-03-31T23:18:21.750+0000] {processor.py:208} INFO - Processing /opt/airflow/dags/Procesa_data.py took 1.662 seconds
[2025-03-31T23:18:52.142+0000] {processor.py:186} INFO - Started process (PID=220) to work on /opt/airflow/dags/Procesa_data.py
[2025-03-31T23:18:52.145+0000] {processor.py:914} INFO - Processing file /opt/airflow/dags/Procesa_data.py for tasks to queue
[2025-03-31T23:18:52.152+0000] {logging_mixin.py:190} INFO - [2025-03-31T23:18:52.149+0000] {dagbag.py:588} INFO - Filling up the DagBag from /opt/airflow/dags/Procesa_data.py
[2025-03-31T23:18:54.354+0000] {processor.py:925} INFO - DAG(s) '3-Procesar_penguins_data' retrieved from /opt/airflow/dags/Procesa_data.py
[2025-03-31T23:18:54.448+0000] {logging_mixin.py:190} INFO - [2025-03-31T23:18:54.447+0000] {dag.py:3239} INFO - Sync 1 DAGs
[2025-03-31T23:18:54.487+0000] {logging_mixin.py:190} INFO - [2025-03-31T23:18:54.487+0000] {dag.py:4180} INFO - Setting next_dagrun for 3-Procesar_penguins_data to None, run_after=None
[2025-03-31T23:18:54.527+0000] {processor.py:208} INFO - Processing /opt/airflow/dags/Procesa_data.py took 2.407 seconds
[2025-03-31T23:19:25.075+0000] {processor.py:186} INFO - Started process (PID=239) to work on /opt/airflow/dags/Procesa_data.py
[2025-03-31T23:19:25.078+0000] {processor.py:914} INFO - Processing file /opt/airflow/dags/Procesa_data.py for tasks to queue
[2025-03-31T23:19:25.084+0000] {logging_mixin.py:190} INFO - [2025-03-31T23:19:25.083+0000] {dagbag.py:588} INFO - Filling up the DagBag from /opt/airflow/dags/Procesa_data.py
[2025-03-31T23:19:27.008+0000] {processor.py:925} INFO - DAG(s) '3-Procesar_penguins_data' retrieved from /opt/airflow/dags/Procesa_data.py
[2025-03-31T23:19:27.055+0000] {logging_mixin.py:190} INFO - [2025-03-31T23:19:27.054+0000] {dag.py:3239} INFO - Sync 1 DAGs
[2025-03-31T23:19:27.089+0000] {logging_mixin.py:190} INFO - [2025-03-31T23:19:27.088+0000] {dag.py:4180} INFO - Setting next_dagrun for 3-Procesar_penguins_data to None, run_after=None
[2025-03-31T23:19:27.123+0000] {processor.py:208} INFO - Processing /opt/airflow/dags/Procesa_data.py took 2.066 seconds
[2025-03-31T23:19:57.841+0000] {processor.py:186} INFO - Started process (PID=258) to work on /opt/airflow/dags/Procesa_data.py
[2025-03-31T23:19:57.845+0000] {processor.py:914} INFO - Processing file /opt/airflow/dags/Procesa_data.py for tasks to queue
[2025-03-31T23:19:57.850+0000] {logging_mixin.py:190} INFO - [2025-03-31T23:19:57.849+0000] {dagbag.py:588} INFO - Filling up the DagBag from /opt/airflow/dags/Procesa_data.py
[2025-03-31T23:19:59.735+0000] {processor.py:925} INFO - DAG(s) '3-Procesar_penguins_data' retrieved from /opt/airflow/dags/Procesa_data.py
[2025-03-31T23:19:59.779+0000] {logging_mixin.py:190} INFO - [2025-03-31T23:19:59.779+0000] {dag.py:3239} INFO - Sync 1 DAGs
[2025-03-31T23:19:59.801+0000] {logging_mixin.py:190} INFO - [2025-03-31T23:19:59.800+0000] {dag.py:4180} INFO - Setting next_dagrun for 3-Procesar_penguins_data to None, run_after=None
[2025-03-31T23:19:59.841+0000] {processor.py:208} INFO - Processing /opt/airflow/dags/Procesa_data.py took 2.018 seconds
[2025-03-31T23:20:30.620+0000] {processor.py:186} INFO - Started process (PID=277) to work on /opt/airflow/dags/Procesa_data.py
[2025-03-31T23:20:30.629+0000] {processor.py:914} INFO - Processing file /opt/airflow/dags/Procesa_data.py for tasks to queue
[2025-03-31T23:20:30.656+0000] {logging_mixin.py:190} INFO - [2025-03-31T23:20:30.655+0000] {dagbag.py:588} INFO - Filling up the DagBag from /opt/airflow/dags/Procesa_data.py
[2025-03-31T23:20:36.512+0000] {processor.py:925} INFO - DAG(s) '3-Procesar_penguins_data' retrieved from /opt/airflow/dags/Procesa_data.py
[2025-03-31T23:20:36.754+0000] {logging_mixin.py:190} INFO - [2025-03-31T23:20:36.751+0000] {dag.py:3239} INFO - Sync 1 DAGs
[2025-03-31T23:20:36.932+0000] {logging_mixin.py:190} INFO - [2025-03-31T23:20:36.932+0000] {dag.py:4180} INFO - Setting next_dagrun for 3-Procesar_penguins_data to None, run_after=None
[2025-03-31T23:20:37.131+0000] {processor.py:208} INFO - Processing /opt/airflow/dags/Procesa_data.py took 6.638 seconds
[2025-03-31T23:21:08.021+0000] {processor.py:186} INFO - Started process (PID=296) to work on /opt/airflow/dags/Procesa_data.py
[2025-03-31T23:21:08.023+0000] {processor.py:914} INFO - Processing file /opt/airflow/dags/Procesa_data.py for tasks to queue
[2025-03-31T23:21:08.031+0000] {logging_mixin.py:190} INFO - [2025-03-31T23:21:08.030+0000] {dagbag.py:588} INFO - Filling up the DagBag from /opt/airflow/dags/Procesa_data.py
[2025-03-31T23:21:11.763+0000] {processor.py:925} INFO - DAG(s) '3-Procesar_penguins_data' retrieved from /opt/airflow/dags/Procesa_data.py
[2025-03-31T23:21:11.903+0000] {logging_mixin.py:190} INFO - [2025-03-31T23:21:11.902+0000] {dag.py:3239} INFO - Sync 1 DAGs
[2025-03-31T23:21:11.946+0000] {logging_mixin.py:190} INFO - [2025-03-31T23:21:11.945+0000] {dag.py:4180} INFO - Setting next_dagrun for 3-Procesar_penguins_data to None, run_after=None
[2025-03-31T23:21:12.018+0000] {processor.py:208} INFO - Processing /opt/airflow/dags/Procesa_data.py took 4.018 seconds
[2025-03-31T23:21:42.523+0000] {processor.py:186} INFO - Started process (PID=319) to work on /opt/airflow/dags/Procesa_data.py
[2025-03-31T23:21:42.529+0000] {processor.py:914} INFO - Processing file /opt/airflow/dags/Procesa_data.py for tasks to queue
[2025-03-31T23:21:42.534+0000] {logging_mixin.py:190} INFO - [2025-03-31T23:21:42.534+0000] {dagbag.py:588} INFO - Filling up the DagBag from /opt/airflow/dags/Procesa_data.py
[2025-03-31T23:21:45.257+0000] {processor.py:925} INFO - DAG(s) '3-Procesar_penguins_data' retrieved from /opt/airflow/dags/Procesa_data.py
[2025-03-31T23:21:45.424+0000] {logging_mixin.py:190} INFO - [2025-03-31T23:21:45.423+0000] {dag.py:3239} INFO - Sync 1 DAGs
[2025-03-31T23:21:45.511+0000] {logging_mixin.py:190} INFO - [2025-03-31T23:21:45.510+0000] {dag.py:4180} INFO - Setting next_dagrun for 3-Procesar_penguins_data to None, run_after=None
[2025-03-31T23:21:45.564+0000] {processor.py:208} INFO - Processing /opt/airflow/dags/Procesa_data.py took 3.057 seconds
[2025-03-31T23:22:15.795+0000] {processor.py:186} INFO - Started process (PID=338) to work on /opt/airflow/dags/Procesa_data.py
[2025-03-31T23:22:15.799+0000] {processor.py:914} INFO - Processing file /opt/airflow/dags/Procesa_data.py for tasks to queue
[2025-03-31T23:22:15.808+0000] {logging_mixin.py:190} INFO - [2025-03-31T23:22:15.807+0000] {dagbag.py:588} INFO - Filling up the DagBag from /opt/airflow/dags/Procesa_data.py
[2025-03-31T23:22:19.691+0000] {processor.py:925} INFO - DAG(s) '3-Procesar_penguins_data' retrieved from /opt/airflow/dags/Procesa_data.py
[2025-03-31T23:22:19.766+0000] {logging_mixin.py:190} INFO - [2025-03-31T23:22:19.765+0000] {dag.py:3239} INFO - Sync 1 DAGs
[2025-03-31T23:22:19.799+0000] {logging_mixin.py:190} INFO - [2025-03-31T23:22:19.798+0000] {dag.py:4180} INFO - Setting next_dagrun for 3-Procesar_penguins_data to None, run_after=None
[2025-03-31T23:22:19.911+0000] {processor.py:208} INFO - Processing /opt/airflow/dags/Procesa_data.py took 4.146 seconds
[2025-03-31T23:22:50.184+0000] {processor.py:186} INFO - Started process (PID=357) to work on /opt/airflow/dags/Procesa_data.py
[2025-03-31T23:22:50.188+0000] {processor.py:914} INFO - Processing file /opt/airflow/dags/Procesa_data.py for tasks to queue
[2025-03-31T23:22:50.193+0000] {logging_mixin.py:190} INFO - [2025-03-31T23:22:50.193+0000] {dagbag.py:588} INFO - Filling up the DagBag from /opt/airflow/dags/Procesa_data.py
[2025-03-31T23:22:51.667+0000] {processor.py:925} INFO - DAG(s) '3-Procesar_penguins_data' retrieved from /opt/airflow/dags/Procesa_data.py
[2025-03-31T23:22:51.732+0000] {logging_mixin.py:190} INFO - [2025-03-31T23:22:51.732+0000] {dag.py:3239} INFO - Sync 1 DAGs
[2025-03-31T23:22:51.755+0000] {logging_mixin.py:190} INFO - [2025-03-31T23:22:51.755+0000] {dag.py:4180} INFO - Setting next_dagrun for 3-Procesar_penguins_data to None, run_after=None
[2025-03-31T23:22:51.782+0000] {processor.py:208} INFO - Processing /opt/airflow/dags/Procesa_data.py took 1.614 seconds
[2025-03-31T23:23:22.400+0000] {processor.py:186} INFO - Started process (PID=376) to work on /opt/airflow/dags/Procesa_data.py
[2025-03-31T23:23:22.403+0000] {processor.py:914} INFO - Processing file /opt/airflow/dags/Procesa_data.py for tasks to queue
[2025-03-31T23:23:22.408+0000] {logging_mixin.py:190} INFO - [2025-03-31T23:23:22.408+0000] {dagbag.py:588} INFO - Filling up the DagBag from /opt/airflow/dags/Procesa_data.py
[2025-03-31T23:23:23.906+0000] {processor.py:925} INFO - DAG(s) '3-Procesar_penguins_data' retrieved from /opt/airflow/dags/Procesa_data.py
[2025-03-31T23:23:23.958+0000] {logging_mixin.py:190} INFO - [2025-03-31T23:23:23.957+0000] {dag.py:3239} INFO - Sync 1 DAGs
[2025-03-31T23:23:23.981+0000] {logging_mixin.py:190} INFO - [2025-03-31T23:23:23.981+0000] {dag.py:4180} INFO - Setting next_dagrun for 3-Procesar_penguins_data to None, run_after=None
[2025-03-31T23:23:24.019+0000] {processor.py:208} INFO - Processing /opt/airflow/dags/Procesa_data.py took 1.637 seconds
[2025-03-31T23:23:54.598+0000] {processor.py:186} INFO - Started process (PID=395) to work on /opt/airflow/dags/Procesa_data.py
[2025-03-31T23:23:54.608+0000] {processor.py:914} INFO - Processing file /opt/airflow/dags/Procesa_data.py for tasks to queue
[2025-03-31T23:23:54.625+0000] {logging_mixin.py:190} INFO - [2025-03-31T23:23:54.624+0000] {dagbag.py:588} INFO - Filling up the DagBag from /opt/airflow/dags/Procesa_data.py
[2025-03-31T23:23:57.201+0000] {processor.py:925} INFO - DAG(s) '3-Procesar_penguins_data' retrieved from /opt/airflow/dags/Procesa_data.py
[2025-03-31T23:23:57.252+0000] {logging_mixin.py:190} INFO - [2025-03-31T23:23:57.252+0000] {dag.py:3239} INFO - Sync 1 DAGs
[2025-03-31T23:23:57.276+0000] {logging_mixin.py:190} INFO - [2025-03-31T23:23:57.276+0000] {dag.py:4180} INFO - Setting next_dagrun for 3-Procesar_penguins_data to None, run_after=None
[2025-03-31T23:23:57.307+0000] {processor.py:208} INFO - Processing /opt/airflow/dags/Procesa_data.py took 2.740 seconds
[2025-03-31T23:24:28.205+0000] {processor.py:186} INFO - Started process (PID=415) to work on /opt/airflow/dags/Procesa_data.py
[2025-03-31T23:24:28.209+0000] {processor.py:914} INFO - Processing file /opt/airflow/dags/Procesa_data.py for tasks to queue
[2025-03-31T23:24:28.223+0000] {logging_mixin.py:190} INFO - [2025-03-31T23:24:28.222+0000] {dagbag.py:588} INFO - Filling up the DagBag from /opt/airflow/dags/Procesa_data.py
[2025-03-31T23:24:31.994+0000] {processor.py:925} INFO - DAG(s) '3-Procesar_penguins_data' retrieved from /opt/airflow/dags/Procesa_data.py
[2025-03-31T23:24:32.091+0000] {logging_mixin.py:190} INFO - [2025-03-31T23:24:32.088+0000] {dag.py:3239} INFO - Sync 1 DAGs
[2025-03-31T23:24:32.118+0000] {logging_mixin.py:190} INFO - [2025-03-31T23:24:32.118+0000] {dag.py:4180} INFO - Setting next_dagrun for 3-Procesar_penguins_data to None, run_after=None
[2025-03-31T23:24:32.151+0000] {processor.py:208} INFO - Processing /opt/airflow/dags/Procesa_data.py took 3.979 seconds
[2025-03-31T23:25:03.269+0000] {processor.py:186} INFO - Started process (PID=435) to work on /opt/airflow/dags/Procesa_data.py
[2025-03-31T23:25:03.271+0000] {processor.py:914} INFO - Processing file /opt/airflow/dags/Procesa_data.py for tasks to queue
[2025-03-31T23:25:03.276+0000] {logging_mixin.py:190} INFO - [2025-03-31T23:25:03.275+0000] {dagbag.py:588} INFO - Filling up the DagBag from /opt/airflow/dags/Procesa_data.py
[2025-03-31T23:25:04.984+0000] {processor.py:925} INFO - DAG(s) '3-Procesar_penguins_data' retrieved from /opt/airflow/dags/Procesa_data.py
[2025-03-31T23:25:05.027+0000] {logging_mixin.py:190} INFO - [2025-03-31T23:25:05.027+0000] {dag.py:3239} INFO - Sync 1 DAGs
[2025-03-31T23:25:05.048+0000] {logging_mixin.py:190} INFO - [2025-03-31T23:25:05.048+0000] {dag.py:4180} INFO - Setting next_dagrun for 3-Procesar_penguins_data to None, run_after=None
[2025-03-31T23:25:05.074+0000] {processor.py:208} INFO - Processing /opt/airflow/dags/Procesa_data.py took 1.826 seconds
[2025-03-31T23:25:35.603+0000] {processor.py:186} INFO - Started process (PID=455) to work on /opt/airflow/dags/Procesa_data.py
[2025-03-31T23:25:35.605+0000] {processor.py:914} INFO - Processing file /opt/airflow/dags/Procesa_data.py for tasks to queue
[2025-03-31T23:25:35.612+0000] {logging_mixin.py:190} INFO - [2025-03-31T23:25:35.612+0000] {dagbag.py:588} INFO - Filling up the DagBag from /opt/airflow/dags/Procesa_data.py
[2025-03-31T23:25:37.141+0000] {processor.py:925} INFO - DAG(s) '3-Procesar_penguins_data' retrieved from /opt/airflow/dags/Procesa_data.py
[2025-03-31T23:25:37.199+0000] {logging_mixin.py:190} INFO - [2025-03-31T23:25:37.198+0000] {dag.py:3239} INFO - Sync 1 DAGs
[2025-03-31T23:25:37.221+0000] {logging_mixin.py:190} INFO - [2025-03-31T23:25:37.220+0000] {dag.py:4180} INFO - Setting next_dagrun for 3-Procesar_penguins_data to None, run_after=None
[2025-03-31T23:25:37.248+0000] {processor.py:208} INFO - Processing /opt/airflow/dags/Procesa_data.py took 1.671 seconds
[2025-03-31T23:26:08.214+0000] {processor.py:186} INFO - Started process (PID=474) to work on /opt/airflow/dags/Procesa_data.py
[2025-03-31T23:26:08.217+0000] {processor.py:914} INFO - Processing file /opt/airflow/dags/Procesa_data.py for tasks to queue
[2025-03-31T23:26:08.227+0000] {logging_mixin.py:190} INFO - [2025-03-31T23:26:08.223+0000] {dagbag.py:588} INFO - Filling up the DagBag from /opt/airflow/dags/Procesa_data.py
[2025-03-31T23:26:09.858+0000] {processor.py:925} INFO - DAG(s) '3-Procesar_penguins_data' retrieved from /opt/airflow/dags/Procesa_data.py
[2025-03-31T23:26:09.912+0000] {logging_mixin.py:190} INFO - [2025-03-31T23:26:09.911+0000] {dag.py:3239} INFO - Sync 1 DAGs
[2025-03-31T23:26:09.934+0000] {logging_mixin.py:190} INFO - [2025-03-31T23:26:09.934+0000] {dag.py:4180} INFO - Setting next_dagrun for 3-Procesar_penguins_data to None, run_after=None
[2025-03-31T23:26:09.975+0000] {processor.py:208} INFO - Processing /opt/airflow/dags/Procesa_data.py took 1.794 seconds
[2025-03-31T23:26:40.864+0000] {processor.py:186} INFO - Started process (PID=493) to work on /opt/airflow/dags/Procesa_data.py
[2025-03-31T23:26:40.867+0000] {processor.py:914} INFO - Processing file /opt/airflow/dags/Procesa_data.py for tasks to queue
[2025-03-31T23:26:40.872+0000] {logging_mixin.py:190} INFO - [2025-03-31T23:26:40.872+0000] {dagbag.py:588} INFO - Filling up the DagBag from /opt/airflow/dags/Procesa_data.py
[2025-03-31T23:26:42.310+0000] {processor.py:925} INFO - DAG(s) '3-Procesar_penguins_data' retrieved from /opt/airflow/dags/Procesa_data.py
[2025-03-31T23:26:42.352+0000] {logging_mixin.py:190} INFO - [2025-03-31T23:26:42.352+0000] {dag.py:3239} INFO - Sync 1 DAGs
[2025-03-31T23:26:42.374+0000] {logging_mixin.py:190} INFO - [2025-03-31T23:26:42.374+0000] {dag.py:4180} INFO - Setting next_dagrun for 3-Procesar_penguins_data to None, run_after=None
[2025-03-31T23:26:42.402+0000] {processor.py:208} INFO - Processing /opt/airflow/dags/Procesa_data.py took 1.553 seconds
[2025-03-31T23:27:12.967+0000] {processor.py:186} INFO - Started process (PID=518) to work on /opt/airflow/dags/Procesa_data.py
[2025-03-31T23:27:12.970+0000] {processor.py:914} INFO - Processing file /opt/airflow/dags/Procesa_data.py for tasks to queue
[2025-03-31T23:27:12.977+0000] {logging_mixin.py:190} INFO - [2025-03-31T23:27:12.976+0000] {dagbag.py:588} INFO - Filling up the DagBag from /opt/airflow/dags/Procesa_data.py
[2025-03-31T23:27:14.542+0000] {processor.py:925} INFO - DAG(s) '3-Procesar_penguins_data' retrieved from /opt/airflow/dags/Procesa_data.py
[2025-03-31T23:27:14.584+0000] {logging_mixin.py:190} INFO - [2025-03-31T23:27:14.583+0000] {dag.py:3239} INFO - Sync 1 DAGs
[2025-03-31T23:27:14.604+0000] {logging_mixin.py:190} INFO - [2025-03-31T23:27:14.604+0000] {dag.py:4180} INFO - Setting next_dagrun for 3-Procesar_penguins_data to None, run_after=None
[2025-03-31T23:27:14.630+0000] {processor.py:208} INFO - Processing /opt/airflow/dags/Procesa_data.py took 1.687 seconds
[2025-03-31T23:27:45.416+0000] {processor.py:186} INFO - Started process (PID=538) to work on /opt/airflow/dags/Procesa_data.py
[2025-03-31T23:27:45.422+0000] {processor.py:914} INFO - Processing file /opt/airflow/dags/Procesa_data.py for tasks to queue
[2025-03-31T23:27:45.447+0000] {logging_mixin.py:190} INFO - [2025-03-31T23:27:45.446+0000] {dagbag.py:588} INFO - Filling up the DagBag from /opt/airflow/dags/Procesa_data.py
[2025-03-31T23:27:47.285+0000] {processor.py:925} INFO - DAG(s) '3-Procesar_penguins_data' retrieved from /opt/airflow/dags/Procesa_data.py
[2025-03-31T23:27:47.341+0000] {logging_mixin.py:190} INFO - [2025-03-31T23:27:47.340+0000] {dag.py:3239} INFO - Sync 1 DAGs
[2025-03-31T23:27:47.367+0000] {logging_mixin.py:190} INFO - [2025-03-31T23:27:47.367+0000] {dag.py:4180} INFO - Setting next_dagrun for 3-Procesar_penguins_data to None, run_after=None
[2025-03-31T23:27:47.411+0000] {processor.py:208} INFO - Processing /opt/airflow/dags/Procesa_data.py took 2.066 seconds
[2025-03-31T23:28:18.077+0000] {processor.py:186} INFO - Started process (PID=557) to work on /opt/airflow/dags/Procesa_data.py
[2025-03-31T23:28:18.080+0000] {processor.py:914} INFO - Processing file /opt/airflow/dags/Procesa_data.py for tasks to queue
[2025-03-31T23:28:18.085+0000] {logging_mixin.py:190} INFO - [2025-03-31T23:28:18.085+0000] {dagbag.py:588} INFO - Filling up the DagBag from /opt/airflow/dags/Procesa_data.py
[2025-03-31T23:28:20.118+0000] {processor.py:925} INFO - DAG(s) '3-Procesar_penguins_data' retrieved from /opt/airflow/dags/Procesa_data.py
[2025-03-31T23:28:20.184+0000] {logging_mixin.py:190} INFO - [2025-03-31T23:28:20.183+0000] {dag.py:3239} INFO - Sync 1 DAGs
[2025-03-31T23:28:20.229+0000] {logging_mixin.py:190} INFO - [2025-03-31T23:28:20.229+0000] {dag.py:4180} INFO - Setting next_dagrun for 3-Procesar_penguins_data to None, run_after=None
[2025-03-31T23:28:20.267+0000] {processor.py:208} INFO - Processing /opt/airflow/dags/Procesa_data.py took 2.213 seconds
[2025-03-31T23:28:51.310+0000] {processor.py:186} INFO - Started process (PID=576) to work on /opt/airflow/dags/Procesa_data.py
[2025-03-31T23:28:51.315+0000] {processor.py:914} INFO - Processing file /opt/airflow/dags/Procesa_data.py for tasks to queue
[2025-03-31T23:28:51.321+0000] {logging_mixin.py:190} INFO - [2025-03-31T23:28:51.321+0000] {dagbag.py:588} INFO - Filling up the DagBag from /opt/airflow/dags/Procesa_data.py
[2025-03-31T23:28:53.311+0000] {processor.py:925} INFO - DAG(s) '3-Procesar_penguins_data' retrieved from /opt/airflow/dags/Procesa_data.py
[2025-03-31T23:28:53.403+0000] {logging_mixin.py:190} INFO - [2025-03-31T23:28:53.402+0000] {dag.py:3239} INFO - Sync 1 DAGs
[2025-03-31T23:28:53.443+0000] {logging_mixin.py:190} INFO - [2025-03-31T23:28:53.440+0000] {dag.py:4180} INFO - Setting next_dagrun for 3-Procesar_penguins_data to None, run_after=None
[2025-03-31T23:28:53.474+0000] {processor.py:208} INFO - Processing /opt/airflow/dags/Procesa_data.py took 2.207 seconds
[2025-03-31T23:29:24.139+0000] {processor.py:186} INFO - Started process (PID=595) to work on /opt/airflow/dags/Procesa_data.py
[2025-03-31T23:29:24.143+0000] {processor.py:914} INFO - Processing file /opt/airflow/dags/Procesa_data.py for tasks to queue
[2025-03-31T23:29:24.150+0000] {logging_mixin.py:190} INFO - [2025-03-31T23:29:24.149+0000] {dagbag.py:588} INFO - Filling up the DagBag from /opt/airflow/dags/Procesa_data.py
[2025-03-31T23:29:25.774+0000] {processor.py:925} INFO - DAG(s) '3-Procesar_penguins_data' retrieved from /opt/airflow/dags/Procesa_data.py
[2025-03-31T23:29:25.830+0000] {logging_mixin.py:190} INFO - [2025-03-31T23:29:25.829+0000] {dag.py:3239} INFO - Sync 1 DAGs
[2025-03-31T23:29:25.859+0000] {logging_mixin.py:190} INFO - [2025-03-31T23:29:25.858+0000] {dag.py:4180} INFO - Setting next_dagrun for 3-Procesar_penguins_data to None, run_after=None
[2025-03-31T23:29:25.911+0000] {processor.py:208} INFO - Processing /opt/airflow/dags/Procesa_data.py took 1.794 seconds
[2025-03-31T23:29:56.504+0000] {processor.py:186} INFO - Started process (PID=614) to work on /opt/airflow/dags/Procesa_data.py
[2025-03-31T23:29:56.510+0000] {processor.py:914} INFO - Processing file /opt/airflow/dags/Procesa_data.py for tasks to queue
[2025-03-31T23:29:56.521+0000] {logging_mixin.py:190} INFO - [2025-03-31T23:29:56.519+0000] {dagbag.py:588} INFO - Filling up the DagBag from /opt/airflow/dags/Procesa_data.py
[2025-03-31T23:29:58.213+0000] {processor.py:925} INFO - DAG(s) '3-Procesar_penguins_data' retrieved from /opt/airflow/dags/Procesa_data.py
[2025-03-31T23:29:58.261+0000] {logging_mixin.py:190} INFO - [2025-03-31T23:29:58.260+0000] {dag.py:3239} INFO - Sync 1 DAGs
[2025-03-31T23:29:58.289+0000] {logging_mixin.py:190} INFO - [2025-03-31T23:29:58.288+0000] {dag.py:4180} INFO - Setting next_dagrun for 3-Procesar_penguins_data to None, run_after=None
[2025-03-31T23:29:58.320+0000] {processor.py:208} INFO - Processing /opt/airflow/dags/Procesa_data.py took 1.853 seconds
[2025-03-31T23:30:28.852+0000] {processor.py:186} INFO - Started process (PID=634) to work on /opt/airflow/dags/Procesa_data.py
[2025-03-31T23:30:28.857+0000] {processor.py:914} INFO - Processing file /opt/airflow/dags/Procesa_data.py for tasks to queue
[2025-03-31T23:30:28.865+0000] {logging_mixin.py:190} INFO - [2025-03-31T23:30:28.863+0000] {dagbag.py:588} INFO - Filling up the DagBag from /opt/airflow/dags/Procesa_data.py
[2025-03-31T23:30:31.449+0000] {processor.py:925} INFO - DAG(s) '3-Procesar_penguins_data' retrieved from /opt/airflow/dags/Procesa_data.py
[2025-03-31T23:30:31.510+0000] {logging_mixin.py:190} INFO - [2025-03-31T23:30:31.509+0000] {dag.py:3239} INFO - Sync 1 DAGs
[2025-03-31T23:30:31.558+0000] {logging_mixin.py:190} INFO - [2025-03-31T23:30:31.557+0000] {dag.py:4180} INFO - Setting next_dagrun for 3-Procesar_penguins_data to None, run_after=None
[2025-03-31T23:30:31.586+0000] {processor.py:208} INFO - Processing /opt/airflow/dags/Procesa_data.py took 2.770 seconds
[2025-03-31T23:31:01.818+0000] {processor.py:186} INFO - Started process (PID=653) to work on /opt/airflow/dags/Procesa_data.py
[2025-03-31T23:31:01.823+0000] {processor.py:914} INFO - Processing file /opt/airflow/dags/Procesa_data.py for tasks to queue
[2025-03-31T23:31:01.829+0000] {logging_mixin.py:190} INFO - [2025-03-31T23:31:01.829+0000] {dagbag.py:588} INFO - Filling up the DagBag from /opt/airflow/dags/Procesa_data.py
[2025-03-31T23:31:03.876+0000] {processor.py:925} INFO - DAG(s) '3-Procesar_penguins_data' retrieved from /opt/airflow/dags/Procesa_data.py
[2025-03-31T23:31:03.949+0000] {logging_mixin.py:190} INFO - [2025-03-31T23:31:03.948+0000] {dag.py:3239} INFO - Sync 1 DAGs
[2025-03-31T23:31:03.987+0000] {logging_mixin.py:190} INFO - [2025-03-31T23:31:03.986+0000] {dag.py:4180} INFO - Setting next_dagrun for 3-Procesar_penguins_data to None, run_after=None
[2025-03-31T23:31:04.022+0000] {processor.py:208} INFO - Processing /opt/airflow/dags/Procesa_data.py took 2.227 seconds
[2025-03-31T23:31:34.662+0000] {processor.py:186} INFO - Started process (PID=672) to work on /opt/airflow/dags/Procesa_data.py
[2025-03-31T23:31:34.683+0000] {processor.py:914} INFO - Processing file /opt/airflow/dags/Procesa_data.py for tasks to queue
[2025-03-31T23:31:34.703+0000] {logging_mixin.py:190} INFO - [2025-03-31T23:31:34.703+0000] {dagbag.py:588} INFO - Filling up the DagBag from /opt/airflow/dags/Procesa_data.py
[2025-03-31T23:31:39.280+0000] {processor.py:925} INFO - DAG(s) '3-Procesar_penguins_data' retrieved from /opt/airflow/dags/Procesa_data.py
[2025-03-31T23:31:39.367+0000] {logging_mixin.py:190} INFO - [2025-03-31T23:31:39.364+0000] {dag.py:3239} INFO - Sync 1 DAGs
[2025-03-31T23:31:39.451+0000] {logging_mixin.py:190} INFO - [2025-03-31T23:31:39.449+0000] {dag.py:4180} INFO - Setting next_dagrun for 3-Procesar_penguins_data to None, run_after=None
[2025-03-31T23:31:39.592+0000] {processor.py:208} INFO - Processing /opt/airflow/dags/Procesa_data.py took 4.981 seconds
[2025-03-31T23:32:10.769+0000] {processor.py:186} INFO - Started process (PID=691) to work on /opt/airflow/dags/Procesa_data.py
[2025-03-31T23:32:10.772+0000] {processor.py:914} INFO - Processing file /opt/airflow/dags/Procesa_data.py for tasks to queue
[2025-03-31T23:32:10.803+0000] {logging_mixin.py:190} INFO - [2025-03-31T23:32:10.799+0000] {dagbag.py:588} INFO - Filling up the DagBag from /opt/airflow/dags/Procesa_data.py
[2025-03-31T23:32:13.746+0000] {processor.py:925} INFO - DAG(s) '3-Procesar_penguins_data' retrieved from /opt/airflow/dags/Procesa_data.py
[2025-03-31T23:32:13.832+0000] {logging_mixin.py:190} INFO - [2025-03-31T23:32:13.832+0000] {dag.py:3239} INFO - Sync 1 DAGs
[2025-03-31T23:32:13.894+0000] {logging_mixin.py:190} INFO - [2025-03-31T23:32:13.890+0000] {dag.py:4180} INFO - Setting next_dagrun for 3-Procesar_penguins_data to None, run_after=None
[2025-03-31T23:32:13.976+0000] {processor.py:208} INFO - Processing /opt/airflow/dags/Procesa_data.py took 3.320 seconds
[2025-03-31T23:32:44.665+0000] {processor.py:186} INFO - Started process (PID=707) to work on /opt/airflow/dags/Procesa_data.py
[2025-03-31T23:32:44.668+0000] {processor.py:914} INFO - Processing file /opt/airflow/dags/Procesa_data.py for tasks to queue
[2025-03-31T23:32:44.677+0000] {logging_mixin.py:190} INFO - [2025-03-31T23:32:44.676+0000] {dagbag.py:588} INFO - Filling up the DagBag from /opt/airflow/dags/Procesa_data.py
[2025-03-31T23:32:48.657+0000] {processor.py:925} INFO - DAG(s) '3-Procesar_penguins_data' retrieved from /opt/airflow/dags/Procesa_data.py
[2025-03-31T23:32:48.716+0000] {logging_mixin.py:190} INFO - [2025-03-31T23:32:48.715+0000] {dag.py:3239} INFO - Sync 1 DAGs
[2025-03-31T23:32:48.756+0000] {logging_mixin.py:190} INFO - [2025-03-31T23:32:48.755+0000] {dag.py:4180} INFO - Setting next_dagrun for 3-Procesar_penguins_data to None, run_after=None
[2025-03-31T23:32:48.800+0000] {processor.py:208} INFO - Processing /opt/airflow/dags/Procesa_data.py took 4.158 seconds
[2025-03-31T23:33:19.022+0000] {processor.py:186} INFO - Started process (PID=730) to work on /opt/airflow/dags/Procesa_data.py
[2025-03-31T23:33:19.030+0000] {processor.py:914} INFO - Processing file /opt/airflow/dags/Procesa_data.py for tasks to queue
[2025-03-31T23:33:19.043+0000] {logging_mixin.py:190} INFO - [2025-03-31T23:33:19.042+0000] {dagbag.py:588} INFO - Filling up the DagBag from /opt/airflow/dags/Procesa_data.py
[2025-03-31T23:33:23.337+0000] {processor.py:925} INFO - DAG(s) '3-Procesar_penguins_data' retrieved from /opt/airflow/dags/Procesa_data.py
[2025-03-31T23:33:23.633+0000] {logging_mixin.py:190} INFO - [2025-03-31T23:33:23.627+0000] {dag.py:3239} INFO - Sync 1 DAGs
[2025-03-31T23:33:23.744+0000] {logging_mixin.py:190} INFO - [2025-03-31T23:33:23.743+0000] {dag.py:4180} INFO - Setting next_dagrun for 3-Procesar_penguins_data to None, run_after=None
[2025-03-31T23:33:23.857+0000] {processor.py:208} INFO - Processing /opt/airflow/dags/Procesa_data.py took 4.856 seconds
[2025-03-31T23:33:54.082+0000] {processor.py:186} INFO - Started process (PID=751) to work on /opt/airflow/dags/Procesa_data.py
[2025-03-31T23:33:54.086+0000] {processor.py:914} INFO - Processing file /opt/airflow/dags/Procesa_data.py for tasks to queue
[2025-03-31T23:33:54.091+0000] {logging_mixin.py:190} INFO - [2025-03-31T23:33:54.091+0000] {dagbag.py:588} INFO - Filling up the DagBag from /opt/airflow/dags/Procesa_data.py
[2025-03-31T23:33:57.289+0000] {processor.py:925} INFO - DAG(s) '3-Procesar_penguins_data' retrieved from /opt/airflow/dags/Procesa_data.py
[2025-03-31T23:33:57.378+0000] {logging_mixin.py:190} INFO - [2025-03-31T23:33:57.377+0000] {dag.py:3239} INFO - Sync 1 DAGs
[2025-03-31T23:33:57.425+0000] {logging_mixin.py:190} INFO - [2025-03-31T23:33:57.424+0000] {dag.py:4180} INFO - Setting next_dagrun for 3-Procesar_penguins_data to None, run_after=None
[2025-03-31T23:33:57.480+0000] {processor.py:208} INFO - Processing /opt/airflow/dags/Procesa_data.py took 3.419 seconds
[2025-03-31T23:34:28.267+0000] {processor.py:186} INFO - Started process (PID=770) to work on /opt/airflow/dags/Procesa_data.py
[2025-03-31T23:34:28.271+0000] {processor.py:914} INFO - Processing file /opt/airflow/dags/Procesa_data.py for tasks to queue
[2025-03-31T23:34:28.276+0000] {logging_mixin.py:190} INFO - [2025-03-31T23:34:28.276+0000] {dagbag.py:588} INFO - Filling up the DagBag from /opt/airflow/dags/Procesa_data.py
[2025-03-31T23:34:30.457+0000] {processor.py:925} INFO - DAG(s) '3-Procesar_penguins_data' retrieved from /opt/airflow/dags/Procesa_data.py
[2025-03-31T23:34:30.523+0000] {logging_mixin.py:190} INFO - [2025-03-31T23:34:30.522+0000] {dag.py:3239} INFO - Sync 1 DAGs
[2025-03-31T23:34:30.557+0000] {logging_mixin.py:190} INFO - [2025-03-31T23:34:30.556+0000] {dag.py:4180} INFO - Setting next_dagrun for 3-Procesar_penguins_data to None, run_after=None
[2025-03-31T23:34:30.589+0000] {processor.py:208} INFO - Processing /opt/airflow/dags/Procesa_data.py took 2.337 seconds
[2025-03-31T23:35:00.824+0000] {processor.py:186} INFO - Started process (PID=789) to work on /opt/airflow/dags/Procesa_data.py
[2025-03-31T23:35:00.827+0000] {processor.py:914} INFO - Processing file /opt/airflow/dags/Procesa_data.py for tasks to queue
[2025-03-31T23:35:00.832+0000] {logging_mixin.py:190} INFO - [2025-03-31T23:35:00.832+0000] {dagbag.py:588} INFO - Filling up the DagBag from /opt/airflow/dags/Procesa_data.py
[2025-03-31T23:35:02.722+0000] {processor.py:925} INFO - DAG(s) '3-Procesar_penguins_data' retrieved from /opt/airflow/dags/Procesa_data.py
[2025-03-31T23:35:02.770+0000] {logging_mixin.py:190} INFO - [2025-03-31T23:35:02.768+0000] {dag.py:3239} INFO - Sync 1 DAGs
[2025-03-31T23:35:02.802+0000] {logging_mixin.py:190} INFO - [2025-03-31T23:35:02.802+0000] {dag.py:4180} INFO - Setting next_dagrun for 3-Procesar_penguins_data to None, run_after=None
[2025-03-31T23:35:02.836+0000] {processor.py:208} INFO - Processing /opt/airflow/dags/Procesa_data.py took 2.035 seconds
[2025-03-31T23:35:33.022+0000] {processor.py:186} INFO - Started process (PID=815) to work on /opt/airflow/dags/Procesa_data.py
[2025-03-31T23:35:33.025+0000] {processor.py:914} INFO - Processing file /opt/airflow/dags/Procesa_data.py for tasks to queue
[2025-03-31T23:35:33.033+0000] {logging_mixin.py:190} INFO - [2025-03-31T23:35:33.032+0000] {dagbag.py:588} INFO - Filling up the DagBag from /opt/airflow/dags/Procesa_data.py
[2025-03-31T23:35:35.203+0000] {processor.py:925} INFO - DAG(s) '3-Procesar_penguins_data' retrieved from /opt/airflow/dags/Procesa_data.py
[2025-03-31T23:35:35.250+0000] {logging_mixin.py:190} INFO - [2025-03-31T23:35:35.249+0000] {dag.py:3239} INFO - Sync 1 DAGs
[2025-03-31T23:35:35.273+0000] {logging_mixin.py:190} INFO - [2025-03-31T23:35:35.273+0000] {dag.py:4180} INFO - Setting next_dagrun for 3-Procesar_penguins_data to None, run_after=None
[2025-03-31T23:35:35.318+0000] {processor.py:208} INFO - Processing /opt/airflow/dags/Procesa_data.py took 2.320 seconds
[2025-03-31T23:36:05.664+0000] {processor.py:186} INFO - Started process (PID=835) to work on /opt/airflow/dags/Procesa_data.py
[2025-03-31T23:36:05.667+0000] {processor.py:914} INFO - Processing file /opt/airflow/dags/Procesa_data.py for tasks to queue
[2025-03-31T23:36:05.674+0000] {logging_mixin.py:190} INFO - [2025-03-31T23:36:05.673+0000] {dagbag.py:588} INFO - Filling up the DagBag from /opt/airflow/dags/Procesa_data.py
[2025-03-31T23:36:08.512+0000] {processor.py:925} INFO - DAG(s) '3-Procesar_penguins_data' retrieved from /opt/airflow/dags/Procesa_data.py
[2025-03-31T23:36:08.571+0000] {logging_mixin.py:190} INFO - [2025-03-31T23:36:08.570+0000] {dag.py:3239} INFO - Sync 1 DAGs
[2025-03-31T23:36:08.602+0000] {logging_mixin.py:190} INFO - [2025-03-31T23:36:08.602+0000] {dag.py:4180} INFO - Setting next_dagrun for 3-Procesar_penguins_data to None, run_after=None
[2025-03-31T23:36:08.633+0000] {processor.py:208} INFO - Processing /opt/airflow/dags/Procesa_data.py took 2.989 seconds
[2025-03-31T23:36:38.898+0000] {processor.py:186} INFO - Started process (PID=854) to work on /opt/airflow/dags/Procesa_data.py
[2025-03-31T23:36:38.902+0000] {processor.py:914} INFO - Processing file /opt/airflow/dags/Procesa_data.py for tasks to queue
[2025-03-31T23:36:38.908+0000] {logging_mixin.py:190} INFO - [2025-03-31T23:36:38.908+0000] {dagbag.py:588} INFO - Filling up the DagBag from /opt/airflow/dags/Procesa_data.py
[2025-03-31T23:36:41.691+0000] {processor.py:925} INFO - DAG(s) '3-Procesar_penguins_data' retrieved from /opt/airflow/dags/Procesa_data.py
[2025-03-31T23:36:41.787+0000] {logging_mixin.py:190} INFO - [2025-03-31T23:36:41.786+0000] {dag.py:3239} INFO - Sync 1 DAGs
[2025-03-31T23:36:41.825+0000] {logging_mixin.py:190} INFO - [2025-03-31T23:36:41.824+0000] {dag.py:4180} INFO - Setting next_dagrun for 3-Procesar_penguins_data to None, run_after=None
[2025-03-31T23:36:41.861+0000] {processor.py:208} INFO - Processing /opt/airflow/dags/Procesa_data.py took 2.990 seconds
[2025-03-31T23:37:12.475+0000] {processor.py:186} INFO - Started process (PID=873) to work on /opt/airflow/dags/Procesa_data.py
[2025-03-31T23:37:12.478+0000] {processor.py:914} INFO - Processing file /opt/airflow/dags/Procesa_data.py for tasks to queue
[2025-03-31T23:37:12.484+0000] {logging_mixin.py:190} INFO - [2025-03-31T23:37:12.483+0000] {dagbag.py:588} INFO - Filling up the DagBag from /opt/airflow/dags/Procesa_data.py
[2025-03-31T23:37:14.701+0000] {processor.py:925} INFO - DAG(s) '3-Procesar_penguins_data' retrieved from /opt/airflow/dags/Procesa_data.py
[2025-03-31T23:37:14.761+0000] {logging_mixin.py:190} INFO - [2025-03-31T23:37:14.760+0000] {dag.py:3239} INFO - Sync 1 DAGs
[2025-03-31T23:37:14.785+0000] {logging_mixin.py:190} INFO - [2025-03-31T23:37:14.784+0000] {dag.py:4180} INFO - Setting next_dagrun for 3-Procesar_penguins_data to None, run_after=None
[2025-03-31T23:37:14.830+0000] {processor.py:208} INFO - Processing /opt/airflow/dags/Procesa_data.py took 2.375 seconds
[2025-03-31T23:37:45.122+0000] {processor.py:186} INFO - Started process (PID=892) to work on /opt/airflow/dags/Procesa_data.py
[2025-03-31T23:37:45.127+0000] {processor.py:914} INFO - Processing file /opt/airflow/dags/Procesa_data.py for tasks to queue
[2025-03-31T23:37:45.132+0000] {logging_mixin.py:190} INFO - [2025-03-31T23:37:45.131+0000] {dagbag.py:588} INFO - Filling up the DagBag from /opt/airflow/dags/Procesa_data.py
[2025-03-31T23:37:47.486+0000] {processor.py:925} INFO - DAG(s) '3-Procesar_penguins_data' retrieved from /opt/airflow/dags/Procesa_data.py
[2025-03-31T23:37:47.651+0000] {logging_mixin.py:190} INFO - [2025-03-31T23:37:47.650+0000] {dag.py:3239} INFO - Sync 1 DAGs
[2025-03-31T23:37:47.752+0000] {logging_mixin.py:190} INFO - [2025-03-31T23:37:47.736+0000] {dag.py:4180} INFO - Setting next_dagrun for 3-Procesar_penguins_data to None, run_after=None
[2025-03-31T23:37:47.854+0000] {processor.py:208} INFO - Processing /opt/airflow/dags/Procesa_data.py took 2.748 seconds
[2025-03-31T23:38:19.403+0000] {processor.py:186} INFO - Started process (PID=917) to work on /opt/airflow/dags/Procesa_data.py
[2025-03-31T23:38:19.416+0000] {processor.py:914} INFO - Processing file /opt/airflow/dags/Procesa_data.py for tasks to queue
[2025-03-31T23:38:19.446+0000] {logging_mixin.py:190} INFO - [2025-03-31T23:38:19.438+0000] {dagbag.py:588} INFO - Filling up the DagBag from /opt/airflow/dags/Procesa_data.py
[2025-03-31T23:38:29.806+0000] {processor.py:925} INFO - DAG(s) '3-Procesar_penguins_data' retrieved from /opt/airflow/dags/Procesa_data.py
[2025-03-31T23:38:30.140+0000] {logging_mixin.py:190} INFO - [2025-03-31T23:38:30.139+0000] {dag.py:3239} INFO - Sync 1 DAGs
[2025-03-31T23:38:30.342+0000] {logging_mixin.py:190} INFO - [2025-03-31T23:38:30.341+0000] {dag.py:4180} INFO - Setting next_dagrun for 3-Procesar_penguins_data to None, run_after=None
[2025-03-31T23:38:30.403+0000] {processor.py:208} INFO - Processing /opt/airflow/dags/Procesa_data.py took 11.098 seconds
[2025-03-31T23:39:01.226+0000] {processor.py:186} INFO - Started process (PID=936) to work on /opt/airflow/dags/Procesa_data.py
[2025-03-31T23:39:01.230+0000] {processor.py:914} INFO - Processing file /opt/airflow/dags/Procesa_data.py for tasks to queue
[2025-03-31T23:39:01.235+0000] {logging_mixin.py:190} INFO - [2025-03-31T23:39:01.235+0000] {dagbag.py:588} INFO - Filling up the DagBag from /opt/airflow/dags/Procesa_data.py
[2025-03-31T23:39:04.877+0000] {processor.py:925} INFO - DAG(s) '3-Procesar_penguins_data' retrieved from /opt/airflow/dags/Procesa_data.py
[2025-03-31T23:39:04.934+0000] {logging_mixin.py:190} INFO - [2025-03-31T23:39:04.933+0000] {dag.py:3239} INFO - Sync 1 DAGs
[2025-03-31T23:39:04.962+0000] {logging_mixin.py:190} INFO - [2025-03-31T23:39:04.961+0000] {dag.py:4180} INFO - Setting next_dagrun for 3-Procesar_penguins_data to None, run_after=None
[2025-03-31T23:39:04.995+0000] {processor.py:208} INFO - Processing /opt/airflow/dags/Procesa_data.py took 3.792 seconds
[2025-03-31T23:39:35.367+0000] {processor.py:186} INFO - Started process (PID=955) to work on /opt/airflow/dags/Procesa_data.py
[2025-03-31T23:39:35.370+0000] {processor.py:914} INFO - Processing file /opt/airflow/dags/Procesa_data.py for tasks to queue
[2025-03-31T23:39:35.390+0000] {logging_mixin.py:190} INFO - [2025-03-31T23:39:35.389+0000] {dagbag.py:588} INFO - Filling up the DagBag from /opt/airflow/dags/Procesa_data.py
[2025-03-31T23:39:38.336+0000] {processor.py:925} INFO - DAG(s) '3-Procesar_penguins_data' retrieved from /opt/airflow/dags/Procesa_data.py
[2025-03-31T23:39:38.397+0000] {logging_mixin.py:190} INFO - [2025-03-31T23:39:38.396+0000] {dag.py:3239} INFO - Sync 1 DAGs
[2025-03-31T23:39:38.424+0000] {logging_mixin.py:190} INFO - [2025-03-31T23:39:38.423+0000] {dag.py:4180} INFO - Setting next_dagrun for 3-Procesar_penguins_data to None, run_after=None
[2025-03-31T23:39:38.469+0000] {processor.py:208} INFO - Processing /opt/airflow/dags/Procesa_data.py took 3.154 seconds
[2025-03-31T23:40:08.763+0000] {processor.py:186} INFO - Started process (PID=974) to work on /opt/airflow/dags/Procesa_data.py
[2025-03-31T23:40:08.777+0000] {processor.py:914} INFO - Processing file /opt/airflow/dags/Procesa_data.py for tasks to queue
[2025-03-31T23:40:08.799+0000] {logging_mixin.py:190} INFO - [2025-03-31T23:40:08.799+0000] {dagbag.py:588} INFO - Filling up the DagBag from /opt/airflow/dags/Procesa_data.py
[2025-03-31T23:40:14.401+0000] {processor.py:925} INFO - DAG(s) '3-Procesar_penguins_data' retrieved from /opt/airflow/dags/Procesa_data.py
[2025-03-31T23:40:14.719+0000] {logging_mixin.py:190} INFO - [2025-03-31T23:40:14.718+0000] {dag.py:3239} INFO - Sync 1 DAGs
[2025-03-31T23:40:14.802+0000] {logging_mixin.py:190} INFO - [2025-03-31T23:40:14.799+0000] {dag.py:4180} INFO - Setting next_dagrun for 3-Procesar_penguins_data to None, run_after=None
[2025-03-31T23:40:14.904+0000] {processor.py:208} INFO - Processing /opt/airflow/dags/Procesa_data.py took 6.194 seconds
[2025-03-31T23:40:45.715+0000] {processor.py:186} INFO - Started process (PID=994) to work on /opt/airflow/dags/Procesa_data.py
[2025-03-31T23:40:45.731+0000] {processor.py:914} INFO - Processing file /opt/airflow/dags/Procesa_data.py for tasks to queue
[2025-03-31T23:40:45.757+0000] {logging_mixin.py:190} INFO - [2025-03-31T23:40:45.753+0000] {dagbag.py:588} INFO - Filling up the DagBag from /opt/airflow/dags/Procesa_data.py
[2025-03-31T23:40:54.058+0000] {processor.py:925} INFO - DAG(s) '3-Procesar_penguins_data' retrieved from /opt/airflow/dags/Procesa_data.py
[2025-03-31T23:40:54.291+0000] {logging_mixin.py:190} INFO - [2025-03-31T23:40:54.290+0000] {dag.py:3239} INFO - Sync 1 DAGs
[2025-03-31T23:40:54.456+0000] {logging_mixin.py:190} INFO - [2025-03-31T23:40:54.451+0000] {dag.py:4180} INFO - Setting next_dagrun for 3-Procesar_penguins_data to None, run_after=None
[2025-03-31T23:40:54.633+0000] {processor.py:208} INFO - Processing /opt/airflow/dags/Procesa_data.py took 8.948 seconds
[2025-03-31T23:41:25.165+0000] {processor.py:186} INFO - Started process (PID=1020) to work on /opt/airflow/dags/Procesa_data.py
[2025-03-31T23:41:25.172+0000] {processor.py:914} INFO - Processing file /opt/airflow/dags/Procesa_data.py for tasks to queue
[2025-03-31T23:41:25.184+0000] {logging_mixin.py:190} INFO - [2025-03-31T23:41:25.183+0000] {dagbag.py:588} INFO - Filling up the DagBag from /opt/airflow/dags/Procesa_data.py
[2025-03-31T23:41:32.095+0000] {processor.py:925} INFO - DAG(s) '3-Procesar_penguins_data' retrieved from /opt/airflow/dags/Procesa_data.py
[2025-03-31T23:41:32.346+0000] {logging_mixin.py:190} INFO - [2025-03-31T23:41:32.343+0000] {dag.py:3239} INFO - Sync 1 DAGs
[2025-03-31T23:41:32.448+0000] {logging_mixin.py:190} INFO - [2025-03-31T23:41:32.448+0000] {dag.py:4180} INFO - Setting next_dagrun for 3-Procesar_penguins_data to None, run_after=None
[2025-03-31T23:41:32.636+0000] {processor.py:208} INFO - Processing /opt/airflow/dags/Procesa_data.py took 7.493 seconds
[2025-03-31T23:42:03.148+0000] {processor.py:186} INFO - Started process (PID=1038) to work on /opt/airflow/dags/Procesa_data.py
[2025-03-31T23:42:03.154+0000] {processor.py:914} INFO - Processing file /opt/airflow/dags/Procesa_data.py for tasks to queue
[2025-03-31T23:42:03.166+0000] {logging_mixin.py:190} INFO - [2025-03-31T23:42:03.163+0000] {dagbag.py:588} INFO - Filling up the DagBag from /opt/airflow/dags/Procesa_data.py
[2025-03-31T23:42:09.048+0000] {processor.py:925} INFO - DAG(s) '3-Procesar_penguins_data' retrieved from /opt/airflow/dags/Procesa_data.py
[2025-03-31T23:42:09.206+0000] {logging_mixin.py:190} INFO - [2025-03-31T23:42:09.203+0000] {dag.py:3239} INFO - Sync 1 DAGs
[2025-03-31T23:42:09.255+0000] {logging_mixin.py:190} INFO - [2025-03-31T23:42:09.255+0000] {dag.py:4180} INFO - Setting next_dagrun for 3-Procesar_penguins_data to None, run_after=None
[2025-03-31T23:42:09.319+0000] {processor.py:208} INFO - Processing /opt/airflow/dags/Procesa_data.py took 6.195 seconds
[2025-03-31T23:42:39.789+0000] {processor.py:186} INFO - Started process (PID=1056) to work on /opt/airflow/dags/Procesa_data.py
[2025-03-31T23:42:39.793+0000] {processor.py:914} INFO - Processing file /opt/airflow/dags/Procesa_data.py for tasks to queue
[2025-03-31T23:42:39.812+0000] {logging_mixin.py:190} INFO - [2025-03-31T23:42:39.810+0000] {dagbag.py:588} INFO - Filling up the DagBag from /opt/airflow/dags/Procesa_data.py
[2025-03-31T23:42:45.352+0000] {processor.py:925} INFO - DAG(s) '3-Procesar_penguins_data' retrieved from /opt/airflow/dags/Procesa_data.py
[2025-03-31T23:42:45.501+0000] {logging_mixin.py:190} INFO - [2025-03-31T23:42:45.499+0000] {dag.py:3239} INFO - Sync 1 DAGs
[2025-03-31T23:42:45.542+0000] {logging_mixin.py:190} INFO - [2025-03-31T23:42:45.541+0000] {dag.py:4180} INFO - Setting next_dagrun for 3-Procesar_penguins_data to None, run_after=None
[2025-03-31T23:42:45.600+0000] {processor.py:208} INFO - Processing /opt/airflow/dags/Procesa_data.py took 5.864 seconds
[2025-03-31T23:43:16.005+0000] {processor.py:186} INFO - Started process (PID=1074) to work on /opt/airflow/dags/Procesa_data.py
[2025-03-31T23:43:16.008+0000] {processor.py:914} INFO - Processing file /opt/airflow/dags/Procesa_data.py for tasks to queue
[2025-03-31T23:43:16.014+0000] {logging_mixin.py:190} INFO - [2025-03-31T23:43:16.013+0000] {dagbag.py:588} INFO - Filling up the DagBag from /opt/airflow/dags/Procesa_data.py
[2025-03-31T23:43:20.791+0000] {processor.py:925} INFO - DAG(s) '3-Procesar_penguins_data' retrieved from /opt/airflow/dags/Procesa_data.py
[2025-03-31T23:43:21.067+0000] {logging_mixin.py:190} INFO - [2025-03-31T23:43:21.063+0000] {dag.py:3239} INFO - Sync 1 DAGs
[2025-03-31T23:43:21.157+0000] {logging_mixin.py:190} INFO - [2025-03-31T23:43:21.157+0000] {dag.py:4180} INFO - Setting next_dagrun for 3-Procesar_penguins_data to None, run_after=None
[2025-03-31T23:43:21.302+0000] {processor.py:208} INFO - Processing /opt/airflow/dags/Procesa_data.py took 5.326 seconds
[2025-03-31T23:43:52.251+0000] {processor.py:186} INFO - Started process (PID=1095) to work on /opt/airflow/dags/Procesa_data.py
[2025-03-31T23:43:52.256+0000] {processor.py:914} INFO - Processing file /opt/airflow/dags/Procesa_data.py for tasks to queue
[2025-03-31T23:43:52.265+0000] {logging_mixin.py:190} INFO - [2025-03-31T23:43:52.265+0000] {dagbag.py:588} INFO - Filling up the DagBag from /opt/airflow/dags/Procesa_data.py
[2025-03-31T23:43:57.913+0000] {processor.py:925} INFO - DAG(s) '3-Procesar_penguins_data' retrieved from /opt/airflow/dags/Procesa_data.py
[2025-03-31T23:43:58.056+0000] {logging_mixin.py:190} INFO - [2025-03-31T23:43:58.055+0000] {dag.py:3239} INFO - Sync 1 DAGs
[2025-03-31T23:43:58.168+0000] {logging_mixin.py:190} INFO - [2025-03-31T23:43:58.165+0000] {dag.py:4180} INFO - Setting next_dagrun for 3-Procesar_penguins_data to None, run_after=None
[2025-03-31T23:43:58.300+0000] {processor.py:208} INFO - Processing /opt/airflow/dags/Procesa_data.py took 6.088 seconds
[2025-03-31T23:44:29.113+0000] {processor.py:186} INFO - Started process (PID=1122) to work on /opt/airflow/dags/Procesa_data.py
[2025-03-31T23:44:29.117+0000] {processor.py:914} INFO - Processing file /opt/airflow/dags/Procesa_data.py for tasks to queue
[2025-03-31T23:44:29.125+0000] {logging_mixin.py:190} INFO - [2025-03-31T23:44:29.124+0000] {dagbag.py:588} INFO - Filling up the DagBag from /opt/airflow/dags/Procesa_data.py
[2025-03-31T23:44:33.563+0000] {processor.py:925} INFO - DAG(s) '3-Procesar_penguins_data' retrieved from /opt/airflow/dags/Procesa_data.py
[2025-03-31T23:44:33.835+0000] {logging_mixin.py:190} INFO - [2025-03-31T23:44:33.834+0000] {dag.py:3239} INFO - Sync 1 DAGs
[2025-03-31T23:44:33.937+0000] {logging_mixin.py:190} INFO - [2025-03-31T23:44:33.936+0000] {dag.py:4180} INFO - Setting next_dagrun for 3-Procesar_penguins_data to None, run_after=None
[2025-03-31T23:44:34.082+0000] {processor.py:208} INFO - Processing /opt/airflow/dags/Procesa_data.py took 4.998 seconds
[2025-03-31T23:45:04.317+0000] {processor.py:186} INFO - Started process (PID=1141) to work on /opt/airflow/dags/Procesa_data.py
[2025-03-31T23:45:04.319+0000] {processor.py:914} INFO - Processing file /opt/airflow/dags/Procesa_data.py for tasks to queue
[2025-03-31T23:45:04.324+0000] {logging_mixin.py:190} INFO - [2025-03-31T23:45:04.323+0000] {dagbag.py:588} INFO - Filling up the DagBag from /opt/airflow/dags/Procesa_data.py
[2025-03-31T23:45:07.217+0000] {processor.py:925} INFO - DAG(s) '3-Procesar_penguins_data' retrieved from /opt/airflow/dags/Procesa_data.py
[2025-03-31T23:45:07.346+0000] {logging_mixin.py:190} INFO - [2025-03-31T23:45:07.340+0000] {dag.py:3239} INFO - Sync 1 DAGs
[2025-03-31T23:45:07.484+0000] {logging_mixin.py:190} INFO - [2025-03-31T23:45:07.481+0000] {dag.py:4180} INFO - Setting next_dagrun for 3-Procesar_penguins_data to None, run_after=None
[2025-03-31T23:45:07.572+0000] {processor.py:208} INFO - Processing /opt/airflow/dags/Procesa_data.py took 3.277 seconds
[2025-03-31T23:45:38.022+0000] {processor.py:186} INFO - Started process (PID=1160) to work on /opt/airflow/dags/Procesa_data.py
[2025-03-31T23:45:38.025+0000] {processor.py:914} INFO - Processing file /opt/airflow/dags/Procesa_data.py for tasks to queue
[2025-03-31T23:45:38.031+0000] {logging_mixin.py:190} INFO - [2025-03-31T23:45:38.030+0000] {dagbag.py:588} INFO - Filling up the DagBag from /opt/airflow/dags/Procesa_data.py
[2025-03-31T23:45:40.544+0000] {processor.py:925} INFO - DAG(s) '3-Procesar_penguins_data' retrieved from /opt/airflow/dags/Procesa_data.py
[2025-03-31T23:45:40.623+0000] {logging_mixin.py:190} INFO - [2025-03-31T23:45:40.623+0000] {dag.py:3239} INFO - Sync 1 DAGs
[2025-03-31T23:45:40.659+0000] {logging_mixin.py:190} INFO - [2025-03-31T23:45:40.658+0000] {dag.py:4180} INFO - Setting next_dagrun for 3-Procesar_penguins_data to None, run_after=None
[2025-03-31T23:45:40.741+0000] {processor.py:208} INFO - Processing /opt/airflow/dags/Procesa_data.py took 2.741 seconds
[2025-03-31T23:46:13.408+0000] {processor.py:186} INFO - Started process (PID=1181) to work on /opt/airflow/dags/Procesa_data.py
[2025-03-31T23:46:13.414+0000] {processor.py:914} INFO - Processing file /opt/airflow/dags/Procesa_data.py for tasks to queue
[2025-03-31T23:46:13.429+0000] {logging_mixin.py:190} INFO - [2025-03-31T23:46:13.428+0000] {dagbag.py:588} INFO - Filling up the DagBag from /opt/airflow/dags/Procesa_data.py
[2025-03-31T23:46:18.989+0000] {processor.py:925} INFO - DAG(s) '3-Procesar_penguins_data' retrieved from /opt/airflow/dags/Procesa_data.py
[2025-03-31T23:46:19.076+0000] {logging_mixin.py:190} INFO - [2025-03-31T23:46:19.073+0000] {dag.py:3239} INFO - Sync 1 DAGs
[2025-03-31T23:46:19.115+0000] {logging_mixin.py:190} INFO - [2025-03-31T23:46:19.114+0000] {dag.py:4180} INFO - Setting next_dagrun for 3-Procesar_penguins_data to None, run_after=None
[2025-03-31T23:46:19.166+0000] {processor.py:208} INFO - Processing /opt/airflow/dags/Procesa_data.py took 5.805 seconds
[2025-03-31T23:46:49.959+0000] {processor.py:186} INFO - Started process (PID=1200) to work on /opt/airflow/dags/Procesa_data.py
[2025-03-31T23:46:49.964+0000] {processor.py:914} INFO - Processing file /opt/airflow/dags/Procesa_data.py for tasks to queue
[2025-03-31T23:46:49.973+0000] {logging_mixin.py:190} INFO - [2025-03-31T23:46:49.973+0000] {dagbag.py:588} INFO - Filling up the DagBag from /opt/airflow/dags/Procesa_data.py
[2025-03-31T23:46:57.862+0000] {processor.py:925} INFO - DAG(s) '3-Procesar_penguins_data' retrieved from /opt/airflow/dags/Procesa_data.py
[2025-03-31T23:46:57.959+0000] {logging_mixin.py:190} INFO - [2025-03-31T23:46:57.958+0000] {dag.py:3239} INFO - Sync 1 DAGs
[2025-03-31T23:46:57.989+0000] {logging_mixin.py:190} INFO - [2025-03-31T23:46:57.988+0000] {dag.py:4180} INFO - Setting next_dagrun for 3-Procesar_penguins_data to None, run_after=None
[2025-03-31T23:46:58.063+0000] {processor.py:208} INFO - Processing /opt/airflow/dags/Procesa_data.py took 8.138 seconds
[2025-03-31T23:47:28.516+0000] {processor.py:186} INFO - Started process (PID=1223) to work on /opt/airflow/dags/Procesa_data.py
[2025-03-31T23:47:28.537+0000] {processor.py:914} INFO - Processing file /opt/airflow/dags/Procesa_data.py for tasks to queue
[2025-03-31T23:47:28.580+0000] {logging_mixin.py:190} INFO - [2025-03-31T23:47:28.579+0000] {dagbag.py:588} INFO - Filling up the DagBag from /opt/airflow/dags/Procesa_data.py
[2025-03-31T23:47:35.688+0000] {processor.py:925} INFO - DAG(s) '3-Procesar_penguins_data' retrieved from /opt/airflow/dags/Procesa_data.py
[2025-03-31T23:47:35.785+0000] {logging_mixin.py:190} INFO - [2025-03-31T23:47:35.783+0000] {dag.py:3239} INFO - Sync 1 DAGs
[2025-03-31T23:47:35.873+0000] {logging_mixin.py:190} INFO - [2025-03-31T23:47:35.872+0000] {dag.py:4180} INFO - Setting next_dagrun for 3-Procesar_penguins_data to None, run_after=None
[2025-03-31T23:47:35.975+0000] {processor.py:208} INFO - Processing /opt/airflow/dags/Procesa_data.py took 7.596 seconds
[2025-03-31T23:48:06.571+0000] {processor.py:186} INFO - Started process (PID=1240) to work on /opt/airflow/dags/Procesa_data.py
[2025-03-31T23:48:06.574+0000] {processor.py:914} INFO - Processing file /opt/airflow/dags/Procesa_data.py for tasks to queue
[2025-03-31T23:48:06.579+0000] {logging_mixin.py:190} INFO - [2025-03-31T23:48:06.579+0000] {dagbag.py:588} INFO - Filling up the DagBag from /opt/airflow/dags/Procesa_data.py
[2025-03-31T23:48:13.218+0000] {processor.py:925} INFO - DAG(s) '3-Procesar_penguins_data' retrieved from /opt/airflow/dags/Procesa_data.py
[2025-03-31T23:48:13.353+0000] {logging_mixin.py:190} INFO - [2025-03-31T23:48:13.351+0000] {dag.py:3239} INFO - Sync 1 DAGs
[2025-03-31T23:48:13.393+0000] {logging_mixin.py:190} INFO - [2025-03-31T23:48:13.392+0000] {dag.py:4180} INFO - Setting next_dagrun for 3-Procesar_penguins_data to None, run_after=None
[2025-03-31T23:48:13.473+0000] {processor.py:208} INFO - Processing /opt/airflow/dags/Procesa_data.py took 6.924 seconds
[2025-03-31T23:48:44.547+0000] {processor.py:186} INFO - Started process (PID=1262) to work on /opt/airflow/dags/Procesa_data.py
[2025-03-31T23:48:44.556+0000] {processor.py:914} INFO - Processing file /opt/airflow/dags/Procesa_data.py for tasks to queue
[2025-03-31T23:48:44.582+0000] {logging_mixin.py:190} INFO - [2025-03-31T23:48:44.576+0000] {dagbag.py:588} INFO - Filling up the DagBag from /opt/airflow/dags/Procesa_data.py
[2025-03-31T23:48:53.104+0000] {processor.py:925} INFO - DAG(s) '3-Procesar_penguins_data' retrieved from /opt/airflow/dags/Procesa_data.py
[2025-03-31T23:48:53.352+0000] {logging_mixin.py:190} INFO - [2025-03-31T23:48:53.351+0000] {dag.py:3239} INFO - Sync 1 DAGs
[2025-03-31T23:48:53.454+0000] {logging_mixin.py:190} INFO - [2025-03-31T23:48:53.454+0000] {dag.py:4180} INFO - Setting next_dagrun for 3-Procesar_penguins_data to None, run_after=None
[2025-03-31T23:48:53.650+0000] {processor.py:208} INFO - Processing /opt/airflow/dags/Procesa_data.py took 9.170 seconds
[2025-03-31T23:49:24.344+0000] {processor.py:186} INFO - Started process (PID=1281) to work on /opt/airflow/dags/Procesa_data.py
[2025-03-31T23:49:24.347+0000] {processor.py:914} INFO - Processing file /opt/airflow/dags/Procesa_data.py for tasks to queue
[2025-03-31T23:49:24.352+0000] {logging_mixin.py:190} INFO - [2025-03-31T23:49:24.351+0000] {dagbag.py:588} INFO - Filling up the DagBag from /opt/airflow/dags/Procesa_data.py
[2025-03-31T23:49:27.893+0000] {processor.py:925} INFO - DAG(s) '3-Procesar_penguins_data' retrieved from /opt/airflow/dags/Procesa_data.py
[2025-03-31T23:49:27.939+0000] {logging_mixin.py:190} INFO - [2025-03-31T23:49:27.938+0000] {dag.py:3239} INFO - Sync 1 DAGs
[2025-03-31T23:49:27.976+0000] {logging_mixin.py:190} INFO - [2025-03-31T23:49:27.976+0000] {dag.py:4180} INFO - Setting next_dagrun for 3-Procesar_penguins_data to None, run_after=None
[2025-03-31T23:49:28.024+0000] {processor.py:208} INFO - Processing /opt/airflow/dags/Procesa_data.py took 3.724 seconds
[2025-03-31T23:49:58.690+0000] {processor.py:186} INFO - Started process (PID=1306) to work on /opt/airflow/dags/Procesa_data.py
[2025-03-31T23:49:58.694+0000] {processor.py:914} INFO - Processing file /opt/airflow/dags/Procesa_data.py for tasks to queue
[2025-03-31T23:49:58.705+0000] {logging_mixin.py:190} INFO - [2025-03-31T23:49:58.704+0000] {dagbag.py:588} INFO - Filling up the DagBag from /opt/airflow/dags/Procesa_data.py
[2025-03-31T23:50:03.453+0000] {processor.py:925} INFO - DAG(s) '3-Procesar_penguins_data' retrieved from /opt/airflow/dags/Procesa_data.py
[2025-03-31T23:50:03.634+0000] {logging_mixin.py:190} INFO - [2025-03-31T23:50:03.632+0000] {dag.py:3239} INFO - Sync 1 DAGs
[2025-03-31T23:50:03.718+0000] {logging_mixin.py:190} INFO - [2025-03-31T23:50:03.717+0000] {dag.py:4180} INFO - Setting next_dagrun for 3-Procesar_penguins_data to None, run_after=None
[2025-03-31T23:50:03.824+0000] {processor.py:208} INFO - Processing /opt/airflow/dags/Procesa_data.py took 5.182 seconds
[2025-03-31T23:50:34.472+0000] {processor.py:186} INFO - Started process (PID=1324) to work on /opt/airflow/dags/Procesa_data.py
[2025-03-31T23:50:34.476+0000] {processor.py:914} INFO - Processing file /opt/airflow/dags/Procesa_data.py for tasks to queue
[2025-03-31T23:50:34.482+0000] {logging_mixin.py:190} INFO - [2025-03-31T23:50:34.481+0000] {dagbag.py:588} INFO - Filling up the DagBag from /opt/airflow/dags/Procesa_data.py
[2025-03-31T23:50:36.655+0000] {processor.py:925} INFO - DAG(s) '3-Procesar_penguins_data' retrieved from /opt/airflow/dags/Procesa_data.py
[2025-03-31T23:50:36.707+0000] {logging_mixin.py:190} INFO - [2025-03-31T23:50:36.706+0000] {dag.py:3239} INFO - Sync 1 DAGs
[2025-03-31T23:50:36.733+0000] {logging_mixin.py:190} INFO - [2025-03-31T23:50:36.732+0000] {dag.py:4180} INFO - Setting next_dagrun for 3-Procesar_penguins_data to None, run_after=None
[2025-03-31T23:50:36.767+0000] {processor.py:208} INFO - Processing /opt/airflow/dags/Procesa_data.py took 2.320 seconds
[2025-03-31T23:51:07.292+0000] {processor.py:186} INFO - Started process (PID=1343) to work on /opt/airflow/dags/Procesa_data.py
[2025-03-31T23:51:07.297+0000] {processor.py:914} INFO - Processing file /opt/airflow/dags/Procesa_data.py for tasks to queue
[2025-03-31T23:51:07.305+0000] {logging_mixin.py:190} INFO - [2025-03-31T23:51:07.305+0000] {dagbag.py:588} INFO - Filling up the DagBag from /opt/airflow/dags/Procesa_data.py
[2025-03-31T23:51:10.121+0000] {processor.py:925} INFO - DAG(s) '3-Procesar_penguins_data' retrieved from /opt/airflow/dags/Procesa_data.py
[2025-03-31T23:51:10.239+0000] {logging_mixin.py:190} INFO - [2025-03-31T23:51:10.237+0000] {dag.py:3239} INFO - Sync 1 DAGs
[2025-03-31T23:51:10.285+0000] {logging_mixin.py:190} INFO - [2025-03-31T23:51:10.284+0000] {dag.py:4180} INFO - Setting next_dagrun for 3-Procesar_penguins_data to None, run_after=None
[2025-03-31T23:51:10.338+0000] {processor.py:208} INFO - Processing /opt/airflow/dags/Procesa_data.py took 3.063 seconds
[2025-03-31T23:51:40.731+0000] {processor.py:186} INFO - Started process (PID=1363) to work on /opt/airflow/dags/Procesa_data.py
[2025-03-31T23:51:40.736+0000] {processor.py:914} INFO - Processing file /opt/airflow/dags/Procesa_data.py for tasks to queue
[2025-03-31T23:51:40.741+0000] {logging_mixin.py:190} INFO - [2025-03-31T23:51:40.740+0000] {dagbag.py:588} INFO - Filling up the DagBag from /opt/airflow/dags/Procesa_data.py
[2025-03-31T23:51:45.832+0000] {processor.py:925} INFO - DAG(s) '3-Procesar_penguins_data' retrieved from /opt/airflow/dags/Procesa_data.py
[2025-03-31T23:51:46.079+0000] {logging_mixin.py:190} INFO - [2025-03-31T23:51:46.078+0000] {dag.py:3239} INFO - Sync 1 DAGs
[2025-03-31T23:51:46.125+0000] {logging_mixin.py:190} INFO - [2025-03-31T23:51:46.125+0000] {dag.py:4180} INFO - Setting next_dagrun for 3-Procesar_penguins_data to None, run_after=None
[2025-03-31T23:51:46.172+0000] {processor.py:208} INFO - Processing /opt/airflow/dags/Procesa_data.py took 5.461 seconds
[2025-03-31T23:52:16.980+0000] {processor.py:186} INFO - Started process (PID=1382) to work on /opt/airflow/dags/Procesa_data.py
[2025-03-31T23:52:16.983+0000] {processor.py:914} INFO - Processing file /opt/airflow/dags/Procesa_data.py for tasks to queue
[2025-03-31T23:52:16.989+0000] {logging_mixin.py:190} INFO - [2025-03-31T23:52:16.988+0000] {dagbag.py:588} INFO - Filling up the DagBag from /opt/airflow/dags/Procesa_data.py
[2025-03-31T23:52:21.085+0000] {processor.py:925} INFO - DAG(s) '3-Procesar_penguins_data' retrieved from /opt/airflow/dags/Procesa_data.py
[2025-03-31T23:52:21.219+0000] {logging_mixin.py:190} INFO - [2025-03-31T23:52:21.218+0000] {dag.py:3239} INFO - Sync 1 DAGs
[2025-03-31T23:52:21.247+0000] {logging_mixin.py:190} INFO - [2025-03-31T23:52:21.247+0000] {dag.py:4180} INFO - Setting next_dagrun for 3-Procesar_penguins_data to None, run_after=None
[2025-03-31T23:52:21.285+0000] {processor.py:208} INFO - Processing /opt/airflow/dags/Procesa_data.py took 4.341 seconds
[2025-03-31T23:52:51.949+0000] {processor.py:186} INFO - Started process (PID=1402) to work on /opt/airflow/dags/Procesa_data.py
[2025-03-31T23:52:51.958+0000] {processor.py:914} INFO - Processing file /opt/airflow/dags/Procesa_data.py for tasks to queue
[2025-03-31T23:52:51.971+0000] {logging_mixin.py:190} INFO - [2025-03-31T23:52:51.970+0000] {dagbag.py:588} INFO - Filling up the DagBag from /opt/airflow/dags/Procesa_data.py
[2025-03-31T23:53:01.425+0000] {processor.py:925} INFO - DAG(s) '3-Procesar_penguins_data' retrieved from /opt/airflow/dags/Procesa_data.py
[2025-03-31T23:53:01.952+0000] {logging_mixin.py:190} INFO - [2025-03-31T23:53:01.951+0000] {dag.py:3239} INFO - Sync 1 DAGs
[2025-03-31T23:53:05.545+0000] {logging_mixin.py:190} INFO - [2025-03-31T23:53:05.543+0000] {dag.py:4180} INFO - Setting next_dagrun for 3-Procesar_penguins_data to None, run_after=None
[2025-03-31T23:53:05.647+0000] {processor.py:208} INFO - Processing /opt/airflow/dags/Procesa_data.py took 13.756 seconds
[2025-03-31T23:53:36.369+0000] {processor.py:186} INFO - Started process (PID=1427) to work on /opt/airflow/dags/Procesa_data.py
[2025-03-31T23:53:36.374+0000] {processor.py:914} INFO - Processing file /opt/airflow/dags/Procesa_data.py for tasks to queue
[2025-03-31T23:53:36.379+0000] {logging_mixin.py:190} INFO - [2025-03-31T23:53:36.378+0000] {dagbag.py:588} INFO - Filling up the DagBag from /opt/airflow/dags/Procesa_data.py
