[2025-04-01T00:59:27.480+0000] {local_task_job_runner.py:123} INFO - ::group::Pre task execution logs
[2025-04-01T00:59:28.430+0000] {taskinstance.py:2614} INFO - Dependencies all met for dep_context=non-requeueable deps ti=<TaskInstance: 2-Cargar_data.decide_next_task scheduled__2025-03-31T00:00:00+00:00 [queued]>
[2025-04-01T00:59:28.468+0000] {taskinstance.py:2614} INFO - Dependencies all met for dep_context=requeueable deps ti=<TaskInstance: 2-Cargar_data.decide_next_task scheduled__2025-03-31T00:00:00+00:00 [queued]>
[2025-04-01T00:59:28.471+0000] {taskinstance.py:2867} INFO - Starting attempt 1 of 1
[2025-04-01T00:59:28.508+0000] {taskinstance.py:2890} INFO - Executing <Task(BranchPythonOperator): decide_next_task> on 2025-03-31 00:00:00+00:00
[2025-04-01T00:59:28.540+0000] {standard_task_runner.py:72} INFO - Started process 253 to run task
[2025-04-01T00:59:28.561+0000] {standard_task_runner.py:104} INFO - Running: ['***', 'tasks', 'run', '2-Cargar_data', 'decide_next_task', 'scheduled__2025-03-31T00:00:00+00:00', '--job-id', '4', '--raw', '--subdir', 'DAGS_FOLDER/Cargar_datos.py', '--cfg-path', '/tmp/tmpecev1b27']
[2025-04-01T00:59:28.571+0000] {standard_task_runner.py:105} INFO - Job 4: Subtask decide_next_task
[2025-04-01T00:59:28.758+0000] {task_command.py:467} INFO - Running <TaskInstance: 2-Cargar_data.decide_next_task scheduled__2025-03-31T00:00:00+00:00 [running]> on host 7ed3aa8fcef8
[2025-04-01T00:59:28.995+0000] {taskinstance.py:3134} INFO - Exporting env vars: AIRFLOW_CTX_DAG_OWNER='***' AIRFLOW_CTX_DAG_ID='2-Cargar_data' AIRFLOW_CTX_TASK_ID='decide_next_task' AIRFLOW_CTX_EXECUTION_DATE='2025-03-31T00:00:00+00:00' AIRFLOW_CTX_TRY_NUMBER='1' AIRFLOW_CTX_DAG_RUN_ID='scheduled__2025-03-31T00:00:00+00:00'
[2025-04-01T00:59:28.999+0000] {taskinstance.py:732} INFO - ::endgroup::
[2025-04-01T00:59:29.041+0000] {baseoperator.py:423} WARNING - BranchPythonOperator.execute cannot be called outside TaskInstance!
[2025-04-01T00:59:34.070+0000] {python.py:240} INFO - Done. Returned value was: load_data
[2025-04-01T00:59:34.075+0000] {branch.py:38} INFO - Branch into load_data
[2025-04-01T00:59:34.081+0000] {skipmixin.py:233} INFO - Following branch ('load_data',)
[2025-04-01T00:59:34.168+0000] {skipmixin.py:281} INFO - Skipping tasks [('stop_task', -1)]
[2025-04-01T00:59:34.320+0000] {taskinstance.py:341} INFO - ::group::Post task execution logs
[2025-04-01T00:59:34.321+0000] {taskinstance.py:353} INFO - Marking task as SUCCESS. dag_id=2-Cargar_data, task_id=decide_next_task, run_id=scheduled__2025-03-31T00:00:00+00:00, execution_date=20250331T000000, start_date=20250401T005928, end_date=20250401T005934
[2025-04-01T00:59:34.554+0000] {local_task_job_runner.py:266} INFO - Task exited with return code 0
[2025-04-01T00:59:34.695+0000] {taskinstance.py:3901} INFO - 1 downstream tasks scheduled from follow-on schedule check
[2025-04-01T00:59:34.702+0000] {local_task_job_runner.py:245} INFO - ::endgroup::
[2025-04-01T02:29:32.441+0000] {local_task_job_runner.py:123} INFO - ::group::Pre task execution logs
[2025-04-01T02:29:32.816+0000] {taskinstance.py:2614} INFO - Dependencies all met for dep_context=non-requeueable deps ti=<TaskInstance: 2-Cargar_data.decide_next_task scheduled__2025-03-31T00:00:00+00:00 [queued]>
[2025-04-01T02:29:32.834+0000] {taskinstance.py:2614} INFO - Dependencies all met for dep_context=requeueable deps ti=<TaskInstance: 2-Cargar_data.decide_next_task scheduled__2025-03-31T00:00:00+00:00 [queued]>
[2025-04-01T02:29:32.835+0000] {taskinstance.py:2867} INFO - Starting attempt 1 of 1
[2025-04-01T02:29:32.857+0000] {taskinstance.py:2890} INFO - Executing <Task(BranchPythonOperator): decide_next_task> on 2025-03-31 00:00:00+00:00
[2025-04-01T02:29:32.890+0000] {standard_task_runner.py:72} INFO - Started process 2165 to run task
[2025-04-01T02:29:32.905+0000] {standard_task_runner.py:104} INFO - Running: ['***', 'tasks', 'run', '2-Cargar_data', 'decide_next_task', 'scheduled__2025-03-31T00:00:00+00:00', '--job-id', '77', '--raw', '--subdir', 'DAGS_FOLDER/Cargar_datos.py', '--cfg-path', '/tmp/tmpz6owc_gp']
[2025-04-01T02:29:32.920+0000] {standard_task_runner.py:105} INFO - Job 77: Subtask decide_next_task
[2025-04-01T02:29:33.106+0000] {task_command.py:467} INFO - Running <TaskInstance: 2-Cargar_data.decide_next_task scheduled__2025-03-31T00:00:00+00:00 [running]> on host 7ed3aa8fcef8
[2025-04-01T02:29:33.340+0000] {taskinstance.py:3134} INFO - Exporting env vars: AIRFLOW_CTX_DAG_OWNER='***' AIRFLOW_CTX_DAG_ID='2-Cargar_data' AIRFLOW_CTX_TASK_ID='decide_next_task' AIRFLOW_CTX_EXECUTION_DATE='2025-03-31T00:00:00+00:00' AIRFLOW_CTX_TRY_NUMBER='1' AIRFLOW_CTX_DAG_RUN_ID='scheduled__2025-03-31T00:00:00+00:00'
[2025-04-01T02:29:33.348+0000] {taskinstance.py:732} INFO - ::endgroup::
[2025-04-01T02:29:33.380+0000] {baseoperator.py:423} WARNING - BranchPythonOperator.execute cannot be called outside TaskInstance!
[2025-04-01T02:29:38.409+0000] {python.py:240} INFO - Done. Returned value was: load_data
[2025-04-01T02:29:38.409+0000] {branch.py:38} INFO - Branch into load_data
[2025-04-01T02:29:38.410+0000] {skipmixin.py:233} INFO - Following branch ('load_data',)
[2025-04-01T02:29:38.443+0000] {skipmixin.py:281} INFO - Skipping tasks [('stop_task', -1)]
[2025-04-01T02:29:38.537+0000] {taskinstance.py:341} INFO - ::group::Post task execution logs
[2025-04-01T02:29:38.539+0000] {taskinstance.py:353} INFO - Marking task as SUCCESS. dag_id=2-Cargar_data, task_id=decide_next_task, run_id=scheduled__2025-03-31T00:00:00+00:00, execution_date=20250331T000000, start_date=20250401T022932, end_date=20250401T022938
[2025-04-01T02:29:38.698+0000] {local_task_job_runner.py:266} INFO - Task exited with return code 0
[2025-04-01T02:29:38.747+0000] {taskinstance.py:3901} INFO - 1 downstream tasks scheduled from follow-on schedule check
[2025-04-01T02:29:38.749+0000] {local_task_job_runner.py:245} INFO - ::endgroup::
[2025-04-01T02:37:38.708+0000] {local_task_job_runner.py:123} INFO - ::group::Pre task execution logs
[2025-04-01T02:37:39.258+0000] {taskinstance.py:2614} INFO - Dependencies all met for dep_context=non-requeueable deps ti=<TaskInstance: 2-Cargar_data.decide_next_task scheduled__2025-03-31T00:00:00+00:00 [queued]>
[2025-04-01T02:37:39.297+0000] {taskinstance.py:2614} INFO - Dependencies all met for dep_context=requeueable deps ti=<TaskInstance: 2-Cargar_data.decide_next_task scheduled__2025-03-31T00:00:00+00:00 [queued]>
[2025-04-01T02:37:39.301+0000] {taskinstance.py:2867} INFO - Starting attempt 1 of 1
[2025-04-01T02:37:39.327+0000] {taskinstance.py:2890} INFO - Executing <Task(BranchPythonOperator): decide_next_task> on 2025-03-31 00:00:00+00:00
[2025-04-01T02:37:39.369+0000] {standard_task_runner.py:72} INFO - Started process 2356 to run task
[2025-04-01T02:37:39.388+0000] {standard_task_runner.py:104} INFO - Running: ['***', 'tasks', 'run', '2-Cargar_data', 'decide_next_task', 'scheduled__2025-03-31T00:00:00+00:00', '--job-id', '87', '--raw', '--subdir', 'DAGS_FOLDER/Cargar_datos.py', '--cfg-path', '/tmp/tmppqqxlog4']
[2025-04-01T02:37:39.404+0000] {standard_task_runner.py:105} INFO - Job 87: Subtask decide_next_task
[2025-04-01T02:37:39.592+0000] {task_command.py:467} INFO - Running <TaskInstance: 2-Cargar_data.decide_next_task scheduled__2025-03-31T00:00:00+00:00 [running]> on host 7ed3aa8fcef8
[2025-04-01T02:37:40.051+0000] {taskinstance.py:3134} INFO - Exporting env vars: AIRFLOW_CTX_DAG_OWNER='***' AIRFLOW_CTX_DAG_ID='2-Cargar_data' AIRFLOW_CTX_TASK_ID='decide_next_task' AIRFLOW_CTX_EXECUTION_DATE='2025-03-31T00:00:00+00:00' AIRFLOW_CTX_TRY_NUMBER='1' AIRFLOW_CTX_DAG_RUN_ID='scheduled__2025-03-31T00:00:00+00:00'
[2025-04-01T02:37:40.061+0000] {taskinstance.py:732} INFO - ::endgroup::
[2025-04-01T02:37:40.151+0000] {baseoperator.py:423} WARNING - BranchPythonOperator.execute cannot be called outside TaskInstance!
[2025-04-01T02:37:45.189+0000] {python.py:240} INFO - Done. Returned value was: load_data
[2025-04-01T02:37:45.191+0000] {branch.py:38} INFO - Branch into load_data
[2025-04-01T02:37:45.192+0000] {skipmixin.py:233} INFO - Following branch ('load_data',)
[2025-04-01T02:37:45.282+0000] {skipmixin.py:281} INFO - Skipping tasks [('stop_task', -1)]
[2025-04-01T02:37:45.405+0000] {taskinstance.py:341} INFO - ::group::Post task execution logs
[2025-04-01T02:37:45.406+0000] {taskinstance.py:353} INFO - Marking task as SUCCESS. dag_id=2-Cargar_data, task_id=decide_next_task, run_id=scheduled__2025-03-31T00:00:00+00:00, execution_date=20250331T000000, start_date=20250401T023739, end_date=20250401T023745
[2025-04-01T02:37:45.573+0000] {local_task_job_runner.py:266} INFO - Task exited with return code 0
[2025-04-01T02:37:45.632+0000] {taskinstance.py:3901} INFO - 1 downstream tasks scheduled from follow-on schedule check
[2025-04-01T02:37:45.635+0000] {local_task_job_runner.py:245} INFO - ::endgroup::
[2025-04-01T02:43:52.076+0000] {local_task_job_runner.py:123} INFO - ::group::Pre task execution logs
[2025-04-01T02:43:52.600+0000] {taskinstance.py:2614} INFO - Dependencies all met for dep_context=non-requeueable deps ti=<TaskInstance: 2-Cargar_data.decide_next_task scheduled__2025-03-31T00:00:00+00:00 [queued]>
[2025-04-01T02:43:52.622+0000] {taskinstance.py:2614} INFO - Dependencies all met for dep_context=requeueable deps ti=<TaskInstance: 2-Cargar_data.decide_next_task scheduled__2025-03-31T00:00:00+00:00 [queued]>
[2025-04-01T02:43:52.623+0000] {taskinstance.py:2867} INFO - Starting attempt 1 of 1
[2025-04-01T02:43:52.668+0000] {taskinstance.py:2890} INFO - Executing <Task(BranchPythonOperator): decide_next_task> on 2025-03-31 00:00:00+00:00
[2025-04-01T02:43:52.702+0000] {standard_task_runner.py:72} INFO - Started process 2502 to run task
[2025-04-01T02:43:52.731+0000] {standard_task_runner.py:104} INFO - Running: ['***', 'tasks', 'run', '2-Cargar_data', 'decide_next_task', 'scheduled__2025-03-31T00:00:00+00:00', '--job-id', '96', '--raw', '--subdir', 'DAGS_FOLDER/Cargar_datos.py', '--cfg-path', '/tmp/tmp0739qq7m']
[2025-04-01T02:43:52.742+0000] {standard_task_runner.py:105} INFO - Job 96: Subtask decide_next_task
[2025-04-01T02:43:53.028+0000] {task_command.py:467} INFO - Running <TaskInstance: 2-Cargar_data.decide_next_task scheduled__2025-03-31T00:00:00+00:00 [running]> on host 7ed3aa8fcef8
[2025-04-01T02:43:53.419+0000] {taskinstance.py:3134} INFO - Exporting env vars: AIRFLOW_CTX_DAG_OWNER='***' AIRFLOW_CTX_DAG_ID='2-Cargar_data' AIRFLOW_CTX_TASK_ID='decide_next_task' AIRFLOW_CTX_EXECUTION_DATE='2025-03-31T00:00:00+00:00' AIRFLOW_CTX_TRY_NUMBER='1' AIRFLOW_CTX_DAG_RUN_ID='scheduled__2025-03-31T00:00:00+00:00'
[2025-04-01T02:43:53.425+0000] {taskinstance.py:732} INFO - ::endgroup::
[2025-04-01T02:43:53.505+0000] {baseoperator.py:423} WARNING - BranchPythonOperator.execute cannot be called outside TaskInstance!
[2025-04-01T02:43:58.566+0000] {python.py:240} INFO - Done. Returned value was: load_data
[2025-04-01T02:43:58.566+0000] {branch.py:38} INFO - Branch into load_data
[2025-04-01T02:43:58.567+0000] {skipmixin.py:233} INFO - Following branch ('load_data',)
[2025-04-01T02:43:58.608+0000] {skipmixin.py:281} INFO - Skipping tasks [('stop_task', -1)]
[2025-04-01T02:43:58.679+0000] {taskinstance.py:341} INFO - ::group::Post task execution logs
[2025-04-01T02:43:58.680+0000] {taskinstance.py:353} INFO - Marking task as SUCCESS. dag_id=2-Cargar_data, task_id=decide_next_task, run_id=scheduled__2025-03-31T00:00:00+00:00, execution_date=20250331T000000, start_date=20250401T024352, end_date=20250401T024358
[2025-04-01T02:43:58.911+0000] {local_task_job_runner.py:266} INFO - Task exited with return code 0
[2025-04-01T02:43:58.994+0000] {taskinstance.py:3901} INFO - 1 downstream tasks scheduled from follow-on schedule check
[2025-04-01T02:43:58.996+0000] {local_task_job_runner.py:245} INFO - ::endgroup::
[2025-04-01T02:55:48.609+0000] {local_task_job_runner.py:123} INFO - ::group::Pre task execution logs
[2025-04-01T02:55:48.936+0000] {taskinstance.py:2614} INFO - Dependencies all met for dep_context=non-requeueable deps ti=<TaskInstance: 2-Cargar_data.decide_next_task scheduled__2025-03-31T00:00:00+00:00 [queued]>
[2025-04-01T02:55:48.952+0000] {taskinstance.py:2614} INFO - Dependencies all met for dep_context=requeueable deps ti=<TaskInstance: 2-Cargar_data.decide_next_task scheduled__2025-03-31T00:00:00+00:00 [queued]>
[2025-04-01T02:55:48.953+0000] {taskinstance.py:2867} INFO - Starting attempt 1 of 1
[2025-04-01T02:55:48.973+0000] {taskinstance.py:2890} INFO - Executing <Task(BranchPythonOperator): decide_next_task> on 2025-03-31 00:00:00+00:00
[2025-04-01T02:55:48.990+0000] {standard_task_runner.py:72} INFO - Started process 2759 to run task
[2025-04-01T02:55:49.002+0000] {standard_task_runner.py:104} INFO - Running: ['***', 'tasks', 'run', '2-Cargar_data', 'decide_next_task', 'scheduled__2025-03-31T00:00:00+00:00', '--job-id', '105', '--raw', '--subdir', 'DAGS_FOLDER/Cargar_datos.py', '--cfg-path', '/tmp/tmpnmks9b00']
[2025-04-01T02:55:49.011+0000] {standard_task_runner.py:105} INFO - Job 105: Subtask decide_next_task
[2025-04-01T02:55:49.122+0000] {task_command.py:467} INFO - Running <TaskInstance: 2-Cargar_data.decide_next_task scheduled__2025-03-31T00:00:00+00:00 [running]> on host 7ed3aa8fcef8
[2025-04-01T02:55:49.276+0000] {taskinstance.py:3134} INFO - Exporting env vars: AIRFLOW_CTX_DAG_OWNER='***' AIRFLOW_CTX_DAG_ID='2-Cargar_data' AIRFLOW_CTX_TASK_ID='decide_next_task' AIRFLOW_CTX_EXECUTION_DATE='2025-03-31T00:00:00+00:00' AIRFLOW_CTX_TRY_NUMBER='1' AIRFLOW_CTX_DAG_RUN_ID='scheduled__2025-03-31T00:00:00+00:00'
[2025-04-01T02:55:49.278+0000] {taskinstance.py:732} INFO - ::endgroup::
[2025-04-01T02:55:49.304+0000] {baseoperator.py:423} WARNING - BranchPythonOperator.execute cannot be called outside TaskInstance!
[2025-04-01T02:55:54.326+0000] {python.py:240} INFO - Done. Returned value was: load_data
[2025-04-01T02:55:54.326+0000] {branch.py:38} INFO - Branch into load_data
[2025-04-01T02:55:54.327+0000] {skipmixin.py:233} INFO - Following branch ('load_data',)
[2025-04-01T02:55:54.390+0000] {skipmixin.py:281} INFO - Skipping tasks [('stop_task', -1)]
[2025-04-01T02:55:54.530+0000] {taskinstance.py:341} INFO - ::group::Post task execution logs
[2025-04-01T02:55:54.531+0000] {taskinstance.py:353} INFO - Marking task as SUCCESS. dag_id=2-Cargar_data, task_id=decide_next_task, run_id=scheduled__2025-03-31T00:00:00+00:00, execution_date=20250331T000000, start_date=20250401T025548, end_date=20250401T025554
[2025-04-01T02:55:54.671+0000] {local_task_job_runner.py:266} INFO - Task exited with return code 0
[2025-04-01T02:55:54.744+0000] {taskinstance.py:3901} INFO - 1 downstream tasks scheduled from follow-on schedule check
[2025-04-01T02:55:54.746+0000] {local_task_job_runner.py:245} INFO - ::endgroup::
[2025-04-01T03:19:53.001+0000] {local_task_job_runner.py:123} INFO - ::group::Pre task execution logs
[2025-04-01T03:19:53.448+0000] {taskinstance.py:2614} INFO - Dependencies all met for dep_context=non-requeueable deps ti=<TaskInstance: 2-Cargar_data.decide_next_task scheduled__2025-03-31T00:00:00+00:00 [queued]>
[2025-04-01T03:19:53.483+0000] {taskinstance.py:2614} INFO - Dependencies all met for dep_context=requeueable deps ti=<TaskInstance: 2-Cargar_data.decide_next_task scheduled__2025-03-31T00:00:00+00:00 [queued]>
[2025-04-01T03:19:53.484+0000] {taskinstance.py:2867} INFO - Starting attempt 1 of 1
[2025-04-01T03:19:53.532+0000] {taskinstance.py:2890} INFO - Executing <Task(BranchPythonOperator): decide_next_task> on 2025-03-31 00:00:00+00:00
[2025-04-01T03:19:53.556+0000] {standard_task_runner.py:72} INFO - Started process 3262 to run task
[2025-04-01T03:19:53.573+0000] {standard_task_runner.py:104} INFO - Running: ['***', 'tasks', 'run', '2-Cargar_data', 'decide_next_task', 'scheduled__2025-03-31T00:00:00+00:00', '--job-id', '122', '--raw', '--subdir', 'DAGS_FOLDER/Cargar_datos.py', '--cfg-path', '/tmp/tmplup99dmv']
[2025-04-01T03:19:53.584+0000] {standard_task_runner.py:105} INFO - Job 122: Subtask decide_next_task
[2025-04-01T03:19:53.767+0000] {task_command.py:467} INFO - Running <TaskInstance: 2-Cargar_data.decide_next_task scheduled__2025-03-31T00:00:00+00:00 [running]> on host 7ed3aa8fcef8
[2025-04-01T03:19:53.979+0000] {taskinstance.py:3134} INFO - Exporting env vars: AIRFLOW_CTX_DAG_OWNER='***' AIRFLOW_CTX_DAG_ID='2-Cargar_data' AIRFLOW_CTX_TASK_ID='decide_next_task' AIRFLOW_CTX_EXECUTION_DATE='2025-03-31T00:00:00+00:00' AIRFLOW_CTX_TRY_NUMBER='1' AIRFLOW_CTX_DAG_RUN_ID='scheduled__2025-03-31T00:00:00+00:00'
[2025-04-01T03:19:53.987+0000] {taskinstance.py:732} INFO - ::endgroup::
[2025-04-01T03:19:54.020+0000] {baseoperator.py:423} WARNING - BranchPythonOperator.execute cannot be called outside TaskInstance!
[2025-04-01T03:19:59.059+0000] {python.py:240} INFO - Done. Returned value was: load_data
[2025-04-01T03:19:59.060+0000] {branch.py:38} INFO - Branch into load_data
[2025-04-01T03:19:59.061+0000] {skipmixin.py:233} INFO - Following branch ('load_data',)
[2025-04-01T03:19:59.095+0000] {skipmixin.py:281} INFO - Skipping tasks [('stop_task', -1)]
[2025-04-01T03:19:59.171+0000] {taskinstance.py:341} INFO - ::group::Post task execution logs
[2025-04-01T03:19:59.172+0000] {taskinstance.py:353} INFO - Marking task as SUCCESS. dag_id=2-Cargar_data, task_id=decide_next_task, run_id=scheduled__2025-03-31T00:00:00+00:00, execution_date=20250331T000000, start_date=20250401T031953, end_date=20250401T031959
[2025-04-01T03:19:59.402+0000] {local_task_job_runner.py:266} INFO - Task exited with return code 0
[2025-04-01T03:19:59.472+0000] {taskinstance.py:3901} INFO - 1 downstream tasks scheduled from follow-on schedule check
[2025-04-01T03:19:59.474+0000] {local_task_job_runner.py:245} INFO - ::endgroup::
[2025-04-01T04:40:13.179+0000] {local_task_job_runner.py:123} INFO - ::group::Pre task execution logs
[2025-04-01T04:40:13.735+0000] {taskinstance.py:2614} INFO - Dependencies all met for dep_context=non-requeueable deps ti=<TaskInstance: 2-Cargar_data.decide_next_task scheduled__2025-03-31T00:00:00+00:00 [queued]>
[2025-04-01T04:40:13.813+0000] {taskinstance.py:2614} INFO - Dependencies all met for dep_context=requeueable deps ti=<TaskInstance: 2-Cargar_data.decide_next_task scheduled__2025-03-31T00:00:00+00:00 [queued]>
[2025-04-01T04:40:13.814+0000] {taskinstance.py:2867} INFO - Starting attempt 1 of 1
[2025-04-01T04:40:13.886+0000] {taskinstance.py:2890} INFO - Executing <Task(BranchPythonOperator): decide_next_task> on 2025-03-31 00:00:00+00:00
[2025-04-01T04:40:13.963+0000] {standard_task_runner.py:72} INFO - Started process 195 to run task
[2025-04-01T04:40:13.993+0000] {standard_task_runner.py:104} INFO - Running: ['***', 'tasks', 'run', '2-Cargar_data', 'decide_next_task', 'scheduled__2025-03-31T00:00:00+00:00', '--job-id', '4', '--raw', '--subdir', 'DAGS_FOLDER/Cargar_datos.py', '--cfg-path', '/tmp/tmp1zvx5vik']
[2025-04-01T04:40:14.023+0000] {standard_task_runner.py:105} INFO - Job 4: Subtask decide_next_task
[2025-04-01T04:40:14.344+0000] {task_command.py:467} INFO - Running <TaskInstance: 2-Cargar_data.decide_next_task scheduled__2025-03-31T00:00:00+00:00 [running]> on host 4c32ad76034a
[2025-04-01T04:40:14.668+0000] {taskinstance.py:3134} INFO - Exporting env vars: AIRFLOW_CTX_DAG_OWNER='***' AIRFLOW_CTX_DAG_ID='2-Cargar_data' AIRFLOW_CTX_TASK_ID='decide_next_task' AIRFLOW_CTX_EXECUTION_DATE='2025-03-31T00:00:00+00:00' AIRFLOW_CTX_TRY_NUMBER='1' AIRFLOW_CTX_DAG_RUN_ID='scheduled__2025-03-31T00:00:00+00:00'
[2025-04-01T04:40:14.674+0000] {taskinstance.py:732} INFO - ::endgroup::
[2025-04-01T04:40:14.717+0000] {baseoperator.py:423} WARNING - BranchPythonOperator.execute cannot be called outside TaskInstance!
[2025-04-01T04:40:19.748+0000] {python.py:240} INFO - Done. Returned value was: load_data
[2025-04-01T04:40:19.748+0000] {branch.py:38} INFO - Branch into load_data
[2025-04-01T04:40:19.749+0000] {skipmixin.py:233} INFO - Following branch ('load_data',)
[2025-04-01T04:40:19.808+0000] {skipmixin.py:281} INFO - Skipping tasks [('stop_task', -1)]
[2025-04-01T04:40:19.889+0000] {taskinstance.py:341} INFO - ::group::Post task execution logs
[2025-04-01T04:40:19.890+0000] {taskinstance.py:353} INFO - Marking task as SUCCESS. dag_id=2-Cargar_data, task_id=decide_next_task, run_id=scheduled__2025-03-31T00:00:00+00:00, execution_date=20250331T000000, start_date=20250401T044013, end_date=20250401T044019
[2025-04-01T04:40:20.007+0000] {local_task_job_runner.py:266} INFO - Task exited with return code 0
[2025-04-01T04:40:20.057+0000] {taskinstance.py:3901} INFO - 1 downstream tasks scheduled from follow-on schedule check
[2025-04-01T04:40:20.060+0000] {local_task_job_runner.py:245} INFO - ::endgroup::
[2025-04-01T05:21:48.868+0000] {local_task_job_runner.py:123} INFO - ::group::Pre task execution logs
[2025-04-01T05:21:49.358+0000] {taskinstance.py:2614} INFO - Dependencies all met for dep_context=non-requeueable deps ti=<TaskInstance: 2-Cargar_data.decide_next_task scheduled__2025-03-31T00:00:00+00:00 [queued]>
[2025-04-01T05:21:49.383+0000] {taskinstance.py:2614} INFO - Dependencies all met for dep_context=requeueable deps ti=<TaskInstance: 2-Cargar_data.decide_next_task scheduled__2025-03-31T00:00:00+00:00 [queued]>
[2025-04-01T05:21:49.384+0000] {taskinstance.py:2867} INFO - Starting attempt 1 of 1
[2025-04-01T05:21:49.413+0000] {taskinstance.py:2890} INFO - Executing <Task(BranchPythonOperator): decide_next_task> on 2025-03-31 00:00:00+00:00
[2025-04-01T05:21:49.457+0000] {standard_task_runner.py:72} INFO - Started process 163 to run task
[2025-04-01T05:21:49.473+0000] {standard_task_runner.py:104} INFO - Running: ['***', 'tasks', 'run', '2-Cargar_data', 'decide_next_task', 'scheduled__2025-03-31T00:00:00+00:00', '--job-id', '4', '--raw', '--subdir', 'DAGS_FOLDER/Cargar_datos.py', '--cfg-path', '/tmp/tmpuk005yjv']
[2025-04-01T05:21:49.481+0000] {standard_task_runner.py:105} INFO - Job 4: Subtask decide_next_task
[2025-04-01T05:21:49.648+0000] {task_command.py:467} INFO - Running <TaskInstance: 2-Cargar_data.decide_next_task scheduled__2025-03-31T00:00:00+00:00 [running]> on host 090d44c3d28c
[2025-04-01T05:21:49.937+0000] {taskinstance.py:3134} INFO - Exporting env vars: AIRFLOW_CTX_DAG_OWNER='***' AIRFLOW_CTX_DAG_ID='2-Cargar_data' AIRFLOW_CTX_TASK_ID='decide_next_task' AIRFLOW_CTX_EXECUTION_DATE='2025-03-31T00:00:00+00:00' AIRFLOW_CTX_TRY_NUMBER='1' AIRFLOW_CTX_DAG_RUN_ID='scheduled__2025-03-31T00:00:00+00:00'
[2025-04-01T05:21:49.940+0000] {taskinstance.py:732} INFO - ::endgroup::
[2025-04-01T05:21:49.966+0000] {baseoperator.py:423} WARNING - BranchPythonOperator.execute cannot be called outside TaskInstance!
[2025-04-01T05:21:55.006+0000] {python.py:240} INFO - Done. Returned value was: load_data
[2025-04-01T05:21:55.007+0000] {branch.py:38} INFO - Branch into load_data
[2025-04-01T05:21:55.008+0000] {skipmixin.py:233} INFO - Following branch ('load_data',)
[2025-04-01T05:21:55.059+0000] {skipmixin.py:281} INFO - Skipping tasks [('stop_task', -1)]
[2025-04-01T05:21:55.135+0000] {taskinstance.py:341} INFO - ::group::Post task execution logs
[2025-04-01T05:21:55.136+0000] {taskinstance.py:353} INFO - Marking task as SUCCESS. dag_id=2-Cargar_data, task_id=decide_next_task, run_id=scheduled__2025-03-31T00:00:00+00:00, execution_date=20250331T000000, start_date=20250401T052149, end_date=20250401T052155
[2025-04-01T05:21:55.266+0000] {local_task_job_runner.py:266} INFO - Task exited with return code 0
[2025-04-01T05:21:55.346+0000] {taskinstance.py:3901} INFO - 1 downstream tasks scheduled from follow-on schedule check
[2025-04-01T05:21:55.352+0000] {local_task_job_runner.py:245} INFO - ::endgroup::
[2025-04-01T05:51:38.065+0000] {local_task_job_runner.py:123} INFO - ::group::Pre task execution logs
[2025-04-01T05:51:39.178+0000] {taskinstance.py:2614} INFO - Dependencies all met for dep_context=non-requeueable deps ti=<TaskInstance: 2-Cargar_data.decide_next_task scheduled__2025-03-31T00:00:00+00:00 [queued]>
[2025-04-01T05:51:39.206+0000] {taskinstance.py:2614} INFO - Dependencies all met for dep_context=requeueable deps ti=<TaskInstance: 2-Cargar_data.decide_next_task scheduled__2025-03-31T00:00:00+00:00 [queued]>
[2025-04-01T05:51:39.207+0000] {taskinstance.py:2867} INFO - Starting attempt 1 of 1
[2025-04-01T05:51:39.225+0000] {taskinstance.py:2890} INFO - Executing <Task(BranchPythonOperator): decide_next_task> on 2025-03-31 00:00:00+00:00
[2025-04-01T05:51:39.252+0000] {standard_task_runner.py:72} INFO - Started process 143 to run task
[2025-04-01T05:51:39.274+0000] {standard_task_runner.py:104} INFO - Running: ['***', 'tasks', 'run', '2-Cargar_data', 'decide_next_task', 'scheduled__2025-03-31T00:00:00+00:00', '--job-id', '4', '--raw', '--subdir', 'DAGS_FOLDER/Cargar_datos.py', '--cfg-path', '/tmp/tmp1qk8dhfc']
[2025-04-01T05:51:39.290+0000] {standard_task_runner.py:105} INFO - Job 4: Subtask decide_next_task
[2025-04-01T05:51:39.468+0000] {task_command.py:467} INFO - Running <TaskInstance: 2-Cargar_data.decide_next_task scheduled__2025-03-31T00:00:00+00:00 [running]> on host b7c6052ef868
[2025-04-01T05:51:39.657+0000] {taskinstance.py:3134} INFO - Exporting env vars: AIRFLOW_CTX_DAG_OWNER='***' AIRFLOW_CTX_DAG_ID='2-Cargar_data' AIRFLOW_CTX_TASK_ID='decide_next_task' AIRFLOW_CTX_EXECUTION_DATE='2025-03-31T00:00:00+00:00' AIRFLOW_CTX_TRY_NUMBER='1' AIRFLOW_CTX_DAG_RUN_ID='scheduled__2025-03-31T00:00:00+00:00'
[2025-04-01T05:51:39.659+0000] {taskinstance.py:732} INFO - ::endgroup::
[2025-04-01T05:51:39.692+0000] {baseoperator.py:423} WARNING - BranchPythonOperator.execute cannot be called outside TaskInstance!
[2025-04-01T05:51:44.721+0000] {python.py:240} INFO - Done. Returned value was: load_data
[2025-04-01T05:51:44.722+0000] {branch.py:38} INFO - Branch into load_data
[2025-04-01T05:51:44.723+0000] {skipmixin.py:233} INFO - Following branch ('load_data',)
[2025-04-01T05:51:44.756+0000] {skipmixin.py:281} INFO - Skipping tasks [('stop_task', -1)]
[2025-04-01T05:51:44.852+0000] {taskinstance.py:341} INFO - ::group::Post task execution logs
[2025-04-01T05:51:44.853+0000] {taskinstance.py:353} INFO - Marking task as SUCCESS. dag_id=2-Cargar_data, task_id=decide_next_task, run_id=scheduled__2025-03-31T00:00:00+00:00, execution_date=20250331T000000, start_date=20250401T055139, end_date=20250401T055144
[2025-04-01T05:51:45.037+0000] {local_task_job_runner.py:266} INFO - Task exited with return code 0
[2025-04-01T05:51:45.091+0000] {taskinstance.py:3901} INFO - 1 downstream tasks scheduled from follow-on schedule check
[2025-04-01T05:51:45.094+0000] {local_task_job_runner.py:245} INFO - ::endgroup::
[2025-04-01T06:19:48.977+0000] {local_task_job_runner.py:123} INFO - ::group::Pre task execution logs
[2025-04-01T06:19:49.418+0000] {taskinstance.py:2614} INFO - Dependencies all met for dep_context=non-requeueable deps ti=<TaskInstance: 2-Cargar_data.decide_next_task scheduled__2025-03-31T00:00:00+00:00 [queued]>
[2025-04-01T06:19:49.434+0000] {taskinstance.py:2614} INFO - Dependencies all met for dep_context=requeueable deps ti=<TaskInstance: 2-Cargar_data.decide_next_task scheduled__2025-03-31T00:00:00+00:00 [queued]>
[2025-04-01T06:19:49.435+0000] {taskinstance.py:2867} INFO - Starting attempt 1 of 1
[2025-04-01T06:19:49.456+0000] {taskinstance.py:2890} INFO - Executing <Task(BranchPythonOperator): decide_next_task> on 2025-03-31 00:00:00+00:00
[2025-04-01T06:19:49.480+0000] {standard_task_runner.py:72} INFO - Started process 229 to run task
[2025-04-01T06:19:49.493+0000] {standard_task_runner.py:104} INFO - Running: ['***', 'tasks', 'run', '2-Cargar_data', 'decide_next_task', 'scheduled__2025-03-31T00:00:00+00:00', '--job-id', '4', '--raw', '--subdir', 'DAGS_FOLDER/Cargar_datos.py', '--cfg-path', '/tmp/tmpn92rvrdp']
[2025-04-01T06:19:49.501+0000] {standard_task_runner.py:105} INFO - Job 4: Subtask decide_next_task
[2025-04-01T06:19:49.618+0000] {task_command.py:467} INFO - Running <TaskInstance: 2-Cargar_data.decide_next_task scheduled__2025-03-31T00:00:00+00:00 [running]> on host ed472e138aea
[2025-04-01T06:19:49.871+0000] {taskinstance.py:3134} INFO - Exporting env vars: AIRFLOW_CTX_DAG_OWNER='***' AIRFLOW_CTX_DAG_ID='2-Cargar_data' AIRFLOW_CTX_TASK_ID='decide_next_task' AIRFLOW_CTX_EXECUTION_DATE='2025-03-31T00:00:00+00:00' AIRFLOW_CTX_TRY_NUMBER='1' AIRFLOW_CTX_DAG_RUN_ID='scheduled__2025-03-31T00:00:00+00:00'
[2025-04-01T06:19:49.873+0000] {taskinstance.py:732} INFO - ::endgroup::
[2025-04-01T06:19:49.906+0000] {baseoperator.py:423} WARNING - BranchPythonOperator.execute cannot be called outside TaskInstance!
[2025-04-01T06:19:54.942+0000] {python.py:240} INFO - Done. Returned value was: load_data
[2025-04-01T06:19:54.944+0000] {branch.py:38} INFO - Branch into load_data
[2025-04-01T06:19:54.945+0000] {skipmixin.py:233} INFO - Following branch ('load_data',)
[2025-04-01T06:19:54.988+0000] {skipmixin.py:281} INFO - Skipping tasks [('stop_task', -1)]
[2025-04-01T06:19:55.089+0000] {taskinstance.py:341} INFO - ::group::Post task execution logs
[2025-04-01T06:19:55.091+0000] {taskinstance.py:353} INFO - Marking task as SUCCESS. dag_id=2-Cargar_data, task_id=decide_next_task, run_id=scheduled__2025-03-31T00:00:00+00:00, execution_date=20250331T000000, start_date=20250401T061949, end_date=20250401T061955
[2025-04-01T06:19:55.244+0000] {local_task_job_runner.py:266} INFO - Task exited with return code 0
[2025-04-01T06:19:55.301+0000] {taskinstance.py:3901} INFO - 1 downstream tasks scheduled from follow-on schedule check
[2025-04-01T06:19:55.303+0000] {local_task_job_runner.py:245} INFO - ::endgroup::
[2025-04-01T06:53:53.672+0000] {local_task_job_runner.py:123} INFO - ::group::Pre task execution logs
[2025-04-01T06:53:54.177+0000] {taskinstance.py:2614} INFO - Dependencies all met for dep_context=non-requeueable deps ti=<TaskInstance: 2-Cargar_data.decide_next_task scheduled__2025-03-31T00:00:00+00:00 [queued]>
[2025-04-01T06:53:54.209+0000] {taskinstance.py:2614} INFO - Dependencies all met for dep_context=requeueable deps ti=<TaskInstance: 2-Cargar_data.decide_next_task scheduled__2025-03-31T00:00:00+00:00 [queued]>
[2025-04-01T06:53:54.210+0000] {taskinstance.py:2867} INFO - Starting attempt 1 of 1
[2025-04-01T06:53:54.246+0000] {taskinstance.py:2890} INFO - Executing <Task(BranchPythonOperator): decide_next_task> on 2025-03-31 00:00:00+00:00
[2025-04-01T06:53:54.279+0000] {standard_task_runner.py:72} INFO - Started process 122 to run task
[2025-04-01T06:53:54.301+0000] {standard_task_runner.py:104} INFO - Running: ['***', 'tasks', 'run', '2-Cargar_data', 'decide_next_task', 'scheduled__2025-03-31T00:00:00+00:00', '--job-id', '4', '--raw', '--subdir', 'DAGS_FOLDER/Cargar_datos.py', '--cfg-path', '/tmp/tmp11htj67s']
[2025-04-01T06:53:54.312+0000] {standard_task_runner.py:105} INFO - Job 4: Subtask decide_next_task
[2025-04-01T06:53:54.486+0000] {task_command.py:467} INFO - Running <TaskInstance: 2-Cargar_data.decide_next_task scheduled__2025-03-31T00:00:00+00:00 [running]> on host fbd57094de13
[2025-04-01T06:53:54.666+0000] {taskinstance.py:3134} INFO - Exporting env vars: AIRFLOW_CTX_DAG_OWNER='***' AIRFLOW_CTX_DAG_ID='2-Cargar_data' AIRFLOW_CTX_TASK_ID='decide_next_task' AIRFLOW_CTX_EXECUTION_DATE='2025-03-31T00:00:00+00:00' AIRFLOW_CTX_TRY_NUMBER='1' AIRFLOW_CTX_DAG_RUN_ID='scheduled__2025-03-31T00:00:00+00:00'
[2025-04-01T06:53:54.671+0000] {taskinstance.py:732} INFO - ::endgroup::
[2025-04-01T06:53:54.699+0000] {baseoperator.py:423} WARNING - BranchPythonOperator.execute cannot be called outside TaskInstance!
[2025-04-01T06:53:59.738+0000] {python.py:240} INFO - Done. Returned value was: load_data
[2025-04-01T06:53:59.741+0000] {branch.py:38} INFO - Branch into load_data
[2025-04-01T06:53:59.741+0000] {skipmixin.py:233} INFO - Following branch ('load_data',)
[2025-04-01T06:53:59.813+0000] {skipmixin.py:281} INFO - Skipping tasks [('stop_task', -1)]
[2025-04-01T06:53:59.947+0000] {taskinstance.py:341} INFO - ::group::Post task execution logs
[2025-04-01T06:53:59.948+0000] {taskinstance.py:353} INFO - Marking task as SUCCESS. dag_id=2-Cargar_data, task_id=decide_next_task, run_id=scheduled__2025-03-31T00:00:00+00:00, execution_date=20250331T000000, start_date=20250401T065354, end_date=20250401T065359
[2025-04-01T06:54:00.175+0000] {local_task_job_runner.py:266} INFO - Task exited with return code 0
[2025-04-01T06:54:00.249+0000] {taskinstance.py:3901} INFO - 0 downstream tasks scheduled from follow-on schedule check
[2025-04-01T06:54:00.257+0000] {local_task_job_runner.py:245} INFO - ::endgroup::
[2025-04-01T17:03:49.849+0000] {local_task_job_runner.py:123} INFO - ::group::Pre task execution logs
[2025-04-01T17:03:50.370+0000] {taskinstance.py:2614} INFO - Dependencies all met for dep_context=non-requeueable deps ti=<TaskInstance: 2-Cargar_data.decide_next_task scheduled__2025-03-31T00:00:00+00:00 [queued]>
[2025-04-01T17:03:50.387+0000] {taskinstance.py:2614} INFO - Dependencies all met for dep_context=requeueable deps ti=<TaskInstance: 2-Cargar_data.decide_next_task scheduled__2025-03-31T00:00:00+00:00 [queued]>
[2025-04-01T17:03:50.388+0000] {taskinstance.py:2867} INFO - Starting attempt 1 of 1
[2025-04-01T17:03:50.411+0000] {taskinstance.py:2890} INFO - Executing <Task(BranchPythonOperator): decide_next_task> on 2025-03-31 00:00:00+00:00
[2025-04-01T17:03:50.437+0000] {standard_task_runner.py:72} INFO - Started process 338 to run task
[2025-04-01T17:03:50.464+0000] {standard_task_runner.py:104} INFO - Running: ['***', 'tasks', 'run', '2-Cargar_data', 'decide_next_task', 'scheduled__2025-03-31T00:00:00+00:00', '--job-id', '4', '--raw', '--subdir', 'DAGS_FOLDER/Cargar_datos.py', '--cfg-path', '/tmp/tmpwumd4402']
[2025-04-01T17:03:50.476+0000] {standard_task_runner.py:105} INFO - Job 4: Subtask decide_next_task
[2025-04-01T17:03:50.665+0000] {task_command.py:467} INFO - Running <TaskInstance: 2-Cargar_data.decide_next_task scheduled__2025-03-31T00:00:00+00:00 [running]> on host 56b31014e3cf
[2025-04-01T17:03:51.043+0000] {taskinstance.py:3134} INFO - Exporting env vars: AIRFLOW_CTX_DAG_OWNER='***' AIRFLOW_CTX_DAG_ID='2-Cargar_data' AIRFLOW_CTX_TASK_ID='decide_next_task' AIRFLOW_CTX_EXECUTION_DATE='2025-03-31T00:00:00+00:00' AIRFLOW_CTX_TRY_NUMBER='1' AIRFLOW_CTX_DAG_RUN_ID='scheduled__2025-03-31T00:00:00+00:00'
[2025-04-01T17:03:51.045+0000] {taskinstance.py:732} INFO - ::endgroup::
[2025-04-01T17:03:51.085+0000] {baseoperator.py:423} WARNING - BranchPythonOperator.execute cannot be called outside TaskInstance!
[2025-04-01T17:03:56.123+0000] {python.py:240} INFO - Done. Returned value was: load_data
[2025-04-01T17:03:56.124+0000] {branch.py:38} INFO - Branch into load_data
[2025-04-01T17:03:56.125+0000] {skipmixin.py:233} INFO - Following branch ('load_data',)
[2025-04-01T17:03:56.159+0000] {skipmixin.py:281} INFO - Skipping tasks [('stop_task', -1)]
[2025-04-01T17:03:56.256+0000] {taskinstance.py:341} INFO - ::group::Post task execution logs
[2025-04-01T17:03:56.257+0000] {taskinstance.py:353} INFO - Marking task as SUCCESS. dag_id=2-Cargar_data, task_id=decide_next_task, run_id=scheduled__2025-03-31T00:00:00+00:00, execution_date=20250331T000000, start_date=20250401T170350, end_date=20250401T170356
[2025-04-01T17:03:56.380+0000] {local_task_job_runner.py:266} INFO - Task exited with return code 0
[2025-04-01T17:03:56.423+0000] {taskinstance.py:3901} INFO - 1 downstream tasks scheduled from follow-on schedule check
[2025-04-01T17:03:56.425+0000] {local_task_job_runner.py:245} INFO - ::endgroup::
[2025-04-01T18:03:26.473+0000] {local_task_job_runner.py:123} INFO - ::group::Pre task execution logs
[2025-04-01T18:03:27.213+0000] {taskinstance.py:2614} INFO - Dependencies all met for dep_context=non-requeueable deps ti=<TaskInstance: 2-Cargar_data.decide_next_task scheduled__2025-03-31T00:00:00+00:00 [queued]>
[2025-04-01T18:03:27.309+0000] {taskinstance.py:2614} INFO - Dependencies all met for dep_context=requeueable deps ti=<TaskInstance: 2-Cargar_data.decide_next_task scheduled__2025-03-31T00:00:00+00:00 [queued]>
[2025-04-01T18:03:27.317+0000] {taskinstance.py:2867} INFO - Starting attempt 1 of 1
[2025-04-01T18:03:27.366+0000] {taskinstance.py:2890} INFO - Executing <Task(BranchPythonOperator): decide_next_task> on 2025-03-31 00:00:00+00:00
[2025-04-01T18:03:27.406+0000] {standard_task_runner.py:72} INFO - Started process 206 to run task
[2025-04-01T18:03:27.448+0000] {standard_task_runner.py:104} INFO - Running: ['***', 'tasks', 'run', '2-Cargar_data', 'decide_next_task', 'scheduled__2025-03-31T00:00:00+00:00', '--job-id', '4', '--raw', '--subdir', 'DAGS_FOLDER/Cargar_datos.py', '--cfg-path', '/tmp/tmp_le0jhuu']
[2025-04-01T18:03:27.474+0000] {standard_task_runner.py:105} INFO - Job 4: Subtask decide_next_task
[2025-04-01T18:03:27.893+0000] {task_command.py:467} INFO - Running <TaskInstance: 2-Cargar_data.decide_next_task scheduled__2025-03-31T00:00:00+00:00 [running]> on host 111d26a6d12f
[2025-04-01T18:03:28.250+0000] {taskinstance.py:3134} INFO - Exporting env vars: AIRFLOW_CTX_DAG_OWNER='***' AIRFLOW_CTX_DAG_ID='2-Cargar_data' AIRFLOW_CTX_TASK_ID='decide_next_task' AIRFLOW_CTX_EXECUTION_DATE='2025-03-31T00:00:00+00:00' AIRFLOW_CTX_TRY_NUMBER='1' AIRFLOW_CTX_DAG_RUN_ID='scheduled__2025-03-31T00:00:00+00:00'
[2025-04-01T18:03:28.252+0000] {taskinstance.py:732} INFO - ::endgroup::
[2025-04-01T18:03:28.284+0000] {baseoperator.py:423} WARNING - BranchPythonOperator.execute cannot be called outside TaskInstance!
[2025-04-01T18:03:33.317+0000] {python.py:240} INFO - Done. Returned value was: load_data
[2025-04-01T18:03:33.320+0000] {branch.py:38} INFO - Branch into load_data
[2025-04-01T18:03:33.324+0000] {skipmixin.py:233} INFO - Following branch ('load_data',)
[2025-04-01T18:03:33.519+0000] {skipmixin.py:281} INFO - Skipping tasks [('stop_task', -1)]
[2025-04-01T18:03:33.850+0000] {taskinstance.py:341} INFO - ::group::Post task execution logs
[2025-04-01T18:03:33.861+0000] {taskinstance.py:353} INFO - Marking task as SUCCESS. dag_id=2-Cargar_data, task_id=decide_next_task, run_id=scheduled__2025-03-31T00:00:00+00:00, execution_date=20250331T000000, start_date=20250401T180327, end_date=20250401T180333
[2025-04-01T18:03:34.210+0000] {local_task_job_runner.py:266} INFO - Task exited with return code 0
[2025-04-01T18:03:34.311+0000] {taskinstance.py:3901} INFO - 1 downstream tasks scheduled from follow-on schedule check
[2025-04-01T18:03:34.318+0000] {local_task_job_runner.py:245} INFO - ::endgroup::
